{
  "benchmark": "dsb",
  "query_id": "query091",
  "source_sql": "research/ado/queries_dsb_sf10_duckdb/agg_queries/query091.sql",
  "database": "/mnt/d/TPC-DS/dsb_sf10.duckdb",
  "statement_count": 1,
  "client_elapsed_ms": 22.088204001192935,
  "execution_time_ms": 0.0,
  "plan_json": {
    "total_bytes_written": 0,
    "total_bytes_read": 0,
    "rows_returned": 0,
    "latency": 0.0,
    "result_set_size": 0,
    "query_name": "",
    "blocked_thread_time": 0.0,
    "system_peak_buffer_memory": 0,
    "system_peak_temp_dir_size": 0,
    "cpu_time": 0.0,
    "extra_info": {},
    "cumulative_cardinality": 0,
    "cumulative_rows_scanned": 0,
    "children": [
      {
        "total_bytes_written": 0,
        "total_bytes_read": 0,
        "result_set_size": 0,
        "operator_name": "EXPLAIN_ANALYZE",
        "cpu_time": 0.0,
        "extra_info": {},
        "cumulative_cardinality": 0,
        "operator_type": "EXPLAIN_ANALYZE",
        "operator_cardinality": 0,
        "cumulative_rows_scanned": 0,
        "operator_rows_scanned": 0,
        "operator_timing": 3.04e-07,
        "children": [
          {
            "total_bytes_written": 0,
            "total_bytes_read": 0,
            "result_set_size": 1088,
            "operator_name": "ORDER_BY",
            "cpu_time": 0.0,
            "extra_info": {
              "Order By": "sum(dsb_sf10.main.catalog_returns.cr_net_loss) DESC"
            },
            "cumulative_cardinality": 0,
            "operator_type": "ORDER_BY",
            "operator_cardinality": 17,
            "cumulative_rows_scanned": 0,
            "operator_rows_scanned": 0,
            "operator_timing": 0.000529591,
            "children": [
              {
                "total_bytes_written": 0,
                "total_bytes_read": 0,
                "result_set_size": 1088,
                "operator_name": "PROJECTION",
                "cpu_time": 0.0,
                "extra_info": {
                  "Projections": [
                    "Call_Center",
                    "Call_Center_Name",
                    "Manager",
                    "Returns_Loss"
                  ],
                  "Estimated Cardinality": "59"
                },
                "cumulative_cardinality": 0,
                "operator_type": "PROJECTION",
                "operator_cardinality": 17,
                "cumulative_rows_scanned": 0,
                "operator_rows_scanned": 0,
                "operator_timing": 4.979e-06,
                "children": [
                  {
                    "total_bytes_written": 0,
                    "total_bytes_read": 0,
                    "result_set_size": 1632,
                    "operator_name": "PROJECTION",
                    "cpu_time": 0.0,
                    "extra_info": {
                      "Projections": [
                        "#0",
                        "#1",
                        "#2",
                        "__internal_decompress_string(#3)",
                        "__internal_decompress_string(#4)",
                        "#5"
                      ],
                      "Estimated Cardinality": "59"
                    },
                    "cumulative_cardinality": 0,
                    "operator_type": "PROJECTION",
                    "operator_cardinality": 17,
                    "cumulative_rows_scanned": 0,
                    "operator_rows_scanned": 0,
                    "operator_timing": 2.9279000000000002e-05,
                    "children": [
                      {
                        "total_bytes_written": 0,
                        "total_bytes_read": 0,
                        "result_set_size": 1377,
                        "operator_name": "HASH_GROUP_BY",
                        "cpu_time": 0.0,
                        "extra_info": {
                          "Groups": [
                            "#0",
                            "#1",
                            "#2",
                            "#3",
                            "#4"
                          ],
                          "Aggregates": "sum(#5)",
                          "Estimated Cardinality": "59"
                        },
                        "cumulative_cardinality": 0,
                        "operator_type": "HASH_GROUP_BY",
                        "operator_cardinality": 17,
                        "cumulative_rows_scanned": 0,
                        "operator_rows_scanned": 0,
                        "operator_timing": 0.001917008,
                        "children": [
                          {
                            "total_bytes_written": 0,
                            "total_bytes_read": 0,
                            "result_set_size": 1794,
                            "operator_name": "PROJECTION",
                            "cpu_time": 0.0,
                            "extra_info": {
                              "Projections": [
                                "cc_call_center_id",
                                "cc_name",
                                "cc_manager",
                                "cd_marital_status",
                                "cd_education_status",
                                "cr_net_loss"
                              ],
                              "Estimated Cardinality": "60"
                            },
                            "cumulative_cardinality": 0,
                            "operator_type": "PROJECTION",
                            "operator_cardinality": 26,
                            "cumulative_rows_scanned": 0,
                            "operator_rows_scanned": 0,
                            "operator_timing": 2.73e-07,
                            "children": [
                              {
                                "total_bytes_written": 0,
                                "total_bytes_read": 0,
                                "result_set_size": 1794,
                                "operator_name": "PROJECTION",
                                "cpu_time": 0.0,
                                "extra_info": {
                                  "Projections": [
                                    "#2",
                                    "__internal_compress_string_utinyint(#0)",
                                    "__internal_compress_string_uhugeint(#1)",
                                    "#3",
                                    "#4",
                                    "#5"
                                  ],
                                  "Estimated Cardinality": "60"
                                },
                                "cumulative_cardinality": 0,
                                "operator_type": "PROJECTION",
                                "operator_cardinality": 26,
                                "cumulative_rows_scanned": 0,
                                "operator_rows_scanned": 0,
                                "operator_timing": 2.803e-06,
                                "children": [
                                  {
                                    "total_bytes_written": 0,
                                    "total_bytes_read": 0,
                                    "result_set_size": 2184,
                                    "operator_name": "HASH_JOIN",
                                    "cpu_time": 0.0,
                                    "extra_info": {
                                      "Join Type": "INNER",
                                      "Conditions": "cr_call_center_sk = cc_call_center_sk",
                                      "Estimated Cardinality": "60"
                                    },
                                    "cumulative_cardinality": 0,
                                    "operator_type": "HASH_JOIN",
                                    "operator_cardinality": 26,
                                    "cumulative_rows_scanned": 0,
                                    "operator_rows_scanned": 0,
                                    "operator_timing": 9.607e-05,
                                    "children": [
                                      {
                                        "total_bytes_written": 0,
                                        "total_bytes_read": 0,
                                        "result_set_size": 1404,
                                        "operator_name": "HASH_JOIN",
                                        "cpu_time": 0.0,
                                        "extra_info": {
                                          "Join Type": "INNER",
                                          "Conditions": "hd_demo_sk = c_current_hdemo_sk",
                                          "Estimated Cardinality": "60"
                                        },
                                        "cumulative_cardinality": 0,
                                        "operator_type": "HASH_JOIN",
                                        "operator_cardinality": 27,
                                        "cumulative_rows_scanned": 0,
                                        "operator_rows_scanned": 0,
                                        "operator_timing": 0.000991715,
                                        "children": [
                                          {
                                            "total_bytes_written": 0,
                                            "total_bytes_read": 0,
                                            "result_set_size": 9440,
                                            "operator_name": "SEQ_SCAN ",
                                            "cpu_time": 0.0,
                                            "extra_info": {
                                              "Table": "household_demographics",
                                              "Type": "Sequential Scan",
                                              "Projections": "hd_demo_sk",
                                              "Filters": "hd_buy_potential>='0-500' AND hd_buy_potential<'0-501'",
                                              "Estimated Cardinality": "1440"
                                            },
                                            "cumulative_cardinality": 0,
                                            "operator_type": "TABLE_SCAN",
                                            "operator_cardinality": 1180,
                                            "cumulative_rows_scanned": 0,
                                            "operator_rows_scanned": 7200,
                                            "operator_timing": 8.909100000000002e-05,
                                            "children": []
                                          },
                                          {
                                            "total_bytes_written": 0,
                                            "total_bytes_read": 0,
                                            "result_set_size": 9516,
                                            "operator_name": "HASH_JOIN",
                                            "cpu_time": 0.0,
                                            "extra_info": {
                                              "Join Type": "INNER",
                                              "Conditions": "cd_demo_sk = c_current_cdemo_sk",
                                              "Estimated Cardinality": "301"
                                            },
                                            "cumulative_cardinality": 0,
                                            "operator_type": "HASH_JOIN",
                                            "operator_cardinality": 183,
                                            "cumulative_rows_scanned": 0,
                                            "operator_rows_scanned": 0,
                                            "operator_timing": 0.0031812270000000004,
                                            "children": [
                                              {
                                                "total_bytes_written": 0,
                                                "total_bytes_read": 0,
                                                "result_set_size": 4390080,
                                                "operator_name": "FILTER",
                                                "cpu_time": 0.0,
                                                "extra_info": {
                                                  "Expression": "(((cd_marital_status = 'M') AND (cd_education_status = 'Unknown')) OR ((cd_marital_status = 'W') AND (cd_education_status = 'Advanced Degree')))",
                                                  "Estimated Cardinality": "1920800"
                                                },
                                                "cumulative_cardinality": 0,
                                                "operator_type": "FILTER",
                                                "operator_cardinality": 109752,
                                                "cumulative_rows_scanned": 0,
                                                "operator_rows_scanned": 0,
                                                "operator_timing": 0.020296735,
                                                "children": [
                                                  {
                                                    "total_bytes_written": 0,
                                                    "total_bytes_read": 0,
                                                    "result_set_size": 76825160,
                                                    "operator_name": "SEQ_SCAN ",
                                                    "cpu_time": 0.0,
                                                    "extra_info": {
                                                      "Table": "customer_demographics",
                                                      "Type": "Sequential Scan",
                                                      "Projections": [
                                                        "cd_demo_sk",
                                                        "cd_marital_status",
                                                        "cd_education_status"
                                                      ],
                                                      "Filters": "cd_demo_sk>=4 AND cd_demo_sk<=1920791",
                                                      "Estimated Cardinality": "1920800"
                                                    },
                                                    "cumulative_cardinality": 0,
                                                    "operator_type": "TABLE_SCAN",
                                                    "operator_cardinality": 1920629,
                                                    "cumulative_rows_scanned": 0,
                                                    "operator_rows_scanned": 23049600,
                                                    "operator_timing": 0.005586647000000001,
                                                    "children": []
                                                  }
                                                ]
                                              },
                                              {
                                                "total_bytes_written": 0,
                                                "total_bytes_read": 0,
                                                "result_set_size": 109872,
                                                "operator_name": "HASH_JOIN",
                                                "cpu_time": 0.0,
                                                "extra_info": {
                                                  "Join Type": "INNER",
                                                  "Conditions": "ca_address_sk = c_current_addr_sk",
                                                  "Estimated Cardinality": "1508"
                                                },
                                                "cumulative_cardinality": 0,
                                                "operator_type": "HASH_JOIN",
                                                "operator_cardinality": 3052,
                                                "cumulative_rows_scanned": 0,
                                                "operator_rows_scanned": 0,
                                                "operator_timing": 0.002697395,
                                                "children": [
                                                  {
                                                    "total_bytes_written": 0,
                                                    "total_bytes_read": 0,
                                                    "result_set_size": 218752,
                                                    "operator_name": "SEQ_SCAN ",
                                                    "cpu_time": 0.0,
                                                    "extra_info": {
                                                      "Table": "customer_address",
                                                      "Type": "Sequential Scan",
                                                      "Projections": "ca_address_sk",
                                                      "Filters": "ca_gmt_offset=-7.00",
                                                      "Estimated Cardinality": "41667"
                                                    },
                                                    "cumulative_cardinality": 0,
                                                    "operator_type": "TABLE_SCAN",
                                                    "operator_cardinality": 27344,
                                                    "cumulative_rows_scanned": 0,
                                                    "operator_rows_scanned": 750000,
                                                    "operator_timing": 0.0007183140000000001,
                                                    "children": []
                                                  },
                                                  {
                                                    "total_bytes_written": 0,
                                                    "total_bytes_read": 0,
                                                    "result_set_size": 1010052,
                                                    "operator_name": "HASH_JOIN",
                                                    "cpu_time": 0.0,
                                                    "extra_info": {
                                                      "Join Type": "INNER",
                                                      "Conditions": "c_customer_sk = cr_returning_customer_sk",
                                                      "Estimated Cardinality": "11023"
                                                    },
                                                    "cumulative_cardinality": 0,
                                                    "operator_type": "HASH_JOIN",
                                                    "operator_cardinality": 28057,
                                                    "cumulative_rows_scanned": 0,
                                                    "operator_rows_scanned": 0,
                                                    "operator_timing": 0.007417543999999999,
                                                    "children": [
                                                      {
                                                        "total_bytes_written": 0,
                                                        "total_bytes_read": 0,
                                                        "result_set_size": 15999136,
                                                        "operator_name": "SEQ_SCAN ",
                                                        "cpu_time": 0.0,
                                                        "extra_info": {
                                                          "Table": "customer",
                                                          "Type": "Sequential Scan",
                                                          "Projections": [
                                                            "c_customer_sk",
                                                            "c_current_cdemo_sk",
                                                            "c_current_hdemo_sk",
                                                            "c_current_addr_sk"
                                                          ],
                                                          "Estimated Cardinality": "500000"
                                                        },
                                                        "cumulative_cardinality": 0,
                                                        "operator_type": "TABLE_SCAN",
                                                        "operator_cardinality": 499973,
                                                        "cumulative_rows_scanned": 0,
                                                        "operator_rows_scanned": 2500000,
                                                        "operator_timing": 0.0017378370000000003,
                                                        "children": []
                                                      },
                                                      {
                                                        "total_bytes_written": 0,
                                                        "total_bytes_read": 0,
                                                        "result_set_size": 801920,
                                                        "operator_name": "HASH_JOIN",
                                                        "cpu_time": 0.0,
                                                        "extra_info": {
                                                          "Join Type": "INNER",
                                                          "Conditions": "cr_returned_date_sk = d_date_sk",
                                                          "Estimated Cardinality": "11541"
                                                        },
                                                        "cumulative_cardinality": 0,
                                                        "operator_type": "HASH_JOIN",
                                                        "operator_cardinality": 28640,
                                                        "cumulative_rows_scanned": 0,
                                                        "operator_rows_scanned": 0,
                                                        "operator_timing": 0.00029221,
                                                        "children": [
                                                          {
                                                            "total_bytes_written": 0,
                                                            "total_bytes_read": 0,
                                                            "result_set_size": 801920,
                                                            "operator_name": "SEQ_SCAN ",
                                                            "cpu_time": 0.0,
                                                            "extra_info": {
                                                              "Table": "catalog_returns",
                                                              "Type": "Sequential Scan",
                                                              "Projections": [
                                                                "cr_call_center_sk",
                                                                "cr_returned_date_sk",
                                                                "cr_returning_customer_sk",
                                                                "cr_net_loss"
                                                              ],
                                                              "Estimated Cardinality": "1441224"
                                                            },
                                                            "cumulative_cardinality": 0,
                                                            "operator_type": "TABLE_SCAN",
                                                            "operator_cardinality": 28640,
                                                            "cumulative_rows_scanned": 0,
                                                            "operator_rows_scanned": 17294688,
                                                            "operator_timing": 0.0012291099999999998,
                                                            "children": []
                                                          },
                                                          {
                                                            "total_bytes_written": 0,
                                                            "total_bytes_read": 0,
                                                            "result_set_size": 248,
                                                            "operator_name": "FILTER",
                                                            "cpu_time": 0.0,
                                                            "extra_info": {
                                                              "Expression": "(d_date_sk BETWEEN 2450827 AND 2452918)",
                                                              "Estimated Cardinality": "585"
                                                            },
                                                            "cumulative_cardinality": 0,
                                                            "operator_type": "FILTER",
                                                            "operator_cardinality": 31,
                                                            "cumulative_rows_scanned": 0,
                                                            "operator_rows_scanned": 0,
                                                            "operator_timing": 1.2439e-05,
                                                            "children": [
                                                              {
                                                                "total_bytes_written": 0,
                                                                "total_bytes_read": 0,
                                                                "result_set_size": 248,
                                                                "operator_name": "SEQ_SCAN ",
                                                                "cpu_time": 0.0,
                                                                "extra_info": {
                                                                  "Table": "date_dim",
                                                                  "Type": "Sequential Scan",
                                                                  "Projections": "d_date_sk",
                                                                  "Filters": [
                                                                    "d_year=1999",
                                                                    "d_moy=5"
                                                                  ],
                                                                  "Estimated Cardinality": "585"
                                                                },
                                                                "cumulative_cardinality": 0,
                                                                "operator_type": "TABLE_SCAN",
                                                                "operator_cardinality": 31,
                                                                "cumulative_rows_scanned": 0,
                                                                "operator_rows_scanned": 73049,
                                                                "operator_timing": 4.7295e-05,
                                                                "children": []
                                                              }
                                                            ]
                                                          }
                                                        ]
                                                      }
                                                    ]
                                                  }
                                                ]
                                              }
                                            ]
                                          }
                                        ]
                                      },
                                      {
                                        "total_bytes_written": 0,
                                        "total_bytes_read": 0,
                                        "result_set_size": 1344,
                                        "operator_name": "SEQ_SCAN ",
                                        "cpu_time": 0.0,
                                        "extra_info": {
                                          "Table": "call_center",
                                          "Type": "Sequential Scan",
                                          "Projections": [
                                            "cc_call_center_sk",
                                            "cc_call_center_id",
                                            "cc_name",
                                            "cc_manager"
                                          ],
                                          "Estimated Cardinality": "24"
                                        },
                                        "cumulative_cardinality": 0,
                                        "operator_type": "TABLE_SCAN",
                                        "operator_cardinality": 24,
                                        "cumulative_rows_scanned": 0,
                                        "operator_rows_scanned": 24,
                                        "operator_timing": 2.2408000000000003e-05,
                                        "children": []
                                      }
                                    ]
                                  }
                                ]
                              }
                            ]
                          }
                        ]
                      }
                    ]
                  }
                ]
              }
            ]
          }
        ]
      }
    ]
  }
}