{
  "benchmark": "dsb",
  "query_id": "query031",
  "source_sql": "research/ado/queries_dsb_sf10_duckdb/multi_block_queries/query031.sql",
  "database": "/mnt/d/TPC-DS/dsb_sf10.duckdb",
  "statement_count": 1,
  "client_elapsed_ms": 147.9375360031554,
  "execution_time_ms": 0.0,
  "plan_json": {
    "total_bytes_written": 0,
    "total_bytes_read": 0,
    "rows_returned": 0,
    "latency": 0.0,
    "result_set_size": 0,
    "query_name": "",
    "blocked_thread_time": 0.0,
    "system_peak_buffer_memory": 0,
    "system_peak_temp_dir_size": 0,
    "cpu_time": 0.0,
    "extra_info": {},
    "cumulative_cardinality": 0,
    "cumulative_rows_scanned": 0,
    "children": [
      {
        "total_bytes_written": 0,
        "total_bytes_read": 0,
        "result_set_size": 0,
        "operator_name": "EXPLAIN_ANALYZE",
        "cpu_time": 0.0,
        "extra_info": {},
        "cumulative_cardinality": 0,
        "operator_type": "EXPLAIN_ANALYZE",
        "operator_cardinality": 0,
        "cumulative_rows_scanned": 0,
        "operator_rows_scanned": 0,
        "operator_timing": 0.0,
        "children": [
          {
            "total_bytes_written": 0,
            "total_bytes_read": 0,
            "result_set_size": 0,
            "operator_name": "CTE",
            "cpu_time": 0.0,
            "extra_info": {
              "CTE Name": "ss",
              "Table Index": "0",
              "Estimated Cardinality": "23506385642911"
            },
            "cumulative_cardinality": 0,
            "operator_type": "CTE",
            "operator_cardinality": 0,
            "cumulative_rows_scanned": 0,
            "operator_rows_scanned": 0,
            "operator_timing": 5.804799999999999e-05,
            "children": [
              {
                "total_bytes_written": 0,
                "total_bytes_read": 0,
                "result_set_size": 8064,
                "operator_name": "PROJECTION",
                "cpu_time": 0.0,
                "extra_info": {
                  "Projections": [
                    "#0",
                    "__internal_decompress_integral_bigint(#1, 1)",
                    "__internal_decompress_integral_bigint(#2, 1900)",
                    "#3"
                  ],
                  "Estimated Cardinality": "11129"
                },
                "cumulative_cardinality": 0,
                "operator_type": "PROJECTION",
                "operator_cardinality": 168,
                "cumulative_rows_scanned": 0,
                "operator_rows_scanned": 0,
                "operator_timing": 3.9021e-05,
                "children": [
                  {
                    "total_bytes_written": 0,
                    "total_bytes_read": 0,
                    "result_set_size": 5712,
                    "operator_name": "HASH_GROUP_BY",
                    "cpu_time": 0.0,
                    "extra_info": {
                      "Groups": [
                        "#0",
                        "#1",
                        "#2"
                      ],
                      "Aggregates": "sum(#3)",
                      "Estimated Cardinality": "11129"
                    },
                    "cumulative_cardinality": 0,
                    "operator_type": "HASH_GROUP_BY",
                    "operator_cardinality": 168,
                    "cumulative_rows_scanned": 0,
                    "operator_rows_scanned": 0,
                    "operator_timing": 0.0030141989999999995,
                    "children": [
                      {
                        "total_bytes_written": 0,
                        "total_bytes_read": 0,
                        "result_set_size": 4532,
                        "operator_name": "PROJECTION",
                        "cpu_time": 0.0,
                        "extra_info": {
                          "Projections": [
                            "ca_county",
                            "d_qoy",
                            "d_year",
                            "ss_ext_sales_price"
                          ],
                          "Estimated Cardinality": "11130"
                        },
                        "cumulative_cardinality": 0,
                        "operator_type": "PROJECTION",
                        "operator_cardinality": 206,
                        "cumulative_rows_scanned": 0,
                        "operator_rows_scanned": 0,
                        "operator_timing": 8.920000000000001e-07,
                        "children": [
                          {
                            "total_bytes_written": 0,
                            "total_bytes_read": 0,
                            "result_set_size": 4532,
                            "operator_name": "PROJECTION",
                            "cpu_time": 0.0,
                            "extra_info": {
                              "Projections": [
                                "#0",
                                "#1",
                                "__internal_compress_integral_utinyint(#2, 1)",
                                "__internal_compress_integral_utinyint(#3, 1900)"
                              ],
                              "Estimated Cardinality": "11130"
                            },
                            "cumulative_cardinality": 0,
                            "operator_type": "PROJECTION",
                            "operator_cardinality": 206,
                            "cumulative_rows_scanned": 0,
                            "operator_rows_scanned": 0,
                            "operator_timing": 6.110000000000001e-06,
                            "children": [
                              {
                                "total_bytes_written": 0,
                                "total_bytes_read": 0,
                                "result_set_size": 7416,
                                "operator_name": "HASH_JOIN",
                                "cpu_time": 0.0,
                                "extra_info": {
                                  "Join Type": "INNER",
                                  "Conditions": "ca_address_sk = ss_addr_sk",
                                  "Estimated Cardinality": "11130"
                                },
                                "cumulative_cardinality": 0,
                                "operator_type": "HASH_JOIN",
                                "operator_cardinality": 206,
                                "cumulative_rows_scanned": 0,
                                "operator_rows_scanned": 0,
                                "operator_timing": 0.0018553670000000001,
                                "children": [
                                  {
                                    "total_bytes_written": 0,
                                    "total_bytes_read": 0,
                                    "result_set_size": 480528,
                                    "operator_name": "PROJECTION",
                                    "cpu_time": 0.0,
                                    "extra_info": {
                                      "Projections": [
                                        "#0",
                                        "#2"
                                      ],
                                      "Estimated Cardinality": "50000"
                                    },
                                    "cumulative_cardinality": 0,
                                    "operator_type": "PROJECTION",
                                    "operator_cardinality": 20022,
                                    "cumulative_rows_scanned": 0,
                                    "operator_rows_scanned": 0,
                                    "operator_timing": 1.882e-05,
                                    "children": [
                                      {
                                        "total_bytes_written": 0,
                                        "total_bytes_read": 0,
                                        "result_set_size": 800880,
                                        "operator_name": "FILTER",
                                        "cpu_time": 0.0,
                                        "extra_info": {
                                          "Expression": "((ca_state = 'GA') OR (ca_state = 'IL'))",
                                          "Estimated Cardinality": "50000"
                                        },
                                        "cumulative_cardinality": 0,
                                        "operator_type": "FILTER",
                                        "operator_cardinality": 20022,
                                        "cumulative_rows_scanned": 0,
                                        "operator_rows_scanned": 0,
                                        "operator_timing": 0.0015151040000000002,
                                        "children": [
                                          {
                                            "total_bytes_written": 0,
                                            "total_bytes_read": 0,
                                            "result_set_size": 9997560,
                                            "operator_name": "SEQ_SCAN ",
                                            "cpu_time": 0.0,
                                            "extra_info": {
                                              "Table": "customer_address",
                                              "Type": "Sequential Scan",
                                              "Projections": [
                                                "ca_address_sk",
                                                "ca_state",
                                                "ca_county"
                                              ],
                                              "Filters": "optional: ca_state IN ('GA', 'IL')",
                                              "Estimated Cardinality": "250000"
                                            },
                                            "cumulative_cardinality": 0,
                                            "operator_type": "TABLE_SCAN",
                                            "operator_cardinality": 249939,
                                            "cumulative_rows_scanned": 0,
                                            "operator_rows_scanned": 750000,
                                            "operator_timing": 0.005330239999999998,
                                            "children": []
                                          }
                                        ]
                                      }
                                    ]
                                  },
                                  {
                                    "total_bytes_written": 0,
                                    "total_bytes_read": 0,
                                    "result_set_size": 74536,
                                    "operator_name": "HASH_JOIN",
                                    "cpu_time": 0.0,
                                    "extra_info": {
                                      "Join Type": "INNER",
                                      "Conditions": "ss_sold_date_sk = d_date_sk",
                                      "Estimated Cardinality": "48932"
                                    },
                                    "cumulative_cardinality": 0,
                                    "operator_type": "HASH_JOIN",
                                    "operator_cardinality": 2662,
                                    "cumulative_rows_scanned": 0,
                                    "operator_rows_scanned": 0,
                                    "operator_timing": 0.00019439600000000003,
                                    "children": [
                                      {
                                        "total_bytes_written": 0,
                                        "total_bytes_read": 0,
                                        "result_set_size": 74536,
                                        "operator_name": "HASH_JOIN",
                                        "cpu_time": 0.0,
                                        "extra_info": {
                                          "Join Type": "INNER",
                                          "Conditions": "ss_item_sk = i_item_sk",
                                          "Estimated Cardinality": "244675"
                                        },
                                        "cumulative_cardinality": 0,
                                        "operator_type": "HASH_JOIN",
                                        "operator_cardinality": 2662,
                                        "cumulative_rows_scanned": 0,
                                        "operator_rows_scanned": 0,
                                        "operator_timing": 0.03658548999999999,
                                        "children": [
                                          {
                                            "total_bytes_written": 0,
                                            "total_bytes_read": 0,
                                            "result_set_size": 8212316,
                                            "operator_name": "SEQ_SCAN ",
                                            "cpu_time": 0.0,
                                            "extra_info": {
                                              "Table": "store_sales",
                                              "Type": "Sequential Scan",
                                              "Projections": [
                                                "ss_sold_date_sk",
                                                "ss_addr_sk",
                                                "ss_item_sk",
                                                "ss_ext_sales_price"
                                              ],
                                              "Filters": "ss_list_price>=77.00 AND ss_list_price<=91.00",
                                              "Estimated Cardinality": "5760198"
                                            },
                                            "cumulative_cardinality": 0,
                                            "operator_type": "TABLE_SCAN",
                                            "operator_cardinality": 293297,
                                            "cumulative_rows_scanned": 0,
                                            "operator_rows_scanned": 345611892,
                                            "operator_timing": 0.31519009500000006,
                                            "children": []
                                          },
                                          {
                                            "total_bytes_written": 0,
                                            "total_bytes_read": 0,
                                            "result_set_size": 6792,
                                            "operator_name": "PROJECTION",
                                            "cpu_time": 0.0,
                                            "extra_info": {
                                              "Projections": "#0",
                                              "Estimated Cardinality": "4080"
                                            },
                                            "cumulative_cardinality": 0,
                                            "operator_type": "PROJECTION",
                                            "operator_cardinality": 849,
                                            "cumulative_rows_scanned": 0,
                                            "operator_rows_scanned": 0,
                                            "operator_timing": 3.16e-07,
                                            "children": [
                                              {
                                                "total_bytes_written": 0,
                                                "total_bytes_read": 0,
                                                "result_set_size": 20376,
                                                "operator_name": "FILTER",
                                                "cpu_time": 0.0,
                                                "extra_info": {
                                                  "Expression": "((i_color = 'purple') OR (i_color = 'sandy'))",
                                                  "Estimated Cardinality": "4080"
                                                },
                                                "cumulative_cardinality": 0,
                                                "operator_type": "FILTER",
                                                "operator_cardinality": 849,
                                                "cumulative_rows_scanned": 0,
                                                "operator_rows_scanned": 0,
                                                "operator_timing": 0.00019342100000000002,
                                                "children": [
                                                  {
                                                    "total_bytes_written": 0,
                                                    "total_bytes_read": 0,
                                                    "result_set_size": 446232,
                                                    "operator_name": "SEQ_SCAN ",
                                                    "cpu_time": 0.0,
                                                    "extra_info": {
                                                      "Table": "item",
                                                      "Type": "Sequential Scan",
                                                      "Projections": [
                                                        "i_item_sk",
                                                        "i_color"
                                                      ],
                                                      "Filters": [
                                                        "optional: i_color IN ('purple', 'sandy')",
                                                        "i_manager_id>=36 AND i_manager_id<=55"
                                                      ],
                                                      "Estimated Cardinality": "20400"
                                                    },
                                                    "cumulative_cardinality": 0,
                                                    "operator_type": "TABLE_SCAN",
                                                    "operator_cardinality": 18593,
                                                    "cumulative_rows_scanned": 0,
                                                    "operator_rows_scanned": 102000,
                                                    "operator_timing": 0.0007184880000000002,
                                                    "children": []
                                                  }
                                                ]
                                              }
                                            ]
                                          }
                                        ]
                                      },
                                      {
                                        "total_bytes_written": 0,
                                        "total_bytes_read": 0,
                                        "result_set_size": 6576,
                                        "operator_name": "FILTER",
                                        "cpu_time": 0.0,
                                        "extra_info": {
                                          "Expression": "(((d_qoy = 3) AND (d_year = 2001)) OR (((d_qoy = 1) AND (d_year = 2001)) OR ((d_qoy = 2) AND (d_year = 2001))))",
                                          "Estimated Cardinality": "73049"
                                        },
                                        "cumulative_cardinality": 0,
                                        "operator_type": "FILTER",
                                        "operator_cardinality": 274,
                                        "cumulative_rows_scanned": 0,
                                        "operator_rows_scanned": 0,
                                        "operator_timing": 3.0116e-05,
                                        "children": [
                                          {
                                            "total_bytes_written": 0,
                                            "total_bytes_read": 0,
                                            "result_set_size": 43848,
                                            "operator_name": "SEQ_SCAN ",
                                            "cpu_time": 0.0,
                                            "extra_info": {
                                              "Table": "date_dim",
                                              "Type": "Sequential Scan",
                                              "Projections": [
                                                "d_date_sk",
                                                "d_qoy",
                                                "d_year"
                                              ],
                                              "Filters": "d_date_sk>=2450816 AND d_date_sk<=2452642",
                                              "Estimated Cardinality": "73049"
                                            },
                                            "cumulative_cardinality": 0,
                                            "operator_type": "TABLE_SCAN",
                                            "operator_cardinality": 1827,
                                            "cumulative_rows_scanned": 0,
                                            "operator_rows_scanned": 73049,
                                            "operator_timing": 0.00012742099999999999,
                                            "children": []
                                          }
                                        ]
                                      }
                                    ]
                                  }
                                ]
                              }
                            ]
                          }
                        ]
                      }
                    ]
                  }
                ]
              },
              {
                "total_bytes_written": 0,
                "total_bytes_read": 0,
                "result_set_size": 0,
                "operator_name": "CTE",
                "cpu_time": 0.0,
                "extra_info": {
                  "CTE Name": "ws",
                  "Table Index": "11",
                  "Estimated Cardinality": "23506385642911"
                },
                "cumulative_cardinality": 0,
                "operator_type": "CTE",
                "operator_cardinality": 0,
                "cumulative_rows_scanned": 0,
                "operator_rows_scanned": 0,
                "operator_timing": 7.6408e-05,
                "children": [
                  {
                    "total_bytes_written": 0,
                    "total_bytes_read": 0,
                    "result_set_size": 1968,
                    "operator_name": "PROJECTION",
                    "cpu_time": 0.0,
                    "extra_info": {
                      "Projections": [
                        "#0",
                        "__internal_decompress_integral_bigint(#1, 1)",
                        "__internal_decompress_integral_bigint(#2, 1900)",
                        "#3"
                      ],
                      "Estimated Cardinality": "2775"
                    },
                    "cumulative_cardinality": 0,
                    "operator_type": "PROJECTION",
                    "operator_cardinality": 41,
                    "cumulative_rows_scanned": 0,
                    "operator_rows_scanned": 0,
                    "operator_timing": 6.290399999999999e-05,
                    "children": [
                      {
                        "total_bytes_written": 0,
                        "total_bytes_read": 0,
                        "result_set_size": 1394,
                        "operator_name": "HASH_GROUP_BY",
                        "cpu_time": 0.0,
                        "extra_info": {
                          "Groups": [
                            "#0",
                            "#1",
                            "#2"
                          ],
                          "Aggregates": "sum(#3)",
                          "Estimated Cardinality": "2775"
                        },
                        "cumulative_cardinality": 0,
                        "operator_type": "HASH_GROUP_BY",
                        "operator_cardinality": 41,
                        "cumulative_rows_scanned": 0,
                        "operator_rows_scanned": 0,
                        "operator_timing": 0.002852325,
                        "children": [
                          {
                            "total_bytes_written": 0,
                            "total_bytes_read": 0,
                            "result_set_size": 902,
                            "operator_name": "PROJECTION",
                            "cpu_time": 0.0,
                            "extra_info": {
                              "Projections": [
                                "ca_county",
                                "d_qoy",
                                "d_year",
                                "ws_ext_sales_price"
                              ],
                              "Estimated Cardinality": "2776"
                            },
                            "cumulative_cardinality": 0,
                            "operator_type": "PROJECTION",
                            "operator_cardinality": 41,
                            "cumulative_rows_scanned": 0,
                            "operator_rows_scanned": 0,
                            "operator_timing": 1.584e-06,
                            "children": [
                              {
                                "total_bytes_written": 0,
                                "total_bytes_read": 0,
                                "result_set_size": 902,
                                "operator_name": "PROJECTION",
                                "cpu_time": 0.0,
                                "extra_info": {
                                  "Projections": [
                                    "#0",
                                    "#1",
                                    "__internal_compress_integral_utinyint(#2, 1)",
                                    "__internal_compress_integral_utinyint(#3, 1900)"
                                  ],
                                  "Estimated Cardinality": "2776"
                                },
                                "cumulative_cardinality": 0,
                                "operator_type": "PROJECTION",
                                "operator_cardinality": 41,
                                "cumulative_rows_scanned": 0,
                                "operator_rows_scanned": 0,
                                "operator_timing": 6.119e-06,
                                "children": [
                                  {
                                    "total_bytes_written": 0,
                                    "total_bytes_read": 0,
                                    "result_set_size": 1476,
                                    "operator_name": "HASH_JOIN",
                                    "cpu_time": 0.0,
                                    "extra_info": {
                                      "Join Type": "INNER",
                                      "Conditions": "ca_address_sk = ws_bill_addr_sk",
                                      "Estimated Cardinality": "2776"
                                    },
                                    "cumulative_cardinality": 0,
                                    "operator_type": "HASH_JOIN",
                                    "operator_cardinality": 41,
                                    "cumulative_rows_scanned": 0,
                                    "operator_rows_scanned": 0,
                                    "operator_timing": 0.002020414,
                                    "children": [
                                      {
                                        "total_bytes_written": 0,
                                        "total_bytes_read": 0,
                                        "result_set_size": 479112,
                                        "operator_name": "PROJECTION",
                                        "cpu_time": 0.0,
                                        "extra_info": {
                                          "Projections": [
                                            "#0",
                                            "#2"
                                          ],
                                          "Estimated Cardinality": "50000"
                                        },
                                        "cumulative_cardinality": 0,
                                        "operator_type": "PROJECTION",
                                        "operator_cardinality": 19963,
                                        "cumulative_rows_scanned": 0,
                                        "operator_rows_scanned": 0,
                                        "operator_timing": 1.6902999999999997e-05,
                                        "children": [
                                          {
                                            "total_bytes_written": 0,
                                            "total_bytes_read": 0,
                                            "result_set_size": 798520,
                                            "operator_name": "FILTER",
                                            "cpu_time": 0.0,
                                            "extra_info": {
                                              "Expression": "((ca_state = 'GA') OR (ca_state = 'IL'))",
                                              "Estimated Cardinality": "50000"
                                            },
                                            "cumulative_cardinality": 0,
                                            "operator_type": "FILTER",
                                            "operator_cardinality": 19963,
                                            "cumulative_rows_scanned": 0,
                                            "operator_rows_scanned": 0,
                                            "operator_timing": 0.0014917950000000002,
                                            "children": [
                                              {
                                                "total_bytes_written": 0,
                                                "total_bytes_read": 0,
                                                "result_set_size": 9966800,
                                                "operator_name": "SEQ_SCAN ",
                                                "cpu_time": 0.0,
                                                "extra_info": {
                                                  "Table": "customer_address",
                                                  "Type": "Sequential Scan",
                                                  "Projections": [
                                                    "ca_address_sk",
                                                    "ca_state",
                                                    "ca_county"
                                                  ],
                                                  "Filters": "optional: ca_state IN ('GA', 'IL')",
                                                  "Estimated Cardinality": "250000"
                                                },
                                                "cumulative_cardinality": 0,
                                                "operator_type": "TABLE_SCAN",
                                                "operator_cardinality": 249170,
                                                "cumulative_rows_scanned": 0,
                                                "operator_rows_scanned": 750000,
                                                "operator_timing": 0.005043521,
                                                "children": []
                                              }
                                            ]
                                          }
                                        ]
                                      },
                                      {
                                        "total_bytes_written": 0,
                                        "total_bytes_read": 0,
                                        "result_set_size": 14756,
                                        "operator_name": "HASH_JOIN",
                                        "cpu_time": 0.0,
                                        "extra_info": {
                                          "Join Type": "INNER",
                                          "Conditions": "ws_sold_date_sk = d_date_sk",
                                          "Estimated Cardinality": "12175"
                                        },
                                        "cumulative_cardinality": 0,
                                        "operator_type": "HASH_JOIN",
                                        "operator_cardinality": 527,
                                        "cumulative_rows_scanned": 0,
                                        "operator_rows_scanned": 0,
                                        "operator_timing": 0.000224375,
                                        "children": [
                                          {
                                            "total_bytes_written": 0,
                                            "total_bytes_read": 0,
                                            "result_set_size": 14756,
                                            "operator_name": "HASH_JOIN",
                                            "cpu_time": 0.0,
                                            "extra_info": {
                                              "Join Type": "INNER",
                                              "Conditions": "ws_item_sk = i_item_sk",
                                              "Estimated Cardinality": "60882"
                                            },
                                            "cumulative_cardinality": 0,
                                            "operator_type": "HASH_JOIN",
                                            "operator_cardinality": 527,
                                            "cumulative_rows_scanned": 0,
                                            "operator_rows_scanned": 0,
                                            "operator_timing": 0.008866115999999999,
                                            "children": [
                                              {
                                                "total_bytes_written": 0,
                                                "total_bytes_read": 0,
                                                "result_set_size": 1746668,
                                                "operator_name": "SEQ_SCAN ",
                                                "cpu_time": 0.0,
                                                "extra_info": {
                                                  "Table": "web_sales",
                                                  "Type": "Sequential Scan",
                                                  "Projections": [
                                                    "ws_sold_date_sk",
                                                    "ws_bill_addr_sk",
                                                    "ws_item_sk",
                                                    "ws_ext_sales_price"
                                                  ],
                                                  "Filters": "ws_list_price>=77.00 AND ws_list_price<=91.00",
                                                  "Estimated Cardinality": "1439513"
                                                },
                                                "cumulative_cardinality": 0,
                                                "operator_type": "TABLE_SCAN",
                                                "operator_cardinality": 62381,
                                                "cumulative_rows_scanned": 0,
                                                "operator_rows_scanned": 86370792,
                                                "operator_timing": 0.073437136,
                                                "children": []
                                              },
                                              {
                                                "total_bytes_written": 0,
                                                "total_bytes_read": 0,
                                                "result_set_size": 6792,
                                                "operator_name": "PROJECTION",
                                                "cpu_time": 0.0,
                                                "extra_info": {
                                                  "Projections": "#0",
                                                  "Estimated Cardinality": "4080"
                                                },
                                                "cumulative_cardinality": 0,
                                                "operator_type": "PROJECTION",
                                                "operator_cardinality": 849,
                                                "cumulative_rows_scanned": 0,
                                                "operator_rows_scanned": 0,
                                                "operator_timing": 3.49e-07,
                                                "children": [
                                                  {
                                                    "total_bytes_written": 0,
                                                    "total_bytes_read": 0,
                                                    "result_set_size": 20376,
                                                    "operator_name": "FILTER",
                                                    "cpu_time": 0.0,
                                                    "extra_info": {
                                                      "Expression": "((i_color = 'purple') OR (i_color = 'sandy'))",
                                                      "Estimated Cardinality": "4080"
                                                    },
                                                    "cumulative_cardinality": 0,
                                                    "operator_type": "FILTER",
                                                    "operator_cardinality": 849,
                                                    "cumulative_rows_scanned": 0,
                                                    "operator_rows_scanned": 0,
                                                    "operator_timing": 0.00020256200000000004,
                                                    "children": [
                                                      {
                                                        "total_bytes_written": 0,
                                                        "total_bytes_read": 0,
                                                        "result_set_size": 446232,
                                                        "operator_name": "SEQ_SCAN ",
                                                        "cpu_time": 0.0,
                                                        "extra_info": {
                                                          "Table": "item",
                                                          "Type": "Sequential Scan",
                                                          "Projections": [
                                                            "i_item_sk",
                                                            "i_color"
                                                          ],
                                                          "Filters": [
                                                            "optional: i_color IN ('purple', 'sandy')",
                                                            "i_manager_id>=36 AND i_manager_id<=55"
                                                          ],
                                                          "Estimated Cardinality": "20400"
                                                        },
                                                        "cumulative_cardinality": 0,
                                                        "operator_type": "TABLE_SCAN",
                                                        "operator_cardinality": 18593,
                                                        "cumulative_rows_scanned": 0,
                                                        "operator_rows_scanned": 102000,
                                                        "operator_timing": 0.0007385619999999998,
                                                        "children": []
                                                      }
                                                    ]
                                                  }
                                                ]
                                              }
                                            ]
                                          },
                                          {
                                            "total_bytes_written": 0,
                                            "total_bytes_read": 0,
                                            "result_set_size": 6576,
                                            "operator_name": "FILTER",
                                            "cpu_time": 0.0,
                                            "extra_info": {
                                              "Expression": "(((d_qoy = 3) AND (d_year = 2001)) OR (((d_qoy = 1) AND (d_year = 2001)) OR ((d_qoy = 2) AND (d_year = 2001))))",
                                              "Estimated Cardinality": "73049"
                                            },
                                            "cumulative_cardinality": 0,
                                            "operator_type": "FILTER",
                                            "operator_cardinality": 274,
                                            "cumulative_rows_scanned": 0,
                                            "operator_rows_scanned": 0,
                                            "operator_timing": 3.3129e-05,
                                            "children": [
                                              {
                                                "total_bytes_written": 0,
                                                "total_bytes_read": 0,
                                                "result_set_size": 43848,
                                                "operator_name": "SEQ_SCAN ",
                                                "cpu_time": 0.0,
                                                "extra_info": {
                                                  "Table": "date_dim",
                                                  "Type": "Sequential Scan",
                                                  "Projections": [
                                                    "d_date_sk",
                                                    "d_qoy",
                                                    "d_year"
                                                  ],
                                                  "Filters": "d_date_sk>=2450816 AND d_date_sk<=2452642",
                                                  "Estimated Cardinality": "73049"
                                                },
                                                "cumulative_cardinality": 0,
                                                "operator_type": "TABLE_SCAN",
                                                "operator_cardinality": 1827,
                                                "cumulative_rows_scanned": 0,
                                                "operator_rows_scanned": 73049,
                                                "operator_timing": 0.000138302,
                                                "children": []
                                              }
                                            ]
                                          }
                                        ]
                                      }
                                    ]
                                  }
                                ]
                              }
                            ]
                          }
                        ]
                      }
                    ]
                  },
                  {
                    "total_bytes_written": 0,
                    "total_bytes_read": 0,
                    "result_set_size": 0,
                    "operator_name": "ORDER_BY",
                    "cpu_time": 0.0,
                    "extra_info": {
                      "Order By": "(ss2.store_sales / ss1.store_sales) ASC"
                    },
                    "cumulative_cardinality": 0,
                    "operator_type": "ORDER_BY",
                    "operator_cardinality": 0,
                    "cumulative_rows_scanned": 0,
                    "operator_rows_scanned": 0,
                    "operator_timing": 4.5e-07,
                    "children": [
                      {
                        "total_bytes_written": 0,
                        "total_bytes_read": 0,
                        "result_set_size": 0,
                        "operator_name": "PROJECTION",
                        "cpu_time": 0.0,
                        "extra_info": {
                          "Projections": [
                            "ca_county",
                            "d_year",
                            "web_q1_q2_increase",
                            "store_q1_q2_increase",
                            "web_q2_q3_increase",
                            "store_q2_q3_increase"
                          ],
                          "Estimated Cardinality": "23506385642911"
                        },
                        "cumulative_cardinality": 0,
                        "operator_type": "PROJECTION",
                        "operator_cardinality": 0,
                        "cumulative_rows_scanned": 0,
                        "operator_rows_scanned": 0,
                        "operator_timing": 0.0,
                        "children": [
                          {
                            "total_bytes_written": 0,
                            "total_bytes_read": 0,
                            "result_set_size": 0,
                            "operator_name": "PROJECTION",
                            "cpu_time": 0.0,
                            "extra_info": {
                              "Projections": [
                                "ca_county",
                                "d_year",
                                "CAST(web_sales AS DOUBLE)",
                                "web_sales",
                                "CAST(store_sales AS DOUBLE)",
                                "store_sales",
                                "web_sales",
                                "store_sales"
                              ],
                              "Estimated Cardinality": "23506385642911"
                            },
                            "cumulative_cardinality": 0,
                            "operator_type": "PROJECTION",
                            "operator_cardinality": 0,
                            "cumulative_rows_scanned": 0,
                            "operator_rows_scanned": 0,
                            "operator_timing": 0.0,
                            "children": [
                              {
                                "total_bytes_written": 0,
                                "total_bytes_read": 0,
                                "result_set_size": 0,
                                "operator_name": "FILTER",
                                "cpu_time": 0.0,
                                "extra_info": {
                                  "Expression": "((CASE  WHEN ((web_sales > 0.00)) THEN ((CAST(web_sales AS DOUBLE) / CAST(web_sales AS DOUBLE))) ELSE NULL END > CASE  WHEN ((store_sales > 0.00)) THEN ((CAST(store_sales AS DOUBLE) / CAST(store_sales AS DOUBLE))) ELSE NULL END) AND (CASE  WHEN ((web_sales > 0.00)) THEN ((CAST(web_sales AS DOUBLE) / CAST(web_sales AS DOUBLE))) ELSE NULL END > CASE  WHEN ((store_sales > 0.00)) THEN ((CAST(store_sales AS DOUBLE) / CAST(store_sales AS DOUBLE))) ELSE NULL END))",
                                  "Estimated Cardinality": "23506385642911"
                                },
                                "cumulative_cardinality": 0,
                                "operator_type": "FILTER",
                                "operator_cardinality": 0,
                                "cumulative_rows_scanned": 0,
                                "operator_rows_scanned": 0,
                                "operator_timing": 1.7309999999999996e-06,
                                "children": [
                                  {
                                    "total_bytes_written": 0,
                                    "total_bytes_read": 0,
                                    "result_set_size": 0,
                                    "operator_name": "HASH_JOIN",
                                    "cpu_time": 0.0,
                                    "extra_info": {
                                      "Join Type": "INNER",
                                      "Conditions": [
                                        "ca_county = ca_county",
                                        "ca_county = ca_county",
                                        "ca_county = ca_county"
                                      ],
                                      "Estimated Cardinality": "23506385642911"
                                    },
                                    "cumulative_cardinality": 0,
                                    "operator_type": "HASH_JOIN",
                                    "operator_cardinality": 0,
                                    "cumulative_rows_scanned": 0,
                                    "operator_rows_scanned": 0,
                                    "operator_timing": 8.8152e-05,
                                    "children": [
                                      {
                                        "total_bytes_written": 0,
                                        "total_bytes_read": 0,
                                        "result_set_size": 0,
                                        "operator_name": "HASH_JOIN",
                                        "cpu_time": 0.0,
                                        "extra_info": {
                                          "Join Type": "INNER",
                                          "Conditions": [
                                            "ca_county = ca_county",
                                            "ca_county = ca_county"
                                          ],
                                          "Estimated Cardinality": "43394"
                                        },
                                        "cumulative_cardinality": 0,
                                        "operator_type": "HASH_JOIN",
                                        "operator_cardinality": 0,
                                        "cumulative_rows_scanned": 0,
                                        "operator_rows_scanned": 0,
                                        "operator_timing": 0.00044114599999999995,
                                        "children": [
                                          {
                                            "total_bytes_written": 0,
                                            "total_bytes_read": 0,
                                            "result_set_size": 64,
                                            "operator_name": "HASH_JOIN",
                                            "cpu_time": 0.0,
                                            "extra_info": {
                                              "Join Type": "INNER",
                                              "Conditions": "ca_county = ca_county",
                                              "Estimated Cardinality": "15519"
                                            },
                                            "cumulative_cardinality": 0,
                                            "operator_type": "HASH_JOIN",
                                            "operator_cardinality": 1,
                                            "cumulative_rows_scanned": 0,
                                            "operator_rows_scanned": 0,
                                            "operator_timing": 0.00028443300000000006,
                                            "children": [
                                              {
                                                "total_bytes_written": 0,
                                                "total_bytes_read": 0,
                                                "result_set_size": 1504,
                                                "operator_name": "PROJECTION",
                                                "cpu_time": 0.0,
                                                "extra_info": {
                                                  "Projections": [
                                                    "#0",
                                                    "#3"
                                                  ],
                                                  "Estimated Cardinality": "11129"
                                                },
                                                "cumulative_cardinality": 0,
                                                "operator_type": "PROJECTION",
                                                "operator_cardinality": 47,
                                                "cumulative_rows_scanned": 0,
                                                "operator_rows_scanned": 0,
                                                "operator_timing": 3.1809999999999997e-06,
                                                "children": [
                                                  {
                                                    "total_bytes_written": 0,
                                                    "total_bytes_read": 0,
                                                    "result_set_size": 2256,
                                                    "operator_name": "FILTER",
                                                    "cpu_time": 0.0,
                                                    "extra_info": {
                                                      "Expression": "((d_qoy = 2) AND (d_year = 2001))",
                                                      "Estimated Cardinality": "11129"
                                                    },
                                                    "cumulative_cardinality": 0,
                                                    "operator_type": "FILTER",
                                                    "operator_cardinality": 47,
                                                    "cumulative_rows_scanned": 0,
                                                    "operator_rows_scanned": 0,
                                                    "operator_timing": 0.00012025600000000001,
                                                    "children": [
                                                      {
                                                        "total_bytes_written": 0,
                                                        "total_bytes_read": 0,
                                                        "result_set_size": 8064,
                                                        "operator_name": "CTE_SCAN",
                                                        "cpu_time": 0.0,
                                                        "extra_info": {
                                                          "CTE Index": "0",
                                                          "Estimated Cardinality": "11129"
                                                        },
                                                        "cumulative_cardinality": 0,
                                                        "operator_type": "CTE_SCAN",
                                                        "operator_cardinality": 168,
                                                        "cumulative_rows_scanned": 0,
                                                        "operator_rows_scanned": 0,
                                                        "operator_timing": 3.9624e-05,
                                                        "children": []
                                                      }
                                                    ]
                                                  }
                                                ]
                                              },
                                              {
                                                "total_bytes_written": 0,
                                                "total_bytes_read": 0,
                                                "result_set_size": 512,
                                                "operator_name": "PROJECTION",
                                                "cpu_time": 0.0,
                                                "extra_info": {
                                                  "Projections": [
                                                    "#0",
                                                    "#3"
                                                  ],
                                                  "Estimated Cardinality": "2775"
                                                },
                                                "cumulative_cardinality": 0,
                                                "operator_type": "PROJECTION",
                                                "operator_cardinality": 16,
                                                "cumulative_rows_scanned": 0,
                                                "operator_rows_scanned": 0,
                                                "operator_timing": 2.1039999999999997e-06,
                                                "children": [
                                                  {
                                                    "total_bytes_written": 0,
                                                    "total_bytes_read": 0,
                                                    "result_set_size": 768,
                                                    "operator_name": "FILTER",
                                                    "cpu_time": 0.0,
                                                    "extra_info": {
                                                      "Expression": "((d_qoy = 1) AND (d_year = 2001))",
                                                      "Estimated Cardinality": "2775"
                                                    },
                                                    "cumulative_cardinality": 0,
                                                    "operator_type": "FILTER",
                                                    "operator_cardinality": 16,
                                                    "cumulative_rows_scanned": 0,
                                                    "operator_rows_scanned": 0,
                                                    "operator_timing": 0.000127807,
                                                    "children": [
                                                      {
                                                        "total_bytes_written": 0,
                                                        "total_bytes_read": 0,
                                                        "result_set_size": 1968,
                                                        "operator_name": "CTE_SCAN",
                                                        "cpu_time": 0.0,
                                                        "extra_info": {
                                                          "CTE Index": "11",
                                                          "Estimated Cardinality": "2775"
                                                        },
                                                        "cumulative_cardinality": 0,
                                                        "operator_type": "CTE_SCAN",
                                                        "operator_cardinality": 41,
                                                        "cumulative_rows_scanned": 0,
                                                        "operator_rows_scanned": 0,
                                                        "operator_timing": 4.3334e-05,
                                                        "children": []
                                                      }
                                                    ]
                                                  }
                                                ]
                                              }
                                            ]
                                          },
                                          {
                                            "total_bytes_written": 0,
                                            "total_bytes_read": 0,
                                            "result_set_size": 1840,
                                            "operator_name": "PROJECTION",
                                            "cpu_time": 0.0,
                                            "extra_info": {
                                              "Projections": [
                                                "#0",
                                                "#2",
                                                "#3"
                                              ],
                                              "Estimated Cardinality": "11129"
                                            },
                                            "cumulative_cardinality": 0,
                                            "operator_type": "PROJECTION",
                                            "operator_cardinality": 46,
                                            "cumulative_rows_scanned": 0,
                                            "operator_rows_scanned": 0,
                                            "operator_timing": 3.3130000000000003e-06,
                                            "children": [
                                              {
                                                "total_bytes_written": 0,
                                                "total_bytes_read": 0,
                                                "result_set_size": 2208,
                                                "operator_name": "FILTER",
                                                "cpu_time": 0.0,
                                                "extra_info": {
                                                  "Expression": "((d_qoy = 1) AND (d_year = 2001))",
                                                  "Estimated Cardinality": "11129"
                                                },
                                                "cumulative_cardinality": 0,
                                                "operator_type": "FILTER",
                                                "operator_cardinality": 46,
                                                "cumulative_rows_scanned": 0,
                                                "operator_rows_scanned": 0,
                                                "operator_timing": 0.00017701999999999998,
                                                "children": [
                                                  {
                                                    "total_bytes_written": 0,
                                                    "total_bytes_read": 0,
                                                    "result_set_size": 8064,
                                                    "operator_name": "CTE_SCAN",
                                                    "cpu_time": 0.0,
                                                    "extra_info": {
                                                      "CTE Index": "0",
                                                      "Estimated Cardinality": "11129"
                                                    },
                                                    "cumulative_cardinality": 0,
                                                    "operator_type": "CTE_SCAN",
                                                    "operator_cardinality": 168,
                                                    "cumulative_rows_scanned": 0,
                                                    "operator_rows_scanned": 0,
                                                    "operator_timing": 3.9591999999999996e-05,
                                                    "children": []
                                                  }
                                                ]
                                              }
                                            ]
                                          }
                                        ]
                                      },
                                      {
                                        "total_bytes_written": 0,
                                        "total_bytes_read": 0,
                                        "result_set_size": 96,
                                        "operator_name": "HASH_JOIN",
                                        "cpu_time": 0.0,
                                        "extra_info": {
                                          "Join Type": "INNER",
                                          "Conditions": [
                                            "ca_county = ca_county",
                                            "ca_county = ca_county"
                                          ],
                                          "Estimated Cardinality": "10820"
                                        },
                                        "cumulative_cardinality": 0,
                                        "operator_type": "HASH_JOIN",
                                        "operator_cardinality": 1,
                                        "cumulative_rows_scanned": 0,
                                        "operator_rows_scanned": 0,
                                        "operator_timing": 0.00024680000000000004,
                                        "children": [
                                          {
                                            "total_bytes_written": 0,
                                            "total_bytes_read": 0,
                                            "result_set_size": 2400,
                                            "operator_name": "PROJECTION",
                                            "cpu_time": 0.0,
                                            "extra_info": {
                                              "Projections": [
                                                "#0",
                                                "#3"
                                              ],
                                              "Estimated Cardinality": "11129"
                                            },
                                            "cumulative_cardinality": 0,
                                            "operator_type": "PROJECTION",
                                            "operator_cardinality": 75,
                                            "cumulative_rows_scanned": 0,
                                            "operator_rows_scanned": 0,
                                            "operator_timing": 2.318e-06,
                                            "children": [
                                              {
                                                "total_bytes_written": 0,
                                                "total_bytes_read": 0,
                                                "result_set_size": 3600,
                                                "operator_name": "FILTER",
                                                "cpu_time": 0.0,
                                                "extra_info": {
                                                  "Expression": "((d_qoy = 3) AND (d_year = 2001))",
                                                  "Estimated Cardinality": "11129"
                                                },
                                                "cumulative_cardinality": 0,
                                                "operator_type": "FILTER",
                                                "operator_cardinality": 75,
                                                "cumulative_rows_scanned": 0,
                                                "operator_rows_scanned": 0,
                                                "operator_timing": 0.00010247100000000002,
                                                "children": [
                                                  {
                                                    "total_bytes_written": 0,
                                                    "total_bytes_read": 0,
                                                    "result_set_size": 8064,
                                                    "operator_name": "CTE_SCAN",
                                                    "cpu_time": 0.0,
                                                    "extra_info": {
                                                      "CTE Index": "0",
                                                      "Estimated Cardinality": "11129"
                                                    },
                                                    "cumulative_cardinality": 0,
                                                    "operator_type": "CTE_SCAN",
                                                    "operator_cardinality": 168,
                                                    "cumulative_rows_scanned": 0,
                                                    "operator_rows_scanned": 0,
                                                    "operator_timing": 3.5619999999999994e-05,
                                                    "children": []
                                                  }
                                                ]
                                              }
                                            ]
                                          },
                                          {
                                            "total_bytes_written": 0,
                                            "total_bytes_read": 0,
                                            "result_set_size": 64,
                                            "operator_name": "HASH_JOIN",
                                            "cpu_time": 0.0,
                                            "extra_info": {
                                              "Join Type": "INNER",
                                              "Conditions": "ca_county = ca_county",
                                              "Estimated Cardinality": "3869"
                                            },
                                            "cumulative_cardinality": 0,
                                            "operator_type": "HASH_JOIN",
                                            "operator_cardinality": 1,
                                            "cumulative_rows_scanned": 0,
                                            "operator_rows_scanned": 0,
                                            "operator_timing": 0.00022547,
                                            "children": [
                                              {
                                                "total_bytes_written": 0,
                                                "total_bytes_read": 0,
                                                "result_set_size": 512,
                                                "operator_name": "PROJECTION",
                                                "cpu_time": 0.0,
                                                "extra_info": {
                                                  "Projections": [
                                                    "#0",
                                                    "#3"
                                                  ],
                                                  "Estimated Cardinality": "2775"
                                                },
                                                "cumulative_cardinality": 0,
                                                "operator_type": "PROJECTION",
                                                "operator_cardinality": 16,
                                                "cumulative_rows_scanned": 0,
                                                "operator_rows_scanned": 0,
                                                "operator_timing": 7.25e-07,
                                                "children": [
                                                  {
                                                    "total_bytes_written": 0,
                                                    "total_bytes_read": 0,
                                                    "result_set_size": 768,
                                                    "operator_name": "FILTER",
                                                    "cpu_time": 0.0,
                                                    "extra_info": {
                                                      "Expression": "((d_qoy = 2) AND (d_year = 2001))",
                                                      "Estimated Cardinality": "2775"
                                                    },
                                                    "cumulative_cardinality": 0,
                                                    "operator_type": "FILTER",
                                                    "operator_cardinality": 16,
                                                    "cumulative_rows_scanned": 0,
                                                    "operator_rows_scanned": 0,
                                                    "operator_timing": 4.5175e-05,
                                                    "children": [
                                                      {
                                                        "total_bytes_written": 0,
                                                        "total_bytes_read": 0,
                                                        "result_set_size": 1968,
                                                        "operator_name": "CTE_SCAN",
                                                        "cpu_time": 0.0,
                                                        "extra_info": {
                                                          "CTE Index": "11",
                                                          "Estimated Cardinality": "2775"
                                                        },
                                                        "cumulative_cardinality": 0,
                                                        "operator_type": "CTE_SCAN",
                                                        "operator_cardinality": 41,
                                                        "cumulative_rows_scanned": 0,
                                                        "operator_rows_scanned": 0,
                                                        "operator_timing": 2.1049e-05,
                                                        "children": []
                                                      }
                                                    ]
                                                  }
                                                ]
                                              },
                                              {
                                                "total_bytes_written": 0,
                                                "total_bytes_read": 0,
                                                "result_set_size": 288,
                                                "operator_name": "PROJECTION",
                                                "cpu_time": 0.0,
                                                "extra_info": {
                                                  "Projections": [
                                                    "#0",
                                                    "#3"
                                                  ],
                                                  "Estimated Cardinality": "2775"
                                                },
                                                "cumulative_cardinality": 0,
                                                "operator_type": "PROJECTION",
                                                "operator_cardinality": 9,
                                                "cumulative_rows_scanned": 0,
                                                "operator_rows_scanned": 0,
                                                "operator_timing": 9.44e-07,
                                                "children": [
                                                  {
                                                    "total_bytes_written": 0,
                                                    "total_bytes_read": 0,
                                                    "result_set_size": 432,
                                                    "operator_name": "FILTER",
                                                    "cpu_time": 0.0,
                                                    "extra_info": {
                                                      "Expression": "((d_qoy = 3) AND (d_year = 2001))",
                                                      "Estimated Cardinality": "2775"
                                                    },
                                                    "cumulative_cardinality": 0,
                                                    "operator_type": "FILTER",
                                                    "operator_cardinality": 9,
                                                    "cumulative_rows_scanned": 0,
                                                    "operator_rows_scanned": 0,
                                                    "operator_timing": 6.541000000000001e-05,
                                                    "children": [
                                                      {
                                                        "total_bytes_written": 0,
                                                        "total_bytes_read": 0,
                                                        "result_set_size": 1968,
                                                        "operator_name": "CTE_SCAN",
                                                        "cpu_time": 0.0,
                                                        "extra_info": {
                                                          "CTE Index": "11",
                                                          "Estimated Cardinality": "2775"
                                                        },
                                                        "cumulative_cardinality": 0,
                                                        "operator_type": "CTE_SCAN",
                                                        "operator_cardinality": 41,
                                                        "cumulative_rows_scanned": 0,
                                                        "operator_rows_scanned": 0,
                                                        "operator_timing": 2.9087e-05,
                                                        "children": []
                                                      }
                                                    ]
                                                  }
                                                ]
                                              }
                                            ]
                                          }
                                        ]
                                      }
                                    ]
                                  }
                                ]
                              }
                            ]
                          }
                        ]
                      }
                    ]
                  }
                ]
              }
            ]
          }
        ]
      }
    ]
  }
}