{
  "benchmark": "dsb",
  "query_id": "query091_spj",
  "source_sql": "research/ado/queries_dsb_sf10_duckdb/spj_queries/query091_spj.sql",
  "database": "/mnt/d/TPC-DS/dsb_sf10.duckdb",
  "statement_count": 1,
  "client_elapsed_ms": 20.119837998208823,
  "execution_time_ms": 0.0,
  "plan_json": {
    "total_bytes_written": 0,
    "total_bytes_read": 0,
    "rows_returned": 0,
    "latency": 0.0,
    "result_set_size": 0,
    "query_name": "",
    "blocked_thread_time": 0.0,
    "system_peak_buffer_memory": 0,
    "system_peak_temp_dir_size": 0,
    "cpu_time": 0.0,
    "extra_info": {},
    "cumulative_cardinality": 0,
    "cumulative_rows_scanned": 0,
    "children": [
      {
        "total_bytes_written": 0,
        "total_bytes_read": 0,
        "result_set_size": 0,
        "operator_name": "EXPLAIN_ANALYZE",
        "cpu_time": 0.0,
        "extra_info": {},
        "cumulative_cardinality": 0,
        "operator_type": "EXPLAIN_ANALYZE",
        "operator_cardinality": 0,
        "cumulative_rows_scanned": 0,
        "operator_rows_scanned": 0,
        "operator_timing": 2.95e-07,
        "children": [
          {
            "total_bytes_written": 0,
            "total_bytes_read": 0,
            "result_set_size": 68,
            "operator_name": "UNGROUPED_AGGREGATE",
            "cpu_time": 0.0,
            "extra_info": {
              "Aggregates": [
                "min(#0)",
                "min(#1)",
                "min(#2)",
                "min(#3)",
                "min(#4)",
                "min(#5)"
              ]
            },
            "cumulative_cardinality": 0,
            "operator_type": "UNGROUPED_AGGREGATE",
            "operator_cardinality": 1,
            "cumulative_rows_scanned": 0,
            "operator_rows_scanned": 0,
            "operator_timing": 1.0663e-05,
            "children": [
              {
                "total_bytes_written": 0,
                "total_bytes_read": 0,
                "result_set_size": 1768,
                "operator_name": "PROJECTION",
                "cpu_time": 0.0,
                "extra_info": {
                  "Projections": [
                    "cc_call_center_id",
                    "cc_name",
                    "cc_manager",
                    "cr_net_loss",
                    "cr_item_sk",
                    "cr_order_number"
                  ],
                  "Estimated Cardinality": "60"
                },
                "cumulative_cardinality": 0,
                "operator_type": "PROJECTION",
                "operator_cardinality": 26,
                "cumulative_rows_scanned": 0,
                "operator_rows_scanned": 0,
                "operator_timing": 5.79e-07,
                "children": [
                  {
                    "total_bytes_written": 0,
                    "total_bytes_read": 0,
                    "result_set_size": 1768,
                    "operator_name": "HASH_JOIN",
                    "cpu_time": 0.0,
                    "extra_info": {
                      "Join Type": "INNER",
                      "Conditions": "cr_call_center_sk = cc_call_center_sk",
                      "Estimated Cardinality": "60"
                    },
                    "cumulative_cardinality": 0,
                    "operator_type": "HASH_JOIN",
                    "operator_cardinality": 26,
                    "cumulative_rows_scanned": 0,
                    "operator_rows_scanned": 0,
                    "operator_timing": 0.000101181,
                    "children": [
                      {
                        "total_bytes_written": 0,
                        "total_bytes_read": 0,
                        "result_set_size": 972,
                        "operator_name": "HASH_JOIN",
                        "cpu_time": 0.0,
                        "extra_info": {
                          "Join Type": "INNER",
                          "Conditions": "hd_demo_sk = c_current_hdemo_sk",
                          "Estimated Cardinality": "60"
                        },
                        "cumulative_cardinality": 0,
                        "operator_type": "HASH_JOIN",
                        "operator_cardinality": 27,
                        "cumulative_rows_scanned": 0,
                        "operator_rows_scanned": 0,
                        "operator_timing": 0.0011138989999999998,
                        "children": [
                          {
                            "total_bytes_written": 0,
                            "total_bytes_read": 0,
                            "result_set_size": 9440,
                            "operator_name": "SEQ_SCAN ",
                            "cpu_time": 0.0,
                            "extra_info": {
                              "Table": "household_demographics",
                              "Type": "Sequential Scan",
                              "Projections": "hd_demo_sk",
                              "Filters": "hd_buy_potential>='0-500' AND hd_buy_potential<'0-501'",
                              "Estimated Cardinality": "1440"
                            },
                            "cumulative_cardinality": 0,
                            "operator_type": "TABLE_SCAN",
                            "operator_cardinality": 1180,
                            "cumulative_rows_scanned": 0,
                            "operator_rows_scanned": 7200,
                            "operator_timing": 9.7043e-05,
                            "children": []
                          },
                          {
                            "total_bytes_written": 0,
                            "total_bytes_read": 0,
                            "result_set_size": 8052,
                            "operator_name": "HASH_JOIN",
                            "cpu_time": 0.0,
                            "extra_info": {
                              "Join Type": "INNER",
                              "Conditions": "cd_demo_sk = c_current_cdemo_sk",
                              "Estimated Cardinality": "301"
                            },
                            "cumulative_cardinality": 0,
                            "operator_type": "HASH_JOIN",
                            "operator_cardinality": 183,
                            "cumulative_rows_scanned": 0,
                            "operator_rows_scanned": 0,
                            "operator_timing": 0.003390404,
                            "children": [
                              {
                                "total_bytes_written": 0,
                                "total_bytes_read": 0,
                                "result_set_size": 878016,
                                "operator_name": "FILTER",
                                "cpu_time": 0.0,
                                "extra_info": {
                                  "Expression": "(cd_demo_sk BETWEEN 4 AND 1920791)",
                                  "Estimated Cardinality": "384160"
                                },
                                "cumulative_cardinality": 0,
                                "operator_type": "FILTER",
                                "operator_cardinality": 109752,
                                "cumulative_rows_scanned": 0,
                                "operator_rows_scanned": 0,
                                "operator_timing": 0.001113319,
                                "children": [
                                  {
                                    "total_bytes_written": 0,
                                    "total_bytes_read": 0,
                                    "result_set_size": 878016,
                                    "operator_name": "PROJECTION",
                                    "cpu_time": 0.0,
                                    "extra_info": {
                                      "Projections": "#0",
                                      "Estimated Cardinality": "384160"
                                    },
                                    "cumulative_cardinality": 0,
                                    "operator_type": "PROJECTION",
                                    "operator_cardinality": 109752,
                                    "cumulative_rows_scanned": 0,
                                    "operator_rows_scanned": 0,
                                    "operator_timing": 0.000149227,
                                    "children": [
                                      {
                                        "total_bytes_written": 0,
                                        "total_bytes_read": 0,
                                        "result_set_size": 4390080,
                                        "operator_name": "FILTER",
                                        "cpu_time": 0.0,
                                        "extra_info": {
                                          "Expression": "(((cd_marital_status = 'M') AND (cd_education_status = 'Unknown')) OR ((cd_marital_status = 'W') AND (cd_education_status = 'Advanced Degree')))",
                                          "Estimated Cardinality": "384160"
                                        },
                                        "cumulative_cardinality": 0,
                                        "operator_type": "FILTER",
                                        "operator_cardinality": 109752,
                                        "cumulative_rows_scanned": 0,
                                        "operator_rows_scanned": 0,
                                        "operator_timing": 0.020891791,
                                        "children": [
                                          {
                                            "total_bytes_written": 0,
                                            "total_bytes_read": 0,
                                            "result_set_size": 76825160,
                                            "operator_name": "SEQ_SCAN ",
                                            "cpu_time": 0.0,
                                            "extra_info": {
                                              "Table": "customer_demographics",
                                              "Type": "Sequential Scan",
                                              "Projections": [
                                                "cd_demo_sk",
                                                "cd_marital_status",
                                                "cd_education_status"
                                              ],
                                              "Estimated Cardinality": "1920800"
                                            },
                                            "cumulative_cardinality": 0,
                                            "operator_type": "TABLE_SCAN",
                                            "operator_cardinality": 1920629,
                                            "cumulative_rows_scanned": 0,
                                            "operator_rows_scanned": 23049600,
                                            "operator_timing": 0.005017827000000001,
                                            "children": []
                                          }
                                        ]
                                      }
                                    ]
                                  }
                                ]
                              },
                              {
                                "total_bytes_written": 0,
                                "total_bytes_read": 0,
                                "result_set_size": 158704,
                                "operator_name": "HASH_JOIN",
                                "cpu_time": 0.0,
                                "extra_info": {
                                  "Join Type": "INNER",
                                  "Conditions": "ca_address_sk = c_current_addr_sk",
                                  "Estimated Cardinality": "1508"
                                },
                                "cumulative_cardinality": 0,
                                "operator_type": "HASH_JOIN",
                                "operator_cardinality": 3052,
                                "cumulative_rows_scanned": 0,
                                "operator_rows_scanned": 0,
                                "operator_timing": 0.003006252,
                                "children": [
                                  {
                                    "total_bytes_written": 0,
                                    "total_bytes_read": 0,
                                    "result_set_size": 218752,
                                    "operator_name": "SEQ_SCAN ",
                                    "cpu_time": 0.0,
                                    "extra_info": {
                                      "Table": "customer_address",
                                      "Type": "Sequential Scan",
                                      "Projections": "ca_address_sk",
                                      "Filters": "ca_gmt_offset=-7.00",
                                      "Estimated Cardinality": "41667"
                                    },
                                    "cumulative_cardinality": 0,
                                    "operator_type": "TABLE_SCAN",
                                    "operator_cardinality": 27344,
                                    "cumulative_rows_scanned": 0,
                                    "operator_rows_scanned": 750000,
                                    "operator_timing": 0.0008376540000000001,
                                    "children": []
                                  },
                                  {
                                    "total_bytes_written": 0,
                                    "total_bytes_read": 0,
                                    "result_set_size": 1458964,
                                    "operator_name": "HASH_JOIN",
                                    "cpu_time": 0.0,
                                    "extra_info": {
                                      "Join Type": "INNER",
                                      "Conditions": "c_customer_sk = cr_returning_customer_sk",
                                      "Estimated Cardinality": "11023"
                                    },
                                    "cumulative_cardinality": 0,
                                    "operator_type": "HASH_JOIN",
                                    "operator_cardinality": 28057,
                                    "cumulative_rows_scanned": 0,
                                    "operator_rows_scanned": 0,
                                    "operator_timing": 0.007645228000000002,
                                    "children": [
                                      {
                                        "total_bytes_written": 0,
                                        "total_bytes_read": 0,
                                        "result_set_size": 15999136,
                                        "operator_name": "SEQ_SCAN ",
                                        "cpu_time": 0.0,
                                        "extra_info": {
                                          "Table": "customer",
                                          "Type": "Sequential Scan",
                                          "Projections": [
                                            "c_customer_sk",
                                            "c_current_cdemo_sk",
                                            "c_current_hdemo_sk",
                                            "c_current_addr_sk"
                                          ],
                                          "Estimated Cardinality": "500000"
                                        },
                                        "cumulative_cardinality": 0,
                                        "operator_type": "TABLE_SCAN",
                                        "operator_cardinality": 499973,
                                        "cumulative_rows_scanned": 0,
                                        "operator_rows_scanned": 2500000,
                                        "operator_timing": 0.0016246689999999998,
                                        "children": []
                                      },
                                      {
                                        "total_bytes_written": 0,
                                        "total_bytes_read": 0,
                                        "result_set_size": 1260160,
                                        "operator_name": "HASH_JOIN",
                                        "cpu_time": 0.0,
                                        "extra_info": {
                                          "Join Type": "INNER",
                                          "Conditions": "cr_returned_date_sk = d_date_sk",
                                          "Estimated Cardinality": "11541"
                                        },
                                        "cumulative_cardinality": 0,
                                        "operator_type": "HASH_JOIN",
                                        "operator_cardinality": 28640,
                                        "cumulative_rows_scanned": 0,
                                        "operator_rows_scanned": 0,
                                        "operator_timing": 0.000327548,
                                        "children": [
                                          {
                                            "total_bytes_written": 0,
                                            "total_bytes_read": 0,
                                            "result_set_size": 1260160,
                                            "operator_name": "SEQ_SCAN ",
                                            "cpu_time": 0.0,
                                            "extra_info": {
                                              "Table": "catalog_returns",
                                              "Type": "Sequential Scan",
                                              "Projections": [
                                                "cr_call_center_sk",
                                                "cr_returned_date_sk",
                                                "cr_returning_customer_sk",
                                                "cr_net_loss",
                                                "cr_item_sk",
                                                "cr_order_number"
                                              ],
                                              "Estimated Cardinality": "1441224"
                                            },
                                            "cumulative_cardinality": 0,
                                            "operator_type": "TABLE_SCAN",
                                            "operator_cardinality": 28640,
                                            "cumulative_rows_scanned": 0,
                                            "operator_rows_scanned": 17294688,
                                            "operator_timing": 0.0015539069999999998,
                                            "children": []
                                          },
                                          {
                                            "total_bytes_written": 0,
                                            "total_bytes_read": 0,
                                            "result_set_size": 248,
                                            "operator_name": "FILTER",
                                            "cpu_time": 0.0,
                                            "extra_info": {
                                              "Expression": "(d_date_sk BETWEEN 2450827 AND 2452918)",
                                              "Estimated Cardinality": "585"
                                            },
                                            "cumulative_cardinality": 0,
                                            "operator_type": "FILTER",
                                            "operator_cardinality": 31,
                                            "cumulative_rows_scanned": 0,
                                            "operator_rows_scanned": 0,
                                            "operator_timing": 1.6302e-05,
                                            "children": [
                                              {
                                                "total_bytes_written": 0,
                                                "total_bytes_read": 0,
                                                "result_set_size": 248,
                                                "operator_name": "SEQ_SCAN ",
                                                "cpu_time": 0.0,
                                                "extra_info": {
                                                  "Table": "date_dim",
                                                  "Type": "Sequential Scan",
                                                  "Projections": "d_date_sk",
                                                  "Filters": [
                                                    "d_year=1999",
                                                    "d_moy=5"
                                                  ],
                                                  "Estimated Cardinality": "585"
                                                },
                                                "cumulative_cardinality": 0,
                                                "operator_type": "TABLE_SCAN",
                                                "operator_cardinality": 31,
                                                "cumulative_rows_scanned": 0,
                                                "operator_rows_scanned": 73049,
                                                "operator_timing": 6.9548e-05,
                                                "children": []
                                              }
                                            ]
                                          }
                                        ]
                                      }
                                    ]
                                  }
                                ]
                              }
                            ]
                          }
                        ]
                      },
                      {
                        "total_bytes_written": 0,
                        "total_bytes_read": 0,
                        "result_set_size": 1344,
                        "operator_name": "SEQ_SCAN ",
                        "cpu_time": 0.0,
                        "extra_info": {
                          "Table": "call_center",
                          "Type": "Sequential Scan",
                          "Projections": [
                            "cc_call_center_sk",
                            "cc_call_center_id",
                            "cc_name",
                            "cc_manager"
                          ],
                          "Estimated Cardinality": "24"
                        },
                        "cumulative_cardinality": 0,
                        "operator_type": "TABLE_SCAN",
                        "operator_cardinality": 24,
                        "cumulative_rows_scanned": 0,
                        "operator_rows_scanned": 24,
                        "operator_timing": 2.2755999999999997e-05,
                        "children": []
                      }
                    ]
                  }
                ]
              }
            ]
          }
        ]
      }
    ]
  }
}