{
  "plan_json": [
    {
      "Plan": {
        "Node Type": "Limit",
        "Parallel Aware": false,
        "Async Capable": false,
        "Startup Cost": 192216.22,
        "Total Cost": 192216.23,
        "Plan Rows": 1,
        "Plan Width": 72,
        "Actual Startup Time": 549.746,
        "Actual Total Time": 550.64,
        "Actual Rows": 1,
        "Actual Loops": 1,
        "Plans": [
          {
            "Node Type": "Sort",
            "Parent Relationship": "Outer",
            "Parallel Aware": false,
            "Async Capable": false,
            "Startup Cost": 192216.22,
            "Total Cost": 192216.23,
            "Plan Rows": 1,
            "Plan Width": 72,
            "Actual Startup Time": 549.745,
            "Actual Total Time": 550.638,
            "Actual Rows": 1,
            "Actual Loops": 1,
            "Sort Key": [
              "(count(DISTINCT ws1.ws_order_number))"
            ],
            "Sort Method": "quicksort",
            "Sort Space Used": 25,
            "Sort Space Type": "Memory",
            "Plans": [
              {
                "Node Type": "Aggregate",
                "Strategy": "Plain",
                "Partial Mode": "Simple",
                "Parent Relationship": "Outer",
                "Parallel Aware": false,
                "Async Capable": false,
                "Startup Cost": 192216.2,
                "Total Cost": 192216.21,
                "Plan Rows": 1,
                "Plan Width": 72,
                "Actual Startup Time": 549.74,
                "Actual Total Time": 550.632,
                "Actual Rows": 1,
                "Actual Loops": 1,
                "Plans": [
                  {
                    "Node Type": "Nested Loop",
                    "Parent Relationship": "Outer",
                    "Parallel Aware": false,
                    "Async Capable": false,
                    "Join Type": "Semi",
                    "Startup Cost": 38067.13,
                    "Total Cost": 192216.1,
                    "Plan Rows": 13,
                    "Plan Width": 16,
                    "Actual Startup Time": 101.191,
                    "Actual Total Time": 549.608,
                    "Actual Rows": 1185,
                    "Actual Loops": 1,
                    "Inner Unique": false,
                    "Plans": [
                      {
                        "Node Type": "Nested Loop",
                        "Parent Relationship": "Outer",
                        "Parallel Aware": false,
                        "Async Capable": false,
                        "Join Type": "Inner",
                        "Startup Cost": 38066.7,
                        "Total Cost": 192207.9,
                        "Plan Rows": 13,
                        "Plan Width": 20,
                        "Actual Startup Time": 100.998,
                        "Actual Total Time": 509.537,
                        "Actual Rows": 1185,
                        "Actual Loops": 1,
                        "Inner Unique": true,
                        "Join Filter": "(ws1.ws_web_site_sk = web_site.web_site_sk)",
                        "Rows Removed by Join Filter": 30509,
                        "Plans": [
                          {
                            "Node Type": "Gather",
                            "Parent Relationship": "Outer",
                            "Parallel Aware": false,
                            "Async Capable": false,
                            "Startup Cost": 38066.7,
                            "Total Cost": 192196.01,
                            "Plan Rows": 25,
                            "Plan Width": 24,
                            "Actual Startup Time": 100.985,
                            "Actual Total Time": 506.144,
                            "Actual Rows": 1672,
                            "Actual Loops": 1,
                            "Workers Planned": 1,
                            "Workers Launched": 1,
                            "Single Copy": false,
                            "Plans": [
                              {
                                "Node Type": "Nested Loop",
                                "Parent Relationship": "Outer",
                                "Parallel Aware": false,
                                "Async Capable": false,
                                "Join Type": "Inner",
                                "Startup Cost": 37066.7,
                                "Total Cost": 191193.51,
                                "Plan Rows": 15,
                                "Plan Width": 24,
                                "Actual Startup Time": 99.257,
                                "Actual Total Time": 420.719,
                                "Actual Rows": 836,
                                "Actual Loops": 2,
                                "Inner Unique": true,
                                "Workers": [],
                                "Plans": [
                                  {
                                    "Node Type": "Hash Join",
                                    "Parent Relationship": "Outer",
                                    "Parallel Aware": true,
                                    "Async Capable": false,
                                    "Join Type": "Anti",
                                    "Startup Cost": 37066.28,
                                    "Total Cost": 191151.23,
                                    "Plan Rows": 77,
                                    "Plan Width": 28,
                                    "Actual Startup Time": 97.902,
                                    "Actual Total Time": 396.307,
                                    "Actual Rows": 4230,
                                    "Actual Loops": 2,
                                    "Inner Unique": false,
                                    "Hash Cond": "(ws1.ws_order_number = wr1.wr_order_number)",
                                    "Workers": [],
                                    "Plans": [
                                      {
                                        "Node Type": "Nested Loop",
                                        "Parent Relationship": "Outer",
                                        "Parallel Aware": false,
                                        "Async Capable": false,
                                        "Join Type": "Inner",
                                        "Startup Cost": 0.43,
                                        "Total Cost": 154084.24,
                                        "Plan Rows": 121,
                                        "Plan Width": 28,
                                        "Actual Startup Time": 7.0,
                                        "Actual Total Time": 300.727,
                                        "Actual Rows": 5566,
                                        "Actual Loops": 2,
                                        "Inner Unique": false,
                                        "Workers": [],
                                        "Plans": [
                                          {
                                            "Node Type": "Seq Scan",
                                            "Parent Relationship": "Outer",
                                            "Parallel Aware": true,
                                            "Async Capable": false,
                                            "Relation Name": "date_dim",
                                            "Alias": "date_dim",
                                            "Startup Cost": 0.0,
                                            "Total Cost": 2049.55,
                                            "Plan Rows": 38,
                                            "Plan Width": 4,
                                            "Actual Startup Time": 2.411,
                                            "Actual Total Time": 3.72,
                                            "Actual Rows": 30,
                                            "Actual Loops": 2,
                                            "Filter": "((d_date >= '1999-10-01'::date) AND (d_date <= '1999-11-30 00:00:00'::timestamp without time zone))",
                                            "Rows Removed by Filter": 36494,
                                            "Workers": []
                                          },
                                          {
                                            "Node Type": "Index Scan",
                                            "Parent Relationship": "Inner",
                                            "Parallel Aware": false,
                                            "Async Capable": false,
                                            "Scan Direction": "Forward",
                                            "Index Name": "_dta_index_web_sales_6_1269579561__k3_k18_k12_k14_16_29_34",
                                            "Relation Name": "web_sales",
                                            "Alias": "ws1",
                                            "Startup Cost": 0.43,
                                            "Total Cost": 3999.86,
                                            "Plan Rows": 105,
                                            "Plan Width": 32,
                                            "Actual Startup Time": 0.203,
                                            "Actual Total Time": 9.691,
                                            "Actual Rows": 182,
                                            "Actual Loops": 61,
                                            "Index Cond": "(ws_ship_date_sk = date_dim.d_date_sk)",
                                            "Rows Removed by Index Recheck": 0,
                                            "Filter": "((ws_list_price >= '253'::numeric) AND (ws_list_price <= '282'::numeric))",
                                            "Rows Removed by Filter": 5684,
                                            "Workers": []
                                          }
                                        ]
                                      },
                                      {
                                        "Node Type": "Hash",
                                        "Parent Relationship": "Inner",
                                        "Parallel Aware": true,
                                        "Async Capable": false,
                                        "Startup Cost": 36269.4,
                                        "Total Cost": 36269.4,
                                        "Plan Rows": 63716,
                                        "Plan Width": 4,
                                        "Actual Startup Time": 90.273,
                                        "Actual Total Time": 90.273,
                                        "Actual Rows": 77366,
                                        "Actual Loops": 2,
                                        "Hash Buckets": 262144,
                                        "Original Hash Buckets": 262144,
                                        "Hash Batches": 1,
                                        "Original Hash Batches": 1,
                                        "Peak Memory Usage": 8128,
                                        "Workers": [],
                                        "Plans": [
                                          {
                                            "Node Type": "Seq Scan",
                                            "Parent Relationship": "Outer",
                                            "Parallel Aware": true,
                                            "Async Capable": false,
                                            "Relation Name": "web_returns",
                                            "Alias": "wr1",
                                            "Startup Cost": 0.0,
                                            "Total Cost": 36269.4,
                                            "Plan Rows": 63716,
                                            "Plan Width": 4,
                                            "Actual Startup Time": 0.021,
                                            "Actual Total Time": 76.985,
                                            "Actual Rows": 77366,
                                            "Actual Loops": 2,
                                            "Filter": "(wr_reason_sk = ANY ('{8,18,20,23,41}'::integer[]))",
                                            "Rows Removed by Filter": 642810,
                                            "Workers": []
                                          }
                                        ]
                                      }
                                    ]
                                  },
                                  {
                                    "Node Type": "Index Scan",
                                    "Parent Relationship": "Inner",
                                    "Parallel Aware": false,
                                    "Async Capable": false,
                                    "Scan Direction": "Forward",
                                    "Index Name": "customer_address_pkey",
                                    "Relation Name": "customer_address",
                                    "Alias": "customer_address",
                                    "Startup Cost": 0.42,
                                    "Total Cost": 0.55,
                                    "Plan Rows": 1,
                                    "Plan Width": 4,
                                    "Actual Startup Time": 0.005,
                                    "Actual Total Time": 0.005,
                                    "Actual Rows": 0,
                                    "Actual Loops": 8461,
                                    "Index Cond": "(ca_address_sk = ws1.ws_ship_addr_sk)",
                                    "Rows Removed by Index Recheck": 0,
                                    "Filter": "(ca_state = ANY ('{MO,MT,OK,SC,TX,WI}'::bpchar[]))",
                                    "Rows Removed by Filter": 1,
                                    "Workers": []
                                  }
                                ]
                              }
                            ]
                          },
                          {
                            "Node Type": "Materialize",
                            "Parent Relationship": "Inner",
                            "Parallel Aware": false,
                            "Async Capable": false,
                            "Startup Cost": 0.0,
                            "Total Cost": 3.64,
                            "Plan Rows": 23,
                            "Plan Width": 4,
                            "Actual Startup Time": 0.0,
                            "Actual Total Time": 0.001,
                            "Actual Rows": 19,
                            "Actual Loops": 1672,
                            "Plans": [
                              {
                                "Node Type": "Seq Scan",
                                "Parent Relationship": "Outer",
                                "Parallel Aware": false,
                                "Async Capable": false,
                                "Relation Name": "web_site",
                                "Alias": "web_site",
                                "Startup Cost": 0.0,
                                "Total Cost": 3.52,
                                "Plan Rows": 23,
                                "Plan Width": 4,
                                "Actual Startup Time": 0.006,
                                "Actual Total Time": 0.02,
                                "Actual Rows": 22,
                                "Actual Loops": 1,
                                "Filter": "(web_gmt_offset >= '-5'::numeric)",
                                "Rows Removed by Filter": 20
                              }
                            ]
                          }
                        ]
                      },
                      {
                        "Node Type": "Index Only Scan",
                        "Parent Relationship": "Inner",
                        "Parallel Aware": false,
                        "Async Capable": false,
                        "Scan Direction": "Forward",
                        "Index Name": "_dta_index_web_sales_6_1269579561__k18_16",
                        "Relation Name": "web_sales",
                        "Alias": "ws2",
                        "Startup Cost": 0.43,
                        "Total Cost": 2.07,
                        "Plan Rows": 59,
                        "Plan Width": 8,
                        "Actual Startup Time": 0.033,
                        "Actual Total Time": 0.033,
                        "Actual Rows": 1,
                        "Actual Loops": 1185,
                        "Index Cond": "(ws_order_number = ws1.ws_order_number)",
                        "Rows Removed by Index Recheck": 0,
                        "Filter": "(ws1.ws_warehouse_sk <> ws_warehouse_sk)",
                        "Rows Removed by Filter": 0,
                        "Heap Fetches": 0
                      }
                    ]
                  }
                ]
              }
            ]
          }
        ]
      },
      "Planning Time": 1.232,
      "Triggers": [],
      "Execution Time": 550.688
    }
  ],
  "plan_text": "",
  "actual_rows": 0,
  "provenance": {
    "database": "postgres://jakc9:jakc9@127.0.0.1:5434/dsb_sf10",
    "scale_factor": 10,
    "engine": "postgresql",
    "engine_version": "14.3",
    "cached_at": "2026-02-09T21:26:55.015154"
  }
}