{
  "execution_time_ms": 2265.372,
  "plan_text": "Sort  (cost=1589301.87..1589301.88 rows=1 width=152) (actual time=2297.938..2298.063 rows=0 loops=1)\n  Sort Key: inv1.w_warehouse_sk, inv1.i_item_sk, inv1.mean, inv1.cov, inv2.mean, inv2.cov\n  Sort Method: quicksort  Memory: 25kB\n  CTE inv\n    ->  Subquery Scan on foo  (cost=166766.85..1589190.88 rows=2460 width=125) (actual time=2297.912..2298.036 rows=0 loops=1)\n          ->  GroupAggregate  (cost=166766.85..1589153.98 rows=2460 width=93) (actual time=2297.911..2298.035 rows=0 loops=1)\n                Group Key: warehouse.w_warehouse_sk, item.i_item_sk, date_dim.d_moy\n                Filter: (CASE avg(inventory.inv_quantity_on_hand) WHEN '0'::numeric THEN '0'::numeric ELSE (stddev_samp(inventory.inv_quantity_on_hand) / avg(inventory.inv_quantity_on_hand)) END > '1'::numeric)\n                Rows Removed by Filter: 187271\n                ->  Incremental Sort  (cost=166766.85..1588895.68 rows=7380 width=33) (actual time=1990.407..2196.611 rows=254709 loops=1)\n                      Sort Key: warehouse.w_warehouse_sk, item.i_item_sk, date_dim.d_moy\n                      Presorted Key: warehouse.w_warehouse_sk\n                      Full-sort Groups: 10  Sort Method: quicksort  Average Memory: 30kB  Peak Memory: 30kB\n                      Pre-sorted Groups: 10  Sort Method: quicksort  Average Memory: 2774kB  Peak Memory: 2776kB\n                      ->  Nested Loop  (cost=8763.84..1588234.28 rows=7380 width=33) (actual time=1441.731..2135.520 rows=254709 loops=1)\n                            Join Filter: (inventory.inv_warehouse_sk = warehouse.w_warehouse_sk)\n                            Rows Removed by Join Filter: 2292381\n                            ->  Index Scan using warehouse_pkey on warehouse  (cost=0.14..12.29 rows=10 width=21) (actual time=0.004..0.061 rows=10 loops=1)\n                            ->  Materialize  (cost=8763.70..1587133.45 rows=7380 width=16) (actual time=144.175..204.952 rows=254709 loops=10)\n                                  ->  Gather  (cost=8763.70..1587096.55 rows=7380 width=16) (actual time=1441.721..1942.655 rows=254709 loops=1)\n                                        Workers Planned: 2\n                                        Workers Launched: 2\n                                        ->  Parallel Hash Join  (cost=7763.70..1585358.55 rows=3075 width=16) (actual time=1437.406..1952.929 rows=84903 loops=3)\n                                              Hash Cond: (inventory.inv_item_sk = item.i_item_sk)\n                                              ->  Hash Join  (cost=20.84..1577468.35 rows=56122 width=16) (actual time=1429.688..1863.702 rows=1604585 loops=3)\n                                                    Hash Cond: (inventory.inv_date_sk = date_dim.d_date_sk)\n                                                    ->  Parallel Seq Scan on inventory  (cost=0.00..1551452.05 rows=9902458 width=16) (actual time=0.020..1553.603 rows=8048979 loops=3)\n                                                          Filter: ((inv_quantity_on_hand >= 791) AND (inv_quantity_on_hand <= 991))\n                                                          Rows Removed by Filter: 36321021\n                                                    ->  Hash  (cost=15.66..15.66 rows=414 width=8) (actual time=0.063..0.064 rows=365 loops=3)\n                                                          Buckets: 1024  Batches: 1  Memory Usage: 23kB\n                                                          ->  Index Only Scan using _dta_index_date_dim_6_661577395__k7_k9_k1 on date_dim  (cost=0.42..15.66 rows=414 width=8) (actual time=0.018..0.039 rows=365 loops=3)\n                                                                Index Cond: (d_year = 2002)\n                                                                Heap Fetches: 0\n                                              ->  Parallel Hash  (cost=7713.75..7713.75 rows=2329 width=4) (actual time=7.616..7.616 rows=1814 loops=3)\n                                                    Buckets: 8192  Batches: 1  Memory Usage: 320kB\n                                                    ->  Parallel Seq Scan on item  (cost=0.00..7713.75 rows=2329 width=4) (actual time=0.028..7.328 rows=1814 loops=3)\n                                                          Filter: ((i_category = ANY ('{Shoes,Sports}'::bpchar[])) AND (i_manager_id >= 42) AND (i_manager_id <= 61))\n                                                          Rows Removed by Filter: 32186\n  ->  Hash Join  (cost=55.53..110.98 rows=1 width=152) (actual time=2297.914..2297.915 rows=0 loops=1)\n        Hash Cond: ((inv1.i_item_sk = inv2.i_item_sk) AND (inv1.w_warehouse_sk = inv2.w_warehouse_sk))\n        ->  CTE Scan on inv inv1  (cost=0.00..55.35 rows=12 width=76) (actual time=2297.913..2297.913 rows=0 loops=1)\n              Filter: (d_moy = 5)\n        ->  Hash  (cost=55.35..55.35 rows=12 width=76) (never executed)\n              ->  CTE Scan on inv inv2  (cost=0.00..55.35 rows=12 width=76) (never executed)\n                    Filter: (d_moy = 6)\nPlanning Time: 0.843 ms\nExecution Time: 2299.147 ms",
  "plan_json": {
    "Node Type": "Sort",
    "Parallel Aware": false,
    "Async Capable": false,
    "Startup Cost": 1589301.87,
    "Total Cost": 1589301.88,
    "Plan Rows": 1,
    "Plan Width": 152,
    "Actual Startup Time": 2265.257,
    "Actual Total Time": 2265.372,
    "Actual Rows": 0,
    "Actual Loops": 1,
    "Sort Key": [
      "inv1.w_warehouse_sk",
      "inv1.i_item_sk",
      "inv1.mean",
      "inv1.cov",
      "inv2.mean",
      "inv2.cov"
    ],
    "Sort Method": "quicksort",
    "Sort Space Used": 25,
    "Sort Space Type": "Memory",
    "Plans": [
      {
        "Node Type": "Subquery Scan",
        "Parent Relationship": "InitPlan",
        "Subplan Name": "CTE inv",
        "Parallel Aware": false,
        "Async Capable": false,
        "Alias": "foo",
        "Startup Cost": 166766.85,
        "Total Cost": 1589190.88,
        "Plan Rows": 2460,
        "Plan Width": 125,
        "Actual Startup Time": 2265.232,
        "Actual Total Time": 2265.346,
        "Actual Rows": 0,
        "Actual Loops": 1,
        "Plans": [
          {
            "Node Type": "Aggregate",
            "Strategy": "Sorted",
            "Partial Mode": "Simple",
            "Parent Relationship": "Subquery",
            "Parallel Aware": false,
            "Async Capable": false,
            "Startup Cost": 166766.85,
            "Total Cost": 1589153.98,
            "Plan Rows": 2460,
            "Plan Width": 93,
            "Actual Startup Time": 2265.232,
            "Actual Total Time": 2265.345,
            "Actual Rows": 0,
            "Actual Loops": 1,
            "Group Key": [
              "warehouse.w_warehouse_sk",
              "item.i_item_sk",
              "date_dim.d_moy"
            ],
            "Filter": "(CASE avg(inventory.inv_quantity_on_hand) WHEN '0'::numeric THEN '0'::numeric ELSE (stddev_samp(inventory.inv_quantity_on_hand) / avg(inventory.inv_quantity_on_hand)) END > '1'::numeric)",
            "Rows Removed by Filter": 187271,
            "Plans": [
              {
                "Node Type": "Incremental Sort",
                "Parent Relationship": "Outer",
                "Parallel Aware": false,
                "Async Capable": false,
                "Startup Cost": 166766.85,
                "Total Cost": 1588895.68,
                "Plan Rows": 7380,
                "Plan Width": 33,
                "Actual Startup Time": 1958.414,
                "Actual Total Time": 2162.166,
                "Actual Rows": 254709,
                "Actual Loops": 1,
                "Sort Key": [
                  "warehouse.w_warehouse_sk",
                  "item.i_item_sk",
                  "date_dim.d_moy"
                ],
                "Presorted Key": [
                  "warehouse.w_warehouse_sk"
                ],
                "Full-sort Groups": {
                  "Group Count": 10,
                  "Sort Methods Used": [
                    "quicksort"
                  ],
                  "Sort Space Memory": {
                    "Average Sort Space Used": 30,
                    "Peak Sort Space Used": 30
                  }
                },
                "Pre-sorted Groups": {
                  "Group Count": 10,
                  "Sort Methods Used": [
                    "quicksort"
                  ],
                  "Sort Space Memory": {
                    "Average Sort Space Used": 2774,
                    "Peak Sort Space Used": 2776
                  }
                },
                "Plans": [
                  {
                    "Node Type": "Nested Loop",
                    "Parent Relationship": "Outer",
                    "Parallel Aware": false,
                    "Async Capable": false,
                    "Join Type": "Inner",
                    "Startup Cost": 8763.84,
                    "Total Cost": 1588234.28,
                    "Plan Rows": 7380,
                    "Plan Width": 33,
                    "Actual Startup Time": 1419.917,
                    "Actual Total Time": 2101.436,
                    "Actual Rows": 254709,
                    "Actual Loops": 1,
                    "Inner Unique": false,
                    "Join Filter": "(inventory.inv_warehouse_sk = warehouse.w_warehouse_sk)",
                    "Rows Removed by Join Filter": 2292381,
                    "Plans": [
                      {
                        "Node Type": "Index Scan",
                        "Parent Relationship": "Outer",
                        "Parallel Aware": false,
                        "Async Capable": false,
                        "Scan Direction": "Forward",
                        "Index Name": "warehouse_pkey",
                        "Relation Name": "warehouse",
                        "Alias": "warehouse",
                        "Startup Cost": 0.14,
                        "Total Cost": 12.29,
                        "Plan Rows": 10,
                        "Plan Width": 21,
                        "Actual Startup Time": 0.003,
                        "Actual Total Time": 0.058,
                        "Actual Rows": 10,
                        "Actual Loops": 1
                      },
                      {
                        "Node Type": "Materialize",
                        "Parent Relationship": "Inner",
                        "Parallel Aware": false,
                        "Async Capable": false,
                        "Startup Cost": 8763.7,
                        "Total Cost": 1587133.45,
                        "Plan Rows": 7380,
                        "Plan Width": 16,
                        "Actual Startup Time": 141.993,
                        "Actual Total Time": 201.606,
                        "Actual Rows": 254709,
                        "Actual Loops": 10,
                        "Plans": [
                          {
                            "Node Type": "Gather",
                            "Parent Relationship": "Outer",
                            "Parallel Aware": false,
                            "Async Capable": false,
                            "Startup Cost": 8763.7,
                            "Total Cost": 1587096.55,
                            "Plan Rows": 7380,
                            "Plan Width": 16,
                            "Actual Startup Time": 1419.906,
                            "Actual Total Time": 1911.692,
                            "Actual Rows": 254709,
                            "Actual Loops": 1,
                            "Workers Planned": 2,
                            "Workers Launched": 2,
                            "Single Copy": false,
                            "Plans": [
                              {
                                "Node Type": "Hash Join",
                                "Parent Relationship": "Outer",
                                "Parallel Aware": true,
                                "Async Capable": false,
                                "Join Type": "Inner",
                                "Startup Cost": 7763.7,
                                "Total Cost": 1585358.55,
                                "Plan Rows": 3075,
                                "Plan Width": 16,
                                "Actual Startup Time": 1414.714,
                                "Actual Total Time": 1922.104,
                                "Actual Rows": 84903,
                                "Actual Loops": 3,
                                "Inner Unique": true,
                                "Hash Cond": "(inventory.inv_item_sk = item.i_item_sk)",
                                "Workers": [],
                                "Plans": [
                                  {
                                    "Node Type": "Hash Join",
                                    "Parent Relationship": "Outer",
                                    "Parallel Aware": false,
                                    "Async Capable": false,
                                    "Join Type": "Inner",
                                    "Startup Cost": 20.84,
                                    "Total Cost": 1577468.35,
                                    "Plan Rows": 56122,
                                    "Plan Width": 16,
                                    "Actual Startup Time": 1406.854,
                                    "Actual Total Time": 1834.104,
                                    "Actual Rows": 1604585,
                                    "Actual Loops": 3,
                                    "Inner Unique": true,
                                    "Hash Cond": "(inventory.inv_date_sk = date_dim.d_date_sk)",
                                    "Workers": [],
                                    "Plans": [
                                      {
                                        "Node Type": "Seq Scan",
                                        "Parent Relationship": "Outer",
                                        "Parallel Aware": true,
                                        "Async Capable": false,
                                        "Relation Name": "inventory",
                                        "Alias": "inventory",
                                        "Startup Cost": 0.0,
                                        "Total Cost": 1551452.05,
                                        "Plan Rows": 9902458,
                                        "Plan Width": 16,
                                        "Actual Startup Time": 0.017,
                                        "Actual Total Time": 1529.359,
                                        "Actual Rows": 8048979,
                                        "Actual Loops": 3,
                                        "Filter": "((inv_quantity_on_hand >= 791) AND (inv_quantity_on_hand <= 991))",
                                        "Rows Removed by Filter": 36321021,
                                        "Workers": []
                                      },
                                      {
                                        "Node Type": "Hash",
                                        "Parent Relationship": "Inner",
                                        "Parallel Aware": false,
                                        "Async Capable": false,
                                        "Startup Cost": 15.66,
                                        "Total Cost": 15.66,
                                        "Plan Rows": 414,
                                        "Plan Width": 8,
                                        "Actual Startup Time": 0.076,
                                        "Actual Total Time": 0.077,
                                        "Actual Rows": 365,
                                        "Actual Loops": 3,
                                        "Hash Buckets": 1024,
                                        "Original Hash Buckets": 1024,
                                        "Hash Batches": 1,
                                        "Original Hash Batches": 1,
                                        "Peak Memory Usage": 23,
                                        "Workers": [],
                                        "Plans": [
                                          {
                                            "Node Type": "Index Only Scan",
                                            "Parent Relationship": "Outer",
                                            "Parallel Aware": false,
                                            "Async Capable": false,
                                            "Scan Direction": "Forward",
                                            "Index Name": "_dta_index_date_dim_6_661577395__k7_k9_k1",
                                            "Relation Name": "date_dim",
                                            "Alias": "date_dim",
                                            "Startup Cost": 0.42,
                                            "Total Cost": 15.66,
                                            "Plan Rows": 414,
                                            "Plan Width": 8,
                                            "Actual Startup Time": 0.026,
                                            "Actual Total Time": 0.047,
                                            "Actual Rows": 365,
                                            "Actual Loops": 3,
                                            "Index Cond": "(d_year = 2002)",
                                            "Rows Removed by Index Recheck": 0,
                                            "Heap Fetches": 0,
                                            "Workers": []
                                          }
                                        ]
                                      }
                                    ]
                                  },
                                  {
                                    "Node Type": "Hash",
                                    "Parent Relationship": "Inner",
                                    "Parallel Aware": true,
                                    "Async Capable": false,
                                    "Startup Cost": 7713.75,
                                    "Total Cost": 7713.75,
                                    "Plan Rows": 2329,
                                    "Plan Width": 4,
                                    "Actual Startup Time": 7.76,
                                    "Actual Total Time": 7.76,
                                    "Actual Rows": 1814,
                                    "Actual Loops": 3,
                                    "Hash Buckets": 8192,
                                    "Original Hash Buckets": 8192,
                                    "Hash Batches": 1,
                                    "Original Hash Batches": 1,
                                    "Peak Memory Usage": 320,
                                    "Workers": [],
                                    "Plans": [
                                      {
                                        "Node Type": "Seq Scan",
                                        "Parent Relationship": "Outer",
                                        "Parallel Aware": true,
                                        "Async Capable": false,
                                        "Relation Name": "item",
                                        "Alias": "item",
                                        "Startup Cost": 0.0,
                                        "Total Cost": 7713.75,
                                        "Plan Rows": 2329,
                                        "Plan Width": 4,
                                        "Actual Startup Time": 0.027,
                                        "Actual Total Time": 7.497,
                                        "Actual Rows": 1814,
                                        "Actual Loops": 3,
                                        "Filter": "((i_category = ANY ('{Shoes,Sports}'::bpchar[])) AND (i_manager_id >= 42) AND (i_manager_id <= 61))",
                                        "Rows Removed by Filter": 32186,
                                        "Workers": []
                                      }
                                    ]
                                  }
                                ]
                              }
                            ]
                          }
                        ]
                      }
                    ]
                  }
                ]
              }
            ]
          }
        ]
      },
      {
        "Node Type": "Hash Join",
        "Parent Relationship": "Outer",
        "Parallel Aware": false,
        "Async Capable": false,
        "Join Type": "Inner",
        "Startup Cost": 55.53,
        "Total Cost": 110.98,
        "Plan Rows": 1,
        "Plan Width": 152,
        "Actual Startup Time": 2265.234,
        "Actual Total Time": 2265.236,
        "Actual Rows": 0,
        "Actual Loops": 1,
        "Inner Unique": false,
        "Hash Cond": "((inv1.i_item_sk = inv2.i_item_sk) AND (inv1.w_warehouse_sk = inv2.w_warehouse_sk))",
        "Plans": [
          {
            "Node Type": "CTE Scan",
            "Parent Relationship": "Outer",
            "Parallel Aware": false,
            "Async Capable": false,
            "CTE Name": "inv",
            "Alias": "inv1",
            "Startup Cost": 0.0,
            "Total Cost": 55.35,
            "Plan Rows": 12,
            "Plan Width": 76,
            "Actual Startup Time": 2265.234,
            "Actual Total Time": 2265.234,
            "Actual Rows": 0,
            "Actual Loops": 1,
            "Filter": "(d_moy = 5)",
            "Rows Removed by Filter": 0
          },
          {
            "Node Type": "Hash",
            "Parent Relationship": "Inner",
            "Parallel Aware": false,
            "Async Capable": false,
            "Startup Cost": 55.35,
            "Total Cost": 55.35,
            "Plan Rows": 12,
            "Plan Width": 76,
            "Actual Startup Time": 0.0,
            "Actual Total Time": 0.0,
            "Actual Rows": 0,
            "Actual Loops": 0,
            "Plans": [
              {
                "Node Type": "CTE Scan",
                "Parent Relationship": "Outer",
                "Parallel Aware": false,
                "Async Capable": false,
                "CTE Name": "inv",
                "Alias": "inv2",
                "Startup Cost": 0.0,
                "Total Cost": 55.35,
                "Plan Rows": 12,
                "Plan Width": 76,
                "Actual Startup Time": 0.0,
                "Actual Total Time": 0.0,
                "Actual Rows": 0,
                "Actual Loops": 0,
                "Filter": "(d_moy = 6)",
                "Rows Removed by Filter": 0
              }
            ]
          }
        ]
      }
    ]
  },
  "actual_rows": 0
}