{
  "plan_json": [
    {
      "Plan": {
        "Node Type": "Limit",
        "Parallel Aware": false,
        "Async Capable": false,
        "Startup Cost": 29264.94,
        "Total Cost": 29264.95,
        "Plan Rows": 1,
        "Plan Width": 245,
        "Actual Startup Time": 447.563,
        "Actual Total Time": 447.833,
        "Actual Rows": 0,
        "Actual Loops": 1,
        "Plans": [
          {
            "Node Type": "Sort",
            "Parent Relationship": "Outer",
            "Parallel Aware": false,
            "Async Capable": false,
            "Startup Cost": 29264.94,
            "Total Cost": 29264.95,
            "Plan Rows": 1,
            "Plan Width": 245,
            "Actual Startup Time": 447.561,
            "Actual Total Time": 447.831,
            "Actual Rows": 0,
            "Actual Loops": 1,
            "Sort Key": [
              "item_1.i_item_id",
              "customer_1.c_birth_year",
              "(sum(store_sales.ss_ext_sales_price))"
            ],
            "Sort Method": "quicksort",
            "Sort Space Used": 25,
            "Sort Space Type": "Memory",
            "Plans": [
              {
                "Node Type": "Merge Join",
                "Parent Relationship": "Outer",
                "Parallel Aware": false,
                "Async Capable": false,
                "Join Type": "Inner",
                "Startup Cost": 29260.0,
                "Total Cost": 29264.93,
                "Plan Rows": 1,
                "Plan Width": 245,
                "Actual Startup Time": 447.559,
                "Actual Total Time": 447.828,
                "Actual Rows": 0,
                "Actual Loops": 1,
                "Inner Unique": false,
                "Merge Cond": "((item.i_item_id = item_1.i_item_id) AND (customer.c_birth_year = customer_1.c_birth_year))",
                "Join Filter": "(((sum(store_sales.ss_ext_sales_price)) >= (0.9 * (sum(catalog_sales.cs_ext_sales_price)))) AND ((sum(store_sales.ss_ext_sales_price)) <= (1.1 * (sum(catalog_sales.cs_ext_sales_price)))) AND ((sum(catalog_sales.cs_ext_sales_price)) >= (0.9 * (sum(store_sales.ss_ext_sales_price)))) AND ((sum(catalog_sales.cs_ext_sales_price)) <= (1.1 * (sum(store_sales.ss_ext_sales_price)))) AND ((sum(catalog_sales.cs_ext_sales_price)) >= (0.9 * (sum(web_sales.ws_ext_sales_price)))) AND ((sum(catalog_sales.cs_ext_sales_price)) <= (1.1 * (sum(web_sales.ws_ext_sales_price)))) AND ((sum(web_sales.ws_ext_sales_price)) >= (0.9 * (sum(catalog_sales.cs_ext_sales_price)))) AND ((sum(web_sales.ws_ext_sales_price)) <= (1.1 * (sum(catalog_sales.cs_ext_sales_price)))))",
                "Rows Removed by Join Filter": 0,
                "Plans": [
                  {
                    "Node Type": "Aggregate",
                    "Strategy": "Sorted",
                    "Partial Mode": "Finalize",
                    "Parent Relationship": "Outer",
                    "Parallel Aware": false,
                    "Async Capable": false,
                    "Startup Cost": 7305.0,
                    "Total Cost": 7305.99,
                    "Plan Rows": 10,
                    "Plan Width": 53,
                    "Actual Startup Time": 46.679,
                    "Actual Total Time": 46.81,
                    "Actual Rows": 1,
                    "Actual Loops": 1,
                    "Group Key": [
                      "item.i_item_id",
                      "customer.c_birth_year"
                    ],
                    "Plans": [
                      {
                        "Node Type": "Index Only Scan",
                        "Parent Relationship": "InitPlan",
                        "Subplan Name": "InitPlan 2 (returns $1)",
                        "Parallel Aware": false,
                        "Async Capable": false,
                        "Scan Direction": "Forward",
                        "Index Name": "_dta_index_date_dim_6_661577395__k4_k3",
                        "Relation Name": "date_dim",
                        "Alias": "date_dim_7",
                        "Startup Cost": 0.29,
                        "Total Cost": 1356.17,
                        "Plan Rows": 1,
                        "Plan Width": 4,
                        "Actual Startup Time": 0.269,
                        "Actual Total Time": 0.514,
                        "Actual Rows": 1,
                        "Actual Loops": 1,
                        "Index Cond": "(d_date = '2001-06-06'::date)",
                        "Rows Removed by Index Recheck": 0,
                        "Heap Fetches": 0
                      },
                      {
                        "Node Type": "Gather Merge",
                        "Parent Relationship": "Outer",
                        "Parallel Aware": false,
                        "Async Capable": false,
                        "Startup Cost": 5948.83,
                        "Total Cost": 5949.64,
                        "Plan Rows": 6,
                        "Plan Width": 53,
                        "Actual Startup Time": 46.672,
                        "Actual Total Time": 46.803,
                        "Actual Rows": 2,
                        "Actual Loops": 1,
                        "Workers Planned": 1,
                        "Params Evaluated": [
                          "$1"
                        ],
                        "Workers Launched": 1,
                        "Plans": [
                          {
                            "Node Type": "Aggregate",
                            "Strategy": "Sorted",
                            "Partial Mode": "Partial",
                            "Parent Relationship": "Outer",
                            "Parallel Aware": false,
                            "Async Capable": false,
                            "Startup Cost": 4948.82,
                            "Total Cost": 4948.95,
                            "Plan Rows": 6,
                            "Plan Width": 53,
                            "Actual Startup Time": 24.854,
                            "Actual Total Time": 24.858,
                            "Actual Rows": 1,
                            "Actual Loops": 2,
                            "Group Key": [
                              "item.i_item_id",
                              "customer.c_birth_year"
                            ],
                            "Workers": [],
                            "Plans": [
                              {
                                "Node Type": "Sort",
                                "Parent Relationship": "Outer",
                                "Parallel Aware": false,
                                "Async Capable": false,
                                "Startup Cost": 4948.82,
                                "Total Cost": 4948.83,
                                "Plan Rows": 6,
                                "Plan Width": 27,
                                "Actual Startup Time": 24.848,
                                "Actual Total Time": 24.852,
                                "Actual Rows": 2,
                                "Actual Loops": 2,
                                "Sort Key": [
                                  "item.i_item_id",
                                  "customer.c_birth_year"
                                ],
                                "Sort Method": "quicksort",
                                "Sort Space Used": 38,
                                "Sort Space Type": "Memory",
                                "Workers": [
                                  {
                                    "Worker Number": 0,
                                    "Sort Method": "quicksort",
                                    "Sort Space Used": 25,
                                    "Sort Space Type": "Memory"
                                  }
                                ],
                                "Plans": [
                                  {
                                    "Node Type": "Nested Loop",
                                    "Parent Relationship": "Outer",
                                    "Parallel Aware": false,
                                    "Async Capable": false,
                                    "Join Type": "Inner",
                                    "Startup Cost": 6.47,
                                    "Total Cost": 4948.74,
                                    "Plan Rows": 6,
                                    "Plan Width": 27,
                                    "Actual Startup Time": 4.281,
                                    "Actual Total Time": 24.768,
                                    "Actual Rows": 88,
                                    "Actual Loops": 2,
                                    "Inner Unique": true,
                                    "Workers": [],
                                    "Plans": [
                                      {
                                        "Node Type": "Nested Loop",
                                        "Parent Relationship": "Outer",
                                        "Parallel Aware": false,
                                        "Async Capable": false,
                                        "Join Type": "Inner",
                                        "Startup Cost": 6.04,
                                        "Total Cost": 4920.39,
                                        "Plan Rows": 54,
                                        "Plan Width": 27,
                                        "Actual Startup Time": 4.038,
                                        "Actual Total Time": 21.042,
                                        "Actual Rows": 816,
                                        "Actual Loops": 2,
                                        "Inner Unique": true,
                                        "Workers": [],
                                        "Plans": [
                                          {
                                            "Node Type": "Nested Loop",
                                            "Parent Relationship": "Outer",
                                            "Parallel Aware": false,
                                            "Async Capable": false,
                                            "Join Type": "Inner",
                                            "Startup Cost": 5.75,
                                            "Total Cost": 4856.11,
                                            "Plan Rows": 182,
                                            "Plan Width": 14,
                                            "Actual Startup Time": 4.023,
                                            "Actual Total Time": 13.325,
                                            "Actual Rows": 3022,
                                            "Actual Loops": 2,
                                            "Inner Unique": false,
                                            "Workers": [],
                                            "Plans": [
                                              {
                                                "Node Type": "Hash Join",
                                                "Parent Relationship": "Outer",
                                                "Parallel Aware": false,
                                                "Async Capable": false,
                                                "Join Type": "Semi",
                                                "Startup Cost": 5.19,
                                                "Total Cost": 1952.89,
                                                "Plan Rows": 18,
                                                "Plan Width": 4,
                                                "Actual Startup Time": 3.626,
                                                "Actual Total Time": 3.661,
                                                "Actual Rows": 15,
                                                "Actual Loops": 2,
                                                "Inner Unique": false,
                                                "Hash Cond": "(date_dim.d_date = date_dim_1.d_date)",
                                                "Workers": [],
                                                "Plans": [
                                                  {
                                                    "Node Type": "Seq Scan",
                                                    "Parent Relationship": "Outer",
                                                    "Parallel Aware": true,
                                                    "Async Capable": false,
                                                    "Relation Name": "date_dim",
                                                    "Alias": "date_dim",
                                                    "Startup Cost": 0.0,
                                                    "Total Cost": 1834.7,
                                                    "Plan Rows": 42970,
                                                    "Plan Width": 8,
                                                    "Actual Startup Time": 0.005,
                                                    "Actual Total Time": 1.859,
                                                    "Actual Rows": 36524,
                                                    "Actual Loops": 2,
                                                    "Workers": []
                                                  },
                                                  {
                                                    "Node Type": "Hash",
                                                    "Parent Relationship": "Inner",
                                                    "Parallel Aware": false,
                                                    "Async Capable": false,
                                                    "Startup Cost": 4.82,
                                                    "Total Cost": 4.82,
                                                    "Plan Rows": 30,
                                                    "Plan Width": 4,
                                                    "Actual Startup Time": 0.027,
                                                    "Actual Total Time": 0.028,
                                                    "Actual Rows": 30,
                                                    "Actual Loops": 2,
                                                    "Hash Buckets": 1024,
                                                    "Original Hash Buckets": 1024,
                                                    "Hash Batches": 1,
                                                    "Original Hash Batches": 1,
                                                    "Peak Memory Usage": 10,
                                                    "Workers": [],
                                                    "Plans": [
                                                      {
                                                        "Node Type": "Index Only Scan",
                                                        "Parent Relationship": "Outer",
                                                        "Parallel Aware": false,
                                                        "Async Capable": false,
                                                        "Scan Direction": "Forward",
                                                        "Index Name": "_dta_index_date_dim_6_661577395__k4_k3",
                                                        "Relation Name": "date_dim",
                                                        "Alias": "date_dim_1",
                                                        "Startup Cost": 0.29,
                                                        "Total Cost": 4.82,
                                                        "Plan Rows": 30,
                                                        "Plan Width": 4,
                                                        "Actual Startup Time": 0.017,
                                                        "Actual Total Time": 0.019,
                                                        "Actual Rows": 30,
                                                        "Actual Loops": 2,
                                                        "Index Cond": "(d_month_seq = $1)",
                                                        "Rows Removed by Index Recheck": 0,
                                                        "Heap Fetches": 0,
                                                        "Workers": []
                                                      }
                                                    ]
                                                  }
                                                ]
                                              },
                                              {
                                                "Node Type": "Index Only Scan",
                                                "Parent Relationship": "Inner",
                                                "Parallel Aware": false,
                                                "Async Capable": false,
                                                "Scan Direction": "Forward",
                                                "Index Name": "_dta_index_catalog_sales_6_1301579675__k1_4_16_18_19_21_24",
                                                "Relation Name": "catalog_sales",
                                                "Alias": "catalog_sales",
                                                "Startup Cost": 0.56,
                                                "Total Cost": 157.73,
                                                "Plan Rows": 356,
                                                "Plan Width": 18,
                                                "Actual Startup Time": 0.033,
                                                "Actual Total Time": 0.626,
                                                "Actual Rows": 201,
                                                "Actual Loops": 30,
                                                "Index Cond": "(cs_sold_date_sk = date_dim.d_date_sk)",
                                                "Rows Removed by Index Recheck": 0,
                                                "Filter": "((cs_list_price >= '168'::numeric) AND (cs_list_price <= '197'::numeric))",
                                                "Rows Removed by Filter": 3598,
                                                "Heap Fetches": 0,
                                                "Workers": []
                                              }
                                            ]
                                          },
                                          {
                                            "Node Type": "Index Scan",
                                            "Parent Relationship": "Inner",
                                            "Parallel Aware": false,
                                            "Async Capable": false,
                                            "Scan Direction": "Forward",
                                            "Index Name": "item_pkey",
                                            "Relation Name": "item",
                                            "Alias": "item",
                                            "Startup Cost": 0.29,
                                            "Total Cost": 0.35,
                                            "Plan Rows": 1,
                                            "Plan Width": 21,
                                            "Actual Startup Time": 0.002,
                                            "Actual Total Time": 0.002,
                                            "Actual Rows": 0,
                                            "Actual Loops": 6043,
                                            "Index Cond": "(i_item_sk = catalog_sales.cs_item_sk)",
                                            "Rows Removed by Index Recheck": 0,
                                            "Filter": "((i_manager_id >= 42) AND (i_manager_id <= 71))",
                                            "Rows Removed by Filter": 1,
                                            "Workers": []
                                          }
                                        ]
                                      },
                                      {
                                        "Node Type": "Index Scan",
                                        "Parent Relationship": "Inner",
                                        "Parallel Aware": false,
                                        "Async Capable": false,
                                        "Scan Direction": "Forward",
                                        "Index Name": "_dta_index_customer_6_949578421__k1_k5",
                                        "Relation Name": "customer",
                                        "Alias": "customer",
                                        "Startup Cost": 0.42,
                                        "Total Cost": 0.53,
                                        "Plan Rows": 1,
                                        "Plan Width": 8,
                                        "Actual Startup Time": 0.004,
                                        "Actual Total Time": 0.004,
                                        "Actual Rows": 0,
                                        "Actual Loops": 1633,
                                        "Index Cond": "(c_customer_sk = catalog_sales.cs_bill_customer_sk)",
                                        "Rows Removed by Index Recheck": 0,
                                        "Filter": "((c_birth_year >= 1985) AND (c_birth_year <= 1991))",
                                        "Rows Removed by Filter": 1,
                                        "Workers": []
                                      }
                                    ]
                                  }
                                ]
                              }
                            ]
                          }
                        ]
                      }
                    ]
                  },
                  {
                    "Node Type": "Materialize",
                    "Parent Relationship": "Inner",
                    "Parallel Aware": false,
                    "Async Capable": false,
                    "Startup Cost": 21955.0,
                    "Total Cost": 21958.69,
                    "Plan Rows": 1,
                    "Plan Width": 106,
                    "Actual Startup Time": 400.877,
                    "Actual Total Time": 401.015,
                    "Actual Rows": 0,
                    "Actual Loops": 1,
                    "Plans": [
                      {
                        "Node Type": "Merge Join",
                        "Parent Relationship": "Outer",
                        "Parallel Aware": false,
                        "Async Capable": false,
                        "Join Type": "Inner",
                        "Startup Cost": 21955.0,
                        "Total Cost": 21958.69,
                        "Plan Rows": 1,
                        "Plan Width": 106,
                        "Actual Startup Time": 400.874,
                        "Actual Total Time": 401.011,
                        "Actual Rows": 0,
                        "Actual Loops": 1,
                        "Inner Unique": true,
                        "Merge Cond": "((item_1.i_item_id = item_2.i_item_id) AND (customer_1.c_birth_year = customer_2.c_birth_year))",
                        "Join Filter": "(((sum(store_sales.ss_ext_sales_price)) >= (0.9 * (sum(web_sales.ws_ext_sales_price)))) AND ((sum(store_sales.ss_ext_sales_price)) <= (1.1 * (sum(web_sales.ws_ext_sales_price)))) AND ((sum(web_sales.ws_ext_sales_price)) >= (0.9 * (sum(store_sales.ss_ext_sales_price)))) AND ((sum(web_sales.ws_ext_sales_price)) <= (1.1 * (sum(store_sales.ss_ext_sales_price)))))",
                        "Rows Removed by Join Filter": 1,
                        "Plans": [
                          {
                            "Node Type": "Aggregate",
                            "Strategy": "Sorted",
                            "Partial Mode": "Finalize",
                            "Parent Relationship": "Outer",
                            "Parallel Aware": false,
                            "Async Capable": false,
                            "Startup Cost": 15951.96,
                            "Total Cost": 15954.29,
                            "Plan Rows": 24,
                            "Plan Width": 53,
                            "Actual Startup Time": 365.196,
                            "Actual Total Time": 366.545,
                            "Actual Rows": 951,
                            "Actual Loops": 1,
                            "Group Key": [
                              "item_1.i_item_id",
                              "customer_1.c_birth_year"
                            ],
                            "Plans": [
                              {
                                "Node Type": "Index Only Scan",
                                "Parent Relationship": "InitPlan",
                                "Subplan Name": "InitPlan 1 (returns $0)",
                                "Parallel Aware": false,
                                "Async Capable": false,
                                "Scan Direction": "Forward",
                                "Index Name": "_dta_index_date_dim_6_661577395__k4_k3",
                                "Relation Name": "date_dim",
                                "Alias": "date_dim_6",
                                "Startup Cost": 0.29,
                                "Total Cost": 1356.17,
                                "Plan Rows": 1,
                                "Plan Width": 4,
                                "Actual Startup Time": 0.263,
                                "Actual Total Time": 0.49,
                                "Actual Rows": 1,
                                "Actual Loops": 1,
                                "Index Cond": "(d_date = '2001-06-06'::date)",
                                "Rows Removed by Index Recheck": 0,
                                "Heap Fetches": 0
                              },
                              {
                                "Node Type": "Gather Merge",
                                "Parent Relationship": "Outer",
                                "Parallel Aware": false,
                                "Async Capable": false,
                                "Startup Cost": 14595.79,
                                "Total Cost": 14597.68,
                                "Plan Rows": 14,
                                "Plan Width": 53,
                                "Actual Startup Time": 365.189,
                                "Actual Total Time": 366.061,
                                "Actual Rows": 951,
                                "Actual Loops": 1,
                                "Workers Planned": 1,
                                "Params Evaluated": [
                                  "$0"
                                ],
                                "Workers Launched": 1,
                                "Plans": [
                                  {
                                    "Node Type": "Aggregate",
                                    "Strategy": "Sorted",
                                    "Partial Mode": "Partial",
                                    "Parent Relationship": "Outer",
                                    "Parallel Aware": false,
                                    "Async Capable": false,
                                    "Startup Cost": 13595.78,
                                    "Total Cost": 13596.1,
                                    "Plan Rows": 14,
                                    "Plan Width": 53,
                                    "Actual Startup Time": 184.508,
                                    "Actual Total Time": 184.887,
                                    "Actual Rows": 476,
                                    "Actual Loops": 2,
                                    "Group Key": [
                                      "item_1.i_item_id",
                                      "customer_1.c_birth_year"
                                    ],
                                    "Workers": [],
                                    "Plans": [
                                      {
                                        "Node Type": "Sort",
                                        "Parent Relationship": "Outer",
                                        "Parallel Aware": false,
                                        "Async Capable": false,
                                        "Startup Cost": 13595.78,
                                        "Total Cost": 13595.82,
                                        "Plan Rows": 14,
                                        "Plan Width": 27,
                                        "Actual Startup Time": 184.503,
                                        "Actual Total Time": 184.594,
                                        "Actual Rows": 972,
                                        "Actual Loops": 2,
                                        "Sort Key": [
                                          "item_1.i_item_id",
                                          "customer_1.c_birth_year"
                                        ],
                                        "Sort Method": "quicksort",
                                        "Sort Space Used": 200,
                                        "Sort Space Type": "Memory",
                                        "Workers": [
                                          {
                                            "Worker Number": 0,
                                            "Sort Method": "quicksort",
                                            "Sort Space Used": 25,
                                            "Sort Space Type": "Memory"
                                          }
                                        ],
                                        "Plans": [
                                          {
                                            "Node Type": "Nested Loop",
                                            "Parent Relationship": "Outer",
                                            "Parallel Aware": false,
                                            "Async Capable": false,
                                            "Join Type": "Inner",
                                            "Startup Cost": 6.47,
                                            "Total Cost": 13595.51,
                                            "Plan Rows": 14,
                                            "Plan Width": 27,
                                            "Actual Startup Time": 4.423,
                                            "Actual Total Time": 183.881,
                                            "Actual Rows": 972,
                                            "Actual Loops": 2,
                                            "Inner Unique": true,
                                            "Workers": [],
                                            "Plans": [
                                              {
                                                "Node Type": "Nested Loop",
                                                "Parent Relationship": "Outer",
                                                "Parallel Aware": false,
                                                "Async Capable": false,
                                                "Join Type": "Inner",
                                                "Startup Cost": 6.05,
                                                "Total Cost": 13506.11,
                                                "Plan Rows": 135,
                                                "Plan Width": 27,
                                                "Actual Startup Time": 4.385,
                                                "Actual Total Time": 149.307,
                                                "Actual Rows": 8766,
                                                "Actual Loops": 2,
                                                "Inner Unique": true,
                                                "Workers": [],
                                                "Plans": [
                                                  {
                                                    "Node Type": "Nested Loop",
                                                    "Parent Relationship": "Outer",
                                                    "Parallel Aware": false,
                                                    "Async Capable": false,
                                                    "Join Type": "Inner",
                                                    "Startup Cost": 5.75,
                                                    "Total Cost": 13275.27,
                                                    "Plan Rows": 460,
                                                    "Plan Width": 14,
                                                    "Actual Startup Time": 4.381,
                                                    "Actual Total Time": 92.538,
                                                    "Actual Rows": 27168,
                                                    "Actual Loops": 2,
                                                    "Inner Unique": false,
                                                    "Workers": [],
                                                    "Plans": [
                                                      {
                                                        "Node Type": "Hash Join",
                                                        "Parent Relationship": "Outer",
                                                        "Parallel Aware": false,
                                                        "Async Capable": false,
                                                        "Join Type": "Semi",
                                                        "Startup Cost": 5.19,
                                                        "Total Cost": 1952.89,
                                                        "Plan Rows": 18,
                                                        "Plan Width": 4,
                                                        "Actual Startup Time": 4.347,
                                                        "Actual Total Time": 4.43,
                                                        "Actual Rows": 15,
                                                        "Actual Loops": 2,
                                                        "Inner Unique": false,
                                                        "Hash Cond": "(date_dim_2.d_date = date_dim_3.d_date)",
                                                        "Workers": [],
                                                        "Plans": [
                                                          {
                                                            "Node Type": "Seq Scan",
                                                            "Parent Relationship": "Outer",
                                                            "Parallel Aware": true,
                                                            "Async Capable": false,
                                                            "Relation Name": "date_dim",
                                                            "Alias": "date_dim_2",
                                                            "Startup Cost": 0.0,
                                                            "Total Cost": 1834.7,
                                                            "Plan Rows": 42970,
                                                            "Plan Width": 8,
                                                            "Actual Startup Time": 0.003,
                                                            "Actual Total Time": 2.184,
                                                            "Actual Rows": 36524,
                                                            "Actual Loops": 2,
                                                            "Workers": []
                                                          },
                                                          {
                                                            "Node Type": "Hash",
                                                            "Parent Relationship": "Inner",
                                                            "Parallel Aware": false,
                                                            "Async Capable": false,
                                                            "Startup Cost": 4.82,
                                                            "Total Cost": 4.82,
                                                            "Plan Rows": 30,
                                                            "Plan Width": 4,
                                                            "Actual Startup Time": 0.029,
                                                            "Actual Total Time": 0.029,
                                                            "Actual Rows": 30,
                                                            "Actual Loops": 2,
                                                            "Hash Buckets": 1024,
                                                            "Original Hash Buckets": 1024,
                                                            "Hash Batches": 1,
                                                            "Original Hash Batches": 1,
                                                            "Peak Memory Usage": 10,
                                                            "Workers": [],
                                                            "Plans": [
                                                              {
                                                                "Node Type": "Index Only Scan",
                                                                "Parent Relationship": "Outer",
                                                                "Parallel Aware": false,
                                                                "Async Capable": false,
                                                                "Scan Direction": "Forward",
                                                                "Index Name": "_dta_index_date_dim_6_661577395__k4_k3",
                                                                "Relation Name": "date_dim",
                                                                "Alias": "date_dim_3",
                                                                "Startup Cost": 0.29,
                                                                "Total Cost": 4.82,
                                                                "Plan Rows": 30,
                                                                "Plan Width": 4,
                                                                "Actual Startup Time": 0.021,
                                                                "Actual Total Time": 0.023,
                                                                "Actual Rows": 30,
                                                                "Actual Loops": 2,
                                                                "Index Cond": "(d_month_seq = $0)",
                                                                "Rows Removed by Index Recheck": 0,
                                                                "Heap Fetches": 0,
                                                                "Workers": []
                                                              }
                                                            ]
                                                          }
                                                        ]
                                                      },
                                                      {
                                                        "Node Type": "Index Only Scan",
                                                        "Parent Relationship": "Inner",
                                                        "Parallel Aware": false,
                                                        "Async Capable": false,
                                                        "Scan Direction": "Forward",
                                                        "Index Name": "_dta_index_store_sales_6_1333579789__k1_k23_k14_k6_k8_k5_k7_3_4",
                                                        "Relation Name": "store_sales",
                                                        "Alias": "store_sales",
                                                        "Startup Cost": 0.56,
                                                        "Total Cost": 619.74,
                                                        "Plan Rows": 928,
                                                        "Plan Width": 18,
                                                        "Actual Startup Time": 0.013,
                                                        "Actual Total Time": 5.718,
                                                        "Actual Rows": 1811,
                                                        "Actual Loops": 30,
                                                        "Index Cond": "(ss_sold_date_sk = date_dim_2.d_date_sk)",
                                                        "Rows Removed by Index Recheck": 0,
                                                        "Filter": "((ss_list_price >= '168'::numeric) AND (ss_list_price <= '197'::numeric))",
                                                        "Rows Removed by Filter": 23098,
                                                        "Heap Fetches": 0,
                                                        "Workers": []
                                                      }
                                                    ]
                                                  },
                                                  {
                                                    "Node Type": "Index Scan",
                                                    "Parent Relationship": "Inner",
                                                    "Parallel Aware": false,
                                                    "Async Capable": false,
                                                    "Scan Direction": "Forward",
                                                    "Index Name": "item_pkey",
                                                    "Relation Name": "item",
                                                    "Alias": "item_1",
                                                    "Startup Cost": 0.29,
                                                    "Total Cost": 0.5,
                                                    "Plan Rows": 1,
                                                    "Plan Width": 21,
                                                    "Actual Startup Time": 0.002,
                                                    "Actual Total Time": 0.002,
                                                    "Actual Rows": 0,
                                                    "Actual Loops": 54335,
                                                    "Index Cond": "(i_item_sk = store_sales.ss_item_sk)",
                                                    "Rows Removed by Index Recheck": 0,
                                                    "Filter": "((i_manager_id >= 42) AND (i_manager_id <= 71))",
                                                    "Rows Removed by Filter": 1,
                                                    "Workers": []
                                                  }
                                                ]
                                              },
                                              {
                                                "Node Type": "Index Scan",
                                                "Parent Relationship": "Inner",
                                                "Parallel Aware": false,
                                                "Async Capable": false,
                                                "Scan Direction": "Forward",
                                                "Index Name": "_dta_index_customer_6_949578421__k1_k5",
                                                "Relation Name": "customer",
                                                "Alias": "customer_1",
                                                "Startup Cost": 0.42,
                                                "Total Cost": 0.66,
                                                "Plan Rows": 1,
                                                "Plan Width": 8,
                                                "Actual Startup Time": 0.004,
                                                "Actual Total Time": 0.004,
                                                "Actual Rows": 0,
                                                "Actual Loops": 17532,
                                                "Index Cond": "(c_customer_sk = store_sales.ss_customer_sk)",
                                                "Rows Removed by Index Recheck": 0,
                                                "Filter": "((c_birth_year >= 1985) AND (c_birth_year <= 1991))",
                                                "Rows Removed by Filter": 1,
                                                "Workers": []
                                              }
                                            ]
                                          }
                                        ]
                                      }
                                    ]
                                  }
                                ]
                              }
                            ]
                          },
                          {
                            "Node Type": "Materialize",
                            "Parent Relationship": "Inner",
                            "Parallel Aware": false,
                            "Async Capable": false,
                            "Startup Cost": 6003.04,
                            "Total Cost": 6003.97,
                            "Plan Rows": 8,
                            "Plan Width": 53,
                            "Actual Startup Time": 34.184,
                            "Actual Total Time": 34.376,
                            "Actual Rows": 80,
                            "Actual Loops": 1,
                            "Plans": [
                              {
                                "Node Type": "Aggregate",
                                "Strategy": "Sorted",
                                "Partial Mode": "Finalize",
                                "Parent Relationship": "Outer",
                                "Parallel Aware": false,
                                "Async Capable": false,
                                "Startup Cost": 6003.04,
                                "Total Cost": 6003.87,
                                "Plan Rows": 8,
                                "Plan Width": 53,
                                "Actual Startup Time": 34.18,
                                "Actual Total Time": 34.357,
                                "Actual Rows": 80,
                                "Actual Loops": 1,
                                "Group Key": [
                                  "item_2.i_item_id",
                                  "customer_2.c_birth_year"
                                ],
                                "Plans": [
                                  {
                                    "Node Type": "Index Only Scan",
                                    "Parent Relationship": "InitPlan",
                                    "Subplan Name": "InitPlan 3 (returns $2)",
                                    "Parallel Aware": false,
                                    "Async Capable": false,
                                    "Scan Direction": "Forward",
                                    "Index Name": "_dta_index_date_dim_6_661577395__k4_k3",
                                    "Relation Name": "date_dim",
                                    "Alias": "date_dim_8",
                                    "Startup Cost": 0.29,
                                    "Total Cost": 1356.17,
                                    "Plan Rows": 1,
                                    "Plan Width": 4,
                                    "Actual Startup Time": 0.419,
                                    "Actual Total Time": 0.822,
                                    "Actual Rows": 1,
                                    "Actual Loops": 1,
                                    "Index Cond": "(d_date = '2001-06-06'::date)",
                                    "Rows Removed by Index Recheck": 0,
                                    "Heap Fetches": 0
                                  },
                                  {
                                    "Node Type": "Gather Merge",
                                    "Parent Relationship": "Outer",
                                    "Parallel Aware": false,
                                    "Async Capable": false,
                                    "Startup Cost": 4646.87,
                                    "Total Cost": 4647.55,
                                    "Plan Rows": 5,
                                    "Plan Width": 53,
                                    "Actual Startup Time": 34.173,
                                    "Actual Total Time": 34.303,
                                    "Actual Rows": 80,
                                    "Actual Loops": 1,
                                    "Workers Planned": 1,
                                    "Params Evaluated": [
                                      "$2"
                                    ],
                                    "Workers Launched": 1,
                                    "Plans": [
                                      {
                                        "Node Type": "Aggregate",
                                        "Strategy": "Sorted",
                                        "Partial Mode": "Partial",
                                        "Parent Relationship": "Outer",
                                        "Parallel Aware": false,
                                        "Async Capable": false,
                                        "Startup Cost": 3646.86,
                                        "Total Cost": 3646.97,
                                        "Plan Rows": 5,
                                        "Plan Width": 53,
                                        "Actual Startup Time": 19.445,
                                        "Actual Total Time": 19.478,
                                        "Actual Rows": 40,
                                        "Actual Loops": 2,
                                        "Group Key": [
                                          "item_2.i_item_id",
                                          "customer_2.c_birth_year"
                                        ],
                                        "Workers": [],
                                        "Plans": [
                                          {
                                            "Node Type": "Sort",
                                            "Parent Relationship": "Outer",
                                            "Parallel Aware": false,
                                            "Async Capable": false,
                                            "Startup Cost": 3646.86,
                                            "Total Cost": 3646.87,
                                            "Plan Rows": 5,
                                            "Plan Width": 27,
                                            "Actual Startup Time": 19.439,
                                            "Actual Total Time": 19.446,
                                            "Actual Rows": 66,
                                            "Actual Loops": 2,
                                            "Sort Key": [
                                              "item_2.i_item_id",
                                              "customer_2.c_birth_year"
                                            ],
                                            "Sort Method": "quicksort",
                                            "Sort Space Used": 35,
                                            "Sort Space Type": "Memory",
                                            "Workers": [
                                              {
                                                "Worker Number": 0,
                                                "Sort Method": "quicksort",
                                                "Sort Space Used": 25,
                                                "Sort Space Type": "Memory"
                                              }
                                            ],
                                            "Plans": [
                                              {
                                                "Node Type": "Nested Loop",
                                                "Parent Relationship": "Outer",
                                                "Parallel Aware": false,
                                                "Async Capable": false,
                                                "Join Type": "Inner",
                                                "Startup Cost": 6.34,
                                                "Total Cost": 3646.8,
                                                "Plan Rows": 5,
                                                "Plan Width": 27,
                                                "Actual Startup Time": 6.424,
                                                "Actual Total Time": 19.38,
                                                "Actual Rows": 66,
                                                "Actual Loops": 2,
                                                "Inner Unique": true,
                                                "Workers": [],
                                                "Plans": [
                                                  {
                                                    "Node Type": "Nested Loop",
                                                    "Parent Relationship": "Outer",
                                                    "Parallel Aware": false,
                                                    "Async Capable": false,
                                                    "Join Type": "Inner",
                                                    "Startup Cost": 5.92,
                                                    "Total Cost": 3624.23,
                                                    "Plan Rows": 41,
                                                    "Plan Width": 27,
                                                    "Actual Startup Time": 6.184,
                                                    "Actual Total Time": 17.279,
                                                    "Actual Rows": 546,
                                                    "Actual Loops": 2,
                                                    "Inner Unique": true,
                                                    "Workers": [],
                                                    "Plans": [
                                                      {
                                                        "Node Type": "Nested Loop",
                                                        "Parent Relationship": "Outer",
                                                        "Parallel Aware": false,
                                                        "Async Capable": false,
                                                        "Join Type": "Inner",
                                                        "Startup Cost": 5.62,
                                                        "Total Cost": 3573.44,
                                                        "Plan Rows": 139,
                                                        "Plan Width": 14,
                                                        "Actual Startup Time": 6.175,
                                                        "Actual Total Time": 13.755,
                                                        "Actual Rows": 1574,
                                                        "Actual Loops": 2,
                                                        "Inner Unique": false,
                                                        "Workers": [],
                                                        "Plans": [
                                                          {
                                                            "Node Type": "Hash Join",
                                                            "Parent Relationship": "Outer",
                                                            "Parallel Aware": false,
                                                            "Async Capable": false,
                                                            "Join Type": "Semi",
                                                            "Startup Cost": 5.19,
                                                            "Total Cost": 1952.89,
                                                            "Plan Rows": 18,
                                                            "Plan Width": 4,
                                                            "Actual Startup Time": 5.844,
                                                            "Actual Total Time": 5.871,
                                                            "Actual Rows": 15,
                                                            "Actual Loops": 2,
                                                            "Inner Unique": false,
                                                            "Hash Cond": "(date_dim_4.d_date = date_dim_5.d_date)",
                                                            "Workers": [],
                                                            "Plans": [
                                                              {
                                                                "Node Type": "Seq Scan",
                                                                "Parent Relationship": "Outer",
                                                                "Parallel Aware": true,
                                                                "Async Capable": false,
                                                                "Relation Name": "date_dim",
                                                                "Alias": "date_dim_4",
                                                                "Startup Cost": 0.0,
                                                                "Total Cost": 1834.7,
                                                                "Plan Rows": 42970,
                                                                "Plan Width": 8,
                                                                "Actual Startup Time": 0.005,
                                                                "Actual Total Time": 3.821,
                                                                "Actual Rows": 36524,
                                                                "Actual Loops": 2,
                                                                "Workers": []
                                                              },
                                                              {
                                                                "Node Type": "Hash",
                                                                "Parent Relationship": "Inner",
                                                                "Parallel Aware": false,
                                                                "Async Capable": false,
                                                                "Startup Cost": 4.82,
                                                                "Total Cost": 4.82,
                                                                "Plan Rows": 30,
                                                                "Plan Width": 4,
                                                                "Actual Startup Time": 0.04,
                                                                "Actual Total Time": 0.041,
                                                                "Actual Rows": 30,
                                                                "Actual Loops": 2,
                                                                "Hash Buckets": 1024,
                                                                "Original Hash Buckets": 1024,
                                                                "Hash Batches": 1,
                                                                "Original Hash Batches": 1,
                                                                "Peak Memory Usage": 10,
                                                                "Workers": [],
                                                                "Plans": [
                                                                  {
                                                                    "Node Type": "Index Only Scan",
                                                                    "Parent Relationship": "Outer",
                                                                    "Parallel Aware": false,
                                                                    "Async Capable": false,
                                                                    "Scan Direction": "Forward",
                                                                    "Index Name": "_dta_index_date_dim_6_661577395__k4_k3",
                                                                    "Relation Name": "date_dim",
                                                                    "Alias": "date_dim_5",
                                                                    "Startup Cost": 0.29,
                                                                    "Total Cost": 4.82,
                                                                    "Plan Rows": 30,
                                                                    "Plan Width": 4,
                                                                    "Actual Startup Time": 0.02,
                                                                    "Actual Total Time": 0.022,
                                                                    "Actual Rows": 30,
                                                                    "Actual Loops": 2,
                                                                    "Index Cond": "(d_month_seq = $2)",
                                                                    "Rows Removed by Index Recheck": 0,
                                                                    "Heap Fetches": 0,
                                                                    "Workers": []
                                                                  }
                                                                ]
                                                              }
                                                            ]
                                                          },
                                                          {
                                                            "Node Type": "Index Scan",
                                                            "Parent Relationship": "Inner",
                                                            "Parallel Aware": false,
                                                            "Async Capable": false,
                                                            "Scan Direction": "Forward",
                                                            "Index Name": "_dta_index_web_sales_6_1269579561__k1_k5",
                                                            "Relation Name": "web_sales",
                                                            "Alias": "web_sales",
                                                            "Startup Cost": 0.43,
                                                            "Total Cost": 87.32,
                                                            "Plan Rows": 271,
                                                            "Plan Width": 18,
                                                            "Actual Startup Time": 0.04,
                                                            "Actual Total Time": 0.513,
                                                            "Actual Rows": 105,
                                                            "Actual Loops": 30,
                                                            "Index Cond": "(ws_sold_date_sk = date_dim_4.d_date_sk)",
                                                            "Rows Removed by Index Recheck": 0,
                                                            "Filter": "((ws_list_price >= '168'::numeric) AND (ws_list_price <= '197'::numeric))",
                                                            "Rows Removed by Filter": 1226,
                                                            "Workers": []
                                                          }
                                                        ]
                                                      },
                                                      {
                                                        "Node Type": "Index Scan",
                                                        "Parent Relationship": "Inner",
                                                        "Parallel Aware": false,
                                                        "Async Capable": false,
                                                        "Scan Direction": "Forward",
                                                        "Index Name": "item_pkey",
                                                        "Relation Name": "item",
                                                        "Alias": "item_2",
                                                        "Startup Cost": 0.29,
                                                        "Total Cost": 0.37,
                                                        "Plan Rows": 1,
                                                        "Plan Width": 21,
                                                        "Actual Startup Time": 0.002,
                                                        "Actual Total Time": 0.002,
                                                        "Actual Rows": 0,
                                                        "Actual Loops": 3148,
                                                        "Index Cond": "(i_item_sk = web_sales.ws_item_sk)",
                                                        "Rows Removed by Index Recheck": 0,
                                                        "Filter": "((i_manager_id >= 42) AND (i_manager_id <= 71))",
                                                        "Rows Removed by Filter": 1,
                                                        "Workers": []
                                                      }
                                                    ]
                                                  },
                                                  {
                                                    "Node Type": "Index Scan",
                                                    "Parent Relationship": "Inner",
                                                    "Parallel Aware": false,
                                                    "Async Capable": false,
                                                    "Scan Direction": "Forward",
                                                    "Index Name": "_dta_index_customer_6_949578421__k1_k5",
                                                    "Relation Name": "customer",
                                                    "Alias": "customer_2",
                                                    "Startup Cost": 0.42,
                                                    "Total Cost": 0.55,
                                                    "Plan Rows": 1,
                                                    "Plan Width": 8,
                                                    "Actual Startup Time": 0.004,
                                                    "Actual Total Time": 0.004,
                                                    "Actual Rows": 0,
                                                    "Actual Loops": 1092,
                                                    "Index Cond": "(c_customer_sk = web_sales.ws_bill_customer_sk)",
                                                    "Rows Removed by Index Recheck": 0,
                                                    "Filter": "((c_birth_year >= 1985) AND (c_birth_year <= 1991))",
                                                    "Rows Removed by Filter": 1,
                                                    "Workers": []
                                                  }
                                                ]
                                              }
                                            ]
                                          }
                                        ]
                                      }
                                    ]
                                  }
                                ]
                              }
                            ]
                          }
                        ]
                      }
                    ]
                  }
                ]
              }
            ]
          }
        ]
      },
      "Planning Time": 2.355,
      "Triggers": [],
      "Execution Time": 447.958
    }
  ],
  "plan_text": "",
  "actual_rows": 0,
  "provenance": {
    "database": "postgres://jakc9:jakc9@127.0.0.1:5434/dsb_sf10",
    "scale_factor": 10,
    "engine": "postgresql",
    "engine_version": "14.3",
    "cached_at": "2026-02-09T21:05:23.841651"
  }
}