{
  "plan_json": [
    {
      "Plan": {
        "Node Type": "Limit",
        "Parallel Aware": false,
        "Async Capable": false,
        "Startup Cost": 84626.8,
        "Total Cost": 84626.8,
        "Plan Rows": 1,
        "Plan Width": 229,
        "Actual Startup Time": 695.93,
        "Actual Total Time": 699.057,
        "Actual Rows": 19,
        "Actual Loops": 1,
        "Plans": [
          {
            "Node Type": "Sort",
            "Parent Relationship": "Outer",
            "Parallel Aware": false,
            "Async Capable": false,
            "Startup Cost": 84626.8,
            "Total Cost": 84626.8,
            "Plan Rows": 1,
            "Plan Width": 229,
            "Actual Startup Time": 695.928,
            "Actual Total Time": 699.054,
            "Actual Rows": 19,
            "Actual Loops": 1,
            "Sort Key": [
              "(\"substring\"((reason.r_reason_desc)::text, 1, 20))",
              "(avg(web_sales.ws_quantity))",
              "(avg(web_returns.wr_refunded_cash))",
              "(avg(web_returns.wr_fee))"
            ],
            "Sort Method": "quicksort",
            "Sort Space Used": 30,
            "Sort Space Type": "Memory",
            "Plans": [
              {
                "Node Type": "Aggregate",
                "Strategy": "Sorted",
                "Partial Mode": "Finalize",
                "Parent Relationship": "Outer",
                "Parallel Aware": false,
                "Async Capable": false,
                "Startup Cost": 84626.47,
                "Total Cost": 84626.79,
                "Plan Rows": 1,
                "Plan Width": 229,
                "Actual Startup Time": 695.868,
                "Actual Total Time": 699.028,
                "Actual Rows": 19,
                "Actual Loops": 1,
                "Group Key": [
                  "reason.r_reason_desc"
                ],
                "Plans": [
                  {
                    "Node Type": "Gather Merge",
                    "Parent Relationship": "Outer",
                    "Parallel Aware": false,
                    "Async Capable": false,
                    "Startup Cost": 84626.47,
                    "Total Cost": 84626.74,
                    "Plan Rows": 2,
                    "Plan Width": 197,
                    "Actual Startup Time": 695.851,
                    "Actual Total Time": 698.98,
                    "Actual Rows": 21,
                    "Actual Loops": 1,
                    "Workers Planned": 2,
                    "Workers Launched": 2,
                    "Plans": [
                      {
                        "Node Type": "Aggregate",
                        "Strategy": "Sorted",
                        "Partial Mode": "Partial",
                        "Parent Relationship": "Outer",
                        "Parallel Aware": false,
                        "Async Capable": false,
                        "Startup Cost": 83626.45,
                        "Total Cost": 83626.48,
                        "Plan Rows": 1,
                        "Plan Width": 197,
                        "Actual Startup Time": 316.322,
                        "Actual Total Time": 316.335,
                        "Actual Rows": 7,
                        "Actual Loops": 3,
                        "Group Key": [
                          "reason.r_reason_desc"
                        ],
                        "Workers": [],
                        "Plans": [
                          {
                            "Node Type": "Sort",
                            "Parent Relationship": "Outer",
                            "Parallel Aware": false,
                            "Async Capable": false,
                            "Startup Cost": 83626.45,
                            "Total Cost": 83626.46,
                            "Plan Rows": 1,
                            "Plan Width": 117,
                            "Actual Startup Time": 316.307,
                            "Actual Total Time": 316.314,
                            "Actual Rows": 9,
                            "Actual Loops": 3,
                            "Sort Key": [
                              "reason.r_reason_desc"
                            ],
                            "Sort Method": "quicksort",
                            "Sort Space Used": 25,
                            "Sort Space Type": "Memory",
                            "Workers": [
                              {
                                "Worker Number": 0,
                                "Sort Method": "quicksort",
                                "Sort Space Used": 26,
                                "Sort Space Type": "Memory"
                              },
                              {
                                "Worker Number": 1,
                                "Sort Method": "quicksort",
                                "Sort Space Used": 30,
                                "Sort Space Type": "Memory"
                              }
                            ],
                            "Plans": [
                              {
                                "Node Type": "Nested Loop",
                                "Parent Relationship": "Outer",
                                "Parallel Aware": false,
                                "Async Capable": false,
                                "Join Type": "Inner",
                                "Startup Cost": 2.71,
                                "Total Cost": 83626.44,
                                "Plan Rows": 1,
                                "Plan Width": 117,
                                "Actual Startup Time": 33.022,
                                "Actual Total Time": 316.265,
                                "Actual Rows": 9,
                                "Actual Loops": 3,
                                "Inner Unique": true,
                                "Workers": [],
                                "Plans": [
                                  {
                                    "Node Type": "Nested Loop",
                                    "Parent Relationship": "Outer",
                                    "Parallel Aware": false,
                                    "Async Capable": false,
                                    "Join Type": "Inner",
                                    "Startup Cost": 2.57,
                                    "Total Cost": 83626.28,
                                    "Plan Rows": 1,
                                    "Plan Width": 20,
                                    "Actual Startup Time": 33.013,
                                    "Actual Total Time": 316.222,
                                    "Actual Rows": 9,
                                    "Actual Loops": 3,
                                    "Inner Unique": true,
                                    "Join Filter": "((cd1.cd_marital_status = cd2.cd_marital_status) AND (cd1.cd_education_status = cd2.cd_education_status))",
                                    "Rows Removed by Join Filter": 0,
                                    "Workers": [],
                                    "Plans": [
                                      {
                                        "Node Type": "Nested Loop",
                                        "Parent Relationship": "Outer",
                                        "Parallel Aware": false,
                                        "Async Capable": false,
                                        "Join Type": "Inner",
                                        "Startup Cost": 2.14,
                                        "Total Cost": 83625.75,
                                        "Plan Rows": 1,
                                        "Plan Width": 47,
                                        "Actual Startup Time": 33.008,
                                        "Actual Total Time": 316.19,
                                        "Actual Rows": 9,
                                        "Actual Loops": 3,
                                        "Inner Unique": true,
                                        "Workers": [],
                                        "Plans": [
                                          {
                                            "Node Type": "Nested Loop",
                                            "Parent Relationship": "Outer",
                                            "Parallel Aware": false,
                                            "Async Capable": false,
                                            "Join Type": "Inner",
                                            "Startup Cost": 2.0,
                                            "Total Cost": 83625.58,
                                            "Plan Rows": 1,
                                            "Plan Width": 51,
                                            "Actual Startup Time": 32.987,
                                            "Actual Total Time": 316.111,
                                            "Actual Rows": 9,
                                            "Actual Loops": 3,
                                            "Inner Unique": true,
                                            "Join Filter": "(((cd1.cd_marital_status = 'S'::bpchar) AND (cd1.cd_education_status = 'College'::bpchar) AND (web_sales.ws_sales_price >= 100.00) AND (web_sales.ws_sales_price <= 150.00)) OR ((cd1.cd_marital_status = 'W'::bpchar) AND (cd1.cd_education_status = 'Unknown'::bpchar) AND (web_sales.ws_sales_price >= 50.00) AND (web_sales.ws_sales_price <= 100.00)) OR ((cd1.cd_marital_status = 'M'::bpchar) AND (cd1.cd_education_status = 'Secondary'::bpchar) AND (web_sales.ws_sales_price >= 150.00) AND (web_sales.ws_sales_price <= 200.00)))",
                                            "Rows Removed by Join Filter": 11,
                                            "Workers": [],
                                            "Plans": [
                                              {
                                                "Node Type": "Nested Loop",
                                                "Parent Relationship": "Outer",
                                                "Parallel Aware": false,
                                                "Async Capable": false,
                                                "Join Type": "Inner",
                                                "Startup Cost": 1.57,
                                                "Total Cost": 83623.28,
                                                "Plan Rows": 4,
                                                "Plan Width": 38,
                                                "Actual Startup Time": 3.81,
                                                "Actual Total Time": 311.613,
                                                "Actual Rows": 460,
                                                "Actual Loops": 3,
                                                "Inner Unique": true,
                                                "Join Filter": "(((customer_address.ca_state = ANY ('{NC,PA,TX}'::bpchar[])) AND (web_sales.ws_net_profit >= '100'::numeric) AND (web_sales.ws_net_profit <= '200'::numeric)) OR ((customer_address.ca_state = ANY ('{AR,CO,NY}'::bpchar[])) AND (web_sales.ws_net_profit >= '150'::numeric) AND (web_sales.ws_net_profit <= '300'::numeric)) OR ((customer_address.ca_state = ANY ('{IA,IL,TX}'::bpchar[])) AND (web_sales.ws_net_profit >= '50'::numeric) AND (web_sales.ws_net_profit <= '250'::numeric)))",
                                                "Rows Removed by Join Filter": 228,
                                                "Workers": [],
                                                "Plans": [
                                                  {
                                                    "Node Type": "Nested Loop",
                                                    "Parent Relationship": "Outer",
                                                    "Parallel Aware": false,
                                                    "Async Capable": false,
                                                    "Join Type": "Inner",
                                                    "Startup Cost": 1.15,
                                                    "Total Cost": 83607.14,
                                                    "Plan Rows": 32,
                                                    "Plan Width": 48,
                                                    "Actual Startup Time": 0.933,
                                                    "Actual Total Time": 294.796,
                                                    "Actual Rows": 2877,
                                                    "Actual Loops": 3,
                                                    "Inner Unique": true,
                                                    "Workers": [],
                                                    "Plans": [
                                                      {
                                                        "Node Type": "Nested Loop",
                                                        "Parent Relationship": "Outer",
                                                        "Parallel Aware": false,
                                                        "Async Capable": false,
                                                        "Join Type": "Inner",
                                                        "Startup Cost": 0.72,
                                                        "Total Cost": 83032.1,
                                                        "Plan Rows": 721,
                                                        "Plan Width": 28,
                                                        "Actual Startup Time": 0.331,
                                                        "Actual Total Time": 231.042,
                                                        "Actual Rows": 14361,
                                                        "Actual Loops": 3,
                                                        "Inner Unique": false,
                                                        "Workers": [],
                                                        "Plans": [
                                                          {
                                                            "Node Type": "Index Only Scan",
                                                            "Parent Relationship": "Outer",
                                                            "Parallel Aware": true,
                                                            "Async Capable": false,
                                                            "Scan Direction": "Forward",
                                                            "Index Name": "_dta_index_date_dim_6_661577395__k1_k7_k9",
                                                            "Relation Name": "date_dim",
                                                            "Alias": "date_dim",
                                                            "Startup Cost": 0.29,
                                                            "Total Cost": 1677.67,
                                                            "Plan Rows": 151,
                                                            "Plan Width": 4,
                                                            "Actual Startup Time": 0.218,
                                                            "Actual Total Time": 0.565,
                                                            "Actual Rows": 122,
                                                            "Actual Loops": 3,
                                                            "Index Cond": "(d_year = 2000)",
                                                            "Rows Removed by Index Recheck": 0,
                                                            "Heap Fetches": 0,
                                                            "Workers": []
                                                          },
                                                          {
                                                            "Node Type": "Index Scan",
                                                            "Parent Relationship": "Inner",
                                                            "Parallel Aware": false,
                                                            "Async Capable": false,
                                                            "Scan Direction": "Forward",
                                                            "Index Name": "_dta_index_web_sales_6_1269579561__k1_8_24",
                                                            "Relation Name": "web_sales",
                                                            "Alias": "web_sales",
                                                            "Startup Cost": 0.43,
                                                            "Total Cost": 537.13,
                                                            "Plan Rows": 164,
                                                            "Plan Width": 32,
                                                            "Actual Startup Time": 0.025,
                                                            "Actual Total Time": 1.871,
                                                            "Actual Rows": 118,
                                                            "Actual Loops": 366,
                                                            "Index Cond": "(ws_sold_date_sk = date_dim.d_date_sk)",
                                                            "Rows Removed by Index Recheck": 0,
                                                            "Filter": "((((ws_sales_price >= 100.00) AND (ws_sales_price <= 150.00)) OR ((ws_sales_price >= 50.00) AND (ws_sales_price <= 100.00)) OR ((ws_sales_price >= 150.00) AND (ws_sales_price <= 200.00))) AND (((ws_net_profit >= '100'::numeric) AND (ws_net_profit <= '200'::numeric)) OR ((ws_net_profit >= '150'::numeric) AND (ws_net_profit <= '300'::numeric)) OR ((ws_net_profit >= '50'::numeric) AND (ws_net_profit <= '250'::numeric))))",
                                                            "Rows Removed by Filter": 3555,
                                                            "Workers": []
                                                          }
                                                        ]
                                                      },
                                                      {
                                                        "Node Type": "Index Scan",
                                                        "Parent Relationship": "Inner",
                                                        "Parallel Aware": false,
                                                        "Async Capable": false,
                                                        "Scan Direction": "Forward",
                                                        "Index Name": "web_returns_pkey",
                                                        "Relation Name": "web_returns",
                                                        "Alias": "web_returns",
                                                        "Startup Cost": 0.43,
                                                        "Total Cost": 0.8,
                                                        "Plan Rows": 1,
                                                        "Plan Width": 36,
                                                        "Actual Startup Time": 0.004,
                                                        "Actual Total Time": 0.004,
                                                        "Actual Rows": 0,
                                                        "Actual Loops": 43082,
                                                        "Index Cond": "((wr_item_sk = web_sales.ws_item_sk) AND (wr_order_number = web_sales.ws_order_number))",
                                                        "Rows Removed by Index Recheck": 0,
                                                        "Workers": []
                                                      }
                                                    ]
                                                  },
                                                  {
                                                    "Node Type": "Index Scan",
                                                    "Parent Relationship": "Inner",
                                                    "Parallel Aware": false,
                                                    "Async Capable": false,
                                                    "Scan Direction": "Forward",
                                                    "Index Name": "customer_address_pkey",
                                                    "Relation Name": "customer_address",
                                                    "Alias": "customer_address",
                                                    "Startup Cost": 0.42,
                                                    "Total Cost": 0.47,
                                                    "Plan Rows": 1,
                                                    "Plan Width": 7,
                                                    "Actual Startup Time": 0.005,
                                                    "Actual Total Time": 0.005,
                                                    "Actual Rows": 0,
                                                    "Actual Loops": 8632,
                                                    "Index Cond": "(ca_address_sk = web_returns.wr_refunded_addr_sk)",
                                                    "Rows Removed by Index Recheck": 0,
                                                    "Filter": "(((ca_country)::text = 'United States'::text) AND ((ca_state = ANY ('{NC,PA,TX}'::bpchar[])) OR (ca_state = ANY ('{AR,CO,NY}'::bpchar[])) OR (ca_state = ANY ('{IA,IL,TX}'::bpchar[]))))",
                                                    "Rows Removed by Filter": 1,
                                                    "Workers": []
                                                  }
                                                ]
                                              },
                                              {
                                                "Node Type": "Index Scan",
                                                "Parent Relationship": "Inner",
                                                "Parallel Aware": false,
                                                "Async Capable": false,
                                                "Scan Direction": "Forward",
                                                "Index Name": "customer_demographics_pkey",
                                                "Relation Name": "customer_demographics",
                                                "Alias": "cd1",
                                                "Startup Cost": 0.43,
                                                "Total Cost": 0.54,
                                                "Plan Rows": 1,
                                                "Plan Width": 27,
                                                "Actual Startup Time": 0.009,
                                                "Actual Total Time": 0.009,
                                                "Actual Rows": 0,
                                                "Actual Loops": 1381,
                                                "Index Cond": "(cd_demo_sk = web_returns.wr_refunded_cdemo_sk)",
                                                "Rows Removed by Index Recheck": 0,
                                                "Filter": "(((cd_marital_status = 'S'::bpchar) AND (cd_education_status = 'College'::bpchar)) OR ((cd_marital_status = 'W'::bpchar) AND (cd_education_status = 'Unknown'::bpchar)) OR ((cd_marital_status = 'M'::bpchar) AND (cd_education_status = 'Secondary'::bpchar)))",
                                                "Rows Removed by Filter": 1,
                                                "Workers": []
                                              }
                                            ]
                                          },
                                          {
                                            "Node Type": "Index Only Scan",
                                            "Parent Relationship": "Inner",
                                            "Parallel Aware": false,
                                            "Async Capable": false,
                                            "Scan Direction": "Forward",
                                            "Index Name": "web_page_pkey",
                                            "Relation Name": "web_page",
                                            "Alias": "web_page",
                                            "Startup Cost": 0.14,
                                            "Total Cost": 0.16,
                                            "Plan Rows": 1,
                                            "Plan Width": 4,
                                            "Actual Startup Time": 0.006,
                                            "Actual Total Time": 0.006,
                                            "Actual Rows": 1,
                                            "Actual Loops": 28,
                                            "Index Cond": "(wp_web_page_sk = web_sales.ws_web_page_sk)",
                                            "Rows Removed by Index Recheck": 0,
                                            "Heap Fetches": 28,
                                            "Workers": []
                                          }
                                        ]
                                      },
                                      {
                                        "Node Type": "Index Scan",
                                        "Parent Relationship": "Inner",
                                        "Parallel Aware": false,
                                        "Async Capable": false,
                                        "Scan Direction": "Forward",
                                        "Index Name": "customer_demographics_pkey",
                                        "Relation Name": "customer_demographics",
                                        "Alias": "cd2",
                                        "Startup Cost": 0.43,
                                        "Total Cost": 0.52,
                                        "Plan Rows": 1,
                                        "Plan Width": 27,
                                        "Actual Startup Time": 0.001,
                                        "Actual Total Time": 0.001,
                                        "Actual Rows": 1,
                                        "Actual Loops": 28,
                                        "Index Cond": "(cd_demo_sk = web_returns.wr_returning_cdemo_sk)",
                                        "Rows Removed by Index Recheck": 0,
                                        "Workers": []
                                      }
                                    ]
                                  },
                                  {
                                    "Node Type": "Index Scan",
                                    "Parent Relationship": "Inner",
                                    "Parallel Aware": false,
                                    "Async Capable": false,
                                    "Scan Direction": "Forward",
                                    "Index Name": "reason_pkey",
                                    "Relation Name": "reason",
                                    "Alias": "reason",
                                    "Startup Cost": 0.14,
                                    "Total Cost": 0.16,
                                    "Plan Rows": 1,
                                    "Plan Width": 105,
                                    "Actual Startup Time": 0.003,
                                    "Actual Total Time": 0.003,
                                    "Actual Rows": 1,
                                    "Actual Loops": 28,
                                    "Index Cond": "(r_reason_sk = web_returns.wr_reason_sk)",
                                    "Rows Removed by Index Recheck": 0,
                                    "Workers": []
                                  }
                                ]
                              }
                            ]
                          }
                        ]
                      }
                    ]
                  }
                ]
              }
            ]
          }
        ]
      },
      "Planning Time": 7.462,
      "Triggers": [],
      "Execution Time": 699.194
    }
  ],
  "plan_text": "",
  "actual_rows": 0,
  "provenance": {
    "database": "postgres://jakc9:jakc9@127.0.0.1:5434/dsb_sf10",
    "scale_factor": 10,
    "engine": "postgresql",
    "engine_version": "14.3",
    "cached_at": "2026-02-09T21:16:50.993416"
  }
}