{
  "plan_json": [
    {
      "Plan": {
        "Node Type": "Limit",
        "Parallel Aware": false,
        "Async Capable": false,
        "Startup Cost": 140285.9,
        "Total Cost": 140285.91,
        "Plan Rows": 1,
        "Plan Width": 169,
        "Actual Startup Time": 298.237,
        "Actual Total Time": 299.089,
        "Actual Rows": 0,
        "Actual Loops": 1,
        "Plans": [
          {
            "Node Type": "Sort",
            "Parent Relationship": "Outer",
            "Parallel Aware": false,
            "Async Capable": false,
            "Startup Cost": 140285.9,
            "Total Cost": 140285.91,
            "Plan Rows": 1,
            "Plan Width": 169,
            "Actual Startup Time": 298.237,
            "Actual Total Time": 299.087,
            "Actual Rows": 0,
            "Actual Loops": 1,
            "Sort Key": [
              "item.i_item_id",
              "(sum(store_returns.sr_return_quantity))"
            ],
            "Sort Method": "quicksort",
            "Sort Space Used": 25,
            "Sort Space Type": "Memory",
            "Plans": [
              {
                "Node Type": "Nested Loop",
                "Parent Relationship": "Outer",
                "Parallel Aware": false,
                "Async Capable": false,
                "Join Type": "Inner",
                "Startup Cost": 140285.72,
                "Total Cost": 140285.89,
                "Plan Rows": 1,
                "Plan Width": 169,
                "Actual Startup Time": 298.232,
                "Actual Total Time": 299.083,
                "Actual Rows": 0,
                "Actual Loops": 1,
                "Inner Unique": true,
                "Join Filter": "(item.i_item_id = item_2.i_item_id)",
                "Rows Removed by Join Filter": 0,
                "Plans": [
                  {
                    "Node Type": "Nested Loop",
                    "Parent Relationship": "Outer",
                    "Parallel Aware": false,
                    "Async Capable": false,
                    "Join Type": "Inner",
                    "Startup Cost": 90451.02,
                    "Total Cost": 90451.09,
                    "Plan Rows": 1,
                    "Plan Width": 50,
                    "Actual Startup Time": 298.231,
                    "Actual Total Time": 299.078,
                    "Actual Rows": 0,
                    "Actual Loops": 1,
                    "Inner Unique": true,
                    "Join Filter": "(item.i_item_id = item_1.i_item_id)",
                    "Rows Removed by Join Filter": 1,
                    "Plans": [
                      {
                        "Node Type": "Aggregate",
                        "Strategy": "Sorted",
                        "Partial Mode": "Simple",
                        "Parent Relationship": "Outer",
                        "Parallel Aware": false,
                        "Async Capable": false,
                        "Startup Cost": 14545.84,
                        "Total Cost": 14545.86,
                        "Plan Rows": 1,
                        "Plan Width": 25,
                        "Actual Startup Time": 190.08,
                        "Actual Total Time": 190.148,
                        "Actual Rows": 1,
                        "Actual Loops": 1,
                        "Group Key": [
                          "item.i_item_id"
                        ],
                        "Plans": [
                          {
                            "Node Type": "Sort",
                            "Parent Relationship": "Outer",
                            "Parallel Aware": false,
                            "Async Capable": false,
                            "Startup Cost": 14545.84,
                            "Total Cost": 14545.84,
                            "Plan Rows": 1,
                            "Plan Width": 21,
                            "Actual Startup Time": 190.073,
                            "Actual Total Time": 190.14,
                            "Actual Rows": 1,
                            "Actual Loops": 1,
                            "Sort Key": [
                              "item.i_item_id"
                            ],
                            "Sort Method": "quicksort",
                            "Sort Space Used": 25,
                            "Sort Space Type": "Memory",
                            "Plans": [
                              {
                                "Node Type": "Gather",
                                "Parent Relationship": "Outer",
                                "Parallel Aware": false,
                                "Async Capable": false,
                                "Startup Cost": 3292.04,
                                "Total Cost": 14545.83,
                                "Plan Rows": 1,
                                "Plan Width": 21,
                                "Actual Startup Time": 156.166,
                                "Actual Total Time": 190.133,
                                "Actual Rows": 1,
                                "Actual Loops": 1,
                                "Workers Planned": 1,
                                "Workers Launched": 1,
                                "Single Copy": false,
                                "Plans": [
                                  {
                                    "Node Type": "Nested Loop",
                                    "Parent Relationship": "Outer",
                                    "Parallel Aware": false,
                                    "Async Capable": false,
                                    "Join Type": "Inner",
                                    "Startup Cost": 2292.04,
                                    "Total Cost": 13545.73,
                                    "Plan Rows": 1,
                                    "Plan Width": 21,
                                    "Actual Startup Time": 119.485,
                                    "Actual Total Time": 170.556,
                                    "Actual Rows": 0,
                                    "Actual Loops": 2,
                                    "Inner Unique": true,
                                    "Workers": [],
                                    "Plans": [
                                      {
                                        "Node Type": "Nested Loop",
                                        "Parent Relationship": "Outer",
                                        "Parallel Aware": false,
                                        "Async Capable": false,
                                        "Join Type": "Inner",
                                        "Startup Cost": 2291.75,
                                        "Total Cost": 13531.05,
                                        "Plan Rows": 4,
                                        "Plan Width": 8,
                                        "Actual Startup Time": 16.298,
                                        "Actual Total Time": 170.087,
                                        "Actual Rows": 42,
                                        "Actual Loops": 2,
                                        "Inner Unique": false,
                                        "Workers": [],
                                        "Plans": [
                                          {
                                            "Node Type": "Hash Join",
                                            "Parent Relationship": "Outer",
                                            "Parallel Aware": false,
                                            "Async Capable": false,
                                            "Join Type": "Semi",
                                            "Startup Cost": 2291.32,
                                            "Total Cost": 4239.61,
                                            "Plan Rows": 72,
                                            "Plan Width": 4,
                                            "Actual Startup Time": 8.357,
                                            "Actual Total Time": 11.2,
                                            "Actual Rows": 61,
                                            "Actual Loops": 2,
                                            "Inner Unique": false,
                                            "Hash Cond": "(date_dim.d_date = date_dim_1.d_date)",
                                            "Workers": [],
                                            "Plans": [
                                              {
                                                "Node Type": "Seq Scan",
                                                "Parent Relationship": "Outer",
                                                "Parallel Aware": true,
                                                "Async Capable": false,
                                                "Relation Name": "date_dim",
                                                "Alias": "date_dim",
                                                "Startup Cost": 0.0,
                                                "Total Cost": 1834.7,
                                                "Plan Rows": 42970,
                                                "Plan Width": 8,
                                                "Actual Startup Time": 0.008,
                                                "Actual Total Time": 3.791,
                                                "Actual Rows": 36524,
                                                "Actual Loops": 2,
                                                "Workers": []
                                              },
                                              {
                                                "Node Type": "Hash",
                                                "Parent Relationship": "Inner",
                                                "Parallel Aware": false,
                                                "Async Capable": false,
                                                "Startup Cost": 2289.79,
                                                "Total Cost": 2289.79,
                                                "Plan Rows": 122,
                                                "Plan Width": 4,
                                                "Actual Startup Time": 4.996,
                                                "Actual Total Time": 4.998,
                                                "Actual Rows": 122,
                                                "Actual Loops": 2,
                                                "Hash Buckets": 1024,
                                                "Original Hash Buckets": 1024,
                                                "Hash Batches": 1,
                                                "Original Hash Batches": 1,
                                                "Peak Memory Usage": 13,
                                                "Workers": [],
                                                "Plans": [
                                                  {
                                                    "Node Type": "Nested Loop",
                                                    "Parent Relationship": "Outer",
                                                    "Parallel Aware": false,
                                                    "Async Capable": false,
                                                    "Join Type": "Inner",
                                                    "Startup Cost": 2269.57,
                                                    "Total Cost": 2289.79,
                                                    "Plan Rows": 122,
                                                    "Plan Width": 4,
                                                    "Actual Startup Time": 4.953,
                                                    "Actual Total Time": 4.979,
                                                    "Actual Rows": 122,
                                                    "Actual Loops": 2,
                                                    "Inner Unique": false,
                                                    "Workers": [],
                                                    "Plans": [
                                                      {
                                                        "Node Type": "Aggregate",
                                                        "Strategy": "Hashed",
                                                        "Partial Mode": "Simple",
                                                        "Parent Relationship": "Outer",
                                                        "Parallel Aware": false,
                                                        "Async Capable": false,
                                                        "Startup Cost": 2269.28,
                                                        "Total Cost": 2269.32,
                                                        "Plan Rows": 4,
                                                        "Plan Width": 4,
                                                        "Actual Startup Time": 4.933,
                                                        "Actual Total Time": 4.935,
                                                        "Actual Rows": 4,
                                                        "Actual Loops": 2,
                                                        "Group Key": [
                                                          "date_dim_2.d_month_seq"
                                                        ],
                                                        "Planned Partitions": 0,
                                                        "HashAgg Batches": 1,
                                                        "Peak Memory Usage": 24,
                                                        "Disk Usage": 0,
                                                        "Workers": [
                                                          {
                                                            "Worker Number": 0,
                                                            "HashAgg Batches": 1,
                                                            "Peak Memory Usage": 24,
                                                            "Disk Usage": 0
                                                          }
                                                        ],
                                                        "Plans": [
                                                          {
                                                            "Node Type": "Index Only Scan",
                                                            "Parent Relationship": "Outer",
                                                            "Parallel Aware": false,
                                                            "Async Capable": false,
                                                            "Scan Direction": "Forward",
                                                            "Index Name": "_dta_index_date_dim_6_661577395__k4_k3",
                                                            "Relation Name": "date_dim",
                                                            "Alias": "date_dim_2",
                                                            "Startup Cost": 0.29,
                                                            "Total Cost": 2269.27,
                                                            "Plan Rows": 4,
                                                            "Plan Width": 4,
                                                            "Actual Startup Time": 2.367,
                                                            "Actual Total Time": 4.925,
                                                            "Actual Rows": 4,
                                                            "Actual Loops": 2,
                                                            "Filter": "(d_date = ANY ('{1999-01-10,1999-06-17,1999-08-04,1999-11-05}'::date[]))",
                                                            "Rows Removed by Filter": 73045,
                                                            "Heap Fetches": 0,
                                                            "Workers": []
                                                          }
                                                        ]
                                                      },
                                                      {
                                                        "Node Type": "Index Only Scan",
                                                        "Parent Relationship": "Inner",
                                                        "Parallel Aware": false,
                                                        "Async Capable": false,
                                                        "Scan Direction": "Forward",
                                                        "Index Name": "_dta_index_date_dim_6_661577395__k4_k3",
                                                        "Relation Name": "date_dim",
                                                        "Alias": "date_dim_1",
                                                        "Startup Cost": 0.29,
                                                        "Total Cost": 4.82,
                                                        "Plan Rows": 30,
                                                        "Plan Width": 8,
                                                        "Actual Startup Time": 0.006,
                                                        "Actual Total Time": 0.008,
                                                        "Actual Rows": 30,
                                                        "Actual Loops": 8,
                                                        "Index Cond": "(d_month_seq = date_dim_2.d_month_seq)",
                                                        "Rows Removed by Index Recheck": 0,
                                                        "Heap Fetches": 0,
                                                        "Workers": []
                                                      }
                                                    ]
                                                  }
                                                ]
                                              }
                                            ]
                                          },
                                          {
                                            "Node Type": "Index Scan",
                                            "Parent Relationship": "Inner",
                                            "Parallel Aware": false,
                                            "Async Capable": false,
                                            "Scan Direction": "Forward",
                                            "Index Name": "_dta_index_store_returns_6_1013578649__k1_3_4_10",
                                            "Relation Name": "store_returns",
                                            "Alias": "store_returns",
                                            "Startup Cost": 0.43,
                                            "Total Cost": 129.03,
                                            "Plan Rows": 2,
                                            "Plan Width": 12,
                                            "Actual Startup Time": 1.684,
                                            "Actual Total Time": 2.603,
                                            "Actual Rows": 1,
                                            "Actual Loops": 122,
                                            "Index Cond": "(sr_returned_date_sk = date_dim.d_date_sk)",
                                            "Rows Removed by Index Recheck": 0,
                                            "Filter": "((sr_reason_sk = ANY ('{7,18,19,22,36}'::integer[])) AND ((sr_return_amt / (sr_return_quantity)::numeric) >= '253'::numeric) AND ((sr_return_amt / (sr_return_quantity)::numeric) <= '282'::numeric))",
                                            "Rows Removed by Filter": 3168,
                                            "Workers": []
                                          }
                                        ]
                                      },
                                      {
                                        "Node Type": "Index Scan",
                                        "Parent Relationship": "Inner",
                                        "Parallel Aware": false,
                                        "Async Capable": false,
                                        "Scan Direction": "Forward",
                                        "Index Name": "item_pkey",
                                        "Relation Name": "item",
                                        "Alias": "item",
                                        "Startup Cost": 0.29,
                                        "Total Cost": 3.67,
                                        "Plan Rows": 1,
                                        "Plan Width": 21,
                                        "Actual Startup Time": 0.01,
                                        "Actual Total Time": 0.01,
                                        "Actual Rows": 0,
                                        "Actual Loops": 84,
                                        "Index Cond": "(i_item_sk = store_returns.sr_item_sk)",
                                        "Rows Removed by Index Recheck": 0,
                                        "Filter": "((i_category = ANY ('{Children,Electronics}'::bpchar[])) AND (i_manager_id >= 15) AND (i_manager_id <= 24))",
                                        "Rows Removed by Filter": 1,
                                        "Workers": []
                                      }
                                    ]
                                  }
                                ]
                              }
                            ]
                          }
                        ]
                      },
                      {
                        "Node Type": "Aggregate",
                        "Strategy": "Sorted",
                        "Partial Mode": "Simple",
                        "Parent Relationship": "Inner",
                        "Parallel Aware": false,
                        "Async Capable": false,
                        "Startup Cost": 75905.18,
                        "Total Cost": 75905.2,
                        "Plan Rows": 1,
                        "Plan Width": 25,
                        "Actual Startup Time": 108.145,
                        "Actual Total Time": 108.925,
                        "Actual Rows": 1,
                        "Actual Loops": 1,
                        "Group Key": [
                          "item_1.i_item_id"
                        ],
                        "Plans": [
                          {
                            "Node Type": "Sort",
                            "Parent Relationship": "Outer",
                            "Parallel Aware": false,
                            "Async Capable": false,
                            "Startup Cost": 75905.18,
                            "Total Cost": 75905.18,
                            "Plan Rows": 1,
                            "Plan Width": 21,
                            "Actual Startup Time": 108.138,
                            "Actual Total Time": 108.917,
                            "Actual Rows": 1,
                            "Actual Loops": 1,
                            "Sort Key": [
                              "item_1.i_item_id"
                            ],
                            "Sort Method": "quicksort",
                            "Sort Space Used": 25,
                            "Sort Space Type": "Memory",
                            "Plans": [
                              {
                                "Node Type": "Gather",
                                "Parent Relationship": "Outer",
                                "Parallel Aware": false,
                                "Async Capable": false,
                                "Startup Cost": 3291.91,
                                "Total Cost": 75905.17,
                                "Plan Rows": 1,
                                "Plan Width": 21,
                                "Actual Startup Time": 25.747,
                                "Actual Total Time": 108.901,
                                "Actual Rows": 1,
                                "Actual Loops": 1,
                                "Workers Planned": 2,
                                "Workers Launched": 2,
                                "Single Copy": false,
                                "Plans": [
                                  {
                                    "Node Type": "Nested Loop",
                                    "Parent Relationship": "Outer",
                                    "Parallel Aware": false,
                                    "Async Capable": false,
                                    "Join Type": "Inner",
                                    "Startup Cost": 2291.91,
                                    "Total Cost": 74905.07,
                                    "Plan Rows": 1,
                                    "Plan Width": 21,
                                    "Actual Startup Time": 76.475,
                                    "Actual Total Time": 103.898,
                                    "Actual Rows": 0,
                                    "Actual Loops": 3,
                                    "Inner Unique": true,
                                    "Workers": [],
                                    "Plans": [
                                      {
                                        "Node Type": "Hash Join",
                                        "Parent Relationship": "Outer",
                                        "Parallel Aware": false,
                                        "Async Capable": false,
                                        "Join Type": "Semi",
                                        "Startup Cost": 2291.62,
                                        "Total Cost": 74900.18,
                                        "Plan Rows": 1,
                                        "Plan Width": 8,
                                        "Actual Startup Time": 13.642,
                                        "Actual Total Time": 103.766,
                                        "Actual Rows": 8,
                                        "Actual Loops": 3,
                                        "Inner Unique": false,
                                        "Hash Cond": "(date_dim_3.d_date = date_dim_4.d_date)",
                                        "Workers": [],
                                        "Plans": [
                                          {
                                            "Node Type": "Nested Loop",
                                            "Parent Relationship": "Outer",
                                            "Parallel Aware": false,
                                            "Async Capable": false,
                                            "Join Type": "Inner",
                                            "Startup Cost": 0.3,
                                            "Total Cost": 72607.48,
                                            "Plan Rows": 523,
                                            "Plan Width": 12,
                                            "Actual Startup Time": 0.7,
                                            "Actual Total Time": 97.721,
                                            "Actual Rows": 158,
                                            "Actual Loops": 3,
                                            "Inner Unique": true,
                                            "Workers": [],
                                            "Plans": [
                                              {
                                                "Node Type": "Seq Scan",
                                                "Parent Relationship": "Outer",
                                                "Parallel Aware": true,
                                                "Async Capable": false,
                                                "Relation Name": "catalog_returns",
                                                "Alias": "catalog_returns",
                                                "Startup Cost": 0.0,
                                                "Total Cost": 71089.14,
                                                "Plan Rows": 523,
                                                "Plan Width": 12,
                                                "Actual Startup Time": 0.671,
                                                "Actual Total Time": 96.91,
                                                "Actual Rows": 158,
                                                "Actual Loops": 3,
                                                "Filter": "((cr_reason_sk = ANY ('{7,18,19,22,36}'::integer[])) AND ((cr_return_amount / (cr_return_quantity)::numeric) >= '253'::numeric) AND ((cr_return_amount / (cr_return_quantity)::numeric) <= '282'::numeric))",
                                                "Rows Removed by Filter": 719262,
                                                "Workers": []
                                              },
                                              {
                                                "Node Type": "Memoize",
                                                "Parent Relationship": "Inner",
                                                "Parallel Aware": false,
                                                "Async Capable": false,
                                                "Startup Cost": 0.3,
                                                "Total Cost": 3.73,
                                                "Plan Rows": 1,
                                                "Plan Width": 8,
                                                "Actual Startup Time": 0.004,
                                                "Actual Total Time": 0.004,
                                                "Actual Rows": 1,
                                                "Actual Loops": 474,
                                                "Cache Key": "catalog_returns.cr_returned_date_sk",
                                                "Cache Mode": "logical",
                                                "Cache Hits": 5,
                                                "Cache Misses": 154,
                                                "Cache Evictions": 0,
                                                "Cache Overflows": 0,
                                                "Peak Memory Usage": 17,
                                                "Workers": [
                                                  {
                                                    "Worker Number": 0,
                                                    "Cache Hits": 4,
                                                    "Cache Misses": 157,
                                                    "Cache Evictions": 0,
                                                    "Cache Overflows": 0,
                                                    "Peak Memory Usage": 17
                                                  },
                                                  {
                                                    "Worker Number": 1,
                                                    "Cache Hits": 1,
                                                    "Cache Misses": 153,
                                                    "Cache Evictions": 0,
                                                    "Cache Overflows": 0,
                                                    "Peak Memory Usage": 17
                                                  }
                                                ],
                                                "Plans": [
                                                  {
                                                    "Node Type": "Index Scan",
                                                    "Parent Relationship": "Outer",
                                                    "Parallel Aware": false,
                                                    "Async Capable": false,
                                                    "Scan Direction": "Forward",
                                                    "Index Name": "date_dim_pkey",
                                                    "Relation Name": "date_dim",
                                                    "Alias": "date_dim_3",
                                                    "Startup Cost": 0.29,
                                                    "Total Cost": 3.72,
                                                    "Plan Rows": 1,
                                                    "Plan Width": 8,
                                                    "Actual Startup Time": 0.003,
                                                    "Actual Total Time": 0.003,
                                                    "Actual Rows": 1,
                                                    "Actual Loops": 464,
                                                    "Index Cond": "(d_date_sk = catalog_returns.cr_returned_date_sk)",
                                                    "Rows Removed by Index Recheck": 0,
                                                    "Workers": []
                                                  }
                                                ]
                                              }
                                            ]
                                          },
                                          {
                                            "Node Type": "Hash",
                                            "Parent Relationship": "Inner",
                                            "Parallel Aware": false,
                                            "Async Capable": false,
                                            "Startup Cost": 2289.79,
                                            "Total Cost": 2289.79,
                                            "Plan Rows": 122,
                                            "Plan Width": 4,
                                            "Actual Startup Time": 5.927,
                                            "Actual Total Time": 5.93,
                                            "Actual Rows": 122,
                                            "Actual Loops": 3,
                                            "Hash Buckets": 1024,
                                            "Original Hash Buckets": 1024,
                                            "Hash Batches": 1,
                                            "Original Hash Batches": 1,
                                            "Peak Memory Usage": 13,
                                            "Workers": [],
                                            "Plans": [
                                              {
                                                "Node Type": "Nested Loop",
                                                "Parent Relationship": "Outer",
                                                "Parallel Aware": false,
                                                "Async Capable": false,
                                                "Join Type": "Inner",
                                                "Startup Cost": 2269.57,
                                                "Total Cost": 2289.79,
                                                "Plan Rows": 122,
                                                "Plan Width": 4,
                                                "Actual Startup Time": 5.886,
                                                "Actual Total Time": 5.907,
                                                "Actual Rows": 122,
                                                "Actual Loops": 3,
                                                "Inner Unique": false,
                                                "Workers": [],
                                                "Plans": [
                                                  {
                                                    "Node Type": "Aggregate",
                                                    "Strategy": "Hashed",
                                                    "Partial Mode": "Simple",
                                                    "Parent Relationship": "Outer",
                                                    "Parallel Aware": false,
                                                    "Async Capable": false,
                                                    "Startup Cost": 2269.28,
                                                    "Total Cost": 2269.32,
                                                    "Plan Rows": 4,
                                                    "Plan Width": 4,
                                                    "Actual Startup Time": 5.87,
                                                    "Actual Total Time": 5.871,
                                                    "Actual Rows": 4,
                                                    "Actual Loops": 3,
                                                    "Group Key": [
                                                      "date_dim_5.d_month_seq"
                                                    ],
                                                    "Planned Partitions": 0,
                                                    "HashAgg Batches": 1,
                                                    "Peak Memory Usage": 24,
                                                    "Disk Usage": 0,
                                                    "Workers": [
                                                      {
                                                        "Worker Number": 0,
                                                        "HashAgg Batches": 1,
                                                        "Peak Memory Usage": 24,
                                                        "Disk Usage": 0
                                                      },
                                                      {
                                                        "Worker Number": 1,
                                                        "HashAgg Batches": 1,
                                                        "Peak Memory Usage": 24,
                                                        "Disk Usage": 0
                                                      }
                                                    ],
                                                    "Plans": [
                                                      {
                                                        "Node Type": "Index Only Scan",
                                                        "Parent Relationship": "Outer",
                                                        "Parallel Aware": false,
                                                        "Async Capable": false,
                                                        "Scan Direction": "Forward",
                                                        "Index Name": "_dta_index_date_dim_6_661577395__k4_k3",
                                                        "Relation Name": "date_dim",
                                                        "Alias": "date_dim_5",
                                                        "Startup Cost": 0.29,
                                                        "Total Cost": 2269.27,
                                                        "Plan Rows": 4,
                                                        "Plan Width": 4,
                                                        "Actual Startup Time": 3.239,
                                                        "Actual Total Time": 5.862,
                                                        "Actual Rows": 4,
                                                        "Actual Loops": 3,
                                                        "Filter": "(d_date = ANY ('{1999-01-10,1999-06-17,1999-08-04,1999-11-05}'::date[]))",
                                                        "Rows Removed by Filter": 73045,
                                                        "Heap Fetches": 0,
                                                        "Workers": []
                                                      }
                                                    ]
                                                  },
                                                  {
                                                    "Node Type": "Index Only Scan",
                                                    "Parent Relationship": "Inner",
                                                    "Parallel Aware": false,
                                                    "Async Capable": false,
                                                    "Scan Direction": "Forward",
                                                    "Index Name": "_dta_index_date_dim_6_661577395__k4_k3",
                                                    "Relation Name": "date_dim",
                                                    "Alias": "date_dim_4",
                                                    "Startup Cost": 0.29,
                                                    "Total Cost": 4.82,
                                                    "Plan Rows": 30,
                                                    "Plan Width": 8,
                                                    "Actual Startup Time": 0.005,
                                                    "Actual Total Time": 0.006,
                                                    "Actual Rows": 30,
                                                    "Actual Loops": 12,
                                                    "Index Cond": "(d_month_seq = date_dim_5.d_month_seq)",
                                                    "Rows Removed by Index Recheck": 0,
                                                    "Heap Fetches": 0,
                                                    "Workers": []
                                                  }
                                                ]
                                              }
                                            ]
                                          }
                                        ]
                                      },
                                      {
                                        "Node Type": "Index Scan",
                                        "Parent Relationship": "Inner",
                                        "Parallel Aware": false,
                                        "Async Capable": false,
                                        "Scan Direction": "Forward",
                                        "Index Name": "item_pkey",
                                        "Relation Name": "item",
                                        "Alias": "item_1",
                                        "Startup Cost": 0.29,
                                        "Total Cost": 4.88,
                                        "Plan Rows": 1,
                                        "Plan Width": 21,
                                        "Actual Startup Time": 0.015,
                                        "Actual Total Time": 0.015,
                                        "Actual Rows": 0,
                                        "Actual Loops": 25,
                                        "Index Cond": "(i_item_sk = catalog_returns.cr_item_sk)",
                                        "Rows Removed by Index Recheck": 0,
                                        "Filter": "((i_category = ANY ('{Children,Electronics}'::bpchar[])) AND (i_manager_id >= 15) AND (i_manager_id <= 24))",
                                        "Rows Removed by Filter": 1,
                                        "Workers": []
                                      }
                                    ]
                                  }
                                ]
                              }
                            ]
                          }
                        ]
                      }
                    ]
                  },
                  {
                    "Node Type": "Aggregate",
                    "Strategy": "Sorted",
                    "Partial Mode": "Simple",
                    "Parent Relationship": "Inner",
                    "Parallel Aware": false,
                    "Async Capable": false,
                    "Startup Cost": 49834.71,
                    "Total Cost": 49834.73,
                    "Plan Rows": 1,
                    "Plan Width": 25,
                    "Actual Startup Time": 0.0,
                    "Actual Total Time": 0.0,
                    "Actual Rows": 0,
                    "Actual Loops": 0,
                    "Group Key": [
                      "item_2.i_item_id"
                    ],
                    "Plans": [
                      {
                        "Node Type": "Sort",
                        "Parent Relationship": "Outer",
                        "Parallel Aware": false,
                        "Async Capable": false,
                        "Startup Cost": 49834.71,
                        "Total Cost": 49834.71,
                        "Plan Rows": 1,
                        "Plan Width": 21,
                        "Actual Startup Time": 0.0,
                        "Actual Total Time": 0.0,
                        "Actual Rows": 0,
                        "Actual Loops": 0,
                        "Sort Key": [
                          "item_2.i_item_id"
                        ],
                        "Plans": [
                          {
                            "Node Type": "Nested Loop",
                            "Parent Relationship": "Outer",
                            "Parallel Aware": false,
                            "Async Capable": false,
                            "Join Type": "Inner",
                            "Startup Cost": 3291.91,
                            "Total Cost": 49834.7,
                            "Plan Rows": 1,
                            "Plan Width": 21,
                            "Actual Startup Time": 0.0,
                            "Actual Total Time": 0.0,
                            "Actual Rows": 0,
                            "Actual Loops": 0,
                            "Inner Unique": true,
                            "Plans": [
                              {
                                "Node Type": "Gather",
                                "Parent Relationship": "Outer",
                                "Parallel Aware": false,
                                "Async Capable": false,
                                "Startup Cost": 3291.62,
                                "Total Cost": 49829.19,
                                "Plan Rows": 1,
                                "Plan Width": 8,
                                "Actual Startup Time": 0.0,
                                "Actual Total Time": 0.0,
                                "Actual Rows": 0,
                                "Actual Loops": 0,
                                "Workers Planned": 2,
                                "Workers Launched": 0,
                                "Single Copy": false,
                                "Plans": [
                                  {
                                    "Node Type": "Hash Join",
                                    "Parent Relationship": "Outer",
                                    "Parallel Aware": false,
                                    "Async Capable": false,
                                    "Join Type": "Semi",
                                    "Startup Cost": 2291.62,
                                    "Total Cost": 48829.09,
                                    "Plan Rows": 1,
                                    "Plan Width": 8,
                                    "Actual Startup Time": 0.0,
                                    "Actual Total Time": 0.0,
                                    "Actual Rows": 0,
                                    "Actual Loops": 0,
                                    "Inner Unique": false,
                                    "Hash Cond": "(date_dim_6.d_date = date_dim_7.d_date)",
                                    "Plans": [
                                      {
                                        "Node Type": "Nested Loop",
                                        "Parent Relationship": "Outer",
                                        "Parallel Aware": false,
                                        "Async Capable": false,
                                        "Join Type": "Inner",
                                        "Startup Cost": 0.3,
                                        "Total Cost": 46536.92,
                                        "Plan Rows": 319,
                                        "Plan Width": 12,
                                        "Actual Startup Time": 0.0,
                                        "Actual Total Time": 0.0,
                                        "Actual Rows": 0,
                                        "Actual Loops": 0,
                                        "Inner Unique": true,
                                        "Plans": [
                                          {
                                            "Node Type": "Seq Scan",
                                            "Parent Relationship": "Outer",
                                            "Parallel Aware": true,
                                            "Async Capable": false,
                                            "Relation Name": "web_returns",
                                            "Alias": "web_returns",
                                            "Startup Cost": 0.0,
                                            "Total Cost": 45271.61,
                                            "Plan Rows": 334,
                                            "Plan Width": 12,
                                            "Actual Startup Time": 0.0,
                                            "Actual Total Time": 0.0,
                                            "Actual Rows": 0,
                                            "Actual Loops": 0,
                                            "Filter": "((wr_reason_sk = ANY ('{7,18,19,22,36}'::integer[])) AND ((wr_return_amt / (wr_return_quantity)::numeric) >= '253'::numeric) AND ((wr_return_amt / (wr_return_quantity)::numeric) <= '282'::numeric))",
                                            "Rows Removed by Filter": 0
                                          },
                                          {
                                            "Node Type": "Memoize",
                                            "Parent Relationship": "Inner",
                                            "Parallel Aware": false,
                                            "Async Capable": false,
                                            "Startup Cost": 0.3,
                                            "Total Cost": 4.44,
                                            "Plan Rows": 1,
                                            "Plan Width": 8,
                                            "Actual Startup Time": 0.0,
                                            "Actual Total Time": 0.0,
                                            "Actual Rows": 0,
                                            "Actual Loops": 0,
                                            "Cache Key": "web_returns.wr_returned_date_sk",
                                            "Cache Mode": "logical",
                                            "Plans": [
                                              {
                                                "Node Type": "Index Scan",
                                                "Parent Relationship": "Outer",
                                                "Parallel Aware": false,
                                                "Async Capable": false,
                                                "Scan Direction": "Forward",
                                                "Index Name": "date_dim_pkey",
                                                "Relation Name": "date_dim",
                                                "Alias": "date_dim_6",
                                                "Startup Cost": 0.29,
                                                "Total Cost": 4.43,
                                                "Plan Rows": 1,
                                                "Plan Width": 8,
                                                "Actual Startup Time": 0.0,
                                                "Actual Total Time": 0.0,
                                                "Actual Rows": 0,
                                                "Actual Loops": 0,
                                                "Index Cond": "(d_date_sk = web_returns.wr_returned_date_sk)",
                                                "Rows Removed by Index Recheck": 0
                                              }
                                            ]
                                          }
                                        ]
                                      },
                                      {
                                        "Node Type": "Hash",
                                        "Parent Relationship": "Inner",
                                        "Parallel Aware": false,
                                        "Async Capable": false,
                                        "Startup Cost": 2289.79,
                                        "Total Cost": 2289.79,
                                        "Plan Rows": 122,
                                        "Plan Width": 4,
                                        "Actual Startup Time": 0.0,
                                        "Actual Total Time": 0.0,
                                        "Actual Rows": 0,
                                        "Actual Loops": 0,
                                        "Plans": [
                                          {
                                            "Node Type": "Nested Loop",
                                            "Parent Relationship": "Outer",
                                            "Parallel Aware": false,
                                            "Async Capable": false,
                                            "Join Type": "Inner",
                                            "Startup Cost": 2269.57,
                                            "Total Cost": 2289.79,
                                            "Plan Rows": 122,
                                            "Plan Width": 4,
                                            "Actual Startup Time": 0.0,
                                            "Actual Total Time": 0.0,
                                            "Actual Rows": 0,
                                            "Actual Loops": 0,
                                            "Inner Unique": false,
                                            "Plans": [
                                              {
                                                "Node Type": "Aggregate",
                                                "Strategy": "Hashed",
                                                "Partial Mode": "Simple",
                                                "Parent Relationship": "Outer",
                                                "Parallel Aware": false,
                                                "Async Capable": false,
                                                "Startup Cost": 2269.28,
                                                "Total Cost": 2269.32,
                                                "Plan Rows": 4,
                                                "Plan Width": 4,
                                                "Actual Startup Time": 0.0,
                                                "Actual Total Time": 0.0,
                                                "Actual Rows": 0,
                                                "Actual Loops": 0,
                                                "Group Key": [
                                                  "date_dim_8.d_month_seq"
                                                ],
                                                "Planned Partitions": 0,
                                                "Plans": [
                                                  {
                                                    "Node Type": "Index Only Scan",
                                                    "Parent Relationship": "Outer",
                                                    "Parallel Aware": false,
                                                    "Async Capable": false,
                                                    "Scan Direction": "Forward",
                                                    "Index Name": "_dta_index_date_dim_6_661577395__k4_k3",
                                                    "Relation Name": "date_dim",
                                                    "Alias": "date_dim_8",
                                                    "Startup Cost": 0.29,
                                                    "Total Cost": 2269.27,
                                                    "Plan Rows": 4,
                                                    "Plan Width": 4,
                                                    "Actual Startup Time": 0.0,
                                                    "Actual Total Time": 0.0,
                                                    "Actual Rows": 0,
                                                    "Actual Loops": 0,
                                                    "Filter": "(d_date = ANY ('{1999-01-10,1999-06-17,1999-08-04,1999-11-05}'::date[]))",
                                                    "Rows Removed by Filter": 0,
                                                    "Heap Fetches": 0
                                                  }
                                                ]
                                              },
                                              {
                                                "Node Type": "Index Only Scan",
                                                "Parent Relationship": "Inner",
                                                "Parallel Aware": false,
                                                "Async Capable": false,
                                                "Scan Direction": "Forward",
                                                "Index Name": "_dta_index_date_dim_6_661577395__k4_k3",
                                                "Relation Name": "date_dim",
                                                "Alias": "date_dim_7",
                                                "Startup Cost": 0.29,
                                                "Total Cost": 4.82,
                                                "Plan Rows": 30,
                                                "Plan Width": 8,
                                                "Actual Startup Time": 0.0,
                                                "Actual Total Time": 0.0,
                                                "Actual Rows": 0,
                                                "Actual Loops": 0,
                                                "Index Cond": "(d_month_seq = date_dim_8.d_month_seq)",
                                                "Rows Removed by Index Recheck": 0,
                                                "Heap Fetches": 0
                                              }
                                            ]
                                          }
                                        ]
                                      }
                                    ]
                                  }
                                ]
                              },
                              {
                                "Node Type": "Index Scan",
                                "Parent Relationship": "Inner",
                                "Parallel Aware": false,
                                "Async Capable": false,
                                "Scan Direction": "Forward",
                                "Index Name": "item_pkey",
                                "Relation Name": "item",
                                "Alias": "item_2",
                                "Startup Cost": 0.29,
                                "Total Cost": 5.5,
                                "Plan Rows": 1,
                                "Plan Width": 21,
                                "Actual Startup Time": 0.0,
                                "Actual Total Time": 0.0,
                                "Actual Rows": 0,
                                "Actual Loops": 0,
                                "Index Cond": "(i_item_sk = web_returns.wr_item_sk)",
                                "Rows Removed by Index Recheck": 0,
                                "Filter": "((i_category = ANY ('{Children,Electronics}'::bpchar[])) AND (i_manager_id >= 15) AND (i_manager_id <= 24))",
                                "Rows Removed by Filter": 0
                              }
                            ]
                          }
                        ]
                      }
                    ]
                  }
                ]
              }
            ]
          }
        ]
      },
      "Planning Time": 1.344,
      "Triggers": [],
      "Execution Time": 299.216
    }
  ],
  "plan_text": "",
  "actual_rows": 0,
  "provenance": {
    "database": "postgres://jakc9:jakc9@127.0.0.1:5434/dsb_sf10",
    "scale_factor": 10,
    "engine": "postgresql",
    "engine_version": "14.3",
    "cached_at": "2026-02-09T21:16:50.166582"
  }
}