{
  "plan_json": [
    {
      "Plan": {
        "Node Type": "Sort",
        "Parallel Aware": false,
        "Async Capable": false,
        "Startup Cost": 315625.44,
        "Total Cost": 315625.71,
        "Plan Rows": 108,
        "Plan Width": 16,
        "Actual Startup Time": 2096.494,
        "Actual Total Time": 2096.566,
        "Actual Rows": 304,
        "Actual Loops": 1,
        "Sort Key": [
          "(count(*))"
        ],
        "Sort Method": "quicksort",
        "Sort Space Used": 39,
        "Sort Space Type": "Memory",
        "Plans": [
          {
            "Node Type": "Aggregate",
            "Strategy": "Sorted",
            "Partial Mode": "Simple",
            "Parent Relationship": "Outer",
            "Parallel Aware": false,
            "Async Capable": false,
            "Startup Cost": 285436.25,
            "Total Cost": 315621.79,
            "Plan Rows": 108,
            "Plan Width": 16,
            "Actual Startup Time": 1441.799,
            "Actual Total Time": 2096.5,
            "Actual Rows": 304,
            "Actual Loops": 1,
            "Group Key": [
              "item1.i_item_sk",
              "item2.i_item_sk"
            ],
            "Plans": [
              {
                "Node Type": "Gather Merge",
                "Parent Relationship": "Outer",
                "Parallel Aware": false,
                "Async Capable": false,
                "Startup Cost": 285436.25,
                "Total Cost": 315619.9,
                "Plan Rows": 108,
                "Plan Width": 8,
                "Actual Startup Time": 1441.792,
                "Actual Total Time": 2096.42,
                "Actual Rows": 575,
                "Actual Loops": 1,
                "Workers Planned": 2,
                "Workers Launched": 2,
                "Plans": [
                  {
                    "Node Type": "Incremental Sort",
                    "Parent Relationship": "Outer",
                    "Parallel Aware": false,
                    "Async Capable": false,
                    "Startup Cost": 284436.23,
                    "Total Cost": 314607.41,
                    "Plan Rows": 45,
                    "Plan Width": 8,
                    "Actual Startup Time": 1095.859,
                    "Actual Total Time": 1815.388,
                    "Actual Rows": 192,
                    "Actual Loops": 3,
                    "Sort Key": [
                      "item1.i_item_sk",
                      "item2.i_item_sk"
                    ],
                    "Presorted Key": [
                      "item1.i_item_sk"
                    ],
                    "Full-sort Groups": {
                      "Group Count": 5,
                      "Sort Methods Used": [
                        "quicksort"
                      ],
                      "Sort Space Memory": {
                        "Average Sort Space Used": 27,
                        "Peak Sort Space Used": 27
                      }
                    },
                    "Workers": [
                      {
                        "Worker Number": 0,
                        "Full-sort Groups": {
                          "Group Count": 5,
                          "Sort Methods Used": [
                            "quicksort"
                          ],
                          "Sort Space Memory": {
                            "Average Sort Space Used": 26,
                            "Peak Sort Space Used": 26
                          }
                        }
                      },
                      {
                        "Worker Number": 1,
                        "Full-sort Groups": {
                          "Group Count": 6,
                          "Sort Methods Used": [
                            "quicksort"
                          ],
                          "Sort Space Memory": {
                            "Average Sort Space Used": 26,
                            "Peak Sort Space Used": 26
                          }
                        }
                      }
                    ],
                    "Plans": [
                      {
                        "Node Type": "Nested Loop",
                        "Parent Relationship": "Outer",
                        "Parallel Aware": false,
                        "Async Capable": false,
                        "Join Type": "Inner",
                        "Startup Cost": 283750.56,
                        "Total Cost": 314605.39,
                        "Plan Rows": 45,
                        "Plan Width": 8,
                        "Actual Startup Time": 1002.743,
                        "Actual Total Time": 1815.028,
                        "Actual Rows": 192,
                        "Actual Loops": 3,
                        "Inner Unique": true,
                        "Workers": [],
                        "Plans": [
                          {
                            "Node Type": "Nested Loop",
                            "Parent Relationship": "Outer",
                            "Parallel Aware": false,
                            "Async Capable": false,
                            "Join Type": "Inner",
                            "Startup Cost": 283750.14,
                            "Total Cost": 314493.18,
                            "Plan Rows": 45,
                            "Plan Width": 12,
                            "Actual Startup Time": 1002.714,
                            "Actual Total Time": 1813.535,
                            "Actual Rows": 192,
                            "Actual Loops": 3,
                            "Inner Unique": true,
                            "Join Filter": "(item1.i_item_sk < item2.i_item_sk)",
                            "Rows Removed by Join Filter": 556,
                            "Workers": [],
                            "Plans": [
                              {
                                "Node Type": "Nested Loop",
                                "Parent Relationship": "Outer",
                                "Parallel Aware": false,
                                "Async Capable": false,
                                "Join Type": "Inner",
                                "Startup Cost": 283749.85,
                                "Total Cost": 311501.14,
                                "Plan Rows": 674,
                                "Plan Width": 12,
                                "Actual Startup Time": 1001.268,
                                "Actual Total Time": 1793.061,
                                "Actual Rows": 6215,
                                "Actual Loops": 3,
                                "Inner Unique": false,
                                "Workers": [],
                                "Plans": [
                                  {
                                    "Node Type": "Nested Loop",
                                    "Parent Relationship": "Outer",
                                    "Parallel Aware": false,
                                    "Async Capable": false,
                                    "Join Type": "Inner",
                                    "Startup Cost": 283749.41,
                                    "Total Cost": 301754.37,
                                    "Plan Rows": 52,
                                    "Plan Width": 12,
                                    "Actual Startup Time": 1001.203,
                                    "Actual Total Time": 1727.185,
                                    "Actual Rows": 3468,
                                    "Actual Loops": 3,
                                    "Inner Unique": true,
                                    "Workers": [],
                                    "Plans": [
                                      {
                                        "Node Type": "Nested Loop",
                                        "Parent Relationship": "Outer",
                                        "Parallel Aware": false,
                                        "Async Capable": false,
                                        "Join Type": "Inner",
                                        "Startup Cost": 283748.98,
                                        "Total Cost": 292998.47,
                                        "Plan Rows": 1895,
                                        "Plan Width": 16,
                                        "Actual Startup Time": 1000.7,
                                        "Actual Total Time": 1364.164,
                                        "Actual Rows": 76967,
                                        "Actual Loops": 3,
                                        "Inner Unique": true,
                                        "Workers": [],
                                        "Plans": [
                                          {
                                            "Node Type": "Merge Join",
                                            "Parent Relationship": "Outer",
                                            "Parallel Aware": false,
                                            "Async Capable": false,
                                            "Join Type": "Inner",
                                            "Startup Cost": 283748.56,
                                            "Total Cost": 283935.89,
                                            "Plan Rows": 1984,
                                            "Plan Width": 12,
                                            "Actual Startup Time": 1000.667,
                                            "Actual Total Time": 1043.828,
                                            "Actual Rows": 77900,
                                            "Actual Loops": 3,
                                            "Inner Unique": true,
                                            "Merge Cond": "(s1.ss_item_sk = item1.i_item_sk)",
                                            "Workers": [],
                                            "Plans": [
                                              {
                                                "Node Type": "Sort",
                                                "Parent Relationship": "Outer",
                                                "Parallel Aware": false,
                                                "Async Capable": false,
                                                "Startup Cost": 279846.09,
                                                "Total Cost": 279865.86,
                                                "Plan Rows": 7908,
                                                "Plan Width": 12,
                                                "Actual Startup Time": 991.821,
                                                "Actual Total Time": 1010.868,
                                                "Actual Rows": 218145,
                                                "Actual Loops": 3,
                                                "Sort Key": [
                                                  "s1.ss_item_sk"
                                                ],
                                                "Sort Method": "external merge",
                                                "Sort Space Used": 4976,
                                                "Sort Space Type": "Disk",
                                                "Workers": [
                                                  {
                                                    "Worker Number": 0,
                                                    "Sort Method": "external merge",
                                                    "Sort Space Used": 4520,
                                                    "Sort Space Type": "Disk"
                                                  },
                                                  {
                                                    "Worker Number": 1,
                                                    "Sort Method": "external merge",
                                                    "Sort Space Used": 4640,
                                                    "Sort Space Type": "Disk"
                                                  }
                                                ],
                                                "Plans": [
                                                  {
                                                    "Node Type": "Nested Loop",
                                                    "Parent Relationship": "Outer",
                                                    "Parallel Aware": false,
                                                    "Async Capable": false,
                                                    "Join Type": "Inner",
                                                    "Startup Cost": 0.85,
                                                    "Total Cost": 279334.09,
                                                    "Plan Rows": 7908,
                                                    "Plan Width": 12,
                                                    "Actual Startup Time": 0.357,
                                                    "Actual Total Time": 941.72,
                                                    "Actual Rows": 218147,
                                                    "Actual Loops": 3,
                                                    "Inner Unique": false,
                                                    "Workers": [],
                                                    "Plans": [
                                                      {
                                                        "Node Type": "Index Only Scan",
                                                        "Parent Relationship": "Outer",
                                                        "Parallel Aware": true,
                                                        "Async Capable": false,
                                                        "Scan Direction": "Forward",
                                                        "Index Name": "_dta_index_date_dim_6_661577395__k1_k7_k9",
                                                        "Relation Name": "date_dim",
                                                        "Alias": "date_dim",
                                                        "Startup Cost": 0.29,
                                                        "Total Cost": 1861.77,
                                                        "Plan Rows": 298,
                                                        "Plan Width": 4,
                                                        "Actual Startup Time": 0.273,
                                                        "Actual Total Time": 0.746,
                                                        "Actual Rows": 243,
                                                        "Actual Loops": 3,
                                                        "Index Cond": "((d_year >= 1998) AND (d_year <= 1999))",
                                                        "Rows Removed by Index Recheck": 0,
                                                        "Heap Fetches": 0,
                                                        "Workers": []
                                                      },
                                                      {
                                                        "Node Type": "Index Only Scan",
                                                        "Parent Relationship": "Inner",
                                                        "Parallel Aware": false,
                                                        "Async Capable": false,
                                                        "Scan Direction": "Forward",
                                                        "Index Name": "_dta_index_store_sales_6_1333579789__k1_k23_k14_k6_k8_k5_k7_3_4",
                                                        "Relation Name": "store_sales",
                                                        "Alias": "s1",
                                                        "Startup Cost": 0.56,
                                                        "Total Cost": 921.71,
                                                        "Plan Rows": 941,
                                                        "Plan Width": 16,
                                                        "Actual Startup Time": 0.016,
                                                        "Actual Total Time": 3.786,
                                                        "Actual Rows": 896,
                                                        "Actual Loops": 730,
                                                        "Index Cond": "(ss_sold_date_sk = date_dim.d_date_sk)",
                                                        "Rows Removed by Index Recheck": 0,
                                                        "Filter": "((ss_list_price >= '108'::numeric) AND (ss_list_price <= '122'::numeric))",
                                                        "Rows Removed by Filter": 11605,
                                                        "Heap Fetches": 0,
                                                        "Workers": []
                                                      }
                                                    ]
                                                  }
                                                ]
                                              },
                                              {
                                                "Node Type": "Sort",
                                                "Parent Relationship": "Inner",
                                                "Parallel Aware": false,
                                                "Async Capable": false,
                                                "Startup Cost": 3902.47,
                                                "Total Cost": 3966.45,
                                                "Plan Rows": 25592,
                                                "Plan Width": 4,
                                                "Actual Startup Time": 8.835,
                                                "Actual Total Time": 12.272,
                                                "Actual Rows": 25326,
                                                "Actual Loops": 3,
                                                "Sort Key": [
                                                  "item1.i_item_sk"
                                                ],
                                                "Sort Method": "quicksort",
                                                "Sort Space Used": 1956,
                                                "Sort Space Type": "Memory",
                                                "Workers": [
                                                  {
                                                    "Worker Number": 0,
                                                    "Sort Method": "quicksort",
                                                    "Sort Space Used": 1956,
                                                    "Sort Space Type": "Memory"
                                                  },
                                                  {
                                                    "Worker Number": 1,
                                                    "Sort Method": "quicksort",
                                                    "Sort Space Used": 1956,
                                                    "Sort Space Type": "Memory"
                                                  }
                                                ],
                                                "Plans": [
                                                  {
                                                    "Node Type": "Index Only Scan",
                                                    "Parent Relationship": "Outer",
                                                    "Parallel Aware": false,
                                                    "Async Capable": false,
                                                    "Scan Direction": "Forward",
                                                    "Index Name": "_dta_index_item_6_853578079__k13_k11_k1",
                                                    "Relation Name": "item",
                                                    "Alias": "item1",
                                                    "Startup Cost": 0.42,
                                                    "Total Cost": 2028.7,
                                                    "Plan Rows": 25592,
                                                    "Plan Width": 4,
                                                    "Actual Startup Time": 0.095,
                                                    "Actual Total Time": 4.813,
                                                    "Actual Rows": 25326,
                                                    "Actual Loops": 3,
                                                    "Index Cond": "(i_category = ANY ('{Electronics,Jewelry}'::bpchar[]))",
                                                    "Rows Removed by Index Recheck": 0,
                                                    "Heap Fetches": 0,
                                                    "Workers": []
                                                  }
                                                ]
                                              }
                                            ]
                                          },
                                          {
                                            "Node Type": "Index Scan",
                                            "Parent Relationship": "Inner",
                                            "Parallel Aware": false,
                                            "Async Capable": false,
                                            "Scan Direction": "Forward",
                                            "Index Name": "_dta_index_customer_6_949578421__k1_k5",
                                            "Relation Name": "customer",
                                            "Alias": "customer",
                                            "Startup Cost": 0.42,
                                            "Total Cost": 4.57,
                                            "Plan Rows": 1,
                                            "Plan Width": 12,
                                            "Actual Startup Time": 0.004,
                                            "Actual Total Time": 0.004,
                                            "Actual Rows": 1,
                                            "Actual Loops": 233700,
                                            "Index Cond": "(c_customer_sk = s1.ss_customer_sk)",
                                            "Rows Removed by Index Recheck": 0,
                                            "Workers": []
                                          }
                                        ]
                                      },
                                      {
                                        "Node Type": "Index Scan",
                                        "Parent Relationship": "Inner",
                                        "Parallel Aware": false,
                                        "Async Capable": false,
                                        "Scan Direction": "Forward",
                                        "Index Name": "customer_demographics_pkey",
                                        "Relation Name": "customer_demographics",
                                        "Alias": "customer_demographics",
                                        "Startup Cost": 0.43,
                                        "Total Cost": 4.62,
                                        "Plan Rows": 1,
                                        "Plan Width": 4,
                                        "Actual Startup Time": 0.005,
                                        "Actual Total Time": 0.005,
                                        "Actual Rows": 0,
                                        "Actual Loops": 230900,
                                        "Index Cond": "(cd_demo_sk = customer.c_current_cdemo_sk)",
                                        "Rows Removed by Index Recheck": 0,
                                        "Filter": "((cd_marital_status = 'S'::bpchar) AND (cd_education_status = 'College'::bpchar))",
                                        "Rows Removed by Filter": 1,
                                        "Workers": []
                                      }
                                    ]
                                  },
                                  {
                                    "Node Type": "Index Scan",
                                    "Parent Relationship": "Inner",
                                    "Parallel Aware": false,
                                    "Async Capable": false,
                                    "Scan Direction": "Forward",
                                    "Index Name": "_dta_index_store_sales_6_1333579789__k10_k3",
                                    "Relation Name": "store_sales",
                                    "Alias": "s2",
                                    "Startup Cost": 0.44,
                                    "Total Cost": 187.31,
                                    "Plan Rows": 13,
                                    "Plan Width": 8,
                                    "Actual Startup Time": 0.016,
                                    "Actual Total Time": 0.018,
                                    "Actual Rows": 2,
                                    "Actual Loops": 10404,
                                    "Index Cond": "(ss_ticket_number = s1.ss_ticket_number)",
                                    "Rows Removed by Index Recheck": 0,
                                    "Filter": "((ss_list_price >= '108'::numeric) AND (ss_list_price <= '122'::numeric))",
                                    "Rows Removed by Filter": 11,
                                    "Workers": []
                                  }
                                ]
                              },
                              {
                                "Node Type": "Index Scan",
                                "Parent Relationship": "Inner",
                                "Parallel Aware": false,
                                "Async Capable": false,
                                "Scan Direction": "Forward",
                                "Index Name": "item_pkey",
                                "Relation Name": "item",
                                "Alias": "item2",
                                "Startup Cost": 0.29,
                                "Total Cost": 4.43,
                                "Plan Rows": 1,
                                "Plan Width": 4,
                                "Actual Startup Time": 0.003,
                                "Actual Total Time": 0.003,
                                "Actual Rows": 0,
                                "Actual Loops": 18644,
                                "Index Cond": "(i_item_sk = s2.ss_item_sk)",
                                "Rows Removed by Index Recheck": 0,
                                "Filter": "((i_manager_id >= 81) AND (i_manager_id <= 100))",
                                "Rows Removed by Filter": 1,
                                "Workers": []
                              }
                            ]
                          },
                          {
                            "Node Type": "Index Only Scan",
                            "Parent Relationship": "Inner",
                            "Parallel Aware": false,
                            "Async Capable": false,
                            "Scan Direction": "Forward",
                            "Index Name": "customer_address_pkey",
                            "Relation Name": "customer_address",
                            "Alias": "customer_address",
                            "Startup Cost": 0.42,
                            "Total Cost": 2.49,
                            "Plan Rows": 1,
                            "Plan Width": 4,
                            "Actual Startup Time": 0.006,
                            "Actual Total Time": 0.006,
                            "Actual Rows": 1,
                            "Actual Loops": 575,
                            "Index Cond": "(ca_address_sk = customer.c_current_addr_sk)",
                            "Rows Removed by Index Recheck": 0,
                            "Heap Fetches": 0,
                            "Workers": []
                          }
                        ]
                      }
                    ]
                  }
                ]
              }
            ]
          }
        ]
      },
      "Planning Time": 5.833,
      "Triggers": [],
      "Execution Time": 2097.235
    }
  ],
  "plan_text": "",
  "actual_rows": 0,
  "provenance": {
    "database": "postgres://jakc9:jakc9@127.0.0.1:5434/dsb_sf10",
    "scale_factor": 10,
    "engine": "postgresql",
    "engine_version": "14.3",
    "cached_at": "2026-02-09T21:27:00.204314"
  }
}