{
  "plan_json": [
    {
      "Plan": {
        "Node Type": "Limit",
        "Parallel Aware": false,
        "Async Capable": false,
        "Startup Cost": 254824.32,
        "Total Cost": 254824.32,
        "Plan Rows": 1,
        "Plan Width": 202,
        "Actual Startup Time": 2481.107,
        "Actual Total Time": 2487.115,
        "Actual Rows": 0,
        "Actual Loops": 1,
        "Plans": [
          {
            "Node Type": "Sort",
            "Parent Relationship": "Outer",
            "Parallel Aware": false,
            "Async Capable": false,
            "Startup Cost": 254824.32,
            "Total Cost": 254824.32,
            "Plan Rows": 1,
            "Plan Width": 202,
            "Actual Startup Time": 2481.106,
            "Actual Total Time": 2487.114,
            "Actual Rows": 0,
            "Actual Loops": 1,
            "Sort Key": [
              "store.s_store_name",
              "item.i_item_desc"
            ],
            "Sort Method": "quicksort",
            "Sort Space Used": 25,
            "Sort Space Type": "Memory",
            "Plans": [
              {
                "Node Type": "Nested Loop",
                "Parent Relationship": "Outer",
                "Parallel Aware": false,
                "Async Capable": false,
                "Join Type": "Inner",
                "Startup Cost": 254579.76,
                "Total Cost": 254824.31,
                "Plan Rows": 1,
                "Plan Width": 202,
                "Actual Startup Time": 2481.103,
                "Actual Total Time": 2487.11,
                "Actual Rows": 0,
                "Actual Loops": 1,
                "Inner Unique": true,
                "Plans": [
                  {
                    "Node Type": "Merge Join",
                    "Parent Relationship": "Outer",
                    "Parallel Aware": false,
                    "Async Capable": false,
                    "Join Type": "Inner",
                    "Startup Cost": 254579.47,
                    "Total Cost": 254802.08,
                    "Plan Rows": 4,
                    "Plan Width": 40,
                    "Actual Startup Time": 2481.102,
                    "Actual Total Time": 2487.108,
                    "Actual Rows": 0,
                    "Actual Loops": 1,
                    "Inner Unique": false,
                    "Merge Cond": "(store_sales.ss_store_sk = store_sales_1.ss_store_sk)",
                    "Join Filter": "((sum(store_sales.ss_sales_price)) <= (0.1 * (avg((sum(store_sales_1.ss_sales_price))))))",
                    "Rows Removed by Join Filter": 0,
                    "Plans": [
                      {
                        "Node Type": "Aggregate",
                        "Strategy": "Sorted",
                        "Partial Mode": "Finalize",
                        "Parent Relationship": "Outer",
                        "Parallel Aware": false,
                        "Async Capable": false,
                        "Startup Cost": 127286.52,
                        "Total Cost": 127384.51,
                        "Plan Rows": 776,
                        "Plan Width": 40,
                        "Actual Startup Time": 1425.037,
                        "Actual Total Time": 1428.329,
                        "Actual Rows": 1,
                        "Actual Loops": 1,
                        "Group Key": [
                          "store_sales.ss_store_sk",
                          "store_sales.ss_item_sk"
                        ],
                        "Plans": [
                          {
                            "Node Type": "Gather Merge",
                            "Parent Relationship": "Outer",
                            "Parallel Aware": false,
                            "Async Capable": false,
                            "Startup Cost": 127286.52,
                            "Total Cost": 127368.35,
                            "Plan Rows": 646,
                            "Plan Width": 40,
                            "Actual Startup Time": 1425.027,
                            "Actual Total Time": 1428.318,
                            "Actual Rows": 2,
                            "Actual Loops": 1,
                            "Workers Planned": 2,
                            "Workers Launched": 2,
                            "Plans": [
                              {
                                "Node Type": "Aggregate",
                                "Strategy": "Sorted",
                                "Partial Mode": "Partial",
                                "Parent Relationship": "Outer",
                                "Parallel Aware": false,
                                "Async Capable": false,
                                "Startup Cost": 126286.5,
                                "Total Cost": 126293.76,
                                "Plan Rows": 323,
                                "Plan Width": 40,
                                "Actual Startup Time": 751.549,
                                "Actual Total Time": 751.741,
                                "Actual Rows": 229,
                                "Actual Loops": 3,
                                "Group Key": [
                                  "store_sales.ss_store_sk",
                                  "store_sales.ss_item_sk"
                                ],
                                "Workers": [],
                                "Plans": [
                                  {
                                    "Node Type": "Sort",
                                    "Parent Relationship": "Outer",
                                    "Parallel Aware": false,
                                    "Async Capable": false,
                                    "Startup Cost": 126286.5,
                                    "Total Cost": 126287.3,
                                    "Plan Rows": 323,
                                    "Plan Width": 14,
                                    "Actual Startup Time": 751.54,
                                    "Actual Total Time": 751.597,
                                    "Actual Rows": 523,
                                    "Actual Loops": 3,
                                    "Sort Key": [
                                      "store_sales.ss_store_sk",
                                      "store_sales.ss_item_sk"
                                    ],
                                    "Sort Method": "external merge",
                                    "Sort Space Used": 4880,
                                    "Sort Space Type": "Disk",
                                    "Workers": [
                                      {
                                        "Worker Number": 0,
                                        "Sort Method": "quicksort",
                                        "Sort Space Used": 25,
                                        "Sort Space Type": "Memory"
                                      },
                                      {
                                        "Worker Number": 1,
                                        "Sort Method": "external merge",
                                        "Sort Space Used": 5784,
                                        "Sort Space Type": "Disk"
                                      }
                                    ],
                                    "Plans": [
                                      {
                                        "Node Type": "Nested Loop",
                                        "Parent Relationship": "Outer",
                                        "Parallel Aware": false,
                                        "Async Capable": false,
                                        "Join Type": "Inner",
                                        "Startup Cost": 0.98,
                                        "Total Cost": 126273.04,
                                        "Plan Rows": 323,
                                        "Plan Width": 14,
                                        "Actual Startup Time": 3.584,
                                        "Actual Total Time": 710.868,
                                        "Actual Rows": 145949,
                                        "Actual Loops": 3,
                                        "Inner Unique": false,
                                        "Workers": [],
                                        "Plans": [
                                          {
                                            "Node Type": "Index Only Scan",
                                            "Parent Relationship": "Outer",
                                            "Parallel Aware": true,
                                            "Async Capable": false,
                                            "Scan Direction": "Forward",
                                            "Index Name": "_dta_index_date_dim_6_661577395__k7_k4_k9_k1",
                                            "Relation Name": "date_dim",
                                            "Alias": "date_dim",
                                            "Startup Cost": 0.42,
                                            "Total Cost": 1868.63,
                                            "Plan Rows": 172,
                                            "Plan Width": 4,
                                            "Actual Startup Time": 3.539,
                                            "Actual Total Time": 3.618,
                                            "Actual Rows": 122,
                                            "Actual Loops": 3,
                                            "Index Cond": "((d_month_seq >= 1195) AND (d_month_seq <= 1206))",
                                            "Rows Removed by Index Recheck": 0,
                                            "Heap Fetches": 0,
                                            "Workers": []
                                          },
                                          {
                                            "Node Type": "Index Only Scan",
                                            "Parent Relationship": "Inner",
                                            "Parallel Aware": false,
                                            "Async Capable": false,
                                            "Scan Direction": "Forward",
                                            "Index Name": "_dta_index_store_sales_6_1333579789__k1_k5_k8_k3_11_13_14_20",
                                            "Relation Name": "store_sales",
                                            "Alias": "store_sales",
                                            "Startup Cost": 0.56,
                                            "Total Cost": 722.61,
                                            "Plan Rows": 67,
                                            "Plan Width": 18,
                                            "Actual Startup Time": 0.017,
                                            "Actual Total Time": 5.712,
                                            "Actual Rows": 1196,
                                            "Actual Loops": 366,
                                            "Index Cond": "(ss_sold_date_sk = date_dim.d_date_sk)",
                                            "Rows Removed by Index Recheck": 0,
                                            "Filter": "(((ss_sales_price / ss_list_price) >= 0.38) AND ((ss_sales_price / ss_list_price) <= 0.48))",
                                            "Rows Removed by Filter": 9938,
                                            "Heap Fetches": 0,
                                            "Workers": []
                                          }
                                        ]
                                      }
                                    ]
                                  }
                                ]
                              }
                            ]
                          }
                        ]
                      },
                      {
                        "Node Type": "Materialize",
                        "Parent Relationship": "Inner",
                        "Parallel Aware": false,
                        "Async Capable": false,
                        "Startup Cost": 127292.95,
                        "Total Cost": 127407.63,
                        "Plan Rows": 3,
                        "Plan Width": 44,
                        "Actual Startup Time": 1056.063,
                        "Actual Total Time": 1058.777,
                        "Actual Rows": 0,
                        "Actual Loops": 1,
                        "Plans": [
                          {
                            "Node Type": "Merge Join",
                            "Parent Relationship": "Outer",
                            "Parallel Aware": false,
                            "Async Capable": false,
                            "Join Type": "Inner",
                            "Startup Cost": 127292.95,
                            "Total Cost": 127407.62,
                            "Plan Rows": 3,
                            "Plan Width": 44,
                            "Actual Startup Time": 1056.06,
                            "Actual Total Time": 1058.773,
                            "Actual Rows": 0,
                            "Actual Loops": 1,
                            "Inner Unique": true,
                            "Merge Cond": "(store.s_store_sk = store_sales_1.ss_store_sk)",
                            "Plans": [
                              {
                                "Node Type": "Sort",
                                "Parent Relationship": "Outer",
                                "Parallel Aware": false,
                                "Async Capable": false,
                                "Startup Cost": 6.43,
                                "Total Cost": 6.43,
                                "Plan Rows": 3,
                                "Plan Width": 8,
                                "Actual Startup Time": 0.037,
                                "Actual Total Time": 0.039,
                                "Actual Rows": 1,
                                "Actual Loops": 1,
                                "Sort Key": [
                                  "store.s_store_sk"
                                ],
                                "Sort Method": "quicksort",
                                "Sort Space Used": 25,
                                "Sort Space Type": "Memory",
                                "Plans": [
                                  {
                                    "Node Type": "Seq Scan",
                                    "Parent Relationship": "Outer",
                                    "Parallel Aware": false,
                                    "Async Capable": false,
                                    "Relation Name": "store",
                                    "Alias": "store",
                                    "Startup Cost": 0.0,
                                    "Total Cost": 6.4,
                                    "Plan Rows": 3,
                                    "Plan Width": 8,
                                    "Actual Startup Time": 0.023,
                                    "Actual Total Time": 0.031,
                                    "Actual Rows": 1,
                                    "Actual Loops": 1,
                                    "Filter": "(s_state = ANY ('{IA,IL,NC}'::bpchar[]))",
                                    "Rows Removed by Filter": 101
                                  }
                                ]
                              },
                              {
                                "Node Type": "Aggregate",
                                "Strategy": "Sorted",
                                "Partial Mode": "Simple",
                                "Parent Relationship": "Inner",
                                "Parallel Aware": false,
                                "Async Capable": false,
                                "Startup Cost": 127286.52,
                                "Total Cost": 127398.65,
                                "Plan Rows": 200,
                                "Plan Width": 36,
                                "Actual Startup Time": 994.009,
                                "Actual Total Time": 1058.716,
                                "Actual Rows": 18,
                                "Actual Loops": 1,
                                "Group Key": [
                                  "store_sales_1.ss_store_sk"
                                ],
                                "Plans": [
                                  {
                                    "Node Type": "Aggregate",
                                    "Strategy": "Sorted",
                                    "Partial Mode": "Finalize",
                                    "Parent Relationship": "Outer",
                                    "Parallel Aware": false,
                                    "Async Capable": false,
                                    "Startup Cost": 127286.52,
                                    "Total Cost": 127384.51,
                                    "Plan Rows": 776,
                                    "Plan Width": 40,
                                    "Actual Startup Time": 988.502,
                                    "Actual Total Time": 1054.522,
                                    "Actual Rows": 78259,
                                    "Actual Loops": 1,
                                    "Group Key": [
                                      "store_sales_1.ss_store_sk",
                                      "store_sales_1.ss_item_sk"
                                    ],
                                    "Plans": [
                                      {
                                        "Node Type": "Gather Merge",
                                        "Parent Relationship": "Outer",
                                        "Parallel Aware": false,
                                        "Async Capable": false,
                                        "Startup Cost": 127286.52,
                                        "Total Cost": 127368.35,
                                        "Plan Rows": 646,
                                        "Plan Width": 40,
                                        "Actual Startup Time": 988.492,
                                        "Actual Total Time": 1023.022,
                                        "Actual Rows": 80174,
                                        "Actual Loops": 1,
                                        "Workers Planned": 2,
                                        "Workers Launched": 2,
                                        "Plans": [
                                          {
                                            "Node Type": "Aggregate",
                                            "Strategy": "Sorted",
                                            "Partial Mode": "Partial",
                                            "Parent Relationship": "Outer",
                                            "Parallel Aware": false,
                                            "Async Capable": false,
                                            "Startup Cost": 126286.5,
                                            "Total Cost": 126293.76,
                                            "Plan Rows": 323,
                                            "Plan Width": 40,
                                            "Actual Startup Time": 602.909,
                                            "Actual Total Time": 620.111,
                                            "Actual Rows": 26929,
                                            "Actual Loops": 3,
                                            "Group Key": [
                                              "store_sales_1.ss_store_sk",
                                              "store_sales_1.ss_item_sk"
                                            ],
                                            "Workers": [],
                                            "Plans": [
                                              {
                                                "Node Type": "Sort",
                                                "Parent Relationship": "Outer",
                                                "Parallel Aware": false,
                                                "Async Capable": false,
                                                "Startup Cost": 126286.5,
                                                "Total Cost": 126287.3,
                                                "Plan Rows": 323,
                                                "Plan Width": 14,
                                                "Actual Startup Time": 602.899,
                                                "Actual Total Time": 607.288,
                                                "Actual Rows": 54621,
                                                "Actual Loops": 3,
                                                "Sort Key": [
                                                  "store_sales_1.ss_store_sk",
                                                  "store_sales_1.ss_item_sk"
                                                ],
                                                "Sort Method": "external merge",
                                                "Sort Space Used": 4880,
                                                "Sort Space Type": "Disk",
                                                "Workers": [
                                                  {
                                                    "Worker Number": 0,
                                                    "Sort Method": "external merge",
                                                    "Sort Space Used": 5784,
                                                    "Sort Space Type": "Disk"
                                                  },
                                                  {
                                                    "Worker Number": 1,
                                                    "Sort Method": "quicksort",
                                                    "Sort Space Used": 25,
                                                    "Sort Space Type": "Memory"
                                                  }
                                                ],
                                                "Plans": [
                                                  {
                                                    "Node Type": "Nested Loop",
                                                    "Parent Relationship": "Outer",
                                                    "Parallel Aware": false,
                                                    "Async Capable": false,
                                                    "Join Type": "Inner",
                                                    "Startup Cost": 0.98,
                                                    "Total Cost": 126273.04,
                                                    "Plan Rows": 323,
                                                    "Plan Width": 14,
                                                    "Actual Startup Time": 0.706,
                                                    "Actual Total Time": 562.046,
                                                    "Actual Rows": 145949,
                                                    "Actual Loops": 3,
                                                    "Inner Unique": false,
                                                    "Workers": [],
                                                    "Plans": [
                                                      {
                                                        "Node Type": "Index Only Scan",
                                                        "Parent Relationship": "Outer",
                                                        "Parallel Aware": true,
                                                        "Async Capable": false,
                                                        "Scan Direction": "Forward",
                                                        "Index Name": "_dta_index_date_dim_6_661577395__k7_k4_k9_k1",
                                                        "Relation Name": "date_dim",
                                                        "Alias": "date_dim_1",
                                                        "Startup Cost": 0.42,
                                                        "Total Cost": 1868.63,
                                                        "Plan Rows": 172,
                                                        "Plan Width": 4,
                                                        "Actual Startup Time": 0.684,
                                                        "Actual Total Time": 0.769,
                                                        "Actual Rows": 122,
                                                        "Actual Loops": 3,
                                                        "Index Cond": "((d_month_seq >= 1195) AND (d_month_seq <= 1206))",
                                                        "Rows Removed by Index Recheck": 0,
                                                        "Heap Fetches": 0,
                                                        "Workers": []
                                                      },
                                                      {
                                                        "Node Type": "Index Only Scan",
                                                        "Parent Relationship": "Inner",
                                                        "Parallel Aware": false,
                                                        "Async Capable": false,
                                                        "Scan Direction": "Forward",
                                                        "Index Name": "_dta_index_store_sales_6_1333579789__k1_k5_k8_k3_11_13_14_20",
                                                        "Relation Name": "store_sales",
                                                        "Alias": "store_sales_1",
                                                        "Startup Cost": 0.56,
                                                        "Total Cost": 722.61,
                                                        "Plan Rows": 67,
                                                        "Plan Width": 18,
                                                        "Actual Startup Time": 0.01,
                                                        "Actual Total Time": 4.528,
                                                        "Actual Rows": 1196,
                                                        "Actual Loops": 366,
                                                        "Index Cond": "(ss_sold_date_sk = date_dim_1.d_date_sk)",
                                                        "Rows Removed by Index Recheck": 0,
                                                        "Filter": "(((ss_sales_price / ss_list_price) >= 0.38) AND ((ss_sales_price / ss_list_price) <= 0.48))",
                                                        "Rows Removed by Filter": 9938,
                                                        "Heap Fetches": 0,
                                                        "Workers": []
                                                      }
                                                    ]
                                                  }
                                                ]
                                              }
                                            ]
                                          }
                                        ]
                                      }
                                    ]
                                  }
                                ]
                              }
                            ]
                          }
                        ]
                      }
                    ]
                  },
                  {
                    "Node Type": "Index Scan",
                    "Parent Relationship": "Inner",
                    "Parallel Aware": false,
                    "Async Capable": false,
                    "Scan Direction": "Forward",
                    "Index Name": "item_pkey",
                    "Relation Name": "item",
                    "Alias": "item",
                    "Startup Cost": 0.29,
                    "Total Cost": 5.56,
                    "Plan Rows": 1,
                    "Plan Width": 170,
                    "Actual Startup Time": 0.0,
                    "Actual Total Time": 0.0,
                    "Actual Rows": 0,
                    "Actual Loops": 0,
                    "Index Cond": "(i_item_sk = store_sales.ss_item_sk)",
                    "Rows Removed by Index Recheck": 0,
                    "Filter": "((i_manager_id >= 80) AND (i_manager_id <= 84))",
                    "Rows Removed by Filter": 0
                  }
                ]
              }
            ]
          }
        ]
      },
      "Planning Time": 0.961,
      "Triggers": [],
      "Execution Time": 2488.302
    }
  ],
  "plan_text": "",
  "actual_rows": 0,
  "provenance": {
    "database": "postgres://jakc9:jakc9@127.0.0.1:5434/dsb_sf10",
    "scale_factor": 10,
    "engine": "postgresql",
    "engine_version": "14.3",
    "cached_at": "2026-02-09T21:05:46.381807"
  }
}