{
  "plan_json": [
    {
      "Plan": {
        "Node Type": "Limit",
        "Parallel Aware": false,
        "Async Capable": false,
        "Startup Cost": 24338.85,
        "Total Cost": 24350.52,
        "Plan Rows": 100,
        "Plan Width": 49,
        "Actual Startup Time": 49.059,
        "Actual Total Time": 49.571,
        "Actual Rows": 100,
        "Actual Loops": 1,
        "Plans": [
          {
            "Node Type": "Gather Merge",
            "Parent Relationship": "Outer",
            "Parallel Aware": false,
            "Async Capable": false,
            "Startup Cost": 24338.85,
            "Total Cost": 24387.62,
            "Plan Rows": 418,
            "Plan Width": 49,
            "Actual Startup Time": 49.057,
            "Actual Total Time": 49.564,
            "Actual Rows": 100,
            "Actual Loops": 1,
            "Workers Planned": 2,
            "Workers Launched": 2,
            "Plans": [
              {
                "Node Type": "Sort",
                "Parent Relationship": "Outer",
                "Parallel Aware": false,
                "Async Capable": false,
                "Startup Cost": 23338.83,
                "Total Cost": 23339.35,
                "Plan Rows": 209,
                "Plan Width": 49,
                "Actual Startup Time": 46.123,
                "Actual Total Time": 46.128,
                "Actual Rows": 70,
                "Actual Loops": 3,
                "Sort Key": [
                  "customer.c_customer_id"
                ],
                "Sort Method": "top-N heapsort",
                "Sort Space Used": 33,
                "Sort Space Type": "Memory",
                "Workers": [
                  {
                    "Worker Number": 0,
                    "Sort Method": "quicksort",
                    "Sort Space Used": 38,
                    "Sort Space Type": "Memory"
                  },
                  {
                    "Worker Number": 1,
                    "Sort Method": "quicksort",
                    "Sort Space Used": 39,
                    "Sort Space Type": "Memory"
                  }
                ],
                "Plans": [
                  {
                    "Node Type": "Nested Loop",
                    "Parent Relationship": "Outer",
                    "Parallel Aware": false,
                    "Async Capable": false,
                    "Join Type": "Inner",
                    "Startup Cost": 6721.73,
                    "Total Cost": 23330.84,
                    "Plan Rows": 209,
                    "Plan Width": 49,
                    "Actual Startup Time": 11.695,
                    "Actual Total Time": 46.021,
                    "Actual Rows": 186,
                    "Actual Loops": 3,
                    "Inner Unique": false,
                    "Workers": [],
                    "Plans": [
                      {
                        "Node Type": "Nested Loop",
                        "Parent Relationship": "Outer",
                        "Parallel Aware": false,
                        "Async Capable": false,
                        "Join Type": "Inner",
                        "Startup Cost": 6721.29,
                        "Total Cost": 23261.09,
                        "Plan Rows": 58,
                        "Plan Width": 77,
                        "Actual Startup Time": 9.688,
                        "Actual Total Time": 34.609,
                        "Actual Rows": 38,
                        "Actual Loops": 3,
                        "Inner Unique": true,
                        "Workers": [],
                        "Plans": [
                          {
                            "Node Type": "Hash Join",
                            "Parent Relationship": "Outer",
                            "Parallel Aware": false,
                            "Async Capable": false,
                            "Join Type": "Inner",
                            "Startup Cost": 6720.87,
                            "Total Cost": 23231.86,
                            "Plan Rows": 60,
                            "Plan Width": 73,
                            "Actual Startup Time": 9.655,
                            "Actual Total Time": 34.169,
                            "Actual Rows": 39,
                            "Actual Loops": 3,
                            "Inner Unique": true,
                            "Hash Cond": "(household_demographics.hd_income_band_sk = income_band.ib_income_band_sk)",
                            "Workers": [],
                            "Plans": [
                              {
                                "Node Type": "Nested Loop",
                                "Parent Relationship": "Outer",
                                "Parallel Aware": false,
                                "Async Capable": false,
                                "Join Type": "Inner",
                                "Startup Cost": 6719.48,
                                "Total Cost": 23229.92,
                                "Plan Rows": 171,
                                "Plan Width": 77,
                                "Actual Startup Time": 9.246,
                                "Actual Total Time": 34.035,
                                "Actual Rows": 202,
                                "Actual Loops": 3,
                                "Inner Unique": true,
                                "Workers": [],
                                "Plans": [
                                  {
                                    "Node Type": "Hash Join",
                                    "Parent Relationship": "Outer",
                                    "Parallel Aware": true,
                                    "Async Capable": false,
                                    "Join Type": "Inner",
                                    "Startup Cost": 6719.2,
                                    "Total Cost": 23176.41,
                                    "Plan Rows": 178,
                                    "Plan Width": 77,
                                    "Actual Startup Time": 9.216,
                                    "Actual Total Time": 33.385,
                                    "Actual Rows": 207,
                                    "Actual Loops": 3,
                                    "Inner Unique": true,
                                    "Hash Cond": "(customer.c_current_addr_sk = customer_address.ca_address_sk)",
                                    "Workers": [],
                                    "Plans": [
                                      {
                                        "Node Type": "Seq Scan",
                                        "Parent Relationship": "Outer",
                                        "Parallel Aware": true,
                                        "Async Capable": false,
                                        "Relation Name": "customer",
                                        "Alias": "customer",
                                        "Startup Cost": 0.0,
                                        "Total Cost": 15910.33,
                                        "Plan Rows": 208333,
                                        "Plan Width": 81,
                                        "Actual Startup Time": 0.017,
                                        "Actual Total Time": 13.868,
                                        "Actual Rows": 166667,
                                        "Actual Loops": 3,
                                        "Workers": []
                                      },
                                      {
                                        "Node Type": "Hash",
                                        "Parent Relationship": "Inner",
                                        "Parallel Aware": true,
                                        "Async Capable": false,
                                        "Startup Cost": 6718.08,
                                        "Total Cost": 6718.08,
                                        "Plan Rows": 89,
                                        "Plan Width": 4,
                                        "Actual Startup Time": 8.861,
                                        "Actual Total Time": 8.862,
                                        "Actual Rows": 99,
                                        "Actual Loops": 3,
                                        "Hash Buckets": 1024,
                                        "Original Hash Buckets": 1024,
                                        "Hash Batches": 1,
                                        "Original Hash Batches": 1,
                                        "Peak Memory Usage": 104,
                                        "Workers": [],
                                        "Plans": [
                                          {
                                            "Node Type": "Seq Scan",
                                            "Parent Relationship": "Outer",
                                            "Parallel Aware": true,
                                            "Async Capable": false,
                                            "Relation Name": "customer_address",
                                            "Alias": "customer_address",
                                            "Startup Cost": 0.0,
                                            "Total Cost": 6718.08,
                                            "Plan Rows": 89,
                                            "Plan Width": 4,
                                            "Actual Startup Time": 0.106,
                                            "Actual Total Time": 8.78,
                                            "Actual Rows": 99,
                                            "Actual Loops": 3,
                                            "Filter": "((ca_city)::text = 'Mount Vernon'::text)",
                                            "Rows Removed by Filter": 83234,
                                            "Workers": []
                                          }
                                        ]
                                      }
                                    ]
                                  },
                                  {
                                    "Node Type": "Index Scan",
                                    "Parent Relationship": "Inner",
                                    "Parallel Aware": false,
                                    "Async Capable": false,
                                    "Scan Direction": "Forward",
                                    "Index Name": "household_demographics_pkey",
                                    "Relation Name": "household_demographics",
                                    "Alias": "household_demographics",
                                    "Startup Cost": 0.28,
                                    "Total Cost": 0.3,
                                    "Plan Rows": 1,
                                    "Plan Width": 8,
                                    "Actual Startup Time": 0.003,
                                    "Actual Total Time": 0.003,
                                    "Actual Rows": 1,
                                    "Actual Loops": 622,
                                    "Index Cond": "(hd_demo_sk = customer.c_current_hdemo_sk)",
                                    "Rows Removed by Index Recheck": 0,
                                    "Workers": []
                                  }
                                ]
                              },
                              {
                                "Node Type": "Hash",
                                "Parent Relationship": "Inner",
                                "Parallel Aware": false,
                                "Async Capable": false,
                                "Startup Cost": 1.3,
                                "Total Cost": 1.3,
                                "Plan Rows": 7,
                                "Plan Width": 4,
                                "Actual Startup Time": 0.014,
                                "Actual Total Time": 0.014,
                                "Actual Rows": 4,
                                "Actual Loops": 3,
                                "Hash Buckets": 1024,
                                "Original Hash Buckets": 1024,
                                "Hash Batches": 1,
                                "Original Hash Batches": 1,
                                "Peak Memory Usage": 9,
                                "Workers": [],
                                "Plans": [
                                  {
                                    "Node Type": "Seq Scan",
                                    "Parent Relationship": "Outer",
                                    "Parallel Aware": false,
                                    "Async Capable": false,
                                    "Relation Name": "income_band",
                                    "Alias": "income_band",
                                    "Startup Cost": 0.0,
                                    "Total Cost": 1.3,
                                    "Plan Rows": 7,
                                    "Plan Width": 4,
                                    "Actual Startup Time": 0.008,
                                    "Actual Total Time": 0.01,
                                    "Actual Rows": 4,
                                    "Actual Loops": 3,
                                    "Filter": "((ib_lower_bound >= 40374) AND (ib_upper_bound <= 90374))",
                                    "Rows Removed by Filter": 16,
                                    "Workers": []
                                  }
                                ]
                              }
                            ]
                          },
                          {
                            "Node Type": "Index Only Scan",
                            "Parent Relationship": "Inner",
                            "Parallel Aware": false,
                            "Async Capable": false,
                            "Scan Direction": "Forward",
                            "Index Name": "customer_demographics_pkey",
                            "Relation Name": "customer_demographics",
                            "Alias": "customer_demographics",
                            "Startup Cost": 0.43,
                            "Total Cost": 0.49,
                            "Plan Rows": 1,
                            "Plan Width": 4,
                            "Actual Startup Time": 0.01,
                            "Actual Total Time": 0.01,
                            "Actual Rows": 1,
                            "Actual Loops": 117,
                            "Index Cond": "(cd_demo_sk = customer.c_current_cdemo_sk)",
                            "Rows Removed by Index Recheck": 0,
                            "Heap Fetches": 0,
                            "Workers": []
                          }
                        ]
                      },
                      {
                        "Node Type": "Index Only Scan",
                        "Parent Relationship": "Inner",
                        "Parallel Aware": false,
                        "Async Capable": false,
                        "Scan Direction": "Forward",
                        "Index Name": "_dta_index_store_returns_6_1013578649__k5_1_3_10_11",
                        "Relation Name": "store_returns",
                        "Alias": "store_returns",
                        "Startup Cost": 0.43,
                        "Total Cost": 0.93,
                        "Plan Rows": 24,
                        "Plan Width": 4,
                        "Actual Startup Time": 0.291,
                        "Actual Total Time": 0.296,
                        "Actual Rows": 5,
                        "Actual Loops": 114,
                        "Index Cond": "(sr_cdemo_sk = customer_demographics.cd_demo_sk)",
                        "Rows Removed by Index Recheck": 0,
                        "Heap Fetches": 0,
                        "Workers": []
                      }
                    ]
                  }
                ]
              }
            ]
          }
        ]
      },
      "Planning Time": 0.925,
      "Triggers": [],
      "Execution Time": 49.609
    }
  ],
  "plan_text": "",
  "actual_rows": 0,
  "provenance": {
    "database": "postgres://jakc9:jakc9@127.0.0.1:5434/dsb_sf10",
    "scale_factor": 10,
    "engine": "postgresql",
    "engine_version": "14.3",
    "cached_at": "2026-02-09T21:16:50.279364"
  }
}