{
  "plan_json": [
    {
      "Plan": {
        "Node Type": "Limit",
        "Parallel Aware": false,
        "Async Capable": false,
        "Startup Cost": 28852.4,
        "Total Cost": 28852.41,
        "Plan Rows": 1,
        "Plan Width": 245,
        "Actual Startup Time": 220.674,
        "Actual Total Time": 220.947,
        "Actual Rows": 0,
        "Actual Loops": 1,
        "Plans": [
          {
            "Node Type": "Sort",
            "Parent Relationship": "Outer",
            "Parallel Aware": false,
            "Async Capable": false,
            "Startup Cost": 28852.4,
            "Total Cost": 28852.41,
            "Plan Rows": 1,
            "Plan Width": 245,
            "Actual Startup Time": 220.672,
            "Actual Total Time": 220.945,
            "Actual Rows": 0,
            "Actual Loops": 1,
            "Sort Key": [
              "item_1.i_item_id",
              "customer_1.c_birth_year",
              "(sum(store_sales.ss_ext_sales_price))"
            ],
            "Sort Method": "quicksort",
            "Sort Space Used": 25,
            "Sort Space Type": "Memory",
            "Plans": [
              {
                "Node Type": "Merge Join",
                "Parent Relationship": "Outer",
                "Parallel Aware": false,
                "Async Capable": false,
                "Join Type": "Inner",
                "Startup Cost": 28850.51,
                "Total Cost": 28852.39,
                "Plan Rows": 1,
                "Plan Width": 245,
                "Actual Startup Time": 220.669,
                "Actual Total Time": 220.942,
                "Actual Rows": 0,
                "Actual Loops": 1,
                "Inner Unique": false,
                "Merge Cond": "((item.i_item_id = item_1.i_item_id) AND (customer.c_birth_year = customer_1.c_birth_year))",
                "Join Filter": "(((sum(store_sales.ss_ext_sales_price)) >= (0.9 * (sum(catalog_sales.cs_ext_sales_price)))) AND ((sum(store_sales.ss_ext_sales_price)) <= (1.1 * (sum(catalog_sales.cs_ext_sales_price)))) AND ((sum(catalog_sales.cs_ext_sales_price)) >= (0.9 * (sum(store_sales.ss_ext_sales_price)))) AND ((sum(catalog_sales.cs_ext_sales_price)) <= (1.1 * (sum(store_sales.ss_ext_sales_price)))) AND ((sum(catalog_sales.cs_ext_sales_price)) >= (0.9 * (sum(web_sales.ws_ext_sales_price)))) AND ((sum(catalog_sales.cs_ext_sales_price)) <= (1.1 * (sum(web_sales.ws_ext_sales_price)))) AND ((sum(web_sales.ws_ext_sales_price)) >= (0.9 * (sum(catalog_sales.cs_ext_sales_price)))) AND ((sum(web_sales.ws_ext_sales_price)) <= (1.1 * (sum(catalog_sales.cs_ext_sales_price)))))",
                "Rows Removed by Join Filter": 0,
                "Plans": [
                  {
                    "Node Type": "Aggregate",
                    "Strategy": "Sorted",
                    "Partial Mode": "Finalize",
                    "Parent Relationship": "Outer",
                    "Parallel Aware": false,
                    "Async Capable": false,
                    "Startup Cost": 7222.26,
                    "Total Cost": 7222.6,
                    "Plan Rows": 4,
                    "Plan Width": 53,
                    "Actual Startup Time": 41.959,
                    "Actual Total Time": 42.076,
                    "Actual Rows": 1,
                    "Actual Loops": 1,
                    "Group Key": [
                      "item.i_item_id",
                      "customer.c_birth_year"
                    ],
                    "Plans": [
                      {
                        "Node Type": "Index Only Scan",
                        "Parent Relationship": "InitPlan",
                        "Subplan Name": "InitPlan 2 (returns $1)",
                        "Parallel Aware": false,
                        "Async Capable": false,
                        "Scan Direction": "Forward",
                        "Index Name": "_dta_index_date_dim_6_661577395__k4_k3",
                        "Relation Name": "date_dim",
                        "Alias": "date_dim_7",
                        "Startup Cost": 0.29,
                        "Total Cost": 1356.17,
                        "Plan Rows": 1,
                        "Plan Width": 4,
                        "Actual Startup Time": 3.387,
                        "Actual Total Time": 8.01,
                        "Actual Rows": 1,
                        "Actual Loops": 1,
                        "Index Cond": "(d_date = '1998-05-19'::date)",
                        "Rows Removed by Index Recheck": 0,
                        "Heap Fetches": 0
                      },
                      {
                        "Node Type": "Gather Merge",
                        "Parent Relationship": "Outer",
                        "Parallel Aware": false,
                        "Async Capable": false,
                        "Startup Cost": 5866.09,
                        "Total Cost": 5866.36,
                        "Plan Rows": 2,
                        "Plan Width": 53,
                        "Actual Startup Time": 41.949,
                        "Actual Total Time": 42.065,
                        "Actual Rows": 2,
                        "Actual Loops": 1,
                        "Workers Planned": 1,
                        "Params Evaluated": [
                          "$1"
                        ],
                        "Workers Launched": 1,
                        "Plans": [
                          {
                            "Node Type": "Aggregate",
                            "Strategy": "Sorted",
                            "Partial Mode": "Partial",
                            "Parent Relationship": "Outer",
                            "Parallel Aware": false,
                            "Async Capable": false,
                            "Startup Cost": 4866.08,
                            "Total Cost": 4866.13,
                            "Plan Rows": 2,
                            "Plan Width": 53,
                            "Actual Startup Time": 31.094,
                            "Actual Total Time": 31.109,
                            "Actual Rows": 20,
                            "Actual Loops": 2,
                            "Group Key": [
                              "item.i_item_id",
                              "customer.c_birth_year"
                            ],
                            "Workers": [],
                            "Plans": [
                              {
                                "Node Type": "Sort",
                                "Parent Relationship": "Outer",
                                "Parallel Aware": false,
                                "Async Capable": false,
                                "Startup Cost": 4866.08,
                                "Total Cost": 4866.09,
                                "Plan Rows": 2,
                                "Plan Width": 27,
                                "Actual Startup Time": 31.084,
                                "Actual Total Time": 31.09,
                                "Actual Rows": 23,
                                "Actual Loops": 2,
                                "Sort Key": [
                                  "item.i_item_id",
                                  "customer.c_birth_year"
                                ],
                                "Sort Method": "quicksort",
                                "Sort Space Used": 28,
                                "Sort Space Type": "Memory",
                                "Workers": [
                                  {
                                    "Worker Number": 0,
                                    "Sort Method": "quicksort",
                                    "Sort Space Used": 28,
                                    "Sort Space Type": "Memory"
                                  }
                                ],
                                "Plans": [
                                  {
                                    "Node Type": "Nested Loop",
                                    "Parent Relationship": "Outer",
                                    "Parallel Aware": false,
                                    "Async Capable": false,
                                    "Join Type": "Inner",
                                    "Startup Cost": 6.47,
                                    "Total Cost": 4866.07,
                                    "Plan Rows": 2,
                                    "Plan Width": 27,
                                    "Actual Startup Time": 5.092,
                                    "Actual Total Time": 31.023,
                                    "Actual Rows": 45,
                                    "Actual Loops": 2,
                                    "Inner Unique": true,
                                    "Workers": [],
                                    "Plans": [
                                      {
                                        "Node Type": "Nested Loop",
                                        "Parent Relationship": "Outer",
                                        "Parallel Aware": false,
                                        "Async Capable": false,
                                        "Join Type": "Inner",
                                        "Startup Cost": 6.04,
                                        "Total Cost": 4850.91,
                                        "Plan Rows": 24,
                                        "Plan Width": 27,
                                        "Actual Startup Time": 4.574,
                                        "Actual Total Time": 27.166,
                                        "Actual Rows": 478,
                                        "Actual Loops": 2,
                                        "Inner Unique": true,
                                        "Workers": [],
                                        "Plans": [
                                          {
                                            "Node Type": "Nested Loop",
                                            "Parent Relationship": "Outer",
                                            "Parallel Aware": false,
                                            "Async Capable": false,
                                            "Join Type": "Inner",
                                            "Startup Cost": 5.75,
                                            "Total Cost": 4819.39,
                                            "Plan Rows": 78,
                                            "Plan Width": 14,
                                            "Actual Startup Time": 4.188,
                                            "Actual Total Time": 17.529,
                                            "Actual Rows": 1705,
                                            "Actual Loops": 2,
                                            "Inner Unique": false,
                                            "Workers": [],
                                            "Plans": [
                                              {
                                                "Node Type": "Hash Join",
                                                "Parent Relationship": "Outer",
                                                "Parallel Aware": false,
                                                "Async Capable": false,
                                                "Join Type": "Semi",
                                                "Startup Cost": 5.19,
                                                "Total Cost": 1952.89,
                                                "Plan Rows": 18,
                                                "Plan Width": 4,
                                                "Actual Startup Time": 2.675,
                                                "Actual Total Time": 5.06,
                                                "Actual Rows": 16,
                                                "Actual Loops": 2,
                                                "Inner Unique": false,
                                                "Hash Cond": "(date_dim.d_date = date_dim_1.d_date)",
                                                "Workers": [],
                                                "Plans": [
                                                  {
                                                    "Node Type": "Seq Scan",
                                                    "Parent Relationship": "Outer",
                                                    "Parallel Aware": true,
                                                    "Async Capable": false,
                                                    "Relation Name": "date_dim",
                                                    "Alias": "date_dim",
                                                    "Startup Cost": 0.0,
                                                    "Total Cost": 1834.7,
                                                    "Plan Rows": 42970,
                                                    "Plan Width": 8,
                                                    "Actual Startup Time": 0.007,
                                                    "Actual Total Time": 3.045,
                                                    "Actual Rows": 36524,
                                                    "Actual Loops": 2,
                                                    "Workers": []
                                                  },
                                                  {
                                                    "Node Type": "Hash",
                                                    "Parent Relationship": "Inner",
                                                    "Parallel Aware": false,
                                                    "Async Capable": false,
                                                    "Startup Cost": 4.82,
                                                    "Total Cost": 4.82,
                                                    "Plan Rows": 30,
                                                    "Plan Width": 4,
                                                    "Actual Startup Time": 0.028,
                                                    "Actual Total Time": 0.029,
                                                    "Actual Rows": 31,
                                                    "Actual Loops": 2,
                                                    "Hash Buckets": 1024,
                                                    "Original Hash Buckets": 1024,
                                                    "Hash Batches": 1,
                                                    "Original Hash Batches": 1,
                                                    "Peak Memory Usage": 10,
                                                    "Workers": [],
                                                    "Plans": [
                                                      {
                                                        "Node Type": "Index Only Scan",
                                                        "Parent Relationship": "Outer",
                                                        "Parallel Aware": false,
                                                        "Async Capable": false,
                                                        "Scan Direction": "Forward",
                                                        "Index Name": "_dta_index_date_dim_6_661577395__k4_k3",
                                                        "Relation Name": "date_dim",
                                                        "Alias": "date_dim_1",
                                                        "Startup Cost": 0.29,
                                                        "Total Cost": 4.82,
                                                        "Plan Rows": 30,
                                                        "Plan Width": 4,
                                                        "Actual Startup Time": 0.021,
                                                        "Actual Total Time": 0.023,
                                                        "Actual Rows": 31,
                                                        "Actual Loops": 2,
                                                        "Index Cond": "(d_month_seq = $1)",
                                                        "Rows Removed by Index Recheck": 0,
                                                        "Heap Fetches": 0,
                                                        "Workers": []
                                                      }
                                                    ]
                                                  }
                                                ]
                                              },
                                              {
                                                "Node Type": "Index Only Scan",
                                                "Parent Relationship": "Inner",
                                                "Parallel Aware": false,
                                                "Async Capable": false,
                                                "Scan Direction": "Forward",
                                                "Index Name": "_dta_index_catalog_sales_6_1301579675__k1_4_16_18_19_21_24",
                                                "Relation Name": "catalog_sales",
                                                "Alias": "catalog_sales",
                                                "Startup Cost": 0.56,
                                                "Total Cost": 157.73,
                                                "Plan Rows": 152,
                                                "Plan Width": 18,
                                                "Actual Startup Time": 0.107,
                                                "Actual Total Time": 0.789,
                                                "Actual Rows": 110,
                                                "Actual Loops": 31,
                                                "Index Cond": "(cs_sold_date_sk = date_dim.d_date_sk)",
                                                "Rows Removed by Index Recheck": 0,
                                                "Filter": "((cs_list_price >= '242'::numeric) AND (cs_list_price <= '271'::numeric))",
                                                "Rows Removed by Filter": 4391,
                                                "Heap Fetches": 0,
                                                "Workers": []
                                              }
                                            ]
                                          },
                                          {
                                            "Node Type": "Index Scan",
                                            "Parent Relationship": "Inner",
                                            "Parallel Aware": false,
                                            "Async Capable": false,
                                            "Scan Direction": "Forward",
                                            "Index Name": "item_pkey",
                                            "Relation Name": "item",
                                            "Alias": "item",
                                            "Startup Cost": 0.29,
                                            "Total Cost": 0.4,
                                            "Plan Rows": 1,
                                            "Plan Width": 21,
                                            "Actual Startup Time": 0.005,
                                            "Actual Total Time": 0.005,
                                            "Actual Rows": 0,
                                            "Actual Loops": 3410,
                                            "Index Cond": "(i_item_sk = catalog_sales.cs_item_sk)",
                                            "Rows Removed by Index Recheck": 0,
                                            "Filter": "((i_manager_id >= 71) AND (i_manager_id <= 100))",
                                            "Rows Removed by Filter": 1,
                                            "Workers": []
                                          }
                                        ]
                                      },
                                      {
                                        "Node Type": "Index Scan",
                                        "Parent Relationship": "Inner",
                                        "Parallel Aware": false,
                                        "Async Capable": false,
                                        "Scan Direction": "Forward",
                                        "Index Name": "_dta_index_customer_6_949578421__k1_k5",
                                        "Relation Name": "customer",
                                        "Alias": "customer",
                                        "Startup Cost": 0.42,
                                        "Total Cost": 0.63,
                                        "Plan Rows": 1,
                                        "Plan Width": 8,
                                        "Actual Startup Time": 0.008,
                                        "Actual Total Time": 0.008,
                                        "Actual Rows": 0,
                                        "Actual Loops": 957,
                                        "Index Cond": "(c_customer_sk = catalog_sales.cs_bill_customer_sk)",
                                        "Rows Removed by Index Recheck": 0,
                                        "Filter": "((c_birth_year >= 1945) AND (c_birth_year <= 1951))",
                                        "Rows Removed by Filter": 1,
                                        "Workers": []
                                      }
                                    ]
                                  }
                                ]
                              }
                            ]
                          }
                        ]
                      }
                    ]
                  },
                  {
                    "Node Type": "Materialize",
                    "Parent Relationship": "Inner",
                    "Parallel Aware": false,
                    "Async Capable": false,
                    "Startup Cost": 21628.25,
                    "Total Cost": 21629.63,
                    "Plan Rows": 1,
                    "Plan Width": 106,
                    "Actual Startup Time": 178.707,
                    "Actual Total Time": 178.861,
                    "Actual Rows": 0,
                    "Actual Loops": 1,
                    "Plans": [
                      {
                        "Node Type": "Merge Join",
                        "Parent Relationship": "Outer",
                        "Parallel Aware": false,
                        "Async Capable": false,
                        "Join Type": "Inner",
                        "Startup Cost": 21628.25,
                        "Total Cost": 21629.63,
                        "Plan Rows": 1,
                        "Plan Width": 106,
                        "Actual Startup Time": 178.704,
                        "Actual Total Time": 178.858,
                        "Actual Rows": 0,
                        "Actual Loops": 1,
                        "Inner Unique": true,
                        "Merge Cond": "((item_1.i_item_id = item_2.i_item_id) AND (customer_1.c_birth_year = customer_2.c_birth_year))",
                        "Join Filter": "(((sum(store_sales.ss_ext_sales_price)) >= (0.9 * (sum(web_sales.ws_ext_sales_price)))) AND ((sum(store_sales.ss_ext_sales_price)) <= (1.1 * (sum(web_sales.ws_ext_sales_price)))) AND ((sum(web_sales.ws_ext_sales_price)) >= (0.9 * (sum(store_sales.ss_ext_sales_price)))) AND ((sum(web_sales.ws_ext_sales_price)) <= (1.1 * (sum(store_sales.ss_ext_sales_price)))))",
                        "Rows Removed by Join Filter": 0,
                        "Plans": [
                          {
                            "Node Type": "Aggregate",
                            "Strategy": "Sorted",
                            "Partial Mode": "Finalize",
                            "Parent Relationship": "Outer",
                            "Parallel Aware": false,
                            "Async Capable": false,
                            "Startup Cost": 15686.22,
                            "Total Cost": 15687.05,
                            "Plan Rows": 9,
                            "Plan Width": 53,
                            "Actual Startup Time": 143.912,
                            "Actual Total Time": 144.161,
                            "Actual Rows": 192,
                            "Actual Loops": 1,
                            "Group Key": [
                              "item_1.i_item_id",
                              "customer_1.c_birth_year"
                            ],
                            "Plans": [
                              {
                                "Node Type": "Index Only Scan",
                                "Parent Relationship": "InitPlan",
                                "Subplan Name": "InitPlan 1 (returns $0)",
                                "Parallel Aware": false,
                                "Async Capable": false,
                                "Scan Direction": "Forward",
                                "Index Name": "_dta_index_date_dim_6_661577395__k4_k3",
                                "Relation Name": "date_dim",
                                "Alias": "date_dim_6",
                                "Startup Cost": 0.29,
                                "Total Cost": 1356.17,
                                "Plan Rows": 1,
                                "Plan Width": 4,
                                "Actual Startup Time": 0.294,
                                "Actual Total Time": 0.571,
                                "Actual Rows": 1,
                                "Actual Loops": 1,
                                "Index Cond": "(d_date = '1998-05-19'::date)",
                                "Rows Removed by Index Recheck": 0,
                                "Heap Fetches": 0
                              },
                              {
                                "Node Type": "Gather Merge",
                                "Parent Relationship": "Outer",
                                "Parallel Aware": false,
                                "Async Capable": false,
                                "Startup Cost": 14330.05,
                                "Total Cost": 14330.72,
                                "Plan Rows": 5,
                                "Plan Width": 53,
                                "Actual Startup Time": 143.899,
                                "Actual Total Time": 144.059,
                                "Actual Rows": 209,
                                "Actual Loops": 1,
                                "Workers Planned": 1,
                                "Params Evaluated": [
                                  "$0"
                                ],
                                "Workers Launched": 1,
                                "Plans": [
                                  {
                                    "Node Type": "Aggregate",
                                    "Strategy": "Sorted",
                                    "Partial Mode": "Partial",
                                    "Parent Relationship": "Outer",
                                    "Parallel Aware": false,
                                    "Async Capable": false,
                                    "Startup Cost": 13330.04,
                                    "Total Cost": 13330.15,
                                    "Plan Rows": 5,
                                    "Plan Width": 53,
                                    "Actual Startup Time": 126.263,
                                    "Actual Total Time": 126.357,
                                    "Actual Rows": 104,
                                    "Actual Loops": 2,
                                    "Group Key": [
                                      "item_1.i_item_id",
                                      "customer_1.c_birth_year"
                                    ],
                                    "Workers": [],
                                    "Plans": [
                                      {
                                        "Node Type": "Sort",
                                        "Parent Relationship": "Outer",
                                        "Parallel Aware": false,
                                        "Async Capable": false,
                                        "Startup Cost": 13330.04,
                                        "Total Cost": 13330.05,
                                        "Plan Rows": 5,
                                        "Plan Width": 27,
                                        "Actual Startup Time": 126.25,
                                        "Actual Total Time": 126.263,
                                        "Actual Rows": 148,
                                        "Actual Loops": 2,
                                        "Sort Key": [
                                          "item_1.i_item_id",
                                          "customer_1.c_birth_year"
                                        ],
                                        "Sort Method": "quicksort",
                                        "Sort Space Used": 35,
                                        "Sort Space Type": "Memory",
                                        "Workers": [
                                          {
                                            "Worker Number": 0,
                                            "Sort Method": "quicksort",
                                            "Sort Space Used": 37,
                                            "Sort Space Type": "Memory"
                                          }
                                        ],
                                        "Plans": [
                                          {
                                            "Node Type": "Nested Loop",
                                            "Parent Relationship": "Outer",
                                            "Parallel Aware": false,
                                            "Async Capable": false,
                                            "Join Type": "Inner",
                                            "Startup Cost": 6.47,
                                            "Total Cost": 13329.98,
                                            "Plan Rows": 5,
                                            "Plan Width": 27,
                                            "Actual Startup Time": 2.279,
                                            "Actual Total Time": 126.084,
                                            "Actual Rows": 148,
                                            "Actual Loops": 2,
                                            "Inner Unique": true,
                                            "Workers": [],
                                            "Plans": [
                                              {
                                                "Node Type": "Nested Loop",
                                                "Parent Relationship": "Outer",
                                                "Parallel Aware": false,
                                                "Async Capable": false,
                                                "Join Type": "Inner",
                                                "Startup Cost": 6.05,
                                                "Total Cost": 13287.39,
                                                "Plan Rows": 61,
                                                "Plan Width": 27,
                                                "Actual Startup Time": 2.091,
                                                "Actual Total Time": 115.6,
                                                "Actual Rows": 1733,
                                                "Actual Loops": 2,
                                                "Inner Unique": true,
                                                "Workers": [],
                                                "Plans": [
                                                  {
                                                    "Node Type": "Nested Loop",
                                                    "Parent Relationship": "Outer",
                                                    "Parallel Aware": false,
                                                    "Async Capable": false,
                                                    "Join Type": "Inner",
                                                    "Startup Cost": 5.75,
                                                    "Total Cost": 13182.03,
                                                    "Plan Rows": 203,
                                                    "Plan Width": 14,
                                                    "Actual Startup Time": 2.034,
                                                    "Actual Total Time": 90.411,
                                                    "Actual Rows": 6909,
                                                    "Actual Loops": 2,
                                                    "Inner Unique": false,
                                                    "Workers": [],
                                                    "Plans": [
                                                      {
                                                        "Node Type": "Hash Join",
                                                        "Parent Relationship": "Outer",
                                                        "Parallel Aware": false,
                                                        "Async Capable": false,
                                                        "Join Type": "Semi",
                                                        "Startup Cost": 5.19,
                                                        "Total Cost": 1952.89,
                                                        "Plan Rows": 18,
                                                        "Plan Width": 4,
                                                        "Actual Startup Time": 1.97,
                                                        "Actual Total Time": 4.181,
                                                        "Actual Rows": 16,
                                                        "Actual Loops": 2,
                                                        "Inner Unique": false,
                                                        "Hash Cond": "(date_dim_2.d_date = date_dim_3.d_date)",
                                                        "Workers": [],
                                                        "Plans": [
                                                          {
                                                            "Node Type": "Seq Scan",
                                                            "Parent Relationship": "Outer",
                                                            "Parallel Aware": true,
                                                            "Async Capable": false,
                                                            "Relation Name": "date_dim",
                                                            "Alias": "date_dim_2",
                                                            "Startup Cost": 0.0,
                                                            "Total Cost": 1834.7,
                                                            "Plan Rows": 42970,
                                                            "Plan Width": 8,
                                                            "Actual Startup Time": 0.003,
                                                            "Actual Total Time": 2.274,
                                                            "Actual Rows": 36524,
                                                            "Actual Loops": 2,
                                                            "Workers": []
                                                          },
                                                          {
                                                            "Node Type": "Hash",
                                                            "Parent Relationship": "Inner",
                                                            "Parallel Aware": false,
                                                            "Async Capable": false,
                                                            "Startup Cost": 4.82,
                                                            "Total Cost": 4.82,
                                                            "Plan Rows": 30,
                                                            "Plan Width": 4,
                                                            "Actual Startup Time": 0.022,
                                                            "Actual Total Time": 0.023,
                                                            "Actual Rows": 31,
                                                            "Actual Loops": 2,
                                                            "Hash Buckets": 1024,
                                                            "Original Hash Buckets": 1024,
                                                            "Hash Batches": 1,
                                                            "Original Hash Batches": 1,
                                                            "Peak Memory Usage": 10,
                                                            "Workers": [],
                                                            "Plans": [
                                                              {
                                                                "Node Type": "Index Only Scan",
                                                                "Parent Relationship": "Outer",
                                                                "Parallel Aware": false,
                                                                "Async Capable": false,
                                                                "Scan Direction": "Forward",
                                                                "Index Name": "_dta_index_date_dim_6_661577395__k4_k3",
                                                                "Relation Name": "date_dim",
                                                                "Alias": "date_dim_3",
                                                                "Startup Cost": 0.29,
                                                                "Total Cost": 4.82,
                                                                "Plan Rows": 30,
                                                                "Plan Width": 4,
                                                                "Actual Startup Time": 0.016,
                                                                "Actual Total Time": 0.018,
                                                                "Actual Rows": 31,
                                                                "Actual Loops": 2,
                                                                "Index Cond": "(d_month_seq = $0)",
                                                                "Rows Removed by Index Recheck": 0,
                                                                "Heap Fetches": 0,
                                                                "Workers": []
                                                              }
                                                            ]
                                                          }
                                                        ]
                                                      },
                                                      {
                                                        "Node Type": "Index Only Scan",
                                                        "Parent Relationship": "Inner",
                                                        "Parallel Aware": false,
                                                        "Async Capable": false,
                                                        "Scan Direction": "Forward",
                                                        "Index Name": "_dta_index_store_sales_6_1333579789__k1_k23_k14_k6_k8_k5_k7_3_4",
                                                        "Relation Name": "store_sales",
                                                        "Alias": "store_sales",
                                                        "Startup Cost": 0.56,
                                                        "Total Cost": 619.74,
                                                        "Plan Rows": 410,
                                                        "Plan Width": 18,
                                                        "Actual Startup Time": 0.022,
                                                        "Actual Total Time": 5.503,
                                                        "Actual Rows": 446,
                                                        "Actual Loops": 31,
                                                        "Index Cond": "(ss_sold_date_sk = date_dim_2.d_date_sk)",
                                                        "Rows Removed by Index Recheck": 0,
                                                        "Filter": "((ss_list_price >= '242'::numeric) AND (ss_list_price <= '271'::numeric))",
                                                        "Rows Removed by Filter": 14543,
                                                        "Heap Fetches": 0,
                                                        "Workers": []
                                                      }
                                                    ]
                                                  },
                                                  {
                                                    "Node Type": "Index Scan",
                                                    "Parent Relationship": "Inner",
                                                    "Parallel Aware": false,
                                                    "Async Capable": false,
                                                    "Scan Direction": "Forward",
                                                    "Index Name": "item_pkey",
                                                    "Relation Name": "item",
                                                    "Alias": "item_1",
                                                    "Startup Cost": 0.29,
                                                    "Total Cost": 0.52,
                                                    "Plan Rows": 1,
                                                    "Plan Width": 21,
                                                    "Actual Startup Time": 0.003,
                                                    "Actual Total Time": 0.003,
                                                    "Actual Rows": 0,
                                                    "Actual Loops": 13818,
                                                    "Index Cond": "(i_item_sk = store_sales.ss_item_sk)",
                                                    "Rows Removed by Index Recheck": 0,
                                                    "Filter": "((i_manager_id >= 71) AND (i_manager_id <= 100))",
                                                    "Rows Removed by Filter": 1,
                                                    "Workers": []
                                                  }
                                                ]
                                              },
                                              {
                                                "Node Type": "Index Scan",
                                                "Parent Relationship": "Inner",
                                                "Parallel Aware": false,
                                                "Async Capable": false,
                                                "Scan Direction": "Forward",
                                                "Index Name": "_dta_index_customer_6_949578421__k1_k5",
                                                "Relation Name": "customer",
                                                "Alias": "customer_1",
                                                "Startup Cost": 0.42,
                                                "Total Cost": 0.7,
                                                "Plan Rows": 1,
                                                "Plan Width": 8,
                                                "Actual Startup Time": 0.006,
                                                "Actual Total Time": 0.006,
                                                "Actual Rows": 0,
                                                "Actual Loops": 3466,
                                                "Index Cond": "(c_customer_sk = store_sales.ss_customer_sk)",
                                                "Rows Removed by Index Recheck": 0,
                                                "Filter": "((c_birth_year >= 1945) AND (c_birth_year <= 1951))",
                                                "Rows Removed by Filter": 1,
                                                "Workers": []
                                              }
                                            ]
                                          }
                                        ]
                                      }
                                    ]
                                  }
                                ]
                              }
                            ]
                          },
                          {
                            "Node Type": "Materialize",
                            "Parent Relationship": "Inner",
                            "Parallel Aware": false,
                            "Async Capable": false,
                            "Startup Cost": 5942.03,
                            "Total Cost": 5942.39,
                            "Plan Rows": 3,
                            "Plan Width": 53,
                            "Actual Startup Time": 34.532,
                            "Actual Total Time": 34.674,
                            "Actual Rows": 62,
                            "Actual Loops": 1,
                            "Plans": [
                              {
                                "Node Type": "Aggregate",
                                "Strategy": "Sorted",
                                "Partial Mode": "Finalize",
                                "Parent Relationship": "Outer",
                                "Parallel Aware": false,
                                "Async Capable": false,
                                "Startup Cost": 5942.03,
                                "Total Cost": 5942.36,
                                "Plan Rows": 3,
                                "Plan Width": 53,
                                "Actual Startup Time": 34.528,
                                "Actual Total Time": 34.66,
                                "Actual Rows": 62,
                                "Actual Loops": 1,
                                "Group Key": [
                                  "item_2.i_item_id",
                                  "customer_2.c_birth_year"
                                ],
                                "Plans": [
                                  {
                                    "Node Type": "Index Only Scan",
                                    "Parent Relationship": "InitPlan",
                                    "Subplan Name": "InitPlan 3 (returns $2)",
                                    "Parallel Aware": false,
                                    "Async Capable": false,
                                    "Scan Direction": "Forward",
                                    "Index Name": "_dta_index_date_dim_6_661577395__k4_k3",
                                    "Relation Name": "date_dim",
                                    "Alias": "date_dim_8",
                                    "Startup Cost": 0.29,
                                    "Total Cost": 1356.17,
                                    "Plan Rows": 1,
                                    "Plan Width": 4,
                                    "Actual Startup Time": 0.441,
                                    "Actual Total Time": 0.864,
                                    "Actual Rows": 1,
                                    "Actual Loops": 1,
                                    "Index Cond": "(d_date = '1998-05-19'::date)",
                                    "Rows Removed by Index Recheck": 0,
                                    "Heap Fetches": 0
                                  },
                                  {
                                    "Node Type": "Gather Merge",
                                    "Parent Relationship": "Outer",
                                    "Parallel Aware": false,
                                    "Async Capable": false,
                                    "Startup Cost": 4585.86,
                                    "Total Cost": 4586.13,
                                    "Plan Rows": 2,
                                    "Plan Width": 53,
                                    "Actual Startup Time": 34.521,
                                    "Actual Total Time": 34.625,
                                    "Actual Rows": 65,
                                    "Actual Loops": 1,
                                    "Workers Planned": 1,
                                    "Params Evaluated": [
                                      "$2"
                                    ],
                                    "Workers Launched": 1,
                                    "Plans": [
                                      {
                                        "Node Type": "Aggregate",
                                        "Strategy": "Sorted",
                                        "Partial Mode": "Partial",
                                        "Parent Relationship": "Outer",
                                        "Parallel Aware": false,
                                        "Async Capable": false,
                                        "Startup Cost": 3585.85,
                                        "Total Cost": 3585.89,
                                        "Plan Rows": 2,
                                        "Plan Width": 53,
                                        "Actual Startup Time": 24.162,
                                        "Actual Total Time": 24.181,
                                        "Actual Rows": 32,
                                        "Actual Loops": 2,
                                        "Group Key": [
                                          "item_2.i_item_id",
                                          "customer_2.c_birth_year"
                                        ],
                                        "Workers": [],
                                        "Plans": [
                                          {
                                            "Node Type": "Sort",
                                            "Parent Relationship": "Outer",
                                            "Parallel Aware": false,
                                            "Async Capable": false,
                                            "Startup Cost": 3585.85,
                                            "Total Cost": 3585.85,
                                            "Plan Rows": 2,
                                            "Plan Width": 27,
                                            "Actual Startup Time": 24.147,
                                            "Actual Total Time": 24.152,
                                            "Actual Rows": 38,
                                            "Actual Loops": 2,
                                            "Sort Key": [
                                              "item_2.i_item_id",
                                              "customer_2.c_birth_year"
                                            ],
                                            "Sort Method": "quicksort",
                                            "Sort Space Used": 29,
                                            "Sort Space Type": "Memory",
                                            "Workers": [
                                              {
                                                "Worker Number": 0,
                                                "Sort Method": "quicksort",
                                                "Sort Space Used": 26,
                                                "Sort Space Type": "Memory"
                                              }
                                            ],
                                            "Plans": [
                                              {
                                                "Node Type": "Nested Loop",
                                                "Parent Relationship": "Outer",
                                                "Parallel Aware": false,
                                                "Async Capable": false,
                                                "Join Type": "Inner",
                                                "Startup Cost": 6.34,
                                                "Total Cost": 3585.84,
                                                "Plan Rows": 2,
                                                "Plan Width": 27,
                                                "Actual Startup Time": 3.27,
                                                "Actual Total Time": 24.098,
                                                "Actual Rows": 38,
                                                "Actual Loops": 2,
                                                "Inner Unique": true,
                                                "Workers": [],
                                                "Plans": [
                                                  {
                                                    "Node Type": "Nested Loop",
                                                    "Parent Relationship": "Outer",
                                                    "Parallel Aware": false,
                                                    "Async Capable": false,
                                                    "Join Type": "Inner",
                                                    "Startup Cost": 5.92,
                                                    "Total Cost": 3572.85,
                                                    "Plan Rows": 19,
                                                    "Plan Width": 27,
                                                    "Actual Startup Time": 2.63,
                                                    "Actual Total Time": 21.818,
                                                    "Actual Rows": 390,
                                                    "Actual Loops": 2,
                                                    "Inner Unique": true,
                                                    "Workers": [],
                                                    "Plans": [
                                                      {
                                                        "Node Type": "Nested Loop",
                                                        "Parent Relationship": "Outer",
                                                        "Parallel Aware": false,
                                                        "Async Capable": false,
                                                        "Join Type": "Inner",
                                                        "Startup Cost": 5.62,
                                                        "Total Cost": 3546.26,
                                                        "Plan Rows": 62,
                                                        "Plan Width": 14,
                                                        "Actual Startup Time": 2.411,
                                                        "Actual Total Time": 16.525,
                                                        "Actual Rows": 1590,
                                                        "Actual Loops": 2,
                                                        "Inner Unique": false,
                                                        "Workers": [],
                                                        "Plans": [
                                                          {
                                                            "Node Type": "Hash Join",
                                                            "Parent Relationship": "Outer",
                                                            "Parallel Aware": false,
                                                            "Async Capable": false,
                                                            "Join Type": "Semi",
                                                            "Startup Cost": 5.19,
                                                            "Total Cost": 1952.89,
                                                            "Plan Rows": 18,
                                                            "Plan Width": 4,
                                                            "Actual Startup Time": 2.247,
                                                            "Actual Total Time": 4.269,
                                                            "Actual Rows": 16,
                                                            "Actual Loops": 2,
                                                            "Inner Unique": false,
                                                            "Hash Cond": "(date_dim_4.d_date = date_dim_5.d_date)",
                                                            "Workers": [],
                                                            "Plans": [
                                                              {
                                                                "Node Type": "Seq Scan",
                                                                "Parent Relationship": "Outer",
                                                                "Parallel Aware": true,
                                                                "Async Capable": false,
                                                                "Relation Name": "date_dim",
                                                                "Alias": "date_dim_4",
                                                                "Startup Cost": 0.0,
                                                                "Total Cost": 1834.7,
                                                                "Plan Rows": 42970,
                                                                "Plan Width": 8,
                                                                "Actual Startup Time": 0.005,
                                                                "Actual Total Time": 2.411,
                                                                "Actual Rows": 36524,
                                                                "Actual Loops": 2,
                                                                "Workers": []
                                                              },
                                                              {
                                                                "Node Type": "Hash",
                                                                "Parent Relationship": "Inner",
                                                                "Parallel Aware": false,
                                                                "Async Capable": false,
                                                                "Startup Cost": 4.82,
                                                                "Total Cost": 4.82,
                                                                "Plan Rows": 30,
                                                                "Plan Width": 4,
                                                                "Actual Startup Time": 0.035,
                                                                "Actual Total Time": 0.036,
                                                                "Actual Rows": 31,
                                                                "Actual Loops": 2,
                                                                "Hash Buckets": 1024,
                                                                "Original Hash Buckets": 1024,
                                                                "Hash Batches": 1,
                                                                "Original Hash Batches": 1,
                                                                "Peak Memory Usage": 10,
                                                                "Workers": [],
                                                                "Plans": [
                                                                  {
                                                                    "Node Type": "Index Only Scan",
                                                                    "Parent Relationship": "Outer",
                                                                    "Parallel Aware": false,
                                                                    "Async Capable": false,
                                                                    "Scan Direction": "Forward",
                                                                    "Index Name": "_dta_index_date_dim_6_661577395__k4_k3",
                                                                    "Relation Name": "date_dim",
                                                                    "Alias": "date_dim_5",
                                                                    "Startup Cost": 0.29,
                                                                    "Total Cost": 4.82,
                                                                    "Plan Rows": 30,
                                                                    "Plan Width": 4,
                                                                    "Actual Startup Time": 0.028,
                                                                    "Actual Total Time": 0.03,
                                                                    "Actual Rows": 31,
                                                                    "Actual Loops": 2,
                                                                    "Index Cond": "(d_month_seq = $2)",
                                                                    "Rows Removed by Index Recheck": 0,
                                                                    "Heap Fetches": 0,
                                                                    "Workers": []
                                                                  }
                                                                ]
                                                              }
                                                            ]
                                                          },
                                                          {
                                                            "Node Type": "Index Scan",
                                                            "Parent Relationship": "Inner",
                                                            "Parallel Aware": false,
                                                            "Async Capable": false,
                                                            "Scan Direction": "Forward",
                                                            "Index Name": "_dta_index_web_sales_6_1269579561__k1_k5",
                                                            "Relation Name": "web_sales",
                                                            "Alias": "web_sales",
                                                            "Startup Cost": 0.43,
                                                            "Total Cost": 87.32,
                                                            "Plan Rows": 120,
                                                            "Plan Width": 18,
                                                            "Actual Startup Time": 0.029,
                                                            "Actual Total Time": 0.778,
                                                            "Actual Rows": 103,
                                                            "Actual Loops": 31,
                                                            "Index Cond": "(ws_sold_date_sk = date_dim_4.d_date_sk)",
                                                            "Rows Removed by Index Recheck": 0,
                                                            "Filter": "((ws_list_price >= '242'::numeric) AND (ws_list_price <= '271'::numeric))",
                                                            "Rows Removed by Filter": 2746,
                                                            "Workers": []
                                                          }
                                                        ]
                                                      },
                                                      {
                                                        "Node Type": "Index Scan",
                                                        "Parent Relationship": "Inner",
                                                        "Parallel Aware": false,
                                                        "Async Capable": false,
                                                        "Scan Direction": "Forward",
                                                        "Index Name": "item_pkey",
                                                        "Relation Name": "item",
                                                        "Alias": "item_2",
                                                        "Startup Cost": 0.29,
                                                        "Total Cost": 0.43,
                                                        "Plan Rows": 1,
                                                        "Plan Width": 21,
                                                        "Actual Startup Time": 0.003,
                                                        "Actual Total Time": 0.003,
                                                        "Actual Rows": 0,
                                                        "Actual Loops": 3181,
                                                        "Index Cond": "(i_item_sk = web_sales.ws_item_sk)",
                                                        "Rows Removed by Index Recheck": 0,
                                                        "Filter": "((i_manager_id >= 71) AND (i_manager_id <= 100))",
                                                        "Rows Removed by Filter": 1,
                                                        "Workers": []
                                                      }
                                                    ]
                                                  },
                                                  {
                                                    "Node Type": "Index Scan",
                                                    "Parent Relationship": "Inner",
                                                    "Parallel Aware": false,
                                                    "Async Capable": false,
                                                    "Scan Direction": "Forward",
                                                    "Index Name": "_dta_index_customer_6_949578421__k1_k5",
                                                    "Relation Name": "customer",
                                                    "Alias": "customer_2",
                                                    "Startup Cost": 0.42,
                                                    "Total Cost": 0.68,
                                                    "Plan Rows": 1,
                                                    "Plan Width": 8,
                                                    "Actual Startup Time": 0.006,
                                                    "Actual Total Time": 0.006,
                                                    "Actual Rows": 0,
                                                    "Actual Loops": 781,
                                                    "Index Cond": "(c_customer_sk = web_sales.ws_bill_customer_sk)",
                                                    "Rows Removed by Index Recheck": 0,
                                                    "Filter": "((c_birth_year >= 1945) AND (c_birth_year <= 1951))",
                                                    "Rows Removed by Filter": 1,
                                                    "Workers": []
                                                  }
                                                ]
                                              }
                                            ]
                                          }
                                        ]
                                      }
                                    ]
                                  }
                                ]
                              }
                            ]
                          }
                        ]
                      }
                    ]
                  }
                ]
              }
            ]
          }
        ]
      },
      "Planning Time": 2.508,
      "Triggers": [],
      "Execution Time": 221.076
    }
  ],
  "plan_text": "",
  "actual_rows": 0,
  "provenance": {
    "database": "postgres://jakc9:jakc9@127.0.0.1:5434/dsb_sf10",
    "scale_factor": 10,
    "engine": "postgresql",
    "engine_version": "14.3",
    "cached_at": "2026-02-09T21:05:23.380616"
  }
}