{
  "plan_json": [
    {
      "Plan": {
        "Node Type": "Limit",
        "Parallel Aware": false,
        "Async Capable": false,
        "Startup Cost": 191211.41,
        "Total Cost": 191211.42,
        "Plan Rows": 1,
        "Plan Width": 72,
        "Actual Startup Time": 225.694,
        "Actual Total Time": 228.277,
        "Actual Rows": 1,
        "Actual Loops": 1,
        "Plans": [
          {
            "Node Type": "Sort",
            "Parent Relationship": "Outer",
            "Parallel Aware": false,
            "Async Capable": false,
            "Startup Cost": 191211.41,
            "Total Cost": 191211.42,
            "Plan Rows": 1,
            "Plan Width": 72,
            "Actual Startup Time": 225.693,
            "Actual Total Time": 228.275,
            "Actual Rows": 1,
            "Actual Loops": 1,
            "Sort Key": [
              "(count(DISTINCT ws1.ws_order_number))"
            ],
            "Sort Method": "quicksort",
            "Sort Space Used": 25,
            "Sort Space Type": "Memory",
            "Plans": [
              {
                "Node Type": "Aggregate",
                "Strategy": "Plain",
                "Partial Mode": "Simple",
                "Parent Relationship": "Outer",
                "Parallel Aware": false,
                "Async Capable": false,
                "Startup Cost": 191211.39,
                "Total Cost": 191211.4,
                "Plan Rows": 1,
                "Plan Width": 72,
                "Actual Startup Time": 225.674,
                "Actual Total Time": 228.255,
                "Actual Rows": 1,
                "Actual Loops": 1,
                "Plans": [
                  {
                    "Node Type": "Nested Loop",
                    "Parent Relationship": "Outer",
                    "Parallel Aware": false,
                    "Async Capable": false,
                    "Join Type": "Semi",
                    "Startup Cost": 37811.32,
                    "Total Cost": 191211.24,
                    "Plan Rows": 20,
                    "Plan Width": 16,
                    "Actual Startup Time": 99.007,
                    "Actual Total Time": 227.663,
                    "Actual Rows": 753,
                    "Actual Loops": 1,
                    "Inner Unique": false,
                    "Plans": [
                      {
                        "Node Type": "Nested Loop",
                        "Parent Relationship": "Outer",
                        "Parallel Aware": false,
                        "Async Capable": false,
                        "Join Type": "Inner",
                        "Startup Cost": 37810.89,
                        "Total Cost": 191199.51,
                        "Plan Rows": 20,
                        "Plan Width": 20,
                        "Actual Startup Time": 98.815,
                        "Actual Total Time": 206.084,
                        "Actual Rows": 753,
                        "Actual Loops": 1,
                        "Inner Unique": true,
                        "Join Filter": "(ws1.ws_web_site_sk = web_site.web_site_sk)",
                        "Rows Removed by Join Filter": 17114,
                        "Plans": [
                          {
                            "Node Type": "Gather",
                            "Parent Relationship": "Outer",
                            "Parallel Aware": false,
                            "Async Capable": false,
                            "Startup Cost": 37810.89,
                            "Total Cost": 191183.48,
                            "Plan Rows": 37,
                            "Plan Width": 24,
                            "Actual Startup Time": 97.738,
                            "Actual Total Time": 203.902,
                            "Actual Rows": 944,
                            "Actual Loops": 1,
                            "Workers Planned": 1,
                            "Workers Launched": 1,
                            "Single Copy": false,
                            "Plans": [
                              {
                                "Node Type": "Nested Loop",
                                "Parent Relationship": "Outer",
                                "Parallel Aware": false,
                                "Async Capable": false,
                                "Join Type": "Inner",
                                "Startup Cost": 36810.89,
                                "Total Cost": 190179.78,
                                "Plan Rows": 22,
                                "Plan Width": 24,
                                "Actual Startup Time": 93.784,
                                "Actual Total Time": 195.266,
                                "Actual Rows": 472,
                                "Actual Loops": 2,
                                "Inner Unique": true,
                                "Workers": [],
                                "Plans": [
                                  {
                                    "Node Type": "Hash Join",
                                    "Parent Relationship": "Outer",
                                    "Parallel Aware": true,
                                    "Async Capable": false,
                                    "Join Type": "Anti",
                                    "Startup Cost": 36810.47,
                                    "Total Cost": 190126.17,
                                    "Plan Rows": 99,
                                    "Plan Width": 28,
                                    "Actual Startup Time": 93.38,
                                    "Actual Total Time": 181.293,
                                    "Actual Rows": 2140,
                                    "Actual Loops": 2,
                                    "Inner Unique": false,
                                    "Hash Cond": "(ws1.ws_order_number = wr1.wr_order_number)",
                                    "Workers": [],
                                    "Plans": [
                                      {
                                        "Node Type": "Nested Loop",
                                        "Parent Relationship": "Outer",
                                        "Parallel Aware": false,
                                        "Async Capable": false,
                                        "Join Type": "Inner",
                                        "Startup Cost": 0.43,
                                        "Total Cost": 153314.76,
                                        "Plan Rows": 132,
                                        "Plan Width": 28,
                                        "Actual Startup Time": 2.604,
                                        "Actual Total Time": 88.658,
                                        "Actual Rows": 2532,
                                        "Actual Loops": 2,
                                        "Inner Unique": false,
                                        "Workers": [],
                                        "Plans": [
                                          {
                                            "Node Type": "Seq Scan",
                                            "Parent Relationship": "Outer",
                                            "Parallel Aware": true,
                                            "Async Capable": false,
                                            "Relation Name": "date_dim",
                                            "Alias": "date_dim",
                                            "Startup Cost": 0.0,
                                            "Total Cost": 2049.55,
                                            "Plan Rows": 38,
                                            "Plan Width": 4,
                                            "Actual Startup Time": 2.154,
                                            "Actual Total Time": 3.958,
                                            "Actual Rows": 30,
                                            "Actual Loops": 2,
                                            "Filter": "((d_date >= '2002-09-01'::date) AND (d_date <= '2002-10-31 00:00:00'::timestamp without time zone))",
                                            "Rows Removed by Filter": 36494,
                                            "Workers": []
                                          },
                                          {
                                            "Node Type": "Index Scan",
                                            "Parent Relationship": "Inner",
                                            "Parallel Aware": false,
                                            "Async Capable": false,
                                            "Scan Direction": "Forward",
                                            "Index Name": "_dta_index_web_sales_6_1269579561__k3_k18_k12_k14_16_29_34",
                                            "Relation Name": "web_sales",
                                            "Alias": "ws1",
                                            "Startup Cost": 0.43,
                                            "Total Cost": 3979.52,
                                            "Plan Rows": 114,
                                            "Plan Width": 32,
                                            "Actual Startup Time": 0.049,
                                            "Actual Total Time": 2.756,
                                            "Actual Rows": 83,
                                            "Actual Loops": 61,
                                            "Index Cond": "(ws_ship_date_sk = date_dim.d_date_sk)",
                                            "Rows Removed by Index Recheck": 0,
                                            "Filter": "((ws_list_price >= '237'::numeric) AND (ws_list_price <= '266'::numeric))",
                                            "Rows Removed by Filter": 2171,
                                            "Workers": []
                                          }
                                        ]
                                      },
                                      {
                                        "Node Type": "Hash",
                                        "Parent Relationship": "Inner",
                                        "Parallel Aware": true,
                                        "Async Capable": false,
                                        "Startup Cost": 36269.4,
                                        "Total Cost": 36269.4,
                                        "Plan Rows": 43251,
                                        "Plan Width": 4,
                                        "Actual Startup Time": 90.434,
                                        "Actual Total Time": 90.434,
                                        "Actual Rows": 50992,
                                        "Actual Loops": 2,
                                        "Hash Buckets": 131072,
                                        "Original Hash Buckets": 131072,
                                        "Hash Batches": 1,
                                        "Original Hash Batches": 1,
                                        "Peak Memory Usage": 5024,
                                        "Workers": [],
                                        "Plans": [
                                          {
                                            "Node Type": "Seq Scan",
                                            "Parent Relationship": "Outer",
                                            "Parallel Aware": true,
                                            "Async Capable": false,
                                            "Relation Name": "web_returns",
                                            "Alias": "wr1",
                                            "Startup Cost": 0.0,
                                            "Total Cost": 36269.4,
                                            "Plan Rows": 43251,
                                            "Plan Width": 4,
                                            "Actual Startup Time": 0.014,
                                            "Actual Total Time": 82.29,
                                            "Actual Rows": 50992,
                                            "Actual Loops": 2,
                                            "Filter": "(wr_reason_sk = ANY ('{7,25,26,52,69}'::integer[]))",
                                            "Rows Removed by Filter": 669184,
                                            "Workers": []
                                          }
                                        ]
                                      }
                                    ]
                                  },
                                  {
                                    "Node Type": "Index Scan",
                                    "Parent Relationship": "Inner",
                                    "Parallel Aware": false,
                                    "Async Capable": false,
                                    "Scan Direction": "Forward",
                                    "Index Name": "customer_address_pkey",
                                    "Relation Name": "customer_address",
                                    "Alias": "customer_address",
                                    "Startup Cost": 0.42,
                                    "Total Cost": 0.54,
                                    "Plan Rows": 1,
                                    "Plan Width": 4,
                                    "Actual Startup Time": 0.006,
                                    "Actual Total Time": 0.006,
                                    "Actual Rows": 0,
                                    "Actual Loops": 4281,
                                    "Index Cond": "(ca_address_sk = ws1.ws_ship_addr_sk)",
                                    "Rows Removed by Index Recheck": 0,
                                    "Filter": "(ca_state = ANY ('{CA,MI,OH,SD,TX,VA}'::bpchar[]))",
                                    "Rows Removed by Filter": 1,
                                    "Workers": []
                                  }
                                ]
                              }
                            ]
                          },
                          {
                            "Node Type": "Materialize",
                            "Parent Relationship": "Inner",
                            "Parallel Aware": false,
                            "Async Capable": false,
                            "Startup Cost": 0.0,
                            "Total Cost": 3.64,
                            "Plan Rows": 23,
                            "Plan Width": 4,
                            "Actual Startup Time": 0.0,
                            "Actual Total Time": 0.001,
                            "Actual Rows": 19,
                            "Actual Loops": 944,
                            "Plans": [
                              {
                                "Node Type": "Seq Scan",
                                "Parent Relationship": "Outer",
                                "Parallel Aware": false,
                                "Async Capable": false,
                                "Relation Name": "web_site",
                                "Alias": "web_site",
                                "Startup Cost": 0.0,
                                "Total Cost": 3.52,
                                "Plan Rows": 23,
                                "Plan Width": 4,
                                "Actual Startup Time": 0.005,
                                "Actual Total Time": 0.05,
                                "Actual Rows": 22,
                                "Actual Loops": 1,
                                "Filter": "(web_gmt_offset >= '-5'::numeric)",
                                "Rows Removed by Filter": 20
                              }
                            ]
                          }
                        ]
                      },
                      {
                        "Node Type": "Index Only Scan",
                        "Parent Relationship": "Inner",
                        "Parallel Aware": false,
                        "Async Capable": false,
                        "Scan Direction": "Forward",
                        "Index Name": "_dta_index_web_sales_6_1269579561__k18_16",
                        "Relation Name": "web_sales",
                        "Alias": "ws2",
                        "Startup Cost": 0.43,
                        "Total Cost": 2.05,
                        "Plan Rows": 59,
                        "Plan Width": 8,
                        "Actual Startup Time": 0.028,
                        "Actual Total Time": 0.028,
                        "Actual Rows": 1,
                        "Actual Loops": 753,
                        "Index Cond": "(ws_order_number = ws1.ws_order_number)",
                        "Rows Removed by Index Recheck": 0,
                        "Filter": "(ws1.ws_warehouse_sk <> ws_warehouse_sk)",
                        "Rows Removed by Filter": 0,
                        "Heap Fetches": 0
                      }
                    ]
                  }
                ]
              }
            ]
          }
        ]
      },
      "Planning Time": 3.81,
      "Triggers": [],
      "Execution Time": 228.649
    }
  ],
  "plan_text": "",
  "actual_rows": 0,
  "provenance": {
    "database": "postgres://jakc9:jakc9@127.0.0.1:5434/dsb_sf10",
    "scale_factor": 10,
    "engine": "postgresql",
    "engine_version": "14.3",
    "cached_at": "2026-02-09T21:26:54.455495"
  }
}