{
  "plan_json": [
    {
      "Plan": {
        "Node Type": "Limit",
        "Parallel Aware": false,
        "Async Capable": false,
        "Startup Cost": 139920.02,
        "Total Cost": 139920.03,
        "Plan Rows": 1,
        "Plan Width": 148,
        "Actual Startup Time": 490.145,
        "Actual Total Time": 492.947,
        "Actual Rows": 0,
        "Actual Loops": 1,
        "Plans": [
          {
            "Node Type": "Sort",
            "Parent Relationship": "Outer",
            "Parallel Aware": false,
            "Async Capable": false,
            "Startup Cost": 139920.02,
            "Total Cost": 139920.03,
            "Plan Rows": 1,
            "Plan Width": 148,
            "Actual Startup Time": 490.143,
            "Actual Total Time": 492.945,
            "Actual Rows": 0,
            "Actual Loops": 1,
            "Sort Key": [
              "(count(*)) DESC",
              "item.i_item_desc",
              "warehouse.w_warehouse_name",
              "d1.d_week_seq"
            ],
            "Sort Method": "quicksort",
            "Sort Space Used": 25,
            "Sort Space Type": "Memory",
            "Plans": [
              {
                "Node Type": "Aggregate",
                "Strategy": "Sorted",
                "Partial Mode": "Simple",
                "Parent Relationship": "Outer",
                "Parallel Aware": false,
                "Async Capable": false,
                "Startup Cost": 139915.59,
                "Total Cost": 139920.01,
                "Plan Rows": 1,
                "Plan Width": 148,
                "Actual Startup Time": 490.139,
                "Actual Total Time": 492.941,
                "Actual Rows": 0,
                "Actual Loops": 1,
                "Group Key": [
                  "item.i_item_desc",
                  "warehouse.w_warehouse_name",
                  "d1.d_week_seq"
                ],
                "Plans": [
                  {
                    "Node Type": "Nested Loop",
                    "Parent Relationship": "Outer",
                    "Parallel Aware": false,
                    "Async Capable": false,
                    "Join Type": "Inner",
                    "Startup Cost": 139915.59,
                    "Total Cost": 139919.99,
                    "Plan Rows": 1,
                    "Plan Width": 128,
                    "Actual Startup Time": 490.137,
                    "Actual Total Time": 492.938,
                    "Actual Rows": 0,
                    "Actual Loops": 1,
                    "Inner Unique": true,
                    "Join Filter": "(d3.d_date > (d1.d_date + '3 days'::interval))",
                    "Rows Removed by Join Filter": 0,
                    "Plans": [
                      {
                        "Node Type": "Gather Merge",
                        "Parent Relationship": "Outer",
                        "Parallel Aware": false,
                        "Async Capable": false,
                        "Startup Cost": 139915.3,
                        "Total Cost": 139915.42,
                        "Plan Rows": 1,
                        "Plan Width": 136,
                        "Actual Startup Time": 490.136,
                        "Actual Total Time": 492.937,
                        "Actual Rows": 0,
                        "Actual Loops": 1,
                        "Workers Planned": 1,
                        "Workers Launched": 1,
                        "Plans": [
                          {
                            "Node Type": "Sort",
                            "Parent Relationship": "Outer",
                            "Parallel Aware": false,
                            "Async Capable": false,
                            "Startup Cost": 138915.29,
                            "Total Cost": 138915.29,
                            "Plan Rows": 1,
                            "Plan Width": 136,
                            "Actual Startup Time": 486.763,
                            "Actual Total Time": 486.77,
                            "Actual Rows": 0,
                            "Actual Loops": 2,
                            "Sort Key": [
                              "item.i_item_desc",
                              "warehouse.w_warehouse_name",
                              "d1.d_week_seq"
                            ],
                            "Sort Method": "quicksort",
                            "Sort Space Used": 25,
                            "Sort Space Type": "Memory",
                            "Workers": [
                              {
                                "Worker Number": 0,
                                "Sort Method": "quicksort",
                                "Sort Space Used": 25,
                                "Sort Space Type": "Memory"
                              }
                            ],
                            "Plans": [
                              {
                                "Node Type": "Nested Loop",
                                "Parent Relationship": "Outer",
                                "Parallel Aware": false,
                                "Async Capable": false,
                                "Join Type": "Left",
                                "Startup Cost": 136851.45,
                                "Total Cost": 138915.28,
                                "Plan Rows": 1,
                                "Plan Width": 136,
                                "Actual Startup Time": 486.739,
                                "Actual Total Time": 486.746,
                                "Actual Rows": 0,
                                "Actual Loops": 2,
                                "Inner Unique": true,
                                "Workers": [],
                                "Plans": [
                                  {
                                    "Node Type": "Nested Loop",
                                    "Parent Relationship": "Outer",
                                    "Parallel Aware": false,
                                    "Async Capable": false,
                                    "Join Type": "Inner",
                                    "Startup Cost": 136851.17,
                                    "Total Cost": 138911.13,
                                    "Plan Rows": 1,
                                    "Plan Width": 136,
                                    "Actual Startup Time": 486.738,
                                    "Actual Total Time": 486.745,
                                    "Actual Rows": 0,
                                    "Actual Loops": 2,
                                    "Inner Unique": true,
                                    "Workers": [],
                                    "Plans": [
                                      {
                                        "Node Type": "Nested Loop",
                                        "Parent Relationship": "Outer",
                                        "Parallel Aware": false,
                                        "Async Capable": false,
                                        "Join Type": "Inner",
                                        "Startup Cost": 136850.88,
                                        "Total Cost": 138906.56,
                                        "Plan Rows": 1,
                                        "Plan Width": 41,
                                        "Actual Startup Time": 486.737,
                                        "Actual Total Time": 486.744,
                                        "Actual Rows": 0,
                                        "Actual Loops": 2,
                                        "Inner Unique": true,
                                        "Join Filter": "(inventory.inv_warehouse_sk = warehouse.w_warehouse_sk)",
                                        "Rows Removed by Join Filter": 0,
                                        "Workers": [],
                                        "Plans": [
                                          {
                                            "Node Type": "Nested Loop",
                                            "Parent Relationship": "Outer",
                                            "Parallel Aware": false,
                                            "Async Capable": false,
                                            "Join Type": "Inner",
                                            "Startup Cost": 136850.88,
                                            "Total Cost": 138905.33,
                                            "Plan Rows": 1,
                                            "Plan Width": 28,
                                            "Actual Startup Time": 486.737,
                                            "Actual Total Time": 486.743,
                                            "Actual Rows": 0,
                                            "Actual Loops": 2,
                                            "Inner Unique": false,
                                            "Workers": [],
                                            "Plans": [
                                              {
                                                "Node Type": "Hash Join",
                                                "Parent Relationship": "Outer",
                                                "Parallel Aware": true,
                                                "Async Capable": false,
                                                "Join Type": "Inner",
                                                "Startup Cost": 136850.31,
                                                "Total Cost": 138846.19,
                                                "Plan Rows": 4,
                                                "Plan Width": 28,
                                                "Actual Startup Time": 486.736,
                                                "Actual Total Time": 486.742,
                                                "Actual Rows": 0,
                                                "Actual Loops": 2,
                                                "Inner Unique": false,
                                                "Hash Cond": "(d2.d_week_seq = d1.d_week_seq)",
                                                "Workers": [],
                                                "Plans": [
                                                  {
                                                    "Node Type": "Seq Scan",
                                                    "Parent Relationship": "Outer",
                                                    "Parallel Aware": true,
                                                    "Async Capable": false,
                                                    "Relation Name": "date_dim",
                                                    "Alias": "d2",
                                                    "Startup Cost": 0.0,
                                                    "Total Cost": 1834.7,
                                                    "Plan Rows": 42970,
                                                    "Plan Width": 8,
                                                    "Actual Startup Time": 0.0,
                                                    "Actual Total Time": 0.0,
                                                    "Actual Rows": 0,
                                                    "Actual Loops": 0,
                                                    "Workers": []
                                                  },
                                                  {
                                                    "Node Type": "Hash",
                                                    "Parent Relationship": "Inner",
                                                    "Parallel Aware": true,
                                                    "Async Capable": false,
                                                    "Startup Cost": 136850.3,
                                                    "Total Cost": 136850.3,
                                                    "Plan Rows": 1,
                                                    "Plan Width": 24,
                                                    "Actual Startup Time": 486.618,
                                                    "Actual Total Time": 486.622,
                                                    "Actual Rows": 0,
                                                    "Actual Loops": 2,
                                                    "Hash Buckets": 1024,
                                                    "Original Hash Buckets": 1024,
                                                    "Hash Batches": 1,
                                                    "Original Hash Batches": 1,
                                                    "Peak Memory Usage": 0,
                                                    "Workers": [],
                                                    "Plans": [
                                                      {
                                                        "Node Type": "Nested Loop",
                                                        "Parent Relationship": "Outer",
                                                        "Parallel Aware": false,
                                                        "Async Capable": false,
                                                        "Join Type": "Inner",
                                                        "Startup Cost": 159.16,
                                                        "Total Cost": 136850.3,
                                                        "Plan Rows": 1,
                                                        "Plan Width": 24,
                                                        "Actual Startup Time": 305.181,
                                                        "Actual Total Time": 305.185,
                                                        "Actual Rows": 0,
                                                        "Actual Loops": 2,
                                                        "Inner Unique": true,
                                                        "Workers": [],
                                                        "Plans": [
                                                          {
                                                            "Node Type": "Hash Join",
                                                            "Parent Relationship": "Outer",
                                                            "Parallel Aware": false,
                                                            "Async Capable": false,
                                                            "Join Type": "Inner",
                                                            "Startup Cost": 158.73,
                                                            "Total Cost": 134154.5,
                                                            "Plan Rows": 568,
                                                            "Plan Width": 28,
                                                            "Actual Startup Time": 2.747,
                                                            "Actual Total Time": 233.424,
                                                            "Actual Rows": 23847,
                                                            "Actual Loops": 2,
                                                            "Inner Unique": true,
                                                            "Hash Cond": "(catalog_sales.cs_bill_hdemo_sk = household_demographics.hd_demo_sk)",
                                                            "Workers": [],
                                                            "Plans": [
                                                              {
                                                                "Node Type": "Nested Loop",
                                                                "Parent Relationship": "Outer",
                                                                "Parallel Aware": false,
                                                                "Async Capable": false,
                                                                "Join Type": "Inner",
                                                                "Startup Cost": 0.73,
                                                                "Total Cost": 133987.51,
                                                                "Plan Rows": 3426,
                                                                "Plan Width": 32,
                                                                "Actual Startup Time": 2.248,
                                                                "Actual Total Time": 221.858,
                                                                "Actual Rows": 113468,
                                                                "Actual Loops": 2,
                                                                "Inner Unique": false,
                                                                "Workers": [],
                                                                "Plans": [
                                                                  {
                                                                    "Node Type": "Index Scan",
                                                                    "Parent Relationship": "Outer",
                                                                    "Parallel Aware": true,
                                                                    "Async Capable": false,
                                                                    "Scan Direction": "Forward",
                                                                    "Index Name": "date_dim_pkey",
                                                                    "Relation Name": "date_dim",
                                                                    "Alias": "d1",
                                                                    "Startup Cost": 0.29,
                                                                    "Total Cost": 2962.0,
                                                                    "Plan Rows": 151,
                                                                    "Plan Width": 12,
                                                                    "Actual Startup Time": 2.21,
                                                                    "Actual Total Time": 4.321,
                                                                    "Actual Rows": 182,
                                                                    "Actual Loops": 2,
                                                                    "Filter": "(d_year = 1999)",
                                                                    "Rows Removed by Filter": 36342,
                                                                    "Workers": []
                                                                  },
                                                                  {
                                                                    "Node Type": "Index Scan",
                                                                    "Parent Relationship": "Inner",
                                                                    "Parallel Aware": false,
                                                                    "Async Capable": false,
                                                                    "Scan Direction": "Forward",
                                                                    "Index Name": "_dta_index_catalog_sales_6_1301579675__k1_4",
                                                                    "Relation Name": "catalog_sales",
                                                                    "Alias": "catalog_sales",
                                                                    "Startup Cost": 0.43,
                                                                    "Total Cost": 859.91,
                                                                    "Plan Rows": 781,
                                                                    "Plan Width": 32,
                                                                    "Actual Startup Time": 0.007,
                                                                    "Actual Total Time": 1.147,
                                                                    "Actual Rows": 622,
                                                                    "Actual Loops": 365,
                                                                    "Index Cond": "(cs_sold_date_sk = d1.d_date_sk)",
                                                                    "Rows Removed by Index Recheck": 0,
                                                                    "Filter": "((cs_wholesale_cost >= '76'::numeric) AND (cs_wholesale_cost <= '96'::numeric))",
                                                                    "Rows Removed by Filter": 4566,
                                                                    "Workers": []
                                                                  }
                                                                ]
                                                              },
                                                              {
                                                                "Node Type": "Hash",
                                                                "Parent Relationship": "Inner",
                                                                "Parallel Aware": false,
                                                                "Async Capable": false,
                                                                "Startup Cost": 143.0,
                                                                "Total Cost": 143.0,
                                                                "Plan Rows": 1200,
                                                                "Plan Width": 4,
                                                                "Actual Startup Time": 0.443,
                                                                "Actual Total Time": 0.443,
                                                                "Actual Rows": 1200,
                                                                "Actual Loops": 2,
                                                                "Hash Buckets": 2048,
                                                                "Original Hash Buckets": 2048,
                                                                "Hash Batches": 1,
                                                                "Original Hash Batches": 1,
                                                                "Peak Memory Usage": 59,
                                                                "Workers": [],
                                                                "Plans": [
                                                                  {
                                                                    "Node Type": "Seq Scan",
                                                                    "Parent Relationship": "Outer",
                                                                    "Parallel Aware": false,
                                                                    "Async Capable": false,
                                                                    "Relation Name": "household_demographics",
                                                                    "Alias": "household_demographics",
                                                                    "Startup Cost": 0.0,
                                                                    "Total Cost": 143.0,
                                                                    "Plan Rows": 1200,
                                                                    "Plan Width": 4,
                                                                    "Actual Startup Time": 0.01,
                                                                    "Actual Total Time": 0.366,
                                                                    "Actual Rows": 1200,
                                                                    "Actual Loops": 2,
                                                                    "Filter": "(hd_buy_potential = '>10000'::bpchar)",
                                                                    "Rows Removed by Filter": 6000,
                                                                    "Workers": []
                                                                  }
                                                                ]
                                                              }
                                                            ]
                                                          },
                                                          {
                                                            "Node Type": "Index Scan",
                                                            "Parent Relationship": "Inner",
                                                            "Parallel Aware": false,
                                                            "Async Capable": false,
                                                            "Scan Direction": "Forward",
                                                            "Index Name": "customer_demographics_pkey",
                                                            "Relation Name": "customer_demographics",
                                                            "Alias": "customer_demographics",
                                                            "Startup Cost": 0.43,
                                                            "Total Cost": 4.74,
                                                            "Plan Rows": 1,
                                                            "Plan Width": 4,
                                                            "Actual Startup Time": 0.003,
                                                            "Actual Total Time": 0.003,
                                                            "Actual Rows": 0,
                                                            "Actual Loops": 47694,
                                                            "Index Cond": "(cd_demo_sk = catalog_sales.cs_bill_cdemo_sk)",
                                                            "Rows Removed by Index Recheck": 0,
                                                            "Filter": "((cd_dep_count >= 9) AND (cd_dep_count <= 11) AND (cd_marital_status = 'S'::bpchar))",
                                                            "Rows Removed by Filter": 1,
                                                            "Workers": []
                                                          }
                                                        ]
                                                      }
                                                    ]
                                                  }
                                                ]
                                              },
                                              {
                                                "Node Type": "Index Scan",
                                                "Parent Relationship": "Inner",
                                                "Parallel Aware": false,
                                                "Async Capable": false,
                                                "Scan Direction": "Forward",
                                                "Index Name": "inventory_pkey",
                                                "Relation Name": "inventory",
                                                "Alias": "inventory",
                                                "Startup Cost": 0.57,
                                                "Total Cost": 14.77,
                                                "Plan Rows": 2,
                                                "Plan Width": 16,
                                                "Actual Startup Time": 0.0,
                                                "Actual Total Time": 0.0,
                                                "Actual Rows": 0,
                                                "Actual Loops": 0,
                                                "Index Cond": "((inv_date_sk = d2.d_date_sk) AND (inv_item_sk = catalog_sales.cs_item_sk))",
                                                "Rows Removed by Index Recheck": 0,
                                                "Filter": "(inv_quantity_on_hand < catalog_sales.cs_quantity)",
                                                "Rows Removed by Filter": 0,
                                                "Workers": []
                                              }
                                            ]
                                          },
                                          {
                                            "Node Type": "Seq Scan",
                                            "Parent Relationship": "Inner",
                                            "Parallel Aware": false,
                                            "Async Capable": false,
                                            "Relation Name": "warehouse",
                                            "Alias": "warehouse",
                                            "Startup Cost": 0.0,
                                            "Total Cost": 1.1,
                                            "Plan Rows": 10,
                                            "Plan Width": 21,
                                            "Actual Startup Time": 0.0,
                                            "Actual Total Time": 0.0,
                                            "Actual Rows": 0,
                                            "Actual Loops": 0,
                                            "Workers": []
                                          }
                                        ]
                                      },
                                      {
                                        "Node Type": "Index Scan",
                                        "Parent Relationship": "Inner",
                                        "Parallel Aware": false,
                                        "Async Capable": false,
                                        "Scan Direction": "Forward",
                                        "Index Name": "item_pkey",
                                        "Relation Name": "item",
                                        "Alias": "item",
                                        "Startup Cost": 0.29,
                                        "Total Cost": 4.57,
                                        "Plan Rows": 1,
                                        "Plan Width": 107,
                                        "Actual Startup Time": 0.0,
                                        "Actual Total Time": 0.0,
                                        "Actual Rows": 0,
                                        "Actual Loops": 0,
                                        "Index Cond": "(i_item_sk = catalog_sales.cs_item_sk)",
                                        "Rows Removed by Index Recheck": 0,
                                        "Filter": "(i_category = ANY ('{Men,Shoes,Sports}'::bpchar[]))",
                                        "Rows Removed by Filter": 0,
                                        "Workers": []
                                      }
                                    ]
                                  },
                                  {
                                    "Node Type": "Index Only Scan",
                                    "Parent Relationship": "Inner",
                                    "Parallel Aware": false,
                                    "Async Capable": false,
                                    "Scan Direction": "Forward",
                                    "Index Name": "promotion_pkey",
                                    "Relation Name": "promotion",
                                    "Alias": "promotion",
                                    "Startup Cost": 0.27,
                                    "Total Cost": 4.14,
                                    "Plan Rows": 1,
                                    "Plan Width": 4,
                                    "Actual Startup Time": 0.0,
                                    "Actual Total Time": 0.0,
                                    "Actual Rows": 0,
                                    "Actual Loops": 0,
                                    "Index Cond": "(p_promo_sk = catalog_sales.cs_promo_sk)",
                                    "Rows Removed by Index Recheck": 0,
                                    "Heap Fetches": 0,
                                    "Workers": []
                                  }
                                ]
                              }
                            ]
                          }
                        ]
                      },
                      {
                        "Node Type": "Index Scan",
                        "Parent Relationship": "Inner",
                        "Parallel Aware": false,
                        "Async Capable": false,
                        "Scan Direction": "Forward",
                        "Index Name": "date_dim_pkey",
                        "Relation Name": "date_dim",
                        "Alias": "d3",
                        "Startup Cost": 0.29,
                        "Total Cost": 4.56,
                        "Plan Rows": 1,
                        "Plan Width": 8,
                        "Actual Startup Time": 0.0,
                        "Actual Total Time": 0.0,
                        "Actual Rows": 0,
                        "Actual Loops": 0,
                        "Index Cond": "(d_date_sk = catalog_sales.cs_ship_date_sk)",
                        "Rows Removed by Index Recheck": 0
                      }
                    ]
                  }
                ]
              }
            ]
          }
        ]
      },
      "Planning Time": 20.299,
      "Triggers": [],
      "Execution Time": 493.063
    }
  ],
  "plan_text": "",
  "actual_rows": 0,
  "provenance": {
    "database": "postgres://jakc9:jakc9@127.0.0.1:5434/dsb_sf10",
    "scale_factor": 10,
    "engine": "postgresql",
    "engine_version": "14.3",
    "cached_at": "2026-02-09T21:06:45.850387"
  }
}