{
  "plan_json": [
    {
      "Plan": {
        "Node Type": "Limit",
        "Parallel Aware": false,
        "Async Capable": false,
        "Startup Cost": 49099.93,
        "Total Cost": 49100.1,
        "Plan Rows": 7,
        "Plan Width": 160,
        "Actual Startup Time": 129.353,
        "Actual Total Time": 129.464,
        "Actual Rows": 14,
        "Actual Loops": 1,
        "Plans": [
          {
            "Node Type": "Aggregate",
            "Strategy": "Sorted",
            "Partial Mode": "Simple",
            "Parent Relationship": "Outer",
            "Parallel Aware": false,
            "Async Capable": false,
            "Startup Cost": 49099.93,
            "Total Cost": 49100.1,
            "Plan Rows": 7,
            "Plan Width": 160,
            "Actual Startup Time": 129.352,
            "Actual Total Time": 129.462,
            "Actual Rows": 14,
            "Actual Loops": 1,
            "Grouping Sets": [
              {
                "Group Keys": [
                  [
                    "('store channel'::text)",
                    "(('store'::text || (ssr.store_id)::text))"
                  ],
                  [
                    "('store channel'::text)"
                  ],
                  []
                ]
              }
            ],
            "Plans": [
              {
                "Node Type": "Sort",
                "Parent Relationship": "Outer",
                "Parallel Aware": false,
                "Async Capable": false,
                "Startup Cost": 49099.93,
                "Total Cost": 49099.94,
                "Plan Rows": 3,
                "Plan Width": 160,
                "Actual Startup Time": 129.346,
                "Actual Total Time": 129.447,
                "Actual Rows": 10,
                "Actual Loops": 1,
                "Sort Key": [
                  "('store channel'::text)",
                  "(('store'::text || (ssr.store_id)::text))"
                ],
                "Sort Method": "quicksort",
                "Sort Space Used": 26,
                "Sort Space Type": "Memory",
                "Plans": [
                  {
                    "Node Type": "Append",
                    "Parent Relationship": "Outer",
                    "Parallel Aware": false,
                    "Async Capable": false,
                    "Startup Cost": 17513.11,
                    "Total Cost": 49099.91,
                    "Plan Rows": 3,
                    "Plan Width": 160,
                    "Actual Startup Time": 70.39,
                    "Actual Total Time": 129.436,
                    "Actual Rows": 10,
                    "Actual Loops": 1,
                    "Subplans Removed": 0,
                    "Plans": [
                      {
                        "Node Type": "Subquery Scan",
                        "Parent Relationship": "Member",
                        "Parallel Aware": false,
                        "Async Capable": false,
                        "Alias": "ssr",
                        "Startup Cost": 17513.11,
                        "Total Cost": 17513.16,
                        "Plan Rows": 1,
                        "Plan Width": 160,
                        "Actual Startup Time": 70.389,
                        "Actual Total Time": 70.452,
                        "Actual Rows": 4,
                        "Actual Loops": 1,
                        "Plans": [
                          {
                            "Node Type": "Aggregate",
                            "Strategy": "Sorted",
                            "Partial Mode": "Simple",
                            "Parent Relationship": "Subquery",
                            "Parallel Aware": false,
                            "Async Capable": false,
                            "Startup Cost": 17513.11,
                            "Total Cost": 17513.15,
                            "Plan Rows": 1,
                            "Plan Width": 113,
                            "Actual Startup Time": 70.378,
                            "Actual Total Time": 70.44,
                            "Actual Rows": 4,
                            "Actual Loops": 1,
                            "Group Key": [
                              "store.s_store_id"
                            ],
                            "Plans": [
                              {
                                "Node Type": "Sort",
                                "Parent Relationship": "Outer",
                                "Parallel Aware": false,
                                "Async Capable": false,
                                "Startup Cost": 17513.11,
                                "Total Cost": 17513.12,
                                "Plan Rows": 1,
                                "Plan Width": 41,
                                "Actual Startup Time": 70.368,
                                "Actual Total Time": 70.425,
                                "Actual Rows": 4,
                                "Actual Loops": 1,
                                "Sort Key": [
                                  "store.s_store_id"
                                ],
                                "Sort Method": "quicksort",
                                "Sort Space Used": 25,
                                "Sort Space Type": "Memory",
                                "Plans": [
                                  {
                                    "Node Type": "Nested Loop",
                                    "Parent Relationship": "Outer",
                                    "Parallel Aware": false,
                                    "Async Capable": false,
                                    "Join Type": "Inner",
                                    "Startup Cost": 1026.15,
                                    "Total Cost": 17513.1,
                                    "Plan Rows": 1,
                                    "Plan Width": 41,
                                    "Actual Startup Time": 31.241,
                                    "Actual Total Time": 70.409,
                                    "Actual Rows": 4,
                                    "Actual Loops": 1,
                                    "Inner Unique": true,
                                    "Plans": [
                                      {
                                        "Node Type": "Nested Loop",
                                        "Parent Relationship": "Outer",
                                        "Parallel Aware": false,
                                        "Async Capable": false,
                                        "Join Type": "Left",
                                        "Startup Cost": 1026.0,
                                        "Total Cost": 17512.94,
                                        "Plan Rows": 1,
                                        "Plan Width": 28,
                                        "Actual Startup Time": 31.224,
                                        "Actual Total Time": 70.374,
                                        "Actual Rows": 4,
                                        "Actual Loops": 1,
                                        "Inner Unique": true,
                                        "Plans": [
                                          {
                                            "Node Type": "Gather",
                                            "Parent Relationship": "Outer",
                                            "Parallel Aware": false,
                                            "Async Capable": false,
                                            "Startup Cost": 1025.57,
                                            "Total Cost": 17510.74,
                                            "Plan Rows": 1,
                                            "Plan Width": 24,
                                            "Actual Startup Time": 30.752,
                                            "Actual Total Time": 69.739,
                                            "Actual Rows": 4,
                                            "Actual Loops": 1,
                                            "Workers Planned": 2,
                                            "Workers Launched": 2,
                                            "Single Copy": false,
                                            "Plans": [
                                              {
                                                "Node Type": "Nested Loop",
                                                "Parent Relationship": "Outer",
                                                "Parallel Aware": false,
                                                "Async Capable": false,
                                                "Join Type": "Inner",
                                                "Startup Cost": 25.57,
                                                "Total Cost": 16510.64,
                                                "Plan Rows": 1,
                                                "Plan Width": 24,
                                                "Actual Startup Time": 12.154,
                                                "Actual Total Time": 25.132,
                                                "Actual Rows": 1,
                                                "Actual Loops": 3,
                                                "Inner Unique": true,
                                                "Workers": [],
                                                "Plans": [
                                                  {
                                                    "Node Type": "Hash Join",
                                                    "Parent Relationship": "Outer",
                                                    "Parallel Aware": false,
                                                    "Async Capable": false,
                                                    "Join Type": "Inner",
                                                    "Startup Cost": 25.28,
                                                    "Total Cost": 16489.58,
                                                    "Plan Rows": 12,
                                                    "Plan Width": 24,
                                                    "Actual Startup Time": 3.663,
                                                    "Actual Total Time": 24.521,
                                                    "Actual Rows": 119,
                                                    "Actual Loops": 3,
                                                    "Inner Unique": true,
                                                    "Hash Cond": "(store_sales.ss_promo_sk = promotion.p_promo_sk)",
                                                    "Workers": [],
                                                    "Plans": [
                                                      {
                                                        "Node Type": "Nested Loop",
                                                        "Parent Relationship": "Outer",
                                                        "Parallel Aware": false,
                                                        "Async Capable": false,
                                                        "Join Type": "Inner",
                                                        "Startup Cost": 0.85,
                                                        "Total Cost": 16463.99,
                                                        "Plan Rows": 440,
                                                        "Plan Width": 28,
                                                        "Actual Startup Time": 3.591,
                                                        "Actual Total Time": 24.076,
                                                        "Actual Rows": 4857,
                                                        "Actual Loops": 3,
                                                        "Inner Unique": false,
                                                        "Workers": [],
                                                        "Plans": [
                                                          {
                                                            "Node Type": "Index Scan",
                                                            "Parent Relationship": "Outer",
                                                            "Parallel Aware": true,
                                                            "Async Capable": false,
                                                            "Scan Direction": "Forward",
                                                            "Index Name": "date_dim_pkey",
                                                            "Relation Name": "date_dim",
                                                            "Alias": "date_dim",
                                                            "Startup Cost": 0.29,
                                                            "Total Cost": 3038.09,
                                                            "Plan Rows": 13,
                                                            "Plan Width": 4,
                                                            "Actual Startup Time": 3.513,
                                                            "Actual Total Time": 3.531,
                                                            "Actual Rows": 10,
                                                            "Actual Loops": 3,
                                                            "Filter": "((d_date >= '1998-08-29'::date) AND (d_date <= '1998-09-28 00:00:00'::timestamp without time zone))",
                                                            "Rows Removed by Filter": 24339,
                                                            "Workers": []
                                                          },
                                                          {
                                                            "Node Type": "Index Only Scan",
                                                            "Parent Relationship": "Inner",
                                                            "Parallel Aware": false,
                                                            "Async Capable": false,
                                                            "Scan Direction": "Forward",
                                                            "Index Name": "_dta_index_store_sales_6_1333579789__k1_k23_k14_k6_k8_k5_k7_3_4",
                                                            "Relation Name": "store_sales",
                                                            "Alias": "store_sales",
                                                            "Startup Cost": 0.56,
                                                            "Total Cost": 1020.63,
                                                            "Plan Rows": 1213,
                                                            "Plan Width": 32,
                                                            "Actual Startup Time": 0.174,
                                                            "Actual Total Time": 1.94,
                                                            "Actual Rows": 470,
                                                            "Actual Loops": 31,
                                                            "Index Cond": "(ss_sold_date_sk = date_dim.d_date_sk)",
                                                            "Rows Removed by Index Recheck": 0,
                                                            "Filter": "((ss_wholesale_cost >= '23'::numeric) AND (ss_wholesale_cost <= '38'::numeric))",
                                                            "Rows Removed by Filter": 4639,
                                                            "Heap Fetches": 0,
                                                            "Workers": []
                                                          }
                                                        ]
                                                      },
                                                      {
                                                        "Node Type": "Hash",
                                                        "Parent Relationship": "Inner",
                                                        "Parallel Aware": false,
                                                        "Async Capable": false,
                                                        "Startup Cost": 24.25,
                                                        "Total Cost": 24.25,
                                                        "Plan Rows": 14,
                                                        "Plan Width": 4,
                                                        "Actual Startup Time": 0.092,
                                                        "Actual Total Time": 0.092,
                                                        "Actual Rows": 11,
                                                        "Actual Loops": 1,
                                                        "Hash Buckets": 1024,
                                                        "Original Hash Buckets": 1024,
                                                        "Hash Batches": 1,
                                                        "Original Hash Batches": 1,
                                                        "Peak Memory Usage": 9,
                                                        "Workers": [],
                                                        "Plans": [
                                                          {
                                                            "Node Type": "Seq Scan",
                                                            "Parent Relationship": "Outer",
                                                            "Parallel Aware": false,
                                                            "Async Capable": false,
                                                            "Relation Name": "promotion",
                                                            "Alias": "promotion",
                                                            "Startup Cost": 0.0,
                                                            "Total Cost": 24.25,
                                                            "Plan Rows": 14,
                                                            "Plan Width": 4,
                                                            "Actual Startup Time": 0.017,
                                                            "Actual Total Time": 0.089,
                                                            "Actual Rows": 11,
                                                            "Actual Loops": 1,
                                                            "Filter": "((p_channel_email = 'N'::bpchar) AND (p_channel_tv = 'N'::bpchar) AND (p_channel_radio = 'N'::bpchar) AND (p_channel_press = 'N'::bpchar) AND (p_channel_event = 'N'::bpchar))",
                                                            "Rows Removed by Filter": 489,
                                                            "Workers": []
                                                          }
                                                        ]
                                                      }
                                                    ]
                                                  },
                                                  {
                                                    "Node Type": "Index Scan",
                                                    "Parent Relationship": "Inner",
                                                    "Parallel Aware": false,
                                                    "Async Capable": false,
                                                    "Scan Direction": "Forward",
                                                    "Index Name": "item_pkey",
                                                    "Relation Name": "item",
                                                    "Alias": "item",
                                                    "Startup Cost": 0.29,
                                                    "Total Cost": 1.76,
                                                    "Plan Rows": 1,
                                                    "Plan Width": 4,
                                                    "Actual Startup Time": 0.005,
                                                    "Actual Total Time": 0.005,
                                                    "Actual Rows": 0,
                                                    "Actual Loops": 358,
                                                    "Index Cond": "(i_item_sk = store_sales.ss_item_sk)",
                                                    "Rows Removed by Index Recheck": 0,
                                                    "Filter": "((i_current_price > '50'::numeric) AND (i_category = ANY ('{Children,Sports}'::bpchar[])))",
                                                    "Rows Removed by Filter": 1,
                                                    "Workers": []
                                                  }
                                                ]
                                              }
                                            ]
                                          },
                                          {
                                            "Node Type": "Index Scan",
                                            "Parent Relationship": "Inner",
                                            "Parallel Aware": false,
                                            "Async Capable": false,
                                            "Scan Direction": "Forward",
                                            "Index Name": "store_returns_pkey",
                                            "Relation Name": "store_returns",
                                            "Alias": "store_returns",
                                            "Startup Cost": 0.43,
                                            "Total Cost": 2.2,
                                            "Plan Rows": 1,
                                            "Plan Width": 20,
                                            "Actual Startup Time": 0.155,
                                            "Actual Total Time": 0.155,
                                            "Actual Rows": 0,
                                            "Actual Loops": 4,
                                            "Index Cond": "((sr_item_sk = store_sales.ss_item_sk) AND (sr_ticket_number = store_sales.ss_ticket_number))",
                                            "Rows Removed by Index Recheck": 0
                                          }
                                        ]
                                      },
                                      {
                                        "Node Type": "Index Only Scan",
                                        "Parent Relationship": "Inner",
                                        "Parallel Aware": false,
                                        "Async Capable": false,
                                        "Scan Direction": "Forward",
                                        "Index Name": "_dta_index_store_6_885578193__k1_2_6",
                                        "Relation Name": "store",
                                        "Alias": "store",
                                        "Startup Cost": 0.14,
                                        "Total Cost": 0.16,
                                        "Plan Rows": 1,
                                        "Plan Width": 21,
                                        "Actual Startup Time": 0.006,
                                        "Actual Total Time": 0.006,
                                        "Actual Rows": 1,
                                        "Actual Loops": 4,
                                        "Index Cond": "(s_store_sk = store_sales.ss_store_sk)",
                                        "Rows Removed by Index Recheck": 0,
                                        "Heap Fetches": 4
                                      }
                                    ]
                                  }
                                ]
                              }
                            ]
                          }
                        ]
                      },
                      {
                        "Node Type": "Subquery Scan",
                        "Parent Relationship": "Member",
                        "Parallel Aware": false,
                        "Async Capable": false,
                        "Alias": "csr",
                        "Startup Cost": 19786.19,
                        "Total Cost": 19786.24,
                        "Plan Rows": 1,
                        "Plan Width": 160,
                        "Actual Startup Time": 34.753,
                        "Actual Total Time": 34.782,
                        "Actual Rows": 5,
                        "Actual Loops": 1,
                        "Plans": [
                          {
                            "Node Type": "Aggregate",
                            "Strategy": "Sorted",
                            "Partial Mode": "Simple",
                            "Parent Relationship": "Subquery",
                            "Parallel Aware": false,
                            "Async Capable": false,
                            "Startup Cost": 19786.19,
                            "Total Cost": 19786.23,
                            "Plan Rows": 1,
                            "Plan Width": 113,
                            "Actual Startup Time": 34.75,
                            "Actual Total Time": 34.777,
                            "Actual Rows": 5,
                            "Actual Loops": 1,
                            "Group Key": [
                              "catalog_page.cp_catalog_page_id"
                            ],
                            "Plans": [
                              {
                                "Node Type": "Sort",
                                "Parent Relationship": "Outer",
                                "Parallel Aware": false,
                                "Async Capable": false,
                                "Startup Cost": 19786.19,
                                "Total Cost": 19786.2,
                                "Plan Rows": 1,
                                "Plan Width": 41,
                                "Actual Startup Time": 34.738,
                                "Actual Total Time": 34.761,
                                "Actual Rows": 5,
                                "Actual Loops": 1,
                                "Sort Key": [
                                  "catalog_page.cp_catalog_page_id"
                                ],
                                "Sort Method": "quicksort",
                                "Sort Space Used": 25,
                                "Sort Space Type": "Memory",
                                "Plans": [
                                  {
                                    "Node Type": "Nested Loop",
                                    "Parent Relationship": "Outer",
                                    "Parallel Aware": false,
                                    "Async Capable": false,
                                    "Join Type": "Inner",
                                    "Startup Cost": 1025.87,
                                    "Total Cost": 19786.18,
                                    "Plan Rows": 1,
                                    "Plan Width": 41,
                                    "Actual Startup Time": 2.621,
                                    "Actual Total Time": 34.725,
                                    "Actual Rows": 5,
                                    "Actual Loops": 1,
                                    "Inner Unique": true,
                                    "Plans": [
                                      {
                                        "Node Type": "Nested Loop",
                                        "Parent Relationship": "Outer",
                                        "Parallel Aware": false,
                                        "Async Capable": false,
                                        "Join Type": "Left",
                                        "Startup Cost": 1025.58,
                                        "Total Cost": 19785.88,
                                        "Plan Rows": 1,
                                        "Plan Width": 28,
                                        "Actual Startup Time": 2.571,
                                        "Actual Total Time": 34.448,
                                        "Actual Rows": 5,
                                        "Actual Loops": 1,
                                        "Inner Unique": true,
                                        "Plans": [
                                          {
                                            "Node Type": "Gather",
                                            "Parent Relationship": "Outer",
                                            "Parallel Aware": false,
                                            "Async Capable": false,
                                            "Startup Cost": 1025.15,
                                            "Total Cost": 19785.36,
                                            "Plan Rows": 1,
                                            "Plan Width": 24,
                                            "Actual Startup Time": 2.498,
                                            "Actual Total Time": 34.2,
                                            "Actual Rows": 5,
                                            "Actual Loops": 1,
                                            "Workers Planned": 1,
                                            "Workers Launched": 1,
                                            "Single Copy": false,
                                            "Plans": [
                                              {
                                                "Node Type": "Nested Loop",
                                                "Parent Relationship": "Outer",
                                                "Parallel Aware": false,
                                                "Async Capable": false,
                                                "Join Type": "Inner",
                                                "Startup Cost": 25.15,
                                                "Total Cost": 18785.26,
                                                "Plan Rows": 1,
                                                "Plan Width": 24,
                                                "Actual Startup Time": 1.486,
                                                "Actual Total Time": 18.065,
                                                "Actual Rows": 2,
                                                "Actual Loops": 2,
                                                "Inner Unique": true,
                                                "Workers": [],
                                                "Plans": [
                                                  {
                                                    "Node Type": "Hash Join",
                                                    "Parent Relationship": "Outer",
                                                    "Parallel Aware": false,
                                                    "Async Capable": false,
                                                    "Join Type": "Inner",
                                                    "Startup Cost": 24.86,
                                                    "Total Cost": 18779.08,
                                                    "Plan Rows": 19,
                                                    "Plan Width": 24,
                                                    "Actual Startup Time": 1.052,
                                                    "Actual Total Time": 16.714,
                                                    "Actual Rows": 259,
                                                    "Actual Loops": 2,
                                                    "Inner Unique": true,
                                                    "Hash Cond": "(catalog_sales.cs_promo_sk = promotion_1.p_promo_sk)",
                                                    "Workers": [],
                                                    "Plans": [
                                                      {
                                                        "Node Type": "Nested Loop",
                                                        "Parent Relationship": "Outer",
                                                        "Parallel Aware": false,
                                                        "Async Capable": false,
                                                        "Join Type": "Inner",
                                                        "Startup Cost": 0.43,
                                                        "Total Cost": 18752.8,
                                                        "Plan Rows": 704,
                                                        "Plan Width": 28,
                                                        "Actual Startup Time": 0.825,
                                                        "Actual Total Time": 16.037,
                                                        "Actual Rows": 9750,
                                                        "Actual Loops": 2,
                                                        "Inner Unique": false,
                                                        "Workers": [],
                                                        "Plans": [
                                                          {
                                                            "Node Type": "Seq Scan",
                                                            "Parent Relationship": "Outer",
                                                            "Parallel Aware": true,
                                                            "Async Capable": false,
                                                            "Relation Name": "date_dim",
                                                            "Alias": "date_dim_1",
                                                            "Startup Cost": 0.0,
                                                            "Total Cost": 2049.55,
                                                            "Plan Rows": 18,
                                                            "Plan Width": 4,
                                                            "Actual Startup Time": 0.778,
                                                            "Actual Total Time": 1.698,
                                                            "Actual Rows": 16,
                                                            "Actual Loops": 2,
                                                            "Filter": "((d_date >= '1998-08-29'::date) AND (d_date <= '1998-09-28 00:00:00'::timestamp without time zone))",
                                                            "Rows Removed by Filter": 36509,
                                                            "Workers": []
                                                          },
                                                          {
                                                            "Node Type": "Index Scan",
                                                            "Parent Relationship": "Inner",
                                                            "Parallel Aware": false,
                                                            "Async Capable": false,
                                                            "Scan Direction": "Forward",
                                                            "Index Name": "_dta_index_catalog_sales_6_1301579675__k1_4",
                                                            "Relation Name": "catalog_sales",
                                                            "Alias": "catalog_sales",
                                                            "Startup Cost": 0.43,
                                                            "Total Cost": 914.69,
                                                            "Plan Rows": 1327,
                                                            "Plan Width": 32,
                                                            "Actual Startup Time": 0.008,
                                                            "Actual Total Time": 0.858,
                                                            "Actual Rows": 629,
                                                            "Actual Loops": 31,
                                                            "Index Cond": "(cs_sold_date_sk = date_dim_1.d_date_sk)",
                                                            "Rows Removed by Index Recheck": 0,
                                                            "Filter": "((cs_wholesale_cost >= '23'::numeric) AND (cs_wholesale_cost <= '38'::numeric))",
                                                            "Rows Removed by Filter": 2585,
                                                            "Workers": []
                                                          }
                                                        ]
                                                      },
                                                      {
                                                        "Node Type": "Hash",
                                                        "Parent Relationship": "Inner",
                                                        "Parallel Aware": false,
                                                        "Async Capable": false,
                                                        "Startup Cost": 24.25,
                                                        "Total Cost": 24.25,
                                                        "Plan Rows": 14,
                                                        "Plan Width": 4,
                                                        "Actual Startup Time": 0.086,
                                                        "Actual Total Time": 0.086,
                                                        "Actual Rows": 11,
                                                        "Actual Loops": 2,
                                                        "Hash Buckets": 1024,
                                                        "Original Hash Buckets": 1024,
                                                        "Hash Batches": 1,
                                                        "Original Hash Batches": 1,
                                                        "Peak Memory Usage": 9,
                                                        "Workers": [],
                                                        "Plans": [
                                                          {
                                                            "Node Type": "Seq Scan",
                                                            "Parent Relationship": "Outer",
                                                            "Parallel Aware": false,
                                                            "Async Capable": false,
                                                            "Relation Name": "promotion",
                                                            "Alias": "promotion_1",
                                                            "Startup Cost": 0.0,
                                                            "Total Cost": 24.25,
                                                            "Plan Rows": 14,
                                                            "Plan Width": 4,
                                                            "Actual Startup Time": 0.016,
                                                            "Actual Total Time": 0.082,
                                                            "Actual Rows": 11,
                                                            "Actual Loops": 2,
                                                            "Filter": "((p_channel_email = 'N'::bpchar) AND (p_channel_tv = 'N'::bpchar) AND (p_channel_radio = 'N'::bpchar) AND (p_channel_press = 'N'::bpchar) AND (p_channel_event = 'N'::bpchar))",
                                                            "Rows Removed by Filter": 489,
                                                            "Workers": []
                                                          }
                                                        ]
                                                      }
                                                    ]
                                                  },
                                                  {
                                                    "Node Type": "Index Scan",
                                                    "Parent Relationship": "Inner",
                                                    "Parallel Aware": false,
                                                    "Async Capable": false,
                                                    "Scan Direction": "Forward",
                                                    "Index Name": "item_pkey",
                                                    "Relation Name": "item",
                                                    "Alias": "item_1",
                                                    "Startup Cost": 0.29,
                                                    "Total Cost": 0.33,
                                                    "Plan Rows": 1,
                                                    "Plan Width": 4,
                                                    "Actual Startup Time": 0.005,
                                                    "Actual Total Time": 0.005,
                                                    "Actual Rows": 0,
                                                    "Actual Loops": 518,
                                                    "Index Cond": "(i_item_sk = catalog_sales.cs_item_sk)",
                                                    "Rows Removed by Index Recheck": 0,
                                                    "Filter": "((i_current_price > '50'::numeric) AND (i_category = ANY ('{Children,Sports}'::bpchar[])))",
                                                    "Rows Removed by Filter": 1,
                                                    "Workers": []
                                                  }
                                                ]
                                              }
                                            ]
                                          },
                                          {
                                            "Node Type": "Index Scan",
                                            "Parent Relationship": "Inner",
                                            "Parallel Aware": false,
                                            "Async Capable": false,
                                            "Scan Direction": "Forward",
                                            "Index Name": "catalog_returns_pkey",
                                            "Relation Name": "catalog_returns",
                                            "Alias": "catalog_returns",
                                            "Startup Cost": 0.43,
                                            "Total Cost": 0.52,
                                            "Plan Rows": 1,
                                            "Plan Width": 20,
                                            "Actual Startup Time": 0.046,
                                            "Actual Total Time": 0.046,
                                            "Actual Rows": 0,
                                            "Actual Loops": 5,
                                            "Index Cond": "((cr_item_sk = catalog_sales.cs_item_sk) AND (cr_order_number = catalog_sales.cs_order_number))",
                                            "Rows Removed by Index Recheck": 0
                                          }
                                        ]
                                      },
                                      {
                                        "Node Type": "Index Scan",
                                        "Parent Relationship": "Inner",
                                        "Parallel Aware": false,
                                        "Async Capable": false,
                                        "Scan Direction": "Forward",
                                        "Index Name": "catalog_page_pkey",
                                        "Relation Name": "catalog_page",
                                        "Alias": "catalog_page",
                                        "Startup Cost": 0.29,
                                        "Total Cost": 0.3,
                                        "Plan Rows": 1,
                                        "Plan Width": 21,
                                        "Actual Startup Time": 0.053,
                                        "Actual Total Time": 0.053,
                                        "Actual Rows": 1,
                                        "Actual Loops": 5,
                                        "Index Cond": "(cp_catalog_page_sk = catalog_sales.cs_catalog_page_sk)",
                                        "Rows Removed by Index Recheck": 0
                                      }
                                    ]
                                  }
                                ]
                              }
                            ]
                          }
                        ]
                      },
                      {
                        "Node Type": "Subquery Scan",
                        "Parent Relationship": "Member",
                        "Parallel Aware": false,
                        "Async Capable": false,
                        "Alias": "wsr",
                        "Startup Cost": 11800.1,
                        "Total Cost": 11800.49,
                        "Plan Rows": 1,
                        "Plan Width": 160,
                        "Actual Startup Time": 24.178,
                        "Actual Total Time": 24.196,
                        "Actual Rows": 1,
                        "Actual Loops": 1,
                        "Plans": [
                          {
                            "Node Type": "Aggregate",
                            "Strategy": "Sorted",
                            "Partial Mode": "Simple",
                            "Parent Relationship": "Subquery",
                            "Parallel Aware": false,
                            "Async Capable": false,
                            "Startup Cost": 11800.1,
                            "Total Cost": 11800.47,
                            "Plan Rows": 1,
                            "Plan Width": 113,
                            "Actual Startup Time": 24.174,
                            "Actual Total Time": 24.192,
                            "Actual Rows": 1,
                            "Actual Loops": 1,
                            "Group Key": [
                              "web_site.web_site_id"
                            ],
                            "Plans": [
                              {
                                "Node Type": "Nested Loop",
                                "Parent Relationship": "Outer",
                                "Parallel Aware": false,
                                "Async Capable": false,
                                "Join Type": "Left",
                                "Startup Cost": 11800.1,
                                "Total Cost": 11800.44,
                                "Plan Rows": 1,
                                "Plan Width": 41,
                                "Actual Startup Time": 24.163,
                                "Actual Total Time": 24.182,
                                "Actual Rows": 1,
                                "Actual Loops": 1,
                                "Inner Unique": true,
                                "Plans": [
                                  {
                                    "Node Type": "Gather Merge",
                                    "Parent Relationship": "Outer",
                                    "Parallel Aware": false,
                                    "Async Capable": false,
                                    "Startup Cost": 11799.67,
                                    "Total Cost": 11799.79,
                                    "Plan Rows": 1,
                                    "Plan Width": 37,
                                    "Actual Startup Time": 24.114,
                                    "Actual Total Time": 24.132,
                                    "Actual Rows": 1,
                                    "Actual Loops": 1,
                                    "Workers Planned": 1,
                                    "Workers Launched": 1,
                                    "Plans": [
                                      {
                                        "Node Type": "Sort",
                                        "Parent Relationship": "Outer",
                                        "Parallel Aware": false,
                                        "Async Capable": false,
                                        "Startup Cost": 10799.66,
                                        "Total Cost": 10799.67,
                                        "Plan Rows": 1,
                                        "Plan Width": 37,
                                        "Actual Startup Time": 13.107,
                                        "Actual Total Time": 13.109,
                                        "Actual Rows": 0,
                                        "Actual Loops": 2,
                                        "Sort Key": [
                                          "web_site.web_site_id"
                                        ],
                                        "Sort Method": "quicksort",
                                        "Sort Space Used": 25,
                                        "Sort Space Type": "Memory",
                                        "Workers": [
                                          {
                                            "Worker Number": 0,
                                            "Sort Method": "quicksort",
                                            "Sort Space Used": 25,
                                            "Sort Space Type": "Memory"
                                          }
                                        ],
                                        "Plans": [
                                          {
                                            "Node Type": "Nested Loop",
                                            "Parent Relationship": "Outer",
                                            "Parallel Aware": false,
                                            "Async Capable": false,
                                            "Join Type": "Inner",
                                            "Startup Cost": 25.29,
                                            "Total Cost": 10799.65,
                                            "Plan Rows": 1,
                                            "Plan Width": 37,
                                            "Actual Startup Time": 8.745,
                                            "Actual Total Time": 13.087,
                                            "Actual Rows": 0,
                                            "Actual Loops": 2,
                                            "Inner Unique": true,
                                            "Workers": [],
                                            "Plans": [
                                              {
                                                "Node Type": "Nested Loop",
                                                "Parent Relationship": "Outer",
                                                "Parallel Aware": false,
                                                "Async Capable": false,
                                                "Join Type": "Inner",
                                                "Startup Cost": 25.15,
                                                "Total Cost": 10799.49,
                                                "Plan Rows": 1,
                                                "Plan Width": 24,
                                                "Actual Startup Time": 8.742,
                                                "Actual Total Time": 13.083,
                                                "Actual Rows": 0,
                                                "Actual Loops": 2,
                                                "Inner Unique": true,
                                                "Workers": [],
                                                "Plans": [
                                                  {
                                                    "Node Type": "Hash Join",
                                                    "Parent Relationship": "Outer",
                                                    "Parallel Aware": false,
                                                    "Async Capable": false,
                                                    "Join Type": "Inner",
                                                    "Startup Cost": 24.86,
                                                    "Total Cost": 10798.03,
                                                    "Plan Rows": 4,
                                                    "Plan Width": 24,
                                                    "Actual Startup Time": 2.142,
                                                    "Actual Total Time": 12.763,
                                                    "Actual Rows": 58,
                                                    "Actual Loops": 2,
                                                    "Inner Unique": true,
                                                    "Hash Cond": "(web_sales.ws_promo_sk = promotion_2.p_promo_sk)",
                                                    "Workers": [],
                                                    "Plans": [
                                                      {
                                                        "Node Type": "Nested Loop",
                                                        "Parent Relationship": "Outer",
                                                        "Parallel Aware": false,
                                                        "Async Capable": false,
                                                        "Join Type": "Inner",
                                                        "Startup Cost": 0.43,
                                                        "Total Cost": 10773.22,
                                                        "Plan Rows": 146,
                                                        "Plan Width": 28,
                                                        "Actual Startup Time": 2.025,
                                                        "Actual Total Time": 12.5,
                                                        "Actual Rows": 2509,
                                                        "Actual Loops": 2,
                                                        "Inner Unique": false,
                                                        "Workers": [],
                                                        "Plans": [
                                                          {
                                                            "Node Type": "Seq Scan",
                                                            "Parent Relationship": "Outer",
                                                            "Parallel Aware": true,
                                                            "Async Capable": false,
                                                            "Relation Name": "date_dim",
                                                            "Alias": "date_dim_2",
                                                            "Startup Cost": 0.0,
                                                            "Total Cost": 2049.55,
                                                            "Plan Rows": 18,
                                                            "Plan Width": 4,
                                                            "Actual Startup Time": 1.944,
                                                            "Actual Total Time": 1.956,
                                                            "Actual Rows": 16,
                                                            "Actual Loops": 2,
                                                            "Filter": "((d_date >= '1998-08-29'::date) AND (d_date <= '1998-09-28 00:00:00'::timestamp without time zone))",
                                                            "Rows Removed by Filter": 36509,
                                                            "Workers": []
                                                          },
                                                          {
                                                            "Node Type": "Index Scan",
                                                            "Parent Relationship": "Inner",
                                                            "Parallel Aware": false,
                                                            "Async Capable": false,
                                                            "Scan Direction": "Forward",
                                                            "Index Name": "_dta_index_web_sales_6_1269579561__k1_8_24",
                                                            "Relation Name": "web_sales",
                                                            "Alias": "web_sales",
                                                            "Startup Cost": 0.43,
                                                            "Total Cost": 481.9,
                                                            "Plan Rows": 275,
                                                            "Plan Width": 32,
                                                            "Actual Startup Time": 0.02,
                                                            "Actual Total Time": 0.658,
                                                            "Actual Rows": 162,
                                                            "Actual Loops": 31,
                                                            "Index Cond": "(ws_sold_date_sk = date_dim_2.d_date_sk)",
                                                            "Rows Removed by Index Recheck": 0,
                                                            "Filter": "((ws_wholesale_cost >= '23'::numeric) AND (ws_wholesale_cost <= '38'::numeric))",
                                                            "Rows Removed by Filter": 1877,
                                                            "Workers": []
                                                          }
                                                        ]
                                                      },
                                                      {
                                                        "Node Type": "Hash",
                                                        "Parent Relationship": "Inner",
                                                        "Parallel Aware": false,
                                                        "Async Capable": false,
                                                        "Startup Cost": 24.25,
                                                        "Total Cost": 24.25,
                                                        "Plan Rows": 14,
                                                        "Plan Width": 4,
                                                        "Actual Startup Time": 0.065,
                                                        "Actual Total Time": 0.066,
                                                        "Actual Rows": 11,
                                                        "Actual Loops": 1,
                                                        "Hash Buckets": 1024,
                                                        "Original Hash Buckets": 1024,
                                                        "Hash Batches": 1,
                                                        "Original Hash Batches": 1,
                                                        "Peak Memory Usage": 9,
                                                        "Workers": [],
                                                        "Plans": [
                                                          {
                                                            "Node Type": "Seq Scan",
                                                            "Parent Relationship": "Outer",
                                                            "Parallel Aware": false,
                                                            "Async Capable": false,
                                                            "Relation Name": "promotion",
                                                            "Alias": "promotion_2",
                                                            "Startup Cost": 0.0,
                                                            "Total Cost": 24.25,
                                                            "Plan Rows": 14,
                                                            "Plan Width": 4,
                                                            "Actual Startup Time": 0.015,
                                                            "Actual Total Time": 0.063,
                                                            "Actual Rows": 11,
                                                            "Actual Loops": 1,
                                                            "Filter": "((p_channel_email = 'N'::bpchar) AND (p_channel_tv = 'N'::bpchar) AND (p_channel_radio = 'N'::bpchar) AND (p_channel_press = 'N'::bpchar) AND (p_channel_event = 'N'::bpchar))",
                                                            "Rows Removed by Filter": 489,
                                                            "Workers": []
                                                          }
                                                        ]
                                                      }
                                                    ]
                                                  },
                                                  {
                                                    "Node Type": "Index Scan",
                                                    "Parent Relationship": "Inner",
                                                    "Parallel Aware": false,
                                                    "Async Capable": false,
                                                    "Scan Direction": "Forward",
                                                    "Index Name": "item_pkey",
                                                    "Relation Name": "item",
                                                    "Alias": "item_2",
                                                    "Startup Cost": 0.29,
                                                    "Total Cost": 0.36,
                                                    "Plan Rows": 1,
                                                    "Plan Width": 4,
                                                    "Actual Startup Time": 0.005,
                                                    "Actual Total Time": 0.005,
                                                    "Actual Rows": 0,
                                                    "Actual Loops": 115,
                                                    "Index Cond": "(i_item_sk = web_sales.ws_item_sk)",
                                                    "Rows Removed by Index Recheck": 0,
                                                    "Filter": "((i_current_price > '50'::numeric) AND (i_category = ANY ('{Children,Sports}'::bpchar[])))",
                                                    "Rows Removed by Filter": 1,
                                                    "Workers": []
                                                  }
                                                ]
                                              },
                                              {
                                                "Node Type": "Index Scan",
                                                "Parent Relationship": "Inner",
                                                "Parallel Aware": false,
                                                "Async Capable": false,
                                                "Scan Direction": "Forward",
                                                "Index Name": "web_site_pkey",
                                                "Relation Name": "web_site",
                                                "Alias": "web_site",
                                                "Startup Cost": 0.14,
                                                "Total Cost": 0.16,
                                                "Plan Rows": 1,
                                                "Plan Width": 21,
                                                "Actual Startup Time": 0.005,
                                                "Actual Total Time": 0.005,
                                                "Actual Rows": 1,
                                                "Actual Loops": 1,
                                                "Index Cond": "(web_site_sk = web_sales.ws_web_site_sk)",
                                                "Rows Removed by Index Recheck": 0,
                                                "Workers": []
                                              }
                                            ]
                                          }
                                        ]
                                      }
                                    ]
                                  },
                                  {
                                    "Node Type": "Index Scan",
                                    "Parent Relationship": "Inner",
                                    "Parallel Aware": false,
                                    "Async Capable": false,
                                    "Scan Direction": "Forward",
                                    "Index Name": "web_returns_pkey",
                                    "Relation Name": "web_returns",
                                    "Alias": "web_returns",
                                    "Startup Cost": 0.43,
                                    "Total Cost": 0.66,
                                    "Plan Rows": 1,
                                    "Plan Width": 20,
                                    "Actual Startup Time": 0.046,
                                    "Actual Total Time": 0.046,
                                    "Actual Rows": 0,
                                    "Actual Loops": 1,
                                    "Index Cond": "((wr_item_sk = web_sales.ws_item_sk) AND (wr_order_number = web_sales.ws_order_number))",
                                    "Rows Removed by Index Recheck": 0
                                  }
                                ]
                              }
                            ]
                          }
                        ]
                      }
                    ]
                  }
                ]
              }
            ]
          }
        ]
      },
      "Planning Time": 4.984,
      "Triggers": [],
      "Execution Time": 129.585
    }
  ],
  "plan_text": "",
  "actual_rows": 0,
  "provenance": {
    "database": "postgres://jakc9:jakc9@127.0.0.1:5434/dsb_sf10",
    "scale_factor": 10,
    "engine": "postgresql",
    "engine_version": "14.3",
    "cached_at": "2026-02-09T21:06:49.375135"
  }
}