{
  "plan_json": [
    {
      "Plan": {
        "Node Type": "Limit",
        "Parallel Aware": false,
        "Async Capable": false,
        "Startup Cost": 405305.74,
        "Total Cost": 405305.74,
        "Plan Rows": 1,
        "Plan Width": 80,
        "Actual Startup Time": 1587.232,
        "Actual Total Time": 1587.422,
        "Actual Rows": 50,
        "Actual Loops": 1,
        "Plans": [
          {
            "Node Type": "Aggregate",
            "Strategy": "Sorted",
            "Partial Mode": "Simple",
            "Parent Relationship": "InitPlan",
            "Subplan Name": "CTE all_sales",
            "Parallel Aware": false,
            "Async Capable": false,
            "Startup Cost": 405305.45,
            "Total Cost": 405305.55,
            "Plan Rows": 3,
            "Plan Width": 60,
            "Actual Startup Time": 1409.746,
            "Actual Total Time": 1412.354,
            "Actual Rows": 4598,
            "Actual Loops": 1,
            "Group Key": [
              "date_dim.d_year",
              "item.i_brand_id",
              "item.i_class_id",
              "item.i_category_id",
              "item.i_manufact_id"
            ],
            "Plans": [
              {
                "Node Type": "Sort",
                "Parent Relationship": "Outer",
                "Parallel Aware": false,
                "Async Capable": false,
                "Startup Cost": 405305.45,
                "Total Cost": 405305.46,
                "Plan Rows": 3,
                "Plan Width": 56,
                "Actual Startup Time": 1409.735,
                "Actual Total Time": 1410.237,
                "Actual Rows": 9571,
                "Actual Loops": 1,
                "Sort Key": [
                  "date_dim.d_year",
                  "item.i_brand_id",
                  "item.i_class_id",
                  "item.i_category_id",
                  "item.i_manufact_id"
                ],
                "Sort Method": "quicksort",
                "Sort Space Used": 1132,
                "Sort Space Type": "Memory",
                "Plans": [
                  {
                    "Node Type": "Aggregate",
                    "Strategy": "Hashed",
                    "Partial Mode": "Simple",
                    "Parent Relationship": "Outer",
                    "Parallel Aware": false,
                    "Async Capable": false,
                    "Startup Cost": 405305.37,
                    "Total Cost": 405305.4,
                    "Plan Rows": 3,
                    "Plan Width": 56,
                    "Actual Startup Time": 1406.162,
                    "Actual Total Time": 1407.43,
                    "Actual Rows": 9571,
                    "Actual Loops": 1,
                    "Group Key": [
                      "date_dim.d_year",
                      "item.i_brand_id",
                      "item.i_class_id",
                      "item.i_category_id",
                      "item.i_manufact_id",
                      "((store_sales.ss_quantity - COALESCE(store_returns.sr_return_quantity, 0)))",
                      "((store_sales.ss_ext_sales_price - COALESCE(store_returns.sr_return_amt, 0.0)))"
                    ],
                    "Planned Partitions": 0,
                    "HashAgg Batches": 1,
                    "Peak Memory Usage": 1193,
                    "Disk Usage": 0,
                    "Plans": [
                      {
                        "Node Type": "Gather",
                        "Parent Relationship": "Outer",
                        "Parallel Aware": false,
                        "Async Capable": false,
                        "Startup Cost": 1001.03,
                        "Total Cost": 405305.31,
                        "Plan Rows": 3,
                        "Plan Width": 56,
                        "Actual Startup Time": 5.599,
                        "Actual Total Time": 1399.143,
                        "Actual Rows": 9798,
                        "Actual Loops": 1,
                        "Workers Planned": 2,
                        "Workers Launched": 2,
                        "Single Copy": false,
                        "Plans": [
                          {
                            "Node Type": "Append",
                            "Parent Relationship": "Outer",
                            "Parallel Aware": true,
                            "Async Capable": false,
                            "Startup Cost": 1.03,
                            "Total Cost": 404305.01,
                            "Plan Rows": 3,
                            "Plan Width": 56,
                            "Actual Startup Time": 10.727,
                            "Actual Total Time": 1396.704,
                            "Actual Rows": 3266,
                            "Actual Loops": 3,
                            "Workers": [],
                            "Subplans Removed": 0,
                            "Plans": [
                              {
                                "Node Type": "Nested Loop",
                                "Parent Relationship": "Member",
                                "Parallel Aware": false,
                                "Async Capable": false,
                                "Join Type": "Inner",
                                "Startup Cost": 7545.95,
                                "Total Cost": 256037.14,
                                "Plan Rows": 1,
                                "Plan Width": 56,
                                "Actual Startup Time": 8.723,
                                "Actual Total Time": 832.73,
                                "Actual Rows": 1856,
                                "Actual Loops": 3,
                                "Inner Unique": true,
                                "Workers": [],
                                "Plans": [
                                  {
                                    "Node Type": "Nested Loop",
                                    "Parent Relationship": "Outer",
                                    "Parallel Aware": false,
                                    "Async Capable": false,
                                    "Join Type": "Inner",
                                    "Startup Cost": 7545.66,
                                    "Total Cost": 256036.11,
                                    "Plan Rows": 1,
                                    "Plan Width": 40,
                                    "Actual Startup Time": 8.709,
                                    "Actual Total Time": 828.448,
                                    "Actual Rows": 1883,
                                    "Actual Loops": 3,
                                    "Inner Unique": true,
                                    "Join Filter": "(item.i_item_sk = store_sales.ss_item_sk)",
                                    "Rows Removed by Join Filter": 0,
                                    "Workers": [],
                                    "Plans": [
                                      {
                                        "Node Type": "Hash Join",
                                        "Parent Relationship": "Outer",
                                        "Parallel Aware": true,
                                        "Async Capable": false,
                                        "Join Type": "Inner",
                                        "Startup Cost": 7545.23,
                                        "Total Cost": 175770.46,
                                        "Plan Rows": 17971,
                                        "Plan Width": 38,
                                        "Actual Startup Time": 8.371,
                                        "Actual Total Time": 644.731,
                                        "Actual Rows": 13646,
                                        "Actual Loops": 3,
                                        "Inner Unique": true,
                                        "Hash Cond": "(store_returns.sr_item_sk = item.i_item_sk)",
                                        "Workers": [],
                                        "Plans": [
                                          {
                                            "Node Type": "Seq Scan",
                                            "Parent Relationship": "Outer",
                                            "Parallel Aware": true,
                                            "Async Capable": false,
                                            "Relation Name": "store_returns",
                                            "Alias": "store_returns",
                                            "Startup Cost": 0.0,
                                            "Total Cost": 167655.25,
                                            "Plan Rows": 217130,
                                            "Plan Width": 18,
                                            "Actual Startup Time": 0.039,
                                            "Actual Total Time": 605.633,
                                            "Actual Rows": 172653,
                                            "Actual Loops": 3,
                                            "Filter": "(sr_reason_sk = ANY ('{7,25,26,52,69}'::integer[]))",
                                            "Rows Removed by Filter": 2226745,
                                            "Workers": []
                                          },
                                          {
                                            "Node Type": "Hash",
                                            "Parent Relationship": "Inner",
                                            "Parallel Aware": true,
                                            "Async Capable": false,
                                            "Startup Cost": 7501.25,
                                            "Total Cost": 7501.25,
                                            "Plan Rows": 3518,
                                            "Plan Width": 20,
                                            "Actual Startup Time": 8.132,
                                            "Actual Total Time": 8.133,
                                            "Actual Rows": 2879,
                                            "Actual Loops": 3,
                                            "Hash Buckets": 16384,
                                            "Original Hash Buckets": 16384,
                                            "Hash Batches": 1,
                                            "Original Hash Batches": 1,
                                            "Peak Memory Usage": 608,
                                            "Workers": [],
                                            "Plans": [
                                              {
                                                "Node Type": "Seq Scan",
                                                "Parent Relationship": "Outer",
                                                "Parallel Aware": true,
                                                "Async Capable": false,
                                                "Relation Name": "item",
                                                "Alias": "item",
                                                "Startup Cost": 0.0,
                                                "Total Cost": 7501.25,
                                                "Plan Rows": 3518,
                                                "Plan Width": 20,
                                                "Actual Startup Time": 0.013,
                                                "Actual Total Time": 23.007,
                                                "Actual Rows": 8638,
                                                "Actual Loops": 1,
                                                "Filter": "(i_category = 'Home'::bpchar)",
                                                "Rows Removed by Filter": 93362,
                                                "Workers": []
                                              }
                                            ]
                                          }
                                        ]
                                      },
                                      {
                                        "Node Type": "Index Scan",
                                        "Parent Relationship": "Inner",
                                        "Parallel Aware": false,
                                        "Async Capable": false,
                                        "Scan Direction": "Forward",
                                        "Index Name": "_dta_index_store_sales_6_1333579789__k10_k3",
                                        "Relation Name": "store_sales",
                                        "Alias": "store_sales",
                                        "Startup Cost": 0.44,
                                        "Total Cost": 4.45,
                                        "Plan Rows": 1,
                                        "Plan Width": 22,
                                        "Actual Startup Time": 0.013,
                                        "Actual Total Time": 0.013,
                                        "Actual Rows": 0,
                                        "Actual Loops": 40938,
                                        "Index Cond": "((ss_ticket_number = store_returns.sr_ticket_number) AND (ss_item_sk = store_returns.sr_item_sk))",
                                        "Rows Removed by Index Recheck": 0,
                                        "Filter": "(((ss_sales_price / ss_list_price) >= 0.34) AND ((ss_sales_price / ss_list_price) <= 0.54))",
                                        "Rows Removed by Filter": 1,
                                        "Workers": []
                                      }
                                    ]
                                  },
                                  {
                                    "Node Type": "Index Only Scan",
                                    "Parent Relationship": "Inner",
                                    "Parallel Aware": false,
                                    "Async Capable": false,
                                    "Scan Direction": "Forward",
                                    "Index Name": "_dta_index_date_dim_6_661577395__k1_k7_k9",
                                    "Relation Name": "date_dim",
                                    "Alias": "date_dim",
                                    "Startup Cost": 0.29,
                                    "Total Cost": 1.02,
                                    "Plan Rows": 1,
                                    "Plan Width": 8,
                                    "Actual Startup Time": 0.001,
                                    "Actual Total Time": 0.001,
                                    "Actual Rows": 1,
                                    "Actual Loops": 5648,
                                    "Index Cond": "(d_date_sk = store_sales.ss_sold_date_sk)",
                                    "Rows Removed by Index Recheck": 0,
                                    "Heap Fetches": 0,
                                    "Workers": []
                                  }
                                ]
                              },
                              {
                                "Node Type": "Nested Loop",
                                "Parent Relationship": "Member",
                                "Parallel Aware": false,
                                "Async Capable": false,
                                "Join Type": "Inner",
                                "Startup Cost": 1.03,
                                "Total Cost": 89801.7,
                                "Plan Rows": 1,
                                "Plan Width": 56,
                                "Actual Startup Time": 0.912,
                                "Actual Total Time": 421.998,
                                "Actual Rows": 1592,
                                "Actual Loops": 2,
                                "Inner Unique": true,
                                "Workers": [],
                                "Plans": [
                                  {
                                    "Node Type": "Nested Loop",
                                    "Parent Relationship": "Outer",
                                    "Parallel Aware": false,
                                    "Async Capable": false,
                                    "Join Type": "Inner",
                                    "Startup Cost": 0.74,
                                    "Total Cost": 89801.37,
                                    "Plan Rows": 1,
                                    "Plan Width": 40,
                                    "Actual Startup Time": 0.878,
                                    "Actual Total Time": 418.543,
                                    "Actual Rows": 1595,
                                    "Actual Loops": 2,
                                    "Inner Unique": true,
                                    "Join Filter": "(item_1.i_item_sk = catalog_sales.cs_item_sk)",
                                    "Rows Removed by Join Filter": 0,
                                    "Workers": [],
                                    "Plans": [
                                      {
                                        "Node Type": "Nested Loop",
                                        "Parent Relationship": "Outer",
                                        "Parallel Aware": false,
                                        "Async Capable": false,
                                        "Join Type": "Inner",
                                        "Startup Cost": 0.3,
                                        "Total Cost": 64083.64,
                                        "Plan Rows": 5361,
                                        "Plan Width": 38,
                                        "Actual Startup Time": 0.172,
                                        "Actual Total Time": 260.415,
                                        "Actual Rows": 7997,
                                        "Actual Loops": 2,
                                        "Inner Unique": true,
                                        "Workers": [],
                                        "Plans": [
                                          {
                                            "Node Type": "Seq Scan",
                                            "Parent Relationship": "Outer",
                                            "Parallel Aware": true,
                                            "Async Capable": false,
                                            "Relation Name": "catalog_returns",
                                            "Alias": "catalog_returns",
                                            "Startup Cost": 0.0,
                                            "Total Cost": 57598.98,
                                            "Plan Rows": 64777,
                                            "Plan Width": 18,
                                            "Actual Startup Time": 0.022,
                                            "Actual Total Time": 143.34,
                                            "Actual Rows": 78913,
                                            "Actual Loops": 2,
                                            "Filter": "(cr_reason_sk = ANY ('{7,25,26,52,69}'::integer[]))",
                                            "Rows Removed by Filter": 1000217,
                                            "Workers": []
                                          },
                                          {
                                            "Node Type": "Memoize",
                                            "Parent Relationship": "Inner",
                                            "Parallel Aware": false,
                                            "Async Capable": false,
                                            "Startup Cost": 0.3,
                                            "Total Cost": 0.51,
                                            "Plan Rows": 1,
                                            "Plan Width": 20,
                                            "Actual Startup Time": 0.001,
                                            "Actual Total Time": 0.001,
                                            "Actual Rows": 0,
                                            "Actual Loops": 157826,
                                            "Cache Key": "catalog_returns.cr_item_sk",
                                            "Cache Mode": "logical",
                                            "Cache Hits": 38,
                                            "Cache Misses": 72,
                                            "Cache Evictions": 0,
                                            "Cache Overflows": 0,
                                            "Peak Memory Usage": 6,
                                            "Workers": [
                                              {
                                                "Worker Number": 0,
                                                "Cache Hits": 106341,
                                                "Cache Misses": 51375,
                                                "Cache Evictions": 0,
                                                "Cache Overflows": 0,
                                                "Peak Memory Usage": 3637
                                              }
                                            ],
                                            "Plans": [
                                              {
                                                "Node Type": "Index Scan",
                                                "Parent Relationship": "Outer",
                                                "Parallel Aware": false,
                                                "Async Capable": false,
                                                "Scan Direction": "Forward",
                                                "Index Name": "item_pkey",
                                                "Relation Name": "item",
                                                "Alias": "item_1",
                                                "Startup Cost": 0.29,
                                                "Total Cost": 0.5,
                                                "Plan Rows": 1,
                                                "Plan Width": 20,
                                                "Actual Startup Time": 0.003,
                                                "Actual Total Time": 0.003,
                                                "Actual Rows": 0,
                                                "Actual Loops": 51447,
                                                "Index Cond": "(i_item_sk = catalog_returns.cr_item_sk)",
                                                "Rows Removed by Index Recheck": 0,
                                                "Filter": "(i_category = 'Home'::bpchar)",
                                                "Rows Removed by Filter": 1,
                                                "Workers": []
                                              }
                                            ]
                                          }
                                        ]
                                      },
                                      {
                                        "Node Type": "Index Scan",
                                        "Parent Relationship": "Inner",
                                        "Parallel Aware": false,
                                        "Async Capable": false,
                                        "Scan Direction": "Forward",
                                        "Index Name": "catalog_sales_pkey",
                                        "Relation Name": "catalog_sales",
                                        "Alias": "catalog_sales",
                                        "Startup Cost": 0.43,
                                        "Total Cost": 4.78,
                                        "Plan Rows": 1,
                                        "Plan Width": 22,
                                        "Actual Startup Time": 0.019,
                                        "Actual Total Time": 0.019,
                                        "Actual Rows": 0,
                                        "Actual Loops": 15994,
                                        "Index Cond": "((cs_item_sk = catalog_returns.cr_item_sk) AND (cs_order_number = catalog_returns.cr_order_number))",
                                        "Rows Removed by Index Recheck": 0,
                                        "Filter": "(((cs_sales_price / cs_list_price) >= 0.34) AND ((cs_sales_price / cs_list_price) <= 0.54))",
                                        "Rows Removed by Filter": 1,
                                        "Workers": []
                                      }
                                    ]
                                  },
                                  {
                                    "Node Type": "Index Only Scan",
                                    "Parent Relationship": "Inner",
                                    "Parallel Aware": false,
                                    "Async Capable": false,
                                    "Scan Direction": "Forward",
                                    "Index Name": "_dta_index_date_dim_6_661577395__k1_k7_k9",
                                    "Relation Name": "date_dim",
                                    "Alias": "date_dim_1",
                                    "Startup Cost": 0.29,
                                    "Total Cost": 0.33,
                                    "Plan Rows": 1,
                                    "Plan Width": 8,
                                    "Actual Startup Time": 0.001,
                                    "Actual Total Time": 0.001,
                                    "Actual Rows": 1,
                                    "Actual Loops": 3190,
                                    "Index Cond": "(d_date_sk = catalog_sales.cs_sold_date_sk)",
                                    "Rows Removed by Index Recheck": 0,
                                    "Heap Fetches": 0,
                                    "Workers": []
                                  }
                                ]
                              },
                              {
                                "Node Type": "Nested Loop",
                                "Parent Relationship": "Member",
                                "Parallel Aware": false,
                                "Async Capable": false,
                                "Join Type": "Inner",
                                "Startup Cost": 1.03,
                                "Total Cost": 58466.13,
                                "Plan Rows": 1,
                                "Plan Width": 56,
                                "Actual Startup Time": 5.158,
                                "Actual Total Time": 846.098,
                                "Actual Rows": 1044,
                                "Actual Loops": 1,
                                "Inner Unique": true,
                                "Workers": [],
                                "Plans": [
                                  {
                                    "Node Type": "Nested Loop",
                                    "Parent Relationship": "Outer",
                                    "Parallel Aware": false,
                                    "Async Capable": false,
                                    "Join Type": "Inner",
                                    "Startup Cost": 0.73,
                                    "Total Cost": 58465.79,
                                    "Plan Rows": 1,
                                    "Plan Width": 40,
                                    "Actual Startup Time": 5.14,
                                    "Actual Total Time": 842.667,
                                    "Actual Rows": 1044,
                                    "Actual Loops": 1,
                                    "Inner Unique": true,
                                    "Join Filter": "(item_2.i_item_sk = web_sales.ws_item_sk)",
                                    "Rows Removed by Join Filter": 0,
                                    "Workers": [],
                                    "Plans": [
                                      {
                                        "Node Type": "Nested Loop",
                                        "Parent Relationship": "Outer",
                                        "Parallel Aware": false,
                                        "Async Capable": false,
                                        "Join Type": "Inner",
                                        "Startup Cost": 0.3,
                                        "Total Cost": 42959.84,
                                        "Plan Rows": 3543,
                                        "Plan Width": 38,
                                        "Actual Startup Time": 0.494,
                                        "Actual Total Time": 359.826,
                                        "Actual Rows": 6074,
                                        "Actual Loops": 1,
                                        "Inner Unique": true,
                                        "Workers": [],
                                        "Plans": [
                                          {
                                            "Node Type": "Seq Scan",
                                            "Parent Relationship": "Outer",
                                            "Parallel Aware": true,
                                            "Async Capable": false,
                                            "Relation Name": "web_returns",
                                            "Alias": "web_returns",
                                            "Startup Cost": 0.0,
                                            "Total Cost": 36269.4,
                                            "Plan Rows": 42810,
                                            "Plan Width": 18,
                                            "Actual Startup Time": 0.011,
                                            "Actual Total Time": 203.229,
                                            "Actual Rows": 101985,
                                            "Actual Loops": 1,
                                            "Filter": "(wr_reason_sk = ANY ('{7,25,26,52,69}'::integer[]))",
                                            "Rows Removed by Filter": 1338369,
                                            "Workers": []
                                          },
                                          {
                                            "Node Type": "Memoize",
                                            "Parent Relationship": "Inner",
                                            "Parallel Aware": false,
                                            "Async Capable": false,
                                            "Startup Cost": 0.3,
                                            "Total Cost": 0.6,
                                            "Plan Rows": 1,
                                            "Plan Width": 20,
                                            "Actual Startup Time": 0.001,
                                            "Actual Total Time": 0.001,
                                            "Actual Rows": 0,
                                            "Actual Loops": 101985,
                                            "Cache Key": "web_returns.wr_item_sk",
                                            "Cache Mode": "logical",
                                            "Cache Hits": 63643,
                                            "Cache Misses": 38342,
                                            "Cache Evictions": 0,
                                            "Cache Overflows": 0,
                                            "Peak Memory Usage": 2711,
                                            "Workers": [],
                                            "Plans": [
                                              {
                                                "Node Type": "Index Scan",
                                                "Parent Relationship": "Outer",
                                                "Parallel Aware": false,
                                                "Async Capable": false,
                                                "Scan Direction": "Forward",
                                                "Index Name": "item_pkey",
                                                "Relation Name": "item",
                                                "Alias": "item_2",
                                                "Startup Cost": 0.29,
                                                "Total Cost": 0.59,
                                                "Plan Rows": 1,
                                                "Plan Width": 20,
                                                "Actual Startup Time": 0.003,
                                                "Actual Total Time": 0.003,
                                                "Actual Rows": 0,
                                                "Actual Loops": 38342,
                                                "Index Cond": "(i_item_sk = web_returns.wr_item_sk)",
                                                "Rows Removed by Index Recheck": 0,
                                                "Filter": "(i_category = 'Home'::bpchar)",
                                                "Rows Removed by Filter": 1,
                                                "Workers": []
                                              }
                                            ]
                                          }
                                        ]
                                      },
                                      {
                                        "Node Type": "Index Scan",
                                        "Parent Relationship": "Inner",
                                        "Parallel Aware": false,
                                        "Async Capable": false,
                                        "Scan Direction": "Forward",
                                        "Index Name": "web_sales_pkey",
                                        "Relation Name": "web_sales",
                                        "Alias": "web_sales",
                                        "Startup Cost": 0.43,
                                        "Total Cost": 4.36,
                                        "Plan Rows": 1,
                                        "Plan Width": 22,
                                        "Actual Startup Time": 0.079,
                                        "Actual Total Time": 0.079,
                                        "Actual Rows": 0,
                                        "Actual Loops": 6074,
                                        "Index Cond": "((ws_item_sk = web_returns.wr_item_sk) AND (ws_order_number = web_returns.wr_order_number))",
                                        "Rows Removed by Index Recheck": 0,
                                        "Filter": "(((ws_sales_price / ws_list_price) >= 0.34) AND ((ws_sales_price / ws_list_price) <= 0.54))",
                                        "Rows Removed by Filter": 1,
                                        "Workers": []
                                      }
                                    ]
                                  },
                                  {
                                    "Node Type": "Index Only Scan",
                                    "Parent Relationship": "Inner",
                                    "Parallel Aware": false,
                                    "Async Capable": false,
                                    "Scan Direction": "Forward",
                                    "Index Name": "_dta_index_date_dim_6_661577395__k1_k7_k9",
                                    "Relation Name": "date_dim",
                                    "Alias": "date_dim_2",
                                    "Startup Cost": 0.29,
                                    "Total Cost": 0.34,
                                    "Plan Rows": 1,
                                    "Plan Width": 8,
                                    "Actual Startup Time": 0.002,
                                    "Actual Total Time": 0.002,
                                    "Actual Rows": 1,
                                    "Actual Loops": 1044,
                                    "Index Cond": "(d_date_sk = web_sales.ws_sold_date_sk)",
                                    "Rows Removed by Index Recheck": 0,
                                    "Heap Fetches": 0,
                                    "Workers": []
                                  }
                                ]
                              }
                            ]
                          }
                        ]
                      }
                    ]
                  }
                ]
              }
            ]
          },
          {
            "Node Type": "Sort",
            "Parent Relationship": "Outer",
            "Parallel Aware": false,
            "Async Capable": false,
            "Startup Cost": 0.19,
            "Total Cost": 0.2,
            "Plan Rows": 1,
            "Plan Width": 80,
            "Actual Startup Time": 1587.23,
            "Actual Total Time": 1587.233,
            "Actual Rows": 50,
            "Actual Loops": 1,
            "Sort Key": [
              "((curr_yr.sales_cnt - prev_yr.sales_cnt))",
              "((curr_yr.sales_amt - prev_yr.sales_amt))"
            ],
            "Sort Method": "quicksort",
            "Sort Space Used": 32,
            "Sort Space Type": "Memory",
            "Plans": [
              {
                "Node Type": "Nested Loop",
                "Parent Relationship": "Outer",
                "Parallel Aware": false,
                "Async Capable": false,
                "Join Type": "Inner",
                "Startup Cost": 0.0,
                "Total Cost": 0.18,
                "Plan Rows": 1,
                "Plan Width": 80,
                "Actual Startup Time": 1414.192,
                "Actual Total Time": 1587.161,
                "Actual Rows": 50,
                "Actual Loops": 1,
                "Inner Unique": false,
                "Join Filter": "((curr_yr.i_brand_id = prev_yr.i_brand_id) AND (curr_yr.i_class_id = prev_yr.i_class_id) AND (curr_yr.i_category_id = prev_yr.i_category_id) AND (curr_yr.i_manufact_id = prev_yr.i_manufact_id) AND (((curr_yr.sales_cnt)::numeric(17,2) / (prev_yr.sales_cnt)::numeric(17,2)) < 0.9))",
                "Rows Removed by Join Filter": 504340,
                "Plans": [
                  {
                    "Node Type": "CTE Scan",
                    "Parent Relationship": "Outer",
                    "Parallel Aware": false,
                    "Async Capable": false,
                    "CTE Name": "all_sales",
                    "Alias": "curr_yr",
                    "Startup Cost": 0.0,
                    "Total Cost": 0.07,
                    "Plan Rows": 1,
                    "Plan Width": 60,
                    "Actual Startup Time": 1410.212,
                    "Actual Total Time": 1410.382,
                    "Actual Rows": 731,
                    "Actual Loops": 1,
                    "Filter": "(d_year = 1999)",
                    "Rows Removed by Filter": 3867
                  },
                  {
                    "Node Type": "CTE Scan",
                    "Parent Relationship": "Inner",
                    "Parallel Aware": false,
                    "Async Capable": false,
                    "CTE Name": "all_sales",
                    "Alias": "prev_yr",
                    "Startup Cost": 0.0,
                    "Total Cost": 0.08,
                    "Plan Rows": 1,
                    "Plan Width": 60,
                    "Actual Startup Time": 0.0,
                    "Actual Total Time": 0.22,
                    "Actual Rows": 690,
                    "Actual Loops": 731,
                    "Filter": "((sales_cnt > 0) AND (d_year = 1998))",
                    "Rows Removed by Filter": 3908
                  }
                ]
              }
            ]
          }
        ]
      },
      "Planning Time": 3.326,
      "Triggers": [],
      "Execution Time": 1587.688
    }
  ],
  "plan_text": "",
  "actual_rows": 0,
  "provenance": {
    "database": "postgres://jakc9:jakc9@127.0.0.1:5434/dsb_sf10",
    "scale_factor": 10,
    "engine": "postgresql",
    "engine_version": "14.3",
    "cached_at": "2026-02-09T21:06:47.451254"
  }
}