{
  "execution_time_ms": 66953.59,
  "plan_text": "Limit  (cost=66953.58..66953.59 rows=1 width=32)\n  ->  Sort  (cost=66953.58..66953.59 rows=1 width=32)\n        Sort Key: (sum(catalog_sales.cs_ext_discount_amt))\n        ->  Aggregate  (cost=66953.56..66953.57 rows=1 width=32)\n              ->  Hash Join  (cost=10526.41..66948.83 rows=1892 width=6)\n                    Hash Cond: (catalog_sales.cs_item_sk = item.i_item_sk)\n                    Join Filter: (catalog_sales.cs_ext_discount_amt > (SubPlan 1))\n                    ->  Gather  (cost=1000.43..57373.95 rows=18632 width=10)\n                          Workers Planned: 1\n                          ->  Nested Loop  (cost=0.43..54510.75 rows=10960 width=10)\n                                ->  Parallel Seq Scan on date_dim  (cost=0.00..2049.55 rows=56 width=4)\n                                      Filter: ((d_date >= '1998-01-06'::date) AND (d_date <= '1998-04-06 00:00:00'::timestamp without time zone))\n                                ->  Index Scan using _dta_index_catalog_sales_6_1301579675__k1_4 on catalog_sales  (cost=0.43..869.49 rows=6732 width=14)\n                                      Index Cond: (cs_sold_date_sk = date_dim.d_date_sk)\n                    ->  Hash  (cost=9137.50..9137.50 rows=31078 width=4)\n                          ->  Seq Scan on item  (cost=0.00..9137.50 rows=31078 width=4)\n                                Filter: ((i_manufact_id = ANY ('{47,226,612,676,818}'::integer[])) OR ((i_manager_id >= 71) AND (i_manager_id <= 100)))\n                    SubPlan 1\n                      ->  Aggregate  (cost=2403.86..2403.87 rows=1 width=32)\n                            ->  Nested Loop  (cost=13.30..2403.86 rows=1 width=6)\n                                  ->  Bitmap Heap Scan on catalog_sales catalog_sales_1  (cost=13.01..2395.37 rows=1 width=10)\n                                        Recheck Cond: (cs_item_sk = item.i_item_sk)\n                                        Filter: ((cs_list_price >= '108'::numeric) AND (cs_list_price <= '137'::numeric) AND ((cs_sales_price / cs_list_price) >= 0.23) AND ((cs_sales_price / cs_list_price) <= 0.43))\n                                        ->  Bitmap Index Scan on catalog_sales_pkey  (cost=0.00..13.01 rows=610 width=0)\n                                              Index Cond: (cs_item_sk = item.i_item_sk)\n                                  ->  Index Scan using _dta_index_date_dim_6_661577395__k1_k7_k9 on date_dim date_dim_1  (cost=0.29..8.32 rows=1 width=4)\n                                        Index Cond: (d_date_sk = catalog_sales_1.cs_sold_date_sk)\n                                        Filter: ((d_date >= '1998-01-06'::date) AND (d_date <= '1998-04-06 00:00:00'::timestamp without time zone))",
  "plan_json": {
    "Node Type": "Limit",
    "Parallel Aware": false,
    "Async Capable": false,
    "Startup Cost": 66953.58,
    "Total Cost": 66953.59,
    "Plan Rows": 1,
    "Plan Width": 32,
    "Plans": [
      {
        "Node Type": "Sort",
        "Parent Relationship": "Outer",
        "Parallel Aware": false,
        "Async Capable": false,
        "Startup Cost": 66953.58,
        "Total Cost": 66953.59,
        "Plan Rows": 1,
        "Plan Width": 32,
        "Sort Key": [
          "(sum(catalog_sales.cs_ext_discount_amt))"
        ],
        "Plans": [
          {
            "Node Type": "Aggregate",
            "Strategy": "Plain",
            "Partial Mode": "Simple",
            "Parent Relationship": "Outer",
            "Parallel Aware": false,
            "Async Capable": false,
            "Startup Cost": 66953.56,
            "Total Cost": 66953.57,
            "Plan Rows": 1,
            "Plan Width": 32,
            "Plans": [
              {
                "Node Type": "Hash Join",
                "Parent Relationship": "Outer",
                "Parallel Aware": false,
                "Async Capable": false,
                "Join Type": "Inner",
                "Startup Cost": 10526.41,
                "Total Cost": 66948.83,
                "Plan Rows": 1892,
                "Plan Width": 6,
                "Inner Unique": true,
                "Hash Cond": "(catalog_sales.cs_item_sk = item.i_item_sk)",
                "Join Filter": "(catalog_sales.cs_ext_discount_amt > (SubPlan 1))",
                "Plans": [
                  {
                    "Node Type": "Gather",
                    "Parent Relationship": "Outer",
                    "Parallel Aware": false,
                    "Async Capable": false,
                    "Startup Cost": 1000.43,
                    "Total Cost": 57373.95,
                    "Plan Rows": 18632,
                    "Plan Width": 10,
                    "Workers Planned": 1,
                    "Single Copy": false,
                    "Plans": [
                      {
                        "Node Type": "Nested Loop",
                        "Parent Relationship": "Outer",
                        "Parallel Aware": false,
                        "Async Capable": false,
                        "Join Type": "Inner",
                        "Startup Cost": 0.43,
                        "Total Cost": 54510.75,
                        "Plan Rows": 10960,
                        "Plan Width": 10,
                        "Inner Unique": false,
                        "Plans": [
                          {
                            "Node Type": "Seq Scan",
                            "Parent Relationship": "Outer",
                            "Parallel Aware": true,
                            "Async Capable": false,
                            "Relation Name": "date_dim",
                            "Alias": "date_dim",
                            "Startup Cost": 0.0,
                            "Total Cost": 2049.55,
                            "Plan Rows": 56,
                            "Plan Width": 4,
                            "Filter": "((d_date >= '1998-01-06'::date) AND (d_date <= '1998-04-06 00:00:00'::timestamp without time zone))"
                          },
                          {
                            "Node Type": "Index Scan",
                            "Parent Relationship": "Inner",
                            "Parallel Aware": false,
                            "Async Capable": false,
                            "Scan Direction": "Forward",
                            "Index Name": "_dta_index_catalog_sales_6_1301579675__k1_4",
                            "Relation Name": "catalog_sales",
                            "Alias": "catalog_sales",
                            "Startup Cost": 0.43,
                            "Total Cost": 869.49,
                            "Plan Rows": 6732,
                            "Plan Width": 14,
                            "Index Cond": "(cs_sold_date_sk = date_dim.d_date_sk)"
                          }
                        ]
                      }
                    ]
                  },
                  {
                    "Node Type": "Hash",
                    "Parent Relationship": "Inner",
                    "Parallel Aware": false,
                    "Async Capable": false,
                    "Startup Cost": 9137.5,
                    "Total Cost": 9137.5,
                    "Plan Rows": 31078,
                    "Plan Width": 4,
                    "Plans": [
                      {
                        "Node Type": "Seq Scan",
                        "Parent Relationship": "Outer",
                        "Parallel Aware": false,
                        "Async Capable": false,
                        "Relation Name": "item",
                        "Alias": "item",
                        "Startup Cost": 0.0,
                        "Total Cost": 9137.5,
                        "Plan Rows": 31078,
                        "Plan Width": 4,
                        "Filter": "((i_manufact_id = ANY ('{47,226,612,676,818}'::integer[])) OR ((i_manager_id >= 71) AND (i_manager_id <= 100)))"
                      }
                    ]
                  },
                  {
                    "Node Type": "Aggregate",
                    "Strategy": "Plain",
                    "Partial Mode": "Simple",
                    "Parent Relationship": "SubPlan",
                    "Subplan Name": "SubPlan 1",
                    "Parallel Aware": false,
                    "Async Capable": false,
                    "Startup Cost": 2403.86,
                    "Total Cost": 2403.87,
                    "Plan Rows": 1,
                    "Plan Width": 32,
                    "Plans": [
                      {
                        "Node Type": "Nested Loop",
                        "Parent Relationship": "Outer",
                        "Parallel Aware": false,
                        "Async Capable": false,
                        "Join Type": "Inner",
                        "Startup Cost": 13.3,
                        "Total Cost": 2403.86,
                        "Plan Rows": 1,
                        "Plan Width": 6,
                        "Inner Unique": true,
                        "Plans": [
                          {
                            "Node Type": "Bitmap Heap Scan",
                            "Parent Relationship": "Outer",
                            "Parallel Aware": false,
                            "Async Capable": false,
                            "Relation Name": "catalog_sales",
                            "Alias": "catalog_sales_1",
                            "Startup Cost": 13.01,
                            "Total Cost": 2395.37,
                            "Plan Rows": 1,
                            "Plan Width": 10,
                            "Recheck Cond": "(cs_item_sk = item.i_item_sk)",
                            "Filter": "((cs_list_price >= '108'::numeric) AND (cs_list_price <= '137'::numeric) AND ((cs_sales_price / cs_list_price) >= 0.23) AND ((cs_sales_price / cs_list_price) <= 0.43))",
                            "Plans": [
                              {
                                "Node Type": "Bitmap Index Scan",
                                "Parent Relationship": "Outer",
                                "Parallel Aware": false,
                                "Async Capable": false,
                                "Index Name": "catalog_sales_pkey",
                                "Startup Cost": 0.0,
                                "Total Cost": 13.01,
                                "Plan Rows": 610,
                                "Plan Width": 0,
                                "Index Cond": "(cs_item_sk = item.i_item_sk)"
                              }
                            ]
                          },
                          {
                            "Node Type": "Index Scan",
                            "Parent Relationship": "Inner",
                            "Parallel Aware": false,
                            "Async Capable": false,
                            "Scan Direction": "Forward",
                            "Index Name": "_dta_index_date_dim_6_661577395__k1_k7_k9",
                            "Relation Name": "date_dim",
                            "Alias": "date_dim_1",
                            "Startup Cost": 0.29,
                            "Total Cost": 8.32,
                            "Plan Rows": 1,
                            "Plan Width": 4,
                            "Index Cond": "(d_date_sk = catalog_sales_1.cs_sold_date_sk)",
                            "Filter": "((d_date >= '1998-01-06'::date) AND (d_date <= '1998-04-06 00:00:00'::timestamp without time zone))"
                          }
                        ]
                      }
                    ]
                  }
                ]
              }
            ]
          }
        ]
      }
    ]
  },
  "actual_rows": null,
  "note": "estimate-only (no ANALYZE) - query too slow for analyzed plan"
}