{
  "plan_json": [
    {
      "Plan": {
        "Node Type": "Limit",
        "Parallel Aware": false,
        "Async Capable": false,
        "Startup Cost": 753761.74,
        "Total Cost": 753761.78,
        "Plan Rows": 1,
        "Plan Width": 100,
        "Actual Startup Time": 1512.924,
        "Actual Total Time": 1513.049,
        "Actual Rows": 0,
        "Actual Loops": 1,
        "Plans": [
          {
            "Node Type": "Aggregate",
            "Strategy": "Sorted",
            "Partial Mode": "Simple",
            "Parent Relationship": "Outer",
            "Parallel Aware": false,
            "Async Capable": false,
            "Startup Cost": 753761.74,
            "Total Cost": 753761.78,
            "Plan Rows": 1,
            "Plan Width": 100,
            "Actual Startup Time": 1512.923,
            "Actual Total Time": 1513.047,
            "Actual Rows": 0,
            "Actual Loops": 1,
            "Group Key": [
              "customer_demographics.cd_gender",
              "customer_demographics.cd_marital_status",
              "customer_demographics.cd_education_status",
              "customer_demographics.cd_purchase_estimate",
              "customer_demographics.cd_credit_rating",
              "customer_demographics.cd_dep_count",
              "customer_demographics.cd_dep_employed_count",
              "customer_demographics.cd_dep_college_count"
            ],
            "Plans": [
              {
                "Node Type": "Sort",
                "Parent Relationship": "Outer",
                "Parallel Aware": false,
                "Async Capable": false,
                "Startup Cost": 753761.74,
                "Total Cost": 753761.75,
                "Plan Rows": 1,
                "Plan Width": 52,
                "Actual Startup Time": 1512.921,
                "Actual Total Time": 1513.045,
                "Actual Rows": 0,
                "Actual Loops": 1,
                "Sort Key": [
                  "customer_demographics.cd_marital_status",
                  "customer_demographics.cd_education_status",
                  "customer_demographics.cd_purchase_estimate",
                  "customer_demographics.cd_credit_rating",
                  "customer_demographics.cd_dep_count",
                  "customer_demographics.cd_dep_employed_count",
                  "customer_demographics.cd_dep_college_count"
                ],
                "Sort Method": "quicksort",
                "Sort Space Used": 25,
                "Sort Space Type": "Memory",
                "Plans": [
                  {
                    "Node Type": "Nested Loop",
                    "Parent Relationship": "Outer",
                    "Parallel Aware": false,
                    "Async Capable": false,
                    "Join Type": "Inner",
                    "Startup Cost": 56817.84,
                    "Total Cost": 753761.73,
                    "Plan Rows": 1,
                    "Plan Width": 52,
                    "Actual Startup Time": 1512.915,
                    "Actual Total Time": 1513.039,
                    "Actual Rows": 0,
                    "Actual Loops": 1,
                    "Inner Unique": true,
                    "Plans": [
                      {
                        "Node Type": "Nested Loop",
                        "Parent Relationship": "Outer",
                        "Parallel Aware": false,
                        "Async Capable": false,
                        "Join Type": "Inner",
                        "Startup Cost": 56817.41,
                        "Total Cost": 753759.4,
                        "Plan Rows": 1,
                        "Plan Width": 4,
                        "Actual Startup Time": 1512.915,
                        "Actual Total Time": 1513.037,
                        "Actual Rows": 0,
                        "Actual Loops": 1,
                        "Inner Unique": true,
                        "Plans": [
                          {
                            "Node Type": "Nested Loop",
                            "Parent Relationship": "Outer",
                            "Parallel Aware": false,
                            "Async Capable": false,
                            "Join Type": "Inner",
                            "Startup Cost": 56816.99,
                            "Total Cost": 753758.12,
                            "Plan Rows": 1,
                            "Plan Width": 8,
                            "Actual Startup Time": 1447.701,
                            "Actual Total Time": 1512.927,
                            "Actual Rows": 4,
                            "Actual Loops": 1,
                            "Inner Unique": true,
                            "Plans": [
                              {
                                "Node Type": "Aggregate",
                                "Strategy": "Hashed",
                                "Partial Mode": "Simple",
                                "Parent Relationship": "Outer",
                                "Parallel Aware": false,
                                "Async Capable": false,
                                "Startup Cost": 56816.57,
                                "Total Cost": 56816.63,
                                "Plan Rows": 6,
                                "Plan Width": 4,
                                "Actual Startup Time": 1114.778,
                                "Actual Total Time": 1115.525,
                                "Actual Rows": 1690,
                                "Actual Loops": 1,
                                "Group Key": [
                                  "store_sales.ss_customer_sk"
                                ],
                                "Planned Partitions": 0,
                                "HashAgg Batches": 1,
                                "Peak Memory Usage": 265,
                                "Disk Usage": 0,
                                "Plans": [
                                  {
                                    "Node Type": "Gather",
                                    "Parent Relationship": "Outer",
                                    "Parallel Aware": false,
                                    "Async Capable": false,
                                    "Startup Cost": 1001.15,
                                    "Total Cost": 56816.55,
                                    "Plan Rows": 6,
                                    "Plan Width": 4,
                                    "Actual Startup Time": 1.876,
                                    "Actual Total Time": 1112.352,
                                    "Actual Rows": 1737,
                                    "Actual Loops": 1,
                                    "Workers Planned": 2,
                                    "Workers Launched": 2,
                                    "Single Copy": false,
                                    "Plans": [
                                      {
                                        "Node Type": "Nested Loop",
                                        "Parent Relationship": "Outer",
                                        "Parallel Aware": false,
                                        "Async Capable": false,
                                        "Join Type": "Inner",
                                        "Startup Cost": 1.15,
                                        "Total Cost": 55815.95,
                                        "Plan Rows": 2,
                                        "Plan Width": 4,
                                        "Actual Startup Time": 1.357,
                                        "Actual Total Time": 365.409,
                                        "Actual Rows": 579,
                                        "Actual Loops": 3,
                                        "Inner Unique": true,
                                        "Workers": [],
                                        "Plans": [
                                          {
                                            "Node Type": "Nested Loop",
                                            "Parent Relationship": "Outer",
                                            "Parallel Aware": false,
                                            "Async Capable": false,
                                            "Join Type": "Inner",
                                            "Startup Cost": 0.85,
                                            "Total Cost": 55720.3,
                                            "Plan Rows": 95,
                                            "Plan Width": 8,
                                            "Actual Startup Time": 0.67,
                                            "Actual Total Time": 260.601,
                                            "Actual Rows": 45134,
                                            "Actual Loops": 3,
                                            "Inner Unique": false,
                                            "Workers": [],
                                            "Plans": [
                                              {
                                                "Node Type": "Index Only Scan",
                                                "Parent Relationship": "Outer",
                                                "Parallel Aware": true,
                                                "Async Capable": false,
                                                "Scan Direction": "Forward",
                                                "Index Name": "_dta_index_date_dim_6_661577395__k1_k7_k9",
                                                "Relation Name": "date_dim",
                                                "Alias": "date_dim",
                                                "Startup Cost": 0.29,
                                                "Total Cost": 2041.91,
                                                "Plan Rows": 50,
                                                "Plan Width": 4,
                                                "Actual Startup Time": 0.605,
                                                "Actual Total Time": 0.654,
                                                "Actual Rows": 41,
                                                "Actual Loops": 3,
                                                "Index Cond": "((d_year = 1999) AND (d_moy >= 5) AND (d_moy <= 8))",
                                                "Rows Removed by Index Recheck": 0,
                                                "Heap Fetches": 0,
                                                "Workers": []
                                              },
                                              {
                                                "Node Type": "Index Only Scan",
                                                "Parent Relationship": "Inner",
                                                "Parallel Aware": false,
                                                "Async Capable": false,
                                                "Scan Direction": "Forward",
                                                "Index Name": "_dta_index_store_sales_6_1333579789__k1_k23_k14_k6_k8_k5_k7_3_4",
                                                "Relation Name": "store_sales",
                                                "Alias": "store_sales",
                                                "Startup Cost": 0.56,
                                                "Total Cost": 1072.9,
                                                "Plan Rows": 67,
                                                "Plan Width": 12,
                                                "Actual Startup Time": 0.04,
                                                "Actual Total Time": 6.257,
                                                "Actual Rows": 1101,
                                                "Actual Loops": 123,
                                                "Index Cond": "(ss_sold_date_sk = date_dim.d_date_sk)",
                                                "Rows Removed by Index Recheck": 0,
                                                "Filter": "(((ss_sales_price / ss_list_price) >= 0.65) AND ((ss_sales_price / ss_list_price) <= 0.75))",
                                                "Rows Removed by Filter": 14621,
                                                "Heap Fetches": 0,
                                                "Workers": []
                                              }
                                            ]
                                          },
                                          {
                                            "Node Type": "Index Scan",
                                            "Parent Relationship": "Inner",
                                            "Parallel Aware": false,
                                            "Async Capable": false,
                                            "Scan Direction": "Forward",
                                            "Index Name": "item_pkey",
                                            "Relation Name": "item",
                                            "Alias": "item",
                                            "Startup Cost": 0.29,
                                            "Total Cost": 1.01,
                                            "Plan Rows": 1,
                                            "Plan Width": 4,
                                            "Actual Startup Time": 0.002,
                                            "Actual Total Time": 0.002,
                                            "Actual Rows": 0,
                                            "Actual Loops": 135401,
                                            "Index Cond": "(i_item_sk = store_sales.ss_item_sk)",
                                            "Rows Removed by Index Recheck": 0,
                                            "Filter": "((i_manager_id >= 91) AND (i_manager_id <= 100) AND (i_category = ANY ('{Children,Home,Women}'::bpchar[])))",
                                            "Rows Removed by Filter": 1,
                                            "Workers": []
                                          }
                                        ]
                                      }
                                    ]
                                  }
                                ]
                              },
                              {
                                "Node Type": "Index Scan",
                                "Parent Relationship": "Inner",
                                "Parallel Aware": false,
                                "Async Capable": false,
                                "Scan Direction": "Forward",
                                "Index Name": "_dta_index_customer_6_949578421__k1_k5",
                                "Relation Name": "customer",
                                "Alias": "c",
                                "Startup Cost": 0.42,
                                "Total Cost": 116153.48,
                                "Plan Rows": 1,
                                "Plan Width": 12,
                                "Actual Startup Time": 0.235,
                                "Actual Total Time": 0.235,
                                "Actual Rows": 0,
                                "Actual Loops": 1690,
                                "Index Cond": "(c_customer_sk = store_sales.ss_customer_sk)",
                                "Rows Removed by Index Recheck": 0,
                                "Filter": "((c_birth_month = ANY ('{4,5}'::integer[])) AND ((SubPlan 1) OR (hashed SubPlan 4)))",
                                "Rows Removed by Filter": 1,
                                "Plans": [
                                  {
                                    "Node Type": "Nested Loop",
                                    "Parent Relationship": "SubPlan",
                                    "Subplan Name": "SubPlan 1",
                                    "Parallel Aware": false,
                                    "Async Capable": false,
                                    "Join Type": "Inner",
                                    "Startup Cost": 1.14,
                                    "Total Cost": 1040.64,
                                    "Plan Rows": 1,
                                    "Plan Width": 0,
                                    "Actual Startup Time": 0.178,
                                    "Actual Total Time": 0.178,
                                    "Actual Rows": 0,
                                    "Actual Loops": 327,
                                    "Inner Unique": true,
                                    "Plans": [
                                      {
                                        "Node Type": "Nested Loop",
                                        "Parent Relationship": "Outer",
                                        "Parallel Aware": false,
                                        "Async Capable": false,
                                        "Join Type": "Inner",
                                        "Startup Cost": 0.85,
                                        "Total Cost": 1032.31,
                                        "Plan Rows": 1,
                                        "Plan Width": 4,
                                        "Actual Startup Time": 0.159,
                                        "Actual Total Time": 0.175,
                                        "Actual Rows": 1,
                                        "Actual Loops": 327,
                                        "Inner Unique": false,
                                        "Plans": [
                                          {
                                            "Node Type": "Index Only Scan",
                                            "Parent Relationship": "Outer",
                                            "Parallel Aware": false,
                                            "Async Capable": false,
                                            "Scan Direction": "Forward",
                                            "Index Name": "_dta_index_date_dim_6_661577395__k7_k9_k1",
                                            "Relation Name": "date_dim",
                                            "Alias": "date_dim_1",
                                            "Startup Cost": 0.42,
                                            "Total Cost": 7.14,
                                            "Plan Rows": 121,
                                            "Plan Width": 4,
                                            "Actual Startup Time": 0.001,
                                            "Actual Total Time": 0.012,
                                            "Actual Rows": 123,
                                            "Actual Loops": 327,
                                            "Index Cond": "((d_year = 1999) AND (d_moy >= 5) AND (d_moy <= 8))",
                                            "Rows Removed by Index Recheck": 0,
                                            "Heap Fetches": 0
                                          },
                                          {
                                            "Node Type": "Index Scan",
                                            "Parent Relationship": "Inner",
                                            "Parallel Aware": false,
                                            "Async Capable": false,
                                            "Scan Direction": "Forward",
                                            "Index Name": "_dta_index_web_sales_6_1269579561__k1_k5",
                                            "Relation Name": "web_sales",
                                            "Alias": "web_sales",
                                            "Startup Cost": 0.43,
                                            "Total Cost": 8.46,
                                            "Plan Rows": 1,
                                            "Plan Width": 8,
                                            "Actual Startup Time": 0.001,
                                            "Actual Total Time": 0.001,
                                            "Actual Rows": 0,
                                            "Actual Loops": 40076,
                                            "Index Cond": "((ws_sold_date_sk = date_dim_1.d_date_sk) AND (ws_bill_customer_sk = c.c_customer_sk))",
                                            "Rows Removed by Index Recheck": 0,
                                            "Filter": "(((ws_sales_price / ws_list_price) >= 0.65) AND ((ws_sales_price / ws_list_price) <= 0.75))",
                                            "Rows Removed by Filter": 0
                                          }
                                        ]
                                      },
                                      {
                                        "Node Type": "Index Scan",
                                        "Parent Relationship": "Inner",
                                        "Parallel Aware": false,
                                        "Async Capable": false,
                                        "Scan Direction": "Forward",
                                        "Index Name": "item_pkey",
                                        "Relation Name": "item",
                                        "Alias": "item_1",
                                        "Startup Cost": 0.29,
                                        "Total Cost": 8.32,
                                        "Plan Rows": 1,
                                        "Plan Width": 4,
                                        "Actual Startup Time": 0.004,
                                        "Actual Total Time": 0.004,
                                        "Actual Rows": 0,
                                        "Actual Loops": 169,
                                        "Index Cond": "(i_item_sk = web_sales.ws_item_sk)",
                                        "Rows Removed by Index Recheck": 0,
                                        "Filter": "((i_manager_id >= 91) AND (i_manager_id <= 100) AND (i_category = ANY ('{Children,Home,Women}'::bpchar[])))",
                                        "Rows Removed by Filter": 1
                                      }
                                    ]
                                  },
                                  {
                                    "Node Type": "Gather",
                                    "Parent Relationship": "SubPlan",
                                    "Subplan Name": "SubPlan 4",
                                    "Parallel Aware": false,
                                    "Async Capable": false,
                                    "Startup Cost": 1001.02,
                                    "Total Cost": 49726.41,
                                    "Plan Rows": 3,
                                    "Plan Width": 4,
                                    "Actual Startup Time": 2.371,
                                    "Actual Total Time": 327.01,
                                    "Actual Rows": 803,
                                    "Actual Loops": 1,
                                    "Workers Planned": 2,
                                    "Workers Launched": 2,
                                    "Single Copy": false,
                                    "Plans": [
                                      {
                                        "Node Type": "Nested Loop",
                                        "Parent Relationship": "Outer",
                                        "Parallel Aware": false,
                                        "Async Capable": false,
                                        "Join Type": "Inner",
                                        "Startup Cost": 1.02,
                                        "Total Cost": 48726.11,
                                        "Plan Rows": 1,
                                        "Plan Width": 4,
                                        "Actual Startup Time": 1.673,
                                        "Actual Total Time": 109.837,
                                        "Actual Rows": 268,
                                        "Actual Loops": 3,
                                        "Inner Unique": true,
                                        "Workers": [],
                                        "Plans": [
                                          {
                                            "Node Type": "Nested Loop",
                                            "Parent Relationship": "Outer",
                                            "Parallel Aware": false,
                                            "Async Capable": false,
                                            "Join Type": "Inner",
                                            "Startup Cost": 0.73,
                                            "Total Cost": 48690.03,
                                            "Plan Rows": 50,
                                            "Plan Width": 8,
                                            "Actual Startup Time": 1.304,
                                            "Actual Total Time": 61.467,
                                            "Actual Rows": 19887,
                                            "Actual Loops": 3,
                                            "Inner Unique": false,
                                            "Workers": [],
                                            "Plans": [
                                              {
                                                "Node Type": "Index Only Scan",
                                                "Parent Relationship": "Outer",
                                                "Parallel Aware": true,
                                                "Async Capable": false,
                                                "Scan Direction": "Forward",
                                                "Index Name": "_dta_index_date_dim_6_661577395__k1_k7_k9",
                                                "Relation Name": "date_dim",
                                                "Alias": "date_dim_2",
                                                "Startup Cost": 0.29,
                                                "Total Cost": 2041.91,
                                                "Plan Rows": 50,
                                                "Plan Width": 4,
                                                "Actual Startup Time": 1.289,
                                                "Actual Total Time": 1.34,
                                                "Actual Rows": 41,
                                                "Actual Loops": 3,
                                                "Index Cond": "((d_year = 1999) AND (d_moy >= 5) AND (d_moy <= 8))",
                                                "Rows Removed by Index Recheck": 0,
                                                "Heap Fetches": 0,
                                                "Workers": []
                                              },
                                              {
                                                "Node Type": "Index Scan",
                                                "Parent Relationship": "Inner",
                                                "Parallel Aware": false,
                                                "Async Capable": false,
                                                "Scan Direction": "Forward",
                                                "Index Name": "_dta_index_catalog_sales_6_1301579675__k1_4",
                                                "Relation Name": "catalog_sales",
                                                "Alias": "catalog_sales",
                                                "Startup Cost": 0.43,
                                                "Total Cost": 932.62,
                                                "Plan Rows": 34,
                                                "Plan Width": 12,
                                                "Actual Startup Time": 0.008,
                                                "Actual Total Time": 1.43,
                                                "Actual Rows": 485,
                                                "Actual Loops": 123,
                                                "Index Cond": "(cs_sold_date_sk = date_dim_2.d_date_sk)",
                                                "Rows Removed by Index Recheck": 0,
                                                "Filter": "(((cs_sales_price / cs_list_price) >= 0.65) AND ((cs_sales_price / cs_list_price) <= 0.75))",
                                                "Rows Removed by Filter": 2309,
                                                "Workers": []
                                              }
                                            ]
                                          },
                                          {
                                            "Node Type": "Index Scan",
                                            "Parent Relationship": "Inner",
                                            "Parallel Aware": false,
                                            "Async Capable": false,
                                            "Scan Direction": "Forward",
                                            "Index Name": "item_pkey",
                                            "Relation Name": "item",
                                            "Alias": "item_2",
                                            "Startup Cost": 0.29,
                                            "Total Cost": 0.72,
                                            "Plan Rows": 1,
                                            "Plan Width": 4,
                                            "Actual Startup Time": 0.002,
                                            "Actual Total Time": 0.002,
                                            "Actual Rows": 0,
                                            "Actual Loops": 59661,
                                            "Index Cond": "(i_item_sk = catalog_sales.cs_item_sk)",
                                            "Rows Removed by Index Recheck": 0,
                                            "Filter": "((i_manager_id >= 91) AND (i_manager_id <= 100) AND (i_category = ANY ('{Children,Home,Women}'::bpchar[])))",
                                            "Rows Removed by Filter": 1,
                                            "Workers": []
                                          }
                                        ]
                                      }
                                    ]
                                  }
                                ]
                              }
                            ]
                          },
                          {
                            "Node Type": "Index Scan",
                            "Parent Relationship": "Inner",
                            "Parallel Aware": false,
                            "Async Capable": false,
                            "Scan Direction": "Forward",
                            "Index Name": "customer_address_pkey",
                            "Relation Name": "customer_address",
                            "Alias": "ca",
                            "Startup Cost": 0.42,
                            "Total Cost": 1.28,
                            "Plan Rows": 1,
                            "Plan Width": 4,
                            "Actual Startup Time": 0.026,
                            "Actual Total Time": 0.026,
                            "Actual Rows": 0,
                            "Actual Loops": 4,
                            "Index Cond": "(ca_address_sk = c.c_current_addr_sk)",
                            "Rows Removed by Index Recheck": 0,
                            "Filter": "((ca_county)::text = ANY ('{\"Alameda County\",\"Lexington city\",\"Pender County\",\"Petroleum County\",\"Walworth County\"}'::text[]))",
                            "Rows Removed by Filter": 1
                          }
                        ]
                      },
                      {
                        "Node Type": "Index Scan",
                        "Parent Relationship": "Inner",
                        "Parallel Aware": false,
                        "Async Capable": false,
                        "Scan Direction": "Forward",
                        "Index Name": "customer_demographics_pkey",
                        "Relation Name": "customer_demographics",
                        "Alias": "customer_demographics",
                        "Startup Cost": 0.43,
                        "Total Cost": 2.33,
                        "Plan Rows": 1,
                        "Plan Width": 56,
                        "Actual Startup Time": 0.0,
                        "Actual Total Time": 0.0,
                        "Actual Rows": 0,
                        "Actual Loops": 0,
                        "Index Cond": "(cd_demo_sk = c.c_current_cdemo_sk)",
                        "Rows Removed by Index Recheck": 0,
                        "Filter": "((cd_gender = 'M'::bpchar) AND (cd_marital_status = ANY ('{U,S,U}'::bpchar[])) AND (cd_education_status = ANY ('{College,Secondary,College}'::bpchar[])))",
                        "Rows Removed by Filter": 0
                      }
                    ]
                  }
                ]
              }
            ]
          }
        ]
      },
      "Planning Time": 2.025,
      "Triggers": [],
      "Execution Time": 1513.147
    }
  ],
  "plan_text": "",
  "actual_rows": 0,
  "provenance": {
    "database": "postgres://jakc9:jakc9@127.0.0.1:5434/dsb_sf10",
    "scale_factor": 10,
    "engine": "postgresql",
    "engine_version": "14.3",
    "cached_at": "2026-02-09T20:54:13.094428"
  }
}