{
  "plan_json": [
    {
      "Plan": {
        "Node Type": "Limit",
        "Parallel Aware": false,
        "Async Capable": false,
        "Startup Cost": 1909700.3,
        "Total Cost": 1909700.3,
        "Plan Rows": 1,
        "Plan Width": 168,
        "Actual Startup Time": 14182.869,
        "Actual Total Time": 14183.088,
        "Actual Rows": 47,
        "Actual Loops": 1,
        "Plans": [
          {
            "Node Type": "Hash Join",
            "Parent Relationship": "InitPlan",
            "Subplan Name": "CTE cross_items",
            "Parallel Aware": false,
            "Async Capable": false,
            "Join Type": "Inner",
            "Startup Cost": 954116.03,
            "Total Cost": 963024.52,
            "Plan Rows": 1,
            "Plan Width": 4,
            "Actual Startup Time": 4530.626,
            "Actual Total Time": 4553.323,
            "Actual Rows": 2664,
            "Actual Loops": 1,
            "Inner Unique": true,
            "Hash Cond": "((item_2.i_brand_id = x.brand_id) AND (item_2.i_class_id = x.class_id) AND (item_2.i_category_id = x.category_id))",
            "Plans": [
              {
                "Node Type": "Seq Scan",
                "Parent Relationship": "Outer",
                "Parallel Aware": false,
                "Async Capable": false,
                "Relation Name": "item",
                "Alias": "item_2",
                "Startup Cost": 0.0,
                "Total Cost": 8882.5,
                "Plan Rows": 3301,
                "Plan Width": 16,
                "Actual Startup Time": 0.02,
                "Actual Total Time": 22.06,
                "Actual Rows": 2682,
                "Actual Loops": 1,
                "Filter": "((i_manager_id >= 91) AND (i_manager_id <= 100) AND (i_category = ANY ('{Electronics,Jewelry,Men}'::bpchar[])))",
                "Rows Removed by Filter": 99318
              },
              {
                "Node Type": "Hash",
                "Parent Relationship": "Inner",
                "Parallel Aware": false,
                "Async Capable": false,
                "Startup Cost": 954095.64,
                "Total Cost": 954095.64,
                "Plan Rows": 1165,
                "Plan Width": 12,
                "Actual Startup Time": 4530.593,
                "Actual Total Time": 4530.761,
                "Actual Rows": 381,
                "Actual Loops": 1,
                "Hash Buckets": 2048,
                "Original Hash Buckets": 2048,
                "Hash Batches": 1,
                "Original Hash Batches": 1,
                "Peak Memory Usage": 33,
                "Plans": [
                  {
                    "Node Type": "Subquery Scan",
                    "Parent Relationship": "Outer",
                    "Parallel Aware": false,
                    "Async Capable": false,
                    "Alias": "x",
                    "Startup Cost": 1001.03,
                    "Total Cost": 954095.64,
                    "Plan Rows": 1165,
                    "Plan Width": 12,
                    "Actual Startup Time": 4530.471,
                    "Actual Total Time": 4530.699,
                    "Actual Rows": 383,
                    "Actual Loops": 1,
                    "Plans": [
                      {
                        "Node Type": "SetOp",
                        "Strategy": "Hashed",
                        "Parent Relationship": "Subquery",
                        "Parallel Aware": false,
                        "Async Capable": false,
                        "Command": "Intersect",
                        "Startup Cost": 1001.03,
                        "Total Cost": 954083.99,
                        "Plan Rows": 1165,
                        "Plan Width": 16,
                        "Actual Startup Time": 4530.469,
                        "Actual Total Time": 4530.662,
                        "Actual Rows": 383,
                        "Actual Loops": 1,
                        "Plans": [
                          {
                            "Node Type": "Append",
                            "Parent Relationship": "Outer",
                            "Parallel Aware": false,
                            "Async Capable": false,
                            "Startup Cost": 1001.03,
                            "Total Cost": 954004.53,
                            "Plan Rows": 10595,
                            "Plan Width": 16,
                            "Actual Startup Time": 3700.631,
                            "Actual Total Time": 4490.636,
                            "Actual Rows": 384091,
                            "Actual Loops": 1,
                            "Subplans Removed": 0,
                            "Plans": [
                              {
                                "Node Type": "Result",
                                "Parent Relationship": "Member",
                                "Parallel Aware": false,
                                "Async Capable": false,
                                "Startup Cost": 1001.03,
                                "Total Cost": 768159.04,
                                "Plan Rows": 1165,
                                "Plan Width": 16,
                                "Actual Startup Time": 3700.63,
                                "Actual Total Time": 3700.808,
                                "Actual Rows": 383,
                                "Actual Loops": 1,
                                "Plans": [
                                  {
                                    "Node Type": "SetOp",
                                    "Strategy": "Hashed",
                                    "Parent Relationship": "Outer",
                                    "Parallel Aware": false,
                                    "Async Capable": false,
                                    "Command": "Intersect",
                                    "Startup Cost": 1001.03,
                                    "Total Cost": 768147.39,
                                    "Plan Rows": 1165,
                                    "Plan Width": 16,
                                    "Actual Startup Time": 3700.628,
                                    "Actual Total Time": 3700.784,
                                    "Actual Rows": 383,
                                    "Actual Loops": 1,
                                    "Plans": [
                                      {
                                        "Node Type": "Append",
                                        "Parent Relationship": "Outer",
                                        "Parallel Aware": false,
                                        "Async Capable": false,
                                        "Startup Cost": 1001.03,
                                        "Total Cost": 768115.0,
                                        "Plan Rows": 4319,
                                        "Plan Width": 16,
                                        "Actual Startup Time": 1.229,
                                        "Actual Total Time": 3664.558,
                                        "Actual Rows": 210813,
                                        "Actual Loops": 1,
                                        "Subplans Removed": 0,
                                        "Plans": [
                                          {
                                            "Node Type": "Subquery Scan",
                                            "Parent Relationship": "Member",
                                            "Parallel Aware": false,
                                            "Async Capable": false,
                                            "Alias": "*SELECT* 2",
                                            "Startup Cost": 1001.03,
                                            "Total Cost": 353248.69,
                                            "Plan Rows": 1165,
                                            "Plan Width": 16,
                                            "Actual Startup Time": 1.228,
                                            "Actual Total Time": 1201.385,
                                            "Actual Rows": 14587,
                                            "Actual Loops": 1,
                                            "Plans": [
                                              {
                                                "Node Type": "Gather",
                                                "Parent Relationship": "Subquery",
                                                "Parallel Aware": false,
                                                "Async Capable": false,
                                                "Startup Cost": 1001.03,
                                                "Total Cost": 353237.04,
                                                "Plan Rows": 1165,
                                                "Plan Width": 12,
                                                "Actual Startup Time": 1.227,
                                                "Actual Total Time": 1199.482,
                                                "Actual Rows": 14587,
                                                "Actual Loops": 1,
                                                "Workers Planned": 2,
                                                "Workers Launched": 2,
                                                "Single Copy": false,
                                                "Plans": [
                                                  {
                                                    "Node Type": "Nested Loop",
                                                    "Parent Relationship": "Outer",
                                                    "Parallel Aware": false,
                                                    "Async Capable": false,
                                                    "Join Type": "Inner",
                                                    "Startup Cost": 1.03,
                                                    "Total Cost": 352120.54,
                                                    "Plan Rows": 485,
                                                    "Plan Width": 12,
                                                    "Actual Startup Time": 0.63,
                                                    "Actual Total Time": 999.355,
                                                    "Actual Rows": 4862,
                                                    "Actual Loops": 3,
                                                    "Inner Unique": true,
                                                    "Workers": [],
                                                    "Plans": [
                                                      {
                                                        "Node Type": "Nested Loop",
                                                        "Parent Relationship": "Outer",
                                                        "Parallel Aware": false,
                                                        "Async Capable": false,
                                                        "Join Type": "Inner",
                                                        "Startup Cost": 0.73,
                                                        "Total Cost": 348520.55,
                                                        "Plan Rows": 15005,
                                                        "Plan Width": 4,
                                                        "Actual Startup Time": 0.309,
                                                        "Actual Total Time": 589.847,
                                                        "Actual Rows": 373179,
                                                        "Actual Loops": 3,
                                                        "Inner Unique": false,
                                                        "Workers": [],
                                                        "Plans": [
                                                          {
                                                            "Node Type": "Index Only Scan",
                                                            "Parent Relationship": "Outer",
                                                            "Parallel Aware": true,
                                                            "Async Capable": false,
                                                            "Scan Direction": "Forward",
                                                            "Index Name": "_dta_index_date_dim_6_661577395__k1_k7_k9",
                                                            "Relation Name": "date_dim",
                                                            "Alias": "d2",
                                                            "Startup Cost": 0.29,
                                                            "Total Cost": 1863.25,
                                                            "Plan Rows": 446,
                                                            "Plan Width": 4,
                                                            "Actual Startup Time": 0.258,
                                                            "Actual Total Time": 0.879,
                                                            "Actual Rows": 365,
                                                            "Actual Loops": 3,
                                                            "Index Cond": "((d_year >= 1999) AND (d_year <= 2001))",
                                                            "Rows Removed by Index Recheck": 0,
                                                            "Heap Fetches": 0,
                                                            "Workers": []
                                                          },
                                                          {
                                                            "Node Type": "Index Scan",
                                                            "Parent Relationship": "Inner",
                                                            "Parallel Aware": false,
                                                            "Async Capable": false,
                                                            "Scan Direction": "Forward",
                                                            "Index Name": "_dta_index_catalog_sales_6_1301579675__k1_4",
                                                            "Relation Name": "catalog_sales",
                                                            "Alias": "catalog_sales",
                                                            "Startup Cost": 0.43,
                                                            "Total Cost": 765.7,
                                                            "Plan Rows": 1156,
                                                            "Plan Width": 8,
                                                            "Actual Startup Time": 0.008,
                                                            "Actual Total Time": 1.547,
                                                            "Actual Rows": 1021,
                                                            "Actual Loops": 1096,
                                                            "Index Cond": "(cs_sold_date_sk = d2.d_date_sk)",
                                                            "Rows Removed by Index Recheck": 0,
                                                            "Filter": "((cs_wholesale_cost >= '35'::numeric) AND (cs_wholesale_cost <= '55'::numeric))",
                                                            "Rows Removed by Filter": 4989,
                                                            "Workers": []
                                                          }
                                                        ]
                                                      },
                                                      {
                                                        "Node Type": "Memoize",
                                                        "Parent Relationship": "Inner",
                                                        "Parallel Aware": false,
                                                        "Async Capable": false,
                                                        "Startup Cost": 0.3,
                                                        "Total Cost": 0.34,
                                                        "Plan Rows": 1,
                                                        "Plan Width": 16,
                                                        "Actual Startup Time": 0.001,
                                                        "Actual Total Time": 0.001,
                                                        "Actual Rows": 0,
                                                        "Actual Loops": 1119537,
                                                        "Cache Key": "catalog_sales.cs_item_sk",
                                                        "Cache Mode": "logical",
                                                        "Cache Hits": 342116,
                                                        "Cache Misses": 74308,
                                                        "Cache Evictions": 13758,
                                                        "Cache Overflows": 0,
                                                        "Peak Memory Usage": 4097,
                                                        "Workers": [
                                                          {
                                                            "Worker Number": 0,
                                                            "Cache Hits": 368971,
                                                            "Cache Misses": 78090,
                                                            "Cache Evictions": 17507,
                                                            "Cache Overflows": 0,
                                                            "Peak Memory Usage": 4097
                                                          },
                                                          {
                                                            "Worker Number": 1,
                                                            "Cache Hits": 209545,
                                                            "Cache Misses": 46507,
                                                            "Cache Evictions": 0,
                                                            "Cache Overflows": 0,
                                                            "Peak Memory Usage": 3147
                                                          }
                                                        ],
                                                        "Plans": [
                                                          {
                                                            "Node Type": "Index Scan",
                                                            "Parent Relationship": "Outer",
                                                            "Parallel Aware": false,
                                                            "Async Capable": false,
                                                            "Scan Direction": "Forward",
                                                            "Index Name": "item_pkey",
                                                            "Relation Name": "item",
                                                            "Alias": "ics",
                                                            "Startup Cost": 0.29,
                                                            "Total Cost": 0.33,
                                                            "Plan Rows": 1,
                                                            "Plan Width": 16,
                                                            "Actual Startup Time": 0.004,
                                                            "Actual Total Time": 0.004,
                                                            "Actual Rows": 0,
                                                            "Actual Loops": 198905,
                                                            "Index Cond": "(i_item_sk = catalog_sales.cs_item_sk)",
                                                            "Rows Removed by Index Recheck": 0,
                                                            "Filter": "((i_manager_id >= 91) AND (i_manager_id <= 100) AND (i_category = ANY ('{Electronics,Jewelry,Men}'::bpchar[])))",
                                                            "Rows Removed by Filter": 1,
                                                            "Workers": []
                                                          }
                                                        ]
                                                      }
                                                    ]
                                                  }
                                                ]
                                              }
                                            ]
                                          },
                                          {
                                            "Node Type": "Subquery Scan",
                                            "Parent Relationship": "Member",
                                            "Parallel Aware": false,
                                            "Async Capable": false,
                                            "Alias": "*SELECT* 1",
                                            "Startup Cost": 1001.16,
                                            "Total Cost": 414844.71,
                                            "Plan Rows": 3154,
                                            "Plan Width": 16,
                                            "Actual Startup Time": 1.359,
                                            "Actual Total Time": 2450.957,
                                            "Actual Rows": 196226,
                                            "Actual Loops": 1,
                                            "Plans": [
                                              {
                                                "Node Type": "Gather",
                                                "Parent Relationship": "Subquery",
                                                "Parallel Aware": false,
                                                "Async Capable": false,
                                                "Startup Cost": 1001.16,
                                                "Total Cost": 414813.17,
                                                "Plan Rows": 3154,
                                                "Plan Width": 12,
                                                "Actual Startup Time": 1.358,
                                                "Actual Total Time": 2434.147,
                                                "Actual Rows": 196226,
                                                "Actual Loops": 1,
                                                "Workers Planned": 2,
                                                "Workers Launched": 2,
                                                "Single Copy": false,
                                                "Plans": [
                                                  {
                                                    "Node Type": "Nested Loop",
                                                    "Parent Relationship": "Outer",
                                                    "Parallel Aware": false,
                                                    "Async Capable": false,
                                                    "Join Type": "Inner",
                                                    "Startup Cost": 1.16,
                                                    "Total Cost": 413497.77,
                                                    "Plan Rows": 1314,
                                                    "Plan Width": 12,
                                                    "Actual Startup Time": 0.852,
                                                    "Actual Total Time": 1964.28,
                                                    "Actual Rows": 65409,
                                                    "Actual Loops": 3,
                                                    "Inner Unique": true,
                                                    "Workers": [],
                                                    "Plans": [
                                                      {
                                                        "Node Type": "Nested Loop",
                                                        "Parent Relationship": "Outer",
                                                        "Parallel Aware": false,
                                                        "Async Capable": false,
                                                        "Join Type": "Inner",
                                                        "Startup Cost": 0.85,
                                                        "Total Cost": 409302.73,
                                                        "Plan Rows": 40604,
                                                        "Plan Width": 4,
                                                        "Actual Startup Time": 0.453,
                                                        "Actual Total Time": 1233.396,
                                                        "Actual Rows": 1292829,
                                                        "Actual Loops": 3,
                                                        "Inner Unique": false,
                                                        "Workers": [],
                                                        "Plans": [
                                                          {
                                                            "Node Type": "Index Only Scan",
                                                            "Parent Relationship": "Outer",
                                                            "Parallel Aware": true,
                                                            "Async Capable": false,
                                                            "Scan Direction": "Forward",
                                                            "Index Name": "_dta_index_date_dim_6_661577395__k1_k7_k9",
                                                            "Relation Name": "date_dim",
                                                            "Alias": "d1",
                                                            "Startup Cost": 0.29,
                                                            "Total Cost": 1863.25,
                                                            "Plan Rows": 446,
                                                            "Plan Width": 4,
                                                            "Actual Startup Time": 0.289,
                                                            "Actual Total Time": 0.837,
                                                            "Actual Rows": 365,
                                                            "Actual Loops": 3,
                                                            "Index Cond": "((d_year >= 1999) AND (d_year <= 2001))",
                                                            "Rows Removed by Index Recheck": 0,
                                                            "Heap Fetches": 0,
                                                            "Workers": []
                                                          },
                                                          {
                                                            "Node Type": "Index Only Scan",
                                                            "Parent Relationship": "Inner",
                                                            "Parallel Aware": false,
                                                            "Async Capable": false,
                                                            "Scan Direction": "Forward",
                                                            "Index Name": "_dta_index_store_sales_6_1333579789__k1_k23_k14_k6_k8_k5_k7_3_4",
                                                            "Relation Name": "store_sales",
                                                            "Alias": "store_sales_2",
                                                            "Startup Cost": 0.56,
                                                            "Total Cost": 881.13,
                                                            "Plan Rows": 3241,
                                                            "Plan Width": 8,
                                                            "Actual Startup Time": 0.097,
                                                            "Actual Total Time": 3.166,
                                                            "Actual Rows": 3539,
                                                            "Actual Loops": 1096,
                                                            "Index Cond": "(ss_sold_date_sk = d1.d_date_sk)",
                                                            "Rows Removed by Index Recheck": 0,
                                                            "Filter": "((ss_wholesale_cost >= '35'::numeric) AND (ss_wholesale_cost <= '55'::numeric))",
                                                            "Rows Removed by Filter": 10732,
                                                            "Heap Fetches": 0,
                                                            "Workers": []
                                                          }
                                                        ]
                                                      },
                                                      {
                                                        "Node Type": "Memoize",
                                                        "Parent Relationship": "Inner",
                                                        "Parallel Aware": false,
                                                        "Async Capable": false,
                                                        "Startup Cost": 0.3,
                                                        "Total Cost": 0.33,
                                                        "Plan Rows": 1,
                                                        "Plan Width": 16,
                                                        "Actual Startup Time": 0.0,
                                                        "Actual Total Time": 0.0,
                                                        "Actual Rows": 0,
                                                        "Actual Loops": 3878488,
                                                        "Cache Key": "store_sales_2.ss_item_sk",
                                                        "Cache Mode": "logical",
                                                        "Cache Hits": 1525049,
                                                        "Cache Misses": 89266,
                                                        "Cache Evictions": 28720,
                                                        "Cache Overflows": 0,
                                                        "Peak Memory Usage": 4097,
                                                        "Workers": [
                                                          {
                                                            "Worker Number": 0,
                                                            "Cache Hits": 1288914,
                                                            "Cache Misses": 88392,
                                                            "Cache Evictions": 27835,
                                                            "Cache Overflows": 0,
                                                            "Peak Memory Usage": 4097
                                                          },
                                                          {
                                                            "Worker Number": 1,
                                                            "Cache Hits": 835927,
                                                            "Cache Misses": 50940,
                                                            "Cache Evictions": 0,
                                                            "Cache Overflows": 0,
                                                            "Peak Memory Usage": 3446
                                                          }
                                                        ],
                                                        "Plans": [
                                                          {
                                                            "Node Type": "Index Scan",
                                                            "Parent Relationship": "Outer",
                                                            "Parallel Aware": false,
                                                            "Async Capable": false,
                                                            "Scan Direction": "Forward",
                                                            "Index Name": "item_pkey",
                                                            "Relation Name": "item",
                                                            "Alias": "iss",
                                                            "Startup Cost": 0.29,
                                                            "Total Cost": 0.32,
                                                            "Plan Rows": 1,
                                                            "Plan Width": 16,
                                                            "Actual Startup Time": 0.003,
                                                            "Actual Total Time": 0.003,
                                                            "Actual Rows": 0,
                                                            "Actual Loops": 228598,
                                                            "Index Cond": "(i_item_sk = store_sales_2.ss_item_sk)",
                                                            "Rows Removed by Index Recheck": 0,
                                                            "Filter": "((i_manager_id >= 91) AND (i_manager_id <= 100) AND (i_category = ANY ('{Electronics,Jewelry,Men}'::bpchar[])))",
                                                            "Rows Removed by Filter": 1,
                                                            "Workers": []
                                                          }
                                                        ]
                                                      }
                                                    ]
                                                  }
                                                ]
                                              }
                                            ]
                                          }
                                        ]
                                      }
                                    ]
                                  }
                                ]
                              },
                              {
                                "Node Type": "Subquery Scan",
                                "Parent Relationship": "Member",
                                "Parallel Aware": false,
                                "Async Capable": false,
                                "Alias": "*SELECT* 3",
                                "Startup Cost": 1001.02,
                                "Total Cost": 185792.51,
                                "Plan Rows": 9430,
                                "Plan Width": 16,
                                "Actual Startup Time": 1.021,
                                "Actual Total Time": 768.501,
                                "Actual Rows": 383708,
                                "Actual Loops": 1,
                                "Plans": [
                                  {
                                    "Node Type": "Gather",
                                    "Parent Relationship": "Subquery",
                                    "Parallel Aware": false,
                                    "Async Capable": false,
                                    "Startup Cost": 1001.02,
                                    "Total Cost": 185698.21,
                                    "Plan Rows": 9430,
                                    "Plan Width": 12,
                                    "Actual Startup Time": 1.02,
                                    "Actual Total Time": 733.193,
                                    "Actual Rows": 383708,
                                    "Actual Loops": 1,
                                    "Workers Planned": 2,
                                    "Workers Launched": 2,
                                    "Single Copy": false,
                                    "Plans": [
                                      {
                                        "Node Type": "Nested Loop",
                                        "Parent Relationship": "Outer",
                                        "Parallel Aware": false,
                                        "Async Capable": false,
                                        "Join Type": "Inner",
                                        "Startup Cost": 1.02,
                                        "Total Cost": 183755.21,
                                        "Plan Rows": 3929,
                                        "Plan Width": 12,
                                        "Actual Startup Time": 0.332,
                                        "Actual Total Time": 635.699,
                                        "Actual Rows": 127903,
                                        "Actual Loops": 3,
                                        "Inner Unique": true,
                                        "Workers": [],
                                        "Plans": [
                                          {
                                            "Node Type": "Nested Loop",
                                            "Parent Relationship": "Outer",
                                            "Parallel Aware": false,
                                            "Async Capable": false,
                                            "Join Type": "Inner",
                                            "Startup Cost": 0.72,
                                            "Total Cost": 182360.1,
                                            "Plan Rows": 3929,
                                            "Plan Width": 4,
                                            "Actual Startup Time": 0.306,
                                            "Actual Total Time": 398.387,
                                            "Actual Rows": 127903,
                                            "Actual Loops": 3,
                                            "Inner Unique": false,
                                            "Workers": [],
                                            "Plans": [
                                              {
                                                "Node Type": "Index Only Scan",
                                                "Parent Relationship": "Outer",
                                                "Parallel Aware": true,
                                                "Async Capable": false,
                                                "Scan Direction": "Forward",
                                                "Index Name": "_dta_index_date_dim_6_661577395__k1_k7_k9",
                                                "Relation Name": "date_dim",
                                                "Alias": "d3",
                                                "Startup Cost": 0.29,
                                                "Total Cost": 1863.25,
                                                "Plan Rows": 446,
                                                "Plan Width": 4,
                                                "Actual Startup Time": 0.241,
                                                "Actual Total Time": 0.762,
                                                "Actual Rows": 365,
                                                "Actual Loops": 3,
                                                "Index Cond": "((d_year >= 1999) AND (d_year <= 2001))",
                                                "Rows Removed by Index Recheck": 0,
                                                "Heap Fetches": 0,
                                                "Workers": []
                                              },
                                              {
                                                "Node Type": "Index Scan",
                                                "Parent Relationship": "Inner",
                                                "Parallel Aware": false,
                                                "Async Capable": false,
                                                "Scan Direction": "Forward",
                                                "Index Name": "_dta_index_web_sales_6_1269579561__k1_8_24",
                                                "Relation Name": "web_sales",
                                                "Alias": "web_sales",
                                                "Startup Cost": 0.43,
                                                "Total Cost": 401.67,
                                                "Plan Rows": 303,
                                                "Plan Width": 8,
                                                "Actual Startup Time": 0.01,
                                                "Actual Total Time": 1.062,
                                                "Actual Rows": 350,
                                                "Actual Loops": 1096,
                                                "Index Cond": "(ws_sold_date_sk = d3.d_date_sk)",
                                                "Rows Removed by Index Recheck": 0,
                                                "Filter": "((ws_wholesale_cost >= '35'::numeric) AND (ws_wholesale_cost <= '55'::numeric))",
                                                "Rows Removed by Filter": 3462,
                                                "Workers": []
                                              }
                                            ]
                                          },
                                          {
                                            "Node Type": "Index Scan",
                                            "Parent Relationship": "Inner",
                                            "Parallel Aware": false,
                                            "Async Capable": false,
                                            "Scan Direction": "Forward",
                                            "Index Name": "item_pkey",
                                            "Relation Name": "item",
                                            "Alias": "iws",
                                            "Startup Cost": 0.29,
                                            "Total Cost": 0.36,
                                            "Plan Rows": 1,
                                            "Plan Width": 16,
                                            "Actual Startup Time": 0.002,
                                            "Actual Total Time": 0.002,
                                            "Actual Rows": 1,
                                            "Actual Loops": 383708,
                                            "Index Cond": "(i_item_sk = web_sales.ws_item_sk)",
                                            "Rows Removed by Index Recheck": 0,
                                            "Workers": []
                                          }
                                        ]
                                      }
                                    ]
                                  }
                                ]
                              }
                            ]
                          }
                        ]
                      }
                    ]
                  }
                ]
              }
            ]
          },
          {
            "Node Type": "Aggregate",
            "Strategy": "Plain",
            "Partial Mode": "Finalize",
            "Parent Relationship": "InitPlan",
            "Subplan Name": "CTE avg_sales",
            "Parallel Aware": false,
            "Async Capable": false,
            "Startup Cost": 944398.7,
            "Total Cost": 944398.71,
            "Plan Rows": 1,
            "Plan Width": 32,
            "Actual Startup Time": 3112.601,
            "Actual Total Time": 3112.633,
            "Actual Rows": 1,
            "Actual Loops": 1,
            "Plans": [
              {
                "Node Type": "Gather",
                "Parent Relationship": "Outer",
                "Parallel Aware": false,
                "Async Capable": false,
                "Startup Cost": 944398.47,
                "Total Cost": 944398.68,
                "Plan Rows": 2,
                "Plan Width": 32,
                "Actual Startup Time": 3112.59,
                "Actual Total Time": 3112.625,
                "Actual Rows": 3,
                "Actual Loops": 1,
                "Workers Planned": 2,
                "Workers Launched": 2,
                "Single Copy": false,
                "Plans": [
                  {
                    "Node Type": "Aggregate",
                    "Strategy": "Plain",
                    "Partial Mode": "Partial",
                    "Parent Relationship": "Outer",
                    "Parallel Aware": false,
                    "Async Capable": false,
                    "Startup Cost": 943398.47,
                    "Total Cost": 943398.48,
                    "Plan Rows": 1,
                    "Plan Width": 32,
                    "Actual Startup Time": 2731.5,
                    "Actual Total Time": 2731.504,
                    "Actual Rows": 1,
                    "Actual Loops": 3,
                    "Workers": [],
                    "Plans": [
                      {
                        "Node Type": "Append",
                        "Parent Relationship": "Outer",
                        "Parallel Aware": true,
                        "Async Capable": false,
                        "Startup Cost": 0.73,
                        "Total Cost": 942326.77,
                        "Plan Rows": 142893,
                        "Plan Width": 10,
                        "Actual Startup Time": 0.715,
                        "Actual Total Time": 2366.174,
                        "Actual Rows": 1793911,
                        "Actual Loops": 3,
                        "Workers": [],
                        "Subplans Removed": 0,
                        "Plans": [
                          {
                            "Node Type": "Nested Loop",
                            "Parent Relationship": "Member",
                            "Parallel Aware": false,
                            "Async Capable": false,
                            "Join Type": "Inner",
                            "Startup Cost": 0.85,
                            "Total Cost": 409302.73,
                            "Plan Rows": 40604,
                            "Plan Width": 10,
                            "Actual Startup Time": 0.328,
                            "Actual Total Time": 1279.187,
                            "Actual Rows": 1292829,
                            "Actual Loops": 3,
                            "Inner Unique": false,
                            "Workers": [],
                            "Plans": [
                              {
                                "Node Type": "Index Only Scan",
                                "Parent Relationship": "Outer",
                                "Parallel Aware": true,
                                "Async Capable": false,
                                "Scan Direction": "Forward",
                                "Index Name": "_dta_index_date_dim_6_661577395__k1_k7_k9",
                                "Relation Name": "date_dim",
                                "Alias": "date_dim_2",
                                "Startup Cost": 0.29,
                                "Total Cost": 1863.25,
                                "Plan Rows": 446,
                                "Plan Width": 4,
                                "Actual Startup Time": 0.194,
                                "Actual Total Time": 0.765,
                                "Actual Rows": 365,
                                "Actual Loops": 3,
                                "Index Cond": "((d_year >= 1999) AND (d_year <= 2001))",
                                "Rows Removed by Index Recheck": 0,
                                "Heap Fetches": 0,
                                "Workers": []
                              },
                              {
                                "Node Type": "Index Only Scan",
                                "Parent Relationship": "Inner",
                                "Parallel Aware": false,
                                "Async Capable": false,
                                "Scan Direction": "Forward",
                                "Index Name": "_dta_index_store_sales_6_1333579789__k1_k23_k14_k6_k8_k5_k7_3_4",
                                "Relation Name": "store_sales",
                                "Alias": "store_sales_3",
                                "Startup Cost": 0.56,
                                "Total Cost": 881.13,
                                "Plan Rows": 3241,
                                "Plan Width": 14,
                                "Actual Startup Time": 0.103,
                                "Actual Total Time": 3.272,
                                "Actual Rows": 3539,
                                "Actual Loops": 1096,
                                "Index Cond": "(ss_sold_date_sk = date_dim_2.d_date_sk)",
                                "Rows Removed by Index Recheck": 0,
                                "Filter": "((ss_wholesale_cost >= '35'::numeric) AND (ss_wholesale_cost <= '55'::numeric))",
                                "Rows Removed by Filter": 10732,
                                "Heap Fetches": 0,
                                "Workers": []
                              }
                            ]
                          },
                          {
                            "Node Type": "Nested Loop",
                            "Parent Relationship": "Member",
                            "Parallel Aware": false,
                            "Async Capable": false,
                            "Join Type": "Inner",
                            "Startup Cost": 0.73,
                            "Total Cost": 348520.55,
                            "Plan Rows": 15005,
                            "Plan Width": 10,
                            "Actual Startup Time": 0.321,
                            "Actual Total Time": 942.049,
                            "Actual Rows": 559768,
                            "Actual Loops": 2,
                            "Inner Unique": false,
                            "Workers": [],
                            "Plans": [
                              {
                                "Node Type": "Index Only Scan",
                                "Parent Relationship": "Outer",
                                "Parallel Aware": true,
                                "Async Capable": false,
                                "Scan Direction": "Forward",
                                "Index Name": "_dta_index_date_dim_6_661577395__k1_k7_k9",
                                "Relation Name": "date_dim",
                                "Alias": "date_dim_3",
                                "Startup Cost": 0.29,
                                "Total Cost": 1863.25,
                                "Plan Rows": 446,
                                "Plan Width": 4,
                                "Actual Startup Time": 0.28,
                                "Actual Total Time": 1.122,
                                "Actual Rows": 548,
                                "Actual Loops": 2,
                                "Index Cond": "((d_year >= 1999) AND (d_year <= 2001))",
                                "Rows Removed by Index Recheck": 0,
                                "Heap Fetches": 0,
                                "Workers": []
                              },
                              {
                                "Node Type": "Index Scan",
                                "Parent Relationship": "Inner",
                                "Parallel Aware": false,
                                "Async Capable": false,
                                "Scan Direction": "Forward",
                                "Index Name": "_dta_index_catalog_sales_6_1301579675__k1_4",
                                "Relation Name": "catalog_sales",
                                "Alias": "catalog_sales_1",
                                "Startup Cost": 0.43,
                                "Total Cost": 765.7,
                                "Plan Rows": 1156,
                                "Plan Width": 14,
                                "Actual Startup Time": 0.008,
                                "Actual Total Time": 1.635,
                                "Actual Rows": 1021,
                                "Actual Loops": 1096,
                                "Index Cond": "(cs_sold_date_sk = date_dim_3.d_date_sk)",
                                "Rows Removed by Index Recheck": 0,
                                "Filter": "((cs_wholesale_cost >= '35'::numeric) AND (cs_wholesale_cost <= '55'::numeric))",
                                "Rows Removed by Filter": 4989,
                                "Workers": []
                              }
                            ]
                          },
                          {
                            "Node Type": "Nested Loop",
                            "Parent Relationship": "Member",
                            "Parallel Aware": false,
                            "Async Capable": false,
                            "Join Type": "Inner",
                            "Startup Cost": 0.72,
                            "Total Cost": 182360.1,
                            "Plan Rows": 3929,
                            "Plan Width": 10,
                            "Actual Startup Time": 0.874,
                            "Actual Total Time": 1092.248,
                            "Actual Rows": 383708,
                            "Actual Loops": 1,
                            "Inner Unique": false,
                            "Workers": [],
                            "Plans": [
                              {
                                "Node Type": "Index Only Scan",
                                "Parent Relationship": "Outer",
                                "Parallel Aware": true,
                                "Async Capable": false,
                                "Scan Direction": "Forward",
                                "Index Name": "_dta_index_date_dim_6_661577395__k1_k7_k9",
                                "Relation Name": "date_dim",
                                "Alias": "date_dim_4",
                                "Startup Cost": 0.29,
                                "Total Cost": 1863.25,
                                "Plan Rows": 446,
                                "Plan Width": 4,
                                "Actual Startup Time": 0.818,
                                "Actual Total Time": 2.383,
                                "Actual Rows": 1096,
                                "Actual Loops": 1,
                                "Index Cond": "((d_year >= 1999) AND (d_year <= 2001))",
                                "Rows Removed by Index Recheck": 0,
                                "Heap Fetches": 0,
                                "Workers": []
                              },
                              {
                                "Node Type": "Index Scan",
                                "Parent Relationship": "Inner",
                                "Parallel Aware": false,
                                "Async Capable": false,
                                "Scan Direction": "Forward",
                                "Index Name": "_dta_index_web_sales_6_1269579561__k1_8_24",
                                "Relation Name": "web_sales",
                                "Alias": "web_sales_1",
                                "Startup Cost": 0.43,
                                "Total Cost": 401.67,
                                "Plan Rows": 303,
                                "Plan Width": 14,
                                "Actual Startup Time": 0.01,
                                "Actual Total Time": 0.966,
                                "Actual Rows": 350,
                                "Actual Loops": 1096,
                                "Index Cond": "(ws_sold_date_sk = date_dim_4.d_date_sk)",
                                "Rows Removed by Index Recheck": 0,
                                "Filter": "((ws_wholesale_cost >= '35'::numeric) AND (ws_wholesale_cost <= '55'::numeric))",
                                "Rows Removed by Filter": 3462,
                                "Workers": []
                              }
                            ]
                          }
                        ]
                      }
                    ]
                  }
                ]
              }
            ]
          },
          {
            "Node Type": "Sort",
            "Parent Relationship": "Outer",
            "Parallel Aware": false,
            "Async Capable": false,
            "Startup Cost": 2277.07,
            "Total Cost": 2277.07,
            "Plan Rows": 1,
            "Plan Width": 168,
            "Actual Startup Time": 14182.868,
            "Actual Total Time": 14182.88,
            "Actual Rows": 47,
            "Actual Loops": 1,
            "Sort Key": [
              "('store'::text)",
              "item.i_brand_id",
              "item.i_class_id",
              "item.i_category_id"
            ],
            "Sort Method": "quicksort",
            "Sort Space Used": 31,
            "Sort Space Type": "Memory",
            "Plans": [
              {
                "Node Type": "Nested Loop",
                "Parent Relationship": "Outer",
                "Parallel Aware": false,
                "Async Capable": false,
                "Join Type": "Inner",
                "Startup Cost": 2276.95,
                "Total Cost": 2277.06,
                "Plan Rows": 1,
                "Plan Width": 168,
                "Actual Startup Time": 14141.957,
                "Actual Total Time": 14182.81,
                "Actual Rows": 47,
                "Actual Loops": 1,
                "Inner Unique": true,
                "Join Filter": "((item.i_brand_id = item_1.i_brand_id) AND (item.i_class_id = item_1.i_class_id) AND (item.i_category_id = item_1.i_category_id))",
                "Rows Removed by Join Filter": 9846,
                "Plans": [
                  {
                    "Node Type": "Aggregate",
                    "Strategy": "Sorted",
                    "Partial Mode": "Simple",
                    "Parent Relationship": "Outer",
                    "Parallel Aware": false,
                    "Async Capable": false,
                    "Startup Cost": 1138.47,
                    "Total Cost": 1138.51,
                    "Plan Rows": 1,
                    "Plan Width": 84,
                    "Actual Startup Time": 10823.281,
                    "Actual Total Time": 10824.394,
                    "Actual Rows": 151,
                    "Actual Loops": 1,
                    "Group Key": [
                      "item.i_brand_id",
                      "item.i_class_id",
                      "item.i_category_id"
                    ],
                    "Filter": "(sum(((store_sales.ss_quantity)::numeric * store_sales.ss_list_price)) > $16)",
                    "Rows Removed by Filter": 75,
                    "Plans": [
                      {
                        "Node Type": "Index Scan",
                        "Parent Relationship": "InitPlan",
                        "Subplan Name": "InitPlan 3 (returns $15)",
                        "Parallel Aware": false,
                        "Async Capable": false,
                        "Scan Direction": "Forward",
                        "Index Name": "_dta_index_date_dim_6_661577395__k7_k9",
                        "Relation Name": "date_dim",
                        "Alias": "date_dim_5",
                        "Startup Cost": 0.29,
                        "Total Cost": 59.72,
                        "Plan Rows": 1,
                        "Plan Width": 4,
                        "Actual Startup Time": 0.013,
                        "Actual Total Time": 0.014,
                        "Actual Rows": 1,
                        "Actual Loops": 1,
                        "Index Cond": "((d_year = 2000) AND (d_moy = 12))",
                        "Rows Removed by Index Recheck": 0,
                        "Filter": "(d_dom = 20)",
                        "Rows Removed by Filter": 30
                      },
                      {
                        "Node Type": "CTE Scan",
                        "Parent Relationship": "InitPlan",
                        "Subplan Name": "InitPlan 4 (returns $16)",
                        "Parallel Aware": false,
                        "Async Capable": false,
                        "CTE Name": "avg_sales",
                        "Alias": "avg_sales",
                        "Startup Cost": 0.0,
                        "Total Cost": 0.02,
                        "Plan Rows": 1,
                        "Plan Width": 32,
                        "Actual Startup Time": 3112.605,
                        "Actual Total Time": 3112.605,
                        "Actual Rows": 1,
                        "Actual Loops": 1
                      },
                      {
                        "Node Type": "Sort",
                        "Parent Relationship": "Outer",
                        "Parallel Aware": false,
                        "Async Capable": false,
                        "Startup Cost": 1078.74,
                        "Total Cost": 1078.74,
                        "Plan Rows": 1,
                        "Plan Width": 22,
                        "Actual Startup Time": 7710.653,
                        "Actual Total Time": 7710.846,
                        "Actual Rows": 2621,
                        "Actual Loops": 1,
                        "Sort Key": [
                          "item.i_brand_id",
                          "item.i_class_id",
                          "item.i_category_id"
                        ],
                        "Sort Method": "quicksort",
                        "Sort Space Used": 300,
                        "Sort Space Type": "Memory",
                        "Plans": [
                          {
                            "Node Type": "Nested Loop",
                            "Parent Relationship": "Outer",
                            "Parallel Aware": false,
                            "Async Capable": false,
                            "Join Type": "Inner",
                            "Startup Cost": 25.03,
                            "Total Cost": 1078.73,
                            "Plan Rows": 1,
                            "Plan Width": 22,
                            "Actual Startup Time": 4555.578,
                            "Actual Total Time": 7709.348,
                            "Actual Rows": 2621,
                            "Actual Loops": 1,
                            "Inner Unique": true,
                            "Plans": [
                              {
                                "Node Type": "Nested Loop",
                                "Parent Relationship": "Outer",
                                "Parallel Aware": false,
                                "Async Capable": false,
                                "Join Type": "Inner",
                                "Startup Cost": 24.74,
                                "Total Cost": 1075.59,
                                "Plan Rows": 10,
                                "Plan Width": 26,
                                "Actual Startup Time": 4554.428,
                                "Actual Total Time": 7409.934,
                                "Actual Rows": 272575,
                                "Actual Loops": 1,
                                "Inner Unique": false,
                                "Plans": [
                                  {
                                    "Node Type": "Nested Loop",
                                    "Parent Relationship": "Outer",
                                    "Parallel Aware": false,
                                    "Async Capable": false,
                                    "Join Type": "Inner",
                                    "Startup Cost": 0.32,
                                    "Total Cost": 8.36,
                                    "Plan Rows": 1,
                                    "Plan Width": 20,
                                    "Actual Startup Time": 4554.385,
                                    "Actual Total Time": 4576.358,
                                    "Actual Rows": 2664,
                                    "Actual Loops": 1,
                                    "Inner Unique": true,
                                    "Plans": [
                                      {
                                        "Node Type": "Aggregate",
                                        "Strategy": "Hashed",
                                        "Partial Mode": "Simple",
                                        "Parent Relationship": "Outer",
                                        "Parallel Aware": false,
                                        "Async Capable": false,
                                        "Startup Cost": 0.02,
                                        "Total Cost": 0.03,
                                        "Plan Rows": 1,
                                        "Plan Width": 4,
                                        "Actual Startup Time": 4554.363,
                                        "Actual Total Time": 4556.227,
                                        "Actual Rows": 2664,
                                        "Actual Loops": 1,
                                        "Group Key": [
                                          "cross_items.ss_item_sk"
                                        ],
                                        "Planned Partitions": 0,
                                        "HashAgg Batches": 1,
                                        "Peak Memory Usage": 265,
                                        "Disk Usage": 0,
                                        "Plans": [
                                          {
                                            "Node Type": "CTE Scan",
                                            "Parent Relationship": "Outer",
                                            "Parallel Aware": false,
                                            "Async Capable": false,
                                            "CTE Name": "cross_items",
                                            "Alias": "cross_items",
                                            "Startup Cost": 0.0,
                                            "Total Cost": 0.02,
                                            "Plan Rows": 1,
                                            "Plan Width": 4,
                                            "Actual Startup Time": 4530.629,
                                            "Actual Total Time": 4553.791,
                                            "Actual Rows": 2664,
                                            "Actual Loops": 1
                                          }
                                        ]
                                      },
                                      {
                                        "Node Type": "Index Scan",
                                        "Parent Relationship": "Inner",
                                        "Parallel Aware": false,
                                        "Async Capable": false,
                                        "Scan Direction": "Forward",
                                        "Index Name": "item_pkey",
                                        "Relation Name": "item",
                                        "Alias": "item",
                                        "Startup Cost": 0.29,
                                        "Total Cost": 8.32,
                                        "Plan Rows": 1,
                                        "Plan Width": 16,
                                        "Actual Startup Time": 0.007,
                                        "Actual Total Time": 0.007,
                                        "Actual Rows": 1,
                                        "Actual Loops": 2664,
                                        "Index Cond": "(i_item_sk = cross_items.ss_item_sk)",
                                        "Rows Removed by Index Recheck": 0,
                                        "Filter": "((i_manager_id >= 91) AND (i_manager_id <= 100) AND (i_category = ANY ('{Electronics,Jewelry,Men}'::bpchar[])))",
                                        "Rows Removed by Filter": 0
                                      }
                                    ]
                                  },
                                  {
                                    "Node Type": "Bitmap Heap Scan",
                                    "Parent Relationship": "Inner",
                                    "Parallel Aware": false,
                                    "Async Capable": false,
                                    "Relation Name": "store_sales",
                                    "Alias": "store_sales",
                                    "Startup Cost": 24.42,
                                    "Total Cost": 1064.28,
                                    "Plan Rows": 295,
                                    "Plan Width": 18,
                                    "Actual Startup Time": 0.066,
                                    "Actual Total Time": 1.052,
                                    "Actual Rows": 102,
                                    "Actual Loops": 2664,
                                    "Recheck Cond": "(ss_item_sk = item.i_item_sk)",
                                    "Rows Removed by Index Recheck": 4681,
                                    "Filter": "((ss_wholesale_cost >= '35'::numeric) AND (ss_wholesale_cost <= '55'::numeric))",
                                    "Rows Removed by Filter": 320,
                                    "Exact Heap Blocks": 492894,
                                    "Lossy Heap Blocks": 230649,
                                    "Plans": [
                                      {
                                        "Node Type": "Bitmap Index Scan",
                                        "Parent Relationship": "Outer",
                                        "Parallel Aware": false,
                                        "Async Capable": false,
                                        "Index Name": "store_sales_pkey",
                                        "Startup Cost": 0.0,
                                        "Total Cost": 24.35,
                                        "Plan Rows": 1219,
                                        "Plan Width": 0,
                                        "Actual Startup Time": 0.036,
                                        "Actual Total Time": 0.036,
                                        "Actual Rows": 422,
                                        "Actual Loops": 2664,
                                        "Index Cond": "(ss_item_sk = item.i_item_sk)"
                                      }
                                    ]
                                  }
                                ]
                              },
                              {
                                "Node Type": "Index Scan",
                                "Parent Relationship": "Inner",
                                "Parallel Aware": false,
                                "Async Capable": false,
                                "Scan Direction": "Forward",
                                "Index Name": "date_dim_pkey",
                                "Relation Name": "date_dim",
                                "Alias": "date_dim",
                                "Startup Cost": 0.29,
                                "Total Cost": 0.31,
                                "Plan Rows": 1,
                                "Plan Width": 4,
                                "Actual Startup Time": 0.001,
                                "Actual Total Time": 0.001,
                                "Actual Rows": 0,
                                "Actual Loops": 272575,
                                "Index Cond": "(d_date_sk = store_sales.ss_sold_date_sk)",
                                "Rows Removed by Index Recheck": 0,
                                "Filter": "(d_week_seq = $15)",
                                "Rows Removed by Filter": 1
                              }
                            ]
                          }
                        ]
                      }
                    ]
                  },
                  {
                    "Node Type": "Aggregate",
                    "Strategy": "Sorted",
                    "Partial Mode": "Simple",
                    "Parent Relationship": "Inner",
                    "Parallel Aware": false,
                    "Async Capable": false,
                    "Startup Cost": 1138.47,
                    "Total Cost": 1138.51,
                    "Plan Rows": 1,
                    "Plan Width": 84,
                    "Actual Startup Time": 21.982,
                    "Actual Total Time": 22.238,
                    "Actual Rows": 66,
                    "Actual Loops": 151,
                    "Group Key": [
                      "item_1.i_brand_id",
                      "item_1.i_class_id",
                      "item_1.i_category_id"
                    ],
                    "Filter": "(sum(((store_sales_1.ss_quantity)::numeric * store_sales_1.ss_list_price)) > $18)",
                    "Rows Removed by Filter": 48,
                    "Plans": [
                      {
                        "Node Type": "Index Scan",
                        "Parent Relationship": "InitPlan",
                        "Subplan Name": "InitPlan 5 (returns $17)",
                        "Parallel Aware": false,
                        "Async Capable": false,
                        "Scan Direction": "Forward",
                        "Index Name": "_dta_index_date_dim_6_661577395__k7_k9",
                        "Relation Name": "date_dim",
                        "Alias": "date_dim_6",
                        "Startup Cost": 0.29,
                        "Total Cost": 59.72,
                        "Plan Rows": 1,
                        "Plan Width": 4,
                        "Actual Startup Time": 0.012,
                        "Actual Total Time": 0.014,
                        "Actual Rows": 1,
                        "Actual Loops": 1,
                        "Index Cond": "((d_year = 1999) AND (d_moy = 12))",
                        "Rows Removed by Index Recheck": 0,
                        "Filter": "(d_dom = 20)",
                        "Rows Removed by Filter": 30
                      },
                      {
                        "Node Type": "CTE Scan",
                        "Parent Relationship": "InitPlan",
                        "Subplan Name": "InitPlan 6 (returns $18)",
                        "Parallel Aware": false,
                        "Async Capable": false,
                        "CTE Name": "avg_sales",
                        "Alias": "avg_sales_1",
                        "Startup Cost": 0.0,
                        "Total Cost": 0.02,
                        "Plan Rows": 1,
                        "Plan Width": 32,
                        "Actual Startup Time": 0.001,
                        "Actual Total Time": 0.002,
                        "Actual Rows": 1,
                        "Actual Loops": 1
                      },
                      {
                        "Node Type": "Sort",
                        "Parent Relationship": "Outer",
                        "Parallel Aware": false,
                        "Async Capable": false,
                        "Startup Cost": 1078.74,
                        "Total Cost": 1078.74,
                        "Plan Rows": 1,
                        "Plan Width": 22,
                        "Actual Startup Time": 21.978,
                        "Actual Total Time": 22.006,
                        "Actual Rows": 695,
                        "Actual Loops": 151,
                        "Sort Key": [
                          "item_1.i_brand_id",
                          "item_1.i_class_id",
                          "item_1.i_category_id"
                        ],
                        "Sort Method": "quicksort",
                        "Sort Space Used": 85,
                        "Sort Space Type": "Memory",
                        "Plans": [
                          {
                            "Node Type": "Nested Loop",
                            "Parent Relationship": "Outer",
                            "Parallel Aware": false,
                            "Async Capable": false,
                            "Join Type": "Inner",
                            "Startup Cost": 25.03,
                            "Total Cost": 1078.73,
                            "Plan Rows": 1,
                            "Plan Width": 22,
                            "Actual Startup Time": 4.382,
                            "Actual Total Time": 3317.958,
                            "Actual Rows": 778,
                            "Actual Loops": 1,
                            "Inner Unique": true,
                            "Plans": [
                              {
                                "Node Type": "Nested Loop",
                                "Parent Relationship": "Outer",
                                "Parallel Aware": false,
                                "Async Capable": false,
                                "Join Type": "Inner",
                                "Startup Cost": 24.74,
                                "Total Cost": 1075.59,
                                "Plan Rows": 10,
                                "Plan Width": 26,
                                "Actual Startup Time": 0.486,
                                "Actual Total Time": 3009.043,
                                "Actual Rows": 272575,
                                "Actual Loops": 1,
                                "Inner Unique": false,
                                "Plans": [
                                  {
                                    "Node Type": "Nested Loop",
                                    "Parent Relationship": "Outer",
                                    "Parallel Aware": false,
                                    "Async Capable": false,
                                    "Join Type": "Inner",
                                    "Startup Cost": 0.32,
                                    "Total Cost": 8.36,
                                    "Plan Rows": 1,
                                    "Plan Width": 20,
                                    "Actual Startup Time": 0.44,
                                    "Actual Total Time": 16.985,
                                    "Actual Rows": 2664,
                                    "Actual Loops": 1,
                                    "Inner Unique": true,
                                    "Plans": [
                                      {
                                        "Node Type": "Aggregate",
                                        "Strategy": "Hashed",
                                        "Partial Mode": "Simple",
                                        "Parent Relationship": "Outer",
                                        "Parallel Aware": false,
                                        "Async Capable": false,
                                        "Startup Cost": 0.02,
                                        "Total Cost": 0.03,
                                        "Plan Rows": 1,
                                        "Plan Width": 4,
                                        "Actual Startup Time": 0.426,
                                        "Actual Total Time": 2.445,
                                        "Actual Rows": 2664,
                                        "Actual Loops": 1,
                                        "Group Key": [
                                          "cross_items_1.ss_item_sk"
                                        ],
                                        "Planned Partitions": 0,
                                        "HashAgg Batches": 1,
                                        "Peak Memory Usage": 265,
                                        "Disk Usage": 0,
                                        "Plans": [
                                          {
                                            "Node Type": "CTE Scan",
                                            "Parent Relationship": "Outer",
                                            "Parallel Aware": false,
                                            "Async Capable": false,
                                            "CTE Name": "cross_items",
                                            "Alias": "cross_items_1",
                                            "Startup Cost": 0.0,
                                            "Total Cost": 0.02,
                                            "Plan Rows": 1,
                                            "Plan Width": 4,
                                            "Actual Startup Time": 0.001,
                                            "Actual Total Time": 0.112,
                                            "Actual Rows": 2664,
                                            "Actual Loops": 1
                                          }
                                        ]
                                      },
                                      {
                                        "Node Type": "Index Scan",
                                        "Parent Relationship": "Inner",
                                        "Parallel Aware": false,
                                        "Async Capable": false,
                                        "Scan Direction": "Forward",
                                        "Index Name": "item_pkey",
                                        "Relation Name": "item",
                                        "Alias": "item_1",
                                        "Startup Cost": 0.29,
                                        "Total Cost": 8.32,
                                        "Plan Rows": 1,
                                        "Plan Width": 16,
                                        "Actual Startup Time": 0.005,
                                        "Actual Total Time": 0.005,
                                        "Actual Rows": 1,
                                        "Actual Loops": 2664,
                                        "Index Cond": "(i_item_sk = cross_items_1.ss_item_sk)",
                                        "Rows Removed by Index Recheck": 0,
                                        "Filter": "((i_manager_id >= 91) AND (i_manager_id <= 100) AND (i_category = ANY ('{Electronics,Jewelry,Men}'::bpchar[])))",
                                        "Rows Removed by Filter": 0
                                      }
                                    ]
                                  },
                                  {
                                    "Node Type": "Bitmap Heap Scan",
                                    "Parent Relationship": "Inner",
                                    "Parallel Aware": false,
                                    "Async Capable": false,
                                    "Relation Name": "store_sales",
                                    "Alias": "store_sales_1",
                                    "Startup Cost": 24.42,
                                    "Total Cost": 1064.28,
                                    "Plan Rows": 295,
                                    "Plan Width": 18,
                                    "Actual Startup Time": 0.066,
                                    "Actual Total Time": 1.111,
                                    "Actual Rows": 102,
                                    "Actual Loops": 2664,
                                    "Recheck Cond": "(ss_item_sk = item_1.i_item_sk)",
                                    "Rows Removed by Index Recheck": 4681,
                                    "Filter": "((ss_wholesale_cost >= '35'::numeric) AND (ss_wholesale_cost <= '55'::numeric))",
                                    "Rows Removed by Filter": 320,
                                    "Exact Heap Blocks": 492894,
                                    "Lossy Heap Blocks": 230649,
                                    "Plans": [
                                      {
                                        "Node Type": "Bitmap Index Scan",
                                        "Parent Relationship": "Outer",
                                        "Parallel Aware": false,
                                        "Async Capable": false,
                                        "Index Name": "store_sales_pkey",
                                        "Startup Cost": 0.0,
                                        "Total Cost": 24.35,
                                        "Plan Rows": 1219,
                                        "Plan Width": 0,
                                        "Actual Startup Time": 0.035,
                                        "Actual Total Time": 0.035,
                                        "Actual Rows": 422,
                                        "Actual Loops": 2664,
                                        "Index Cond": "(ss_item_sk = item_1.i_item_sk)"
                                      }
                                    ]
                                  }
                                ]
                              },
                              {
                                "Node Type": "Index Scan",
                                "Parent Relationship": "Inner",
                                "Parallel Aware": false,
                                "Async Capable": false,
                                "Scan Direction": "Forward",
                                "Index Name": "date_dim_pkey",
                                "Relation Name": "date_dim",
                                "Alias": "date_dim_1",
                                "Startup Cost": 0.29,
                                "Total Cost": 0.31,
                                "Plan Rows": 1,
                                "Plan Width": 4,
                                "Actual Startup Time": 0.001,
                                "Actual Total Time": 0.001,
                                "Actual Rows": 0,
                                "Actual Loops": 272575,
                                "Index Cond": "(d_date_sk = store_sales_1.ss_sold_date_sk)",
                                "Rows Removed by Index Recheck": 0,
                                "Filter": "(d_week_seq = $17)",
                                "Rows Removed by Filter": 1
                              }
                            ]
                          }
                        ]
                      }
                    ]
                  }
                ]
              }
            ]
          }
        ]
      },
      "Planning Time": 2.571,
      "Triggers": [],
      "Execution Time": 14184.478
    }
  ],
  "plan_text": "",
  "actual_rows": 0,
  "provenance": {
    "database": "postgres://jakc9:jakc9@127.0.0.1:5434/dsb_sf10",
    "scale_factor": 10,
    "engine": "postgresql",
    "engine_version": "14.3",
    "cached_at": "2026-02-09T20:54:30.484473"
  }
}