{
  "plan_json": [
    {
      "Plan": {
        "Node Type": "Limit",
        "Parallel Aware": false,
        "Async Capable": false,
        "Startup Cost": 15777.93,
        "Total Cost": 15777.93,
        "Plan Rows": 1,
        "Plan Width": 142,
        "Actual Startup Time": 544.339,
        "Actual Total Time": 544.411,
        "Actual Rows": 31,
        "Actual Loops": 1,
        "Plans": [
          {
            "Node Type": "Sort",
            "Parent Relationship": "Outer",
            "Parallel Aware": false,
            "Async Capable": false,
            "Startup Cost": 15777.93,
            "Total Cost": 15777.93,
            "Plan Rows": 1,
            "Plan Width": 142,
            "Actual Startup Time": 544.337,
            "Actual Total Time": 544.407,
            "Actual Rows": 31,
            "Actual Loops": 1,
            "Sort Key": [
              "(sum(store_sales.ss_ext_sales_price)) DESC",
              "item.i_brand",
              "item.i_brand_id",
              "item.i_manufact_id",
              "item.i_manufact"
            ],
            "Sort Method": "quicksort",
            "Sort Space Used": 33,
            "Sort Space Type": "Memory",
            "Plans": [
              {
                "Node Type": "Aggregate",
                "Strategy": "Sorted",
                "Partial Mode": "Finalize",
                "Parent Relationship": "Outer",
                "Parallel Aware": false,
                "Async Capable": false,
                "Startup Cost": 15777.62,
                "Total Cost": 15777.92,
                "Plan Rows": 1,
                "Plan Width": 142,
                "Actual Startup Time": 544.283,
                "Actual Total Time": 544.388,
                "Actual Rows": 31,
                "Actual Loops": 1,
                "Group Key": [
                  "item.i_brand",
                  "item.i_brand_id",
                  "item.i_manufact_id",
                  "item.i_manufact"
                ],
                "Plans": [
                  {
                    "Node Type": "Gather Merge",
                    "Parent Relationship": "Outer",
                    "Parallel Aware": false,
                    "Async Capable": false,
                    "Startup Cost": 15777.62,
                    "Total Cost": 15777.88,
                    "Plan Rows": 2,
                    "Plan Width": 142,
                    "Actual Startup Time": 544.276,
                    "Actual Total Time": 544.366,
                    "Actual Rows": 31,
                    "Actual Loops": 1,
                    "Workers Planned": 2,
                    "Workers Launched": 2,
                    "Plans": [
                      {
                        "Node Type": "Aggregate",
                        "Strategy": "Sorted",
                        "Partial Mode": "Partial",
                        "Parent Relationship": "Outer",
                        "Parallel Aware": false,
                        "Async Capable": false,
                        "Startup Cost": 14777.59,
                        "Total Cost": 14777.62,
                        "Plan Rows": 1,
                        "Plan Width": 142,
                        "Actual Startup Time": 182.804,
                        "Actual Total Time": 182.814,
                        "Actual Rows": 10,
                        "Actual Loops": 3,
                        "Group Key": [
                          "item.i_brand",
                          "item.i_brand_id",
                          "item.i_manufact_id",
                          "item.i_manufact"
                        ],
                        "Workers": [],
                        "Plans": [
                          {
                            "Node Type": "Sort",
                            "Parent Relationship": "Outer",
                            "Parallel Aware": false,
                            "Async Capable": false,
                            "Startup Cost": 14777.59,
                            "Total Cost": 14777.6,
                            "Plan Rows": 1,
                            "Plan Width": 116,
                            "Actual Startup Time": 182.8,
                            "Actual Total Time": 182.803,
                            "Actual Rows": 12,
                            "Actual Loops": 3,
                            "Sort Key": [
                              "item.i_brand",
                              "item.i_brand_id",
                              "item.i_manufact_id",
                              "item.i_manufact"
                            ],
                            "Sort Method": "quicksort",
                            "Sort Space Used": 34,
                            "Sort Space Type": "Memory",
                            "Workers": [
                              {
                                "Worker Number": 0,
                                "Sort Method": "quicksort",
                                "Sort Space Used": 25,
                                "Sort Space Type": "Memory"
                              },
                              {
                                "Worker Number": 1,
                                "Sort Method": "quicksort",
                                "Sort Space Used": 25,
                                "Sort Space Type": "Memory"
                              }
                            ],
                            "Plans": [
                              {
                                "Node Type": "Nested Loop",
                                "Parent Relationship": "Outer",
                                "Parallel Aware": false,
                                "Async Capable": false,
                                "Join Type": "Inner",
                                "Startup Cost": 9.29,
                                "Total Cost": 14777.58,
                                "Plan Rows": 1,
                                "Plan Width": 116,
                                "Actual Startup Time": 3.823,
                                "Actual Total Time": 182.731,
                                "Actual Rows": 12,
                                "Actual Loops": 3,
                                "Inner Unique": true,
                                "Join Filter": "(\"substring\"((customer_address.ca_zip)::text, 1, 5) <> \"substring\"((store.s_zip)::text, 1, 5))",
                                "Rows Removed by Join Filter": 0,
                                "Workers": [],
                                "Plans": [
                                  {
                                    "Node Type": "Nested Loop",
                                    "Parent Relationship": "Outer",
                                    "Parallel Aware": false,
                                    "Async Capable": false,
                                    "Join Type": "Inner",
                                    "Startup Cost": 8.87,
                                    "Total Cost": 14766.08,
                                    "Plan Rows": 10,
                                    "Plan Width": 131,
                                    "Actual Startup Time": 1.934,
                                    "Actual Total Time": 179.748,
                                    "Actual Rows": 433,
                                    "Actual Loops": 3,
                                    "Inner Unique": true,
                                    "Workers": [],
                                    "Plans": [
                                      {
                                        "Node Type": "Nested Loop",
                                        "Parent Relationship": "Outer",
                                        "Parallel Aware": false,
                                        "Async Capable": false,
                                        "Join Type": "Inner",
                                        "Startup Cost": 8.44,
                                        "Total Cost": 14695.83,
                                        "Plan Rows": 100,
                                        "Plan Width": 131,
                                        "Actual Startup Time": 1.666,
                                        "Actual Total Time": 154.63,
                                        "Actual Rows": 4389,
                                        "Actual Loops": 3,
                                        "Inner Unique": true,
                                        "Workers": [],
                                        "Plans": [
                                          {
                                            "Node Type": "Hash Join",
                                            "Parent Relationship": "Outer",
                                            "Parallel Aware": false,
                                            "Async Capable": false,
                                            "Join Type": "Inner",
                                            "Startup Cost": 8.15,
                                            "Total Cost": 14358.64,
                                            "Plan Rows": 614,
                                            "Plan Width": 25,
                                            "Actual Startup Time": 1.659,
                                            "Actual Total Time": 61.964,
                                            "Actual Rows": 41155,
                                            "Actual Loops": 3,
                                            "Inner Unique": true,
                                            "Hash Cond": "(store_sales.ss_store_sk = store.s_store_sk)",
                                            "Workers": [],
                                            "Plans": [
                                              {
                                                "Node Type": "Nested Loop",
                                                "Parent Relationship": "Outer",
                                                "Parallel Aware": false,
                                                "Async Capable": false,
                                                "Join Type": "Inner",
                                                "Startup Cost": 0.85,
                                                "Total Cost": 14349.59,
                                                "Plan Rows": 644,
                                                "Plan Width": 18,
                                                "Actual Startup Time": 1.643,
                                                "Actual Total Time": 56.321,
                                                "Actual Rows": 41672,
                                                "Actual Loops": 3,
                                                "Inner Unique": false,
                                                "Workers": [],
                                                "Plans": [
                                                  {
                                                    "Node Type": "Index Only Scan",
                                                    "Parent Relationship": "Outer",
                                                    "Parallel Aware": true,
                                                    "Async Capable": false,
                                                    "Scan Direction": "Forward",
                                                    "Index Name": "_dta_index_date_dim_6_661577395__k1_k7_k9",
                                                    "Relation Name": "date_dim",
                                                    "Alias": "date_dim",
                                                    "Startup Cost": 0.29,
                                                    "Total Cost": 1858.9,
                                                    "Plan Rows": 12,
                                                    "Plan Width": 4,
                                                    "Actual Startup Time": 1.634,
                                                    "Actual Total Time": 1.645,
                                                    "Actual Rows": 9,
                                                    "Actual Loops": 3,
                                                    "Index Cond": "((d_year = 1999) AND (d_moy = 2))",
                                                    "Rows Removed by Index Recheck": 0,
                                                    "Heap Fetches": 0,
                                                    "Workers": []
                                                  },
                                                  {
                                                    "Node Type": "Index Only Scan",
                                                    "Parent Relationship": "Inner",
                                                    "Parallel Aware": false,
                                                    "Async Capable": false,
                                                    "Scan Direction": "Forward",
                                                    "Index Name": "_dta_index_store_sales_6_1333579789__k1_k23_k14_k6_k8_k5_k7_3_4",
                                                    "Relation Name": "store_sales",
                                                    "Alias": "store_sales",
                                                    "Startup Cost": 0.56,
                                                    "Total Cost": 1021.22,
                                                    "Plan Rows": 1967,
                                                    "Plan Width": 22,
                                                    "Actual Startup Time": 0.011,
                                                    "Actual Total Time": 5.542,
                                                    "Actual Rows": 4465,
                                                    "Actual Loops": 28,
                                                    "Index Cond": "(ss_sold_date_sk = date_dim.d_date_sk)",
                                                    "Rows Removed by Index Recheck": 0,
                                                    "Filter": "((ss_wholesale_cost >= '76'::numeric) AND (ss_wholesale_cost <= '96'::numeric))",
                                                    "Rows Removed by Filter": 24723,
                                                    "Heap Fetches": 0,
                                                    "Workers": []
                                                  }
                                                ]
                                              },
                                              {
                                                "Node Type": "Hash",
                                                "Parent Relationship": "Inner",
                                                "Parallel Aware": false,
                                                "Async Capable": false,
                                                "Startup Cost": 6.02,
                                                "Total Cost": 6.02,
                                                "Plan Rows": 102,
                                                "Plan Width": 15,
                                                "Actual Startup Time": 0.039,
                                                "Actual Total Time": 0.04,
                                                "Actual Rows": 102,
                                                "Actual Loops": 1,
                                                "Hash Buckets": 1024,
                                                "Original Hash Buckets": 1024,
                                                "Hash Batches": 1,
                                                "Original Hash Batches": 1,
                                                "Peak Memory Usage": 13,
                                                "Workers": [],
                                                "Plans": [
                                                  {
                                                    "Node Type": "Seq Scan",
                                                    "Parent Relationship": "Outer",
                                                    "Parallel Aware": false,
                                                    "Async Capable": false,
                                                    "Relation Name": "store",
                                                    "Alias": "store",
                                                    "Startup Cost": 0.0,
                                                    "Total Cost": 6.02,
                                                    "Plan Rows": 102,
                                                    "Plan Width": 15,
                                                    "Actual Startup Time": 0.006,
                                                    "Actual Total Time": 0.028,
                                                    "Actual Rows": 102,
                                                    "Actual Loops": 1,
                                                    "Workers": []
                                                  }
                                                ]
                                              }
                                            ]
                                          },
                                          {
                                            "Node Type": "Index Scan",
                                            "Parent Relationship": "Inner",
                                            "Parallel Aware": false,
                                            "Async Capable": false,
                                            "Scan Direction": "Forward",
                                            "Index Name": "item_pkey",
                                            "Relation Name": "item",
                                            "Alias": "item",
                                            "Startup Cost": 0.29,
                                            "Total Cost": 0.55,
                                            "Plan Rows": 1,
                                            "Plan Width": 114,
                                            "Actual Startup Time": 0.002,
                                            "Actual Total Time": 0.002,
                                            "Actual Rows": 0,
                                            "Actual Loops": 123464,
                                            "Index Cond": "(i_item_sk = store_sales.ss_item_sk)",
                                            "Rows Removed by Index Recheck": 0,
                                            "Filter": "(i_category = 'Shoes'::bpchar)",
                                            "Rows Removed by Filter": 1,
                                            "Workers": []
                                          }
                                        ]
                                      },
                                      {
                                        "Node Type": "Index Scan",
                                        "Parent Relationship": "Inner",
                                        "Parallel Aware": false,
                                        "Async Capable": false,
                                        "Scan Direction": "Forward",
                                        "Index Name": "_dta_index_customer_6_949578421__k1_k5",
                                        "Relation Name": "customer",
                                        "Alias": "customer",
                                        "Startup Cost": 0.42,
                                        "Total Cost": 0.7,
                                        "Plan Rows": 1,
                                        "Plan Width": 8,
                                        "Actual Startup Time": 0.006,
                                        "Actual Total Time": 0.006,
                                        "Actual Rows": 0,
                                        "Actual Loops": 13167,
                                        "Index Cond": "(c_customer_sk = store_sales.ss_customer_sk)",
                                        "Rows Removed by Index Recheck": 0,
                                        "Filter": "(c_birth_month = 2)",
                                        "Rows Removed by Filter": 1,
                                        "Workers": []
                                      }
                                    ]
                                  },
                                  {
                                    "Node Type": "Index Scan",
                                    "Parent Relationship": "Inner",
                                    "Parallel Aware": false,
                                    "Async Capable": false,
                                    "Scan Direction": "Forward",
                                    "Index Name": "customer_address_pkey",
                                    "Relation Name": "customer_address",
                                    "Alias": "customer_address",
                                    "Startup Cost": 0.42,
                                    "Total Cost": 1.13,
                                    "Plan Rows": 1,
                                    "Plan Width": 15,
                                    "Actual Startup Time": 0.006,
                                    "Actual Total Time": 0.006,
                                    "Actual Rows": 0,
                                    "Actual Loops": 1299,
                                    "Index Cond": "(ca_address_sk = customer.c_current_addr_sk)",
                                    "Rows Removed by Index Recheck": 0,
                                    "Filter": "(ca_state = 'KS'::bpchar)",
                                    "Rows Removed by Filter": 1,
                                    "Workers": []
                                  }
                                ]
                              }
                            ]
                          }
                        ]
                      }
                    ]
                  }
                ]
              }
            ]
          }
        ]
      },
      "Planning Time": 3.019,
      "Triggers": [],
      "Execution Time": 544.484
    }
  ],
  "plan_text": "",
  "actual_rows": 0,
  "provenance": {
    "database": "postgres://jakc9:jakc9@127.0.0.1:5434/dsb_sf10",
    "scale_factor": 10,
    "engine": "postgresql",
    "engine_version": "14.3",
    "cached_at": "2026-02-09T20:54:43.897909"
  }
}