{
  "plan_json": [
    {
      "Plan": {
        "Node Type": "Limit",
        "Parallel Aware": false,
        "Async Capable": false,
        "Startup Cost": 24323.53,
        "Total Cost": 24335.2,
        "Plan Rows": 100,
        "Plan Width": 49,
        "Actual Startup Time": 43.229,
        "Actual Total Time": 43.948,
        "Actual Rows": 100,
        "Actual Loops": 1,
        "Plans": [
          {
            "Node Type": "Gather Merge",
            "Parent Relationship": "Outer",
            "Parallel Aware": false,
            "Async Capable": false,
            "Startup Cost": 24323.53,
            "Total Cost": 24365.3,
            "Plan Rows": 358,
            "Plan Width": 49,
            "Actual Startup Time": 43.228,
            "Actual Total Time": 43.941,
            "Actual Rows": 100,
            "Actual Loops": 1,
            "Workers Planned": 2,
            "Workers Launched": 2,
            "Plans": [
              {
                "Node Type": "Sort",
                "Parent Relationship": "Outer",
                "Parallel Aware": false,
                "Async Capable": false,
                "Startup Cost": 23323.51,
                "Total Cost": 23323.95,
                "Plan Rows": 179,
                "Plan Width": 49,
                "Actual Startup Time": 39.954,
                "Actual Total Time": 39.961,
                "Actual Rows": 43,
                "Actual Loops": 3,
                "Sort Key": [
                  "customer.c_customer_id"
                ],
                "Sort Method": "quicksort",
                "Sort Space Used": 28,
                "Sort Space Type": "Memory",
                "Workers": [
                  {
                    "Worker Number": 0,
                    "Sort Method": "quicksort",
                    "Sort Space Used": 27,
                    "Sort Space Type": "Memory"
                  },
                  {
                    "Worker Number": 1,
                    "Sort Method": "quicksort",
                    "Sort Space Used": 29,
                    "Sort Space Type": "Memory"
                  }
                ],
                "Plans": [
                  {
                    "Node Type": "Nested Loop",
                    "Parent Relationship": "Outer",
                    "Parallel Aware": false,
                    "Async Capable": false,
                    "Join Type": "Inner",
                    "Startup Cost": 6721.71,
                    "Total Cost": 23316.81,
                    "Plan Rows": 179,
                    "Plan Width": 49,
                    "Actual Startup Time": 15.294,
                    "Actual Total Time": 39.917,
                    "Actual Rows": 44,
                    "Actual Loops": 3,
                    "Inner Unique": false,
                    "Workers": [],
                    "Plans": [
                      {
                        "Node Type": "Nested Loop",
                        "Parent Relationship": "Outer",
                        "Parallel Aware": false,
                        "Async Capable": false,
                        "Join Type": "Inner",
                        "Startup Cost": 6721.28,
                        "Total Cost": 23256.69,
                        "Plan Rows": 50,
                        "Plan Width": 77,
                        "Actual Startup Time": 10.061,
                        "Actual Total Time": 34.528,
                        "Actual Rows": 12,
                        "Actual Loops": 3,
                        "Inner Unique": true,
                        "Workers": [],
                        "Plans": [
                          {
                            "Node Type": "Hash Join",
                            "Parent Relationship": "Outer",
                            "Parallel Aware": false,
                            "Async Capable": false,
                            "Join Type": "Inner",
                            "Startup Cost": 6720.85,
                            "Total Cost": 23231.85,
                            "Plan Rows": 51,
                            "Plan Width": 73,
                            "Actual Startup Time": 10.032,
                            "Actual Total Time": 34.373,
                            "Actual Rows": 12,
                            "Actual Loops": 3,
                            "Inner Unique": true,
                            "Hash Cond": "(household_demographics.hd_income_band_sk = income_band.ib_income_band_sk)",
                            "Workers": [],
                            "Plans": [
                              {
                                "Node Type": "Nested Loop",
                                "Parent Relationship": "Outer",
                                "Parallel Aware": false,
                                "Async Capable": false,
                                "Join Type": "Inner",
                                "Startup Cost": 6719.48,
                                "Total Cost": 23229.92,
                                "Plan Rows": 171,
                                "Plan Width": 77,
                                "Actual Startup Time": 9.365,
                                "Actual Total Time": 34.284,
                                "Actual Rows": 63,
                                "Actual Loops": 3,
                                "Inner Unique": true,
                                "Workers": [],
                                "Plans": [
                                  {
                                    "Node Type": "Hash Join",
                                    "Parent Relationship": "Outer",
                                    "Parallel Aware": true,
                                    "Async Capable": false,
                                    "Join Type": "Inner",
                                    "Startup Cost": 6719.2,
                                    "Total Cost": 23176.41,
                                    "Plan Rows": 178,
                                    "Plan Width": 77,
                                    "Actual Startup Time": 9.33,
                                    "Actual Total Time": 33.891,
                                    "Actual Rows": 64,
                                    "Actual Loops": 3,
                                    "Inner Unique": true,
                                    "Hash Cond": "(customer.c_current_addr_sk = customer_address.ca_address_sk)",
                                    "Workers": [],
                                    "Plans": [
                                      {
                                        "Node Type": "Seq Scan",
                                        "Parent Relationship": "Outer",
                                        "Parallel Aware": true,
                                        "Async Capable": false,
                                        "Relation Name": "customer",
                                        "Alias": "customer",
                                        "Startup Cost": 0.0,
                                        "Total Cost": 15910.33,
                                        "Plan Rows": 208333,
                                        "Plan Width": 81,
                                        "Actual Startup Time": 0.017,
                                        "Actual Total Time": 15.348,
                                        "Actual Rows": 166667,
                                        "Actual Loops": 3,
                                        "Workers": []
                                      },
                                      {
                                        "Node Type": "Hash",
                                        "Parent Relationship": "Inner",
                                        "Parallel Aware": true,
                                        "Async Capable": false,
                                        "Startup Cost": 6718.08,
                                        "Total Cost": 6718.08,
                                        "Plan Rows": 89,
                                        "Plan Width": 4,
                                        "Actual Startup Time": 8.855,
                                        "Actual Total Time": 8.856,
                                        "Actual Rows": 33,
                                        "Actual Loops": 3,
                                        "Hash Buckets": 1024,
                                        "Original Hash Buckets": 1024,
                                        "Hash Batches": 1,
                                        "Original Hash Batches": 1,
                                        "Peak Memory Usage": 104,
                                        "Workers": [],
                                        "Plans": [
                                          {
                                            "Node Type": "Seq Scan",
                                            "Parent Relationship": "Outer",
                                            "Parallel Aware": true,
                                            "Async Capable": false,
                                            "Relation Name": "customer_address",
                                            "Alias": "customer_address",
                                            "Startup Cost": 0.0,
                                            "Total Cost": 6718.08,
                                            "Plan Rows": 89,
                                            "Plan Width": 4,
                                            "Actual Startup Time": 0.385,
                                            "Actual Total Time": 8.784,
                                            "Actual Rows": 33,
                                            "Actual Loops": 3,
                                            "Filter": "((ca_city)::text = 'Jackson'::text)",
                                            "Rows Removed by Filter": 83301,
                                            "Workers": []
                                          }
                                        ]
                                      }
                                    ]
                                  },
                                  {
                                    "Node Type": "Index Scan",
                                    "Parent Relationship": "Inner",
                                    "Parallel Aware": false,
                                    "Async Capable": false,
                                    "Scan Direction": "Forward",
                                    "Index Name": "household_demographics_pkey",
                                    "Relation Name": "household_demographics",
                                    "Alias": "household_demographics",
                                    "Startup Cost": 0.28,
                                    "Total Cost": 0.3,
                                    "Plan Rows": 1,
                                    "Plan Width": 8,
                                    "Actual Startup Time": 0.005,
                                    "Actual Total Time": 0.005,
                                    "Actual Rows": 1,
                                    "Actual Loops": 193,
                                    "Index Cond": "(hd_demo_sk = customer.c_current_hdemo_sk)",
                                    "Rows Removed by Index Recheck": 0,
                                    "Workers": []
                                  }
                                ]
                              },
                              {
                                "Node Type": "Hash",
                                "Parent Relationship": "Inner",
                                "Parallel Aware": false,
                                "Async Capable": false,
                                "Startup Cost": 1.3,
                                "Total Cost": 1.3,
                                "Plan Rows": 6,
                                "Plan Width": 4,
                                "Actual Startup Time": 0.012,
                                "Actual Total Time": 0.012,
                                "Actual Rows": 4,
                                "Actual Loops": 3,
                                "Hash Buckets": 1024,
                                "Original Hash Buckets": 1024,
                                "Hash Batches": 1,
                                "Original Hash Batches": 1,
                                "Peak Memory Usage": 9,
                                "Workers": [],
                                "Plans": [
                                  {
                                    "Node Type": "Seq Scan",
                                    "Parent Relationship": "Outer",
                                    "Parallel Aware": false,
                                    "Async Capable": false,
                                    "Relation Name": "income_band",
                                    "Alias": "income_band",
                                    "Startup Cost": 0.0,
                                    "Total Cost": 1.3,
                                    "Plan Rows": 6,
                                    "Plan Width": 4,
                                    "Actual Startup Time": 0.007,
                                    "Actual Total Time": 0.008,
                                    "Actual Rows": 4,
                                    "Actual Loops": 3,
                                    "Filter": "((ib_lower_bound >= 23567) AND (ib_upper_bound <= 73567))",
                                    "Rows Removed by Filter": 16,
                                    "Workers": []
                                  }
                                ]
                              }
                            ]
                          },
                          {
                            "Node Type": "Index Only Scan",
                            "Parent Relationship": "Inner",
                            "Parallel Aware": false,
                            "Async Capable": false,
                            "Scan Direction": "Forward",
                            "Index Name": "customer_demographics_pkey",
                            "Relation Name": "customer_demographics",
                            "Alias": "customer_demographics",
                            "Startup Cost": 0.43,
                            "Total Cost": 0.49,
                            "Plan Rows": 1,
                            "Plan Width": 4,
                            "Actual Startup Time": 0.011,
                            "Actual Total Time": 0.011,
                            "Actual Rows": 1,
                            "Actual Loops": 37,
                            "Index Cond": "(cd_demo_sk = customer.c_current_cdemo_sk)",
                            "Rows Removed by Index Recheck": 0,
                            "Heap Fetches": 0,
                            "Workers": []
                          }
                        ]
                      },
                      {
                        "Node Type": "Index Only Scan",
                        "Parent Relationship": "Inner",
                        "Parallel Aware": false,
                        "Async Capable": false,
                        "Scan Direction": "Forward",
                        "Index Name": "_dta_index_store_returns_6_1013578649__k5_1_3_10_11",
                        "Relation Name": "store_returns",
                        "Alias": "store_returns",
                        "Startup Cost": 0.43,
                        "Total Cost": 0.93,
                        "Plan Rows": 24,
                        "Plan Width": 4,
                        "Actual Startup Time": 0.45,
                        "Actual Total Time": 0.457,
                        "Actual Rows": 4,
                        "Actual Loops": 35,
                        "Index Cond": "(sr_cdemo_sk = customer_demographics.cd_demo_sk)",
                        "Rows Removed by Index Recheck": 0,
                        "Heap Fetches": 0,
                        "Workers": []
                      }
                    ]
                  }
                ]
              }
            ]
          }
        ]
      },
      "Planning Time": 1.523,
      "Triggers": [],
      "Execution Time": 43.995
    }
  ],
  "plan_text": "",
  "actual_rows": 0,
  "provenance": {
    "database": "postgres://jakc9:jakc9@127.0.0.1:5434/dsb_sf10",
    "scale_factor": 10,
    "engine": "postgresql",
    "engine_version": "14.3",
    "cached_at": "2026-02-09T21:16:50.221669"
  }
}