{
  "plan_json": [
    {
      "Plan": {
        "Node Type": "Limit",
        "Parallel Aware": false,
        "Async Capable": false,
        "Startup Cost": 534811.04,
        "Total Cost": 534811.04,
        "Plan Rows": 1,
        "Plan Width": 80,
        "Actual Startup Time": 1763.417,
        "Actual Total Time": 1763.65,
        "Actual Rows": 100,
        "Actual Loops": 1,
        "Plans": [
          {
            "Node Type": "Aggregate",
            "Strategy": "Sorted",
            "Partial Mode": "Simple",
            "Parent Relationship": "InitPlan",
            "Subplan Name": "CTE all_sales",
            "Parallel Aware": false,
            "Async Capable": false,
            "Startup Cost": 534810.75,
            "Total Cost": 534810.84,
            "Plan Rows": 3,
            "Plan Width": 60,
            "Actual Startup Time": 1368.461,
            "Actual Total Time": 1373.292,
            "Actual Rows": 6789,
            "Actual Loops": 1,
            "Group Key": [
              "date_dim.d_year",
              "item.i_brand_id",
              "item.i_class_id",
              "item.i_category_id",
              "item.i_manufact_id"
            ],
            "Plans": [
              {
                "Node Type": "Sort",
                "Parent Relationship": "Outer",
                "Parallel Aware": false,
                "Async Capable": false,
                "Startup Cost": 534810.75,
                "Total Cost": 534810.75,
                "Plan Rows": 3,
                "Plan Width": 56,
                "Actual Startup Time": 1368.449,
                "Actual Total Time": 1369.411,
                "Actual Rows": 19738,
                "Actual Loops": 1,
                "Sort Key": [
                  "date_dim.d_year",
                  "item.i_brand_id",
                  "item.i_class_id",
                  "item.i_category_id",
                  "item.i_manufact_id"
                ],
                "Sort Method": "quicksort",
                "Sort Space Used": 2310,
                "Sort Space Type": "Memory",
                "Plans": [
                  {
                    "Node Type": "Aggregate",
                    "Strategy": "Hashed",
                    "Partial Mode": "Simple",
                    "Parent Relationship": "Outer",
                    "Parallel Aware": false,
                    "Async Capable": false,
                    "Startup Cost": 534810.66,
                    "Total Cost": 534810.69,
                    "Plan Rows": 3,
                    "Plan Width": 56,
                    "Actual Startup Time": 1359.628,
                    "Actual Total Time": 1362.413,
                    "Actual Rows": 19738,
                    "Actual Loops": 1,
                    "Group Key": [
                      "date_dim.d_year",
                      "item.i_brand_id",
                      "item.i_class_id",
                      "item.i_category_id",
                      "item.i_manufact_id",
                      "((store_sales.ss_quantity - COALESCE(store_returns.sr_return_quantity, 0)))",
                      "((store_sales.ss_ext_sales_price - COALESCE(store_returns.sr_return_amt, 0.0)))"
                    ],
                    "Planned Partitions": 0,
                    "HashAgg Batches": 1,
                    "Peak Memory Usage": 2601,
                    "Disk Usage": 0,
                    "Plans": [
                      {
                        "Node Type": "Gather",
                        "Parent Relationship": "Outer",
                        "Parallel Aware": false,
                        "Async Capable": false,
                        "Startup Cost": 1001.03,
                        "Total Cost": 534810.61,
                        "Plan Rows": 3,
                        "Plan Width": 56,
                        "Actual Startup Time": 2.733,
                        "Actual Total Time": 1345.438,
                        "Actual Rows": 20290,
                        "Actual Loops": 1,
                        "Workers Planned": 2,
                        "Workers Launched": 2,
                        "Single Copy": false,
                        "Plans": [
                          {
                            "Node Type": "Append",
                            "Parent Relationship": "Outer",
                            "Parallel Aware": true,
                            "Async Capable": false,
                            "Startup Cost": 1.03,
                            "Total Cost": 533810.31,
                            "Plan Rows": 3,
                            "Plan Width": 56,
                            "Actual Startup Time": 9.593,
                            "Actual Total Time": 1346.178,
                            "Actual Rows": 6763,
                            "Actual Loops": 3,
                            "Workers": [],
                            "Subplans Removed": 0,
                            "Plans": [
                              {
                                "Node Type": "Nested Loop",
                                "Parent Relationship": "Member",
                                "Parallel Aware": false,
                                "Async Capable": false,
                                "Join Type": "Inner",
                                "Startup Cost": 7570.94,
                                "Total Cost": 342533.59,
                                "Plan Rows": 1,
                                "Plan Width": 56,
                                "Actual Startup Time": 8.49,
                                "Actual Total Time": 548.066,
                                "Actual Rows": 2944,
                                "Actual Loops": 3,
                                "Inner Unique": true,
                                "Workers": [],
                                "Plans": [
                                  {
                                    "Node Type": "Nested Loop",
                                    "Parent Relationship": "Outer",
                                    "Parallel Aware": false,
                                    "Async Capable": false,
                                    "Join Type": "Inner",
                                    "Startup Cost": 7570.65,
                                    "Total Cost": 342532.56,
                                    "Plan Rows": 1,
                                    "Plan Width": 40,
                                    "Actual Startup Time": 8.475,
                                    "Actual Total Time": 543.035,
                                    "Actual Rows": 2979,
                                    "Actual Loops": 3,
                                    "Inner Unique": true,
                                    "Join Filter": "(item.i_item_sk = store_sales.ss_item_sk)",
                                    "Rows Removed by Join Filter": 0,
                                    "Workers": [],
                                    "Plans": [
                                      {
                                        "Node Type": "Hash Join",
                                        "Parent Relationship": "Outer",
                                        "Parallel Aware": true,
                                        "Async Capable": false,
                                        "Join Type": "Inner",
                                        "Startup Cost": 7570.21,
                                        "Total Cost": 176089.11,
                                        "Plan Rows": 42705,
                                        "Plan Width": 38,
                                        "Actual Startup Time": 8.259,
                                        "Actual Total Time": 316.187,
                                        "Actual Rows": 30254,
                                        "Actual Loops": 3,
                                        "Inner Unique": true,
                                        "Hash Cond": "(store_returns.sr_item_sk = item.i_item_sk)",
                                        "Workers": [],
                                        "Plans": [
                                          {
                                            "Node Type": "Seq Scan",
                                            "Parent Relationship": "Outer",
                                            "Parallel Aware": true,
                                            "Async Capable": false,
                                            "Relation Name": "store_returns",
                                            "Alias": "store_returns",
                                            "Startup Cost": 0.0,
                                            "Total Cost": 167655.25,
                                            "Plan Rows": 328994,
                                            "Plan Width": 18,
                                            "Actual Startup Time": 0.014,
                                            "Actual Total Time": 262.979,
                                            "Actual Rows": 260757,
                                            "Actual Loops": 3,
                                            "Filter": "(sr_reason_sk = ANY ('{8,18,20,23,41}'::integer[]))",
                                            "Rows Removed by Filter": 2138641,
                                            "Workers": []
                                          },
                                          {
                                            "Node Type": "Hash",
                                            "Parent Relationship": "Inner",
                                            "Parallel Aware": true,
                                            "Async Capable": false,
                                            "Startup Cost": 7501.25,
                                            "Total Cost": 7501.25,
                                            "Plan Rows": 5517,
                                            "Plan Width": 20,
                                            "Actual Startup Time": 8.103,
                                            "Actual Total Time": 8.104,
                                            "Actual Rows": 4475,
                                            "Actual Loops": 3,
                                            "Hash Buckets": 16384,
                                            "Original Hash Buckets": 16384,
                                            "Hash Batches": 1,
                                            "Original Hash Batches": 1,
                                            "Peak Memory Usage": 864,
                                            "Workers": [],
                                            "Plans": [
                                              {
                                                "Node Type": "Seq Scan",
                                                "Parent Relationship": "Outer",
                                                "Parallel Aware": true,
                                                "Async Capable": false,
                                                "Relation Name": "item",
                                                "Alias": "item",
                                                "Startup Cost": 0.0,
                                                "Total Cost": 7501.25,
                                                "Plan Rows": 5517,
                                                "Plan Width": 20,
                                                "Actual Startup Time": 0.015,
                                                "Actual Total Time": 22.356,
                                                "Actual Rows": 13424,
                                                "Actual Loops": 1,
                                                "Filter": "(i_category = 'Children'::bpchar)",
                                                "Rows Removed by Filter": 88576,
                                                "Workers": []
                                              }
                                            ]
                                          }
                                        ]
                                      },
                                      {
                                        "Node Type": "Index Scan",
                                        "Parent Relationship": "Inner",
                                        "Parallel Aware": false,
                                        "Async Capable": false,
                                        "Scan Direction": "Forward",
                                        "Index Name": "_dta_index_store_sales_6_1333579789__k10_k3",
                                        "Relation Name": "store_sales",
                                        "Alias": "store_sales",
                                        "Startup Cost": 0.44,
                                        "Total Cost": 3.89,
                                        "Plan Rows": 1,
                                        "Plan Width": 22,
                                        "Actual Startup Time": 0.007,
                                        "Actual Total Time": 0.007,
                                        "Actual Rows": 0,
                                        "Actual Loops": 90761,
                                        "Index Cond": "((ss_ticket_number = store_returns.sr_ticket_number) AND (ss_item_sk = store_returns.sr_item_sk))",
                                        "Rows Removed by Index Recheck": 0,
                                        "Filter": "(((ss_sales_price / ss_list_price) >= 0.69) AND ((ss_sales_price / ss_list_price) <= 0.89))",
                                        "Rows Removed by Filter": 1,
                                        "Workers": []
                                      }
                                    ]
                                  },
                                  {
                                    "Node Type": "Index Only Scan",
                                    "Parent Relationship": "Inner",
                                    "Parallel Aware": false,
                                    "Async Capable": false,
                                    "Scan Direction": "Forward",
                                    "Index Name": "_dta_index_date_dim_6_661577395__k1_k7_k9",
                                    "Relation Name": "date_dim",
                                    "Alias": "date_dim",
                                    "Startup Cost": 0.29,
                                    "Total Cost": 1.02,
                                    "Plan Rows": 1,
                                    "Plan Width": 8,
                                    "Actual Startup Time": 0.001,
                                    "Actual Total Time": 0.001,
                                    "Actual Rows": 1,
                                    "Actual Loops": 8938,
                                    "Index Cond": "(d_date_sk = store_sales.ss_sold_date_sk)",
                                    "Rows Removed by Index Recheck": 0,
                                    "Heap Fetches": 0,
                                    "Workers": []
                                  }
                                ]
                              },
                              {
                                "Node Type": "Nested Loop",
                                "Parent Relationship": "Member",
                                "Parallel Aware": false,
                                "Async Capable": false,
                                "Join Type": "Inner",
                                "Startup Cost": 1.03,
                                "Total Cost": 117263.63,
                                "Plan Rows": 1,
                                "Plan Width": 56,
                                "Actual Startup Time": 0.998,
                                "Actual Total Time": 628.248,
                                "Actual Rows": 4561,
                                "Actual Loops": 2,
                                "Inner Unique": true,
                                "Workers": [],
                                "Plans": [
                                  {
                                    "Node Type": "Nested Loop",
                                    "Parent Relationship": "Outer",
                                    "Parallel Aware": false,
                                    "Async Capable": false,
                                    "Join Type": "Inner",
                                    "Startup Cost": 0.74,
                                    "Total Cost": 117263.3,
                                    "Plan Rows": 1,
                                    "Plan Width": 40,
                                    "Actual Startup Time": 0.973,
                                    "Actual Total Time": 620.117,
                                    "Actual Rows": 4568,
                                    "Actual Loops": 2,
                                    "Inner Unique": true,
                                    "Join Filter": "(item_1.i_item_sk = catalog_sales.cs_item_sk)",
                                    "Rows Removed by Join Filter": 0,
                                    "Workers": [],
                                    "Plans": [
                                      {
                                        "Node Type": "Nested Loop",
                                        "Parent Relationship": "Outer",
                                        "Parallel Aware": false,
                                        "Async Capable": false,
                                        "Join Type": "Inner",
                                        "Startup Cost": 0.3,
                                        "Total Cost": 64293.73,
                                        "Plan Rows": 12638,
                                        "Plan Width": 38,
                                        "Actual Startup Time": 0.057,
                                        "Actual Total Time": 332.698,
                                        "Actual Rows": 21390,
                                        "Actual Loops": 2,
                                        "Inner Unique": true,
                                        "Workers": [],
                                        "Plans": [
                                          {
                                            "Node Type": "Seq Scan",
                                            "Parent Relationship": "Outer",
                                            "Parallel Aware": true,
                                            "Async Capable": false,
                                            "Relation Name": "catalog_returns",
                                            "Alias": "catalog_returns",
                                            "Startup Cost": 0.0,
                                            "Total Cost": 57598.98,
                                            "Plan Rows": 97360,
                                            "Plan Width": 18,
                                            "Actual Startup Time": 0.015,
                                            "Actual Total Time": 150.901,
                                            "Actual Rows": 119194,
                                            "Actual Loops": 2,
                                            "Filter": "(cr_reason_sk = ANY ('{8,18,20,23,41}'::integer[]))",
                                            "Rows Removed by Filter": 959936,
                                            "Workers": []
                                          },
                                          {
                                            "Node Type": "Memoize",
                                            "Parent Relationship": "Inner",
                                            "Parallel Aware": false,
                                            "Async Capable": false,
                                            "Startup Cost": 0.3,
                                            "Total Cost": 0.45,
                                            "Plan Rows": 1,
                                            "Plan Width": 20,
                                            "Actual Startup Time": 0.001,
                                            "Actual Total Time": 0.001,
                                            "Actual Rows": 0,
                                            "Actual Loops": 238387,
                                            "Cache Key": "catalog_returns.cr_item_sk",
                                            "Cache Mode": "logical",
                                            "Cache Hits": 6189,
                                            "Cache Misses": 5536,
                                            "Cache Evictions": 0,
                                            "Cache Overflows": 0,
                                            "Peak Memory Usage": 405,
                                            "Workers": [
                                              {
                                                "Worker Number": 0,
                                                "Cache Hits": 162751,
                                                "Cache Misses": 63911,
                                                "Cache Evictions": 7862,
                                                "Cache Overflows": 0,
                                                "Peak Memory Usage": 4097
                                              }
                                            ],
                                            "Plans": [
                                              {
                                                "Node Type": "Index Scan",
                                                "Parent Relationship": "Outer",
                                                "Parallel Aware": false,
                                                "Async Capable": false,
                                                "Scan Direction": "Forward",
                                                "Index Name": "item_pkey",
                                                "Relation Name": "item",
                                                "Alias": "item_1",
                                                "Startup Cost": 0.29,
                                                "Total Cost": 0.44,
                                                "Plan Rows": 1,
                                                "Plan Width": 20,
                                                "Actual Startup Time": 0.003,
                                                "Actual Total Time": 0.003,
                                                "Actual Rows": 0,
                                                "Actual Loops": 69447,
                                                "Index Cond": "(i_item_sk = catalog_returns.cr_item_sk)",
                                                "Rows Removed by Index Recheck": 0,
                                                "Filter": "(i_category = 'Children'::bpchar)",
                                                "Rows Removed by Filter": 1,
                                                "Workers": []
                                              }
                                            ]
                                          }
                                        ]
                                      },
                                      {
                                        "Node Type": "Index Scan",
                                        "Parent Relationship": "Inner",
                                        "Parallel Aware": false,
                                        "Async Capable": false,
                                        "Scan Direction": "Forward",
                                        "Index Name": "catalog_sales_pkey",
                                        "Relation Name": "catalog_sales",
                                        "Alias": "catalog_sales",
                                        "Startup Cost": 0.43,
                                        "Total Cost": 4.18,
                                        "Plan Rows": 1,
                                        "Plan Width": 22,
                                        "Actual Startup Time": 0.013,
                                        "Actual Total Time": 0.013,
                                        "Actual Rows": 0,
                                        "Actual Loops": 42781,
                                        "Index Cond": "((cs_item_sk = catalog_returns.cr_item_sk) AND (cs_order_number = catalog_returns.cr_order_number))",
                                        "Rows Removed by Index Recheck": 0,
                                        "Filter": "(((cs_sales_price / cs_list_price) >= 0.69) AND ((cs_sales_price / cs_list_price) <= 0.89))",
                                        "Rows Removed by Filter": 1,
                                        "Workers": []
                                      }
                                    ]
                                  },
                                  {
                                    "Node Type": "Index Only Scan",
                                    "Parent Relationship": "Inner",
                                    "Parallel Aware": false,
                                    "Async Capable": false,
                                    "Scan Direction": "Forward",
                                    "Index Name": "_dta_index_date_dim_6_661577395__k1_k7_k9",
                                    "Relation Name": "date_dim",
                                    "Alias": "date_dim_1",
                                    "Startup Cost": 0.29,
                                    "Total Cost": 0.33,
                                    "Plan Rows": 1,
                                    "Plan Width": 8,
                                    "Actual Startup Time": 0.001,
                                    "Actual Total Time": 0.001,
                                    "Actual Rows": 1,
                                    "Actual Loops": 9137,
                                    "Index Cond": "(d_date_sk = catalog_sales.cs_sold_date_sk)",
                                    "Rows Removed by Index Recheck": 0,
                                    "Heap Fetches": 0,
                                    "Workers": []
                                  }
                                ]
                              },
                              {
                                "Node Type": "Nested Loop",
                                "Parent Relationship": "Member",
                                "Parallel Aware": false,
                                "Async Capable": false,
                                "Join Type": "Inner",
                                "Startup Cost": 1.03,
                                "Total Cost": 74013.04,
                                "Plan Rows": 1,
                                "Plan Width": 56,
                                "Actual Startup Time": 2.282,
                                "Actual Total Time": 1134.819,
                                "Actual Rows": 2337,
                                "Actual Loops": 1,
                                "Inner Unique": true,
                                "Workers": [],
                                "Plans": [
                                  {
                                    "Node Type": "Nested Loop",
                                    "Parent Relationship": "Outer",
                                    "Parallel Aware": false,
                                    "Async Capable": false,
                                    "Join Type": "Inner",
                                    "Startup Cost": 0.73,
                                    "Total Cost": 74012.69,
                                    "Plan Rows": 1,
                                    "Plan Width": 40,
                                    "Actual Startup Time": 2.266,
                                    "Actual Total Time": 1128.469,
                                    "Actual Rows": 2337,
                                    "Actual Loops": 1,
                                    "Inner Unique": true,
                                    "Join Filter": "(item_2.i_item_sk = web_sales.ws_item_sk)",
                                    "Rows Removed by Join Filter": 0,
                                    "Workers": [],
                                    "Plans": [
                                      {
                                        "Node Type": "Nested Loop",
                                        "Parent Relationship": "Outer",
                                        "Parallel Aware": false,
                                        "Async Capable": false,
                                        "Join Type": "Inner",
                                        "Startup Cost": 0.3,
                                        "Total Cost": 42651.46,
                                        "Plan Rows": 8162,
                                        "Plan Width": 38,
                                        "Actual Startup Time": 0.049,
                                        "Actual Total Time": 447.575,
                                        "Actual Rows": 19291,
                                        "Actual Loops": 1,
                                        "Inner Unique": true,
                                        "Workers": [],
                                        "Plans": [
                                          {
                                            "Node Type": "Seq Scan",
                                            "Parent Relationship": "Outer",
                                            "Parallel Aware": true,
                                            "Async Capable": false,
                                            "Relation Name": "web_returns",
                                            "Alias": "web_returns",
                                            "Startup Cost": 0.0,
                                            "Total Cost": 36269.4,
                                            "Plan Rows": 62875,
                                            "Plan Width": 18,
                                            "Actual Startup Time": 0.011,
                                            "Actual Total Time": 193.845,
                                            "Actual Rows": 154733,
                                            "Actual Loops": 1,
                                            "Filter": "(wr_reason_sk = ANY ('{8,18,20,23,41}'::integer[]))",
                                            "Rows Removed by Filter": 1285621,
                                            "Workers": []
                                          },
                                          {
                                            "Node Type": "Memoize",
                                            "Parent Relationship": "Inner",
                                            "Parallel Aware": false,
                                            "Async Capable": false,
                                            "Startup Cost": 0.3,
                                            "Total Cost": 0.51,
                                            "Plan Rows": 1,
                                            "Plan Width": 20,
                                            "Actual Startup Time": 0.001,
                                            "Actual Total Time": 0.001,
                                            "Actual Rows": 0,
                                            "Actual Loops": 154733,
                                            "Cache Key": "web_returns.wr_item_sk",
                                            "Cache Mode": "logical",
                                            "Cache Hits": 103691,
                                            "Cache Misses": 51042,
                                            "Cache Evictions": 0,
                                            "Cache Overflows": 0,
                                            "Peak Memory Usage": 3732,
                                            "Workers": [],
                                            "Plans": [
                                              {
                                                "Node Type": "Index Scan",
                                                "Parent Relationship": "Outer",
                                                "Parallel Aware": false,
                                                "Async Capable": false,
                                                "Scan Direction": "Forward",
                                                "Index Name": "item_pkey",
                                                "Relation Name": "item",
                                                "Alias": "item_2",
                                                "Startup Cost": 0.29,
                                                "Total Cost": 0.5,
                                                "Plan Rows": 1,
                                                "Plan Width": 20,
                                                "Actual Startup Time": 0.003,
                                                "Actual Total Time": 0.003,
                                                "Actual Rows": 0,
                                                "Actual Loops": 51042,
                                                "Index Cond": "(i_item_sk = web_returns.wr_item_sk)",
                                                "Rows Removed by Index Recheck": 0,
                                                "Filter": "(i_category = 'Children'::bpchar)",
                                                "Rows Removed by Filter": 1,
                                                "Workers": []
                                              }
                                            ]
                                          }
                                        ]
                                      },
                                      {
                                        "Node Type": "Index Scan",
                                        "Parent Relationship": "Inner",
                                        "Parallel Aware": false,
                                        "Async Capable": false,
                                        "Scan Direction": "Forward",
                                        "Index Name": "web_sales_pkey",
                                        "Relation Name": "web_sales",
                                        "Alias": "web_sales",
                                        "Startup Cost": 0.43,
                                        "Total Cost": 3.83,
                                        "Plan Rows": 1,
                                        "Plan Width": 22,
                                        "Actual Startup Time": 0.035,
                                        "Actual Total Time": 0.035,
                                        "Actual Rows": 0,
                                        "Actual Loops": 19291,
                                        "Index Cond": "((ws_item_sk = web_returns.wr_item_sk) AND (ws_order_number = web_returns.wr_order_number))",
                                        "Rows Removed by Index Recheck": 0,
                                        "Filter": "(((ws_sales_price / ws_list_price) >= 0.69) AND ((ws_sales_price / ws_list_price) <= 0.89))",
                                        "Rows Removed by Filter": 1,
                                        "Workers": []
                                      }
                                    ]
                                  },
                                  {
                                    "Node Type": "Index Only Scan",
                                    "Parent Relationship": "Inner",
                                    "Parallel Aware": false,
                                    "Async Capable": false,
                                    "Scan Direction": "Forward",
                                    "Index Name": "_dta_index_date_dim_6_661577395__k1_k7_k9",
                                    "Relation Name": "date_dim",
                                    "Alias": "date_dim_2",
                                    "Startup Cost": 0.29,
                                    "Total Cost": 0.34,
                                    "Plan Rows": 1,
                                    "Plan Width": 8,
                                    "Actual Startup Time": 0.001,
                                    "Actual Total Time": 0.001,
                                    "Actual Rows": 1,
                                    "Actual Loops": 2337,
                                    "Index Cond": "(d_date_sk = web_sales.ws_sold_date_sk)",
                                    "Rows Removed by Index Recheck": 0,
                                    "Heap Fetches": 0,
                                    "Workers": []
                                  }
                                ]
                              }
                            ]
                          }
                        ]
                      }
                    ]
                  }
                ]
              }
            ]
          },
          {
            "Node Type": "Sort",
            "Parent Relationship": "Outer",
            "Parallel Aware": false,
            "Async Capable": false,
            "Startup Cost": 0.19,
            "Total Cost": 0.2,
            "Plan Rows": 1,
            "Plan Width": 80,
            "Actual Startup Time": 1763.416,
            "Actual Total Time": 1763.419,
            "Actual Rows": 100,
            "Actual Loops": 1,
            "Sort Key": [
              "((curr_yr.sales_cnt - prev_yr.sales_cnt))",
              "((curr_yr.sales_amt - prev_yr.sales_amt))"
            ],
            "Sort Method": "quicksort",
            "Sort Space Used": 52,
            "Sort Space Type": "Memory",
            "Plans": [
              {
                "Node Type": "Nested Loop",
                "Parent Relationship": "Outer",
                "Parallel Aware": false,
                "Async Capable": false,
                "Join Type": "Inner",
                "Startup Cost": 0.0,
                "Total Cost": 0.18,
                "Plan Rows": 1,
                "Plan Width": 80,
                "Actual Startup Time": 1374.485,
                "Actual Total Time": 1763.241,
                "Actual Rows": 198,
                "Actual Loops": 1,
                "Inner Unique": false,
                "Join Filter": "((curr_yr.i_brand_id = prev_yr.i_brand_id) AND (curr_yr.i_class_id = prev_yr.i_class_id) AND (curr_yr.i_category_id = prev_yr.i_category_id) AND (curr_yr.i_manufact_id = prev_yr.i_manufact_id) AND (((curr_yr.sales_cnt)::numeric(17,2) / (prev_yr.sales_cnt)::numeric(17,2)) < 0.9))",
                "Rows Removed by Join Filter": 1125437,
                "Plans": [
                  {
                    "Node Type": "CTE Scan",
                    "Parent Relationship": "Outer",
                    "Parallel Aware": false,
                    "Async Capable": false,
                    "CTE Name": "all_sales",
                    "Alias": "curr_yr",
                    "Startup Cost": 0.0,
                    "Total Cost": 0.07,
                    "Plan Rows": 1,
                    "Plan Width": 60,
                    "Actual Startup Time": 1369.254,
                    "Actual Total Time": 1369.519,
                    "Actual Rows": 1109,
                    "Actual Loops": 1,
                    "Filter": "(d_year = 1999)",
                    "Rows Removed by Filter": 5680
                  },
                  {
                    "Node Type": "CTE Scan",
                    "Parent Relationship": "Inner",
                    "Parallel Aware": false,
                    "Async Capable": false,
                    "CTE Name": "all_sales",
                    "Alias": "prev_yr",
                    "Startup Cost": 0.0,
                    "Total Cost": 0.08,
                    "Plan Rows": 1,
                    "Plan Width": 60,
                    "Actual Startup Time": 0.0,
                    "Actual Total Time": 0.321,
                    "Actual Rows": 1015,
                    "Actual Loops": 1109,
                    "Filter": "((sales_cnt > 0) AND (d_year = 1998))",
                    "Rows Removed by Filter": 5774
                  }
                ]
              }
            ]
          }
        ]
      },
      "Planning Time": 2.197,
      "Triggers": [],
      "Execution Time": 1764.063
    }
  ],
  "plan_text": "",
  "actual_rows": 0,
  "provenance": {
    "database": "postgres://jakc9:jakc9@127.0.0.1:5434/dsb_sf10",
    "scale_factor": 10,
    "engine": "postgresql",
    "engine_version": "14.3",
    "cached_at": "2026-02-09T21:06:49.229333"
  }
}