{
  "plan_json": [
    {
      "Plan": {
        "Node Type": "Limit",
        "Parallel Aware": false,
        "Async Capable": false,
        "Startup Cost": 71541.71,
        "Total Cost": 129117.33,
        "Plan Rows": 100,
        "Plan Width": 64,
        "Actual Startup Time": 957.132,
        "Actual Total Time": 22476.544,
        "Actual Rows": 80,
        "Actual Loops": 1,
        "Plans": [
          {
            "Node Type": "Aggregate",
            "Strategy": "Sorted",
            "Partial Mode": "Simple",
            "Parent Relationship": "Outer",
            "Parallel Aware": false,
            "Async Capable": false,
            "Startup Cost": 71541.71,
            "Total Cost": 221814.09,
            "Plan Rows": 261,
            "Plan Width": 64,
            "Actual Startup Time": 957.131,
            "Actual Total Time": 22476.464,
            "Actual Rows": 80,
            "Actual Loops": 1,
            "Group Key": [
              "customer_demographics.cd_gender",
              "customer_demographics.cd_marital_status",
              "customer_demographics.cd_education_status",
              "customer_demographics.cd_purchase_estimate",
              "customer_demographics.cd_credit_rating"
            ],
            "Plans": [
              {
                "Node Type": "Nested Loop",
                "Parent Relationship": "Outer",
                "Parallel Aware": false,
                "Async Capable": false,
                "Join Type": "Anti",
                "Startup Cost": 71541.71,
                "Total Cost": 221807.56,
                "Plan Rows": 261,
                "Plan Width": 40,
                "Actual Startup Time": 576.825,
                "Actual Total Time": 22472.826,
                "Actual Rows": 914,
                "Actual Loops": 1,
                "Inner Unique": false,
                "Join Filter": "(c.c_customer_sk = catalog_sales.cs_ship_customer_sk)",
                "Rows Removed by Join Filter": 203828607,
                "Plans": [
                  {
                    "Node Type": "Nested Loop",
                    "Parent Relationship": "Outer",
                    "Parallel Aware": false,
                    "Async Capable": false,
                    "Join Type": "Anti",
                    "Startup Cost": 71540.98,
                    "Total Cost": 105408.01,
                    "Plan Rows": 265,
                    "Plan Width": 44,
                    "Actual Startup Time": 403.291,
                    "Actual Total Time": 7175.091,
                    "Actual Rows": 986,
                    "Actual Loops": 1,
                    "Inner Unique": false,
                    "Join Filter": "(c.c_customer_sk = web_sales.ws_bill_customer_sk)",
                    "Rows Removed by Join Filter": 91107914,
                    "Plans": [
                      {
                        "Node Type": "Gather Merge",
                        "Parent Relationship": "Outer",
                        "Parallel Aware": false,
                        "Async Capable": false,
                        "Startup Cost": 70540.26,
                        "Total Cost": 70571.35,
                        "Plan Rows": 267,
                        "Plan Width": 44,
                        "Actual Startup Time": 305.682,
                        "Actual Total Time": 315.603,
                        "Actual Rows": 1011,
                        "Actual Loops": 1,
                        "Workers Planned": 2,
                        "Workers Launched": 2,
                        "Plans": [
                          {
                            "Node Type": "Sort",
                            "Parent Relationship": "Outer",
                            "Parallel Aware": false,
                            "Async Capable": false,
                            "Startup Cost": 69540.23,
                            "Total Cost": 69540.51,
                            "Plan Rows": 111,
                            "Plan Width": 44,
                            "Actual Startup Time": 302.301,
                            "Actual Total Time": 302.614,
                            "Actual Rows": 337,
                            "Actual Loops": 3,
                            "Sort Key": [
                              "customer_demographics.cd_gender",
                              "customer_demographics.cd_marital_status",
                              "customer_demographics.cd_education_status",
                              "customer_demographics.cd_purchase_estimate",
                              "customer_demographics.cd_credit_rating"
                            ],
                            "Sort Method": "quicksort",
                            "Sort Space Used": 55,
                            "Sort Space Type": "Memory",
                            "Workers": [
                              {
                                "Worker Number": 0,
                                "Sort Method": "quicksort",
                                "Sort Space Used": 47,
                                "Sort Space Type": "Memory"
                              },
                              {
                                "Worker Number": 1,
                                "Sort Method": "quicksort",
                                "Sort Space Used": 51,
                                "Sort Space Type": "Memory"
                              }
                            ],
                            "Plans": [
                              {
                                "Node Type": "Nested Loop",
                                "Parent Relationship": "Outer",
                                "Parallel Aware": false,
                                "Async Capable": false,
                                "Join Type": "Inner",
                                "Startup Cost": 49803.0,
                                "Total Cost": 69536.46,
                                "Plan Rows": 111,
                                "Plan Width": 44,
                                "Actual Startup Time": 279.928,
                                "Actual Total Time": 302.065,
                                "Actual Rows": 337,
                                "Actual Loops": 3,
                                "Inner Unique": true,
                                "Workers": [],
                                "Plans": [
                                  {
                                    "Node Type": "Hash Join",
                                    "Parent Relationship": "Outer",
                                    "Parallel Aware": true,
                                    "Async Capable": false,
                                    "Join Type": "Semi",
                                    "Startup Cost": 49802.57,
                                    "Total Cost": 66344.81,
                                    "Plan Rows": 675,
                                    "Plan Width": 8,
                                    "Actual Startup Time": 279.724,
                                    "Actual Total Time": 289.705,
                                    "Actual Rows": 1447,
                                    "Actual Loops": 3,
                                    "Inner Unique": false,
                                    "Hash Cond": "(c.c_customer_sk = store_sales.ss_customer_sk)",
                                    "Workers": [],
                                    "Plans": [
                                      {
                                        "Node Type": "Hash Join",
                                        "Parent Relationship": "Outer",
                                        "Parallel Aware": true,
                                        "Async Capable": false,
                                        "Join Type": "Inner",
                                        "Startup Cost": 6990.65,
                                        "Total Cost": 23447.87,
                                        "Plan Rows": 22778,
                                        "Plan Width": 8,
                                        "Actual Startup Time": 11.958,
                                        "Actual Total Time": 43.366,
                                        "Actual Rows": 18082,
                                        "Actual Loops": 3,
                                        "Inner Unique": true,
                                        "Hash Cond": "(c.c_current_addr_sk = ca.ca_address_sk)",
                                        "Workers": [],
                                        "Plans": [
                                          {
                                            "Node Type": "Seq Scan",
                                            "Parent Relationship": "Outer",
                                            "Parallel Aware": true,
                                            "Async Capable": false,
                                            "Relation Name": "customer",
                                            "Alias": "c",
                                            "Startup Cost": 0.0,
                                            "Total Cost": 15910.33,
                                            "Plan Rows": 208333,
                                            "Plan Width": 12,
                                            "Actual Startup Time": 0.018,
                                            "Actual Total Time": 14.285,
                                            "Actual Rows": 166667,
                                            "Actual Loops": 3,
                                            "Workers": []
                                          },
                                          {
                                            "Node Type": "Hash",
                                            "Parent Relationship": "Inner",
                                            "Parallel Aware": true,
                                            "Async Capable": false,
                                            "Startup Cost": 6848.29,
                                            "Total Cost": 6848.29,
                                            "Plan Rows": 11389,
                                            "Plan Width": 4,
                                            "Actual Startup Time": 11.806,
                                            "Actual Total Time": 11.807,
                                            "Actual Rows": 9018,
                                            "Actual Loops": 3,
                                            "Hash Buckets": 32768,
                                            "Original Hash Buckets": 32768,
                                            "Hash Batches": 1,
                                            "Original Hash Batches": 1,
                                            "Peak Memory Usage": 1344,
                                            "Workers": [],
                                            "Plans": [
                                              {
                                                "Node Type": "Seq Scan",
                                                "Parent Relationship": "Outer",
                                                "Parallel Aware": true,
                                                "Async Capable": false,
                                                "Relation Name": "customer_address",
                                                "Alias": "ca",
                                                "Startup Cost": 0.0,
                                                "Total Cost": 6848.29,
                                                "Plan Rows": 11389,
                                                "Plan Width": 4,
                                                "Actual Startup Time": 0.032,
                                                "Actual Total Time": 10.822,
                                                "Actual Rows": 9018,
                                                "Actual Loops": 3,
                                                "Filter": "(ca_state = ANY ('{GA,KY,SD}'::bpchar[]))",
                                                "Rows Removed by Filter": 74316,
                                                "Workers": []
                                              }
                                            ]
                                          }
                                        ]
                                      },
                                      {
                                        "Node Type": "Hash",
                                        "Parent Relationship": "Inner",
                                        "Parallel Aware": true,
                                        "Async Capable": false,
                                        "Startup Cost": 42730.99,
                                        "Total Cost": 42730.99,
                                        "Plan Rows": 6474,
                                        "Plan Width": 4,
                                        "Actual Startup Time": 230.9,
                                        "Actual Total Time": 230.901,
                                        "Actual Rows": 164518,
                                        "Actual Loops": 3,
                                        "Hash Buckets": 131072,
                                        "Original Hash Buckets": 16384,
                                        "Hash Batches": 8,
                                        "Original Hash Batches": 1,
                                        "Peak Memory Usage": 3488,
                                        "Workers": [],
                                        "Plans": [
                                          {
                                            "Node Type": "Nested Loop",
                                            "Parent Relationship": "Outer",
                                            "Parallel Aware": false,
                                            "Async Capable": false,
                                            "Join Type": "Inner",
                                            "Startup Cost": 0.85,
                                            "Total Cost": 42730.99,
                                            "Plan Rows": 6474,
                                            "Plan Width": 4,
                                            "Actual Startup Time": 0.523,
                                            "Actual Total Time": 106.819,
                                            "Actual Rows": 164518,
                                            "Actual Loops": 3,
                                            "Inner Unique": false,
                                            "Workers": [],
                                            "Plans": [
                                              {
                                                "Node Type": "Index Only Scan",
                                                "Parent Relationship": "Outer",
                                                "Parallel Aware": true,
                                                "Async Capable": false,
                                                "Scan Direction": "Forward",
                                                "Index Name": "_dta_index_date_dim_6_661577395__k1_k7_k9",
                                                "Relation Name": "date_dim",
                                                "Alias": "date_dim",
                                                "Startup Cost": 0.29,
                                                "Total Cost": 2041.79,
                                                "Plan Rows": 38,
                                                "Plan Width": 4,
                                                "Actual Startup Time": 0.457,
                                                "Actual Total Time": 0.48,
                                                "Actual Rows": 31,
                                                "Actual Loops": 3,
                                                "Index Cond": "((d_year = 1999) AND (d_moy >= 3) AND (d_moy <= 5))",
                                                "Rows Removed by Index Recheck": 0,
                                                "Heap Fetches": 0,
                                                "Workers": []
                                              },
                                              {
                                                "Node Type": "Index Only Scan",
                                                "Parent Relationship": "Inner",
                                                "Parallel Aware": false,
                                                "Async Capable": false,
                                                "Scan Direction": "Forward",
                                                "Index Name": "_dta_index_store_sales_6_1333579789__k1_k23_k14_k6_k8_k5_k7_3_4",
                                                "Relation Name": "store_sales",
                                                "Alias": "store_sales",
                                                "Startup Cost": 0.56,
                                                "Total Cost": 1010.62,
                                                "Plan Rows": 6015,
                                                "Plan Width": 8,
                                                "Actual Startup Time": 0.012,
                                                "Actual Total Time": 3.183,
                                                "Actual Rows": 5365,
                                                "Actual Loops": 92,
                                                "Index Cond": "(ss_sold_date_sk = date_dim.d_date_sk)",
                                                "Rows Removed by Index Recheck": 0,
                                                "Filter": "((ss_list_price >= '52'::numeric) AND (ss_list_price <= '141'::numeric))",
                                                "Rows Removed by Filter": 6424,
                                                "Heap Fetches": 0,
                                                "Workers": []
                                              }
                                            ]
                                          }
                                        ]
                                      }
                                    ]
                                  },
                                  {
                                    "Node Type": "Index Scan",
                                    "Parent Relationship": "Inner",
                                    "Parallel Aware": false,
                                    "Async Capable": false,
                                    "Scan Direction": "Forward",
                                    "Index Name": "customer_demographics_pkey",
                                    "Relation Name": "customer_demographics",
                                    "Alias": "customer_demographics",
                                    "Startup Cost": 0.43,
                                    "Total Cost": 4.73,
                                    "Plan Rows": 1,
                                    "Plan Width": 44,
                                    "Actual Startup Time": 0.008,
                                    "Actual Total Time": 0.008,
                                    "Actual Rows": 0,
                                    "Actual Loops": 4341,
                                    "Index Cond": "(cd_demo_sk = c.c_current_cdemo_sk)",
                                    "Rows Removed by Index Recheck": 0,
                                    "Filter": "((cd_education_status = ANY ('{Primary,College}'::bpchar[])) AND (cd_marital_status = ANY ('{D,W,U}'::bpchar[])))",
                                    "Rows Removed by Filter": 1,
                                    "Workers": []
                                  }
                                ]
                              }
                            ]
                          }
                        ]
                      },
                      {
                        "Node Type": "Materialize",
                        "Parent Relationship": "Inner",
                        "Parallel Aware": false,
                        "Async Capable": false,
                        "Startup Cost": 1000.73,
                        "Total Cost": 21928.6,
                        "Plan Rows": 3225,
                        "Plan Width": 4,
                        "Actual Startup Time": 0.003,
                        "Actual Total Time": 3.667,
                        "Actual Rows": 90117,
                        "Actual Loops": 1011,
                        "Plans": [
                          {
                            "Node Type": "Gather",
                            "Parent Relationship": "Outer",
                            "Parallel Aware": false,
                            "Async Capable": false,
                            "Startup Cost": 1000.73,
                            "Total Cost": 21912.47,
                            "Plan Rows": 3225,
                            "Plan Width": 4,
                            "Actual Startup Time": 0.845,
                            "Actual Total Time": 79.651,
                            "Actual Rows": 91174,
                            "Actual Loops": 1,
                            "Workers Planned": 2,
                            "Workers Launched": 2,
                            "Single Copy": false,
                            "Plans": [
                              {
                                "Node Type": "Nested Loop",
                                "Parent Relationship": "Outer",
                                "Parallel Aware": false,
                                "Async Capable": false,
                                "Join Type": "Inner",
                                "Startup Cost": 0.72,
                                "Total Cost": 20589.97,
                                "Plan Rows": 1344,
                                "Plan Width": 4,
                                "Actual Startup Time": 0.508,
                                "Actual Total Time": 36.489,
                                "Actual Rows": 30391,
                                "Actual Loops": 3,
                                "Inner Unique": false,
                                "Workers": [],
                                "Plans": [
                                  {
                                    "Node Type": "Index Only Scan",
                                    "Parent Relationship": "Outer",
                                    "Parallel Aware": true,
                                    "Async Capable": false,
                                    "Scan Direction": "Forward",
                                    "Index Name": "_dta_index_date_dim_6_661577395__k1_k7_k9",
                                    "Relation Name": "date_dim",
                                    "Alias": "date_dim_1",
                                    "Startup Cost": 0.29,
                                    "Total Cost": 2041.79,
                                    "Plan Rows": 38,
                                    "Plan Width": 4,
                                    "Actual Startup Time": 0.463,
                                    "Actual Total Time": 0.484,
                                    "Actual Rows": 31,
                                    "Actual Loops": 3,
                                    "Index Cond": "((d_year = 1999) AND (d_moy >= 3) AND (d_moy <= 5))",
                                    "Rows Removed by Index Recheck": 0,
                                    "Heap Fetches": 0,
                                    "Workers": []
                                  },
                                  {
                                    "Node Type": "Index Scan",
                                    "Parent Relationship": "Inner",
                                    "Parallel Aware": false,
                                    "Async Capable": false,
                                    "Scan Direction": "Forward",
                                    "Index Name": "_dta_index_web_sales_6_1269579561__k1_8_24",
                                    "Relation Name": "web_sales",
                                    "Alias": "web_sales",
                                    "Startup Cost": 0.43,
                                    "Total Cost": 476.04,
                                    "Plan Rows": 1207,
                                    "Plan Width": 8,
                                    "Actual Startup Time": 0.012,
                                    "Actual Total Time": 1.104,
                                    "Actual Rows": 991,
                                    "Actual Loops": 92,
                                    "Index Cond": "(ws_sold_date_sk = date_dim_1.d_date_sk)",
                                    "Rows Removed by Index Recheck": 0,
                                    "Filter": "((ws_list_price >= '52'::numeric) AND (ws_list_price <= '141'::numeric))",
                                    "Rows Removed by Filter": 1821,
                                    "Workers": []
                                  }
                                ]
                              }
                            ]
                          }
                        ]
                      }
                    ]
                  },
                  {
                    "Node Type": "Materialize",
                    "Parent Relationship": "Inner",
                    "Parallel Aware": false,
                    "Async Capable": false,
                    "Startup Cost": 0.73,
                    "Total Cost": 85994.03,
                    "Plan Rows": 7654,
                    "Plan Width": 4,
                    "Actual Startup Time": 0.002,
                    "Actual Total Time": 8.419,
                    "Actual Rows": 206723,
                    "Actual Loops": 986,
                    "Plans": [
                      {
                        "Node Type": "Nested Loop",
                        "Parent Relationship": "Outer",
                        "Parallel Aware": false,
                        "Async Capable": false,
                        "Join Type": "Inner",
                        "Startup Cost": 0.73,
                        "Total Cost": 85955.76,
                        "Plan Rows": 7654,
                        "Plan Width": 4,
                        "Actual Startup Time": 0.078,
                        "Actual Total Time": 138.424,
                        "Actual Rows": 214907,
                        "Actual Loops": 1,
                        "Inner Unique": false,
                        "Plans": [
                          {
                            "Node Type": "Index Scan",
                            "Parent Relationship": "Outer",
                            "Parallel Aware": false,
                            "Async Capable": false,
                            "Scan Direction": "Forward",
                            "Index Name": "_dta_index_date_dim_6_661577395__k7_k9",
                            "Relation Name": "date_dim",
                            "Alias": "date_dim_2",
                            "Startup Cost": 0.29,
                            "Total Cost": 166.67,
                            "Plan Rows": 92,
                            "Plan Width": 4,
                            "Actual Startup Time": 0.055,
                            "Actual Total Time": 0.132,
                            "Actual Rows": 92,
                            "Actual Loops": 1,
                            "Index Cond": "((d_year = 1999) AND (d_moy >= 3) AND (d_moy <= 5))",
                            "Rows Removed by Index Recheck": 0
                          },
                          {
                            "Node Type": "Index Scan",
                            "Parent Relationship": "Inner",
                            "Parallel Aware": false,
                            "Async Capable": false,
                            "Scan Direction": "Forward",
                            "Index Name": "_dta_index_catalog_sales_6_1301579675__k1_4",
                            "Relation Name": "catalog_sales",
                            "Alias": "catalog_sales",
                            "Startup Cost": 0.43,
                            "Total Cost": 903.89,
                            "Plan Rows": 2860,
                            "Plan Width": 8,
                            "Actual Startup Time": 0.007,
                            "Actual Total Time": 1.388,
                            "Actual Rows": 2336,
                            "Actual Loops": 92,
                            "Index Cond": "(cs_sold_date_sk = date_dim_2.d_date_sk)",
                            "Rows Removed by Index Recheck": 0,
                            "Filter": "((cs_list_price >= '52'::numeric) AND (cs_list_price <= '141'::numeric))",
                            "Rows Removed by Filter": 3209
                          }
                        ]
                      }
                    ]
                  }
                ]
              }
            ]
          }
        ]
      },
      "Planning Time": 1.488,
      "Triggers": [],
      "Execution Time": 22477.112
    }
  ],
  "plan_text": "",
  "actual_rows": 0,
  "provenance": {
    "database": "postgres://jakc9:jakc9@127.0.0.1:5434/dsb_sf10",
    "scale_factor": 10,
    "engine": "postgresql",
    "engine_version": "14.3",
    "cached_at": "2026-02-09T21:06:44.718367"
  }
}