{
  "plan_json": [
    {
      "Plan": {
        "Node Type": "Limit",
        "Parallel Aware": false,
        "Async Capable": false,
        "Startup Cost": 791527.65,
        "Total Cost": 791527.66,
        "Plan Rows": 1,
        "Plan Width": 249,
        "Actual Startup Time": 5856.995,
        "Actual Total Time": 5857.068,
        "Actual Rows": 100,
        "Actual Loops": 1,
        "Plans": [
          {
            "Node Type": "Aggregate",
            "Strategy": "Sorted",
            "Partial Mode": "Simple",
            "Parent Relationship": "InitPlan",
            "Subplan Name": "CTE wss",
            "Parallel Aware": false,
            "Async Capable": false,
            "Startup Cost": 759536.67,
            "Total Cost": 784793.43,
            "Plan Rows": 137290,
            "Plan Width": 232,
            "Actual Startup Time": 4045.19,
            "Actual Total Time": 5335.929,
            "Actual Rows": 9175,
            "Actual Loops": 1,
            "Group Key": [
              "date_dim.d_week_seq",
              "store_sales.ss_store_sk"
            ],
            "Plans": [
              {
                "Node Type": "Gather Merge",
                "Parent Relationship": "Outer",
                "Parallel Aware": false,
                "Async Capable": false,
                "Startup Cost": 759536.67,
                "Total Cost": 775526.35,
                "Plan Rows": 137290,
                "Plan Width": 24,
                "Actual Startup Time": 4045.028,
                "Actual Total Time": 4534.899,
                "Actual Rows": 3952325,
                "Actual Loops": 1,
                "Workers Planned": 2,
                "Workers Launched": 2,
                "Plans": [
                  {
                    "Node Type": "Sort",
                    "Parent Relationship": "Outer",
                    "Parallel Aware": false,
                    "Async Capable": false,
                    "Startup Cost": 758536.65,
                    "Total Cost": 758679.66,
                    "Plan Rows": 57204,
                    "Plan Width": 24,
                    "Actual Startup Time": 4038.785,
                    "Actual Total Time": 4114.904,
                    "Actual Rows": 1317442,
                    "Actual Loops": 3,
                    "Sort Key": [
                      "date_dim.d_week_seq",
                      "store_sales.ss_store_sk"
                    ],
                    "Sort Method": "external merge",
                    "Sort Space Used": 45424,
                    "Sort Space Type": "Disk",
                    "Workers": [
                      {
                        "Worker Number": 0,
                        "Sort Method": "external merge",
                        "Sort Space Used": 44840,
                        "Sort Space Type": "Disk"
                      },
                      {
                        "Worker Number": 1,
                        "Sort Method": "external merge",
                        "Sort Space Used": 44928,
                        "Sort Space Type": "Disk"
                      }
                    ],
                    "Plans": [
                      {
                        "Node Type": "Nested Loop",
                        "Parent Relationship": "Outer",
                        "Parallel Aware": false,
                        "Async Capable": false,
                        "Join Type": "Inner",
                        "Startup Cost": 0.3,
                        "Total Cost": 754016.44,
                        "Plan Rows": 57204,
                        "Plan Width": 24,
                        "Actual Startup Time": 0.05,
                        "Actual Total Time": 3671.788,
                        "Actual Rows": 1317442,
                        "Actual Loops": 3,
                        "Inner Unique": true,
                        "Workers": [],
                        "Plans": [
                          {
                            "Node Type": "Seq Scan",
                            "Parent Relationship": "Outer",
                            "Parallel Aware": true,
                            "Async Capable": false,
                            "Relation Name": "store_sales",
                            "Alias": "store_sales",
                            "Startup Cost": 0.0,
                            "Total Cost": 752212.87,
                            "Plan Rows": 60007,
                            "Plan Width": 14,
                            "Actual Startup Time": 0.032,
                            "Actual Total Time": 3347.851,
                            "Actual Rows": 1333491,
                            "Actual Loops": 3,
                            "Filter": "(((ss_sales_price / ss_list_price) >= 0.65) AND ((ss_sales_price / ss_list_price) <= 0.85))",
                            "Rows Removed by Filter": 8266839,
                            "Workers": []
                          },
                          {
                            "Node Type": "Memoize",
                            "Parent Relationship": "Inner",
                            "Parallel Aware": false,
                            "Async Capable": false,
                            "Startup Cost": 0.3,
                            "Total Cost": 0.36,
                            "Plan Rows": 1,
                            "Plan Width": 18,
                            "Actual Startup Time": 0.0,
                            "Actual Total Time": 0.0,
                            "Actual Rows": 1,
                            "Actual Loops": 4000474,
                            "Cache Key": "store_sales.ss_sold_date_sk",
                            "Cache Mode": "logical",
                            "Cache Hits": 1342929,
                            "Cache Misses": 1381,
                            "Cache Evictions": 0,
                            "Cache Overflows": 0,
                            "Peak Memory Usage": 162,
                            "Workers": [
                              {
                                "Worker Number": 0,
                                "Cache Hits": 1325250,
                                "Cache Misses": 1380,
                                "Cache Evictions": 0,
                                "Cache Overflows": 0,
                                "Peak Memory Usage": 162
                              },
                              {
                                "Worker Number": 1,
                                "Cache Hits": 1328148,
                                "Cache Misses": 1386,
                                "Cache Evictions": 0,
                                "Cache Overflows": 0,
                                "Peak Memory Usage": 163
                              }
                            ],
                            "Plans": [
                              {
                                "Node Type": "Index Scan",
                                "Parent Relationship": "Outer",
                                "Parallel Aware": false,
                                "Async Capable": false,
                                "Scan Direction": "Forward",
                                "Index Name": "date_dim_pkey",
                                "Relation Name": "date_dim",
                                "Alias": "date_dim",
                                "Startup Cost": 0.29,
                                "Total Cost": 0.35,
                                "Plan Rows": 1,
                                "Plan Width": 18,
                                "Actual Startup Time": 0.003,
                                "Actual Total Time": 0.003,
                                "Actual Rows": 1,
                                "Actual Loops": 4147,
                                "Index Cond": "(d_date_sk = store_sales.ss_sold_date_sk)",
                                "Rows Removed by Index Recheck": 0,
                                "Workers": []
                              }
                            ]
                          }
                        ]
                      }
                    ]
                  }
                ]
              }
            ]
          },
          {
            "Node Type": "Sort",
            "Parent Relationship": "Outer",
            "Parallel Aware": false,
            "Async Capable": false,
            "Startup Cost": 6734.22,
            "Total Cost": 6734.23,
            "Plan Rows": 1,
            "Plan Width": 249,
            "Actual Startup Time": 5856.993,
            "Actual Total Time": 5857.001,
            "Actual Rows": 100,
            "Actual Loops": 1,
            "Sort Key": [
              "store.s_store_name",
              "store.s_store_id",
              "wss.d_week_seq"
            ],
            "Sort Method": "top-N heapsort",
            "Sort Space Used": 78,
            "Sort Space Type": "Memory",
            "Plans": [
              {
                "Node Type": "Nested Loop",
                "Parent Relationship": "Outer",
                "Parallel Aware": false,
                "Async Capable": false,
                "Join Type": "Inner",
                "Startup Cost": 3410.84,
                "Total Cost": 6734.21,
                "Plan Rows": 1,
                "Plan Width": 249,
                "Actual Startup Time": 5347.858,
                "Actual Total Time": 5853.106,
                "Actual Rows": 20320,
                "Actual Loops": 1,
                "Inner Unique": true,
                "Join Filter": "(store_1.s_store_id = store.s_store_id)",
                "Rows Removed by Join Filter": 142240,
                "Plans": [
                  {
                    "Node Type": "Hash Join",
                    "Parent Relationship": "Outer",
                    "Parallel Aware": false,
                    "Async Capable": false,
                    "Join Type": "Inner",
                    "Startup Cost": 3410.7,
                    "Total Cost": 6674.63,
                    "Plan Rows": 326,
                    "Plan Width": 473,
                    "Actual Startup Time": 5347.662,
                    "Actual Total Time": 5416.196,
                    "Actual Rows": 629528,
                    "Actual Loops": 1,
                    "Inner Unique": false,
                    "Hash Cond": "(wss.d_week_seq = d.d_week_seq)",
                    "Plans": [
                      {
                        "Node Type": "CTE Scan",
                        "Parent Relationship": "Outer",
                        "Parallel Aware": false,
                        "Async Capable": false,
                        "CTE Name": "wss",
                        "Alias": "wss",
                        "Startup Cost": 0.0,
                        "Total Cost": 2745.8,
                        "Plan Rows": 137290,
                        "Plan Width": 232,
                        "Actual Startup Time": 4045.194,
                        "Actual Total Time": 4045.738,
                        "Actual Rows": 9175,
                        "Actual Loops": 1
                      },
                      {
                        "Node Type": "Hash",
                        "Parent Relationship": "Inner",
                        "Parallel Aware": false,
                        "Async Capable": false,
                        "Startup Cost": 3410.38,
                        "Total Cost": 3410.38,
                        "Plan Rows": 25,
                        "Plan Width": 249,
                        "Actual Startup Time": 1302.383,
                        "Actual Total Time": 1302.387,
                        "Actual Rows": 20320,
                        "Actual Loops": 1,
                        "Hash Buckets": 32768,
                        "Original Hash Buckets": 1024,
                        "Hash Batches": 1,
                        "Original Hash Batches": 1,
                        "Peak Memory Usage": 2415,
                        "Plans": [
                          {
                            "Node Type": "Hash Join",
                            "Parent Relationship": "Outer",
                            "Parallel Aware": false,
                            "Async Capable": false,
                            "Join Type": "Inner",
                            "Startup Cost": 65.73,
                            "Total Cost": 3410.38,
                            "Plan Rows": 25,
                            "Plan Width": 249,
                            "Actual Startup Time": 345.292,
                            "Actual Total Time": 1299.584,
                            "Actual Rows": 20320,
                            "Actual Loops": 1,
                            "Inner Unique": false,
                            "Hash Cond": "((wss_1.d_week_seq - 52) = d.d_week_seq)",
                            "Plans": [
                              {
                                "Node Type": "Hash Join",
                                "Parent Relationship": "Outer",
                                "Parallel Aware": false,
                                "Async Capable": false,
                                "Join Type": "Inner",
                                "Startup Cost": 40.09,
                                "Total Cost": 3369.78,
                                "Plan Rows": 736,
                                "Plan Width": 245,
                                "Actual Startup Time": 345.154,
                                "Actual Total Time": 1297.947,
                                "Actual Rows": 2928,
                                "Actual Loops": 1,
                                "Inner Unique": false,
                                "Hash Cond": "(wss_1.d_week_seq = d_1.d_week_seq)",
                                "Plans": [
                                  {
                                    "Node Type": "Hash Join",
                                    "Parent Relationship": "Outer",
                                    "Parallel Aware": false,
                                    "Async Capable": false,
                                    "Join Type": "Inner",
                                    "Startup Cost": 7.38,
                                    "Total Cost": 3121.2,
                                    "Plan Rows": 18534,
                                    "Plan Width": 245,
                                    "Actual Startup Time": 0.606,
                                    "Actual Total Time": 1297.292,
                                    "Actual Rows": 2368,
                                    "Actual Loops": 1,
                                    "Inner Unique": true,
                                    "Hash Cond": "(wss_1.ss_store_sk = store_1.s_store_sk)",
                                    "Plans": [
                                      {
                                        "Node Type": "CTE Scan",
                                        "Parent Relationship": "Outer",
                                        "Parallel Aware": false,
                                        "Async Capable": false,
                                        "CTE Name": "wss",
                                        "Alias": "wss_1",
                                        "Startup Cost": 0.0,
                                        "Total Cost": 2745.8,
                                        "Plan Rows": 137290,
                                        "Plan Width": 232,
                                        "Actual Startup Time": 0.001,
                                        "Actual Total Time": 1294.867,
                                        "Actual Rows": 9175,
                                        "Actual Loops": 1
                                      },
                                      {
                                        "Node Type": "Hash",
                                        "Parent Relationship": "Inner",
                                        "Parallel Aware": false,
                                        "Async Capable": false,
                                        "Startup Cost": 7.04,
                                        "Total Cost": 7.04,
                                        "Plan Rows": 27,
                                        "Plan Width": 21,
                                        "Actual Startup Time": 0.048,
                                        "Actual Total Time": 0.048,
                                        "Actual Rows": 26,
                                        "Actual Loops": 1,
                                        "Hash Buckets": 1024,
                                        "Original Hash Buckets": 1024,
                                        "Hash Batches": 1,
                                        "Original Hash Batches": 1,
                                        "Peak Memory Usage": 10,
                                        "Plans": [
                                          {
                                            "Node Type": "Seq Scan",
                                            "Parent Relationship": "Outer",
                                            "Parallel Aware": false,
                                            "Async Capable": false,
                                            "Relation Name": "store",
                                            "Alias": "store_1",
                                            "Startup Cost": 0.0,
                                            "Total Cost": 7.04,
                                            "Plan Rows": 27,
                                            "Plan Width": 21,
                                            "Actual Startup Time": 0.013,
                                            "Actual Total Time": 0.043,
                                            "Actual Rows": 26,
                                            "Actual Loops": 1,
                                            "Filter": "(s_state = ANY ('{AR,GA,IN,KS,KY,OH,SD,VA}'::bpchar[]))",
                                            "Rows Removed by Filter": 76
                                          }
                                        ]
                                      }
                                    ]
                                  },
                                  {
                                    "Node Type": "Hash",
                                    "Parent Relationship": "Inner",
                                    "Parallel Aware": false,
                                    "Async Capable": false,
                                    "Startup Cost": 27.55,
                                    "Total Cost": 27.55,
                                    "Plan Rows": 413,
                                    "Plan Width": 4,
                                    "Actual Startup Time": 0.096,
                                    "Actual Total Time": 0.096,
                                    "Actual Rows": 366,
                                    "Actual Loops": 1,
                                    "Hash Buckets": 1024,
                                    "Original Hash Buckets": 1024,
                                    "Hash Batches": 1,
                                    "Original Hash Batches": 1,
                                    "Peak Memory Usage": 21,
                                    "Plans": [
                                      {
                                        "Node Type": "Index Scan",
                                        "Parent Relationship": "Outer",
                                        "Parallel Aware": false,
                                        "Async Capable": false,
                                        "Scan Direction": "Forward",
                                        "Index Name": "_dta_index_date_dim_6_661577395__k4_1",
                                        "Relation Name": "date_dim",
                                        "Alias": "d_1",
                                        "Startup Cost": 0.29,
                                        "Total Cost": 27.55,
                                        "Plan Rows": 413,
                                        "Plan Width": 4,
                                        "Actual Startup Time": 0.013,
                                        "Actual Total Time": 0.067,
                                        "Actual Rows": 366,
                                        "Actual Loops": 1,
                                        "Index Cond": "((d_month_seq >= 1195) AND (d_month_seq <= 1206))",
                                        "Rows Removed by Index Recheck": 0
                                      }
                                    ]
                                  }
                                ]
                              },
                              {
                                "Node Type": "Hash",
                                "Parent Relationship": "Inner",
                                "Parallel Aware": false,
                                "Async Capable": false,
                                "Startup Cost": 21.27,
                                "Total Cost": 21.27,
                                "Plan Rows": 349,
                                "Plan Width": 4,
                                "Actual Startup Time": 0.095,
                                "Actual Total Time": 0.095,
                                "Actual Rows": 365,
                                "Actual Loops": 1,
                                "Hash Buckets": 1024,
                                "Original Hash Buckets": 1024,
                                "Hash Batches": 1,
                                "Original Hash Batches": 1,
                                "Peak Memory Usage": 21,
                                "Plans": [
                                  {
                                    "Node Type": "Index Scan",
                                    "Parent Relationship": "Outer",
                                    "Parallel Aware": false,
                                    "Async Capable": false,
                                    "Scan Direction": "Forward",
                                    "Index Name": "_dta_index_date_dim_6_661577395__k4_1",
                                    "Relation Name": "date_dim",
                                    "Alias": "d",
                                    "Startup Cost": 0.29,
                                    "Total Cost": 21.27,
                                    "Plan Rows": 349,
                                    "Plan Width": 4,
                                    "Actual Startup Time": 0.032,
                                    "Actual Total Time": 0.073,
                                    "Actual Rows": 365,
                                    "Actual Loops": 1,
                                    "Index Cond": "((d_month_seq >= 1183) AND (d_month_seq <= 1194))",
                                    "Rows Removed by Index Recheck": 0
                                  }
                                ]
                              }
                            ]
                          }
                        ]
                      }
                    ]
                  },
                  {
                    "Node Type": "Index Scan",
                    "Parent Relationship": "Inner",
                    "Parallel Aware": false,
                    "Async Capable": false,
                    "Scan Direction": "Forward",
                    "Index Name": "_dta_index_store_6_885578193__k1_2_6",
                    "Relation Name": "store",
                    "Alias": "store",
                    "Startup Cost": 0.14,
                    "Total Cost": 0.17,
                    "Plan Rows": 1,
                    "Plan Width": 25,
                    "Actual Startup Time": 0.001,
                    "Actual Total Time": 0.001,
                    "Actual Rows": 0,
                    "Actual Loops": 629528,
                    "Index Cond": "(s_store_sk = wss.ss_store_sk)",
                    "Rows Removed by Index Recheck": 0,
                    "Filter": "(s_state = ANY ('{AR,GA,IN,KS,KY,OH,SD,VA}'::bpchar[]))",
                    "Rows Removed by Filter": 1
                  }
                ]
              }
            ]
          }
        ]
      },
      "Planning Time": 0.839,
      "Triggers": [],
      "Execution Time": 5860.236
    }
  ],
  "plan_text": "",
  "actual_rows": 0,
  "provenance": {
    "database": "postgres://jakc9:jakc9@127.0.0.1:5434/dsb_sf10",
    "scale_factor": 10,
    "engine": "postgresql",
    "engine_version": "14.3",
    "cached_at": "2026-02-09T21:05:37.141921"
  }
}