{
  "plan_json": [
    {
      "Plan": {
        "Node Type": "Sort",
        "Parallel Aware": false,
        "Async Capable": false,
        "Startup Cost": 279196.74,
        "Total Cost": 279196.74,
        "Plan Rows": 1,
        "Plan Width": 37,
        "Actual Startup Time": 739.886,
        "Actual Total Time": 741.865,
        "Actual Rows": 0,
        "Actual Loops": 1,
        "Sort Key": [
          "(count(*))"
        ],
        "Sort Method": "quicksort",
        "Sort Space Used": 25,
        "Sort Space Type": "Memory",
        "Plans": [
          {
            "Node Type": "Aggregate",
            "Strategy": "Sorted",
            "Partial Mode": "Simple",
            "Parent Relationship": "Outer",
            "Parallel Aware": false,
            "Async Capable": false,
            "Startup Cost": 279196.58,
            "Total Cost": 279196.73,
            "Plan Rows": 1,
            "Plan Width": 37,
            "Actual Startup Time": 739.883,
            "Actual Total Time": 741.862,
            "Actual Rows": 0,
            "Actual Loops": 1,
            "Group Key": [
              "customer_demographics.cd_gender",
              "customer_demographics.cd_marital_status",
              "customer_demographics.cd_education_status",
              "household_demographics.hd_vehicle_count"
            ],
            "Plans": [
              {
                "Node Type": "Gather Merge",
                "Parent Relationship": "Outer",
                "Parallel Aware": false,
                "Async Capable": false,
                "Startup Cost": 279196.58,
                "Total Cost": 279196.7,
                "Plan Rows": 1,
                "Plan Width": 29,
                "Actual Startup Time": 739.882,
                "Actual Total Time": 741.859,
                "Actual Rows": 0,
                "Actual Loops": 1,
                "Workers Planned": 2,
                "Workers Launched": 2,
                "Plans": [
                  {
                    "Node Type": "Sort",
                    "Parent Relationship": "Outer",
                    "Parallel Aware": false,
                    "Async Capable": false,
                    "Startup Cost": 278196.56,
                    "Total Cost": 278196.56,
                    "Plan Rows": 1,
                    "Plan Width": 29,
                    "Actual Startup Time": 736.057,
                    "Actual Total Time": 736.065,
                    "Actual Rows": 0,
                    "Actual Loops": 3,
                    "Sort Key": [
                      "customer_demographics.cd_gender",
                      "customer_demographics.cd_marital_status",
                      "customer_demographics.cd_education_status",
                      "household_demographics.hd_vehicle_count"
                    ],
                    "Sort Method": "quicksort",
                    "Sort Space Used": 25,
                    "Sort Space Type": "Memory",
                    "Workers": [
                      {
                        "Worker Number": 0,
                        "Sort Method": "quicksort",
                        "Sort Space Used": 25,
                        "Sort Space Type": "Memory"
                      },
                      {
                        "Worker Number": 1,
                        "Sort Method": "quicksort",
                        "Sort Space Used": 25,
                        "Sort Space Type": "Memory"
                      }
                    ],
                    "Plans": [
                      {
                        "Node Type": "Nested Loop",
                        "Parent Relationship": "Outer",
                        "Parallel Aware": false,
                        "Async Capable": false,
                        "Join Type": "Inner",
                        "Startup Cost": 278156.55,
                        "Total Cost": 278196.55,
                        "Plan Rows": 1,
                        "Plan Width": 29,
                        "Actual Startup Time": 736.023,
                        "Actual Total Time": 736.031,
                        "Actual Rows": 0,
                        "Actual Loops": 3,
                        "Inner Unique": true,
                        "Join Filter": "(web_sales.ws_warehouse_sk = inventory.inv_warehouse_sk)",
                        "Rows Removed by Join Filter": 0,
                        "Workers": [],
                        "Plans": [
                          {
                            "Node Type": "Nested Loop",
                            "Parent Relationship": "Outer",
                            "Parallel Aware": false,
                            "Async Capable": false,
                            "Join Type": "Inner",
                            "Startup Cost": 278155.98,
                            "Total Cost": 278187.94,
                            "Plan Rows": 1,
                            "Plan Width": 61,
                            "Actual Startup Time": 736.022,
                            "Actual Total Time": 736.031,
                            "Actual Rows": 0,
                            "Actual Loops": 3,
                            "Inner Unique": true,
                            "Workers": [],
                            "Plans": [
                              {
                                "Node Type": "Nested Loop",
                                "Parent Relationship": "Outer",
                                "Parallel Aware": false,
                                "Async Capable": false,
                                "Join Type": "Inner",
                                "Startup Cost": 278155.56,
                                "Total Cost": 278182.33,
                                "Plan Rows": 1,
                                "Plan Width": 40,
                                "Actual Startup Time": 736.022,
                                "Actual Total Time": 736.03,
                                "Actual Rows": 0,
                                "Actual Loops": 3,
                                "Inner Unique": false,
                                "Workers": [],
                                "Plans": [
                                  {
                                    "Node Type": "Nested Loop",
                                    "Parent Relationship": "Outer",
                                    "Parallel Aware": false,
                                    "Async Capable": false,
                                    "Join Type": "Inner",
                                    "Startup Cost": 278152.99,
                                    "Total Cost": 278175.49,
                                    "Plan Rows": 1,
                                    "Plan Width": 43,
                                    "Actual Startup Time": 736.022,
                                    "Actual Total Time": 736.029,
                                    "Actual Rows": 0,
                                    "Actual Loops": 3,
                                    "Inner Unique": true,
                                    "Join Filter": "(web_sales.ws_warehouse_sk = warehouse.w_warehouse_sk)",
                                    "Rows Removed by Join Filter": 0,
                                    "Workers": [],
                                    "Plans": [
                                      {
                                        "Node Type": "Nested Loop",
                                        "Parent Relationship": "Outer",
                                        "Parallel Aware": false,
                                        "Async Capable": false,
                                        "Join Type": "Inner",
                                        "Startup Cost": 278152.99,
                                        "Total Cost": 278174.27,
                                        "Plan Rows": 1,
                                        "Plan Width": 36,
                                        "Actual Startup Time": 736.021,
                                        "Actual Total Time": 736.028,
                                        "Actual Rows": 0,
                                        "Actual Loops": 3,
                                        "Inner Unique": true,
                                        "Join Filter": "((d2.d_date >= d1.d_date) AND (d2.d_date <= (d1.d_date + '30 days'::interval)))",
                                        "Rows Removed by Join Filter": 0,
                                        "Workers": [],
                                        "Plans": [
                                          {
                                            "Node Type": "Merge Join",
                                            "Parent Relationship": "Outer",
                                            "Parallel Aware": false,
                                            "Async Capable": false,
                                            "Join Type": "Inner",
                                            "Startup Cost": 278152.7,
                                            "Total Cost": 278168.81,
                                            "Plan Rows": 1,
                                            "Plan Width": 44,
                                            "Actual Startup Time": 736.021,
                                            "Actual Total Time": 736.027,
                                            "Actual Rows": 0,
                                            "Actual Loops": 3,
                                            "Inner Unique": true,
                                            "Merge Cond": "(store_sales.ss_sold_date_sk = d1.d_date_sk)",
                                            "Workers": [],
                                            "Plans": [
                                              {
                                                "Node Type": "Sort",
                                                "Parent Relationship": "Outer",
                                                "Parallel Aware": false,
                                                "Async Capable": false,
                                                "Startup Cost": 277865.85,
                                                "Total Cost": 277865.85,
                                                "Plan Rows": 1,
                                                "Plan Width": 36,
                                                "Actual Startup Time": 736.002,
                                                "Actual Total Time": 736.008,
                                                "Actual Rows": 0,
                                                "Actual Loops": 3,
                                                "Sort Key": [
                                                  "store_sales.ss_sold_date_sk"
                                                ],
                                                "Sort Method": "quicksort",
                                                "Sort Space Used": 25,
                                                "Sort Space Type": "Memory",
                                                "Workers": [
                                                  {
                                                    "Worker Number": 0,
                                                    "Sort Method": "quicksort",
                                                    "Sort Space Used": 25,
                                                    "Sort Space Type": "Memory"
                                                  },
                                                  {
                                                    "Worker Number": 1,
                                                    "Sort Method": "quicksort",
                                                    "Sort Space Used": 25,
                                                    "Sort Space Type": "Memory"
                                                  }
                                                ],
                                                "Plans": [
                                                  {
                                                    "Node Type": "Nested Loop",
                                                    "Parent Relationship": "Outer",
                                                    "Parallel Aware": false,
                                                    "Async Capable": false,
                                                    "Join Type": "Inner",
                                                    "Startup Cost": 33018.74,
                                                    "Total Cost": 277865.84,
                                                    "Plan Rows": 1,
                                                    "Plan Width": 36,
                                                    "Actual Startup Time": 591.169,
                                                    "Actual Total Time": 736.002,
                                                    "Actual Rows": 0,
                                                    "Actual Loops": 3,
                                                    "Inner Unique": false,
                                                    "Join Filter": "((item.i_item_sk = store_sales.ss_item_sk) AND (customer.c_customer_sk = store_sales.ss_customer_sk))",
                                                    "Rows Removed by Join Filter": 0,
                                                    "Workers": [],
                                                    "Plans": [
                                                      {
                                                        "Node Type": "Hash Join",
                                                        "Parent Relationship": "Outer",
                                                        "Parallel Aware": true,
                                                        "Async Capable": false,
                                                        "Join Type": "Inner",
                                                        "Startup Cost": 33018.18,
                                                        "Total Cost": 265015.96,
                                                        "Plan Rows": 1056,
                                                        "Plan Width": 32,
                                                        "Actual Startup Time": 96.515,
                                                        "Actual Total Time": 561.417,
                                                        "Actual Rows": 514,
                                                        "Actual Loops": 3,
                                                        "Inner Unique": true,
                                                        "Hash Cond": "(web_sales.ws_item_sk = item.i_item_sk)",
                                                        "Workers": [],
                                                        "Plans": [
                                                          {
                                                            "Node Type": "Hash Join",
                                                            "Parent Relationship": "Outer",
                                                            "Parallel Aware": true,
                                                            "Async Capable": false,
                                                            "Join Type": "Inner",
                                                            "Startup Cost": 24919.68,
                                                            "Total Cost": 256803.01,
                                                            "Plan Rows": 43598,
                                                            "Plan Width": 28,
                                                            "Actual Startup Time": 77.916,
                                                            "Actual Total Time": 545.614,
                                                            "Actual Rows": 18763,
                                                            "Actual Loops": 3,
                                                            "Inner Unique": false,
                                                            "Hash Cond": "(web_sales.ws_bill_customer_sk = customer.c_customer_sk)",
                                                            "Workers": [],
                                                            "Plans": [
                                                              {
                                                                "Node Type": "Seq Scan",
                                                                "Parent Relationship": "Outer",
                                                                "Parallel Aware": true,
                                                                "Async Capable": false,
                                                                "Relation Name": "web_sales",
                                                                "Alias": "web_sales",
                                                                "Startup Cost": 0.0,
                                                                "Total Cost": 230643.35,
                                                                "Plan Rows": 282221,
                                                                "Plan Width": 16,
                                                                "Actual Startup Time": 0.024,
                                                                "Actual Total Time": 423.807,
                                                                "Actual Rows": 220247,
                                                                "Actual Loops": 3,
                                                                "Filter": "((ws_wholesale_cost >= '35'::numeric) AND (ws_wholesale_cost <= '55'::numeric))",
                                                                "Rows Removed by Filter": 2178942,
                                                                "Workers": []
                                                              },
                                                              {
                                                                "Node Type": "Hash",
                                                                "Parent Relationship": "Inner",
                                                                "Parallel Aware": true,
                                                                "Async Capable": false,
                                                                "Startup Cost": 24517.3,
                                                                "Total Cost": 24517.3,
                                                                "Plan Rows": 32190,
                                                                "Plan Width": 12,
                                                                "Actual Startup Time": 77.592,
                                                                "Actual Total Time": 77.595,
                                                                "Actual Rows": 25413,
                                                                "Actual Loops": 3,
                                                                "Hash Buckets": 131072,
                                                                "Original Hash Buckets": 131072,
                                                                "Hash Batches": 1,
                                                                "Original Hash Batches": 1,
                                                                "Peak Memory Usage": 4640,
                                                                "Workers": [],
                                                                "Plans": [
                                                                  {
                                                                    "Node Type": "Hash Join",
                                                                    "Parent Relationship": "Outer",
                                                                    "Parallel Aware": true,
                                                                    "Async Capable": false,
                                                                    "Join Type": "Inner",
                                                                    "Startup Cost": 7532.31,
                                                                    "Total Cost": 24517.3,
                                                                    "Plan Rows": 32190,
                                                                    "Plan Width": 12,
                                                                    "Actual Startup Time": 16.553,
                                                                    "Actual Total Time": 72.317,
                                                                    "Actual Rows": 25413,
                                                                    "Actual Loops": 3,
                                                                    "Inner Unique": true,
                                                                    "Hash Cond": "(customer.c_current_addr_sk = customer_address.ca_address_sk)",
                                                                    "Workers": [],
                                                                    "Plans": [
                                                                      {
                                                                        "Node Type": "Hash Join",
                                                                        "Parent Relationship": "Outer",
                                                                        "Parallel Aware": false,
                                                                        "Async Capable": false,
                                                                        "Join Type": "Inner",
                                                                        "Startup Cost": 215.0,
                                                                        "Total Cost": 16672.52,
                                                                        "Plan Rows": 200938,
                                                                        "Plan Width": 16,
                                                                        "Actual Startup Time": 1.031,
                                                                        "Actual Total Time": 40.278,
                                                                        "Actual Rows": 160832,
                                                                        "Actual Loops": 3,
                                                                        "Inner Unique": true,
                                                                        "Hash Cond": "(customer.c_current_hdemo_sk = household_demographics.hd_demo_sk)",
                                                                        "Workers": [],
                                                                        "Plans": [
                                                                          {
                                                                            "Node Type": "Seq Scan",
                                                                            "Parent Relationship": "Outer",
                                                                            "Parallel Aware": true,
                                                                            "Async Capable": false,
                                                                            "Relation Name": "customer",
                                                                            "Alias": "customer",
                                                                            "Startup Cost": 0.0,
                                                                            "Total Cost": 15910.33,
                                                                            "Plan Rows": 208333,
                                                                            "Plan Width": 16,
                                                                            "Actual Startup Time": 0.014,
                                                                            "Actual Total Time": 15.828,
                                                                            "Actual Rows": 166667,
                                                                            "Actual Loops": 3,
                                                                            "Workers": []
                                                                          },
                                                                          {
                                                                            "Node Type": "Hash",
                                                                            "Parent Relationship": "Inner",
                                                                            "Parallel Aware": false,
                                                                            "Async Capable": false,
                                                                            "Startup Cost": 125.0,
                                                                            "Total Cost": 125.0,
                                                                            "Plan Rows": 7200,
                                                                            "Plan Width": 8,
                                                                            "Actual Startup Time": 0.99,
                                                                            "Actual Total Time": 0.99,
                                                                            "Actual Rows": 7200,
                                                                            "Actual Loops": 3,
                                                                            "Hash Buckets": 8192,
                                                                            "Original Hash Buckets": 8192,
                                                                            "Hash Batches": 1,
                                                                            "Original Hash Batches": 1,
                                                                            "Peak Memory Usage": 346,
                                                                            "Workers": [],
                                                                            "Plans": [
                                                                              {
                                                                                "Node Type": "Seq Scan",
                                                                                "Parent Relationship": "Outer",
                                                                                "Parallel Aware": false,
                                                                                "Async Capable": false,
                                                                                "Relation Name": "household_demographics",
                                                                                "Alias": "household_demographics",
                                                                                "Startup Cost": 0.0,
                                                                                "Total Cost": 125.0,
                                                                                "Plan Rows": 7200,
                                                                                "Plan Width": 8,
                                                                                "Actual Startup Time": 0.011,
                                                                                "Actual Total Time": 0.496,
                                                                                "Actual Rows": 7200,
                                                                                "Actual Loops": 3,
                                                                                "Workers": []
                                                                              }
                                                                            ]
                                                                          }
                                                                        ]
                                                                      },
                                                                      {
                                                                        "Node Type": "Hash",
                                                                        "Parent Relationship": "Inner",
                                                                        "Parallel Aware": true,
                                                                        "Async Capable": false,
                                                                        "Startup Cost": 7108.71,
                                                                        "Total Cost": 7108.71,
                                                                        "Plan Rows": 16688,
                                                                        "Plan Width": 4,
                                                                        "Actual Startup Time": 15.376,
                                                                        "Actual Total Time": 15.376,
                                                                        "Actual Rows": 13281,
                                                                        "Actual Loops": 3,
                                                                        "Hash Buckets": 65536,
                                                                        "Original Hash Buckets": 65536,
                                                                        "Hash Batches": 1,
                                                                        "Original Hash Batches": 1,
                                                                        "Peak Memory Usage": 2112,
                                                                        "Workers": [],
                                                                        "Plans": [
                                                                          {
                                                                            "Node Type": "Seq Scan",
                                                                            "Parent Relationship": "Outer",
                                                                            "Parallel Aware": true,
                                                                            "Async Capable": false,
                                                                            "Relation Name": "customer_address",
                                                                            "Alias": "customer_address",
                                                                            "Startup Cost": 0.0,
                                                                            "Total Cost": 7108.71,
                                                                            "Plan Rows": 16688,
                                                                            "Plan Width": 4,
                                                                            "Actual Startup Time": 0.022,
                                                                            "Actual Total Time": 13.564,
                                                                            "Actual Rows": 13281,
                                                                            "Actual Loops": 3,
                                                                            "Filter": "(ca_state = ANY ('{AZ,KS,OH,TX,WA}'::bpchar[]))",
                                                                            "Rows Removed by Filter": 70052,
                                                                            "Workers": []
                                                                          }
                                                                        ]
                                                                      }
                                                                    ]
                                                                  }
                                                                ]
                                                              }
                                                            ]
                                                          },
                                                          {
                                                            "Node Type": "Hash",
                                                            "Parent Relationship": "Inner",
                                                            "Parallel Aware": true,
                                                            "Async Capable": false,
                                                            "Startup Cost": 8085.62,
                                                            "Total Cost": 8085.62,
                                                            "Plan Rows": 1030,
                                                            "Plan Width": 4,
                                                            "Actual Startup Time": 11.944,
                                                            "Actual Total Time": 11.945,
                                                            "Actual Rows": 786,
                                                            "Actual Loops": 3,
                                                            "Hash Buckets": 4096,
                                                            "Original Hash Buckets": 4096,
                                                            "Hash Batches": 1,
                                                            "Original Hash Batches": 1,
                                                            "Peak Memory Usage": 160,
                                                            "Workers": [],
                                                            "Plans": [
                                                              {
                                                                "Node Type": "Seq Scan",
                                                                "Parent Relationship": "Outer",
                                                                "Parallel Aware": true,
                                                                "Async Capable": false,
                                                                "Relation Name": "item",
                                                                "Alias": "item",
                                                                "Startup Cost": 0.0,
                                                                "Total Cost": 8085.62,
                                                                "Plan Rows": 1030,
                                                                "Plan Width": 4,
                                                                "Actual Startup Time": 0.027,
                                                                "Actual Total Time": 11.738,
                                                                "Actual Rows": 786,
                                                                "Actual Loops": 3,
                                                                "Filter": "((i_category = ANY ('{Children,Jewelry,Men}'::bpchar[])) AND (i_manager_id = ANY ('{21,22,38,39,46,47,66,67,74,93}'::integer[])))",
                                                                "Rows Removed by Filter": 33214,
                                                                "Workers": []
                                                              }
                                                            ]
                                                          }
                                                        ]
                                                      },
                                                      {
                                                        "Node Type": "Index Scan",
                                                        "Parent Relationship": "Inner",
                                                        "Parallel Aware": false,
                                                        "Async Capable": false,
                                                        "Scan Direction": "Forward",
                                                        "Index Name": "_dta_index_store_sales_5_1333579789__k4_k8_k3_k1_16",
                                                        "Relation Name": "store_sales",
                                                        "Alias": "store_sales",
                                                        "Startup Cost": 0.56,
                                                        "Total Cost": 12.15,
                                                        "Plan Rows": 1,
                                                        "Plan Width": 16,
                                                        "Actual Startup Time": 0.338,
                                                        "Actual Total Time": 0.338,
                                                        "Actual Rows": 0,
                                                        "Actual Loops": 1543,
                                                        "Index Cond": "((ss_customer_sk = web_sales.ws_bill_customer_sk) AND (ss_item_sk = web_sales.ws_item_sk))",
                                                        "Rows Removed by Index Recheck": 0,
                                                        "Workers": []
                                                      }
                                                    ]
                                                  }
                                                ]
                                              },
                                              {
                                                "Node Type": "Index Scan",
                                                "Parent Relationship": "Inner",
                                                "Parallel Aware": false,
                                                "Async Capable": false,
                                                "Scan Direction": "Forward",
                                                "Index Name": "_dta_index_date_dim_6_661577395__k7_k1",
                                                "Relation Name": "date_dim",
                                                "Alias": "d1",
                                                "Startup Cost": 0.29,
                                                "Total Cost": 583.77,
                                                "Plan Rows": 363,
                                                "Plan Width": 8,
                                                "Actual Startup Time": 0.051,
                                                "Actual Total Time": 0.051,
                                                "Actual Rows": 1,
                                                "Actual Loops": 1,
                                                "Index Cond": "(d_year = 2001)",
                                                "Rows Removed by Index Recheck": 0,
                                                "Workers": []
                                              }
                                            ]
                                          },
                                          {
                                            "Node Type": "Index Scan",
                                            "Parent Relationship": "Inner",
                                            "Parallel Aware": false,
                                            "Async Capable": false,
                                            "Scan Direction": "Forward",
                                            "Index Name": "date_dim_pkey",
                                            "Relation Name": "date_dim",
                                            "Alias": "d2",
                                            "Startup Cost": 0.29,
                                            "Total Cost": 5.44,
                                            "Plan Rows": 1,
                                            "Plan Width": 8,
                                            "Actual Startup Time": 0.0,
                                            "Actual Total Time": 0.0,
                                            "Actual Rows": 0,
                                            "Actual Loops": 0,
                                            "Index Cond": "(d_date_sk = web_sales.ws_sold_date_sk)",
                                            "Rows Removed by Index Recheck": 0,
                                            "Workers": []
                                          }
                                        ]
                                      },
                                      {
                                        "Node Type": "Seq Scan",
                                        "Parent Relationship": "Inner",
                                        "Parallel Aware": false,
                                        "Async Capable": false,
                                        "Relation Name": "warehouse",
                                        "Alias": "warehouse",
                                        "Startup Cost": 0.0,
                                        "Total Cost": 1.1,
                                        "Plan Rows": 10,
                                        "Plan Width": 7,
                                        "Actual Startup Time": 0.0,
                                        "Actual Total Time": 0.0,
                                        "Actual Rows": 0,
                                        "Actual Loops": 0,
                                        "Workers": []
                                      }
                                    ]
                                  },
                                  {
                                    "Node Type": "Bitmap Heap Scan",
                                    "Parent Relationship": "Inner",
                                    "Parallel Aware": false,
                                    "Async Capable": false,
                                    "Relation Name": "store",
                                    "Alias": "store",
                                    "Startup Cost": 2.57,
                                    "Total Cost": 6.81,
                                    "Plan Rows": 3,
                                    "Plan Width": 3,
                                    "Actual Startup Time": 0.0,
                                    "Actual Total Time": 0.0,
                                    "Actual Rows": 0,
                                    "Actual Loops": 0,
                                    "Recheck Cond": "(s_state = warehouse.w_state)",
                                    "Rows Removed by Index Recheck": 0,
                                    "Exact Heap Blocks": 0,
                                    "Lossy Heap Blocks": 0,
                                    "Workers": [],
                                    "Plans": [
                                      {
                                        "Node Type": "Bitmap Index Scan",
                                        "Parent Relationship": "Outer",
                                        "Parallel Aware": false,
                                        "Async Capable": false,
                                        "Index Name": "_dta_index_store_6_885578193__k25_k1",
                                        "Startup Cost": 0.0,
                                        "Total Cost": 2.56,
                                        "Plan Rows": 3,
                                        "Plan Width": 0,
                                        "Actual Startup Time": 0.0,
                                        "Actual Total Time": 0.0,
                                        "Actual Rows": 0,
                                        "Actual Loops": 0,
                                        "Index Cond": "(s_state = warehouse.w_state)",
                                        "Workers": []
                                      }
                                    ]
                                  }
                                ]
                              },
                              {
                                "Node Type": "Index Scan",
                                "Parent Relationship": "Inner",
                                "Parallel Aware": false,
                                "Async Capable": false,
                                "Scan Direction": "Forward",
                                "Index Name": "customer_demographics_pkey",
                                "Relation Name": "customer_demographics",
                                "Alias": "customer_demographics",
                                "Startup Cost": 0.43,
                                "Total Cost": 5.61,
                                "Plan Rows": 1,
                                "Plan Width": 29,
                                "Actual Startup Time": 0.0,
                                "Actual Total Time": 0.0,
                                "Actual Rows": 0,
                                "Actual Loops": 0,
                                "Index Cond": "(cd_demo_sk = customer.c_current_cdemo_sk)",
                                "Rows Removed by Index Recheck": 0,
                                "Workers": []
                              }
                            ]
                          },
                          {
                            "Node Type": "Index Scan",
                            "Parent Relationship": "Inner",
                            "Parallel Aware": false,
                            "Async Capable": false,
                            "Scan Direction": "Forward",
                            "Index Name": "inventory_pkey",
                            "Relation Name": "inventory",
                            "Alias": "inventory",
                            "Startup Cost": 0.57,
                            "Total Cost": 8.59,
                            "Plan Rows": 1,
                            "Plan Width": 16,
                            "Actual Startup Time": 0.0,
                            "Actual Total Time": 0.0,
                            "Actual Rows": 0,
                            "Actual Loops": 0,
                            "Index Cond": "((inv_date_sk = store_sales.ss_sold_date_sk) AND (inv_item_sk = store_sales.ss_item_sk) AND (inv_warehouse_sk = warehouse.w_warehouse_sk))",
                            "Rows Removed by Index Recheck": 0,
                            "Filter": "(inv_quantity_on_hand >= store_sales.ss_quantity)",
                            "Rows Removed by Filter": 0,
                            "Workers": []
                          }
                        ]
                      }
                    ]
                  }
                ]
              }
            ]
          }
        ]
      },
      "Planning Time": 126.238,
      "Triggers": [],
      "Execution Time": 741.997
    }
  ],
  "plan_text": "",
  "actual_rows": 0,
  "provenance": {
    "database": "postgres://jakc9:jakc9@127.0.0.1:5434/dsb_sf10",
    "scale_factor": 10,
    "engine": "postgresql",
    "engine_version": "14.3",
    "cached_at": "2026-02-09T21:27:06.908866"
  }
}