{
  "plan_json": [
    {
      "Plan": {
        "Node Type": "Limit",
        "Parallel Aware": false,
        "Async Capable": false,
        "Startup Cost": 71441.14,
        "Total Cost": 123416.5,
        "Plan Rows": 100,
        "Plan Width": 64,
        "Actual Startup Time": 1494.907,
        "Actual Total Time": 33245.836,
        "Actual Rows": 80,
        "Actual Loops": 1,
        "Plans": [
          {
            "Node Type": "Aggregate",
            "Strategy": "Sorted",
            "Partial Mode": "Simple",
            "Parent Relationship": "Outer",
            "Parallel Aware": false,
            "Async Capable": false,
            "Startup Cost": 71441.14,
            "Total Cost": 211774.6,
            "Plan Rows": 270,
            "Plan Width": 64,
            "Actual Startup Time": 1494.906,
            "Actual Total Time": 33245.759,
            "Actual Rows": 80,
            "Actual Loops": 1,
            "Group Key": [
              "customer_demographics.cd_gender",
              "customer_demographics.cd_marital_status",
              "customer_demographics.cd_education_status",
              "customer_demographics.cd_purchase_estimate",
              "customer_demographics.cd_credit_rating"
            ],
            "Plans": [
              {
                "Node Type": "Nested Loop",
                "Parent Relationship": "Outer",
                "Parallel Aware": false,
                "Async Capable": false,
                "Join Type": "Anti",
                "Startup Cost": 71441.14,
                "Total Cost": 211767.85,
                "Plan Rows": 270,
                "Plan Width": 40,
                "Actual Startup Time": 988.936,
                "Actual Total Time": 33241.719,
                "Actual Rows": 964,
                "Actual Loops": 1,
                "Inner Unique": false,
                "Join Filter": "(c.c_customer_sk = catalog_sales.cs_ship_customer_sk)",
                "Rows Removed by Join Filter": 343446762,
                "Plans": [
                  {
                    "Node Type": "Nested Loop",
                    "Parent Relationship": "Outer",
                    "Parallel Aware": false,
                    "Async Capable": false,
                    "Join Type": "Anti",
                    "Startup Cost": 71440.41,
                    "Total Cost": 104837.04,
                    "Plan Rows": 273,
                    "Plan Width": 44,
                    "Actual Startup Time": 686.888,
                    "Actual Total Time": 7671.719,
                    "Actual Rows": 1105,
                    "Actual Loops": 1,
                    "Inner Unique": false,
                    "Join Filter": "(c.c_customer_sk = web_sales.ws_bill_customer_sk)",
                    "Rows Removed by Join Filter": 94217196,
                    "Plans": [
                      {
                        "Node Type": "Gather Merge",
                        "Parent Relationship": "Outer",
                        "Parallel Aware": false,
                        "Async Capable": false,
                        "Startup Cost": 70439.69,
                        "Total Cost": 70471.72,
                        "Plan Rows": 275,
                        "Plan Width": 44,
                        "Actual Startup Time": 595.533,
                        "Actual Total Time": 604.104,
                        "Actual Rows": 1128,
                        "Actual Loops": 1,
                        "Workers Planned": 2,
                        "Workers Launched": 2,
                        "Plans": [
                          {
                            "Node Type": "Sort",
                            "Parent Relationship": "Outer",
                            "Parallel Aware": false,
                            "Async Capable": false,
                            "Startup Cost": 69439.66,
                            "Total Cost": 69439.95,
                            "Plan Rows": 115,
                            "Plan Width": 44,
                            "Actual Startup Time": 591.67,
                            "Actual Total Time": 591.959,
                            "Actual Rows": 376,
                            "Actual Loops": 3,
                            "Sort Key": [
                              "customer_demographics.cd_gender",
                              "customer_demographics.cd_marital_status",
                              "customer_demographics.cd_education_status",
                              "customer_demographics.cd_purchase_estimate",
                              "customer_demographics.cd_credit_rating"
                            ],
                            "Sort Method": "quicksort",
                            "Sort Space Used": 56,
                            "Sort Space Type": "Memory",
                            "Workers": [
                              {
                                "Worker Number": 0,
                                "Sort Method": "quicksort",
                                "Sort Space Used": 51,
                                "Sort Space Type": "Memory"
                              },
                              {
                                "Worker Number": 1,
                                "Sort Method": "quicksort",
                                "Sort Space Used": 54,
                                "Sort Space Type": "Memory"
                              }
                            ],
                            "Plans": [
                              {
                                "Node Type": "Nested Loop",
                                "Parent Relationship": "Outer",
                                "Parallel Aware": false,
                                "Async Capable": false,
                                "Join Type": "Inner",
                                "Startup Cost": 49564.03,
                                "Total Cost": 69435.73,
                                "Plan Rows": 115,
                                "Plan Width": 44,
                                "Actual Startup Time": 561.728,
                                "Actual Total Time": 591.338,
                                "Actual Rows": 376,
                                "Actual Loops": 3,
                                "Inner Unique": true,
                                "Workers": [],
                                "Plans": [
                                  {
                                    "Node Type": "Hash Join",
                                    "Parent Relationship": "Outer",
                                    "Parallel Aware": true,
                                    "Async Capable": false,
                                    "Join Type": "Semi",
                                    "Startup Cost": 49563.6,
                                    "Total Cost": 66116.41,
                                    "Plan Rows": 702,
                                    "Plan Width": 8,
                                    "Actual Startup Time": 561.554,
                                    "Actual Total Time": 573.623,
                                    "Actual Rows": 1691,
                                    "Actual Loops": 3,
                                    "Inner Unique": false,
                                    "Hash Cond": "(c.c_customer_sk = store_sales.ss_customer_sk)",
                                    "Workers": [],
                                    "Plans": [
                                      {
                                        "Node Type": "Hash Join",
                                        "Parent Relationship": "Outer",
                                        "Parallel Aware": true,
                                        "Async Capable": false,
                                        "Join Type": "Inner",
                                        "Startup Cost": 7019.69,
                                        "Total Cost": 23476.91,
                                        "Plan Rows": 27423,
                                        "Plan Width": 8,
                                        "Actual Startup Time": 14.28,
                                        "Actual Total Time": 48.159,
                                        "Actual Rows": 22398,
                                        "Actual Loops": 3,
                                        "Inner Unique": true,
                                        "Hash Cond": "(c.c_current_addr_sk = ca.ca_address_sk)",
                                        "Workers": [],
                                        "Plans": [
                                          {
                                            "Node Type": "Seq Scan",
                                            "Parent Relationship": "Outer",
                                            "Parallel Aware": true,
                                            "Async Capable": false,
                                            "Relation Name": "customer",
                                            "Alias": "c",
                                            "Startup Cost": 0.0,
                                            "Total Cost": 15910.33,
                                            "Plan Rows": 208333,
                                            "Plan Width": 12,
                                            "Actual Startup Time": 0.027,
                                            "Actual Total Time": 15.888,
                                            "Actual Rows": 166667,
                                            "Actual Loops": 3,
                                            "Workers": []
                                          },
                                          {
                                            "Node Type": "Hash",
                                            "Parent Relationship": "Inner",
                                            "Parallel Aware": true,
                                            "Async Capable": false,
                                            "Startup Cost": 6848.29,
                                            "Total Cost": 6848.29,
                                            "Plan Rows": 13712,
                                            "Plan Width": 4,
                                            "Actual Startup Time": 14.113,
                                            "Actual Total Time": 14.114,
                                            "Actual Rows": 11220,
                                            "Actual Loops": 3,
                                            "Hash Buckets": 65536,
                                            "Original Hash Buckets": 65536,
                                            "Hash Batches": 1,
                                            "Original Hash Batches": 1,
                                            "Peak Memory Usage": 1888,
                                            "Workers": [],
                                            "Plans": [
                                              {
                                                "Node Type": "Seq Scan",
                                                "Parent Relationship": "Outer",
                                                "Parallel Aware": true,
                                                "Async Capable": false,
                                                "Relation Name": "customer_address",
                                                "Alias": "ca",
                                                "Startup Cost": 0.0,
                                                "Total Cost": 6848.29,
                                                "Plan Rows": 13712,
                                                "Plan Width": 4,
                                                "Actual Startup Time": 0.029,
                                                "Actual Total Time": 12.707,
                                                "Actual Rows": 11220,
                                                "Actual Loops": 3,
                                                "Filter": "(ca_state = ANY ('{CO,NC,TX}'::bpchar[]))",
                                                "Rows Removed by Filter": 72113,
                                                "Workers": []
                                              }
                                            ]
                                          }
                                        ]
                                      },
                                      {
                                        "Node Type": "Hash",
                                        "Parent Relationship": "Inner",
                                        "Parallel Aware": true,
                                        "Async Capable": false,
                                        "Startup Cost": 42474.09,
                                        "Total Cost": 42474.09,
                                        "Plan Rows": 5586,
                                        "Plan Width": 4,
                                        "Actual Startup Time": 507.34,
                                        "Actual Total Time": 507.342,
                                        "Actual Rows": 150624,
                                        "Actual Loops": 3,
                                        "Hash Buckets": 131072,
                                        "Original Hash Buckets": 16384,
                                        "Hash Batches": 8,
                                        "Original Hash Batches": 1,
                                        "Peak Memory Usage": 3264,
                                        "Workers": [],
                                        "Plans": [
                                          {
                                            "Node Type": "Nested Loop",
                                            "Parent Relationship": "Outer",
                                            "Parallel Aware": false,
                                            "Async Capable": false,
                                            "Join Type": "Inner",
                                            "Startup Cost": 0.85,
                                            "Total Cost": 42474.09,
                                            "Plan Rows": 5586,
                                            "Plan Width": 4,
                                            "Actual Startup Time": 0.816,
                                            "Actual Total Time": 217.208,
                                            "Actual Rows": 150624,
                                            "Actual Loops": 3,
                                            "Inner Unique": false,
                                            "Workers": [],
                                            "Plans": [
                                              {
                                                "Node Type": "Index Only Scan",
                                                "Parent Relationship": "Outer",
                                                "Parallel Aware": true,
                                                "Async Capable": false,
                                                "Scan Direction": "Forward",
                                                "Index Name": "_dta_index_date_dim_6_661577395__k1_k7_k9",
                                                "Relation Name": "date_dim",
                                                "Alias": "date_dim",
                                                "Startup Cost": 0.29,
                                                "Total Cost": 2041.78,
                                                "Plan Rows": 38,
                                                "Plan Width": 4,
                                                "Actual Startup Time": 0.547,
                                                "Actual Total Time": 0.579,
                                                "Actual Rows": 31,
                                                "Actual Loops": 3,
                                                "Index Cond": "((d_year = 2002) AND (d_moy >= 10) AND (d_moy <= 12))",
                                                "Rows Removed by Index Recheck": 0,
                                                "Heap Fetches": 0,
                                                "Workers": []
                                              },
                                              {
                                                "Node Type": "Index Only Scan",
                                                "Parent Relationship": "Inner",
                                                "Parallel Aware": false,
                                                "Async Capable": false,
                                                "Scan Direction": "Forward",
                                                "Index Name": "_dta_index_store_sales_6_1333579789__k1_k23_k14_k6_k8_k5_k7_3_4",
                                                "Relation Name": "store_sales",
                                                "Alias": "store_sales",
                                                "Startup Cost": 0.56,
                                                "Total Cost": 1010.95,
                                                "Plan Rows": 5306,
                                                "Plan Width": 8,
                                                "Actual Startup Time": 0.036,
                                                "Actual Total Time": 6.77,
                                                "Actual Rows": 4912,
                                                "Actual Loops": 92,
                                                "Index Cond": "(ss_sold_date_sk = date_dim.d_date_sk)",
                                                "Rows Removed by Index Recheck": 0,
                                                "Filter": "((ss_list_price >= '80'::numeric) AND (ss_list_price <= '169'::numeric))",
                                                "Rows Removed by Filter": 7334,
                                                "Heap Fetches": 0,
                                                "Workers": []
                                              }
                                            ]
                                          }
                                        ]
                                      }
                                    ]
                                  },
                                  {
                                    "Node Type": "Index Scan",
                                    "Parent Relationship": "Inner",
                                    "Parallel Aware": false,
                                    "Async Capable": false,
                                    "Scan Direction": "Forward",
                                    "Index Name": "customer_demographics_pkey",
                                    "Relation Name": "customer_demographics",
                                    "Alias": "customer_demographics",
                                    "Startup Cost": 0.43,
                                    "Total Cost": 4.73,
                                    "Plan Rows": 1,
                                    "Plan Width": 44,
                                    "Actual Startup Time": 0.01,
                                    "Actual Total Time": 0.01,
                                    "Actual Rows": 0,
                                    "Actual Loops": 5074,
                                    "Index Cond": "(cd_demo_sk = c.c_current_cdemo_sk)",
                                    "Rows Removed by Index Recheck": 0,
                                    "Filter": "((cd_education_status = ANY ('{Primary,College}'::bpchar[])) AND (cd_marital_status = ANY ('{S,M,U}'::bpchar[])))",
                                    "Rows Removed by Filter": 1,
                                    "Workers": []
                                  }
                                ]
                              }
                            ]
                          }
                        ]
                      },
                      {
                        "Node Type": "Materialize",
                        "Parent Relationship": "Inner",
                        "Parallel Aware": false,
                        "Async Capable": false,
                        "Startup Cost": 1000.73,
                        "Total Cost": 21894.76,
                        "Plan Rows": 3025,
                        "Plan Width": 4,
                        "Actual Startup Time": 0.003,
                        "Actual Total Time": 3.379,
                        "Actual Rows": 83526,
                        "Actual Loops": 1128,
                        "Plans": [
                          {
                            "Node Type": "Gather",
                            "Parent Relationship": "Outer",
                            "Parallel Aware": false,
                            "Async Capable": false,
                            "Startup Cost": 1000.73,
                            "Total Cost": 21879.63,
                            "Plan Rows": 3025,
                            "Plan Width": 4,
                            "Actual Startup Time": 1.17,
                            "Actual Total Time": 77.324,
                            "Actual Rows": 84341,
                            "Actual Loops": 1,
                            "Workers Planned": 2,
                            "Workers Launched": 2,
                            "Single Copy": false,
                            "Plans": [
                              {
                                "Node Type": "Nested Loop",
                                "Parent Relationship": "Outer",
                                "Parallel Aware": false,
                                "Async Capable": false,
                                "Join Type": "Inner",
                                "Startup Cost": 0.72,
                                "Total Cost": 20577.13,
                                "Plan Rows": 1260,
                                "Plan Width": 4,
                                "Actual Startup Time": 0.635,
                                "Actual Total Time": 35.518,
                                "Actual Rows": 28114,
                                "Actual Loops": 3,
                                "Inner Unique": false,
                                "Workers": [],
                                "Plans": [
                                  {
                                    "Node Type": "Index Only Scan",
                                    "Parent Relationship": "Outer",
                                    "Parallel Aware": true,
                                    "Async Capable": false,
                                    "Scan Direction": "Forward",
                                    "Index Name": "_dta_index_date_dim_6_661577395__k1_k7_k9",
                                    "Relation Name": "date_dim",
                                    "Alias": "date_dim_1",
                                    "Startup Cost": 0.29,
                                    "Total Cost": 2041.78,
                                    "Plan Rows": 38,
                                    "Plan Width": 4,
                                    "Actual Startup Time": 0.48,
                                    "Actual Total Time": 0.501,
                                    "Actual Rows": 31,
                                    "Actual Loops": 3,
                                    "Index Cond": "((d_year = 2002) AND (d_moy >= 10) AND (d_moy <= 12))",
                                    "Rows Removed by Index Recheck": 0,
                                    "Heap Fetches": 0,
                                    "Workers": []
                                  },
                                  {
                                    "Node Type": "Index Scan",
                                    "Parent Relationship": "Inner",
                                    "Parallel Aware": false,
                                    "Async Capable": false,
                                    "Scan Direction": "Forward",
                                    "Index Name": "_dta_index_web_sales_6_1269579561__k1_8_24",
                                    "Relation Name": "web_sales",
                                    "Alias": "web_sales",
                                    "Startup Cost": 0.43,
                                    "Total Cost": 476.2,
                                    "Plan Rows": 1157,
                                    "Plan Width": 8,
                                    "Actual Startup Time": 0.013,
                                    "Actual Total Time": 1.09,
                                    "Actual Rows": 917,
                                    "Actual Loops": 92,
                                    "Index Cond": "(ws_sold_date_sk = date_dim_1.d_date_sk)",
                                    "Rows Removed by Index Recheck": 0,
                                    "Filter": "((ws_list_price >= '80'::numeric) AND (ws_list_price <= '169'::numeric))",
                                    "Rows Removed by Filter": 1827,
                                    "Workers": []
                                  }
                                ]
                              }
                            ]
                          }
                        ]
                      }
                    ]
                  },
                  {
                    "Node Type": "Materialize",
                    "Parent Relationship": "Inner",
                    "Parallel Aware": false,
                    "Async Capable": false,
                    "Startup Cost": 0.73,
                    "Total Cost": 83538.09,
                    "Plan Rows": 5716,
                    "Plan Width": 4,
                    "Actual Startup Time": 0.006,
                    "Actual Total Time": 12.484,
                    "Actual Rows": 310812,
                    "Actual Loops": 1105,
                    "Plans": [
                      {
                        "Node Type": "Nested Loop",
                        "Parent Relationship": "Outer",
                        "Parallel Aware": false,
                        "Async Capable": false,
                        "Join Type": "Inner",
                        "Startup Cost": 0.73,
                        "Total Cost": 83509.51,
                        "Plan Rows": 5716,
                        "Plan Width": 4,
                        "Actual Startup Time": 4.629,
                        "Actual Total Time": 246.205,
                        "Actual Rows": 332456,
                        "Actual Loops": 1,
                        "Inner Unique": false,
                        "Plans": [
                          {
                            "Node Type": "Index Scan",
                            "Parent Relationship": "Outer",
                            "Parallel Aware": false,
                            "Async Capable": false,
                            "Scan Direction": "Forward",
                            "Index Name": "_dta_index_date_dim_6_661577395__k7_k9",
                            "Relation Name": "date_dim",
                            "Alias": "date_dim_2",
                            "Startup Cost": 0.29,
                            "Total Cost": 163.13,
                            "Plan Rows": 90,
                            "Plan Width": 4,
                            "Actual Startup Time": 0.056,
                            "Actual Total Time": 0.145,
                            "Actual Rows": 92,
                            "Actual Loops": 1,
                            "Index Cond": "((d_year = 2002) AND (d_moy >= 10) AND (d_moy <= 12))",
                            "Rows Removed by Index Recheck": 0
                          },
                          {
                            "Node Type": "Index Scan",
                            "Parent Relationship": "Inner",
                            "Parallel Aware": false,
                            "Async Capable": false,
                            "Scan Direction": "Forward",
                            "Index Name": "_dta_index_catalog_sales_6_1301579675__k1_4",
                            "Relation Name": "catalog_sales",
                            "Alias": "catalog_sales",
                            "Startup Cost": 0.43,
                            "Total Cost": 904.24,
                            "Plan Rows": 2183,
                            "Plan Width": 8,
                            "Actual Startup Time": 0.056,
                            "Actual Total Time": 2.497,
                            "Actual Rows": 3614,
                            "Actual Loops": 92,
                            "Index Cond": "(cs_sold_date_sk = date_dim_2.d_date_sk)",
                            "Rows Removed by Index Recheck": 0,
                            "Filter": "((cs_list_price >= '80'::numeric) AND (cs_list_price <= '169'::numeric))",
                            "Rows Removed by Filter": 7612
                          }
                        ]
                      }
                    ]
                  }
                ]
              }
            ]
          }
        ]
      },
      "Planning Time": 1.635,
      "Triggers": [],
      "Execution Time": 33246.444
    }
  ],
  "plan_text": "",
  "actual_rows": 0,
  "provenance": {
    "database": "postgres://jakc9:jakc9@127.0.0.1:5434/dsb_sf10",
    "scale_factor": 10,
    "engine": "postgresql",
    "engine_version": "14.3",
    "cached_at": "2026-02-09T21:06:22.229716"
  }
}