{
  "plan_json": [
    {
      "Plan": {
        "Node Type": "Limit",
        "Parallel Aware": false,
        "Async Capable": false,
        "Startup Cost": 49177.29,
        "Total Cost": 49177.46,
        "Plan Rows": 7,
        "Plan Width": 160,
        "Actual Startup Time": 131.618,
        "Actual Total Time": 131.833,
        "Actual Rows": 6,
        "Actual Loops": 1,
        "Plans": [
          {
            "Node Type": "Aggregate",
            "Strategy": "Sorted",
            "Partial Mode": "Simple",
            "Parent Relationship": "Outer",
            "Parallel Aware": false,
            "Async Capable": false,
            "Startup Cost": 49177.29,
            "Total Cost": 49177.46,
            "Plan Rows": 7,
            "Plan Width": 160,
            "Actual Startup Time": 131.617,
            "Actual Total Time": 131.83,
            "Actual Rows": 6,
            "Actual Loops": 1,
            "Grouping Sets": [
              {
                "Group Keys": [
                  [
                    "('store channel'::text)",
                    "(('store'::text || (ssr.store_id)::text))"
                  ],
                  [
                    "('store channel'::text)"
                  ],
                  []
                ]
              }
            ],
            "Plans": [
              {
                "Node Type": "Sort",
                "Parent Relationship": "Outer",
                "Parallel Aware": false,
                "Async Capable": false,
                "Startup Cost": 49177.29,
                "Total Cost": 49177.3,
                "Plan Rows": 3,
                "Plan Width": 160,
                "Actual Startup Time": 131.601,
                "Actual Total Time": 131.809,
                "Actual Rows": 3,
                "Actual Loops": 1,
                "Sort Key": [
                  "('store channel'::text)",
                  "(('store'::text || (ssr.store_id)::text))"
                ],
                "Sort Method": "quicksort",
                "Sort Space Used": 25,
                "Sort Space Type": "Memory",
                "Plans": [
                  {
                    "Node Type": "Append",
                    "Parent Relationship": "Outer",
                    "Parallel Aware": false,
                    "Async Capable": false,
                    "Startup Cost": 17506.0,
                    "Total Cost": 49177.27,
                    "Plan Rows": 3,
                    "Plan Width": 160,
                    "Actual Startup Time": 45.416,
                    "Actual Total Time": 131.796,
                    "Actual Rows": 3,
                    "Actual Loops": 1,
                    "Subplans Removed": 0,
                    "Plans": [
                      {
                        "Node Type": "Subquery Scan",
                        "Parent Relationship": "Member",
                        "Parallel Aware": false,
                        "Async Capable": false,
                        "Alias": "ssr",
                        "Startup Cost": 17506.0,
                        "Total Cost": 17506.05,
                        "Plan Rows": 1,
                        "Plan Width": 160,
                        "Actual Startup Time": 45.415,
                        "Actual Total Time": 45.547,
                        "Actual Rows": 2,
                        "Actual Loops": 1,
                        "Plans": [
                          {
                            "Node Type": "Aggregate",
                            "Strategy": "Sorted",
                            "Partial Mode": "Simple",
                            "Parent Relationship": "Subquery",
                            "Parallel Aware": false,
                            "Async Capable": false,
                            "Startup Cost": 17506.0,
                            "Total Cost": 17506.04,
                            "Plan Rows": 1,
                            "Plan Width": 113,
                            "Actual Startup Time": 45.411,
                            "Actual Total Time": 45.542,
                            "Actual Rows": 2,
                            "Actual Loops": 1,
                            "Group Key": [
                              "store.s_store_id"
                            ],
                            "Plans": [
                              {
                                "Node Type": "Sort",
                                "Parent Relationship": "Outer",
                                "Parallel Aware": false,
                                "Async Capable": false,
                                "Startup Cost": 17506.0,
                                "Total Cost": 17506.01,
                                "Plan Rows": 1,
                                "Plan Width": 41,
                                "Actual Startup Time": 45.399,
                                "Actual Total Time": 45.528,
                                "Actual Rows": 2,
                                "Actual Loops": 1,
                                "Sort Key": [
                                  "store.s_store_id"
                                ],
                                "Sort Method": "quicksort",
                                "Sort Space Used": 25,
                                "Sort Space Type": "Memory",
                                "Plans": [
                                  {
                                    "Node Type": "Nested Loop",
                                    "Parent Relationship": "Outer",
                                    "Parallel Aware": false,
                                    "Async Capable": false,
                                    "Join Type": "Inner",
                                    "Startup Cost": 1026.15,
                                    "Total Cost": 17505.99,
                                    "Plan Rows": 1,
                                    "Plan Width": 41,
                                    "Actual Startup Time": 17.373,
                                    "Actual Total Time": 45.514,
                                    "Actual Rows": 2,
                                    "Actual Loops": 1,
                                    "Inner Unique": true,
                                    "Plans": [
                                      {
                                        "Node Type": "Nested Loop",
                                        "Parent Relationship": "Outer",
                                        "Parallel Aware": false,
                                        "Async Capable": false,
                                        "Join Type": "Left",
                                        "Startup Cost": 1026.0,
                                        "Total Cost": 17505.83,
                                        "Plan Rows": 1,
                                        "Plan Width": 28,
                                        "Actual Startup Time": 17.367,
                                        "Actual Total Time": 45.499,
                                        "Actual Rows": 2,
                                        "Actual Loops": 1,
                                        "Inner Unique": true,
                                        "Plans": [
                                          {
                                            "Node Type": "Gather",
                                            "Parent Relationship": "Outer",
                                            "Parallel Aware": false,
                                            "Async Capable": false,
                                            "Startup Cost": 1025.57,
                                            "Total Cost": 17503.62,
                                            "Plan Rows": 1,
                                            "Plan Width": 24,
                                            "Actual Startup Time": 17.28,
                                            "Actual Total Time": 45.332,
                                            "Actual Rows": 2,
                                            "Actual Loops": 1,
                                            "Workers Planned": 2,
                                            "Workers Launched": 2,
                                            "Single Copy": false,
                                            "Plans": [
                                              {
                                                "Node Type": "Nested Loop",
                                                "Parent Relationship": "Outer",
                                                "Parallel Aware": false,
                                                "Async Capable": false,
                                                "Join Type": "Inner",
                                                "Startup Cost": 25.57,
                                                "Total Cost": 16503.52,
                                                "Plan Rows": 1,
                                                "Plan Width": 24,
                                                "Actual Startup Time": 7.019,
                                                "Actual Total Time": 16.329,
                                                "Actual Rows": 1,
                                                "Actual Loops": 3,
                                                "Inner Unique": true,
                                                "Workers": [],
                                                "Plans": [
                                                  {
                                                    "Node Type": "Hash Join",
                                                    "Parent Relationship": "Outer",
                                                    "Parallel Aware": false,
                                                    "Async Capable": false,
                                                    "Join Type": "Inner",
                                                    "Startup Cost": 25.28,
                                                    "Total Cost": 16484.21,
                                                    "Plan Rows": 11,
                                                    "Plan Width": 24,
                                                    "Actual Startup Time": 2.917,
                                                    "Actual Total Time": 15.585,
                                                    "Actual Rows": 207,
                                                    "Actual Loops": 3,
                                                    "Inner Unique": true,
                                                    "Hash Cond": "(store_sales.ss_promo_sk = promotion.p_promo_sk)",
                                                    "Workers": [],
                                                    "Plans": [
                                                      {
                                                        "Node Type": "Nested Loop",
                                                        "Parent Relationship": "Outer",
                                                        "Parallel Aware": false,
                                                        "Async Capable": false,
                                                        "Join Type": "Inner",
                                                        "Startup Cost": 0.85,
                                                        "Total Cost": 16458.66,
                                                        "Plan Rows": 425,
                                                        "Plan Width": 28,
                                                        "Actual Startup Time": 2.869,
                                                        "Actual Total Time": 15.216,
                                                        "Actual Rows": 5432,
                                                        "Actual Loops": 3,
                                                        "Inner Unique": false,
                                                        "Workers": [],
                                                        "Plans": [
                                                          {
                                                            "Node Type": "Index Scan",
                                                            "Parent Relationship": "Outer",
                                                            "Parallel Aware": true,
                                                            "Async Capable": false,
                                                            "Scan Direction": "Forward",
                                                            "Index Name": "date_dim_pkey",
                                                            "Relation Name": "date_dim",
                                                            "Alias": "date_dim",
                                                            "Startup Cost": 0.29,
                                                            "Total Cost": 3038.09,
                                                            "Plan Rows": 13,
                                                            "Plan Width": 4,
                                                            "Actual Startup Time": 2.78,
                                                            "Actual Total Time": 2.794,
                                                            "Actual Rows": 10,
                                                            "Actual Loops": 3,
                                                            "Filter": "((d_date >= '1999-10-21'::date) AND (d_date <= '1999-11-20 00:00:00'::timestamp without time zone))",
                                                            "Rows Removed by Filter": 24339,
                                                            "Workers": []
                                                          },
                                                          {
                                                            "Node Type": "Index Only Scan",
                                                            "Parent Relationship": "Inner",
                                                            "Parallel Aware": false,
                                                            "Async Capable": false,
                                                            "Scan Direction": "Forward",
                                                            "Index Name": "_dta_index_store_sales_6_1333579789__k1_k23_k14_k6_k8_k5_k7_3_4",
                                                            "Relation Name": "store_sales",
                                                            "Alias": "store_sales",
                                                            "Startup Cost": 0.56,
                                                            "Total Cost": 1020.63,
                                                            "Plan Rows": 1172,
                                                            "Plan Width": 32,
                                                            "Actual Startup Time": 0.126,
                                                            "Actual Total Time": 1.167,
                                                            "Actual Rows": 526,
                                                            "Actual Loops": 31,
                                                            "Index Cond": "(ss_sold_date_sk = date_dim.d_date_sk)",
                                                            "Rows Removed by Index Recheck": 0,
                                                            "Filter": "((ss_wholesale_cost >= '21'::numeric) AND (ss_wholesale_cost <= '36'::numeric))",
                                                            "Rows Removed by Filter": 5358,
                                                            "Heap Fetches": 0,
                                                            "Workers": []
                                                          }
                                                        ]
                                                      },
                                                      {
                                                        "Node Type": "Hash",
                                                        "Parent Relationship": "Inner",
                                                        "Parallel Aware": false,
                                                        "Async Capable": false,
                                                        "Startup Cost": 24.25,
                                                        "Total Cost": 24.25,
                                                        "Plan Rows": 14,
                                                        "Plan Width": 4,
                                                        "Actual Startup Time": 0.088,
                                                        "Actual Total Time": 0.089,
                                                        "Actual Rows": 18,
                                                        "Actual Loops": 1,
                                                        "Hash Buckets": 1024,
                                                        "Original Hash Buckets": 1024,
                                                        "Hash Batches": 1,
                                                        "Original Hash Batches": 1,
                                                        "Peak Memory Usage": 9,
                                                        "Workers": [],
                                                        "Plans": [
                                                          {
                                                            "Node Type": "Seq Scan",
                                                            "Parent Relationship": "Outer",
                                                            "Parallel Aware": false,
                                                            "Async Capable": false,
                                                            "Relation Name": "promotion",
                                                            "Alias": "promotion",
                                                            "Startup Cost": 0.0,
                                                            "Total Cost": 24.25,
                                                            "Plan Rows": 14,
                                                            "Plan Width": 4,
                                                            "Actual Startup Time": 0.016,
                                                            "Actual Total Time": 0.083,
                                                            "Actual Rows": 18,
                                                            "Actual Loops": 1,
                                                            "Filter": "((p_channel_email = 'Y'::bpchar) AND (p_channel_tv = 'N'::bpchar) AND (p_channel_radio = 'N'::bpchar) AND (p_channel_press = 'N'::bpchar) AND (p_channel_event = 'N'::bpchar))",
                                                            "Rows Removed by Filter": 482,
                                                            "Workers": []
                                                          }
                                                        ]
                                                      }
                                                    ]
                                                  },
                                                  {
                                                    "Node Type": "Index Scan",
                                                    "Parent Relationship": "Inner",
                                                    "Parallel Aware": false,
                                                    "Async Capable": false,
                                                    "Scan Direction": "Forward",
                                                    "Index Name": "item_pkey",
                                                    "Relation Name": "item",
                                                    "Alias": "item",
                                                    "Startup Cost": 0.29,
                                                    "Total Cost": 1.76,
                                                    "Plan Rows": 1,
                                                    "Plan Width": 4,
                                                    "Actual Startup Time": 0.003,
                                                    "Actual Total Time": 0.003,
                                                    "Actual Rows": 0,
                                                    "Actual Loops": 620,
                                                    "Index Cond": "(i_item_sk = store_sales.ss_item_sk)",
                                                    "Rows Removed by Index Recheck": 0,
                                                    "Filter": "((i_current_price > '50'::numeric) AND (i_category = ANY ('{Men,Music}'::bpchar[])))",
                                                    "Rows Removed by Filter": 1,
                                                    "Workers": []
                                                  }
                                                ]
                                              }
                                            ]
                                          },
                                          {
                                            "Node Type": "Index Scan",
                                            "Parent Relationship": "Inner",
                                            "Parallel Aware": false,
                                            "Async Capable": false,
                                            "Scan Direction": "Forward",
                                            "Index Name": "store_returns_pkey",
                                            "Relation Name": "store_returns",
                                            "Alias": "store_returns",
                                            "Startup Cost": 0.43,
                                            "Total Cost": 2.21,
                                            "Plan Rows": 1,
                                            "Plan Width": 20,
                                            "Actual Startup Time": 0.08,
                                            "Actual Total Time": 0.08,
                                            "Actual Rows": 0,
                                            "Actual Loops": 2,
                                            "Index Cond": "((sr_item_sk = store_sales.ss_item_sk) AND (sr_ticket_number = store_sales.ss_ticket_number))",
                                            "Rows Removed by Index Recheck": 0
                                          }
                                        ]
                                      },
                                      {
                                        "Node Type": "Index Only Scan",
                                        "Parent Relationship": "Inner",
                                        "Parallel Aware": false,
                                        "Async Capable": false,
                                        "Scan Direction": "Forward",
                                        "Index Name": "_dta_index_store_6_885578193__k1_2_6",
                                        "Relation Name": "store",
                                        "Alias": "store",
                                        "Startup Cost": 0.14,
                                        "Total Cost": 0.16,
                                        "Plan Rows": 1,
                                        "Plan Width": 21,
                                        "Actual Startup Time": 0.005,
                                        "Actual Total Time": 0.005,
                                        "Actual Rows": 1,
                                        "Actual Loops": 2,
                                        "Index Cond": "(s_store_sk = store_sales.ss_store_sk)",
                                        "Rows Removed by Index Recheck": 0,
                                        "Heap Fetches": 2
                                      }
                                    ]
                                  }
                                ]
                              }
                            ]
                          }
                        ]
                      },
                      {
                        "Node Type": "Subquery Scan",
                        "Parent Relationship": "Member",
                        "Parallel Aware": false,
                        "Async Capable": false,
                        "Alias": "csr",
                        "Startup Cost": 19840.92,
                        "Total Cost": 19840.97,
                        "Plan Rows": 1,
                        "Plan Width": 160,
                        "Actual Startup Time": 30.243,
                        "Actual Total Time": 30.279,
                        "Actual Rows": 1,
                        "Actual Loops": 1,
                        "Plans": [
                          {
                            "Node Type": "Aggregate",
                            "Strategy": "Sorted",
                            "Partial Mode": "Simple",
                            "Parent Relationship": "Subquery",
                            "Parallel Aware": false,
                            "Async Capable": false,
                            "Startup Cost": 19840.92,
                            "Total Cost": 19840.95,
                            "Plan Rows": 1,
                            "Plan Width": 113,
                            "Actual Startup Time": 30.239,
                            "Actual Total Time": 30.274,
                            "Actual Rows": 1,
                            "Actual Loops": 1,
                            "Group Key": [
                              "catalog_page.cp_catalog_page_id"
                            ],
                            "Plans": [
                              {
                                "Node Type": "Sort",
                                "Parent Relationship": "Outer",
                                "Parallel Aware": false,
                                "Async Capable": false,
                                "Startup Cost": 19840.92,
                                "Total Cost": 19840.92,
                                "Plan Rows": 1,
                                "Plan Width": 41,
                                "Actual Startup Time": 30.227,
                                "Actual Total Time": 30.262,
                                "Actual Rows": 1,
                                "Actual Loops": 1,
                                "Sort Key": [
                                  "catalog_page.cp_catalog_page_id"
                                ],
                                "Sort Method": "quicksort",
                                "Sort Space Used": 25,
                                "Sort Space Type": "Memory",
                                "Plans": [
                                  {
                                    "Node Type": "Nested Loop",
                                    "Parent Relationship": "Outer",
                                    "Parallel Aware": false,
                                    "Async Capable": false,
                                    "Join Type": "Inner",
                                    "Startup Cost": 1025.87,
                                    "Total Cost": 19840.91,
                                    "Plan Rows": 1,
                                    "Plan Width": 41,
                                    "Actual Startup Time": 29.93,
                                    "Actual Total Time": 30.249,
                                    "Actual Rows": 1,
                                    "Actual Loops": 1,
                                    "Inner Unique": true,
                                    "Plans": [
                                      {
                                        "Node Type": "Nested Loop",
                                        "Parent Relationship": "Outer",
                                        "Parallel Aware": false,
                                        "Async Capable": false,
                                        "Join Type": "Left",
                                        "Startup Cost": 1025.58,
                                        "Total Cost": 19840.61,
                                        "Plan Rows": 1,
                                        "Plan Width": 28,
                                        "Actual Startup Time": 29.818,
                                        "Actual Total Time": 30.135,
                                        "Actual Rows": 1,
                                        "Actual Loops": 1,
                                        "Inner Unique": true,
                                        "Plans": [
                                          {
                                            "Node Type": "Gather",
                                            "Parent Relationship": "Outer",
                                            "Parallel Aware": false,
                                            "Async Capable": false,
                                            "Startup Cost": 1025.15,
                                            "Total Cost": 19840.1,
                                            "Plan Rows": 1,
                                            "Plan Width": 24,
                                            "Actual Startup Time": 29.693,
                                            "Actual Total Time": 30.008,
                                            "Actual Rows": 1,
                                            "Actual Loops": 1,
                                            "Workers Planned": 1,
                                            "Workers Launched": 1,
                                            "Single Copy": false,
                                            "Plans": [
                                              {
                                                "Node Type": "Nested Loop",
                                                "Parent Relationship": "Outer",
                                                "Parallel Aware": false,
                                                "Async Capable": false,
                                                "Join Type": "Inner",
                                                "Startup Cost": 25.15,
                                                "Total Cost": 18840.0,
                                                "Plan Rows": 1,
                                                "Plan Width": 24,
                                                "Actual Startup Time": 16.075,
                                                "Actual Total Time": 16.306,
                                                "Actual Rows": 0,
                                                "Actual Loops": 2,
                                                "Inner Unique": true,
                                                "Workers": [],
                                                "Plans": [
                                                  {
                                                    "Node Type": "Hash Join",
                                                    "Parent Relationship": "Outer",
                                                    "Parallel Aware": false,
                                                    "Async Capable": false,
                                                    "Join Type": "Inner",
                                                    "Startup Cost": 24.86,
                                                    "Total Cost": 18832.24,
                                                    "Plan Rows": 24,
                                                    "Plan Width": 24,
                                                    "Actual Startup Time": 1.136,
                                                    "Actual Total Time": 14.706,
                                                    "Actual Rows": 326,
                                                    "Actual Loops": 2,
                                                    "Inner Unique": true,
                                                    "Hash Cond": "(catalog_sales.cs_promo_sk = promotion_1.p_promo_sk)",
                                                    "Workers": [],
                                                    "Plans": [
                                                      {
                                                        "Node Type": "Nested Loop",
                                                        "Parent Relationship": "Outer",
                                                        "Parallel Aware": false,
                                                        "Async Capable": false,
                                                        "Join Type": "Inner",
                                                        "Startup Cost": 0.43,
                                                        "Total Cost": 18805.54,
                                                        "Plan Rows": 859,
                                                        "Plan Width": 28,
                                                        "Actual Startup Time": 0.848,
                                                        "Actual Total Time": 14.031,
                                                        "Actual Rows": 10428,
                                                        "Actual Loops": 2,
                                                        "Inner Unique": false,
                                                        "Workers": [],
                                                        "Plans": [
                                                          {
                                                            "Node Type": "Seq Scan",
                                                            "Parent Relationship": "Outer",
                                                            "Parallel Aware": true,
                                                            "Async Capable": false,
                                                            "Relation Name": "date_dim",
                                                            "Alias": "date_dim_1",
                                                            "Startup Cost": 0.0,
                                                            "Total Cost": 2049.55,
                                                            "Plan Rows": 18,
                                                            "Plan Width": 4,
                                                            "Actual Startup Time": 0.803,
                                                            "Actual Total Time": 1.668,
                                                            "Actual Rows": 16,
                                                            "Actual Loops": 2,
                                                            "Filter": "((d_date >= '1999-10-21'::date) AND (d_date <= '1999-11-20 00:00:00'::timestamp without time zone))",
                                                            "Rows Removed by Filter": 36509,
                                                            "Workers": []
                                                          },
                                                          {
                                                            "Node Type": "Index Scan",
                                                            "Parent Relationship": "Inner",
                                                            "Parallel Aware": false,
                                                            "Async Capable": false,
                                                            "Scan Direction": "Forward",
                                                            "Index Name": "_dta_index_catalog_sales_6_1301579675__k1_4",
                                                            "Relation Name": "catalog_sales",
                                                            "Alias": "catalog_sales",
                                                            "Startup Cost": 0.43,
                                                            "Total Cost": 914.69,
                                                            "Plan Rows": 1620,
                                                            "Plan Width": 32,
                                                            "Actual Startup Time": 0.007,
                                                            "Actual Total Time": 0.73,
                                                            "Actual Rows": 673,
                                                            "Actual Loops": 31,
                                                            "Index Cond": "(cs_sold_date_sk = date_dim_1.d_date_sk)",
                                                            "Rows Removed by Index Recheck": 0,
                                                            "Filter": "((cs_wholesale_cost >= '21'::numeric) AND (cs_wholesale_cost <= '36'::numeric))",
                                                            "Rows Removed by Filter": 2160,
                                                            "Workers": []
                                                          }
                                                        ]
                                                      },
                                                      {
                                                        "Node Type": "Hash",
                                                        "Parent Relationship": "Inner",
                                                        "Parallel Aware": false,
                                                        "Async Capable": false,
                                                        "Startup Cost": 24.25,
                                                        "Total Cost": 24.25,
                                                        "Plan Rows": 14,
                                                        "Plan Width": 4,
                                                        "Actual Startup Time": 0.079,
                                                        "Actual Total Time": 0.08,
                                                        "Actual Rows": 18,
                                                        "Actual Loops": 2,
                                                        "Hash Buckets": 1024,
                                                        "Original Hash Buckets": 1024,
                                                        "Hash Batches": 1,
                                                        "Original Hash Batches": 1,
                                                        "Peak Memory Usage": 9,
                                                        "Workers": [],
                                                        "Plans": [
                                                          {
                                                            "Node Type": "Seq Scan",
                                                            "Parent Relationship": "Outer",
                                                            "Parallel Aware": false,
                                                            "Async Capable": false,
                                                            "Relation Name": "promotion",
                                                            "Alias": "promotion_1",
                                                            "Startup Cost": 0.0,
                                                            "Total Cost": 24.25,
                                                            "Plan Rows": 14,
                                                            "Plan Width": 4,
                                                            "Actual Startup Time": 0.013,
                                                            "Actual Total Time": 0.076,
                                                            "Actual Rows": 18,
                                                            "Actual Loops": 2,
                                                            "Filter": "((p_channel_email = 'Y'::bpchar) AND (p_channel_tv = 'N'::bpchar) AND (p_channel_radio = 'N'::bpchar) AND (p_channel_press = 'N'::bpchar) AND (p_channel_event = 'N'::bpchar))",
                                                            "Rows Removed by Filter": 482,
                                                            "Workers": []
                                                          }
                                                        ]
                                                      }
                                                    ]
                                                  },
                                                  {
                                                    "Node Type": "Index Scan",
                                                    "Parent Relationship": "Inner",
                                                    "Parallel Aware": false,
                                                    "Async Capable": false,
                                                    "Scan Direction": "Forward",
                                                    "Index Name": "item_pkey",
                                                    "Relation Name": "item",
                                                    "Alias": "item_1",
                                                    "Startup Cost": 0.29,
                                                    "Total Cost": 0.32,
                                                    "Plan Rows": 1,
                                                    "Plan Width": 4,
                                                    "Actual Startup Time": 0.005,
                                                    "Actual Total Time": 0.005,
                                                    "Actual Rows": 0,
                                                    "Actual Loops": 653,
                                                    "Index Cond": "(i_item_sk = catalog_sales.cs_item_sk)",
                                                    "Rows Removed by Index Recheck": 0,
                                                    "Filter": "((i_current_price > '50'::numeric) AND (i_category = ANY ('{Men,Music}'::bpchar[])))",
                                                    "Rows Removed by Filter": 1,
                                                    "Workers": []
                                                  }
                                                ]
                                              }
                                            ]
                                          },
                                          {
                                            "Node Type": "Index Scan",
                                            "Parent Relationship": "Inner",
                                            "Parallel Aware": false,
                                            "Async Capable": false,
                                            "Scan Direction": "Forward",
                                            "Index Name": "catalog_returns_pkey",
                                            "Relation Name": "catalog_returns",
                                            "Alias": "catalog_returns",
                                            "Startup Cost": 0.43,
                                            "Total Cost": 0.51,
                                            "Plan Rows": 1,
                                            "Plan Width": 20,
                                            "Actual Startup Time": 0.117,
                                            "Actual Total Time": 0.117,
                                            "Actual Rows": 0,
                                            "Actual Loops": 1,
                                            "Index Cond": "((cr_item_sk = catalog_sales.cs_item_sk) AND (cr_order_number = catalog_sales.cs_order_number))",
                                            "Rows Removed by Index Recheck": 0
                                          }
                                        ]
                                      },
                                      {
                                        "Node Type": "Index Scan",
                                        "Parent Relationship": "Inner",
                                        "Parallel Aware": false,
                                        "Async Capable": false,
                                        "Scan Direction": "Forward",
                                        "Index Name": "catalog_page_pkey",
                                        "Relation Name": "catalog_page",
                                        "Alias": "catalog_page",
                                        "Startup Cost": 0.29,
                                        "Total Cost": 0.3,
                                        "Plan Rows": 1,
                                        "Plan Width": 21,
                                        "Actual Startup Time": 0.109,
                                        "Actual Total Time": 0.109,
                                        "Actual Rows": 1,
                                        "Actual Loops": 1,
                                        "Index Cond": "(cp_catalog_page_sk = catalog_sales.cs_catalog_page_sk)",
                                        "Rows Removed by Index Recheck": 0
                                      }
                                    ]
                                  }
                                ]
                              }
                            ]
                          }
                        ]
                      },
                      {
                        "Node Type": "Subquery Scan",
                        "Parent Relationship": "Member",
                        "Parallel Aware": false,
                        "Async Capable": false,
                        "Alias": "wsr",
                        "Startup Cost": 11829.92,
                        "Total Cost": 11830.23,
                        "Plan Rows": 1,
                        "Plan Width": 160,
                        "Actual Startup Time": 55.924,
                        "Actual Total Time": 55.963,
                        "Actual Rows": 0,
                        "Actual Loops": 1,
                        "Plans": [
                          {
                            "Node Type": "Aggregate",
                            "Strategy": "Sorted",
                            "Partial Mode": "Simple",
                            "Parent Relationship": "Subquery",
                            "Parallel Aware": false,
                            "Async Capable": false,
                            "Startup Cost": 11829.92,
                            "Total Cost": 11830.22,
                            "Plan Rows": 1,
                            "Plan Width": 113,
                            "Actual Startup Time": 55.923,
                            "Actual Total Time": 55.962,
                            "Actual Rows": 0,
                            "Actual Loops": 1,
                            "Group Key": [
                              "web_site.web_site_id"
                            ],
                            "Plans": [
                              {
                                "Node Type": "Nested Loop",
                                "Parent Relationship": "Outer",
                                "Parallel Aware": false,
                                "Async Capable": false,
                                "Join Type": "Left",
                                "Startup Cost": 11829.92,
                                "Total Cost": 11830.19,
                                "Plan Rows": 1,
                                "Plan Width": 41,
                                "Actual Startup Time": 55.921,
                                "Actual Total Time": 55.959,
                                "Actual Rows": 0,
                                "Actual Loops": 1,
                                "Inner Unique": true,
                                "Plans": [
                                  {
                                    "Node Type": "Gather Merge",
                                    "Parent Relationship": "Outer",
                                    "Parallel Aware": false,
                                    "Async Capable": false,
                                    "Startup Cost": 11829.49,
                                    "Total Cost": 11829.61,
                                    "Plan Rows": 1,
                                    "Plan Width": 37,
                                    "Actual Startup Time": 55.92,
                                    "Actual Total Time": 55.958,
                                    "Actual Rows": 0,
                                    "Actual Loops": 1,
                                    "Workers Planned": 1,
                                    "Workers Launched": 1,
                                    "Plans": [
                                      {
                                        "Node Type": "Sort",
                                        "Parent Relationship": "Outer",
                                        "Parallel Aware": false,
                                        "Async Capable": false,
                                        "Startup Cost": 10829.48,
                                        "Total Cost": 10829.49,
                                        "Plan Rows": 1,
                                        "Plan Width": 37,
                                        "Actual Startup Time": 28.835,
                                        "Actual Total Time": 28.837,
                                        "Actual Rows": 0,
                                        "Actual Loops": 2,
                                        "Sort Key": [
                                          "web_site.web_site_id"
                                        ],
                                        "Sort Method": "quicksort",
                                        "Sort Space Used": 25,
                                        "Sort Space Type": "Memory",
                                        "Workers": [
                                          {
                                            "Worker Number": 0,
                                            "Sort Method": "quicksort",
                                            "Sort Space Used": 25,
                                            "Sort Space Type": "Memory"
                                          }
                                        ],
                                        "Plans": [
                                          {
                                            "Node Type": "Nested Loop",
                                            "Parent Relationship": "Outer",
                                            "Parallel Aware": false,
                                            "Async Capable": false,
                                            "Join Type": "Inner",
                                            "Startup Cost": 25.29,
                                            "Total Cost": 10829.47,
                                            "Plan Rows": 1,
                                            "Plan Width": 37,
                                            "Actual Startup Time": 28.817,
                                            "Actual Total Time": 28.819,
                                            "Actual Rows": 0,
                                            "Actual Loops": 2,
                                            "Inner Unique": true,
                                            "Workers": [],
                                            "Plans": [
                                              {
                                                "Node Type": "Nested Loop",
                                                "Parent Relationship": "Outer",
                                                "Parallel Aware": false,
                                                "Async Capable": false,
                                                "Join Type": "Inner",
                                                "Startup Cost": 25.15,
                                                "Total Cost": 10829.31,
                                                "Plan Rows": 1,
                                                "Plan Width": 24,
                                                "Actual Startup Time": 28.816,
                                                "Actual Total Time": 28.818,
                                                "Actual Rows": 0,
                                                "Actual Loops": 2,
                                                "Inner Unique": true,
                                                "Workers": [],
                                                "Plans": [
                                                  {
                                                    "Node Type": "Hash Join",
                                                    "Parent Relationship": "Outer",
                                                    "Parallel Aware": false,
                                                    "Async Capable": false,
                                                    "Join Type": "Inner",
                                                    "Startup Cost": 24.86,
                                                    "Total Cost": 10827.24,
                                                    "Plan Rows": 6,
                                                    "Plan Width": 24,
                                                    "Actual Startup Time": 2.023,
                                                    "Actual Total Time": 27.178,
                                                    "Actual Rows": 446,
                                                    "Actual Loops": 2,
                                                    "Inner Unique": true,
                                                    "Hash Cond": "(web_sales.ws_promo_sk = promotion_2.p_promo_sk)",
                                                    "Workers": [],
                                                    "Plans": [
                                                      {
                                                        "Node Type": "Nested Loop",
                                                        "Parent Relationship": "Outer",
                                                        "Parallel Aware": false,
                                                        "Async Capable": false,
                                                        "Join Type": "Inner",
                                                        "Startup Cost": 0.43,
                                                        "Total Cost": 10802.2,
                                                        "Plan Rows": 231,
                                                        "Plan Width": 28,
                                                        "Actual Startup Time": 1.908,
                                                        "Actual Total Time": 26.365,
                                                        "Actual Rows": 9748,
                                                        "Actual Loops": 2,
                                                        "Inner Unique": false,
                                                        "Workers": [],
                                                        "Plans": [
                                                          {
                                                            "Node Type": "Seq Scan",
                                                            "Parent Relationship": "Outer",
                                                            "Parallel Aware": true,
                                                            "Async Capable": false,
                                                            "Relation Name": "date_dim",
                                                            "Alias": "date_dim_2",
                                                            "Startup Cost": 0.0,
                                                            "Total Cost": 2049.55,
                                                            "Plan Rows": 18,
                                                            "Plan Width": 4,
                                                            "Actual Startup Time": 1.869,
                                                            "Actual Total Time": 1.887,
                                                            "Actual Rows": 16,
                                                            "Actual Loops": 2,
                                                            "Filter": "((d_date >= '1999-10-21'::date) AND (d_date <= '1999-11-20 00:00:00'::timestamp without time zone))",
                                                            "Rows Removed by Filter": 36509,
                                                            "Workers": []
                                                          },
                                                          {
                                                            "Node Type": "Index Scan",
                                                            "Parent Relationship": "Inner",
                                                            "Parallel Aware": false,
                                                            "Async Capable": false,
                                                            "Scan Direction": "Forward",
                                                            "Index Name": "_dta_index_web_sales_6_1269579561__k1_8_24",
                                                            "Relation Name": "web_sales",
                                                            "Alias": "web_sales",
                                                            "Startup Cost": 0.43,
                                                            "Total Cost": 481.9,
                                                            "Plan Rows": 436,
                                                            "Plan Width": 32,
                                                            "Actual Startup Time": 0.021,
                                                            "Actual Total Time": 1.497,
                                                            "Actual Rows": 629,
                                                            "Actual Loops": 31,
                                                            "Index Cond": "(ws_sold_date_sk = date_dim_2.d_date_sk)",
                                                            "Rows Removed by Index Recheck": 0,
                                                            "Filter": "((ws_wholesale_cost >= '21'::numeric) AND (ws_wholesale_cost <= '36'::numeric))",
                                                            "Rows Removed by Filter": 4161,
                                                            "Workers": []
                                                          }
                                                        ]
                                                      },
                                                      {
                                                        "Node Type": "Hash",
                                                        "Parent Relationship": "Inner",
                                                        "Parallel Aware": false,
                                                        "Async Capable": false,
                                                        "Startup Cost": 24.25,
                                                        "Total Cost": 24.25,
                                                        "Plan Rows": 14,
                                                        "Plan Width": 4,
                                                        "Actual Startup Time": 0.072,
                                                        "Actual Total Time": 0.073,
                                                        "Actual Rows": 18,
                                                        "Actual Loops": 1,
                                                        "Hash Buckets": 1024,
                                                        "Original Hash Buckets": 1024,
                                                        "Hash Batches": 1,
                                                        "Original Hash Batches": 1,
                                                        "Peak Memory Usage": 9,
                                                        "Workers": [],
                                                        "Plans": [
                                                          {
                                                            "Node Type": "Seq Scan",
                                                            "Parent Relationship": "Outer",
                                                            "Parallel Aware": false,
                                                            "Async Capable": false,
                                                            "Relation Name": "promotion",
                                                            "Alias": "promotion_2",
                                                            "Startup Cost": 0.0,
                                                            "Total Cost": 24.25,
                                                            "Plan Rows": 14,
                                                            "Plan Width": 4,
                                                            "Actual Startup Time": 0.012,
                                                            "Actual Total Time": 0.07,
                                                            "Actual Rows": 18,
                                                            "Actual Loops": 1,
                                                            "Filter": "((p_channel_email = 'Y'::bpchar) AND (p_channel_tv = 'N'::bpchar) AND (p_channel_radio = 'N'::bpchar) AND (p_channel_press = 'N'::bpchar) AND (p_channel_event = 'N'::bpchar))",
                                                            "Rows Removed by Filter": 482,
                                                            "Workers": []
                                                          }
                                                        ]
                                                      }
                                                    ]
                                                  },
                                                  {
                                                    "Node Type": "Index Scan",
                                                    "Parent Relationship": "Inner",
                                                    "Parallel Aware": false,
                                                    "Async Capable": false,
                                                    "Scan Direction": "Forward",
                                                    "Index Name": "item_pkey",
                                                    "Relation Name": "item",
                                                    "Alias": "item_2",
                                                    "Startup Cost": 0.29,
                                                    "Total Cost": 0.35,
                                                    "Plan Rows": 1,
                                                    "Plan Width": 4,
                                                    "Actual Startup Time": 0.003,
                                                    "Actual Total Time": 0.003,
                                                    "Actual Rows": 0,
                                                    "Actual Loops": 893,
                                                    "Index Cond": "(i_item_sk = web_sales.ws_item_sk)",
                                                    "Rows Removed by Index Recheck": 0,
                                                    "Filter": "((i_current_price > '50'::numeric) AND (i_category = ANY ('{Men,Music}'::bpchar[])))",
                                                    "Rows Removed by Filter": 1,
                                                    "Workers": []
                                                  }
                                                ]
                                              },
                                              {
                                                "Node Type": "Index Scan",
                                                "Parent Relationship": "Inner",
                                                "Parallel Aware": false,
                                                "Async Capable": false,
                                                "Scan Direction": "Forward",
                                                "Index Name": "web_site_pkey",
                                                "Relation Name": "web_site",
                                                "Alias": "web_site",
                                                "Startup Cost": 0.14,
                                                "Total Cost": 0.16,
                                                "Plan Rows": 1,
                                                "Plan Width": 21,
                                                "Actual Startup Time": 0.0,
                                                "Actual Total Time": 0.0,
                                                "Actual Rows": 0,
                                                "Actual Loops": 0,
                                                "Index Cond": "(web_site_sk = web_sales.ws_web_site_sk)",
                                                "Rows Removed by Index Recheck": 0,
                                                "Workers": []
                                              }
                                            ]
                                          }
                                        ]
                                      }
                                    ]
                                  },
                                  {
                                    "Node Type": "Index Scan",
                                    "Parent Relationship": "Inner",
                                    "Parallel Aware": false,
                                    "Async Capable": false,
                                    "Scan Direction": "Forward",
                                    "Index Name": "web_returns_pkey",
                                    "Relation Name": "web_returns",
                                    "Alias": "web_returns",
                                    "Startup Cost": 0.43,
                                    "Total Cost": 0.58,
                                    "Plan Rows": 1,
                                    "Plan Width": 20,
                                    "Actual Startup Time": 0.0,
                                    "Actual Total Time": 0.0,
                                    "Actual Rows": 0,
                                    "Actual Loops": 0,
                                    "Index Cond": "((wr_item_sk = web_sales.ws_item_sk) AND (wr_order_number = web_sales.ws_order_number))",
                                    "Rows Removed by Index Recheck": 0
                                  }
                                ]
                              }
                            ]
                          }
                        ]
                      }
                    ]
                  }
                ]
              }
            ]
          }
        ]
      },
      "Planning Time": 5.157,
      "Triggers": [],
      "Execution Time": 132.0
    }
  ],
  "plan_text": "",
  "actual_rows": 0,
  "provenance": {
    "database": "postgres://jakc9:jakc9@127.0.0.1:5434/dsb_sf10",
    "scale_factor": 10,
    "engine": "postgresql",
    "engine_version": "14.3",
    "cached_at": "2026-02-09T21:06:49.522434"
  }
}