{
  "plan_json": [
    {
      "Plan": {
        "Node Type": "Sort",
        "Parallel Aware": false,
        "Async Capable": false,
        "Startup Cost": 320778.7,
        "Total Cost": 320779.02,
        "Plan Rows": 129,
        "Plan Width": 16,
        "Actual Startup Time": 2007.172,
        "Actual Total Time": 2007.257,
        "Actual Rows": 368,
        "Actual Loops": 1,
        "Sort Key": [
          "(count(*))"
        ],
        "Sort Method": "quicksort",
        "Sort Space Used": 42,
        "Sort Space Type": "Memory",
        "Plans": [
          {
            "Node Type": "Aggregate",
            "Strategy": "Sorted",
            "Partial Mode": "Simple",
            "Parent Relationship": "Outer",
            "Parallel Aware": false,
            "Async Capable": false,
            "Startup Cost": 285924.73,
            "Total Cost": 320774.17,
            "Plan Rows": 129,
            "Plan Width": 16,
            "Actual Startup Time": 1044.943,
            "Actual Total Time": 2007.188,
            "Actual Rows": 368,
            "Actual Loops": 1,
            "Group Key": [
              "item1.i_item_sk",
              "item2.i_item_sk"
            ],
            "Plans": [
              {
                "Node Type": "Gather Merge",
                "Parent Relationship": "Outer",
                "Parallel Aware": false,
                "Async Capable": false,
                "Startup Cost": 285924.73,
                "Total Cost": 320771.92,
                "Plan Rows": 129,
                "Plan Width": 8,
                "Actual Startup Time": 1044.935,
                "Actual Total Time": 2007.07,
                "Actual Rows": 838,
                "Actual Loops": 1,
                "Workers Planned": 2,
                "Workers Launched": 2,
                "Plans": [
                  {
                    "Node Type": "Incremental Sort",
                    "Parent Relationship": "Outer",
                    "Parallel Aware": false,
                    "Async Capable": false,
                    "Startup Cost": 284924.71,
                    "Total Cost": 319757.0,
                    "Plan Rows": 54,
                    "Plan Width": 8,
                    "Actual Startup Time": 975.39,
                    "Actual Total Time": 1737.507,
                    "Actual Rows": 279,
                    "Actual Loops": 3,
                    "Sort Key": [
                      "item1.i_item_sk",
                      "item2.i_item_sk"
                    ],
                    "Presorted Key": [
                      "item1.i_item_sk"
                    ],
                    "Full-sort Groups": {
                      "Group Count": 7,
                      "Sort Methods Used": [
                        "quicksort"
                      ],
                      "Sort Space Memory": {
                        "Average Sort Space Used": 26,
                        "Peak Sort Space Used": 26
                      }
                    },
                    "Pre-sorted Groups": {
                      "Group Count": 21,
                      "Sort Methods Used": [
                        "quicksort"
                      ],
                      "Sort Space Memory": {
                        "Average Sort Space Used": 25,
                        "Peak Sort Space Used": 25
                      }
                    },
                    "Workers": [
                      {
                        "Worker Number": 0,
                        "Full-sort Groups": {
                          "Group Count": 8,
                          "Sort Methods Used": [
                            "quicksort"
                          ],
                          "Sort Space Memory": {
                            "Average Sort Space Used": 26,
                            "Peak Sort Space Used": 26
                          }
                        },
                        "Pre-sorted Groups": {
                          "Group Count": 37,
                          "Sort Methods Used": [
                            "quicksort"
                          ],
                          "Sort Space Memory": {
                            "Average Sort Space Used": 25,
                            "Peak Sort Space Used": 25
                          }
                        }
                      },
                      {
                        "Worker Number": 1,
                        "Full-sort Groups": {
                          "Group Count": 5,
                          "Sort Methods Used": [
                            "quicksort"
                          ],
                          "Sort Space Memory": {
                            "Average Sort Space Used": 27,
                            "Peak Sort Space Used": 27
                          }
                        }
                      }
                    ],
                    "Plans": [
                      {
                        "Node Type": "Nested Loop",
                        "Parent Relationship": "Outer",
                        "Parallel Aware": false,
                        "Async Capable": false,
                        "Join Type": "Inner",
                        "Startup Cost": 284267.53,
                        "Total Cost": 319754.57,
                        "Plan Rows": 54,
                        "Plan Width": 8,
                        "Actual Startup Time": 883.177,
                        "Actual Total Time": 1737.037,
                        "Actual Rows": 279,
                        "Actual Loops": 3,
                        "Inner Unique": true,
                        "Workers": [],
                        "Plans": [
                          {
                            "Node Type": "Nested Loop",
                            "Parent Relationship": "Outer",
                            "Parallel Aware": false,
                            "Async Capable": false,
                            "Join Type": "Inner",
                            "Startup Cost": 284267.11,
                            "Total Cost": 319619.92,
                            "Plan Rows": 54,
                            "Plan Width": 12,
                            "Actual Startup Time": 883.153,
                            "Actual Total Time": 1734.804,
                            "Actual Rows": 279,
                            "Actual Loops": 3,
                            "Inner Unique": true,
                            "Join Filter": "(item1.i_item_sk < item2.i_item_sk)",
                            "Rows Removed by Join Filter": 1034,
                            "Workers": [],
                            "Plans": [
                              {
                                "Node Type": "Nested Loop",
                                "Parent Relationship": "Outer",
                                "Parallel Aware": false,
                                "Async Capable": false,
                                "Join Type": "Inner",
                                "Startup Cost": 284266.82,
                                "Total Cost": 316055.29,
                                "Plan Rows": 803,
                                "Plan Width": 12,
                                "Actual Startup Time": 881.065,
                                "Actual Total Time": 1713.92,
                                "Actual Rows": 6540,
                                "Actual Loops": 3,
                                "Inner Unique": false,
                                "Workers": [],
                                "Plans": [
                                  {
                                    "Node Type": "Nested Loop",
                                    "Parent Relationship": "Outer",
                                    "Parallel Aware": false,
                                    "Async Capable": false,
                                    "Join Type": "Inner",
                                    "Startup Cost": 284266.38,
                                    "Total Cost": 304809.4,
                                    "Plan Rows": 60,
                                    "Plan Width": 12,
                                    "Actual Startup Time": 881.043,
                                    "Actual Total Time": 1650.973,
                                    "Actual Rows": 3655,
                                    "Actual Loops": 3,
                                    "Inner Unique": true,
                                    "Workers": [],
                                    "Plans": [
                                      {
                                        "Node Type": "Nested Loop",
                                        "Parent Relationship": "Outer",
                                        "Parallel Aware": false,
                                        "Async Capable": false,
                                        "Join Type": "Inner",
                                        "Startup Cost": 284265.95,
                                        "Total Cost": 294815.2,
                                        "Plan Rows": 2163,
                                        "Plan Width": 16,
                                        "Actual Startup Time": 880.982,
                                        "Actual Total Time": 1266.047,
                                        "Actual Rows": 84279,
                                        "Actual Loops": 3,
                                        "Inner Unique": true,
                                        "Workers": [],
                                        "Plans": [
                                          {
                                            "Node Type": "Merge Join",
                                            "Parent Relationship": "Outer",
                                            "Parallel Aware": false,
                                            "Async Capable": false,
                                            "Join Type": "Inner",
                                            "Startup Cost": 284265.53,
                                            "Total Cost": 284469.49,
                                            "Plan Rows": 2265,
                                            "Plan Width": 12,
                                            "Actual Startup Time": 880.947,
                                            "Actual Total Time": 927.206,
                                            "Actual Rows": 85310,
                                            "Actual Loops": 3,
                                            "Inner Unique": true,
                                            "Merge Cond": "(s1.ss_item_sk = item1.i_item_sk)",
                                            "Workers": [],
                                            "Plans": [
                                              {
                                                "Node Type": "Sort",
                                                "Parent Relationship": "Outer",
                                                "Parallel Aware": false,
                                                "Async Capable": false,
                                                "Startup Cost": 279992.57,
                                                "Total Cost": 280013.19,
                                                "Plan Rows": 8245,
                                                "Plan Width": 12,
                                                "Actual Startup Time": 872.571,
                                                "Actual Total Time": 893.336,
                                                "Actual Rows": 248157,
                                                "Actual Loops": 3,
                                                "Sort Key": [
                                                  "s1.ss_item_sk"
                                                ],
                                                "Sort Method": "external merge",
                                                "Sort Space Used": 5960,
                                                "Sort Space Type": "Disk",
                                                "Workers": [
                                                  {
                                                    "Worker Number": 0,
                                                    "Sort Method": "external merge",
                                                    "Sort Space Used": 5416,
                                                    "Sort Space Type": "Disk"
                                                  },
                                                  {
                                                    "Worker Number": 1,
                                                    "Sort Method": "external merge",
                                                    "Sort Space Used": 4704,
                                                    "Sort Space Type": "Disk"
                                                  }
                                                ],
                                                "Plans": [
                                                  {
                                                    "Node Type": "Nested Loop",
                                                    "Parent Relationship": "Outer",
                                                    "Parallel Aware": false,
                                                    "Async Capable": false,
                                                    "Join Type": "Inner",
                                                    "Startup Cost": 0.85,
                                                    "Total Cost": 279456.27,
                                                    "Plan Rows": 8245,
                                                    "Plan Width": 12,
                                                    "Actual Startup Time": 0.344,
                                                    "Actual Total Time": 817.805,
                                                    "Actual Rows": 248158,
                                                    "Actual Loops": 3,
                                                    "Inner Unique": false,
                                                    "Workers": [],
                                                    "Plans": [
                                                      {
                                                        "Node Type": "Index Only Scan",
                                                        "Parent Relationship": "Outer",
                                                        "Parallel Aware": true,
                                                        "Async Capable": false,
                                                        "Scan Direction": "Forward",
                                                        "Index Name": "_dta_index_date_dim_6_661577395__k1_k7_k9",
                                                        "Relation Name": "date_dim",
                                                        "Alias": "date_dim",
                                                        "Startup Cost": 0.29,
                                                        "Total Cost": 1861.77,
                                                        "Plan Rows": 298,
                                                        "Plan Width": 4,
                                                        "Actual Startup Time": 0.299,
                                                        "Actual Total Time": 0.928,
                                                        "Actual Rows": 244,
                                                        "Actual Loops": 3,
                                                        "Index Cond": "((d_year >= 1999) AND (d_year <= 2000))",
                                                        "Rows Removed by Index Recheck": 0,
                                                        "Heap Fetches": 0,
                                                        "Workers": []
                                                      },
                                                      {
                                                        "Node Type": "Index Only Scan",
                                                        "Parent Relationship": "Inner",
                                                        "Parallel Aware": false,
                                                        "Async Capable": false,
                                                        "Scan Direction": "Forward",
                                                        "Index Name": "_dta_index_store_sales_6_1333579789__k1_k23_k14_k6_k8_k5_k7_3_4",
                                                        "Relation Name": "store_sales",
                                                        "Alias": "s1",
                                                        "Startup Cost": 0.56,
                                                        "Total Cost": 921.71,
                                                        "Plan Rows": 982,
                                                        "Plan Width": 16,
                                                        "Actual Startup Time": 0.013,
                                                        "Actual Total Time": 3.276,
                                                        "Actual Rows": 1018,
                                                        "Actual Loops": 731,
                                                        "Index Cond": "(ss_sold_date_sk = date_dim.d_date_sk)",
                                                        "Rows Removed by Index Recheck": 0,
                                                        "Filter": "((ss_list_price >= '115'::numeric) AND (ss_list_price <= '129'::numeric))",
                                                        "Rows Removed by Filter": 13502,
                                                        "Heap Fetches": 0,
                                                        "Workers": []
                                                      }
                                                    ]
                                                  }
                                                ]
                                              },
                                              {
                                                "Node Type": "Sort",
                                                "Parent Relationship": "Inner",
                                                "Parallel Aware": false,
                                                "Async Capable": false,
                                                "Startup Cost": 4272.96,
                                                "Total Cost": 4343.0,
                                                "Plan Rows": 28019,
                                                "Plan Width": 4,
                                                "Actual Startup Time": 8.364,
                                                "Actual Total Time": 11.943,
                                                "Actual Rows": 27907,
                                                "Actual Loops": 3,
                                                "Sort Key": [
                                                  "item1.i_item_sk"
                                                ],
                                                "Sort Method": "quicksort",
                                                "Sort Space Used": 2077,
                                                "Sort Space Type": "Memory",
                                                "Workers": [
                                                  {
                                                    "Worker Number": 0,
                                                    "Sort Method": "quicksort",
                                                    "Sort Space Used": 2077,
                                                    "Sort Space Type": "Memory"
                                                  },
                                                  {
                                                    "Worker Number": 1,
                                                    "Sort Method": "quicksort",
                                                    "Sort Space Used": 2077,
                                                    "Sort Space Type": "Memory"
                                                  }
                                                ],
                                                "Plans": [
                                                  {
                                                    "Node Type": "Index Only Scan",
                                                    "Parent Relationship": "Outer",
                                                    "Parallel Aware": false,
                                                    "Async Capable": false,
                                                    "Scan Direction": "Forward",
                                                    "Index Name": "_dta_index_item_6_853578079__k13_k11_k1",
                                                    "Relation Name": "item",
                                                    "Alias": "item1",
                                                    "Startup Cost": 0.42,
                                                    "Total Cost": 2203.18,
                                                    "Plan Rows": 28019,
                                                    "Plan Width": 4,
                                                    "Actual Startup Time": 0.079,
                                                    "Actual Total Time": 4.282,
                                                    "Actual Rows": 27907,
                                                    "Actual Loops": 3,
                                                    "Index Cond": "(i_category = ANY ('{Electronics,Men}'::bpchar[]))",
                                                    "Rows Removed by Index Recheck": 0,
                                                    "Heap Fetches": 0,
                                                    "Workers": []
                                                  }
                                                ]
                                              }
                                            ]
                                          },
                                          {
                                            "Node Type": "Index Scan",
                                            "Parent Relationship": "Inner",
                                            "Parallel Aware": false,
                                            "Async Capable": false,
                                            "Scan Direction": "Forward",
                                            "Index Name": "_dta_index_customer_6_949578421__k1_k5",
                                            "Relation Name": "customer",
                                            "Alias": "customer",
                                            "Startup Cost": 0.42,
                                            "Total Cost": 4.57,
                                            "Plan Rows": 1,
                                            "Plan Width": 12,
                                            "Actual Startup Time": 0.004,
                                            "Actual Total Time": 0.004,
                                            "Actual Rows": 1,
                                            "Actual Loops": 255930,
                                            "Index Cond": "(c_customer_sk = s1.ss_customer_sk)",
                                            "Rows Removed by Index Recheck": 0,
                                            "Workers": []
                                          }
                                        ]
                                      },
                                      {
                                        "Node Type": "Index Scan",
                                        "Parent Relationship": "Inner",
                                        "Parallel Aware": false,
                                        "Async Capable": false,
                                        "Scan Direction": "Forward",
                                        "Index Name": "customer_demographics_pkey",
                                        "Relation Name": "customer_demographics",
                                        "Alias": "customer_demographics",
                                        "Startup Cost": 0.43,
                                        "Total Cost": 4.62,
                                        "Plan Rows": 1,
                                        "Plan Width": 4,
                                        "Actual Startup Time": 0.004,
                                        "Actual Total Time": 0.004,
                                        "Actual Rows": 0,
                                        "Actual Loops": 252837,
                                        "Index Cond": "(cd_demo_sk = customer.c_current_cdemo_sk)",
                                        "Rows Removed by Index Recheck": 0,
                                        "Filter": "((cd_marital_status = 'D'::bpchar) AND (cd_education_status = 'College'::bpchar))",
                                        "Rows Removed by Filter": 1,
                                        "Workers": []
                                      }
                                    ]
                                  },
                                  {
                                    "Node Type": "Index Scan",
                                    "Parent Relationship": "Inner",
                                    "Parallel Aware": false,
                                    "Async Capable": false,
                                    "Scan Direction": "Forward",
                                    "Index Name": "_dta_index_store_sales_6_1333579789__k10_k3",
                                    "Relation Name": "store_sales",
                                    "Alias": "s2",
                                    "Startup Cost": 0.44,
                                    "Total Cost": 187.3,
                                    "Plan Rows": 13,
                                    "Plan Width": 8,
                                    "Actual Startup Time": 0.015,
                                    "Actual Total Time": 0.017,
                                    "Actual Rows": 2,
                                    "Actual Loops": 10965,
                                    "Index Cond": "(ss_ticket_number = s1.ss_ticket_number)",
                                    "Rows Removed by Index Recheck": 0,
                                    "Filter": "((ss_list_price >= '115'::numeric) AND (ss_list_price <= '129'::numeric))",
                                    "Rows Removed by Filter": 11,
                                    "Workers": []
                                  }
                                ]
                              },
                              {
                                "Node Type": "Index Scan",
                                "Parent Relationship": "Inner",
                                "Parallel Aware": false,
                                "Async Capable": false,
                                "Scan Direction": "Forward",
                                "Index Name": "item_pkey",
                                "Relation Name": "item",
                                "Alias": "item2",
                                "Startup Cost": 0.29,
                                "Total Cost": 4.43,
                                "Plan Rows": 1,
                                "Plan Width": 4,
                                "Actual Startup Time": 0.003,
                                "Actual Total Time": 0.003,
                                "Actual Rows": 0,
                                "Actual Loops": 19619,
                                "Index Cond": "(i_item_sk = s2.ss_item_sk)",
                                "Rows Removed by Index Recheck": 0,
                                "Filter": "((i_manager_id >= 44) AND (i_manager_id <= 63))",
                                "Rows Removed by Filter": 1,
                                "Workers": []
                              }
                            ]
                          },
                          {
                            "Node Type": "Index Only Scan",
                            "Parent Relationship": "Inner",
                            "Parallel Aware": false,
                            "Async Capable": false,
                            "Scan Direction": "Forward",
                            "Index Name": "customer_address_pkey",
                            "Relation Name": "customer_address",
                            "Alias": "customer_address",
                            "Startup Cost": 0.42,
                            "Total Cost": 2.49,
                            "Plan Rows": 1,
                            "Plan Width": 4,
                            "Actual Startup Time": 0.006,
                            "Actual Total Time": 0.006,
                            "Actual Rows": 1,
                            "Actual Loops": 838,
                            "Index Cond": "(ca_address_sk = customer.c_current_addr_sk)",
                            "Rows Removed by Index Recheck": 0,
                            "Heap Fetches": 0,
                            "Workers": []
                          }
                        ]
                      }
                    ]
                  }
                ]
              }
            ]
          }
        ]
      },
      "Planning Time": 4.339,
      "Triggers": [],
      "Execution Time": 2008.025
    }
  ],
  "plan_text": "",
  "actual_rows": 0,
  "provenance": {
    "database": "postgres://jakc9:jakc9@127.0.0.1:5434/dsb_sf10",
    "scale_factor": 10,
    "engine": "postgresql",
    "engine_version": "14.3",
    "cached_at": "2026-02-09T21:27:02.230106"
  }
}