{
  "plan_json": [
    {
      "Plan": {
        "Node Type": "Limit",
        "Parallel Aware": false,
        "Async Capable": false,
        "Startup Cost": 8849.88,
        "Total Cost": 8851.49,
        "Plan Rows": 1,
        "Plan Width": 125,
        "Actual Startup Time": 1134.25,
        "Actual Total Time": 1239.54,
        "Actual Rows": 30,
        "Actual Loops": 1,
        "Plans": [
          {
            "Node Type": "Aggregate",
            "Strategy": "Sorted",
            "Partial Mode": "Simple",
            "Parent Relationship": "Outer",
            "Parallel Aware": false,
            "Async Capable": false,
            "Startup Cost": 8849.88,
            "Total Cost": 8851.49,
            "Plan Rows": 1,
            "Plan Width": 125,
            "Actual Startup Time": 1134.248,
            "Actual Total Time": 1239.53,
            "Actual Rows": 30,
            "Actual Loops": 1,
            "Group Key": [
              "store.s_store_name",
              "store.s_company_id",
              "store.s_street_number",
              "store.s_street_name",
              "store.s_street_type",
              "store.s_suite_number",
              "store.s_city",
              "store.s_county",
              "store.s_state",
              "store.s_zip"
            ],
            "Plans": [
              {
                "Node Type": "Nested Loop",
                "Parent Relationship": "Outer",
                "Parallel Aware": false,
                "Async Capable": false,
                "Join Type": "Inner",
                "Startup Cost": 8849.88,
                "Total Cost": 8851.4,
                "Plan Rows": 1,
                "Plan Width": 93,
                "Actual Startup Time": 1131.772,
                "Actual Total Time": 1226.745,
                "Actual Rows": 39154,
                "Actual Loops": 1,
                "Inner Unique": true,
                "Join Filter": "((d1.d_date <= d2.d_date) AND (d1.d_date >= (d2.d_date - '120 days'::interval)))",
                "Rows Removed by Join Filter": 41398,
                "Plans": [
                  {
                    "Node Type": "Gather Merge",
                    "Parent Relationship": "Outer",
                    "Parallel Aware": false,
                    "Async Capable": false,
                    "Startup Cost": 8849.59,
                    "Total Cost": 8849.71,
                    "Plan Rows": 1,
                    "Plan Width": 97,
                    "Actual Startup Time": 1131.71,
                    "Actual Total Time": 1157.304,
                    "Actual Rows": 81513,
                    "Actual Loops": 1,
                    "Workers Planned": 1,
                    "Workers Launched": 1,
                    "Plans": [
                      {
                        "Node Type": "Sort",
                        "Parent Relationship": "Outer",
                        "Parallel Aware": false,
                        "Async Capable": false,
                        "Startup Cost": 7849.58,
                        "Total Cost": 7849.58,
                        "Plan Rows": 1,
                        "Plan Width": 97,
                        "Actual Startup Time": 919.566,
                        "Actual Total Time": 940.709,
                        "Actual Rows": 40756,
                        "Actual Loops": 2,
                        "Sort Key": [
                          "store.s_store_name",
                          "store.s_company_id",
                          "store.s_street_number",
                          "store.s_street_name",
                          "store.s_street_type",
                          "store.s_suite_number",
                          "store.s_city",
                          "store.s_county",
                          "store.s_state",
                          "store.s_zip"
                        ],
                        "Sort Method": "quicksort",
                        "Sort Space Used": 3862,
                        "Sort Space Type": "Memory",
                        "Workers": [
                          {
                            "Worker Number": 0,
                            "Sort Method": "external merge",
                            "Sort Space Used": 6616,
                            "Sort Space Type": "Disk"
                          }
                        ],
                        "Plans": [
                          {
                            "Node Type": "Nested Loop",
                            "Parent Relationship": "Outer",
                            "Parallel Aware": false,
                            "Async Capable": false,
                            "Join Type": "Inner",
                            "Startup Cost": 1.14,
                            "Total Cost": 7849.57,
                            "Plan Rows": 1,
                            "Plan Width": 97,
                            "Actual Startup Time": 3.607,
                            "Actual Total Time": 872.864,
                            "Actual Rows": 40756,
                            "Actual Loops": 2,
                            "Inner Unique": true,
                            "Workers": [],
                            "Plans": [
                              {
                                "Node Type": "Nested Loop",
                                "Parent Relationship": "Outer",
                                "Parallel Aware": false,
                                "Async Capable": false,
                                "Join Type": "Inner",
                                "Startup Cost": 0.99,
                                "Total Cost": 7849.41,
                                "Plan Rows": 1,
                                "Plan Width": 16,
                                "Actual Startup Time": 3.591,
                                "Actual Total Time": 830.083,
                                "Actual Rows": 41734,
                                "Actual Loops": 2,
                                "Inner Unique": true,
                                "Workers": [],
                                "Plans": [
                                  {
                                    "Node Type": "Nested Loop",
                                    "Parent Relationship": "Outer",
                                    "Parallel Aware": false,
                                    "Async Capable": false,
                                    "Join Type": "Inner",
                                    "Startup Cost": 0.43,
                                    "Total Cost": 4534.08,
                                    "Plan Rows": 1736,
                                    "Plan Width": 20,
                                    "Actual Startup Time": 3.229,
                                    "Actual Total Time": 18.653,
                                    "Actual Rows": 56294,
                                    "Actual Loops": 2,
                                    "Inner Unique": false,
                                    "Workers": [],
                                    "Plans": [
                                      {
                                        "Node Type": "Seq Scan",
                                        "Parent Relationship": "Outer",
                                        "Parallel Aware": true,
                                        "Async Capable": false,
                                        "Relation Name": "date_dim",
                                        "Alias": "d2",
                                        "Startup Cost": 0.0,
                                        "Total Cost": 2049.55,
                                        "Plan Rows": 18,
                                        "Plan Width": 8,
                                        "Actual Startup Time": 2.356,
                                        "Actual Total Time": 4.115,
                                        "Actual Rows": 16,
                                        "Actual Loops": 2,
                                        "Filter": "((d_year = 1999) AND (d_moy = 7))",
                                        "Rows Removed by Filter": 36509,
                                        "Workers": []
                                      },
                                      {
                                        "Node Type": "Index Only Scan",
                                        "Parent Relationship": "Inner",
                                        "Parallel Aware": false,
                                        "Async Capable": false,
                                        "Scan Direction": "Forward",
                                        "Index Name": "_dta_index_store_returns_6_1013578649__k1_3_4_10",
                                        "Relation Name": "store_returns",
                                        "Alias": "store_returns",
                                        "Startup Cost": 0.43,
                                        "Total Cost": 106.81,
                                        "Plan Rows": 3122,
                                        "Plan Width": 16,
                                        "Actual Startup Time": 0.062,
                                        "Actual Total Time": 0.55,
                                        "Actual Rows": 3632,
                                        "Actual Loops": 31,
                                        "Index Cond": "(sr_returned_date_sk = d2.d_date_sk)",
                                        "Rows Removed by Index Recheck": 0,
                                        "Heap Fetches": 0,
                                        "Workers": []
                                      }
                                    ]
                                  },
                                  {
                                    "Node Type": "Index Only Scan",
                                    "Parent Relationship": "Inner",
                                    "Parallel Aware": false,
                                    "Async Capable": false,
                                    "Scan Direction": "Forward",
                                    "Index Name": "_dta_index_store_sales_6_1333579789__k3_k10_k4_k1_k8",
                                    "Relation Name": "store_sales",
                                    "Alias": "store_sales",
                                    "Startup Cost": 0.56,
                                    "Total Cost": 1.91,
                                    "Plan Rows": 1,
                                    "Plan Width": 20,
                                    "Actual Startup Time": 0.014,
                                    "Actual Total Time": 0.014,
                                    "Actual Rows": 1,
                                    "Actual Loops": 112587,
                                    "Index Cond": "((ss_item_sk = store_returns.sr_item_sk) AND (ss_ticket_number = store_returns.sr_ticket_number) AND (ss_customer_sk = store_returns.sr_customer_sk))",
                                    "Rows Removed by Index Recheck": 0,
                                    "Heap Fetches": 0,
                                    "Workers": []
                                  }
                                ]
                              },
                              {
                                "Node Type": "Index Scan",
                                "Parent Relationship": "Inner",
                                "Parallel Aware": false,
                                "Async Capable": false,
                                "Scan Direction": "Forward",
                                "Index Name": "_dta_index_store_6_885578193__k1_2_6",
                                "Relation Name": "store",
                                "Alias": "store",
                                "Startup Cost": 0.14,
                                "Total Cost": 0.16,
                                "Plan Rows": 1,
                                "Plan Width": 89,
                                "Actual Startup Time": 0.001,
                                "Actual Total Time": 0.001,
                                "Actual Rows": 1,
                                "Actual Loops": 83467,
                                "Index Cond": "(s_store_sk = store_sales.ss_store_sk)",
                                "Rows Removed by Index Recheck": 0,
                                "Workers": []
                              }
                            ]
                          }
                        ]
                      }
                    ]
                  },
                  {
                    "Node Type": "Index Scan",
                    "Parent Relationship": "Inner",
                    "Parallel Aware": false,
                    "Async Capable": false,
                    "Scan Direction": "Forward",
                    "Index Name": "date_dim_pkey",
                    "Relation Name": "date_dim",
                    "Alias": "d1",
                    "Startup Cost": 0.29,
                    "Total Cost": 1.68,
                    "Plan Rows": 1,
                    "Plan Width": 8,
                    "Actual Startup Time": 0.001,
                    "Actual Total Time": 0.001,
                    "Actual Rows": 1,
                    "Actual Loops": 81513,
                    "Index Cond": "(d_date_sk = store_sales.ss_sold_date_sk)",
                    "Rows Removed by Index Recheck": 0
                  }
                ]
              }
            ]
          }
        ]
      },
      "Planning Time": 1.828,
      "Triggers": [],
      "Execution Time": 1239.611
    }
  ],
  "plan_text": "",
  "actual_rows": 0,
  "provenance": {
    "database": "postgres://jakc9:jakc9@127.0.0.1:5434/dsb_sf10",
    "scale_factor": 10,
    "engine": "postgresql",
    "engine_version": "14.3",
    "cached_at": "2026-02-09T21:05:22.911541"
  }
}