{
  "plan_json": [
    {
      "Plan": {
        "Node Type": "Sort",
        "Parallel Aware": false,
        "Async Capable": false,
        "Startup Cost": 55665.8,
        "Total Cost": 55665.8,
        "Plan Rows": 3,
        "Plan Width": 99,
        "Actual Startup Time": 166.999,
        "Actual Total Time": 170.67,
        "Actual Rows": 8,
        "Actual Loops": 1,
        "Sort Key": [
          "(sum(catalog_returns.cr_net_loss)) DESC"
        ],
        "Sort Method": "quicksort",
        "Sort Space Used": 26,
        "Sort Space Type": "Memory",
        "Plans": [
          {
            "Node Type": "Aggregate",
            "Strategy": "Sorted",
            "Partial Mode": "Finalize",
            "Parent Relationship": "Outer",
            "Parallel Aware": false,
            "Async Capable": false,
            "Startup Cost": 55665.44,
            "Total Cost": 55665.77,
            "Plan Rows": 3,
            "Plan Width": 99,
            "Actual Startup Time": 166.94,
            "Actual Total Time": 170.656,
            "Actual Rows": 8,
            "Actual Loops": 1,
            "Group Key": [
              "call_center.cc_call_center_id",
              "call_center.cc_name",
              "call_center.cc_manager",
              "customer_demographics.cd_marital_status",
              "customer_demographics.cd_education_status"
            ],
            "Plans": [
              {
                "Node Type": "Gather Merge",
                "Parent Relationship": "Outer",
                "Parallel Aware": false,
                "Async Capable": false,
                "Startup Cost": 55665.44,
                "Total Cost": 55665.7,
                "Plan Rows": 2,
                "Plan Width": 99,
                "Actual Startup Time": 166.924,
                "Actual Total Time": 170.637,
                "Actual Rows": 23,
                "Actual Loops": 1,
                "Workers Planned": 2,
                "Workers Launched": 2,
                "Plans": [
                  {
                    "Node Type": "Aggregate",
                    "Strategy": "Sorted",
                    "Partial Mode": "Partial",
                    "Parent Relationship": "Outer",
                    "Parallel Aware": false,
                    "Async Capable": false,
                    "Startup Cost": 54665.41,
                    "Total Cost": 54665.44,
                    "Plan Rows": 1,
                    "Plan Width": 99,
                    "Actual Startup Time": 163.546,
                    "Actual Total Time": 163.586,
                    "Actual Rows": 8,
                    "Actual Loops": 3,
                    "Group Key": [
                      "call_center.cc_call_center_id",
                      "call_center.cc_name",
                      "call_center.cc_manager",
                      "customer_demographics.cd_marital_status",
                      "customer_demographics.cd_education_status"
                    ],
                    "Workers": [],
                    "Plans": [
                      {
                        "Node Type": "Sort",
                        "Parent Relationship": "Outer",
                        "Parallel Aware": false,
                        "Async Capable": false,
                        "Startup Cost": 54665.41,
                        "Total Cost": 54665.42,
                        "Plan Rows": 1,
                        "Plan Width": 73,
                        "Actual Startup Time": 163.526,
                        "Actual Total Time": 163.538,
                        "Actual Rows": 157,
                        "Actual Loops": 3,
                        "Sort Key": [
                          "call_center.cc_call_center_id",
                          "call_center.cc_name",
                          "call_center.cc_manager",
                          "customer_demographics.cd_marital_status",
                          "customer_demographics.cd_education_status"
                        ],
                        "Sort Method": "quicksort",
                        "Sort Space Used": 48,
                        "Sort Space Type": "Memory",
                        "Workers": [
                          {
                            "Worker Number": 0,
                            "Sort Method": "quicksort",
                            "Sort Space Used": 47,
                            "Sort Space Type": "Memory"
                          },
                          {
                            "Worker Number": 1,
                            "Sort Method": "quicksort",
                            "Sort Space Used": 45,
                            "Sort Space Type": "Memory"
                          }
                        ],
                        "Plans": [
                          {
                            "Node Type": "Nested Loop",
                            "Parent Relationship": "Outer",
                            "Parallel Aware": false,
                            "Async Capable": false,
                            "Join Type": "Inner",
                            "Startup Cost": 9.49,
                            "Total Cost": 54665.4,
                            "Plan Rows": 1,
                            "Plan Width": 73,
                            "Actual Startup Time": 36.642,
                            "Actual Total Time": 163.343,
                            "Actual Rows": 157,
                            "Actual Loops": 3,
                            "Inner Unique": true,
                            "Workers": [],
                            "Plans": [
                              {
                                "Node Type": "Nested Loop",
                                "Parent Relationship": "Outer",
                                "Parallel Aware": false,
                                "Async Capable": false,
                                "Join Type": "Inner",
                                "Startup Cost": 9.07,
                                "Total Cost": 54663.94,
                                "Plan Rows": 3,
                                "Plan Width": 77,
                                "Actual Startup Time": 36.288,
                                "Actual Total Time": 161.133,
                                "Actual Rows": 290,
                                "Actual Loops": 3,
                                "Inner Unique": true,
                                "Workers": [],
                                "Plans": [
                                  {
                                    "Node Type": "Nested Loop",
                                    "Parent Relationship": "Outer",
                                    "Parallel Aware": false,
                                    "Async Capable": false,
                                    "Join Type": "Inner",
                                    "Startup Cost": 8.64,
                                    "Total Cost": 54625.64,
                                    "Plan Rows": 57,
                                    "Plan Width": 58,
                                    "Actual Startup Time": 35.45,
                                    "Actual Total Time": 145.297,
                                    "Actual Rows": 1855,
                                    "Actual Loops": 3,
                                    "Inner Unique": true,
                                    "Workers": [],
                                    "Plans": [
                                      {
                                        "Node Type": "Nested Loop",
                                        "Parent Relationship": "Outer",
                                        "Parallel Aware": false,
                                        "Async Capable": false,
                                        "Join Type": "Inner",
                                        "Startup Cost": 8.36,
                                        "Total Cost": 54518.35,
                                        "Plan Rows": 354,
                                        "Plan Width": 62,
                                        "Actual Startup Time": 35.093,
                                        "Actual Total Time": 130.917,
                                        "Actual Rows": 10409,
                                        "Actual Loops": 3,
                                        "Inner Unique": true,
                                        "Workers": [],
                                        "Plans": [
                                          {
                                            "Node Type": "Hash Join",
                                            "Parent Relationship": "Outer",
                                            "Parallel Aware": false,
                                            "Async Capable": false,
                                            "Join Type": "Inner",
                                            "Startup Cost": 7.93,
                                            "Total Cost": 54348.87,
                                            "Plan Rows": 362,
                                            "Plan Width": 54,
                                            "Actual Startup Time": 33.593,
                                            "Actual Total Time": 87.527,
                                            "Actual Rows": 10509,
                                            "Actual Loops": 3,
                                            "Inner Unique": true,
                                            "Hash Cond": "(catalog_returns.cr_call_center_sk = call_center.cc_call_center_sk)",
                                            "Workers": [],
                                            "Plans": [
                                              {
                                                "Node Type": "Hash Join",
                                                "Parent Relationship": "Outer",
                                                "Parallel Aware": false,
                                                "Async Capable": false,
                                                "Join Type": "Inner",
                                                "Startup Cost": 5.39,
                                                "Total Cost": 54345.19,
                                                "Plan Rows": 369,
                                                "Plan Width": 14,
                                                "Actual Startup Time": 32.11,
                                                "Actual Total Time": 85.659,
                                                "Actual Rows": 10720,
                                                "Actual Loops": 3,
                                                "Inner Unique": true,
                                                "Hash Cond": "(catalog_returns.cr_returned_date_sk = date_dim.d_date_sk)",
                                                "Workers": [],
                                                "Plans": [
                                                  {
                                                    "Node Type": "Seq Scan",
                                                    "Parent Relationship": "Outer",
                                                    "Parallel Aware": true,
                                                    "Async Capable": false,
                                                    "Relation Name": "catalog_returns",
                                                    "Alias": "catalog_returns",
                                                    "Startup Cost": 0.0,
                                                    "Total Cost": 51979.0,
                                                    "Plan Rows": 899300,
                                                    "Plan Width": 18,
                                                    "Actual Startup Time": 0.013,
                                                    "Actual Total Time": 49.124,
                                                    "Actual Rows": 719420,
                                                    "Actual Loops": 3,
                                                    "Workers": []
                                                  },
                                                  {
                                                    "Node Type": "Hash",
                                                    "Parent Relationship": "Inner",
                                                    "Parallel Aware": false,
                                                    "Async Capable": false,
                                                    "Startup Cost": 5.02,
                                                    "Total Cost": 5.02,
                                                    "Plan Rows": 30,
                                                    "Plan Width": 4,
                                                    "Actual Startup Time": 0.167,
                                                    "Actual Total Time": 0.168,
                                                    "Actual Rows": 31,
                                                    "Actual Loops": 3,
                                                    "Hash Buckets": 1024,
                                                    "Original Hash Buckets": 1024,
                                                    "Hash Batches": 1,
                                                    "Original Hash Batches": 1,
                                                    "Peak Memory Usage": 10,
                                                    "Workers": [],
                                                    "Plans": [
                                                      {
                                                        "Node Type": "Index Only Scan",
                                                        "Parent Relationship": "Outer",
                                                        "Parallel Aware": false,
                                                        "Async Capable": false,
                                                        "Scan Direction": "Forward",
                                                        "Index Name": "_dta_index_date_dim_6_661577395__k9_k7_k1",
                                                        "Relation Name": "date_dim",
                                                        "Alias": "date_dim",
                                                        "Startup Cost": 0.42,
                                                        "Total Cost": 5.02,
                                                        "Plan Rows": 30,
                                                        "Plan Width": 4,
                                                        "Actual Startup Time": 0.159,
                                                        "Actual Total Time": 0.162,
                                                        "Actual Rows": 31,
                                                        "Actual Loops": 3,
                                                        "Index Cond": "((d_moy = 12) AND (d_year = 2001))",
                                                        "Rows Removed by Index Recheck": 0,
                                                        "Heap Fetches": 0,
                                                        "Workers": []
                                                      }
                                                    ]
                                                  }
                                                ]
                                              },
                                              {
                                                "Node Type": "Hash",
                                                "Parent Relationship": "Inner",
                                                "Parallel Aware": false,
                                                "Async Capable": false,
                                                "Startup Cost": 2.24,
                                                "Total Cost": 2.24,
                                                "Plan Rows": 24,
                                                "Plan Width": 48,
                                                "Actual Startup Time": 0.019,
                                                "Actual Total Time": 0.019,
                                                "Actual Rows": 24,
                                                "Actual Loops": 3,
                                                "Hash Buckets": 1024,
                                                "Original Hash Buckets": 1024,
                                                "Hash Batches": 1,
                                                "Original Hash Batches": 1,
                                                "Peak Memory Usage": 10,
                                                "Workers": [],
                                                "Plans": [
                                                  {
                                                    "Node Type": "Seq Scan",
                                                    "Parent Relationship": "Outer",
                                                    "Parallel Aware": false,
                                                    "Async Capable": false,
                                                    "Relation Name": "call_center",
                                                    "Alias": "call_center",
                                                    "Startup Cost": 0.0,
                                                    "Total Cost": 2.24,
                                                    "Plan Rows": 24,
                                                    "Plan Width": 48,
                                                    "Actual Startup Time": 0.007,
                                                    "Actual Total Time": 0.011,
                                                    "Actual Rows": 24,
                                                    "Actual Loops": 3,
                                                    "Workers": []
                                                  }
                                                ]
                                              }
                                            ]
                                          },
                                          {
                                            "Node Type": "Index Scan",
                                            "Parent Relationship": "Inner",
                                            "Parallel Aware": false,
                                            "Async Capable": false,
                                            "Scan Direction": "Forward",
                                            "Index Name": "_dta_index_customer_6_949578421__k1_k5",
                                            "Relation Name": "customer",
                                            "Alias": "customer",
                                            "Startup Cost": 0.42,
                                            "Total Cost": 0.47,
                                            "Plan Rows": 1,
                                            "Plan Width": 16,
                                            "Actual Startup Time": 0.004,
                                            "Actual Total Time": 0.004,
                                            "Actual Rows": 1,
                                            "Actual Loops": 31526,
                                            "Index Cond": "(c_customer_sk = catalog_returns.cr_returning_customer_sk)",
                                            "Rows Removed by Index Recheck": 0,
                                            "Workers": []
                                          }
                                        ]
                                      },
                                      {
                                        "Node Type": "Index Scan",
                                        "Parent Relationship": "Inner",
                                        "Parallel Aware": false,
                                        "Async Capable": false,
                                        "Scan Direction": "Forward",
                                        "Index Name": "household_demographics_pkey",
                                        "Relation Name": "household_demographics",
                                        "Alias": "household_demographics",
                                        "Startup Cost": 0.28,
                                        "Total Cost": 0.3,
                                        "Plan Rows": 1,
                                        "Plan Width": 4,
                                        "Actual Startup Time": 0.001,
                                        "Actual Total Time": 0.001,
                                        "Actual Rows": 0,
                                        "Actual Loops": 31226,
                                        "Index Cond": "(hd_demo_sk = customer.c_current_hdemo_sk)",
                                        "Rows Removed by Index Recheck": 0,
                                        "Filter": "(hd_buy_potential ~~ '>10000%'::text)",
                                        "Rows Removed by Filter": 1,
                                        "Workers": []
                                      }
                                    ]
                                  },
                                  {
                                    "Node Type": "Index Scan",
                                    "Parent Relationship": "Inner",
                                    "Parallel Aware": false,
                                    "Async Capable": false,
                                    "Scan Direction": "Forward",
                                    "Index Name": "customer_demographics_pkey",
                                    "Relation Name": "customer_demographics",
                                    "Alias": "customer_demographics",
                                    "Startup Cost": 0.43,
                                    "Total Cost": 0.67,
                                    "Plan Rows": 1,
                                    "Plan Width": 27,
                                    "Actual Startup Time": 0.008,
                                    "Actual Total Time": 0.008,
                                    "Actual Rows": 0,
                                    "Actual Loops": 5564,
                                    "Index Cond": "(cd_demo_sk = customer.c_current_cdemo_sk)",
                                    "Rows Removed by Index Recheck": 0,
                                    "Filter": "(((cd_marital_status = 'M'::bpchar) AND (cd_education_status = 'Unknown'::bpchar)) OR ((cd_marital_status = 'W'::bpchar) AND (cd_education_status = 'Advanced Degree'::bpchar)))",
                                    "Rows Removed by Filter": 1,
                                    "Workers": []
                                  }
                                ]
                              },
                              {
                                "Node Type": "Index Scan",
                                "Parent Relationship": "Inner",
                                "Parallel Aware": false,
                                "Async Capable": false,
                                "Scan Direction": "Forward",
                                "Index Name": "customer_address_pkey",
                                "Relation Name": "customer_address",
                                "Alias": "customer_address",
                                "Startup Cost": 0.42,
                                "Total Cost": 0.49,
                                "Plan Rows": 1,
                                "Plan Width": 4,
                                "Actual Startup Time": 0.007,
                                "Actual Total Time": 0.007,
                                "Actual Rows": 1,
                                "Actual Loops": 869,
                                "Index Cond": "(ca_address_sk = customer.c_current_addr_sk)",
                                "Rows Removed by Index Recheck": 0,
                                "Filter": "(ca_gmt_offset = '-6'::numeric)",
                                "Rows Removed by Filter": 0,
                                "Workers": []
                              }
                            ]
                          }
                        ]
                      }
                    ]
                  }
                ]
              }
            ]
          }
        ]
      },
      "Planning Time": 0.841,
      "Triggers": [],
      "Execution Time": 170.747
    }
  ],
  "plan_text": "",
  "actual_rows": 0,
  "provenance": {
    "database": "postgres://jakc9:jakc9@127.0.0.1:5434/dsb_sf10",
    "scale_factor": 10,
    "engine": "postgresql",
    "engine_version": "14.3",
    "cached_at": "2026-02-09T21:16:54.193271"
  }
}