{
  "plan_json": [
    {
      "Plan": {
        "Node Type": "Limit",
        "Parallel Aware": false,
        "Async Capable": false,
        "Startup Cost": 543124.04,
        "Total Cost": 543124.05,
        "Plan Rows": 1,
        "Plan Width": 8,
        "Actual Startup Time": 992.128,
        "Actual Total Time": 992.239,
        "Actual Rows": 1,
        "Actual Loops": 1,
        "Plans": [
          {
            "Node Type": "Aggregate",
            "Strategy": "Plain",
            "Partial Mode": "Simple",
            "Parent Relationship": "Outer",
            "Parallel Aware": false,
            "Async Capable": false,
            "Startup Cost": 543124.04,
            "Total Cost": 543124.05,
            "Plan Rows": 1,
            "Plan Width": 8,
            "Actual Startup Time": 992.127,
            "Actual Total Time": 992.237,
            "Actual Rows": 1,
            "Actual Loops": 1,
            "Plans": [
              {
                "Node Type": "Subquery Scan",
                "Parent Relationship": "Outer",
                "Parallel Aware": false,
                "Async Capable": false,
                "Alias": "hot_cust",
                "Startup Cost": 107265.85,
                "Total Cost": 543123.84,
                "Plan Rows": 81,
                "Plan Width": 0,
                "Actual Startup Time": 992.124,
                "Actual Total Time": 992.234,
                "Actual Rows": 0,
                "Actual Loops": 1,
                "Plans": [
                  {
                    "Node Type": "SetOp",
                    "Strategy": "Hashed",
                    "Parent Relationship": "Subquery",
                    "Parallel Aware": false,
                    "Async Capable": false,
                    "Command": "Intersect",
                    "Startup Cost": 107265.85,
                    "Total Cost": 543123.03,
                    "Plan Rows": 81,
                    "Plan Width": 216,
                    "Actual Startup Time": 992.123,
                    "Actual Total Time": 992.232,
                    "Actual Rows": 0,
                    "Actual Loops": 1,
                    "Plans": [
                      {
                        "Node Type": "Append",
                        "Parent Relationship": "Outer",
                        "Parallel Aware": false,
                        "Async Capable": false,
                        "Startup Cost": 107265.85,
                        "Total Cost": 543120.97,
                        "Plan Rows": 274,
                        "Plan Width": 216,
                        "Actual Startup Time": 992.122,
                        "Actual Total Time": 992.231,
                        "Actual Rows": 0,
                        "Actual Loops": 1,
                        "Subplans Removed": 0,
                        "Plans": [
                          {
                            "Node Type": "Subquery Scan",
                            "Parent Relationship": "Member",
                            "Parallel Aware": false,
                            "Async Capable": false,
                            "Alias": "*SELECT* 3",
                            "Startup Cost": 107265.85,
                            "Total Cost": 107276.5,
                            "Plan Rows": 81,
                            "Plan Width": 60,
                            "Actual Startup Time": 168.565,
                            "Actual Total Time": 168.628,
                            "Actual Rows": 0,
                            "Actual Loops": 1,
                            "Plans": [
                              {
                                "Node Type": "Unique",
                                "Parent Relationship": "Subquery",
                                "Parallel Aware": false,
                                "Async Capable": false,
                                "Startup Cost": 107265.85,
                                "Total Cost": 107275.69,
                                "Plan Rows": 81,
                                "Plan Width": 56,
                                "Actual Startup Time": 168.565,
                                "Actual Total Time": 168.627,
                                "Actual Rows": 0,
                                "Actual Loops": 1,
                                "Plans": [
                                  {
                                    "Node Type": "Gather Merge",
                                    "Parent Relationship": "Outer",
                                    "Parallel Aware": false,
                                    "Async Capable": false,
                                    "Startup Cost": 107265.85,
                                    "Total Cost": 107275.09,
                                    "Plan Rows": 81,
                                    "Plan Width": 56,
                                    "Actual Startup Time": 168.564,
                                    "Actual Total Time": 168.626,
                                    "Actual Rows": 0,
                                    "Actual Loops": 1,
                                    "Workers Planned": 1,
                                    "Workers Launched": 1,
                                    "Plans": [
                                      {
                                        "Node Type": "Sort",
                                        "Parent Relationship": "Outer",
                                        "Parallel Aware": false,
                                        "Async Capable": false,
                                        "Startup Cost": 106265.84,
                                        "Total Cost": 106265.96,
                                        "Plan Rows": 48,
                                        "Plan Width": 56,
                                        "Actual Startup Time": 165.692,
                                        "Actual Total Time": 165.695,
                                        "Actual Rows": 0,
                                        "Actual Loops": 2,
                                        "Sort Key": [
                                          "customer.c_last_name",
                                          "customer.c_first_name",
                                          "date_dim.d_date"
                                        ],
                                        "Sort Method": "quicksort",
                                        "Sort Space Used": 25,
                                        "Sort Space Type": "Memory",
                                        "Workers": [
                                          {
                                            "Worker Number": 0,
                                            "Sort Method": "quicksort",
                                            "Sort Space Used": 25,
                                            "Sort Space Type": "Memory"
                                          }
                                        ],
                                        "Plans": [
                                          {
                                            "Node Type": "Nested Loop",
                                            "Parent Relationship": "Outer",
                                            "Parallel Aware": false,
                                            "Async Capable": false,
                                            "Join Type": "Inner",
                                            "Startup Cost": 0.85,
                                            "Total Cost": 106264.5,
                                            "Plan Rows": 48,
                                            "Plan Width": 56,
                                            "Actual Startup Time": 165.666,
                                            "Actual Total Time": 165.668,
                                            "Actual Rows": 0,
                                            "Actual Loops": 2,
                                            "Inner Unique": true,
                                            "Workers": [],
                                            "Plans": [
                                              {
                                                "Node Type": "Nested Loop",
                                                "Parent Relationship": "Outer",
                                                "Parallel Aware": false,
                                                "Async Capable": false,
                                                "Join Type": "Inner",
                                                "Startup Cost": 0.43,
                                                "Total Cost": 106005.44,
                                                "Plan Rows": 169,
                                                "Plan Width": 8,
                                                "Actual Startup Time": 165.665,
                                                "Actual Total Time": 165.667,
                                                "Actual Rows": 0,
                                                "Actual Loops": 2,
                                                "Inner Unique": false,
                                                "Workers": [],
                                                "Plans": [
                                                  {
                                                    "Node Type": "Seq Scan",
                                                    "Parent Relationship": "Outer",
                                                    "Parallel Aware": true,
                                                    "Async Capable": false,
                                                    "Relation Name": "date_dim",
                                                    "Alias": "date_dim",
                                                    "Startup Cost": 0.0,
                                                    "Total Cost": 2049.55,
                                                    "Plan Rows": 222,
                                                    "Plan Width": 8,
                                                    "Actual Startup Time": 2.263,
                                                    "Actual Total Time": 3.8,
                                                    "Actual Rows": 183,
                                                    "Actual Loops": 2,
                                                    "Filter": "((d_month_seq >= 1200) AND (d_month_seq <= 1211))",
                                                    "Rows Removed by Filter": 36342,
                                                    "Workers": []
                                                  },
                                                  {
                                                    "Node Type": "Index Scan",
                                                    "Parent Relationship": "Inner",
                                                    "Parallel Aware": false,
                                                    "Async Capable": false,
                                                    "Scan Direction": "Forward",
                                                    "Index Name": "_dta_index_web_sales_6_1269579561__k1_8_24",
                                                    "Relation Name": "web_sales",
                                                    "Alias": "web_sales",
                                                    "Startup Cost": 0.43,
                                                    "Total Cost": 468.01,
                                                    "Plan Rows": 26,
                                                    "Plan Width": 8,
                                                    "Actual Startup Time": 0.884,
                                                    "Actual Total Time": 0.884,
                                                    "Actual Rows": 0,
                                                    "Actual Loops": 366,
                                                    "Index Cond": "(ws_sold_date_sk = date_dim.d_date_sk)",
                                                    "Rows Removed by Index Recheck": 0,
                                                    "Filter": "((ws_list_price >= '193'::numeric) AND (ws_list_price <= '252'::numeric) AND (ws_wholesale_cost >= '35'::numeric) AND (ws_wholesale_cost <= '55'::numeric))",
                                                    "Rows Removed by Filter": 3673,
                                                    "Workers": []
                                                  }
                                                ]
                                              },
                                              {
                                                "Node Type": "Index Scan",
                                                "Parent Relationship": "Inner",
                                                "Parallel Aware": false,
                                                "Async Capable": false,
                                                "Scan Direction": "Forward",
                                                "Index Name": "_dta_index_customer_6_949578421__k1_k5",
                                                "Relation Name": "customer",
                                                "Alias": "customer",
                                                "Startup Cost": 0.42,
                                                "Total Cost": 1.53,
                                                "Plan Rows": 1,
                                                "Plan Width": 56,
                                                "Actual Startup Time": 0.0,
                                                "Actual Total Time": 0.0,
                                                "Actual Rows": 0,
                                                "Actual Loops": 0,
                                                "Index Cond": "(c_customer_sk = web_sales.ws_bill_customer_sk)",
                                                "Rows Removed by Index Recheck": 0,
                                                "Filter": "(c_birth_month = ANY ('{1,2,5,12}'::integer[]))",
                                                "Rows Removed by Filter": 0,
                                                "Workers": []
                                              }
                                            ]
                                          }
                                        ]
                                      }
                                    ]
                                  }
                                ]
                              }
                            ]
                          },
                          {
                            "Node Type": "Result",
                            "Parent Relationship": "Member",
                            "Parallel Aware": false,
                            "Async Capable": false,
                            "Startup Cost": 201432.5,
                            "Total Cost": 435843.1,
                            "Plan Rows": 193,
                            "Plan Width": 216,
                            "Actual Startup Time": 823.555,
                            "Actual Total Time": 823.601,
                            "Actual Rows": 0,
                            "Actual Loops": 1,
                            "Plans": [
                              {
                                "Node Type": "SetOp",
                                "Strategy": "Hashed",
                                "Parent Relationship": "Outer",
                                "Parallel Aware": false,
                                "Async Capable": false,
                                "Command": "Intersect",
                                "Startup Cost": 201432.5,
                                "Total Cost": 435841.17,
                                "Plan Rows": 193,
                                "Plan Width": 216,
                                "Actual Startup Time": 823.554,
                                "Actual Total Time": 823.6,
                                "Actual Rows": 0,
                                "Actual Loops": 1,
                                "Plans": [
                                  {
                                    "Node Type": "Append",
                                    "Parent Relationship": "Outer",
                                    "Parallel Aware": false,
                                    "Async Capable": false,
                                    "Startup Cost": 201432.5,
                                    "Total Cost": 435834.07,
                                    "Plan Rows": 946,
                                    "Plan Width": 216,
                                    "Actual Startup Time": 823.552,
                                    "Actual Total Time": 823.598,
                                    "Actual Rows": 0,
                                    "Actual Loops": 1,
                                    "Subplans Removed": 0,
                                    "Plans": [
                                      {
                                        "Node Type": "Subquery Scan",
                                        "Parent Relationship": "Member",
                                        "Parallel Aware": false,
                                        "Async Capable": false,
                                        "Alias": "*SELECT* 2",
                                        "Startup Cost": 201432.5,
                                        "Total Cost": 201457.88,
                                        "Plan Rows": 193,
                                        "Plan Width": 60,
                                        "Actual Startup Time": 248.776,
                                        "Actual Total Time": 248.8,
                                        "Actual Rows": 0,
                                        "Actual Loops": 1,
                                        "Plans": [
                                          {
                                            "Node Type": "Unique",
                                            "Parent Relationship": "Subquery",
                                            "Parallel Aware": false,
                                            "Async Capable": false,
                                            "Startup Cost": 201432.5,
                                            "Total Cost": 201455.95,
                                            "Plan Rows": 193,
                                            "Plan Width": 56,
                                            "Actual Startup Time": 248.775,
                                            "Actual Total Time": 248.799,
                                            "Actual Rows": 0,
                                            "Actual Loops": 1,
                                            "Plans": [
                                              {
                                                "Node Type": "Gather Merge",
                                                "Parent Relationship": "Outer",
                                                "Parallel Aware": false,
                                                "Async Capable": false,
                                                "Startup Cost": 201432.5,
                                                "Total Cost": 201454.5,
                                                "Plan Rows": 193,
                                                "Plan Width": 56,
                                                "Actual Startup Time": 248.774,
                                                "Actual Total Time": 248.797,
                                                "Actual Rows": 0,
                                                "Actual Loops": 1,
                                                "Workers Planned": 1,
                                                "Workers Launched": 1,
                                                "Plans": [
                                                  {
                                                    "Node Type": "Sort",
                                                    "Parent Relationship": "Outer",
                                                    "Parallel Aware": false,
                                                    "Async Capable": false,
                                                    "Startup Cost": 200432.49,
                                                    "Total Cost": 200432.78,
                                                    "Plan Rows": 114,
                                                    "Plan Width": 56,
                                                    "Actual Startup Time": 227.576,
                                                    "Actual Total Time": 227.578,
                                                    "Actual Rows": 0,
                                                    "Actual Loops": 2,
                                                    "Sort Key": [
                                                      "customer_1.c_last_name",
                                                      "customer_1.c_first_name",
                                                      "date_dim_1.d_date"
                                                    ],
                                                    "Sort Method": "quicksort",
                                                    "Sort Space Used": 25,
                                                    "Sort Space Type": "Memory",
                                                    "Workers": [
                                                      {
                                                        "Worker Number": 0,
                                                        "Sort Method": "quicksort",
                                                        "Sort Space Used": 25,
                                                        "Sort Space Type": "Memory"
                                                      }
                                                    ],
                                                    "Plans": [
                                                      {
                                                        "Node Type": "Nested Loop",
                                                        "Parent Relationship": "Outer",
                                                        "Parallel Aware": false,
                                                        "Async Capable": false,
                                                        "Join Type": "Inner",
                                                        "Startup Cost": 0.86,
                                                        "Total Cost": 200428.6,
                                                        "Plan Rows": 114,
                                                        "Plan Width": 56,
                                                        "Actual Startup Time": 227.551,
                                                        "Actual Total Time": 227.552,
                                                        "Actual Rows": 0,
                                                        "Actual Loops": 2,
                                                        "Inner Unique": true,
                                                        "Workers": [],
                                                        "Plans": [
                                                          {
                                                            "Node Type": "Nested Loop",
                                                            "Parent Relationship": "Outer",
                                                            "Parallel Aware": false,
                                                            "Async Capable": false,
                                                            "Join Type": "Inner",
                                                            "Startup Cost": 0.43,
                                                            "Total Cost": 200064.61,
                                                            "Plan Rows": 405,
                                                            "Plan Width": 8,
                                                            "Actual Startup Time": 227.55,
                                                            "Actual Total Time": 227.551,
                                                            "Actual Rows": 0,
                                                            "Actual Loops": 2,
                                                            "Inner Unique": false,
                                                            "Workers": [],
                                                            "Plans": [
                                                              {
                                                                "Node Type": "Seq Scan",
                                                                "Parent Relationship": "Outer",
                                                                "Parallel Aware": true,
                                                                "Async Capable": false,
                                                                "Relation Name": "date_dim",
                                                                "Alias": "date_dim_1",
                                                                "Startup Cost": 0.0,
                                                                "Total Cost": 2049.55,
                                                                "Plan Rows": 222,
                                                                "Plan Width": 8,
                                                                "Actual Startup Time": 1.401,
                                                                "Actual Total Time": 2.719,
                                                                "Actual Rows": 183,
                                                                "Actual Loops": 2,
                                                                "Filter": "((d_month_seq >= 1200) AND (d_month_seq <= 1211))",
                                                                "Rows Removed by Filter": 36342,
                                                                "Workers": []
                                                              },
                                                              {
                                                                "Node Type": "Index Scan",
                                                                "Parent Relationship": "Inner",
                                                                "Parallel Aware": false,
                                                                "Async Capable": false,
                                                                "Scan Direction": "Forward",
                                                                "Index Name": "_dta_index_catalog_sales_6_1301579675__k1_4",
                                                                "Relation Name": "catalog_sales",
                                                                "Alias": "catalog_sales",
                                                                "Startup Cost": 0.43,
                                                                "Total Cost": 891.33,
                                                                "Plan Rows": 63,
                                                                "Plan Width": 8,
                                                                "Actual Startup Time": 1.228,
                                                                "Actual Total Time": 1.228,
                                                                "Actual Rows": 0,
                                                                "Actual Loops": 366,
                                                                "Index Cond": "(cs_sold_date_sk = date_dim_1.d_date_sk)",
                                                                "Rows Removed by Index Recheck": 0,
                                                                "Filter": "((cs_list_price >= '193'::numeric) AND (cs_list_price <= '252'::numeric) AND (cs_wholesale_cost >= '35'::numeric) AND (cs_wholesale_cost <= '55'::numeric))",
                                                                "Rows Removed by Filter": 6245,
                                                                "Workers": []
                                                              }
                                                            ]
                                                          },
                                                          {
                                                            "Node Type": "Index Scan",
                                                            "Parent Relationship": "Inner",
                                                            "Parallel Aware": false,
                                                            "Async Capable": false,
                                                            "Scan Direction": "Forward",
                                                            "Index Name": "_dta_index_customer_6_949578421__k1_k5",
                                                            "Relation Name": "customer",
                                                            "Alias": "customer_1",
                                                            "Startup Cost": 0.42,
                                                            "Total Cost": 0.9,
                                                            "Plan Rows": 1,
                                                            "Plan Width": 56,
                                                            "Actual Startup Time": 0.0,
                                                            "Actual Total Time": 0.0,
                                                            "Actual Rows": 0,
                                                            "Actual Loops": 0,
                                                            "Index Cond": "(c_customer_sk = catalog_sales.cs_bill_customer_sk)",
                                                            "Rows Removed by Index Recheck": 0,
                                                            "Filter": "(c_birth_month = ANY ('{1,2,5,12}'::integer[]))",
                                                            "Rows Removed by Filter": 0,
                                                            "Workers": []
                                                          }
                                                        ]
                                                      }
                                                    ]
                                                  }
                                                ]
                                              }
                                            ]
                                          }
                                        ]
                                      },
                                      {
                                        "Node Type": "Subquery Scan",
                                        "Parent Relationship": "Member",
                                        "Parallel Aware": false,
                                        "Async Capable": false,
                                        "Alias": "*SELECT* 1",
                                        "Startup Cost": 234272.47,
                                        "Total Cost": 234371.47,
                                        "Plan Rows": 753,
                                        "Plan Width": 60,
                                        "Actual Startup Time": 574.773,
                                        "Actual Total Time": 574.794,
                                        "Actual Rows": 0,
                                        "Actual Loops": 1,
                                        "Plans": [
                                          {
                                            "Node Type": "Unique",
                                            "Parent Relationship": "Subquery",
                                            "Parallel Aware": false,
                                            "Async Capable": false,
                                            "Startup Cost": 234272.47,
                                            "Total Cost": 234363.94,
                                            "Plan Rows": 753,
                                            "Plan Width": 56,
                                            "Actual Startup Time": 574.772,
                                            "Actual Total Time": 574.793,
                                            "Actual Rows": 0,
                                            "Actual Loops": 1,
                                            "Plans": [
                                              {
                                                "Node Type": "Gather Merge",
                                                "Parent Relationship": "Outer",
                                                "Parallel Aware": false,
                                                "Async Capable": false,
                                                "Startup Cost": 234272.47,
                                                "Total Cost": 234358.29,
                                                "Plan Rows": 753,
                                                "Plan Width": 56,
                                                "Actual Startup Time": 574.77,
                                                "Actual Total Time": 574.791,
                                                "Actual Rows": 0,
                                                "Actual Loops": 1,
                                                "Workers Planned": 1,
                                                "Workers Launched": 1,
                                                "Plans": [
                                                  {
                                                    "Node Type": "Sort",
                                                    "Parent Relationship": "Outer",
                                                    "Parallel Aware": false,
                                                    "Async Capable": false,
                                                    "Startup Cost": 233272.46,
                                                    "Total Cost": 233273.57,
                                                    "Plan Rows": 443,
                                                    "Plan Width": 56,
                                                    "Actual Startup Time": 518.189,
                                                    "Actual Total Time": 518.191,
                                                    "Actual Rows": 0,
                                                    "Actual Loops": 2,
                                                    "Sort Key": [
                                                      "customer_2.c_last_name",
                                                      "customer_2.c_first_name",
                                                      "date_dim_2.d_date"
                                                    ],
                                                    "Sort Method": "quicksort",
                                                    "Sort Space Used": 25,
                                                    "Sort Space Type": "Memory",
                                                    "Workers": [
                                                      {
                                                        "Worker Number": 0,
                                                        "Sort Method": "quicksort",
                                                        "Sort Space Used": 25,
                                                        "Sort Space Type": "Memory"
                                                      }
                                                    ],
                                                    "Plans": [
                                                      {
                                                        "Node Type": "Nested Loop",
                                                        "Parent Relationship": "Outer",
                                                        "Parallel Aware": false,
                                                        "Async Capable": false,
                                                        "Join Type": "Inner",
                                                        "Startup Cost": 0.98,
                                                        "Total Cost": 233252.99,
                                                        "Plan Rows": 443,
                                                        "Plan Width": 56,
                                                        "Actual Startup Time": 518.149,
                                                        "Actual Total Time": 518.15,
                                                        "Actual Rows": 0,
                                                        "Actual Loops": 2,
                                                        "Inner Unique": true,
                                                        "Workers": [],
                                                        "Plans": [
                                                          {
                                                            "Node Type": "Nested Loop",
                                                            "Parent Relationship": "Outer",
                                                            "Parallel Aware": false,
                                                            "Async Capable": false,
                                                            "Join Type": "Inner",
                                                            "Startup Cost": 0.56,
                                                            "Total Cost": 232238.94,
                                                            "Plan Rows": 1649,
                                                            "Plan Width": 8,
                                                            "Actual Startup Time": 518.148,
                                                            "Actual Total Time": 518.149,
                                                            "Actual Rows": 0,
                                                            "Actual Loops": 2,
                                                            "Inner Unique": false,
                                                            "Workers": [],
                                                            "Plans": [
                                                              {
                                                                "Node Type": "Seq Scan",
                                                                "Parent Relationship": "Outer",
                                                                "Parallel Aware": true,
                                                                "Async Capable": false,
                                                                "Relation Name": "date_dim",
                                                                "Alias": "date_dim_2",
                                                                "Startup Cost": 0.0,
                                                                "Total Cost": 2049.55,
                                                                "Plan Rows": 222,
                                                                "Plan Width": 8,
                                                                "Actual Startup Time": 1.586,
                                                                "Actual Total Time": 3.156,
                                                                "Actual Rows": 183,
                                                                "Actual Loops": 2,
                                                                "Filter": "((d_month_seq >= 1200) AND (d_month_seq <= 1211))",
                                                                "Rows Removed by Filter": 36342,
                                                                "Workers": []
                                                              },
                                                              {
                                                                "Node Type": "Index Only Scan",
                                                                "Parent Relationship": "Inner",
                                                                "Parallel Aware": false,
                                                                "Async Capable": false,
                                                                "Scan Direction": "Forward",
                                                                "Index Name": "_dta_index_store_sales_6_1333579789__k1_k23_k14_k6_k8_k5_k7_3_4",
                                                                "Relation Name": "store_sales",
                                                                "Alias": "store_sales",
                                                                "Startup Cost": 0.56,
                                                                "Total Cost": 1034.24,
                                                                "Plan Rows": 265,
                                                                "Plan Width": 8,
                                                                "Actual Startup Time": 2.813,
                                                                "Actual Total Time": 2.813,
                                                                "Actual Rows": 0,
                                                                "Actual Loops": 366,
                                                                "Index Cond": "(ss_sold_date_sk = date_dim_2.d_date_sk)",
                                                                "Rows Removed by Index Recheck": 0,
                                                                "Filter": "((ss_list_price >= '193'::numeric) AND (ss_list_price <= '252'::numeric) AND (ss_wholesale_cost >= '35'::numeric) AND (ss_wholesale_cost <= '55'::numeric))",
                                                                "Rows Removed by Filter": 16419,
                                                                "Heap Fetches": 0,
                                                                "Workers": []
                                                              }
                                                            ]
                                                          },
                                                          {
                                                            "Node Type": "Index Scan",
                                                            "Parent Relationship": "Inner",
                                                            "Parallel Aware": false,
                                                            "Async Capable": false,
                                                            "Scan Direction": "Forward",
                                                            "Index Name": "_dta_index_customer_6_949578421__k1_k5",
                                                            "Relation Name": "customer",
                                                            "Alias": "customer_2",
                                                            "Startup Cost": 0.42,
                                                            "Total Cost": 0.61,
                                                            "Plan Rows": 1,
                                                            "Plan Width": 56,
                                                            "Actual Startup Time": 0.0,
                                                            "Actual Total Time": 0.0,
                                                            "Actual Rows": 0,
                                                            "Actual Loops": 0,
                                                            "Index Cond": "(c_customer_sk = store_sales.ss_customer_sk)",
                                                            "Rows Removed by Index Recheck": 0,
                                                            "Filter": "(c_birth_month = ANY ('{1,2,5,12}'::integer[]))",
                                                            "Rows Removed by Filter": 0,
                                                            "Workers": []
                                                          }
                                                        ]
                                                      }
                                                    ]
                                                  }
                                                ]
                                              }
                                            ]
                                          }
                                        ]
                                      }
                                    ]
                                  }
                                ]
                              }
                            ]
                          }
                        ]
                      }
                    ]
                  }
                ]
              }
            ]
          }
        ]
      },
      "Planning Time": 2.664,
      "Triggers": [],
      "Execution Time": 992.654
    }
  ],
  "plan_text": "",
  "actual_rows": 0,
  "provenance": {
    "database": "postgres://jakc9:jakc9@127.0.0.1:5434/dsb_sf10",
    "scale_factor": 10,
    "engine": "postgresql",
    "engine_version": "14.3",
    "cached_at": "2026-02-09T21:04:58.677248"
  }
}