{
  "plan_json": [
    {
      "Plan": {
        "Node Type": "Aggregate",
        "Strategy": "Plain",
        "Partial Mode": "Simple",
        "Parallel Aware": false,
        "Async Capable": false,
        "Startup Cost": 541499.76,
        "Total Cost": 541499.77,
        "Plan Rows": 1,
        "Plan Width": 8,
        "Actual Startup Time": 1231.036,
        "Actual Total Time": 1231.167,
        "Actual Rows": 1,
        "Actual Loops": 1,
        "Plans": [
          {
            "Node Type": "Subquery Scan",
            "Parent Relationship": "Outer",
            "Parallel Aware": false,
            "Async Capable": false,
            "Alias": "cool_cust",
            "Startup Cost": 233127.35,
            "Total Cost": 541499.51,
            "Plan Rows": 103,
            "Plan Width": 0,
            "Actual Startup Time": 1230.149,
            "Actual Total Time": 1230.98,
            "Actual Rows": 6520,
            "Actual Loops": 1,
            "Plans": [
              {
                "Node Type": "SetOp",
                "Strategy": "Hashed",
                "Parent Relationship": "Subquery",
                "Parallel Aware": false,
                "Async Capable": false,
                "Command": "Except",
                "Startup Cost": 233127.35,
                "Total Cost": 541498.48,
                "Plan Rows": 103,
                "Plan Width": 216,
                "Actual Startup Time": 1230.148,
                "Actual Total Time": 1230.594,
                "Actual Rows": 6520,
                "Actual Loops": 1,
                "Plans": [
                  {
                    "Node Type": "Append",
                    "Parent Relationship": "Outer",
                    "Parallel Aware": false,
                    "Async Capable": false,
                    "Startup Cost": 233127.35,
                    "Total Cost": 541497.55,
                    "Plan Rows": 123,
                    "Plan Width": 216,
                    "Actual Startup Time": 977.511,
                    "Actual Total Time": 1227.97,
                    "Actual Rows": 7948,
                    "Actual Loops": 1,
                    "Subplans Removed": 0,
                    "Plans": [
                      {
                        "Node Type": "Result",
                        "Parent Relationship": "Member",
                        "Parallel Aware": false,
                        "Async Capable": false,
                        "Startup Cost": 233127.35,
                        "Total Cost": 434268.75,
                        "Plan Rows": 103,
                        "Plan Width": 216,
                        "Actual Startup Time": 977.511,
                        "Actual Total Time": 978.649,
                        "Actual Rows": 6522,
                        "Actual Loops": 1,
                        "Plans": [
                          {
                            "Node Type": "SetOp",
                            "Strategy": "Hashed",
                            "Parent Relationship": "Outer",
                            "Parallel Aware": false,
                            "Async Capable": false,
                            "Command": "Except",
                            "Startup Cost": 233127.35,
                            "Total Cost": 434267.72,
                            "Plan Rows": 103,
                            "Plan Width": 216,
                            "Actual Startup Time": 977.509,
                            "Actual Total Time": 978.198,
                            "Actual Rows": 6522,
                            "Actual Loops": 1,
                            "Plans": [
                              {
                                "Node Type": "Append",
                                "Parent Relationship": "Outer",
                                "Parallel Aware": false,
                                "Async Capable": false,
                                "Startup Cost": 233127.35,
                                "Total Cost": 434266.81,
                                "Plan Rows": 121,
                                "Plan Width": 216,
                                "Actual Startup Time": 623.88,
                                "Actual Total Time": 975.781,
                                "Actual Rows": 7413,
                                "Actual Loops": 1,
                                "Subplans Removed": 0,
                                "Plans": [
                                  {
                                    "Node Type": "Subquery Scan",
                                    "Parent Relationship": "Member",
                                    "Parallel Aware": false,
                                    "Async Capable": false,
                                    "Alias": "*SELECT* 1",
                                    "Startup Cost": 233127.35,
                                    "Total Cost": 233140.89,
                                    "Plan Rows": 103,
                                    "Plan Width": 60,
                                    "Actual Startup Time": 623.879,
                                    "Actual Total Time": 626.537,
                                    "Actual Rows": 6528,
                                    "Actual Loops": 1,
                                    "Plans": [
                                      {
                                        "Node Type": "Unique",
                                        "Parent Relationship": "Subquery",
                                        "Parallel Aware": false,
                                        "Async Capable": false,
                                        "Startup Cost": 233127.35,
                                        "Total Cost": 233139.86,
                                        "Plan Rows": 103,
                                        "Plan Width": 56,
                                        "Actual Startup Time": 623.878,
                                        "Actual Total Time": 626.095,
                                        "Actual Rows": 6528,
                                        "Actual Loops": 1,
                                        "Plans": [
                                          {
                                            "Node Type": "Gather Merge",
                                            "Parent Relationship": "Outer",
                                            "Parallel Aware": false,
                                            "Async Capable": false,
                                            "Startup Cost": 233127.35,
                                            "Total Cost": 233139.09,
                                            "Plan Rows": 103,
                                            "Plan Width": 56,
                                            "Actual Startup Time": 623.877,
                                            "Actual Total Time": 625.52,
                                            "Actual Rows": 6946,
                                            "Actual Loops": 1,
                                            "Workers Planned": 1,
                                            "Workers Launched": 1,
                                            "Plans": [
                                              {
                                                "Node Type": "Sort",
                                                "Parent Relationship": "Outer",
                                                "Parallel Aware": false,
                                                "Async Capable": false,
                                                "Startup Cost": 232127.34,
                                                "Total Cost": 232127.49,
                                                "Plan Rows": 61,
                                                "Plan Width": 56,
                                                "Actual Startup Time": 602.038,
                                                "Actual Total Time": 602.34,
                                                "Actual Rows": 3473,
                                                "Actual Loops": 2,
                                                "Sort Key": [
                                                  "customer.c_last_name",
                                                  "customer.c_first_name",
                                                  "date_dim.d_date"
                                                ],
                                                "Sort Method": "quicksort",
                                                "Sort Space Used": 547,
                                                "Sort Space Type": "Memory",
                                                "Workers": [
                                                  {
                                                    "Worker Number": 0,
                                                    "Sort Method": "quicksort",
                                                    "Sort Space Used": 608,
                                                    "Sort Space Type": "Memory"
                                                  }
                                                ],
                                                "Plans": [
                                                  {
                                                    "Node Type": "Nested Loop",
                                                    "Parent Relationship": "Outer",
                                                    "Parallel Aware": false,
                                                    "Async Capable": false,
                                                    "Join Type": "Inner",
                                                    "Startup Cost": 0.98,
                                                    "Total Cost": 232125.53,
                                                    "Plan Rows": 61,
                                                    "Plan Width": 56,
                                                    "Actual Startup Time": 1.386,
                                                    "Actual Total Time": 598.054,
                                                    "Actual Rows": 3473,
                                                    "Actual Loops": 2,
                                                    "Inner Unique": true,
                                                    "Workers": [],
                                                    "Plans": [
                                                      {
                                                        "Node Type": "Nested Loop",
                                                        "Parent Relationship": "Outer",
                                                        "Parallel Aware": false,
                                                        "Async Capable": false,
                                                        "Join Type": "Inner",
                                                        "Startup Cost": 0.56,
                                                        "Total Cost": 231692.26,
                                                        "Plan Rows": 512,
                                                        "Plan Width": 8,
                                                        "Actual Startup Time": 1.355,
                                                        "Actual Total Time": 482.587,
                                                        "Actual Rows": 27680,
                                                        "Actual Loops": 2,
                                                        "Inner Unique": false,
                                                        "Workers": [],
                                                        "Plans": [
                                                          {
                                                            "Node Type": "Seq Scan",
                                                            "Parent Relationship": "Outer",
                                                            "Parallel Aware": true,
                                                            "Async Capable": false,
                                                            "Relation Name": "date_dim",
                                                            "Alias": "date_dim",
                                                            "Startup Cost": 0.0,
                                                            "Total Cost": 2049.55,
                                                            "Plan Rows": 222,
                                                            "Plan Width": 8,
                                                            "Actual Startup Time": 1.283,
                                                            "Actual Total Time": 2.831,
                                                            "Actual Rows": 182,
                                                            "Actual Loops": 2,
                                                            "Filter": "((d_month_seq >= 1213) AND (d_month_seq <= 1224))",
                                                            "Rows Removed by Filter": 36342,
                                                            "Workers": []
                                                          },
                                                          {
                                                            "Node Type": "Index Only Scan",
                                                            "Parent Relationship": "Inner",
                                                            "Parallel Aware": false,
                                                            "Async Capable": false,
                                                            "Scan Direction": "Forward",
                                                            "Index Name": "_dta_index_store_sales_6_1333579789__k1_k23_k14_k6_k8_k5_k7_3_4",
                                                            "Relation Name": "store_sales",
                                                            "Alias": "store_sales",
                                                            "Startup Cost": 0.56,
                                                            "Total Cost": 1033.61,
                                                            "Plan Rows": 82,
                                                            "Plan Width": 8,
                                                            "Actual Startup Time": 0.02,
                                                            "Actual Total Time": 2.615,
                                                            "Actual Rows": 152,
                                                            "Actual Loops": 365,
                                                            "Index Cond": "(ss_sold_date_sk = date_dim.d_date_sk)",
                                                            "Rows Removed by Index Recheck": 0,
                                                            "Filter": "((ss_list_price >= '168'::numeric) AND (ss_list_price <= '197'::numeric) AND (ss_wholesale_cost >= '76'::numeric) AND (ss_wholesale_cost <= '86'::numeric))",
                                                            "Rows Removed by Filter": 13584,
                                                            "Heap Fetches": 0,
                                                            "Workers": []
                                                          }
                                                        ]
                                                      },
                                                      {
                                                        "Node Type": "Index Scan",
                                                        "Parent Relationship": "Inner",
                                                        "Parallel Aware": false,
                                                        "Async Capable": false,
                                                        "Scan Direction": "Forward",
                                                        "Index Name": "_dta_index_customer_6_949578421__k1_k5",
                                                        "Relation Name": "customer",
                                                        "Alias": "customer",
                                                        "Startup Cost": 0.42,
                                                        "Total Cost": 0.85,
                                                        "Plan Rows": 1,
                                                        "Plan Width": 56,
                                                        "Actual Startup Time": 0.004,
                                                        "Actual Total Time": 0.004,
                                                        "Actual Rows": 0,
                                                        "Actual Loops": 55359,
                                                        "Index Cond": "(c_customer_sk = store_sales.ss_customer_sk)",
                                                        "Rows Removed by Index Recheck": 0,
                                                        "Filter": "((c_birth_year >= 1968) AND (c_birth_year <= 1974))",
                                                        "Rows Removed by Filter": 1,
                                                        "Workers": []
                                                      }
                                                    ]
                                                  }
                                                ]
                                              }
                                            ]
                                          }
                                        ]
                                      }
                                    ]
                                  },
                                  {
                                    "Node Type": "Subquery Scan",
                                    "Parent Relationship": "Member",
                                    "Parallel Aware": false,
                                    "Async Capable": false,
                                    "Alias": "*SELECT* 2",
                                    "Startup Cost": 201124.95,
                                    "Total Cost": 201125.31,
                                    "Plan Rows": 18,
                                    "Plan Width": 60,
                                    "Actual Startup Time": 348.744,
                                    "Actual Total Time": 348.921,
                                    "Actual Rows": 885,
                                    "Actual Loops": 1,
                                    "Plans": [
                                      {
                                        "Node Type": "Unique",
                                        "Parent Relationship": "Subquery",
                                        "Parallel Aware": false,
                                        "Async Capable": false,
                                        "Startup Cost": 201124.95,
                                        "Total Cost": 201125.13,
                                        "Plan Rows": 18,
                                        "Plan Width": 56,
                                        "Actual Startup Time": 348.742,
                                        "Actual Total Time": 348.863,
                                        "Actual Rows": 885,
                                        "Actual Loops": 1,
                                        "Plans": [
                                          {
                                            "Node Type": "Sort",
                                            "Parent Relationship": "Outer",
                                            "Parallel Aware": false,
                                            "Async Capable": false,
                                            "Startup Cost": 201124.95,
                                            "Total Cost": 201125.0,
                                            "Plan Rows": 18,
                                            "Plan Width": 56,
                                            "Actual Startup Time": 348.741,
                                            "Actual Total Time": 348.797,
                                            "Actual Rows": 897,
                                            "Actual Loops": 1,
                                            "Sort Key": [
                                              "customer_1.c_last_name",
                                              "customer_1.c_first_name",
                                              "date_dim_1.d_date"
                                            ],
                                            "Sort Method": "quicksort",
                                            "Sort Space Used": 149,
                                            "Sort Space Type": "Memory",
                                            "Plans": [
                                              {
                                                "Node Type": "Gather",
                                                "Parent Relationship": "Outer",
                                                "Parallel Aware": false,
                                                "Async Capable": false,
                                                "Startup Cost": 1000.86,
                                                "Total Cost": 201124.58,
                                                "Plan Rows": 18,
                                                "Plan Width": 56,
                                                "Actual Startup Time": 3.637,
                                                "Actual Total Time": 347.582,
                                                "Actual Rows": 897,
                                                "Actual Loops": 1,
                                                "Workers Planned": 1,
                                                "Workers Launched": 1,
                                                "Single Copy": false,
                                                "Plans": [
                                                  {
                                                    "Node Type": "Nested Loop",
                                                    "Parent Relationship": "Outer",
                                                    "Parallel Aware": false,
                                                    "Async Capable": false,
                                                    "Join Type": "Inner",
                                                    "Startup Cost": 0.86,
                                                    "Total Cost": 200122.78,
                                                    "Plan Rows": 11,
                                                    "Plan Width": 56,
                                                    "Actual Startup Time": 1.829,
                                                    "Actual Total Time": 297.19,
                                                    "Actual Rows": 448,
                                                    "Actual Loops": 2,
                                                    "Inner Unique": true,
                                                    "Workers": [],
                                                    "Plans": [
                                                      {
                                                        "Node Type": "Nested Loop",
                                                        "Parent Relationship": "Outer",
                                                        "Parallel Aware": false,
                                                        "Async Capable": false,
                                                        "Join Type": "Inner",
                                                        "Startup Cost": 0.43,
                                                        "Total Cost": 199900.89,
                                                        "Plan Rows": 87,
                                                        "Plan Width": 8,
                                                        "Actual Startup Time": 1.446,
                                                        "Actual Total Time": 275.922,
                                                        "Actual Rows": 3772,
                                                        "Actual Loops": 2,
                                                        "Inner Unique": false,
                                                        "Workers": [],
                                                        "Plans": [
                                                          {
                                                            "Node Type": "Seq Scan",
                                                            "Parent Relationship": "Outer",
                                                            "Parallel Aware": true,
                                                            "Async Capable": false,
                                                            "Relation Name": "date_dim",
                                                            "Alias": "date_dim_1",
                                                            "Startup Cost": 0.0,
                                                            "Total Cost": 2049.55,
                                                            "Plan Rows": 222,
                                                            "Plan Width": 8,
                                                            "Actual Startup Time": 1.368,
                                                            "Actual Total Time": 3.205,
                                                            "Actual Rows": 182,
                                                            "Actual Loops": 2,
                                                            "Filter": "((d_month_seq >= 1213) AND (d_month_seq <= 1224))",
                                                            "Rows Removed by Filter": 36342,
                                                            "Workers": []
                                                          },
                                                          {
                                                            "Node Type": "Index Scan",
                                                            "Parent Relationship": "Inner",
                                                            "Parallel Aware": false,
                                                            "Async Capable": false,
                                                            "Scan Direction": "Forward",
                                                            "Index Name": "_dta_index_catalog_sales_6_1301579675__k1_4",
                                                            "Relation Name": "catalog_sales",
                                                            "Alias": "catalog_sales",
                                                            "Startup Cost": 0.43,
                                                            "Total Cost": 891.08,
                                                            "Plan Rows": 14,
                                                            "Plan Width": 8,
                                                            "Actual Startup Time": 0.078,
                                                            "Actual Total Time": 1.491,
                                                            "Actual Rows": 21,
                                                            "Actual Loops": 365,
                                                            "Index Cond": "(cs_sold_date_sk = date_dim_1.d_date_sk)",
                                                            "Rows Removed by Index Recheck": 0,
                                                            "Filter": "((cs_list_price >= '168'::numeric) AND (cs_list_price <= '197'::numeric) AND (cs_wholesale_cost >= '76'::numeric) AND (cs_wholesale_cost <= '86'::numeric))",
                                                            "Rows Removed by Filter": 7103,
                                                            "Workers": []
                                                          }
                                                        ]
                                                      },
                                                      {
                                                        "Node Type": "Index Scan",
                                                        "Parent Relationship": "Inner",
                                                        "Parallel Aware": false,
                                                        "Async Capable": false,
                                                        "Scan Direction": "Forward",
                                                        "Index Name": "_dta_index_customer_6_949578421__k1_k5",
                                                        "Relation Name": "customer",
                                                        "Alias": "customer_1",
                                                        "Startup Cost": 0.42,
                                                        "Total Cost": 2.55,
                                                        "Plan Rows": 1,
                                                        "Plan Width": 56,
                                                        "Actual Startup Time": 0.005,
                                                        "Actual Total Time": 0.005,
                                                        "Actual Rows": 0,
                                                        "Actual Loops": 7544,
                                                        "Index Cond": "(c_customer_sk = catalog_sales.cs_bill_customer_sk)",
                                                        "Rows Removed by Index Recheck": 0,
                                                        "Filter": "((c_birth_year >= 1968) AND (c_birth_year <= 1974))",
                                                        "Rows Removed by Filter": 1,
                                                        "Workers": []
                                                      }
                                                    ]
                                                  }
                                                ]
                                              }
                                            ]
                                          }
                                        ]
                                      }
                                    ]
                                  }
                                ]
                              }
                            ]
                          }
                        ]
                      },
                      {
                        "Node Type": "Subquery Scan",
                        "Parent Relationship": "Member",
                        "Parallel Aware": false,
                        "Async Capable": false,
                        "Alias": "*SELECT* 3",
                        "Startup Cost": 107227.79,
                        "Total Cost": 107228.19,
                        "Plan Rows": 20,
                        "Plan Width": 60,
                        "Actual Startup Time": 248.728,
                        "Actual Total Time": 248.982,
                        "Actual Rows": 1426,
                        "Actual Loops": 1,
                        "Plans": [
                          {
                            "Node Type": "Unique",
                            "Parent Relationship": "Subquery",
                            "Parallel Aware": false,
                            "Async Capable": false,
                            "Startup Cost": 107227.79,
                            "Total Cost": 107227.99,
                            "Plan Rows": 20,
                            "Plan Width": 56,
                            "Actual Startup Time": 248.725,
                            "Actual Total Time": 248.895,
                            "Actual Rows": 1426,
                            "Actual Loops": 1,
                            "Plans": [
                              {
                                "Node Type": "Sort",
                                "Parent Relationship": "Outer",
                                "Parallel Aware": false,
                                "Async Capable": false,
                                "Startup Cost": 107227.79,
                                "Total Cost": 107227.84,
                                "Plan Rows": 20,
                                "Plan Width": 56,
                                "Actual Startup Time": 248.724,
                                "Actual Total Time": 248.791,
                                "Actual Rows": 1485,
                                "Actual Loops": 1,
                                "Sort Key": [
                                  "customer_2.c_last_name",
                                  "customer_2.c_first_name",
                                  "date_dim_2.d_date"
                                ],
                                "Sort Method": "quicksort",
                                "Sort Space Used": 255,
                                "Sort Space Type": "Memory",
                                "Plans": [
                                  {
                                    "Node Type": "Gather",
                                    "Parent Relationship": "Outer",
                                    "Parallel Aware": false,
                                    "Async Capable": false,
                                    "Startup Cost": 1000.86,
                                    "Total Cost": 107227.36,
                                    "Plan Rows": 20,
                                    "Plan Width": 56,
                                    "Actual Startup Time": 4.927,
                                    "Actual Total Time": 247.163,
                                    "Actual Rows": 1485,
                                    "Actual Loops": 1,
                                    "Workers Planned": 1,
                                    "Workers Launched": 1,
                                    "Single Copy": false,
                                    "Plans": [
                                      {
                                        "Node Type": "Nested Loop",
                                        "Parent Relationship": "Outer",
                                        "Parallel Aware": false,
                                        "Async Capable": false,
                                        "Join Type": "Inner",
                                        "Startup Cost": 0.85,
                                        "Total Cost": 106225.36,
                                        "Plan Rows": 12,
                                        "Plan Width": 56,
                                        "Actual Startup Time": 2.524,
                                        "Actual Total Time": 220.774,
                                        "Actual Rows": 742,
                                        "Actual Loops": 2,
                                        "Inner Unique": true,
                                        "Workers": [],
                                        "Plans": [
                                          {
                                            "Node Type": "Nested Loop",
                                            "Parent Relationship": "Outer",
                                            "Parallel Aware": false,
                                            "Async Capable": false,
                                            "Join Type": "Inner",
                                            "Startup Cost": 0.43,
                                            "Total Cost": 105999.38,
                                            "Plan Rows": 96,
                                            "Plan Width": 8,
                                            "Actual Startup Time": 2.138,
                                            "Actual Total Time": 190.188,
                                            "Actual Rows": 5882,
                                            "Actual Loops": 2,
                                            "Inner Unique": false,
                                            "Workers": [],
                                            "Plans": [
                                              {
                                                "Node Type": "Seq Scan",
                                                "Parent Relationship": "Outer",
                                                "Parallel Aware": true,
                                                "Async Capable": false,
                                                "Relation Name": "date_dim",
                                                "Alias": "date_dim_2",
                                                "Startup Cost": 0.0,
                                                "Total Cost": 2049.55,
                                                "Plan Rows": 222,
                                                "Plan Width": 8,
                                                "Actual Startup Time": 1.892,
                                                "Actual Total Time": 3.534,
                                                "Actual Rows": 182,
                                                "Actual Loops": 2,
                                                "Filter": "((d_month_seq >= 1213) AND (d_month_seq <= 1224))",
                                                "Rows Removed by Filter": 36342,
                                                "Workers": []
                                              },
                                              {
                                                "Node Type": "Index Scan",
                                                "Parent Relationship": "Inner",
                                                "Parallel Aware": false,
                                                "Async Capable": false,
                                                "Scan Direction": "Forward",
                                                "Index Name": "_dta_index_web_sales_6_1269579561__k1_8_24",
                                                "Relation Name": "web_sales",
                                                "Alias": "web_sales",
                                                "Startup Cost": 0.43,
                                                "Total Cost": 468.09,
                                                "Plan Rows": 15,
                                                "Plan Width": 8,
                                                "Actual Startup Time": 0.04,
                                                "Actual Total Time": 1.019,
                                                "Actual Rows": 32,
                                                "Actual Loops": 365,
                                                "Index Cond": "(ws_sold_date_sk = date_dim_2.d_date_sk)",
                                                "Rows Removed by Index Recheck": 0,
                                                "Filter": "((ws_list_price >= '168'::numeric) AND (ws_list_price <= '197'::numeric) AND (ws_wholesale_cost >= '76'::numeric) AND (ws_wholesale_cost <= '86'::numeric))",
                                                "Rows Removed by Filter": 3963,
                                                "Workers": []
                                              }
                                            ]
                                          },
                                          {
                                            "Node Type": "Index Scan",
                                            "Parent Relationship": "Inner",
                                            "Parallel Aware": false,
                                            "Async Capable": false,
                                            "Scan Direction": "Forward",
                                            "Index Name": "_dta_index_customer_6_949578421__k1_k5",
                                            "Relation Name": "customer",
                                            "Alias": "customer_2",
                                            "Startup Cost": 0.42,
                                            "Total Cost": 2.35,
                                            "Plan Rows": 1,
                                            "Plan Width": 56,
                                            "Actual Startup Time": 0.005,
                                            "Actual Total Time": 0.005,
                                            "Actual Rows": 0,
                                            "Actual Loops": 11765,
                                            "Index Cond": "(c_customer_sk = web_sales.ws_bill_customer_sk)",
                                            "Rows Removed by Index Recheck": 0,
                                            "Filter": "((c_birth_year >= 1968) AND (c_birth_year <= 1974))",
                                            "Rows Removed by Filter": 1,
                                            "Workers": []
                                          }
                                        ]
                                      }
                                    ]
                                  }
                                ]
                              }
                            ]
                          }
                        ]
                      }
                    ]
                  }
                ]
              }
            ]
          }
        ]
      },
      "Planning Time": 1.11,
      "Triggers": [],
      "Execution Time": 1231.321
    }
  ],
  "plan_text": "",
  "actual_rows": 0,
  "provenance": {
    "database": "postgres://jakc9:jakc9@127.0.0.1:5434/dsb_sf10",
    "scale_factor": 10,
    "engine": "postgresql",
    "engine_version": "14.3",
    "cached_at": "2026-02-09T21:16:53.906372"
  }
}