{
  "plan_json": [
    {
      "Plan": {
        "Node Type": "Sort",
        "Parallel Aware": false,
        "Async Capable": false,
        "Startup Cost": 42785.38,
        "Total Cost": 42785.39,
        "Plan Rows": 1,
        "Plan Width": 64,
        "Actual Startup Time": 1520.323,
        "Actual Total Time": 1520.606,
        "Actual Rows": 0,
        "Actual Loops": 1,
        "Sort Key": [
          "(count(*))"
        ],
        "Sort Method": "quicksort",
        "Sort Space Used": 25,
        "Sort Space Type": "Memory",
        "Plans": [
          {
            "Node Type": "Aggregate",
            "Strategy": "Sorted",
            "Partial Mode": "Simple",
            "Parent Relationship": "Outer",
            "Parallel Aware": false,
            "Async Capable": false,
            "Startup Cost": 42295.06,
            "Total Cost": 42785.37,
            "Plan Rows": 1,
            "Plan Width": 64,
            "Actual Startup Time": 1520.319,
            "Actual Total Time": 1520.601,
            "Actual Rows": 0,
            "Actual Loops": 1,
            "Group Key": [
              "customer.c_customer_sk"
            ],
            "Plans": [
              {
                "Node Type": "Nested Loop",
                "Parent Relationship": "Outer",
                "Parallel Aware": false,
                "Async Capable": false,
                "Join Type": "Inner",
                "Startup Cost": 42295.06,
                "Total Cost": 42785.36,
                "Plan Rows": 1,
                "Plan Width": 56,
                "Actual Startup Time": 1520.318,
                "Actual Total Time": 1520.6,
                "Actual Rows": 0,
                "Actual Loops": 1,
                "Inner Unique": true,
                "Join Filter": "((d2.d_date >= d1.d_date) AND (d2.d_date <= (d1.d_date + '90 days'::interval)))",
                "Rows Removed by Join Filter": 0,
                "Plans": [
                  {
                    "Node Type": "Nested Loop",
                    "Parent Relationship": "Outer",
                    "Parallel Aware": false,
                    "Async Capable": false,
                    "Join Type": "Inner",
                    "Startup Cost": 42294.77,
                    "Total Cost": 42782.0,
                    "Plan Rows": 1,
                    "Plan Width": 64,
                    "Actual Startup Time": 1520.317,
                    "Actual Total Time": 1520.599,
                    "Actual Rows": 0,
                    "Actual Loops": 1,
                    "Inner Unique": false,
                    "Join Filter": "((store_sales.ss_customer_sk = web_sales.ws_bill_customer_sk) AND (store_sales.ss_item_sk = web_sales.ws_item_sk))",
                    "Rows Removed by Join Filter": 5294,
                    "Plans": [
                      {
                        "Node Type": "Gather Merge",
                        "Parent Relationship": "Outer",
                        "Parallel Aware": false,
                        "Async Capable": false,
                        "Startup Cost": 42290.36,
                        "Total Cost": 42290.48,
                        "Plan Rows": 1,
                        "Plan Width": 76,
                        "Actual Startup Time": 1501.206,
                        "Actual Total Time": 1501.546,
                        "Actual Rows": 107,
                        "Actual Loops": 1,
                        "Workers Planned": 2,
                        "Workers Launched": 2,
                        "Plans": [
                          {
                            "Node Type": "Sort",
                            "Parent Relationship": "Outer",
                            "Parallel Aware": false,
                            "Async Capable": false,
                            "Startup Cost": 41290.34,
                            "Total Cost": 41290.34,
                            "Plan Rows": 1,
                            "Plan Width": 76,
                            "Actual Startup Time": 616.024,
                            "Actual Total Time": 616.035,
                            "Actual Rows": 36,
                            "Actual Loops": 3,
                            "Sort Key": [
                              "store_sales.ss_customer_sk"
                            ],
                            "Sort Method": "quicksort",
                            "Sort Space Used": 27,
                            "Sort Space Type": "Memory",
                            "Workers": [
                              {
                                "Worker Number": 0,
                                "Sort Method": "quicksort",
                                "Sort Space Used": 37,
                                "Sort Space Type": "Memory"
                              },
                              {
                                "Worker Number": 1,
                                "Sort Method": "quicksort",
                                "Sort Space Used": 25,
                                "Sort Space Type": "Memory"
                              }
                            ],
                            "Plans": [
                              {
                                "Node Type": "Nested Loop",
                                "Parent Relationship": "Outer",
                                "Parallel Aware": false,
                                "Async Capable": false,
                                "Join Type": "Inner",
                                "Startup Cost": 2280.57,
                                "Total Cost": 41290.33,
                                "Plan Rows": 1,
                                "Plan Width": 76,
                                "Actual Startup Time": 33.679,
                                "Actual Total Time": 615.906,
                                "Actual Rows": 36,
                                "Actual Loops": 3,
                                "Inner Unique": true,
                                "Workers": [],
                                "Plans": [
                                  {
                                    "Node Type": "Nested Loop",
                                    "Parent Relationship": "Outer",
                                    "Parallel Aware": false,
                                    "Async Capable": false,
                                    "Join Type": "Inner",
                                    "Startup Cost": 2280.15,
                                    "Total Cost": 41286.83,
                                    "Plan Rows": 1,
                                    "Plan Width": 80,
                                    "Actual Startup Time": 11.016,
                                    "Actual Total Time": 611.1,
                                    "Actual Rows": 639,
                                    "Actual Loops": 3,
                                    "Inner Unique": true,
                                    "Workers": [],
                                    "Plans": [
                                      {
                                        "Node Type": "Nested Loop",
                                        "Parent Relationship": "Outer",
                                        "Parallel Aware": false,
                                        "Async Capable": false,
                                        "Join Type": "Inner",
                                        "Startup Cost": 2279.87,
                                        "Total Cost": 41250.82,
                                        "Plan Rows": 11,
                                        "Plan Width": 84,
                                        "Actual Startup Time": 10.054,
                                        "Actual Total Time": 592.621,
                                        "Actual Rows": 10493,
                                        "Actual Loops": 3,
                                        "Inner Unique": true,
                                        "Workers": [],
                                        "Plans": [
                                          {
                                            "Node Type": "Nested Loop",
                                            "Parent Relationship": "Outer",
                                            "Parallel Aware": false,
                                            "Async Capable": false,
                                            "Join Type": "Inner",
                                            "Startup Cost": 2279.45,
                                            "Total Cost": 41207.57,
                                            "Plan Rows": 12,
                                            "Plan Width": 20,
                                            "Actual Startup Time": 10.039,
                                            "Actual Total Time": 537.079,
                                            "Actual Rows": 10609,
                                            "Actual Loops": 3,
                                            "Inner Unique": true,
                                            "Workers": [],
                                            "Plans": [
                                              {
                                                "Node Type": "Hash Join",
                                                "Parent Relationship": "Outer",
                                                "Parallel Aware": true,
                                                "Async Capable": false,
                                                "Join Type": "Inner",
                                                "Startup Cost": 2279.01,
                                                "Total Cost": 25504.74,
                                                "Plan Rows": 3920,
                                                "Plan Width": 16,
                                                "Actual Startup Time": 10.01,
                                                "Actual Total Time": 135.46,
                                                "Actual Rows": 74035,
                                                "Actual Loops": 3,
                                                "Inner Unique": true,
                                                "Hash Cond": "(store_returns.sr_item_sk = item.i_item_sk)",
                                                "Workers": [],
                                                "Plans": [
                                                  {
                                                    "Node Type": "Nested Loop",
                                                    "Parent Relationship": "Outer",
                                                    "Parallel Aware": false,
                                                    "Async Capable": false,
                                                    "Join Type": "Inner",
                                                    "Startup Cost": 0.72,
                                                    "Total Cost": 23188.74,
                                                    "Plan Rows": 14366,
                                                    "Plan Width": 12,
                                                    "Actual Startup Time": 4.551,
                                                    "Actual Total Time": 65.907,
                                                    "Actual Rows": 389199,
                                                    "Actual Loops": 3,
                                                    "Inner Unique": false,
                                                    "Workers": [],
                                                    "Plans": [
                                                      {
                                                        "Node Type": "Index Scan",
                                                        "Parent Relationship": "Outer",
                                                        "Parallel Aware": true,
                                                        "Async Capable": false,
                                                        "Scan Direction": "Forward",
                                                        "Index Name": "date_dim_pkey",
                                                        "Relation Name": "date_dim",
                                                        "Alias": "d1",
                                                        "Startup Cost": 0.29,
                                                        "Total Cost": 2962.0,
                                                        "Plan Rows": 151,
                                                        "Plan Width": 8,
                                                        "Actual Startup Time": 4.524,
                                                        "Actual Total Time": 4.694,
                                                        "Actual Rows": 122,
                                                        "Actual Loops": 3,
                                                        "Filter": "(d_year = 2000)",
                                                        "Rows Removed by Filter": 24228,
                                                        "Workers": []
                                                      },
                                                      {
                                                        "Node Type": "Index Only Scan",
                                                        "Parent Relationship": "Inner",
                                                        "Parallel Aware": false,
                                                        "Async Capable": false,
                                                        "Scan Direction": "Forward",
                                                        "Index Name": "_dta_index_store_returns_6_1013578649__k1_3_4_10",
                                                        "Relation Name": "store_returns",
                                                        "Alias": "store_returns",
                                                        "Startup Cost": 0.43,
                                                        "Total Cost": 102.84,
                                                        "Plan Rows": 3111,
                                                        "Plan Width": 12,
                                                        "Actual Startup Time": 0.006,
                                                        "Actual Total Time": 0.307,
                                                        "Actual Rows": 3190,
                                                        "Actual Loops": 366,
                                                        "Index Cond": "(sr_returned_date_sk = d1.d_date_sk)",
                                                        "Rows Removed by Index Recheck": 0,
                                                        "Heap Fetches": 0,
                                                        "Workers": []
                                                      }
                                                    ]
                                                  },
                                                  {
                                                    "Node Type": "Hash",
                                                    "Parent Relationship": "Inner",
                                                    "Parallel Aware": true,
                                                    "Async Capable": false,
                                                    "Startup Cost": 2073.66,
                                                    "Total Cost": 2073.66,
                                                    "Plan Rows": 16370,
                                                    "Plan Width": 4,
                                                    "Actual Startup Time": 5.294,
                                                    "Actual Total Time": 5.295,
                                                    "Actual Rows": 9203,
                                                    "Actual Loops": 3,
                                                    "Hash Buckets": 32768,
                                                    "Original Hash Buckets": 32768,
                                                    "Hash Batches": 1,
                                                    "Original Hash Batches": 1,
                                                    "Peak Memory Usage": 1408,
                                                    "Workers": [],
                                                    "Plans": [
                                                      {
                                                        "Node Type": "Index Only Scan",
                                                        "Parent Relationship": "Outer",
                                                        "Parallel Aware": true,
                                                        "Async Capable": false,
                                                        "Scan Direction": "Forward",
                                                        "Index Name": "_dta_index_item_6_853578079__k13_k11_k1",
                                                        "Relation Name": "item",
                                                        "Alias": "item",
                                                        "Startup Cost": 0.42,
                                                        "Total Cost": 2073.66,
                                                        "Plan Rows": 16370,
                                                        "Plan Width": 4,
                                                        "Actual Startup Time": 0.071,
                                                        "Actual Total Time": 4.282,
                                                        "Actual Rows": 9203,
                                                        "Actual Loops": 3,
                                                        "Index Cond": "(i_category = ANY ('{Children,Home,Women}'::bpchar[]))",
                                                        "Rows Removed by Index Recheck": 0,
                                                        "Heap Fetches": 0,
                                                        "Workers": []
                                                      }
                                                    ]
                                                  }
                                                ]
                                              },
                                              {
                                                "Node Type": "Index Scan",
                                                "Parent Relationship": "Inner",
                                                "Parallel Aware": false,
                                                "Async Capable": false,
                                                "Scan Direction": "Forward",
                                                "Index Name": "_dta_index_store_sales_6_1333579789__k10_k3",
                                                "Relation Name": "store_sales",
                                                "Alias": "store_sales",
                                                "Startup Cost": 0.44,
                                                "Total Cost": 4.01,
                                                "Plan Rows": 1,
                                                "Plan Width": 12,
                                                "Actual Startup Time": 0.005,
                                                "Actual Total Time": 0.005,
                                                "Actual Rows": 0,
                                                "Actual Loops": 222105,
                                                "Index Cond": "((ss_ticket_number = store_returns.sr_ticket_number) AND (ss_item_sk = store_returns.sr_item_sk))",
                                                "Rows Removed by Index Recheck": 0,
                                                "Filter": "(((ss_sales_price / ss_list_price) >= 0.76) AND ((ss_sales_price / ss_list_price) <= 0.96))",
                                                "Rows Removed by Filter": 1,
                                                "Workers": []
                                              }
                                            ]
                                          },
                                          {
                                            "Node Type": "Index Scan",
                                            "Parent Relationship": "Inner",
                                            "Parallel Aware": false,
                                            "Async Capable": false,
                                            "Scan Direction": "Forward",
                                            "Index Name": "_dta_index_customer_6_949578421__k1_k5",
                                            "Relation Name": "customer",
                                            "Alias": "customer",
                                            "Startup Cost": 0.42,
                                            "Total Cost": 3.6,
                                            "Plan Rows": 1,
                                            "Plan Width": 64,
                                            "Actual Startup Time": 0.005,
                                            "Actual Total Time": 0.005,
                                            "Actual Rows": 1,
                                            "Actual Loops": 31826,
                                            "Index Cond": "(c_customer_sk = store_sales.ss_customer_sk)",
                                            "Rows Removed by Index Recheck": 0,
                                            "Workers": []
                                          }
                                        ]
                                      },
                                      {
                                        "Node Type": "Index Scan",
                                        "Parent Relationship": "Inner",
                                        "Parallel Aware": false,
                                        "Async Capable": false,
                                        "Scan Direction": "Forward",
                                        "Index Name": "household_demographics_pkey",
                                        "Relation Name": "household_demographics",
                                        "Alias": "household_demographics",
                                        "Startup Cost": 0.28,
                                        "Total Cost": 3.27,
                                        "Plan Rows": 1,
                                        "Plan Width": 4,
                                        "Actual Startup Time": 0.002,
                                        "Actual Total Time": 0.002,
                                        "Actual Rows": 0,
                                        "Actual Loops": 31479,
                                        "Index Cond": "(hd_demo_sk = customer.c_current_hdemo_sk)",
                                        "Rows Removed by Index Recheck": 0,
                                        "Filter": "((hd_income_band_sk >= 8) AND (hd_income_band_sk <= 14) AND (hd_buy_potential = '501-1000'::bpchar))",
                                        "Rows Removed by Filter": 1,
                                        "Workers": []
                                      }
                                    ]
                                  },
                                  {
                                    "Node Type": "Index Scan",
                                    "Parent Relationship": "Inner",
                                    "Parallel Aware": false,
                                    "Async Capable": false,
                                    "Scan Direction": "Forward",
                                    "Index Name": "customer_address_pkey",
                                    "Relation Name": "customer_address",
                                    "Alias": "customer_address",
                                    "Startup Cost": 0.42,
                                    "Total Cost": 3.5,
                                    "Plan Rows": 1,
                                    "Plan Width": 4,
                                    "Actual Startup Time": 0.007,
                                    "Actual Total Time": 0.007,
                                    "Actual Rows": 0,
                                    "Actual Loops": 1917,
                                    "Index Cond": "(ca_address_sk = customer.c_current_addr_sk)",
                                    "Rows Removed by Index Recheck": 0,
                                    "Filter": "(ca_state = ANY ('{AR,GA,IN,KY,VA}'::bpchar[]))",
                                    "Rows Removed by Filter": 1,
                                    "Workers": []
                                  }
                                ]
                              }
                            ]
                          }
                        ]
                      },
                      {
                        "Node Type": "Bitmap Heap Scan",
                        "Parent Relationship": "Inner",
                        "Parallel Aware": false,
                        "Async Capable": false,
                        "Relation Name": "web_sales",
                        "Alias": "web_sales",
                        "Startup Cost": 4.41,
                        "Total Cost": 486.89,
                        "Plan Rows": 309,
                        "Plan Width": 12,
                        "Actual Startup Time": 0.029,
                        "Actual Total Time": 0.174,
                        "Actual Rows": 49,
                        "Actual Loops": 107,
                        "Recheck Cond": "(ws_item_sk = store_returns.sr_item_sk)",
                        "Rows Removed by Index Recheck": 0,
                        "Exact Heap Blocks": 5294,
                        "Lossy Heap Blocks": 0,
                        "Plans": [
                          {
                            "Node Type": "Bitmap Index Scan",
                            "Parent Relationship": "Outer",
                            "Parallel Aware": false,
                            "Async Capable": false,
                            "Index Name": "web_sales_pkey",
                            "Startup Cost": 0.0,
                            "Total Cost": 4.33,
                            "Plan Rows": 309,
                            "Plan Width": 0,
                            "Actual Startup Time": 0.016,
                            "Actual Total Time": 0.016,
                            "Actual Rows": 49,
                            "Actual Loops": 107,
                            "Index Cond": "(ws_item_sk = store_returns.sr_item_sk)"
                          }
                        ]
                      }
                    ]
                  },
                  {
                    "Node Type": "Index Scan",
                    "Parent Relationship": "Inner",
                    "Parallel Aware": false,
                    "Async Capable": false,
                    "Scan Direction": "Forward",
                    "Index Name": "date_dim_pkey",
                    "Relation Name": "date_dim",
                    "Alias": "d2",
                    "Startup Cost": 0.29,
                    "Total Cost": 3.34,
                    "Plan Rows": 1,
                    "Plan Width": 8,
                    "Actual Startup Time": 0.0,
                    "Actual Total Time": 0.0,
                    "Actual Rows": 0,
                    "Actual Loops": 0,
                    "Index Cond": "(d_date_sk = web_sales.ws_sold_date_sk)",
                    "Rows Removed by Index Recheck": 0
                  }
                ]
              }
            ]
          }
        ]
      },
      "Planning Time": 21.52,
      "Triggers": [],
      "Execution Time": 1520.732
    }
  ],
  "plan_text": "",
  "actual_rows": 0,
  "provenance": {
    "database": "postgres://jakc9:jakc9@127.0.0.1:5434/dsb_sf10",
    "scale_factor": 10,
    "engine": "postgresql",
    "engine_version": "14.3",
    "cached_at": "2026-02-09T21:27:06.032605"
  }
}