{
  "plan_json": [
    {
      "Plan": {
        "Node Type": "Limit",
        "Parallel Aware": false,
        "Async Capable": false,
        "Startup Cost": 791273.7,
        "Total Cost": 791273.7,
        "Plan Rows": 1,
        "Plan Width": 249,
        "Actual Startup Time": 7411.333,
        "Actual Total Time": 7411.39,
        "Actual Rows": 100,
        "Actual Loops": 1,
        "Plans": [
          {
            "Node Type": "Aggregate",
            "Strategy": "Sorted",
            "Partial Mode": "Simple",
            "Parent Relationship": "InitPlan",
            "Subplan Name": "CTE wss",
            "Parallel Aware": false,
            "Async Capable": false,
            "Startup Cost": 759536.67,
            "Total Cost": 784793.43,
            "Plan Rows": 137290,
            "Plan Width": 232,
            "Actual Startup Time": 5154.992,
            "Actual Total Time": 7387.465,
            "Actual Rows": 9176,
            "Actual Loops": 1,
            "Group Key": [
              "date_dim.d_week_seq",
              "store_sales.ss_store_sk"
            ],
            "Plans": [
              {
                "Node Type": "Gather Merge",
                "Parent Relationship": "Outer",
                "Parallel Aware": false,
                "Async Capable": false,
                "Startup Cost": 759536.67,
                "Total Cost": 775526.35,
                "Plan Rows": 137290,
                "Plan Width": 24,
                "Actual Startup Time": 5154.705,
                "Actual Total Time": 6006.961,
                "Actual Rows": 6944132,
                "Actual Loops": 1,
                "Workers Planned": 2,
                "Workers Launched": 2,
                "Plans": [
                  {
                    "Node Type": "Sort",
                    "Parent Relationship": "Outer",
                    "Parallel Aware": false,
                    "Async Capable": false,
                    "Startup Cost": 758536.65,
                    "Total Cost": 758679.66,
                    "Plan Rows": 57204,
                    "Plan Width": 24,
                    "Actual Startup Time": 5150.688,
                    "Actual Total Time": 5281.192,
                    "Actual Rows": 2314711,
                    "Actual Loops": 3,
                    "Sort Key": [
                      "date_dim.d_week_seq",
                      "store_sales.ss_store_sk"
                    ],
                    "Sort Method": "external merge",
                    "Sort Space Used": 79632,
                    "Sort Space Type": "Disk",
                    "Workers": [
                      {
                        "Worker Number": 0,
                        "Sort Method": "external merge",
                        "Sort Space Used": 78288,
                        "Sort Space Type": "Disk"
                      },
                      {
                        "Worker Number": 1,
                        "Sort Method": "external merge",
                        "Sort Space Used": 79328,
                        "Sort Space Type": "Disk"
                      }
                    ],
                    "Plans": [
                      {
                        "Node Type": "Nested Loop",
                        "Parent Relationship": "Outer",
                        "Parallel Aware": false,
                        "Async Capable": false,
                        "Join Type": "Inner",
                        "Startup Cost": 0.3,
                        "Total Cost": 754016.44,
                        "Plan Rows": 57204,
                        "Plan Width": 24,
                        "Actual Startup Time": 0.037,
                        "Actual Total Time": 4490.508,
                        "Actual Rows": 2314711,
                        "Actual Loops": 3,
                        "Inner Unique": true,
                        "Workers": [],
                        "Plans": [
                          {
                            "Node Type": "Seq Scan",
                            "Parent Relationship": "Outer",
                            "Parallel Aware": true,
                            "Async Capable": false,
                            "Relation Name": "store_sales",
                            "Alias": "store_sales",
                            "Startup Cost": 0.0,
                            "Total Cost": 752212.87,
                            "Plan Rows": 60007,
                            "Plan Width": 14,
                            "Actual Startup Time": 0.02,
                            "Actual Total Time": 3934.825,
                            "Actual Rows": 2342989,
                            "Actual Loops": 3,
                            "Filter": "(((ss_sales_price / ss_list_price) >= 0.57) AND ((ss_sales_price / ss_list_price) <= 0.77))",
                            "Rows Removed by Filter": 7257341,
                            "Workers": []
                          },
                          {
                            "Node Type": "Memoize",
                            "Parent Relationship": "Inner",
                            "Parallel Aware": false,
                            "Async Capable": false,
                            "Startup Cost": 0.3,
                            "Total Cost": 0.36,
                            "Plan Rows": 1,
                            "Plan Width": 18,
                            "Actual Startup Time": 0.0,
                            "Actual Total Time": 0.0,
                            "Actual Rows": 1,
                            "Actual Loops": 7028968,
                            "Cache Key": "store_sales.ss_sold_date_sk",
                            "Cache Mode": "logical",
                            "Cache Hits": 2357651,
                            "Cache Misses": 1429,
                            "Cache Evictions": 0,
                            "Cache Overflows": 0,
                            "Peak Memory Usage": 168,
                            "Workers": [
                              {
                                "Worker Number": 0,
                                "Cache Hits": 2318087,
                                "Cache Misses": 1421,
                                "Cache Evictions": 0,
                                "Cache Overflows": 0,
                                "Peak Memory Usage": 167
                              },
                              {
                                "Worker Number": 1,
                                "Cache Hits": 2348975,
                                "Cache Misses": 1405,
                                "Cache Evictions": 0,
                                "Cache Overflows": 0,
                                "Peak Memory Usage": 165
                              }
                            ],
                            "Plans": [
                              {
                                "Node Type": "Index Scan",
                                "Parent Relationship": "Outer",
                                "Parallel Aware": false,
                                "Async Capable": false,
                                "Scan Direction": "Forward",
                                "Index Name": "date_dim_pkey",
                                "Relation Name": "date_dim",
                                "Alias": "date_dim",
                                "Startup Cost": 0.29,
                                "Total Cost": 0.35,
                                "Plan Rows": 1,
                                "Plan Width": 18,
                                "Actual Startup Time": 0.004,
                                "Actual Total Time": 0.004,
                                "Actual Rows": 1,
                                "Actual Loops": 4255,
                                "Index Cond": "(d_date_sk = store_sales.ss_sold_date_sk)",
                                "Rows Removed by Index Recheck": 0,
                                "Workers": []
                              }
                            ]
                          }
                        ]
                      }
                    ]
                  }
                ]
              }
            ]
          },
          {
            "Node Type": "Sort",
            "Parent Relationship": "Outer",
            "Parallel Aware": false,
            "Async Capable": false,
            "Startup Cost": 6480.27,
            "Total Cost": 6480.27,
            "Plan Rows": 1,
            "Plan Width": 249,
            "Actual Startup Time": 7411.331,
            "Actual Total Time": 7411.341,
            "Actual Rows": 100,
            "Actual Loops": 1,
            "Sort Key": [
              "store.s_store_name",
              "store.s_store_id",
              "wss.d_week_seq"
            ],
            "Sort Method": "top-N heapsort",
            "Sort Space Used": 62,
            "Sort Space Type": "Memory",
            "Plans": [
              {
                "Node Type": "Hash Join",
                "Parent Relationship": "Outer",
                "Parallel Aware": false,
                "Async Capable": false,
                "Join Type": "Inner",
                "Startup Cost": 3299.48,
                "Total Cost": 6480.26,
                "Plan Rows": 1,
                "Plan Width": 249,
                "Actual Startup Time": 7398.373,
                "Actual Total Time": 7409.776,
                "Actual Rows": 10176,
                "Actual Loops": 1,
                "Inner Unique": false,
                "Hash Cond": "((wss.d_week_seq = d.d_week_seq) AND (store.s_store_id = store_1.s_store_id))",
                "Plans": [
                  {
                    "Node Type": "Hash Join",
                    "Parent Relationship": "Outer",
                    "Parallel Aware": false,
                    "Async Capable": false,
                    "Join Type": "Inner",
                    "Startup Cost": 7.2,
                    "Total Cost": 3121.02,
                    "Plan Rows": 8924,
                    "Plan Width": 249,
                    "Actual Startup Time": 5158.515,
                    "Actual Total Time": 5159.401,
                    "Actual Rows": 1184,
                    "Actual Loops": 1,
                    "Inner Unique": true,
                    "Hash Cond": "(wss.ss_store_sk = store.s_store_sk)",
                    "Plans": [
                      {
                        "Node Type": "CTE Scan",
                        "Parent Relationship": "Outer",
                        "Parallel Aware": false,
                        "Async Capable": false,
                        "CTE Name": "wss",
                        "Alias": "wss",
                        "Startup Cost": 0.0,
                        "Total Cost": 2745.8,
                        "Plan Rows": 137290,
                        "Plan Width": 232,
                        "Actual Startup Time": 5154.995,
                        "Actual Total Time": 5158.802,
                        "Actual Rows": 9176,
                        "Actual Loops": 1
                      },
                      {
                        "Node Type": "Hash",
                        "Parent Relationship": "Inner",
                        "Parallel Aware": false,
                        "Async Capable": false,
                        "Startup Cost": 7.04,
                        "Total Cost": 7.04,
                        "Plan Rows": 13,
                        "Plan Width": 25,
                        "Actual Startup Time": 0.074,
                        "Actual Total Time": 0.075,
                        "Actual Rows": 10,
                        "Actual Loops": 1,
                        "Hash Buckets": 1024,
                        "Original Hash Buckets": 1024,
                        "Hash Batches": 1,
                        "Original Hash Batches": 1,
                        "Peak Memory Usage": 9,
                        "Plans": [
                          {
                            "Node Type": "Seq Scan",
                            "Parent Relationship": "Outer",
                            "Parallel Aware": false,
                            "Async Capable": false,
                            "Relation Name": "store",
                            "Alias": "store",
                            "Startup Cost": 0.0,
                            "Total Cost": 7.04,
                            "Plan Rows": 13,
                            "Plan Width": 25,
                            "Actual Startup Time": 0.035,
                            "Actual Total Time": 0.07,
                            "Actual Rows": 10,
                            "Actual Loops": 1,
                            "Filter": "(s_state = ANY ('{AR,CO,IA,IL,NC,NY,PA,TX}'::bpchar[]))",
                            "Rows Removed by Filter": 92
                          }
                        ]
                      }
                    ]
                  },
                  {
                    "Node Type": "Hash",
                    "Parent Relationship": "Inner",
                    "Parallel Aware": false,
                    "Async Capable": false,
                    "Startup Cost": 3292.1,
                    "Total Cost": 3292.1,
                    "Plan Rows": 12,
                    "Plan Width": 249,
                    "Actual Startup Time": 2239.677,
                    "Actual Total Time": 2239.68,
                    "Actual Rows": 10176,
                    "Actual Loops": 1,
                    "Hash Buckets": 16384,
                    "Original Hash Buckets": 1024,
                    "Hash Batches": 1,
                    "Original Hash Batches": 1,
                    "Peak Memory Usage": 1223,
                    "Plans": [
                      {
                        "Node Type": "Hash Join",
                        "Parent Relationship": "Outer",
                        "Parallel Aware": false,
                        "Async Capable": false,
                        "Join Type": "Inner",
                        "Startup Cost": 66.88,
                        "Total Cost": 3292.1,
                        "Plan Rows": 12,
                        "Plan Width": 249,
                        "Actual Startup Time": 712.219,
                        "Actual Total Time": 2237.839,
                        "Actual Rows": 10176,
                        "Actual Loops": 1,
                        "Inner Unique": false,
                        "Hash Cond": "((wss_1.d_week_seq - 52) = d.d_week_seq)",
                        "Plans": [
                          {
                            "Node Type": "Hash Join",
                            "Parent Relationship": "Outer",
                            "Parallel Aware": false,
                            "Async Capable": false,
                            "Join Type": "Inner",
                            "Startup Cost": 41.24,
                            "Total Cost": 3259.09,
                            "Plan Rows": 363,
                            "Plan Width": 245,
                            "Actual Startup Time": 711.89,
                            "Actual Total Time": 2236.711,
                            "Actual Rows": 1464,
                            "Actual Loops": 1,
                            "Inner Unique": false,
                            "Hash Cond": "(wss_1.d_week_seq = d_1.d_week_seq)",
                            "Plans": [
                              {
                                "Node Type": "Hash Join",
                                "Parent Relationship": "Outer",
                                "Parallel Aware": false,
                                "Async Capable": false,
                                "Join Type": "Inner",
                                "Startup Cost": 7.2,
                                "Total Cost": 3121.02,
                                "Plan Rows": 8924,
                                "Plan Width": 245,
                                "Actual Startup Time": 0.061,
                                "Actual Total Time": 2236.144,
                                "Actual Rows": 1184,
                                "Actual Loops": 1,
                                "Inner Unique": true,
                                "Hash Cond": "(wss_1.ss_store_sk = store_1.s_store_sk)",
                                "Plans": [
                                  {
                                    "Node Type": "CTE Scan",
                                    "Parent Relationship": "Outer",
                                    "Parallel Aware": false,
                                    "Async Capable": false,
                                    "CTE Name": "wss",
                                    "Alias": "wss_1",
                                    "Startup Cost": 0.0,
                                    "Total Cost": 2745.8,
                                    "Plan Rows": 137290,
                                    "Plan Width": 232,
                                    "Actual Startup Time": 0.0,
                                    "Actual Total Time": 2233.585,
                                    "Actual Rows": 9176,
                                    "Actual Loops": 1
                                  },
                                  {
                                    "Node Type": "Hash",
                                    "Parent Relationship": "Inner",
                                    "Parallel Aware": false,
                                    "Async Capable": false,
                                    "Startup Cost": 7.04,
                                    "Total Cost": 7.04,
                                    "Plan Rows": 13,
                                    "Plan Width": 21,
                                    "Actual Startup Time": 0.048,
                                    "Actual Total Time": 0.049,
                                    "Actual Rows": 10,
                                    "Actual Loops": 1,
                                    "Hash Buckets": 1024,
                                    "Original Hash Buckets": 1024,
                                    "Hash Batches": 1,
                                    "Original Hash Batches": 1,
                                    "Peak Memory Usage": 9,
                                    "Plans": [
                                      {
                                        "Node Type": "Seq Scan",
                                        "Parent Relationship": "Outer",
                                        "Parallel Aware": false,
                                        "Async Capable": false,
                                        "Relation Name": "store",
                                        "Alias": "store_1",
                                        "Startup Cost": 0.0,
                                        "Total Cost": 7.04,
                                        "Plan Rows": 13,
                                        "Plan Width": 21,
                                        "Actual Startup Time": 0.009,
                                        "Actual Total Time": 0.045,
                                        "Actual Rows": 10,
                                        "Actual Loops": 1,
                                        "Filter": "(s_state = ANY ('{AR,CO,IA,IL,NC,NY,PA,TX}'::bpchar[]))",
                                        "Rows Removed by Filter": 92
                                      }
                                    ]
                                  }
                                ]
                              },
                              {
                                "Node Type": "Hash",
                                "Parent Relationship": "Inner",
                                "Parallel Aware": false,
                                "Async Capable": false,
                                "Startup Cost": 28.75,
                                "Total Cost": 28.75,
                                "Plan Rows": 423,
                                "Plan Width": 4,
                                "Actual Startup Time": 0.149,
                                "Actual Total Time": 0.15,
                                "Actual Rows": 366,
                                "Actual Loops": 1,
                                "Hash Buckets": 1024,
                                "Original Hash Buckets": 1024,
                                "Hash Batches": 1,
                                "Original Hash Batches": 1,
                                "Peak Memory Usage": 21,
                                "Plans": [
                                  {
                                    "Node Type": "Index Scan",
                                    "Parent Relationship": "Outer",
                                    "Parallel Aware": false,
                                    "Async Capable": false,
                                    "Scan Direction": "Forward",
                                    "Index Name": "_dta_index_date_dim_6_661577395__k4_1",
                                    "Relation Name": "date_dim",
                                    "Alias": "d_1",
                                    "Startup Cost": 0.29,
                                    "Total Cost": 28.75,
                                    "Plan Rows": 423,
                                    "Plan Width": 4,
                                    "Actual Startup Time": 0.005,
                                    "Actual Total Time": 0.112,
                                    "Actual Rows": 366,
                                    "Actual Loops": 1,
                                    "Index Cond": "((d_month_seq >= 1199) AND (d_month_seq <= 1210))",
                                    "Rows Removed by Index Recheck": 0
                                  }
                                ]
                              }
                            ]
                          },
                          {
                            "Node Type": "Hash",
                            "Parent Relationship": "Inner",
                            "Parallel Aware": false,
                            "Async Capable": false,
                            "Startup Cost": 21.27,
                            "Total Cost": 21.27,
                            "Plan Rows": 349,
                            "Plan Width": 4,
                            "Actual Startup Time": 0.323,
                            "Actual Total Time": 0.324,
                            "Actual Rows": 365,
                            "Actual Loops": 1,
                            "Hash Buckets": 1024,
                            "Original Hash Buckets": 1024,
                            "Hash Batches": 1,
                            "Original Hash Batches": 1,
                            "Peak Memory Usage": 21,
                            "Plans": [
                              {
                                "Node Type": "Index Scan",
                                "Parent Relationship": "Outer",
                                "Parallel Aware": false,
                                "Async Capable": false,
                                "Scan Direction": "Forward",
                                "Index Name": "_dta_index_date_dim_6_661577395__k4_1",
                                "Relation Name": "date_dim",
                                "Alias": "d",
                                "Startup Cost": 0.29,
                                "Total Cost": 21.27,
                                "Plan Rows": 349,
                                "Plan Width": 4,
                                "Actual Startup Time": 0.174,
                                "Actual Total Time": 0.285,
                                "Actual Rows": 365,
                                "Actual Loops": 1,
                                "Index Cond": "((d_month_seq >= 1187) AND (d_month_seq <= 1198))",
                                "Rows Removed by Index Recheck": 0
                              }
                            ]
                          }
                        ]
                      }
                    ]
                  }
                ]
              }
            ]
          }
        ]
      },
      "Planning Time": 0.85,
      "Triggers": [],
      "Execution Time": 7416.636
    }
  ],
  "plan_text": "",
  "actual_rows": 0,
  "provenance": {
    "database": "postgres://jakc9:jakc9@127.0.0.1:5434/dsb_sf10",
    "scale_factor": 10,
    "engine": "postgresql",
    "engine_version": "14.3",
    "cached_at": "2026-02-09T21:05:31.271025"
  }
}