{
  "plan_json": [
    {
      "Plan": {
        "Node Type": "Limit",
        "Parallel Aware": false,
        "Async Capable": false,
        "Startup Cost": 36715.45,
        "Total Cost": 36715.63,
        "Plan Rows": 1,
        "Plan Width": 84,
        "Actual Startup Time": 216.962,
        "Actual Total Time": 220.935,
        "Actual Rows": 0,
        "Actual Loops": 1,
        "Plans": [
          {
            "Node Type": "Aggregate",
            "Strategy": "Sorted",
            "Partial Mode": "Finalize",
            "Parent Relationship": "Outer",
            "Parallel Aware": false,
            "Async Capable": false,
            "Startup Cost": 36715.45,
            "Total Cost": 36715.63,
            "Plan Rows": 1,
            "Plan Width": 84,
            "Actual Startup Time": 216.96,
            "Actual Total Time": 220.932,
            "Actual Rows": 0,
            "Actual Loops": 1,
            "Group Key": [
              "warehouse.w_state",
              "item.i_item_id"
            ],
            "Plans": [
              {
                "Node Type": "Gather Merge",
                "Parent Relationship": "Outer",
                "Parallel Aware": false,
                "Async Capable": false,
                "Startup Cost": 36715.45,
                "Total Cost": 36715.6,
                "Plan Rows": 1,
                "Plan Width": 84,
                "Actual Startup Time": 216.957,
                "Actual Total Time": 220.929,
                "Actual Rows": 0,
                "Actual Loops": 1,
                "Workers Planned": 1,
                "Workers Launched": 1,
                "Plans": [
                  {
                    "Node Type": "Aggregate",
                    "Strategy": "Sorted",
                    "Partial Mode": "Partial",
                    "Parent Relationship": "Outer",
                    "Parallel Aware": false,
                    "Async Capable": false,
                    "Startup Cost": 35715.44,
                    "Total Cost": 35715.48,
                    "Plan Rows": 1,
                    "Plan Width": 84,
                    "Actual Startup Time": 167.168,
                    "Actual Total Time": 167.171,
                    "Actual Rows": 0,
                    "Actual Loops": 2,
                    "Group Key": [
                      "warehouse.w_state",
                      "item.i_item_id"
                    ],
                    "Workers": [],
                    "Plans": [
                      {
                        "Node Type": "Sort",
                        "Parent Relationship": "Outer",
                        "Parallel Aware": false,
                        "Async Capable": false,
                        "Startup Cost": 35715.44,
                        "Total Cost": 35715.44,
                        "Plan Rows": 1,
                        "Plan Width": 36,
                        "Actual Startup Time": 167.166,
                        "Actual Total Time": 167.17,
                        "Actual Rows": 0,
                        "Actual Loops": 2,
                        "Sort Key": [
                          "warehouse.w_state",
                          "item.i_item_id"
                        ],
                        "Sort Method": "quicksort",
                        "Sort Space Used": 25,
                        "Sort Space Type": "Memory",
                        "Workers": [
                          {
                            "Worker Number": 0,
                            "Sort Method": "quicksort",
                            "Sort Space Used": 25,
                            "Sort Space Type": "Memory"
                          }
                        ],
                        "Plans": [
                          {
                            "Node Type": "Nested Loop",
                            "Parent Relationship": "Outer",
                            "Parallel Aware": false,
                            "Async Capable": false,
                            "Join Type": "Inner",
                            "Startup Cost": 1.29,
                            "Total Cost": 35715.43,
                            "Plan Rows": 1,
                            "Plan Width": 36,
                            "Actual Startup Time": 167.146,
                            "Actual Total Time": 167.149,
                            "Actual Rows": 0,
                            "Actual Loops": 2,
                            "Inner Unique": true,
                            "Workers": [],
                            "Plans": [
                              {
                                "Node Type": "Nested Loop",
                                "Parent Relationship": "Outer",
                                "Parallel Aware": false,
                                "Async Capable": false,
                                "Join Type": "Inner",
                                "Startup Cost": 1.16,
                                "Total Cost": 35715.27,
                                "Plan Rows": 1,
                                "Plan Width": 37,
                                "Actual Startup Time": 167.141,
                                "Actual Total Time": 167.143,
                                "Actual Rows": 0,
                                "Actual Loops": 2,
                                "Inner Unique": true,
                                "Workers": [],
                                "Plans": [
                                  {
                                    "Node Type": "Nested Loop",
                                    "Parent Relationship": "Outer",
                                    "Parallel Aware": false,
                                    "Async Capable": false,
                                    "Join Type": "Inner",
                                    "Startup Cost": 0.73,
                                    "Total Cost": 35702.21,
                                    "Plan Rows": 25,
                                    "Plan Width": 43,
                                    "Actual Startup Time": 5.996,
                                    "Actual Total Time": 152.766,
                                    "Actual Rows": 314,
                                    "Actual Loops": 2,
                                    "Inner Unique": true,
                                    "Workers": [],
                                    "Plans": [
                                      {
                                        "Node Type": "Nested Loop",
                                        "Parent Relationship": "Outer",
                                        "Parallel Aware": false,
                                        "Async Capable": false,
                                        "Join Type": "Inner",
                                        "Startup Cost": 0.43,
                                        "Total Cost": 35248.38,
                                        "Plan Rows": 1384,
                                        "Plan Width": 22,
                                        "Actual Startup Time": 5.564,
                                        "Actual Total Time": 71.05,
                                        "Actual Rows": 34968,
                                        "Actual Loops": 2,
                                        "Inner Unique": false,
                                        "Workers": [],
                                        "Plans": [
                                          {
                                            "Node Type": "Seq Scan",
                                            "Parent Relationship": "Outer",
                                            "Parallel Aware": true,
                                            "Async Capable": false,
                                            "Relation Name": "date_dim",
                                            "Alias": "date_dim",
                                            "Startup Cost": 0.0,
                                            "Total Cost": 2049.55,
                                            "Plan Rows": 36,
                                            "Plan Width": 8,
                                            "Actual Startup Time": 1.749,
                                            "Actual Total Time": 4.258,
                                            "Actual Rows": 30,
                                            "Actual Loops": 2,
                                            "Filter": "((d_date >= '2002-01-20 00:00:00'::timestamp without time zone) AND (d_date <= '2002-03-21 00:00:00'::timestamp without time zone))",
                                            "Rows Removed by Filter": 36494,
                                            "Workers": []
                                          },
                                          {
                                            "Node Type": "Index Scan",
                                            "Parent Relationship": "Inner",
                                            "Parallel Aware": false,
                                            "Async Capable": false,
                                            "Scan Direction": "Forward",
                                            "Index Name": "_dta_index_catalog_sales_6_1301579675__k1_4",
                                            "Relation Name": "catalog_sales",
                                            "Alias": "catalog_sales",
                                            "Startup Cost": 0.43,
                                            "Total Cost": 909.14,
                                            "Plan Rows": 1305,
                                            "Plan Width": 22,
                                            "Actual Startup Time": 0.132,
                                            "Actual Total Time": 2.051,
                                            "Actual Rows": 1147,
                                            "Actual Loops": 61,
                                            "Index Cond": "(cs_sold_date_sk = date_dim.d_date_sk)",
                                            "Rows Removed by Index Recheck": 0,
                                            "Filter": "((cs_wholesale_cost >= '42'::numeric) AND (cs_wholesale_cost <= '61'::numeric))",
                                            "Rows Removed by Filter": 4885,
                                            "Workers": []
                                          }
                                        ]
                                      },
                                      {
                                        "Node Type": "Index Scan",
                                        "Parent Relationship": "Inner",
                                        "Parallel Aware": false,
                                        "Async Capable": false,
                                        "Scan Direction": "Forward",
                                        "Index Name": "item_pkey",
                                        "Relation Name": "item",
                                        "Alias": "item",
                                        "Startup Cost": 0.29,
                                        "Total Cost": 0.33,
                                        "Plan Rows": 1,
                                        "Plan Width": 21,
                                        "Actual Startup Time": 0.002,
                                        "Actual Total Time": 0.002,
                                        "Actual Rows": 0,
                                        "Actual Loops": 69937,
                                        "Index Cond": "(i_item_sk = catalog_sales.cs_item_sk)",
                                        "Rows Removed by Index Recheck": 0,
                                        "Filter": "((i_manager_id >= 61) AND (i_manager_id <= 100) AND (i_category = 'Jewelry'::bpchar))",
                                        "Rows Removed by Filter": 1,
                                        "Workers": []
                                      }
                                    ]
                                  },
                                  {
                                    "Node Type": "Index Scan",
                                    "Parent Relationship": "Inner",
                                    "Parallel Aware": false,
                                    "Async Capable": false,
                                    "Scan Direction": "Forward",
                                    "Index Name": "catalog_returns_pkey",
                                    "Relation Name": "catalog_returns",
                                    "Alias": "catalog_returns",
                                    "Startup Cost": 0.43,
                                    "Total Cost": 0.52,
                                    "Plan Rows": 1,
                                    "Plan Width": 14,
                                    "Actual Startup Time": 0.045,
                                    "Actual Total Time": 0.045,
                                    "Actual Rows": 0,
                                    "Actual Loops": 627,
                                    "Index Cond": "((cr_item_sk = catalog_sales.cs_item_sk) AND (cr_order_number = catalog_sales.cs_order_number))",
                                    "Rows Removed by Index Recheck": 0,
                                    "Filter": "(cr_reason_sk = 33)",
                                    "Rows Removed by Filter": 0,
                                    "Workers": []
                                  }
                                ]
                              },
                              {
                                "Node Type": "Index Scan",
                                "Parent Relationship": "Inner",
                                "Parallel Aware": false,
                                "Async Capable": false,
                                "Scan Direction": "Forward",
                                "Index Name": "warehouse_pkey",
                                "Relation Name": "warehouse",
                                "Alias": "warehouse",
                                "Startup Cost": 0.14,
                                "Total Cost": 0.15,
                                "Plan Rows": 1,
                                "Plan Width": 7,
                                "Actual Startup Time": 0.0,
                                "Actual Total Time": 0.0,
                                "Actual Rows": 0,
                                "Actual Loops": 0,
                                "Index Cond": "(w_warehouse_sk = catalog_sales.cs_warehouse_sk)",
                                "Rows Removed by Index Recheck": 0,
                                "Workers": []
                              }
                            ]
                          }
                        ]
                      }
                    ]
                  }
                ]
              }
            ]
          }
        ]
      },
      "Planning Time": 2.599,
      "Triggers": [],
      "Execution Time": 221.022
    }
  ],
  "plan_text": "",
  "actual_rows": 0,
  "provenance": {
    "database": "postgres://jakc9:jakc9@127.0.0.1:5434/dsb_sf10",
    "scale_factor": 10,
    "engine": "postgresql",
    "engine_version": "14.3",
    "cached_at": "2026-02-09T21:05:18.341087"
  }
}