{
  "execution_time_ms": 3312470.37,
  "plan_text": "Limit  (cost=3312470.12..3312470.37 rows=100 width=236)\n  CTE customer_total_return\n    ->  Finalize GroupAggregate  (cost=57954.65..59468.38 rows=11977 width=39)\n          Group Key: catalog_returns.cr_returning_customer_sk, customer_address_1.ca_state\n          ->  Gather Merge  (cost=57954.65..59218.86 rows=9980 width=39)\n                Workers Planned: 2\n                ->  Partial GroupAggregate  (cost=56954.63..57066.90 rows=4990 width=39)\n                      Group Key: catalog_returns.cr_returning_customer_sk, customer_address_1.ca_state\n                      ->  Sort  (cost=56954.63..56967.10 rows=4990 width=13)\n                            Sort Key: catalog_returns.cr_returning_customer_sk, customer_address_1.ca_state\n                            ->  Nested Loop  (cost=21.13..56648.12 rows=4990 width=13)\n                                  ->  Hash Join  (cost=20.71..54360.51 rows=5097 width=14)\n                                        Hash Cond: (catalog_returns.cr_returned_date_sk = date_dim.d_date_sk)\n                                        ->  Parallel Seq Scan on catalog_returns  (cost=0.00..51979.00 rows=899300 width=18)\n                                        ->  Hash  (cost=15.54..15.54 rows=414 width=4)\n                                              ->  Index Only Scan using _dta_index_date_dim_6_661577395__k7_k1 on date_dim  (cost=0.29..15.54 rows=414 width=4)\n                                                    Index Cond: (d_year = 2002)\n                                  ->  Index Scan using customer_address_pkey on customer_address customer_address_1  (cost=0.42..0.45 rows=1 width=7)\n                                        Index Cond: (ca_address_sk = catalog_returns.cr_returning_addr_sk)\n  ->  Sort  (cost=3253001.75..3253002.05 rows=122 width=236)\n        Sort Key: customer.c_customer_id, customer.c_salutation, customer.c_first_name, customer.c_last_name, customer_address.ca_street_number, customer_address.ca_street_name, customer_address.ca_street_type, customer_address.ca_suite_number, customer_address.ca_city, customer_address.ca_county, customer_address.ca_zip, customer_address.ca_country, customer_address.ca_gmt_offset, customer_address.ca_location_type, ctr1.ctr_total_return\n        ->  Nested Loop  (cost=0.84..3252997.52 rows=122 width=236)\n              ->  Nested Loop  (cost=0.42..3251046.07 rows=3992 width=116)\n                    ->  CTE Scan on customer_total_return ctr1  (cost=0.00..3229837.59 rows=3992 width=36)\n                          Filter: (ctr_total_return > (SubPlan 2))\n                          SubPlan 2\n                            ->  Aggregate  (cost=269.63..269.65 rows=1 width=32)\n                                  ->  CTE Scan on customer_total_return ctr2  (cost=0.00..269.48 rows=60 width=32)\n                                        Filter: (ctr1.ctr_state = ctr_state)\n                    ->  Index Scan using _dta_index_customer_6_949578421__k1_k5 on customer  (cost=0.42..5.31 rows=1 width=88)\n                          Index Cond: (c_customer_sk = ctr1.ctr_customer_sk)\n              ->  Index Scan using customer_address_pkey on customer_address  (cost=0.42..0.49 rows=1 width=128)\n                    Index Cond: (ca_address_sk = customer.c_current_addr_sk)\n                    Filter: (ca_state = 'OH'::bpchar)",
  "plan_json": {
    "Node Type": "Limit",
    "Parallel Aware": false,
    "Async Capable": false,
    "Startup Cost": 3312470.12,
    "Total Cost": 3312470.37,
    "Plan Rows": 100,
    "Plan Width": 236,
    "Plans": [
      {
        "Node Type": "Aggregate",
        "Strategy": "Sorted",
        "Partial Mode": "Finalize",
        "Parent Relationship": "InitPlan",
        "Subplan Name": "CTE customer_total_return",
        "Parallel Aware": false,
        "Async Capable": false,
        "Startup Cost": 57954.65,
        "Total Cost": 59468.38,
        "Plan Rows": 11977,
        "Plan Width": 39,
        "Group Key": [
          "catalog_returns.cr_returning_customer_sk",
          "customer_address_1.ca_state"
        ],
        "Plans": [
          {
            "Node Type": "Gather Merge",
            "Parent Relationship": "Outer",
            "Parallel Aware": false,
            "Async Capable": false,
            "Startup Cost": 57954.65,
            "Total Cost": 59218.86,
            "Plan Rows": 9980,
            "Plan Width": 39,
            "Workers Planned": 2,
            "Plans": [
              {
                "Node Type": "Aggregate",
                "Strategy": "Sorted",
                "Partial Mode": "Partial",
                "Parent Relationship": "Outer",
                "Parallel Aware": false,
                "Async Capable": false,
                "Startup Cost": 56954.63,
                "Total Cost": 57066.9,
                "Plan Rows": 4990,
                "Plan Width": 39,
                "Group Key": [
                  "catalog_returns.cr_returning_customer_sk",
                  "customer_address_1.ca_state"
                ],
                "Plans": [
                  {
                    "Node Type": "Sort",
                    "Parent Relationship": "Outer",
                    "Parallel Aware": false,
                    "Async Capable": false,
                    "Startup Cost": 56954.63,
                    "Total Cost": 56967.1,
                    "Plan Rows": 4990,
                    "Plan Width": 13,
                    "Sort Key": [
                      "catalog_returns.cr_returning_customer_sk",
                      "customer_address_1.ca_state"
                    ],
                    "Plans": [
                      {
                        "Node Type": "Nested Loop",
                        "Parent Relationship": "Outer",
                        "Parallel Aware": false,
                        "Async Capable": false,
                        "Join Type": "Inner",
                        "Startup Cost": 21.13,
                        "Total Cost": 56648.12,
                        "Plan Rows": 4990,
                        "Plan Width": 13,
                        "Inner Unique": true,
                        "Plans": [
                          {
                            "Node Type": "Hash Join",
                            "Parent Relationship": "Outer",
                            "Parallel Aware": false,
                            "Async Capable": false,
                            "Join Type": "Inner",
                            "Startup Cost": 20.71,
                            "Total Cost": 54360.51,
                            "Plan Rows": 5097,
                            "Plan Width": 14,
                            "Inner Unique": true,
                            "Hash Cond": "(catalog_returns.cr_returned_date_sk = date_dim.d_date_sk)",
                            "Plans": [
                              {
                                "Node Type": "Seq Scan",
                                "Parent Relationship": "Outer",
                                "Parallel Aware": true,
                                "Async Capable": false,
                                "Relation Name": "catalog_returns",
                                "Alias": "catalog_returns",
                                "Startup Cost": 0.0,
                                "Total Cost": 51979.0,
                                "Plan Rows": 899300,
                                "Plan Width": 18
                              },
                              {
                                "Node Type": "Hash",
                                "Parent Relationship": "Inner",
                                "Parallel Aware": false,
                                "Async Capable": false,
                                "Startup Cost": 15.54,
                                "Total Cost": 15.54,
                                "Plan Rows": 414,
                                "Plan Width": 4,
                                "Plans": [
                                  {
                                    "Node Type": "Index Only Scan",
                                    "Parent Relationship": "Outer",
                                    "Parallel Aware": false,
                                    "Async Capable": false,
                                    "Scan Direction": "Forward",
                                    "Index Name": "_dta_index_date_dim_6_661577395__k7_k1",
                                    "Relation Name": "date_dim",
                                    "Alias": "date_dim",
                                    "Startup Cost": 0.29,
                                    "Total Cost": 15.54,
                                    "Plan Rows": 414,
                                    "Plan Width": 4,
                                    "Index Cond": "(d_year = 2002)"
                                  }
                                ]
                              }
                            ]
                          },
                          {
                            "Node Type": "Index Scan",
                            "Parent Relationship": "Inner",
                            "Parallel Aware": false,
                            "Async Capable": false,
                            "Scan Direction": "Forward",
                            "Index Name": "customer_address_pkey",
                            "Relation Name": "customer_address",
                            "Alias": "customer_address_1",
                            "Startup Cost": 0.42,
                            "Total Cost": 0.45,
                            "Plan Rows": 1,
                            "Plan Width": 7,
                            "Index Cond": "(ca_address_sk = catalog_returns.cr_returning_addr_sk)"
                          }
                        ]
                      }
                    ]
                  }
                ]
              }
            ]
          }
        ]
      },
      {
        "Node Type": "Sort",
        "Parent Relationship": "Outer",
        "Parallel Aware": false,
        "Async Capable": false,
        "Startup Cost": 3253001.75,
        "Total Cost": 3253002.05,
        "Plan Rows": 122,
        "Plan Width": 236,
        "Sort Key": [
          "customer.c_customer_id",
          "customer.c_salutation",
          "customer.c_first_name",
          "customer.c_last_name",
          "customer_address.ca_street_number",
          "customer_address.ca_street_name",
          "customer_address.ca_street_type",
          "customer_address.ca_suite_number",
          "customer_address.ca_city",
          "customer_address.ca_county",
          "customer_address.ca_zip",
          "customer_address.ca_country",
          "customer_address.ca_gmt_offset",
          "customer_address.ca_location_type",
          "ctr1.ctr_total_return"
        ],
        "Plans": [
          {
            "Node Type": "Nested Loop",
            "Parent Relationship": "Outer",
            "Parallel Aware": false,
            "Async Capable": false,
            "Join Type": "Inner",
            "Startup Cost": 0.84,
            "Total Cost": 3252997.52,
            "Plan Rows": 122,
            "Plan Width": 236,
            "Inner Unique": true,
            "Plans": [
              {
                "Node Type": "Nested Loop",
                "Parent Relationship": "Outer",
                "Parallel Aware": false,
                "Async Capable": false,
                "Join Type": "Inner",
                "Startup Cost": 0.42,
                "Total Cost": 3251046.07,
                "Plan Rows": 3992,
                "Plan Width": 116,
                "Inner Unique": true,
                "Plans": [
                  {
                    "Node Type": "CTE Scan",
                    "Parent Relationship": "Outer",
                    "Parallel Aware": false,
                    "Async Capable": false,
                    "CTE Name": "customer_total_return",
                    "Alias": "ctr1",
                    "Startup Cost": 0.0,
                    "Total Cost": 3229837.59,
                    "Plan Rows": 3992,
                    "Plan Width": 36,
                    "Filter": "(ctr_total_return > (SubPlan 2))",
                    "Plans": [
                      {
                        "Node Type": "Aggregate",
                        "Strategy": "Plain",
                        "Partial Mode": "Simple",
                        "Parent Relationship": "SubPlan",
                        "Subplan Name": "SubPlan 2",
                        "Parallel Aware": false,
                        "Async Capable": false,
                        "Startup Cost": 269.63,
                        "Total Cost": 269.65,
                        "Plan Rows": 1,
                        "Plan Width": 32,
                        "Plans": [
                          {
                            "Node Type": "CTE Scan",
                            "Parent Relationship": "Outer",
                            "Parallel Aware": false,
                            "Async Capable": false,
                            "CTE Name": "customer_total_return",
                            "Alias": "ctr2",
                            "Startup Cost": 0.0,
                            "Total Cost": 269.48,
                            "Plan Rows": 60,
                            "Plan Width": 32,
                            "Filter": "(ctr1.ctr_state = ctr_state)"
                          }
                        ]
                      }
                    ]
                  },
                  {
                    "Node Type": "Index Scan",
                    "Parent Relationship": "Inner",
                    "Parallel Aware": false,
                    "Async Capable": false,
                    "Scan Direction": "Forward",
                    "Index Name": "_dta_index_customer_6_949578421__k1_k5",
                    "Relation Name": "customer",
                    "Alias": "customer",
                    "Startup Cost": 0.42,
                    "Total Cost": 5.31,
                    "Plan Rows": 1,
                    "Plan Width": 88,
                    "Index Cond": "(c_customer_sk = ctr1.ctr_customer_sk)"
                  }
                ]
              },
              {
                "Node Type": "Index Scan",
                "Parent Relationship": "Inner",
                "Parallel Aware": false,
                "Async Capable": false,
                "Scan Direction": "Forward",
                "Index Name": "customer_address_pkey",
                "Relation Name": "customer_address",
                "Alias": "customer_address",
                "Startup Cost": 0.42,
                "Total Cost": 0.49,
                "Plan Rows": 1,
                "Plan Width": 128,
                "Index Cond": "(ca_address_sk = customer.c_current_addr_sk)",
                "Filter": "(ca_state = 'OH'::bpchar)"
              }
            ]
          }
        ]
      }
    ]
  },
  "actual_rows": null,
  "note": "estimate-only (no ANALYZE) - query too slow for analyzed plan"
}