{
  "plan_json": [
    {
      "Plan": {
        "Node Type": "Limit",
        "Parallel Aware": false,
        "Async Capable": false,
        "Startup Cost": 17212.2,
        "Total Cost": 17212.21,
        "Plan Rows": 1,
        "Plan Width": 142,
        "Actual Startup Time": 326.106,
        "Actual Total Time": 326.2,
        "Actual Rows": 4,
        "Actual Loops": 1,
        "Plans": [
          {
            "Node Type": "Sort",
            "Parent Relationship": "Outer",
            "Parallel Aware": false,
            "Async Capable": false,
            "Startup Cost": 17212.2,
            "Total Cost": 17212.21,
            "Plan Rows": 1,
            "Plan Width": 142,
            "Actual Startup Time": 326.104,
            "Actual Total Time": 326.196,
            "Actual Rows": 4,
            "Actual Loops": 1,
            "Sort Key": [
              "(sum(store_sales.ss_ext_sales_price)) DESC",
              "item.i_brand",
              "item.i_brand_id",
              "item.i_manufact_id",
              "item.i_manufact"
            ],
            "Sort Method": "quicksort",
            "Sort Space Used": 26,
            "Sort Space Type": "Memory",
            "Plans": [
              {
                "Node Type": "Aggregate",
                "Strategy": "Sorted",
                "Partial Mode": "Finalize",
                "Parent Relationship": "Outer",
                "Parallel Aware": false,
                "Async Capable": false,
                "Startup Cost": 17211.89,
                "Total Cost": 17212.19,
                "Plan Rows": 1,
                "Plan Width": 142,
                "Actual Startup Time": 326.079,
                "Actual Total Time": 326.176,
                "Actual Rows": 4,
                "Actual Loops": 1,
                "Group Key": [
                  "item.i_brand",
                  "item.i_brand_id",
                  "item.i_manufact_id",
                  "item.i_manufact"
                ],
                "Plans": [
                  {
                    "Node Type": "Gather Merge",
                    "Parent Relationship": "Outer",
                    "Parallel Aware": false,
                    "Async Capable": false,
                    "Startup Cost": 17211.89,
                    "Total Cost": 17212.15,
                    "Plan Rows": 2,
                    "Plan Width": 142,
                    "Actual Startup Time": 326.068,
                    "Actual Total Time": 326.165,
                    "Actual Rows": 4,
                    "Actual Loops": 1,
                    "Workers Planned": 2,
                    "Workers Launched": 2,
                    "Plans": [
                      {
                        "Node Type": "Aggregate",
                        "Strategy": "Sorted",
                        "Partial Mode": "Partial",
                        "Parent Relationship": "Outer",
                        "Parallel Aware": false,
                        "Async Capable": false,
                        "Startup Cost": 16211.86,
                        "Total Cost": 16211.89,
                        "Plan Rows": 1,
                        "Plan Width": 142,
                        "Actual Startup Time": 109.704,
                        "Actual Total Time": 109.709,
                        "Actual Rows": 1,
                        "Actual Loops": 3,
                        "Group Key": [
                          "item.i_brand",
                          "item.i_brand_id",
                          "item.i_manufact_id",
                          "item.i_manufact"
                        ],
                        "Workers": [],
                        "Plans": [
                          {
                            "Node Type": "Sort",
                            "Parent Relationship": "Outer",
                            "Parallel Aware": false,
                            "Async Capable": false,
                            "Startup Cost": 16211.86,
                            "Total Cost": 16211.87,
                            "Plan Rows": 1,
                            "Plan Width": 116,
                            "Actual Startup Time": 109.699,
                            "Actual Total Time": 109.702,
                            "Actual Rows": 2,
                            "Actual Loops": 3,
                            "Sort Key": [
                              "item.i_brand",
                              "item.i_brand_id",
                              "item.i_manufact_id",
                              "item.i_manufact"
                            ],
                            "Sort Method": "quicksort",
                            "Sort Space Used": 26,
                            "Sort Space Type": "Memory",
                            "Workers": [
                              {
                                "Worker Number": 0,
                                "Sort Method": "quicksort",
                                "Sort Space Used": 25,
                                "Sort Space Type": "Memory"
                              },
                              {
                                "Worker Number": 1,
                                "Sort Method": "quicksort",
                                "Sort Space Used": 25,
                                "Sort Space Type": "Memory"
                              }
                            ],
                            "Plans": [
                              {
                                "Node Type": "Nested Loop",
                                "Parent Relationship": "Outer",
                                "Parallel Aware": false,
                                "Async Capable": false,
                                "Join Type": "Inner",
                                "Startup Cost": 9.29,
                                "Total Cost": 16211.85,
                                "Plan Rows": 1,
                                "Plan Width": 116,
                                "Actual Startup Time": 24.666,
                                "Actual Total Time": 109.661,
                                "Actual Rows": 2,
                                "Actual Loops": 3,
                                "Inner Unique": true,
                                "Join Filter": "(\"substring\"((customer_address.ca_zip)::text, 1, 5) <> \"substring\"((store.s_zip)::text, 1, 5))",
                                "Rows Removed by Join Filter": 0,
                                "Workers": [],
                                "Plans": [
                                  {
                                    "Node Type": "Nested Loop",
                                    "Parent Relationship": "Outer",
                                    "Parallel Aware": false,
                                    "Async Capable": false,
                                    "Join Type": "Inner",
                                    "Startup Cost": 8.87,
                                    "Total Cost": 16206.11,
                                    "Plan Rows": 5,
                                    "Plan Width": 131,
                                    "Actual Startup Time": 1.672,
                                    "Actual Total Time": 108.73,
                                    "Actual Rows": 103,
                                    "Actual Loops": 3,
                                    "Inner Unique": true,
                                    "Workers": [],
                                    "Plans": [
                                      {
                                        "Node Type": "Nested Loop",
                                        "Parent Relationship": "Outer",
                                        "Parallel Aware": false,
                                        "Async Capable": false,
                                        "Join Type": "Inner",
                                        "Startup Cost": 8.44,
                                        "Total Cost": 16171.24,
                                        "Plan Rows": 50,
                                        "Plan Width": 131,
                                        "Actual Startup Time": 1.455,
                                        "Actual Total Time": 100.836,
                                        "Actual Rows": 1086,
                                        "Actual Loops": 3,
                                        "Inner Unique": true,
                                        "Workers": [],
                                        "Plans": [
                                          {
                                            "Node Type": "Hash Join",
                                            "Parent Relationship": "Outer",
                                            "Parallel Aware": false,
                                            "Async Capable": false,
                                            "Join Type": "Inner",
                                            "Startup Cost": 8.15,
                                            "Total Cost": 15558.95,
                                            "Plan Rows": 1120,
                                            "Plan Width": 25,
                                            "Actual Startup Time": 1.45,
                                            "Actual Total Time": 52.903,
                                            "Actual Rows": 18255,
                                            "Actual Loops": 3,
                                            "Inner Unique": true,
                                            "Hash Cond": "(store_sales.ss_store_sk = store.s_store_sk)",
                                            "Workers": [],
                                            "Plans": [
                                              {
                                                "Node Type": "Nested Loop",
                                                "Parent Relationship": "Outer",
                                                "Parallel Aware": false,
                                                "Async Capable": false,
                                                "Join Type": "Inner",
                                                "Startup Cost": 0.85,
                                                "Total Cost": 15548.45,
                                                "Plan Rows": 1175,
                                                "Plan Width": 18,
                                                "Actual Startup Time": 1.423,
                                                "Actual Total Time": 49.291,
                                                "Actual Rows": 18475,
                                                "Actual Loops": 3,
                                                "Inner Unique": false,
                                                "Workers": [],
                                                "Plans": [
                                                  {
                                                    "Node Type": "Index Only Scan",
                                                    "Parent Relationship": "Outer",
                                                    "Parallel Aware": true,
                                                    "Async Capable": false,
                                                    "Scan Direction": "Forward",
                                                    "Index Name": "_dta_index_date_dim_6_661577395__k1_k7_k9",
                                                    "Relation Name": "date_dim",
                                                    "Alias": "date_dim",
                                                    "Startup Cost": 0.29,
                                                    "Total Cost": 1858.91,
                                                    "Plan Rows": 13,
                                                    "Plan Width": 4,
                                                    "Actual Startup Time": 1.275,
                                                    "Actual Total Time": 1.289,
                                                    "Actual Rows": 10,
                                                    "Actual Loops": 3,
                                                    "Index Cond": "((d_year = 2002) AND (d_moy = 4))",
                                                    "Rows Removed by Index Recheck": 0,
                                                    "Heap Fetches": 0,
                                                    "Workers": []
                                                  },
                                                  {
                                                    "Node Type": "Index Only Scan",
                                                    "Parent Relationship": "Inner",
                                                    "Parallel Aware": false,
                                                    "Async Capable": false,
                                                    "Scan Direction": "Forward",
                                                    "Index Name": "_dta_index_store_sales_6_1333579789__k1_k23_k14_k6_k8_k5_k7_3_4",
                                                    "Relation Name": "store_sales",
                                                    "Alias": "store_sales",
                                                    "Startup Cost": 0.56,
                                                    "Total Cost": 1020.63,
                                                    "Plan Rows": 3241,
                                                    "Plan Width": 22,
                                                    "Actual Startup Time": 0.17,
                                                    "Actual Total Time": 4.628,
                                                    "Actual Rows": 1848,
                                                    "Actual Loops": 30,
                                                    "Index Cond": "(ss_sold_date_sk = date_dim.d_date_sk)",
                                                    "Rows Removed by Index Recheck": 0,
                                                    "Filter": "((ss_wholesale_cost >= '35'::numeric) AND (ss_wholesale_cost <= '55'::numeric))",
                                                    "Rows Removed by Filter": 5637,
                                                    "Heap Fetches": 0,
                                                    "Workers": []
                                                  }
                                                ]
                                              },
                                              {
                                                "Node Type": "Hash",
                                                "Parent Relationship": "Inner",
                                                "Parallel Aware": false,
                                                "Async Capable": false,
                                                "Startup Cost": 6.02,
                                                "Total Cost": 6.02,
                                                "Plan Rows": 102,
                                                "Plan Width": 15,
                                                "Actual Startup Time": 0.068,
                                                "Actual Total Time": 0.068,
                                                "Actual Rows": 102,
                                                "Actual Loops": 1,
                                                "Hash Buckets": 1024,
                                                "Original Hash Buckets": 1024,
                                                "Hash Batches": 1,
                                                "Original Hash Batches": 1,
                                                "Peak Memory Usage": 13,
                                                "Workers": [],
                                                "Plans": [
                                                  {
                                                    "Node Type": "Seq Scan",
                                                    "Parent Relationship": "Outer",
                                                    "Parallel Aware": false,
                                                    "Async Capable": false,
                                                    "Relation Name": "store",
                                                    "Alias": "store",
                                                    "Startup Cost": 0.0,
                                                    "Total Cost": 6.02,
                                                    "Plan Rows": 102,
                                                    "Plan Width": 15,
                                                    "Actual Startup Time": 0.007,
                                                    "Actual Total Time": 0.05,
                                                    "Actual Rows": 102,
                                                    "Actual Loops": 1,
                                                    "Workers": []
                                                  }
                                                ]
                                              }
                                            ]
                                          },
                                          {
                                            "Node Type": "Index Scan",
                                            "Parent Relationship": "Inner",
                                            "Parallel Aware": false,
                                            "Async Capable": false,
                                            "Scan Direction": "Forward",
                                            "Index Name": "item_pkey",
                                            "Relation Name": "item",
                                            "Alias": "item",
                                            "Startup Cost": 0.29,
                                            "Total Cost": 0.55,
                                            "Plan Rows": 1,
                                            "Plan Width": 114,
                                            "Actual Startup Time": 0.002,
                                            "Actual Total Time": 0.002,
                                            "Actual Rows": 0,
                                            "Actual Loops": 54766,
                                            "Index Cond": "(i_item_sk = store_sales.ss_item_sk)",
                                            "Rows Removed by Index Recheck": 0,
                                            "Filter": "(i_category = 'Jewelry'::bpchar)",
                                            "Rows Removed by Filter": 1,
                                            "Workers": []
                                          }
                                        ]
                                      },
                                      {
                                        "Node Type": "Index Scan",
                                        "Parent Relationship": "Inner",
                                        "Parallel Aware": false,
                                        "Async Capable": false,
                                        "Scan Direction": "Forward",
                                        "Index Name": "_dta_index_customer_6_949578421__k1_k5",
                                        "Relation Name": "customer",
                                        "Alias": "customer",
                                        "Startup Cost": 0.42,
                                        "Total Cost": 0.7,
                                        "Plan Rows": 1,
                                        "Plan Width": 8,
                                        "Actual Startup Time": 0.007,
                                        "Actual Total Time": 0.007,
                                        "Actual Rows": 0,
                                        "Actual Loops": 3259,
                                        "Index Cond": "(c_customer_sk = store_sales.ss_customer_sk)",
                                        "Rows Removed by Index Recheck": 0,
                                        "Filter": "(c_birth_month = 1)",
                                        "Rows Removed by Filter": 1,
                                        "Workers": []
                                      }
                                    ]
                                  },
                                  {
                                    "Node Type": "Index Scan",
                                    "Parent Relationship": "Inner",
                                    "Parallel Aware": false,
                                    "Async Capable": false,
                                    "Scan Direction": "Forward",
                                    "Index Name": "customer_address_pkey",
                                    "Relation Name": "customer_address",
                                    "Alias": "customer_address",
                                    "Startup Cost": 0.42,
                                    "Total Cost": 1.13,
                                    "Plan Rows": 1,
                                    "Plan Width": 15,
                                    "Actual Startup Time": 0.008,
                                    "Actual Total Time": 0.008,
                                    "Actual Rows": 0,
                                    "Actual Loops": 309,
                                    "Index Cond": "(ca_address_sk = customer.c_current_addr_sk)",
                                    "Rows Removed by Index Recheck": 0,
                                    "Filter": "(ca_state = 'IL'::bpchar)",
                                    "Rows Removed by Filter": 1,
                                    "Workers": []
                                  }
                                ]
                              }
                            ]
                          }
                        ]
                      }
                    ]
                  }
                ]
              }
            ]
          }
        ]
      },
      "Planning Time": 3.185,
      "Triggers": [],
      "Execution Time": 326.278
    }
  ],
  "plan_text": "",
  "actual_rows": 0,
  "provenance": {
    "database": "postgres://jakc9:jakc9@127.0.0.1:5434/dsb_sf10",
    "scale_factor": 10,
    "engine": "postgresql",
    "engine_version": "14.3",
    "cached_at": "2026-02-09T20:54:43.341131"
  }
}