{
  "plan_json": [
    {
      "Plan": {
        "Node Type": "Sort",
        "Parallel Aware": false,
        "Async Capable": false,
        "Startup Cost": 610587.76,
        "Total Cost": 610587.76,
        "Plan Rows": 1,
        "Plan Width": 1310,
        "Actual Startup Time": 3290.354,
        "Actual Total Time": 3317.783,
        "Actual Rows": 0,
        "Actual Loops": 1,
        "Sort Key": [
          "cs1.product_name",
          "cs1.store_name",
          "cs2.cnt",
          "cs1.s1",
          "cs2.s1"
        ],
        "Sort Method": "quicksort",
        "Sort Space Used": 25,
        "Sort Space Type": "Memory",
        "Plans": [
          {
            "Node Type": "Aggregate",
            "Strategy": "Sorted",
            "Partial Mode": "Simple",
            "Parent Relationship": "InitPlan",
            "Subplan Name": "CTE cross_sales",
            "Parallel Aware": false,
            "Async Capable": false,
            "Startup Cost": 583311.5,
            "Total Cost": 610587.68,
            "Plan Rows": 1,
            "Plan Width": 266,
            "Actual Startup Time": 3290.346,
            "Actual Total Time": 3317.773,
            "Actual Rows": 0,
            "Actual Loops": 1,
            "Group Key": [
              "item.i_item_sk",
              "store.s_store_name",
              "store.s_zip",
              "ad1.ca_street_number",
              "ad1.ca_street_name",
              "ad1.ca_city",
              "ad1.ca_zip",
              "ad2.ca_street_number",
              "ad2.ca_street_name",
              "ad2.ca_city",
              "ad2.ca_zip",
              "d1.d_year",
              "d2.d_year",
              "d3.d_year"
            ],
            "Plans": [
              {
                "Node Type": "Incremental Sort",
                "Parent Relationship": "Outer",
                "Parallel Aware": false,
                "Async Capable": false,
                "Startup Cost": 583311.5,
                "Total Cost": 610587.57,
                "Plan Rows": 2,
                "Plan Width": 177,
                "Actual Startup Time": 3290.345,
                "Actual Total Time": 3317.772,
                "Actual Rows": 0,
                "Actual Loops": 1,
                "Sort Key": [
                  "item.i_item_sk",
                  "store.s_store_name",
                  "store.s_zip",
                  "ad1.ca_street_number",
                  "ad1.ca_street_name",
                  "ad1.ca_city",
                  "ad1.ca_zip",
                  "ad2.ca_street_number",
                  "ad2.ca_street_name",
                  "ad2.ca_city",
                  "ad2.ca_zip",
                  "d1.d_year",
                  "d2.d_year",
                  "d3.d_year"
                ],
                "Presorted Key": [
                  "item.i_item_sk"
                ],
                "Full-sort Groups": {
                  "Group Count": 1,
                  "Sort Methods Used": [
                    "quicksort"
                  ],
                  "Sort Space Memory": {
                    "Average Sort Space Used": 25,
                    "Peak Sort Space Used": 25
                  }
                },
                "Plans": [
                  {
                    "Node Type": "Nested Loop",
                    "Parent Relationship": "Outer",
                    "Parallel Aware": false,
                    "Async Capable": false,
                    "Join Type": "Inner",
                    "Startup Cost": 556035.49,
                    "Total Cost": 610587.48,
                    "Plan Rows": 1,
                    "Plan Width": 177,
                    "Actual Startup Time": 3290.336,
                    "Actual Total Time": 3317.762,
                    "Actual Rows": 0,
                    "Actual Loops": 1,
                    "Inner Unique": true,
                    "Plans": [
                      {
                        "Node Type": "Nested Loop",
                        "Parent Relationship": "Outer",
                        "Parallel Aware": false,
                        "Async Capable": false,
                        "Join Type": "Inner",
                        "Startup Cost": 556035.2,
                        "Total Cost": 610586.12,
                        "Plan Rows": 1,
                        "Plan Width": 177,
                        "Actual Startup Time": 3290.336,
                        "Actual Total Time": 3317.761,
                        "Actual Rows": 0,
                        "Actual Loops": 1,
                        "Inner Unique": true,
                        "Plans": [
                          {
                            "Node Type": "Nested Loop",
                            "Parent Relationship": "Outer",
                            "Parallel Aware": false,
                            "Async Capable": false,
                            "Join Type": "Inner",
                            "Startup Cost": 556034.93,
                            "Total Cost": 610583.83,
                            "Plan Rows": 1,
                            "Plan Width": 181,
                            "Actual Startup Time": 2116.927,
                            "Actual Total Time": 3317.435,
                            "Actual Rows": 19,
                            "Actual Loops": 1,
                            "Inner Unique": true,
                            "Join Filter": "(cd1.cd_marital_status <> cd2.cd_marital_status)",
                            "Rows Removed by Join Filter": 11,
                            "Plans": [
                              {
                                "Node Type": "Nested Loop",
                                "Parent Relationship": "Outer",
                                "Parallel Aware": false,
                                "Async Capable": false,
                                "Join Type": "Inner",
                                "Startup Cost": 556034.5,
                                "Total Cost": 610581.14,
                                "Plan Rows": 1,
                                "Plan Width": 187,
                                "Actual Startup Time": 1975.279,
                                "Actual Total Time": 3316.104,
                                "Actual Rows": 90,
                                "Actual Loops": 1,
                                "Inner Unique": true,
                                "Plans": [
                                  {
                                    "Node Type": "Nested Loop",
                                    "Parent Relationship": "Outer",
                                    "Parallel Aware": false,
                                    "Async Capable": false,
                                    "Join Type": "Inner",
                                    "Startup Cost": 556034.21,
                                    "Total Cost": 610579.78,
                                    "Plan Rows": 1,
                                    "Plan Width": 187,
                                    "Actual Startup Time": 1975.275,
                                    "Actual Total Time": 3315.833,
                                    "Actual Rows": 90,
                                    "Actual Loops": 1,
                                    "Inner Unique": true,
                                    "Plans": [
                                      {
                                        "Node Type": "Nested Loop",
                                        "Parent Relationship": "Outer",
                                        "Parallel Aware": false,
                                        "Async Capable": false,
                                        "Join Type": "Inner",
                                        "Startup Cost": 556034.07,
                                        "Total Cost": 610578.8,
                                        "Plan Rows": 1,
                                        "Plan Width": 176,
                                        "Actual Startup Time": 1975.268,
                                        "Actual Total Time": 3315.356,
                                        "Actual Rows": 90,
                                        "Actual Loops": 1,
                                        "Inner Unique": true,
                                        "Plans": [
                                          {
                                            "Node Type": "Nested Loop",
                                            "Parent Relationship": "Outer",
                                            "Parallel Aware": false,
                                            "Async Capable": false,
                                            "Join Type": "Inner",
                                            "Startup Cost": 556033.93,
                                            "Total Cost": 610578.64,
                                            "Plan Rows": 1,
                                            "Plan Width": 180,
                                            "Actual Startup Time": 1975.264,
                                            "Actual Total Time": 3315.106,
                                            "Actual Rows": 90,
                                            "Actual Loops": 1,
                                            "Inner Unique": true,
                                            "Plans": [
                                              {
                                                "Node Type": "Nested Loop",
                                                "Parent Relationship": "Outer",
                                                "Parallel Aware": false,
                                                "Async Capable": false,
                                                "Join Type": "Inner",
                                                "Startup Cost": 556033.51,
                                                "Total Cost": 610576.1,
                                                "Plan Rows": 1,
                                                "Plan Width": 144,
                                                "Actual Startup Time": 1975.231,
                                                "Actual Total Time": 3314.223,
                                                "Actual Rows": 92,
                                                "Actual Loops": 1,
                                                "Inner Unique": true,
                                                "Plans": [
                                                  {
                                                    "Node Type": "Nested Loop",
                                                    "Parent Relationship": "Outer",
                                                    "Parallel Aware": false,
                                                    "Async Capable": false,
                                                    "Join Type": "Inner",
                                                    "Startup Cost": 556033.22,
                                                    "Total Cost": 610574.74,
                                                    "Plan Rows": 1,
                                                    "Plan Width": 144,
                                                    "Actual Startup Time": 1975.219,
                                                    "Actual Total Time": 3313.615,
                                                    "Actual Rows": 93,
                                                    "Actual Loops": 1,
                                                    "Inner Unique": true,
                                                    "Plans": [
                                                      {
                                                        "Node Type": "Nested Loop",
                                                        "Parent Relationship": "Outer",
                                                        "Parallel Aware": false,
                                                        "Async Capable": false,
                                                        "Join Type": "Inner",
                                                        "Startup Cost": 556032.93,
                                                        "Total Cost": 610572.55,
                                                        "Plan Rows": 1,
                                                        "Plan Width": 144,
                                                        "Actual Startup Time": 1975.209,
                                                        "Actual Total Time": 3313.115,
                                                        "Actual Rows": 94,
                                                        "Actual Loops": 1,
                                                        "Inner Unique": true,
                                                        "Plans": [
                                                          {
                                                            "Node Type": "Nested Loop",
                                                            "Parent Relationship": "Outer",
                                                            "Parallel Aware": false,
                                                            "Async Capable": false,
                                                            "Join Type": "Inner",
                                                            "Startup Cost": 556032.51,
                                                            "Total Cost": 610569.98,
                                                            "Plan Rows": 1,
                                                            "Plan Width": 108,
                                                            "Actual Startup Time": 1953.03,
                                                            "Actual Total Time": 3294.834,
                                                            "Actual Rows": 1881,
                                                            "Actual Loops": 1,
                                                            "Inner Unique": true,
                                                            "Plans": [
                                                              {
                                                                "Node Type": "Nested Loop",
                                                                "Parent Relationship": "Outer",
                                                                "Parallel Aware": false,
                                                                "Async Capable": false,
                                                                "Join Type": "Inner",
                                                                "Startup Cost": 556032.09,
                                                                "Total Cost": 610567.43,
                                                                "Plan Rows": 1,
                                                                "Plan Width": 92,
                                                                "Actual Startup Time": 1953.018,
                                                                "Actual Total Time": 3281.396,
                                                                "Actual Rows": 1889,
                                                                "Actual Loops": 1,
                                                                "Inner Unique": true,
                                                                "Plans": [
                                                                  {
                                                                    "Node Type": "Nested Loop",
                                                                    "Parent Relationship": "Outer",
                                                                    "Parallel Aware": false,
                                                                    "Async Capable": false,
                                                                    "Join Type": "Inner",
                                                                    "Startup Cost": 556031.95,
                                                                    "Total Cost": 610567.27,
                                                                    "Plan Rows": 1,
                                                                    "Plan Width": 96,
                                                                    "Actual Startup Time": 1953.012,
                                                                    "Actual Total Time": 3278.255,
                                                                    "Actual Rows": 1889,
                                                                    "Actual Loops": 1,
                                                                    "Inner Unique": true,
                                                                    "Plans": [
                                                                      {
                                                                        "Node Type": "Nested Loop",
                                                                        "Parent Relationship": "Outer",
                                                                        "Parallel Aware": false,
                                                                        "Async Capable": false,
                                                                        "Join Type": "Inner",
                                                                        "Startup Cost": 556031.67,
                                                                        "Total Cost": 610565.08,
                                                                        "Plan Rows": 1,
                                                                        "Plan Width": 96,
                                                                        "Actual Startup Time": 1952.985,
                                                                        "Actual Total Time": 3270.604,
                                                                        "Actual Rows": 1902,
                                                                        "Actual Loops": 1,
                                                                        "Inner Unique": true,
                                                                        "Plans": [
                                                                          {
                                                                            "Node Type": "Nested Loop",
                                                                            "Parent Relationship": "Outer",
                                                                            "Parallel Aware": false,
                                                                            "Async Capable": false,
                                                                            "Join Type": "Inner",
                                                                            "Startup Cost": 556031.24,
                                                                            "Total Cost": 610562.48,
                                                                            "Plan Rows": 1,
                                                                            "Plan Width": 98,
                                                                            "Actual Startup Time": 1951.861,
                                                                            "Actual Total Time": 3205.708,
                                                                            "Actual Rows": 7425,
                                                                            "Actual Loops": 1,
                                                                            "Inner Unique": true,
                                                                            "Join Filter": "(item.i_item_sk = store_sales.ss_item_sk)",
                                                                            "Rows Removed by Join Filter": 0,
                                                                            "Plans": [
                                                                              {
                                                                                "Node Type": "Merge Join",
                                                                                "Parent Relationship": "Outer",
                                                                                "Parallel Aware": false,
                                                                                "Async Capable": false,
                                                                                "Join Type": "Inner",
                                                                                "Startup Cost": 556030.81,
                                                                                "Total Cost": 589411.4,
                                                                                "Plan Rows": 6464,
                                                                                "Plan Width": 67,
                                                                                "Actual Startup Time": 1951.809,
                                                                                "Actual Total Time": 2266.721,
                                                                                "Actual Rows": 30779,
                                                                                "Actual Loops": 1,
                                                                                "Inner Unique": true,
                                                                                "Merge Cond": "(item.i_item_sk = catalog_sales.cs_item_sk)",
                                                                                "Plans": [
                                                                                  {
                                                                                    "Node Type": "Nested Loop",
                                                                                    "Parent Relationship": "Outer",
                                                                                    "Parallel Aware": false,
                                                                                    "Async Capable": false,
                                                                                    "Join Type": "Inner",
                                                                                    "Startup Cost": 0.72,
                                                                                    "Total Cost": 25625.5,
                                                                                    "Plan Rows": 84467,
                                                                                    "Plan Width": 63,
                                                                                    "Actual Startup Time": 0.393,
                                                                                    "Actual Total Time": 93.584,
                                                                                    "Actual Rows": 41811,
                                                                                    "Actual Loops": 1,
                                                                                    "Inner Unique": false,
                                                                                    "Plans": [
                                                                                      {
                                                                                        "Node Type": "Index Scan",
                                                                                        "Parent Relationship": "Outer",
                                                                                        "Parallel Aware": false,
                                                                                        "Async Capable": false,
                                                                                        "Scan Direction": "Forward",
                                                                                        "Index Name": "item_pkey",
                                                                                        "Relation Name": "item",
                                                                                        "Alias": "item",
                                                                                        "Startup Cost": 0.29,
                                                                                        "Total Cost": 10222.46,
                                                                                        "Plan Rows": 1197,
                                                                                        "Plan Width": 55,
                                                                                        "Actual Startup Time": 0.246,
                                                                                        "Actual Total Time": 30.273,
                                                                                        "Actual Rows": 1176,
                                                                                        "Actual Loops": 1,
                                                                                        "Filter": "((i_current_price >= '26'::numeric) AND (i_current_price <= '36'::numeric))",
                                                                                        "Rows Removed by Filter": 100824
                                                                                      },
                                                                                      {
                                                                                        "Node Type": "Index Only Scan",
                                                                                        "Parent Relationship": "Inner",
                                                                                        "Parallel Aware": false,
                                                                                        "Async Capable": false,
                                                                                        "Scan Direction": "Forward",
                                                                                        "Index Name": "store_returns_pkey",
                                                                                        "Relation Name": "store_returns",
                                                                                        "Alias": "store_returns",
                                                                                        "Startup Cost": 0.43,
                                                                                        "Total Cost": 9.76,
                                                                                        "Plan Rows": 311,
                                                                                        "Plan Width": 8,
                                                                                        "Actual Startup Time": 0.039,
                                                                                        "Actual Total Time": 0.048,
                                                                                        "Actual Rows": 36,
                                                                                        "Actual Loops": 1176,
                                                                                        "Index Cond": "(sr_item_sk = item.i_item_sk)",
                                                                                        "Rows Removed by Index Recheck": 0,
                                                                                        "Heap Fetches": 0
                                                                                      }
                                                                                    ]
                                                                                  },
                                                                                  {
                                                                                    "Node Type": "Aggregate",
                                                                                    "Strategy": "Sorted",
                                                                                    "Partial Mode": "Finalize",
                                                                                    "Parent Relationship": "Inner",
                                                                                    "Parallel Aware": false,
                                                                                    "Async Capable": false,
                                                                                    "Startup Cost": 556030.08,
                                                                                    "Total Cost": 563412.52,
                                                                                    "Plan Rows": 7806,
                                                                                    "Plan Width": 68,
                                                                                    "Actual Startup Time": 1950.665,
                                                                                    "Actual Total Time": 2160.164,
                                                                                    "Actual Rows": 69776,
                                                                                    "Actual Loops": 1,
                                                                                    "Group Key": [
                                                                                      "catalog_sales.cs_item_sk"
                                                                                    ],
                                                                                    "Filter": "(sum(catalog_sales.cs_ext_list_price) > ('2'::numeric * sum(((catalog_returns.cr_refunded_cash + catalog_returns.cr_reversed_charge) + catalog_returns.cr_store_credit))))",
                                                                                    "Rows Removed by Filter": 9466,
                                                                                    "Plans": [
                                                                                      {
                                                                                        "Node Type": "Gather Merge",
                                                                                        "Parent Relationship": "Outer",
                                                                                        "Parallel Aware": false,
                                                                                        "Async Capable": false,
                                                                                        "Startup Cost": 556030.08,
                                                                                        "Total Cost": 562358.71,
                                                                                        "Plan Rows": 46836,
                                                                                        "Plan Width": 68,
                                                                                        "Actual Startup Time": 1950.647,
                                                                                        "Actual Total Time": 2068.555,
                                                                                        "Actual Rows": 130429,
                                                                                        "Actual Loops": 1,
                                                                                        "Workers Planned": 2,
                                                                                        "Workers Launched": 2,
                                                                                        "Plans": [
                                                                                          {
                                                                                            "Node Type": "Aggregate",
                                                                                            "Strategy": "Sorted",
                                                                                            "Partial Mode": "Partial",
                                                                                            "Parent Relationship": "Outer",
                                                                                            "Parallel Aware": false,
                                                                                            "Async Capable": false,
                                                                                            "Startup Cost": 555030.06,
                                                                                            "Total Cost": 555952.65,
                                                                                            "Plan Rows": 23418,
                                                                                            "Plan Width": 68,
                                                                                            "Actual Startup Time": 1943.056,
                                                                                            "Actual Total Time": 2005.707,
                                                                                            "Actual Rows": 43479,
                                                                                            "Actual Loops": 3,
                                                                                            "Group Key": [
                                                                                              "catalog_sales.cs_item_sk"
                                                                                            ],
                                                                                            "Workers": [],
                                                                                            "Plans": [
                                                                                              {
                                                                                                "Node Type": "Sort",
                                                                                                "Parent Relationship": "Outer",
                                                                                                "Parallel Aware": false,
                                                                                                "Async Capable": false,
                                                                                                "Startup Cost": 555030.06,
                                                                                                "Total Cost": 555125.28,
                                                                                                "Plan Rows": 38088,
                                                                                                "Plan Width": 28,
                                                                                                "Actual Startup Time": 1943.032,
                                                                                                "Actual Total Time": 1952.799,
                                                                                                "Actual Rows": 121972,
                                                                                                "Actual Loops": 3,
                                                                                                "Sort Key": [
                                                                                                  "catalog_sales.cs_item_sk"
                                                                                                ],
                                                                                                "Sort Method": "external merge",
                                                                                                "Sort Space Used": 5224,
                                                                                                "Sort Space Type": "Disk",
                                                                                                "Workers": [
                                                                                                  {
                                                                                                    "Worker Number": 0,
                                                                                                    "Sort Method": "external merge",
                                                                                                    "Sort Space Used": 4752,
                                                                                                    "Sort Space Type": "Disk"
                                                                                                  },
                                                                                                  {
                                                                                                    "Worker Number": 1,
                                                                                                    "Sort Method": "external merge",
                                                                                                    "Sort Space Used": 4752,
                                                                                                    "Sort Space Type": "Disk"
                                                                                                  }
                                                                                                ],
                                                                                                "Plans": [
                                                                                                  {
                                                                                                    "Node Type": "Hash Join",
                                                                                                    "Parent Relationship": "Outer",
                                                                                                    "Parallel Aware": true,
                                                                                                    "Async Capable": false,
                                                                                                    "Join Type": "Inner",
                                                                                                    "Startup Cost": 71615.5,
                                                                                                    "Total Cost": 552132.12,
                                                                                                    "Plan Rows": 38088,
                                                                                                    "Plan Width": 28,
                                                                                                    "Actual Startup Time": 1790.496,
                                                                                                    "Actual Total Time": 1901.215,
                                                                                                    "Actual Rows": 121974,
                                                                                                    "Actual Loops": 3,
                                                                                                    "Inner Unique": true,
                                                                                                    "Hash Cond": "((catalog_sales.cs_item_sk = catalog_returns.cr_item_sk) AND (catalog_sales.cs_order_number = catalog_returns.cr_order_number))",
                                                                                                    "Workers": [],
                                                                                                    "Plans": [
                                                                                                      {
                                                                                                        "Node Type": "Seq Scan",
                                                                                                        "Parent Relationship": "Outer",
                                                                                                        "Parallel Aware": true,
                                                                                                        "Async Capable": false,
                                                                                                        "Relation Name": "catalog_sales",
                                                                                                        "Alias": "catalog_sales",
                                                                                                        "Startup Cost": 0.0,
                                                                                                        "Total Cost": 458922.47,
                                                                                                        "Plan Rows": 1028600,
                                                                                                        "Plan Width": 14,
                                                                                                        "Actual Startup Time": 0.024,
                                                                                                        "Actual Total Time": 1006.197,
                                                                                                        "Actual Rows": 814012,
                                                                                                        "Actual Loops": 3,
                                                                                                        "Filter": "((cs_wholesale_cost >= '35'::numeric) AND (cs_wholesale_cost <= '55'::numeric))",
                                                                                                        "Rows Removed by Filter": 3985152,
                                                                                                        "Workers": []
                                                                                                      },
                                                                                                      {
                                                                                                        "Node Type": "Hash",
                                                                                                        "Parent Relationship": "Inner",
                                                                                                        "Parallel Aware": true,
                                                                                                        "Async Capable": false,
                                                                                                        "Startup Cost": 51978.6,
                                                                                                        "Total Cost": 51978.6,
                                                                                                        "Plan Rows": 899260,
                                                                                                        "Plan Width": 26,
                                                                                                        "Actual Startup Time": 637.097,
                                                                                                        "Actual Total Time": 637.098,
                                                                                                        "Actual Rows": 719420,
                                                                                                        "Actual Loops": 3,
                                                                                                        "Hash Buckets": 65536,
                                                                                                        "Original Hash Buckets": 65536,
                                                                                                        "Hash Batches": 64,
                                                                                                        "Original Hash Batches": 64,
                                                                                                        "Peak Memory Usage": 2656,
                                                                                                        "Workers": [],
                                                                                                        "Plans": [
                                                                                                          {
                                                                                                            "Node Type": "Seq Scan",
                                                                                                            "Parent Relationship": "Outer",
                                                                                                            "Parallel Aware": true,
                                                                                                            "Async Capable": false,
                                                                                                            "Relation Name": "catalog_returns",
                                                                                                            "Alias": "catalog_returns",
                                                                                                            "Startup Cost": 0.0,
                                                                                                            "Total Cost": 51978.6,
                                                                                                            "Plan Rows": 899260,
                                                                                                            "Plan Width": 26,
                                                                                                            "Actual Startup Time": 0.064,
                                                                                                            "Actual Total Time": 491.461,
                                                                                                            "Actual Rows": 719420,
                                                                                                            "Actual Loops": 3,
                                                                                                            "Workers": []
                                                                                                          }
                                                                                                        ]
                                                                                                      }
                                                                                                    ]
                                                                                                  }
                                                                                                ]
                                                                                              }
                                                                                            ]
                                                                                          }
                                                                                        ]
                                                                                      }
                                                                                    ]
                                                                                  }
                                                                                ]
                                                                              },
                                                                              {
                                                                                "Node Type": "Index Scan",
                                                                                "Parent Relationship": "Inner",
                                                                                "Parallel Aware": false,
                                                                                "Async Capable": false,
                                                                                "Scan Direction": "Forward",
                                                                                "Index Name": "_dta_index_store_sales_6_1333579789__k10_k3",
                                                                                "Relation Name": "store_sales",
                                                                                "Alias": "store_sales",
                                                                                "Startup Cost": 0.44,
                                                                                "Total Cost": 3.26,
                                                                                "Plan Rows": 1,
                                                                                "Plan Width": 51,
                                                                                "Actual Startup Time": 0.03,
                                                                                "Actual Total Time": 0.03,
                                                                                "Actual Rows": 0,
                                                                                "Actual Loops": 30779,
                                                                                "Index Cond": "((ss_ticket_number = store_returns.sr_ticket_number) AND (ss_item_sk = store_returns.sr_item_sk))",
                                                                                "Rows Removed by Index Recheck": 0,
                                                                                "Filter": "((ss_wholesale_cost >= '35'::numeric) AND (ss_wholesale_cost <= '55'::numeric))",
                                                                                "Rows Removed by Filter": 1
                                                                              }
                                                                            ]
                                                                          },
                                                                          {
                                                                            "Node Type": "Index Scan",
                                                                            "Parent Relationship": "Inner",
                                                                            "Parallel Aware": false,
                                                                            "Async Capable": false,
                                                                            "Scan Direction": "Forward",
                                                                            "Index Name": "customer_demographics_pkey",
                                                                            "Relation Name": "customer_demographics",
                                                                            "Alias": "cd1",
                                                                            "Startup Cost": 0.43,
                                                                            "Total Cost": 2.6,
                                                                            "Plan Rows": 1,
                                                                            "Plan Width": 6,
                                                                            "Actual Startup Time": 0.008,
                                                                            "Actual Total Time": 0.008,
                                                                            "Actual Rows": 0,
                                                                            "Actual Loops": 7425,
                                                                            "Index Cond": "(cd_demo_sk = store_sales.ss_cdemo_sk)",
                                                                            "Rows Removed by Index Recheck": 0,
                                                                            "Filter": "((cd_marital_status = ANY ('{M,M,U}'::bpchar[])) AND (cd_education_status = ANY ('{Unknown,\"Advanced Degree\",College}'::bpchar[])))",
                                                                            "Rows Removed by Filter": 1
                                                                          }
                                                                        ]
                                                                      },
                                                                      {
                                                                        "Node Type": "Index Scan",
                                                                        "Parent Relationship": "Inner",
                                                                        "Parallel Aware": false,
                                                                        "Async Capable": false,
                                                                        "Scan Direction": "Forward",
                                                                        "Index Name": "household_demographics_pkey",
                                                                        "Relation Name": "household_demographics",
                                                                        "Alias": "hd1",
                                                                        "Startup Cost": 0.28,
                                                                        "Total Cost": 2.19,
                                                                        "Plan Rows": 1,
                                                                        "Plan Width": 8,
                                                                        "Actual Startup Time": 0.003,
                                                                        "Actual Total Time": 0.003,
                                                                        "Actual Rows": 1,
                                                                        "Actual Loops": 1902,
                                                                        "Index Cond": "(hd_demo_sk = store_sales.ss_hdemo_sk)",
                                                                        "Rows Removed by Index Recheck": 0
                                                                      }
                                                                    ]
                                                                  },
                                                                  {
                                                                    "Node Type": "Index Only Scan",
                                                                    "Parent Relationship": "Inner",
                                                                    "Parallel Aware": false,
                                                                    "Async Capable": false,
                                                                    "Scan Direction": "Forward",
                                                                    "Index Name": "income_band_pkey",
                                                                    "Relation Name": "income_band",
                                                                    "Alias": "ib1",
                                                                    "Startup Cost": 0.14,
                                                                    "Total Cost": 0.16,
                                                                    "Plan Rows": 1,
                                                                    "Plan Width": 4,
                                                                    "Actual Startup Time": 0.001,
                                                                    "Actual Total Time": 0.001,
                                                                    "Actual Rows": 1,
                                                                    "Actual Loops": 1889,
                                                                    "Index Cond": "(ib_income_band_sk = hd1.hd_income_band_sk)",
                                                                    "Rows Removed by Index Recheck": 0,
                                                                    "Heap Fetches": 1889
                                                                  }
                                                                ]
                                                              },
                                                              {
                                                                "Node Type": "Index Scan",
                                                                "Parent Relationship": "Inner",
                                                                "Parallel Aware": false,
                                                                "Async Capable": false,
                                                                "Scan Direction": "Forward",
                                                                "Index Name": "_dta_index_customer_6_949578421__k1_k5",
                                                                "Relation Name": "customer",
                                                                "Alias": "customer",
                                                                "Startup Cost": 0.42,
                                                                "Total Cost": 2.55,
                                                                "Plan Rows": 1,
                                                                "Plan Width": 24,
                                                                "Actual Startup Time": 0.006,
                                                                "Actual Total Time": 0.006,
                                                                "Actual Rows": 1,
                                                                "Actual Loops": 1889,
                                                                "Index Cond": "(c_customer_sk = store_sales.ss_customer_sk)",
                                                                "Rows Removed by Index Recheck": 0
                                                              }
                                                            ]
                                                          },
                                                          {
                                                            "Node Type": "Index Scan",
                                                            "Parent Relationship": "Inner",
                                                            "Parallel Aware": false,
                                                            "Async Capable": false,
                                                            "Scan Direction": "Forward",
                                                            "Index Name": "customer_address_pkey",
                                                            "Relation Name": "customer_address",
                                                            "Alias": "ad2",
                                                            "Startup Cost": 0.42,
                                                            "Total Cost": 2.56,
                                                            "Plan Rows": 1,
                                                            "Plan Width": 44,
                                                            "Actual Startup Time": 0.009,
                                                            "Actual Total Time": 0.009,
                                                            "Actual Rows": 0,
                                                            "Actual Loops": 1881,
                                                            "Index Cond": "(ca_address_sk = customer.c_current_addr_sk)",
                                                            "Rows Removed by Index Recheck": 0,
                                                            "Filter": "(ca_state = ANY ('{IA,IL,TX}'::bpchar[]))",
                                                            "Rows Removed by Filter": 1
                                                          }
                                                        ]
                                                      },
                                                      {
                                                        "Node Type": "Index Scan",
                                                        "Parent Relationship": "Inner",
                                                        "Parallel Aware": false,
                                                        "Async Capable": false,
                                                        "Scan Direction": "Forward",
                                                        "Index Name": "household_demographics_pkey",
                                                        "Relation Name": "household_demographics",
                                                        "Alias": "hd2",
                                                        "Startup Cost": 0.28,
                                                        "Total Cost": 2.19,
                                                        "Plan Rows": 1,
                                                        "Plan Width": 8,
                                                        "Actual Startup Time": 0.003,
                                                        "Actual Total Time": 0.003,
                                                        "Actual Rows": 1,
                                                        "Actual Loops": 94,
                                                        "Index Cond": "(hd_demo_sk = customer.c_current_hdemo_sk)",
                                                        "Rows Removed by Index Recheck": 0
                                                      }
                                                    ]
                                                  },
                                                  {
                                                    "Node Type": "Index Only Scan",
                                                    "Parent Relationship": "Inner",
                                                    "Parallel Aware": false,
                                                    "Async Capable": false,
                                                    "Scan Direction": "Forward",
                                                    "Index Name": "_dta_index_date_dim_6_661577395__k1_k7_k9",
                                                    "Relation Name": "date_dim",
                                                    "Alias": "d3",
                                                    "Startup Cost": 0.29,
                                                    "Total Cost": 1.36,
                                                    "Plan Rows": 1,
                                                    "Plan Width": 8,
                                                    "Actual Startup Time": 0.004,
                                                    "Actual Total Time": 0.004,
                                                    "Actual Rows": 1,
                                                    "Actual Loops": 93,
                                                    "Index Cond": "(d_date_sk = customer.c_first_shipto_date_sk)",
                                                    "Rows Removed by Index Recheck": 0,
                                                    "Heap Fetches": 0
                                                  }
                                                ]
                                              },
                                              {
                                                "Node Type": "Index Scan",
                                                "Parent Relationship": "Inner",
                                                "Parallel Aware": false,
                                                "Async Capable": false,
                                                "Scan Direction": "Forward",
                                                "Index Name": "customer_address_pkey",
                                                "Relation Name": "customer_address",
                                                "Alias": "ad1",
                                                "Startup Cost": 0.42,
                                                "Total Cost": 2.54,
                                                "Plan Rows": 1,
                                                "Plan Width": 44,
                                                "Actual Startup Time": 0.007,
                                                "Actual Total Time": 0.007,
                                                "Actual Rows": 1,
                                                "Actual Loops": 92,
                                                "Index Cond": "(ca_address_sk = store_sales.ss_addr_sk)",
                                                "Rows Removed by Index Recheck": 0
                                              }
                                            ]
                                          },
                                          {
                                            "Node Type": "Index Only Scan",
                                            "Parent Relationship": "Inner",
                                            "Parallel Aware": false,
                                            "Async Capable": false,
                                            "Scan Direction": "Forward",
                                            "Index Name": "income_band_pkey",
                                            "Relation Name": "income_band",
                                            "Alias": "ib2",
                                            "Startup Cost": 0.14,
                                            "Total Cost": 0.16,
                                            "Plan Rows": 1,
                                            "Plan Width": 4,
                                            "Actual Startup Time": 0.001,
                                            "Actual Total Time": 0.001,
                                            "Actual Rows": 1,
                                            "Actual Loops": 90,
                                            "Index Cond": "(ib_income_band_sk = hd2.hd_income_band_sk)",
                                            "Rows Removed by Index Recheck": 0,
                                            "Heap Fetches": 90
                                          }
                                        ]
                                      },
                                      {
                                        "Node Type": "Index Scan",
                                        "Parent Relationship": "Inner",
                                        "Parallel Aware": false,
                                        "Async Capable": false,
                                        "Scan Direction": "Forward",
                                        "Index Name": "_dta_index_store_6_885578193__k1_2_6",
                                        "Relation Name": "store",
                                        "Alias": "store",
                                        "Startup Cost": 0.14,
                                        "Total Cost": 0.96,
                                        "Plan Rows": 1,
                                        "Plan Width": 19,
                                        "Actual Startup Time": 0.003,
                                        "Actual Total Time": 0.003,
                                        "Actual Rows": 1,
                                        "Actual Loops": 90,
                                        "Index Cond": "(s_store_sk = store_sales.ss_store_sk)",
                                        "Rows Removed by Index Recheck": 0
                                      }
                                    ]
                                  },
                                  {
                                    "Node Type": "Index Only Scan",
                                    "Parent Relationship": "Inner",
                                    "Parallel Aware": false,
                                    "Async Capable": false,
                                    "Scan Direction": "Forward",
                                    "Index Name": "_dta_index_date_dim_6_661577395__k1_k7_k9",
                                    "Relation Name": "date_dim",
                                    "Alias": "d2",
                                    "Startup Cost": 0.29,
                                    "Total Cost": 1.36,
                                    "Plan Rows": 1,
                                    "Plan Width": 8,
                                    "Actual Startup Time": 0.001,
                                    "Actual Total Time": 0.001,
                                    "Actual Rows": 1,
                                    "Actual Loops": 90,
                                    "Index Cond": "(d_date_sk = customer.c_first_sales_date_sk)",
                                    "Rows Removed by Index Recheck": 0,
                                    "Heap Fetches": 0
                                  }
                                ]
                              },
                              {
                                "Node Type": "Index Scan",
                                "Parent Relationship": "Inner",
                                "Parallel Aware": false,
                                "Async Capable": false,
                                "Scan Direction": "Forward",
                                "Index Name": "customer_demographics_pkey",
                                "Relation Name": "customer_demographics",
                                "Alias": "cd2",
                                "Startup Cost": 0.43,
                                "Total Cost": 2.69,
                                "Plan Rows": 1,
                                "Plan Width": 6,
                                "Actual Startup Time": 0.013,
                                "Actual Total Time": 0.013,
                                "Actual Rows": 0,
                                "Actual Loops": 90,
                                "Index Cond": "(cd_demo_sk = customer.c_current_cdemo_sk)",
                                "Rows Removed by Index Recheck": 0,
                                "Filter": "((cd_marital_status = ANY ('{M,M,U}'::bpchar[])) AND (cd_education_status = ANY ('{Unknown,\"Advanced Degree\",College}'::bpchar[])))",
                                "Rows Removed by Filter": 1
                              }
                            ]
                          },
                          {
                            "Node Type": "Index Scan",
                            "Parent Relationship": "Inner",
                            "Parallel Aware": false,
                            "Async Capable": false,
                            "Scan Direction": "Forward",
                            "Index Name": "promotion_pkey",
                            "Relation Name": "promotion",
                            "Alias": "promotion",
                            "Startup Cost": 0.27,
                            "Total Cost": 2.22,
                            "Plan Rows": 1,
                            "Plan Width": 4,
                            "Actual Startup Time": 0.016,
                            "Actual Total Time": 0.016,
                            "Actual Rows": 0,
                            "Actual Loops": 19,
                            "Index Cond": "(p_promo_sk = store_sales.ss_promo_sk)",
                            "Rows Removed by Index Recheck": 0,
                            "Filter": "((p_channel_email = 'N'::bpchar) AND (p_channel_radio = 'N'::bpchar) AND (p_channel_tv = 'Y'::bpchar))",
                            "Rows Removed by Filter": 1
                          }
                        ]
                      },
                      {
                        "Node Type": "Index Only Scan",
                        "Parent Relationship": "Inner",
                        "Parallel Aware": false,
                        "Async Capable": false,
                        "Scan Direction": "Forward",
                        "Index Name": "_dta_index_date_dim_6_661577395__k1_k7_k9",
                        "Relation Name": "date_dim",
                        "Alias": "d1",
                        "Startup Cost": 0.29,
                        "Total Cost": 1.36,
                        "Plan Rows": 1,
                        "Plan Width": 8,
                        "Actual Startup Time": 0.0,
                        "Actual Total Time": 0.0,
                        "Actual Rows": 0,
                        "Actual Loops": 0,
                        "Index Cond": "(d_date_sk = store_sales.ss_sold_date_sk)",
                        "Rows Removed by Index Recheck": 0,
                        "Heap Fetches": 0
                      }
                    ]
                  }
                ]
              }
            ]
          },
          {
            "Node Type": "Nested Loop",
            "Parent Relationship": "Outer",
            "Parallel Aware": false,
            "Async Capable": false,
            "Join Type": "Inner",
            "Startup Cost": 0.0,
            "Total Cost": 0.07,
            "Plan Rows": 1,
            "Plan Width": 1310,
            "Actual Startup Time": 3290.348,
            "Actual Total Time": 3290.349,
            "Actual Rows": 0,
            "Actual Loops": 1,
            "Inner Unique": false,
            "Join Filter": "((cs2.cnt <= cs1.cnt) AND (cs1.item_sk = cs2.item_sk) AND ((cs1.store_name)::text = (cs2.store_name)::text) AND (cs1.store_zip = cs2.store_zip))",
            "Rows Removed by Join Filter": 0,
            "Plans": [
              {
                "Node Type": "CTE Scan",
                "Parent Relationship": "Outer",
                "Parallel Aware": false,
                "Async Capable": false,
                "CTE Name": "cross_sales",
                "Alias": "cs1",
                "Startup Cost": 0.0,
                "Total Cost": 0.02,
                "Plan Rows": 1,
                "Plan Width": 1206,
                "Actual Startup Time": 3290.347,
                "Actual Total Time": 3290.347,
                "Actual Rows": 0,
                "Actual Loops": 1,
                "Filter": "(syear = 1998)",
                "Rows Removed by Filter": 0
              },
              {
                "Node Type": "CTE Scan",
                "Parent Relationship": "Inner",
                "Parallel Aware": false,
                "Async Capable": false,
                "CTE Name": "cross_sales",
                "Alias": "cs2",
                "Startup Cost": 0.0,
                "Total Cost": 0.02,
                "Plan Rows": 1,
                "Plan Width": 274,
                "Actual Startup Time": 0.0,
                "Actual Total Time": 0.0,
                "Actual Rows": 0,
                "Actual Loops": 0,
                "Filter": "(syear = 1999)",
                "Rows Removed by Filter": 0
              }
            ]
          }
        ]
      },
      "Planning Time": 101.111,
      "Triggers": [],
      "Execution Time": 3318.464
    }
  ],
  "plan_text": "",
  "actual_rows": 0,
  "provenance": {
    "database": "postgres://jakc9:jakc9@127.0.0.1:5434/dsb_sf10",
    "scale_factor": 10,
    "engine": "postgresql",
    "engine_version": "14.3",
    "cached_at": "2026-02-09T21:05:40.572413"
  }
}