{
  "plan_json": [
    {
      "Plan": {
        "Node Type": "Aggregate",
        "Strategy": "Plain",
        "Partial Mode": "Simple",
        "Parallel Aware": false,
        "Async Capable": false,
        "Startup Cost": 541168.34,
        "Total Cost": 541168.35,
        "Plan Rows": 1,
        "Plan Width": 8,
        "Actual Startup Time": 1263.748,
        "Actual Total Time": 1263.856,
        "Actual Rows": 1,
        "Actual Loops": 1,
        "Plans": [
          {
            "Node Type": "Subquery Scan",
            "Parent Relationship": "Outer",
            "Parallel Aware": false,
            "Async Capable": false,
            "Alias": "cool_cust",
            "Startup Cost": 232941.44,
            "Total Cost": 541168.23,
            "Plan Rows": 44,
            "Plan Width": 0,
            "Actual Startup Time": 1263.745,
            "Actual Total Time": 1263.852,
            "Actual Rows": 0,
            "Actual Loops": 1,
            "Plans": [
              {
                "Node Type": "SetOp",
                "Strategy": "Hashed",
                "Parent Relationship": "Subquery",
                "Parallel Aware": false,
                "Async Capable": false,
                "Command": "Except",
                "Startup Cost": 232941.44,
                "Total Cost": 541167.79,
                "Plan Rows": 44,
                "Plan Width": 216,
                "Actual Startup Time": 1263.744,
                "Actual Total Time": 1263.851,
                "Actual Rows": 0,
                "Actual Loops": 1,
                "Plans": [
                  {
                    "Node Type": "Append",
                    "Parent Relationship": "Outer",
                    "Parallel Aware": false,
                    "Async Capable": false,
                    "Startup Cost": 232941.44,
                    "Total Cost": 541167.4,
                    "Plan Rows": 52,
                    "Plan Width": 216,
                    "Actual Startup Time": 1263.743,
                    "Actual Total Time": 1263.85,
                    "Actual Rows": 0,
                    "Actual Loops": 1,
                    "Subplans Removed": 0,
                    "Plans": [
                      {
                        "Node Type": "Result",
                        "Parent Relationship": "Member",
                        "Parallel Aware": false,
                        "Async Capable": false,
                        "Startup Cost": 232941.44,
                        "Total Cost": 434019.43,
                        "Plan Rows": 44,
                        "Plan Width": 216,
                        "Actual Startup Time": 1023.066,
                        "Actual Total Time": 1023.152,
                        "Actual Rows": 0,
                        "Actual Loops": 1,
                        "Plans": [
                          {
                            "Node Type": "SetOp",
                            "Strategy": "Hashed",
                            "Parent Relationship": "Outer",
                            "Parallel Aware": false,
                            "Async Capable": false,
                            "Command": "Except",
                            "Startup Cost": 232941.44,
                            "Total Cost": 434018.99,
                            "Plan Rows": 44,
                            "Plan Width": 216,
                            "Actual Startup Time": 1023.066,
                            "Actual Total Time": 1023.151,
                            "Actual Rows": 0,
                            "Actual Loops": 1,
                            "Plans": [
                              {
                                "Node Type": "Append",
                                "Parent Relationship": "Outer",
                                "Parallel Aware": false,
                                "Async Capable": false,
                                "Startup Cost": 232941.44,
                                "Total Cost": 434018.59,
                                "Plan Rows": 53,
                                "Plan Width": 216,
                                "Actual Startup Time": 1023.064,
                                "Actual Total Time": 1023.15,
                                "Actual Rows": 0,
                                "Actual Loops": 1,
                                "Subplans Removed": 0,
                                "Plans": [
                                  {
                                    "Node Type": "Subquery Scan",
                                    "Parent Relationship": "Member",
                                    "Parallel Aware": false,
                                    "Async Capable": false,
                                    "Alias": "*SELECT* 1",
                                    "Startup Cost": 232941.44,
                                    "Total Cost": 232947.22,
                                    "Plan Rows": 44,
                                    "Plan Width": 60,
                                    "Actual Startup Time": 652.577,
                                    "Actual Total Time": 652.637,
                                    "Actual Rows": 0,
                                    "Actual Loops": 1,
                                    "Plans": [
                                      {
                                        "Node Type": "Unique",
                                        "Parent Relationship": "Subquery",
                                        "Parallel Aware": false,
                                        "Async Capable": false,
                                        "Startup Cost": 232941.44,
                                        "Total Cost": 232946.78,
                                        "Plan Rows": 44,
                                        "Plan Width": 56,
                                        "Actual Startup Time": 652.576,
                                        "Actual Total Time": 652.636,
                                        "Actual Rows": 0,
                                        "Actual Loops": 1,
                                        "Plans": [
                                          {
                                            "Node Type": "Gather Merge",
                                            "Parent Relationship": "Outer",
                                            "Parallel Aware": false,
                                            "Async Capable": false,
                                            "Startup Cost": 232941.44,
                                            "Total Cost": 232946.45,
                                            "Plan Rows": 44,
                                            "Plan Width": 56,
                                            "Actual Startup Time": 652.575,
                                            "Actual Total Time": 652.634,
                                            "Actual Rows": 0,
                                            "Actual Loops": 1,
                                            "Workers Planned": 1,
                                            "Workers Launched": 1,
                                            "Plans": [
                                              {
                                                "Node Type": "Sort",
                                                "Parent Relationship": "Outer",
                                                "Parallel Aware": false,
                                                "Async Capable": false,
                                                "Startup Cost": 231941.43,
                                                "Total Cost": 231941.49,
                                                "Plan Rows": 26,
                                                "Plan Width": 56,
                                                "Actual Startup Time": 620.065,
                                                "Actual Total Time": 620.067,
                                                "Actual Rows": 0,
                                                "Actual Loops": 2,
                                                "Sort Key": [
                                                  "customer.c_last_name",
                                                  "customer.c_first_name",
                                                  "date_dim.d_date"
                                                ],
                                                "Sort Method": "quicksort",
                                                "Sort Space Used": 25,
                                                "Sort Space Type": "Memory",
                                                "Workers": [
                                                  {
                                                    "Worker Number": 0,
                                                    "Sort Method": "quicksort",
                                                    "Sort Space Used": 25,
                                                    "Sort Space Type": "Memory"
                                                  }
                                                ],
                                                "Plans": [
                                                  {
                                                    "Node Type": "Nested Loop",
                                                    "Parent Relationship": "Outer",
                                                    "Parallel Aware": false,
                                                    "Async Capable": false,
                                                    "Join Type": "Inner",
                                                    "Startup Cost": 0.98,
                                                    "Total Cost": 231940.82,
                                                    "Plan Rows": 26,
                                                    "Plan Width": 56,
                                                    "Actual Startup Time": 620.041,
                                                    "Actual Total Time": 620.043,
                                                    "Actual Rows": 0,
                                                    "Actual Loops": 2,
                                                    "Inner Unique": true,
                                                    "Workers": [],
                                                    "Plans": [
                                                      {
                                                        "Node Type": "Nested Loop",
                                                        "Parent Relationship": "Outer",
                                                        "Parallel Aware": false,
                                                        "Async Capable": false,
                                                        "Join Type": "Inner",
                                                        "Startup Cost": 0.56,
                                                        "Total Cost": 231616.78,
                                                        "Plan Rows": 298,
                                                        "Plan Width": 8,
                                                        "Actual Startup Time": 620.041,
                                                        "Actual Total Time": 620.042,
                                                        "Actual Rows": 0,
                                                        "Actual Loops": 2,
                                                        "Inner Unique": false,
                                                        "Workers": [],
                                                        "Plans": [
                                                          {
                                                            "Node Type": "Seq Scan",
                                                            "Parent Relationship": "Outer",
                                                            "Parallel Aware": true,
                                                            "Async Capable": false,
                                                            "Relation Name": "date_dim",
                                                            "Alias": "date_dim",
                                                            "Startup Cost": 0.0,
                                                            "Total Cost": 2049.55,
                                                            "Plan Rows": 222,
                                                            "Plan Width": 8,
                                                            "Actual Startup Time": 1.49,
                                                            "Actual Total Time": 3.059,
                                                            "Actual Rows": 182,
                                                            "Actual Loops": 2,
                                                            "Filter": "((d_month_seq >= 1214) AND (d_month_seq <= 1225))",
                                                            "Rows Removed by Filter": 36342,
                                                            "Workers": []
                                                          },
                                                          {
                                                            "Node Type": "Index Only Scan",
                                                            "Parent Relationship": "Inner",
                                                            "Parallel Aware": false,
                                                            "Async Capable": false,
                                                            "Scan Direction": "Forward",
                                                            "Index Name": "_dta_index_store_sales_6_1333579789__k1_k23_k14_k6_k8_k5_k7_3_4",
                                                            "Relation Name": "store_sales",
                                                            "Alias": "store_sales",
                                                            "Startup Cost": 0.56,
                                                            "Total Cost": 1033.61,
                                                            "Plan Rows": 48,
                                                            "Plan Width": 8,
                                                            "Actual Startup Time": 3.379,
                                                            "Actual Total Time": 3.379,
                                                            "Actual Rows": 0,
                                                            "Actual Loops": 365,
                                                            "Index Cond": "(ss_sold_date_sk = date_dim.d_date_sk)",
                                                            "Rows Removed by Index Recheck": 0,
                                                            "Filter": "((ss_list_price >= '242'::numeric) AND (ss_list_price <= '271'::numeric) AND (ss_wholesale_cost >= '35'::numeric) AND (ss_wholesale_cost <= '45'::numeric))",
                                                            "Rows Removed by Filter": 13787,
                                                            "Heap Fetches": 0,
                                                            "Workers": []
                                                          }
                                                        ]
                                                      },
                                                      {
                                                        "Node Type": "Index Scan",
                                                        "Parent Relationship": "Inner",
                                                        "Parallel Aware": false,
                                                        "Async Capable": false,
                                                        "Scan Direction": "Forward",
                                                        "Index Name": "_dta_index_customer_6_949578421__k1_k5",
                                                        "Relation Name": "customer",
                                                        "Alias": "customer",
                                                        "Startup Cost": 0.42,
                                                        "Total Cost": 1.09,
                                                        "Plan Rows": 1,
                                                        "Plan Width": 56,
                                                        "Actual Startup Time": 0.0,
                                                        "Actual Total Time": 0.0,
                                                        "Actual Rows": 0,
                                                        "Actual Loops": 0,
                                                        "Index Cond": "(c_customer_sk = store_sales.ss_customer_sk)",
                                                        "Rows Removed by Index Recheck": 0,
                                                        "Filter": "((c_birth_year >= 1955) AND (c_birth_year <= 1961))",
                                                        "Rows Removed by Filter": 0,
                                                        "Workers": []
                                                      }
                                                    ]
                                                  }
                                                ]
                                              }
                                            ]
                                          }
                                        ]
                                      }
                                    ]
                                  },
                                  {
                                    "Node Type": "Subquery Scan",
                                    "Parent Relationship": "Member",
                                    "Parallel Aware": false,
                                    "Async Capable": false,
                                    "Alias": "*SELECT* 2",
                                    "Startup Cost": 201070.92,
                                    "Total Cost": 201071.1,
                                    "Plan Rows": 9,
                                    "Plan Width": 60,
                                    "Actual Startup Time": 370.484,
                                    "Actual Total Time": 370.509,
                                    "Actual Rows": 0,
                                    "Actual Loops": 1,
                                    "Plans": [
                                      {
                                        "Node Type": "Unique",
                                        "Parent Relationship": "Subquery",
                                        "Parallel Aware": false,
                                        "Async Capable": false,
                                        "Startup Cost": 201070.92,
                                        "Total Cost": 201071.01,
                                        "Plan Rows": 9,
                                        "Plan Width": 56,
                                        "Actual Startup Time": 370.482,
                                        "Actual Total Time": 370.506,
                                        "Actual Rows": 0,
                                        "Actual Loops": 1,
                                        "Plans": [
                                          {
                                            "Node Type": "Sort",
                                            "Parent Relationship": "Outer",
                                            "Parallel Aware": false,
                                            "Async Capable": false,
                                            "Startup Cost": 201070.92,
                                            "Total Cost": 201070.95,
                                            "Plan Rows": 9,
                                            "Plan Width": 56,
                                            "Actual Startup Time": 370.481,
                                            "Actual Total Time": 370.504,
                                            "Actual Rows": 0,
                                            "Actual Loops": 1,
                                            "Sort Key": [
                                              "customer_1.c_last_name",
                                              "customer_1.c_first_name",
                                              "date_dim_1.d_date"
                                            ],
                                            "Sort Method": "quicksort",
                                            "Sort Space Used": 25,
                                            "Sort Space Type": "Memory",
                                            "Plans": [
                                              {
                                                "Node Type": "Gather",
                                                "Parent Relationship": "Outer",
                                                "Parallel Aware": false,
                                                "Async Capable": false,
                                                "Startup Cost": 1000.86,
                                                "Total Cost": 201070.78,
                                                "Plan Rows": 9,
                                                "Plan Width": 56,
                                                "Actual Startup Time": 370.466,
                                                "Actual Total Time": 370.488,
                                                "Actual Rows": 0,
                                                "Actual Loops": 1,
                                                "Workers Planned": 1,
                                                "Workers Launched": 1,
                                                "Single Copy": false,
                                                "Plans": [
                                                  {
                                                    "Node Type": "Nested Loop",
                                                    "Parent Relationship": "Outer",
                                                    "Parallel Aware": false,
                                                    "Async Capable": false,
                                                    "Join Type": "Inner",
                                                    "Startup Cost": 0.86,
                                                    "Total Cost": 200069.88,
                                                    "Plan Rows": 5,
                                                    "Plan Width": 56,
                                                    "Actual Startup Time": 333.225,
                                                    "Actual Total Time": 333.227,
                                                    "Actual Rows": 0,
                                                    "Actual Loops": 2,
                                                    "Inner Unique": true,
                                                    "Workers": [],
                                                    "Plans": [
                                                      {
                                                        "Node Type": "Nested Loop",
                                                        "Parent Relationship": "Outer",
                                                        "Parallel Aware": false,
                                                        "Async Capable": false,
                                                        "Join Type": "Inner",
                                                        "Startup Cost": 0.43,
                                                        "Total Cost": 199889.79,
                                                        "Plan Rows": 58,
                                                        "Plan Width": 8,
                                                        "Actual Startup Time": 333.225,
                                                        "Actual Total Time": 333.226,
                                                        "Actual Rows": 0,
                                                        "Actual Loops": 2,
                                                        "Inner Unique": false,
                                                        "Workers": [],
                                                        "Plans": [
                                                          {
                                                            "Node Type": "Seq Scan",
                                                            "Parent Relationship": "Outer",
                                                            "Parallel Aware": true,
                                                            "Async Capable": false,
                                                            "Relation Name": "date_dim",
                                                            "Alias": "date_dim_1",
                                                            "Startup Cost": 0.0,
                                                            "Total Cost": 2049.55,
                                                            "Plan Rows": 222,
                                                            "Plan Width": 8,
                                                            "Actual Startup Time": 1.546,
                                                            "Actual Total Time": 3.023,
                                                            "Actual Rows": 182,
                                                            "Actual Loops": 2,
                                                            "Filter": "((d_month_seq >= 1214) AND (d_month_seq <= 1225))",
                                                            "Rows Removed by Filter": 36342,
                                                            "Workers": []
                                                          },
                                                          {
                                                            "Node Type": "Index Scan",
                                                            "Parent Relationship": "Inner",
                                                            "Parallel Aware": false,
                                                            "Async Capable": false,
                                                            "Scan Direction": "Forward",
                                                            "Index Name": "_dta_index_catalog_sales_6_1301579675__k1_4",
                                                            "Relation Name": "catalog_sales",
                                                            "Alias": "catalog_sales",
                                                            "Startup Cost": 0.43,
                                                            "Total Cost": 891.08,
                                                            "Plan Rows": 9,
                                                            "Plan Width": 8,
                                                            "Actual Startup Time": 1.808,
                                                            "Actual Total Time": 1.808,
                                                            "Actual Rows": 0,
                                                            "Actual Loops": 365,
                                                            "Index Cond": "(cs_sold_date_sk = date_dim_1.d_date_sk)",
                                                            "Rows Removed by Index Recheck": 0,
                                                            "Filter": "((cs_list_price >= '242'::numeric) AND (cs_list_price <= '271'::numeric) AND (cs_wholesale_cost >= '35'::numeric) AND (cs_wholesale_cost <= '45'::numeric))",
                                                            "Rows Removed by Filter": 7203,
                                                            "Workers": []
                                                          }
                                                        ]
                                                      },
                                                      {
                                                        "Node Type": "Index Scan",
                                                        "Parent Relationship": "Inner",
                                                        "Parallel Aware": false,
                                                        "Async Capable": false,
                                                        "Scan Direction": "Forward",
                                                        "Index Name": "_dta_index_customer_6_949578421__k1_k5",
                                                        "Relation Name": "customer",
                                                        "Alias": "customer_1",
                                                        "Startup Cost": 0.42,
                                                        "Total Cost": 3.11,
                                                        "Plan Rows": 1,
                                                        "Plan Width": 56,
                                                        "Actual Startup Time": 0.0,
                                                        "Actual Total Time": 0.0,
                                                        "Actual Rows": 0,
                                                        "Actual Loops": 0,
                                                        "Index Cond": "(c_customer_sk = catalog_sales.cs_bill_customer_sk)",
                                                        "Rows Removed by Index Recheck": 0,
                                                        "Filter": "((c_birth_year >= 1955) AND (c_birth_year <= 1961))",
                                                        "Rows Removed by Filter": 0,
                                                        "Workers": []
                                                      }
                                                    ]
                                                  }
                                                ]
                                              }
                                            ]
                                          }
                                        ]
                                      }
                                    ]
                                  }
                                ]
                              }
                            ]
                          }
                        ]
                      },
                      {
                        "Node Type": "Subquery Scan",
                        "Parent Relationship": "Member",
                        "Parallel Aware": false,
                        "Async Capable": false,
                        "Alias": "*SELECT* 3",
                        "Startup Cost": 107147.55,
                        "Total Cost": 107147.71,
                        "Plan Rows": 8,
                        "Plan Width": 60,
                        "Actual Startup Time": 240.674,
                        "Actual Total Time": 240.694,
                        "Actual Rows": 0,
                        "Actual Loops": 1,
                        "Plans": [
                          {
                            "Node Type": "Unique",
                            "Parent Relationship": "Subquery",
                            "Parallel Aware": false,
                            "Async Capable": false,
                            "Startup Cost": 107147.55,
                            "Total Cost": 107147.63,
                            "Plan Rows": 8,
                            "Plan Width": 56,
                            "Actual Startup Time": 240.674,
                            "Actual Total Time": 240.693,
                            "Actual Rows": 0,
                            "Actual Loops": 1,
                            "Plans": [
                              {
                                "Node Type": "Sort",
                                "Parent Relationship": "Outer",
                                "Parallel Aware": false,
                                "Async Capable": false,
                                "Startup Cost": 107147.55,
                                "Total Cost": 107147.57,
                                "Plan Rows": 8,
                                "Plan Width": 56,
                                "Actual Startup Time": 240.672,
                                "Actual Total Time": 240.691,
                                "Actual Rows": 0,
                                "Actual Loops": 1,
                                "Sort Key": [
                                  "customer_2.c_last_name",
                                  "customer_2.c_first_name",
                                  "date_dim_2.d_date"
                                ],
                                "Sort Method": "quicksort",
                                "Sort Space Used": 25,
                                "Sort Space Type": "Memory",
                                "Plans": [
                                  {
                                    "Node Type": "Gather",
                                    "Parent Relationship": "Outer",
                                    "Parallel Aware": false,
                                    "Async Capable": false,
                                    "Startup Cost": 1000.86,
                                    "Total Cost": 107147.43,
                                    "Plan Rows": 8,
                                    "Plan Width": 56,
                                    "Actual Startup Time": 240.651,
                                    "Actual Total Time": 240.67,
                                    "Actual Rows": 0,
                                    "Actual Loops": 1,
                                    "Workers Planned": 1,
                                    "Workers Launched": 1,
                                    "Single Copy": false,
                                    "Plans": [
                                      {
                                        "Node Type": "Nested Loop",
                                        "Parent Relationship": "Outer",
                                        "Parallel Aware": false,
                                        "Async Capable": false,
                                        "Join Type": "Inner",
                                        "Startup Cost": 0.85,
                                        "Total Cost": 106146.63,
                                        "Plan Rows": 5,
                                        "Plan Width": 56,
                                        "Actual Startup Time": 226.21,
                                        "Actual Total Time": 226.211,
                                        "Actual Rows": 0,
                                        "Actual Loops": 2,
                                        "Inner Unique": true,
                                        "Workers": [],
                                        "Plans": [
                                          {
                                            "Node Type": "Nested Loop",
                                            "Parent Relationship": "Outer",
                                            "Parallel Aware": false,
                                            "Async Capable": false,
                                            "Join Type": "Inner",
                                            "Startup Cost": 0.43,
                                            "Total Cost": 105983.84,
                                            "Plan Rows": 49,
                                            "Plan Width": 8,
                                            "Actual Startup Time": 226.209,
                                            "Actual Total Time": 226.21,
                                            "Actual Rows": 0,
                                            "Actual Loops": 2,
                                            "Inner Unique": false,
                                            "Workers": [],
                                            "Plans": [
                                              {
                                                "Node Type": "Seq Scan",
                                                "Parent Relationship": "Outer",
                                                "Parallel Aware": true,
                                                "Async Capable": false,
                                                "Relation Name": "date_dim",
                                                "Alias": "date_dim_2",
                                                "Startup Cost": 0.0,
                                                "Total Cost": 2049.55,
                                                "Plan Rows": 222,
                                                "Plan Width": 8,
                                                "Actual Startup Time": 1.375,
                                                "Actual Total Time": 3.064,
                                                "Actual Rows": 182,
                                                "Actual Loops": 2,
                                                "Filter": "((d_month_seq >= 1214) AND (d_month_seq <= 1225))",
                                                "Rows Removed by Filter": 36342,
                                                "Workers": []
                                              },
                                              {
                                                "Node Type": "Index Scan",
                                                "Parent Relationship": "Inner",
                                                "Parallel Aware": false,
                                                "Async Capable": false,
                                                "Scan Direction": "Forward",
                                                "Index Name": "_dta_index_web_sales_6_1269579561__k1_8_24",
                                                "Relation Name": "web_sales",
                                                "Alias": "web_sales",
                                                "Startup Cost": 0.43,
                                                "Total Cost": 468.09,
                                                "Plan Rows": 8,
                                                "Plan Width": 8,
                                                "Actual Startup Time": 1.222,
                                                "Actual Total Time": 1.222,
                                                "Actual Rows": 0,
                                                "Actual Loops": 365,
                                                "Index Cond": "(ws_sold_date_sk = date_dim_2.d_date_sk)",
                                                "Rows Removed by Index Recheck": 0,
                                                "Filter": "((ws_list_price >= '242'::numeric) AND (ws_list_price <= '271'::numeric) AND (ws_wholesale_cost >= '35'::numeric) AND (ws_wholesale_cost <= '45'::numeric))",
                                                "Rows Removed by Filter": 3797,
                                                "Workers": []
                                              }
                                            ]
                                          },
                                          {
                                            "Node Type": "Index Scan",
                                            "Parent Relationship": "Inner",
                                            "Parallel Aware": false,
                                            "Async Capable": false,
                                            "Scan Direction": "Forward",
                                            "Index Name": "_dta_index_customer_6_949578421__k1_k5",
                                            "Relation Name": "customer",
                                            "Alias": "customer_2",
                                            "Startup Cost": 0.42,
                                            "Total Cost": 3.32,
                                            "Plan Rows": 1,
                                            "Plan Width": 56,
                                            "Actual Startup Time": 0.0,
                                            "Actual Total Time": 0.0,
                                            "Actual Rows": 0,
                                            "Actual Loops": 0,
                                            "Index Cond": "(c_customer_sk = web_sales.ws_bill_customer_sk)",
                                            "Rows Removed by Index Recheck": 0,
                                            "Filter": "((c_birth_year >= 1955) AND (c_birth_year <= 1961))",
                                            "Rows Removed by Filter": 0,
                                            "Workers": []
                                          }
                                        ]
                                      }
                                    ]
                                  }
                                ]
                              }
                            ]
                          }
                        ]
                      }
                    ]
                  }
                ]
              }
            ]
          }
        ]
      },
      "Planning Time": 2.516,
      "Triggers": [],
      "Execution Time": 1263.933
    }
  ],
  "plan_text": "",
  "actual_rows": 0,
  "provenance": {
    "database": "postgres://jakc9:jakc9@127.0.0.1:5434/dsb_sf10",
    "scale_factor": 10,
    "engine": "postgresql",
    "engine_version": "14.3",
    "cached_at": "2026-02-09T21:16:52.663452"
  }
}