{
  "plan_json": [
    {
      "Plan": {
        "Node Type": "Limit",
        "Parallel Aware": false,
        "Async Capable": false,
        "Startup Cost": 263615.45,
        "Total Cost": 263623.33,
        "Plan Rows": 50,
        "Plan Width": 117,
        "Actual Startup Time": 2820.085,
        "Actual Total Time": 2820.309,
        "Actual Rows": 11,
        "Actual Loops": 1,
        "Plans": [
          {
            "Node Type": "Aggregate",
            "Strategy": "Sorted",
            "Partial Mode": "Finalize",
            "Parent Relationship": "Outer",
            "Parallel Aware": false,
            "Async Capable": false,
            "Startup Cost": 263615.45,
            "Total Cost": 263623.33,
            "Plan Rows": 50,
            "Plan Width": 117,
            "Actual Startup Time": 2820.084,
            "Actual Total Time": 2820.307,
            "Actual Rows": 11,
            "Actual Loops": 1,
            "Group Key": [
              "(\"substring\"((warehouse.w_warehouse_name)::text, 1, 20))",
              "ship_mode.sm_type",
              "call_center.cc_name"
            ],
            "Plans": [
              {
                "Node Type": "Gather Merge",
                "Parent Relationship": "Outer",
                "Parallel Aware": false,
                "Async Capable": false,
                "Startup Cost": 263615.45,
                "Total Cost": 263621.87,
                "Plan Rows": 42,
                "Plan Width": 117,
                "Actual Startup Time": 2820.069,
                "Actual Total Time": 2820.297,
                "Actual Rows": 25,
                "Actual Loops": 1,
                "Workers Planned": 2,
                "Workers Launched": 2,
                "Plans": [
                  {
                    "Node Type": "Aggregate",
                    "Strategy": "Sorted",
                    "Partial Mode": "Partial",
                    "Parent Relationship": "Outer",
                    "Parallel Aware": false,
                    "Async Capable": false,
                    "Startup Cost": 262615.42,
                    "Total Cost": 262617.0,
                    "Plan Rows": 21,
                    "Plan Width": 117,
                    "Actual Startup Time": 2736.416,
                    "Actual Total Time": 2736.589,
                    "Actual Rows": 8,
                    "Actual Loops": 3,
                    "Group Key": [
                      "(\"substring\"((warehouse.w_warehouse_name)::text, 1, 20))",
                      "ship_mode.sm_type",
                      "call_center.cc_name"
                    ],
                    "Workers": [],
                    "Plans": [
                      {
                        "Node Type": "Sort",
                        "Parent Relationship": "Outer",
                        "Parallel Aware": false,
                        "Async Capable": false,
                        "Startup Cost": 262615.42,
                        "Total Cost": 262615.48,
                        "Plan Rows": 21,
                        "Plan Width": 85,
                        "Actual Startup Time": 2736.393,
                        "Actual Total Time": 2736.422,
                        "Actual Rows": 826,
                        "Actual Loops": 3,
                        "Sort Key": [
                          "(\"substring\"((warehouse.w_warehouse_name)::text, 1, 20))",
                          "call_center.cc_name"
                        ],
                        "Sort Method": "quicksort",
                        "Sort Space Used": 139,
                        "Sort Space Type": "Memory",
                        "Workers": [
                          {
                            "Worker Number": 0,
                            "Sort Method": "quicksort",
                            "Sort Space Used": 136,
                            "Sort Space Type": "Memory"
                          },
                          {
                            "Worker Number": 1,
                            "Sort Method": "quicksort",
                            "Sort Space Used": 146,
                            "Sort Space Type": "Memory"
                          }
                        ],
                        "Plans": [
                          {
                            "Node Type": "Nested Loop",
                            "Parent Relationship": "Outer",
                            "Parallel Aware": false,
                            "Async Capable": false,
                            "Join Type": "Inner",
                            "Startup Cost": 3.56,
                            "Total Cost": 262614.96,
                            "Plan Rows": 21,
                            "Plan Width": 85,
                            "Actual Startup Time": 11.534,
                            "Actual Total Time": 2734.356,
                            "Actual Rows": 826,
                            "Actual Loops": 3,
                            "Inner Unique": true,
                            "Workers": [],
                            "Plans": [
                              {
                                "Node Type": "Hash Join",
                                "Parent Relationship": "Outer",
                                "Parallel Aware": false,
                                "Async Capable": false,
                                "Join Type": "Inner",
                                "Startup Cost": 3.42,
                                "Total Cost": 262612.72,
                                "Plan Rows": 39,
                                "Plan Width": 60,
                                "Actual Startup Time": 5.878,
                                "Actual Total Time": 2728.61,
                                "Actual Rows": 1287,
                                "Actual Loops": 3,
                                "Inner Unique": true,
                                "Hash Cond": "(catalog_sales.cs_warehouse_sk = warehouse.w_warehouse_sk)",
                                "Workers": [],
                                "Plans": [
                                  {
                                    "Node Type": "Hash Join",
                                    "Parent Relationship": "Outer",
                                    "Parallel Aware": false,
                                    "Async Capable": false,
                                    "Join Type": "Inner",
                                    "Startup Cost": 2.27,
                                    "Total Cost": 262610.85,
                                    "Plan Rows": 195,
                                    "Plan Width": 47,
                                    "Actual Startup Time": 1.861,
                                    "Actual Total Time": 2725.061,
                                    "Actual Rows": 4948,
                                    "Actual Loops": 3,
                                    "Inner Unique": true,
                                    "Hash Cond": "(catalog_sales.cs_ship_mode_sk = ship_mode.sm_ship_mode_sk)",
                                    "Workers": [],
                                    "Plans": [
                                      {
                                        "Node Type": "Nested Loop",
                                        "Parent Relationship": "Outer",
                                        "Parallel Aware": false,
                                        "Async Capable": false,
                                        "Join Type": "Inner",
                                        "Startup Cost": 0.98,
                                        "Total Cost": 262605.4,
                                        "Plan Rows": 1310,
                                        "Plan Width": 20,
                                        "Actual Startup Time": 1.314,
                                        "Actual Total Time": 2715.722,
                                        "Actual Rows": 25870,
                                        "Actual Loops": 3,
                                        "Inner Unique": false,
                                        "Workers": [],
                                        "Plans": [
                                          {
                                            "Node Type": "Index Only Scan",
                                            "Parent Relationship": "Outer",
                                            "Parallel Aware": true,
                                            "Async Capable": false,
                                            "Scan Direction": "Forward",
                                            "Index Name": "_dta_index_date_dim_6_661577395__k7_k4_k9_k1",
                                            "Relation Name": "date_dim",
                                            "Alias": "date_dim",
                                            "Startup Cost": 0.42,
                                            "Total Cost": 1870.06,
                                            "Plan Rows": 315,
                                            "Plan Width": 4,
                                            "Actual Startup Time": 0.275,
                                            "Actual Total Time": 1.139,
                                            "Actual Rows": 244,
                                            "Actual Loops": 3,
                                            "Index Cond": "((d_month_seq >= 1191) AND (d_month_seq <= 1214))",
                                            "Rows Removed by Index Recheck": 0,
                                            "Heap Fetches": 0,
                                            "Workers": []
                                          },
                                          {
                                            "Node Type": "Index Scan",
                                            "Parent Relationship": "Inner",
                                            "Parallel Aware": false,
                                            "Async Capable": false,
                                            "Scan Direction": "Forward",
                                            "Index Name": "_dta_index_catalog_sales_6_1301579675__k3_1_12_14_15",
                                            "Relation Name": "catalog_sales",
                                            "Alias": "catalog_sales",
                                            "Startup Cost": 0.56,
                                            "Total Cost": 826.36,
                                            "Plan Rows": 137,
                                            "Plan Width": 20,
                                            "Actual Startup Time": 0.118,
                                            "Actual Total Time": 11.116,
                                            "Actual Rows": 106,
                                            "Actual Loops": 731,
                                            "Index Cond": "(cs_ship_date_sk = date_dim.d_date_sk)",
                                            "Rows Removed by Index Recheck": 0,
                                            "Filter": "((cs_list_price >= '244'::numeric) AND (cs_list_price <= '273'::numeric))",
                                            "Rows Removed by Filter": 5585,
                                            "Workers": []
                                          }
                                        ]
                                      },
                                      {
                                        "Node Type": "Hash",
                                        "Parent Relationship": "Inner",
                                        "Parallel Aware": false,
                                        "Async Capable": false,
                                        "Startup Cost": 1.25,
                                        "Total Cost": 1.25,
                                        "Plan Rows": 3,
                                        "Plan Width": 35,
                                        "Actual Startup Time": 0.011,
                                        "Actual Total Time": 0.012,
                                        "Actual Rows": 3,
                                        "Actual Loops": 3,
                                        "Hash Buckets": 1024,
                                        "Original Hash Buckets": 1024,
                                        "Hash Batches": 1,
                                        "Original Hash Batches": 1,
                                        "Peak Memory Usage": 9,
                                        "Workers": [],
                                        "Plans": [
                                          {
                                            "Node Type": "Seq Scan",
                                            "Parent Relationship": "Outer",
                                            "Parallel Aware": false,
                                            "Async Capable": false,
                                            "Relation Name": "ship_mode",
                                            "Alias": "ship_mode",
                                            "Startup Cost": 0.0,
                                            "Total Cost": 1.25,
                                            "Plan Rows": 3,
                                            "Plan Width": 35,
                                            "Actual Startup Time": 0.007,
                                            "Actual Total Time": 0.009,
                                            "Actual Rows": 3,
                                            "Actual Loops": 3,
                                            "Filter": "(sm_type = 'LIBRARY'::bpchar)",
                                            "Rows Removed by Filter": 17,
                                            "Workers": []
                                          }
                                        ]
                                      }
                                    ]
                                  },
                                  {
                                    "Node Type": "Hash",
                                    "Parent Relationship": "Inner",
                                    "Parallel Aware": false,
                                    "Async Capable": false,
                                    "Startup Cost": 1.12,
                                    "Total Cost": 1.12,
                                    "Plan Rows": 2,
                                    "Plan Width": 21,
                                    "Actual Startup Time": 0.015,
                                    "Actual Total Time": 0.015,
                                    "Actual Rows": 2,
                                    "Actual Loops": 3,
                                    "Hash Buckets": 1024,
                                    "Original Hash Buckets": 1024,
                                    "Hash Batches": 1,
                                    "Original Hash Batches": 1,
                                    "Peak Memory Usage": 9,
                                    "Workers": [],
                                    "Plans": [
                                      {
                                        "Node Type": "Seq Scan",
                                        "Parent Relationship": "Outer",
                                        "Parallel Aware": false,
                                        "Async Capable": false,
                                        "Relation Name": "warehouse",
                                        "Alias": "warehouse",
                                        "Startup Cost": 0.0,
                                        "Total Cost": 1.12,
                                        "Plan Rows": 2,
                                        "Plan Width": 21,
                                        "Actual Startup Time": 0.009,
                                        "Actual Total Time": 0.011,
                                        "Actual Rows": 2,
                                        "Actual Loops": 3,
                                        "Filter": "(w_gmt_offset = '-5'::numeric)",
                                        "Rows Removed by Filter": 8,
                                        "Workers": []
                                      }
                                    ]
                                  }
                                ]
                              },
                              {
                                "Node Type": "Memoize",
                                "Parent Relationship": "Inner",
                                "Parallel Aware": false,
                                "Async Capable": false,
                                "Startup Cost": 0.15,
                                "Total Cost": 0.17,
                                "Plan Rows": 1,
                                "Plan Width": 18,
                                "Actual Startup Time": 0.002,
                                "Actual Total Time": 0.002,
                                "Actual Rows": 1,
                                "Actual Loops": 3861,
                                "Cache Key": "catalog_sales.cs_call_center_sk",
                                "Cache Mode": "logical",
                                "Cache Hits": 1297,
                                "Cache Misses": 15,
                                "Cache Evictions": 0,
                                "Cache Overflows": 0,
                                "Peak Memory Usage": 2,
                                "Workers": [
                                  {
                                    "Worker Number": 0,
                                    "Cache Hits": 1241,
                                    "Cache Misses": 13,
                                    "Cache Evictions": 0,
                                    "Cache Overflows": 0,
                                    "Peak Memory Usage": 2
                                  },
                                  {
                                    "Worker Number": 1,
                                    "Cache Hits": 1284,
                                    "Cache Misses": 11,
                                    "Cache Evictions": 0,
                                    "Cache Overflows": 0,
                                    "Peak Memory Usage": 2
                                  }
                                ],
                                "Plans": [
                                  {
                                    "Node Type": "Index Scan",
                                    "Parent Relationship": "Outer",
                                    "Parallel Aware": false,
                                    "Async Capable": false,
                                    "Scan Direction": "Forward",
                                    "Index Name": "call_center_pkey",
                                    "Relation Name": "call_center",
                                    "Alias": "call_center",
                                    "Startup Cost": 0.14,
                                    "Total Cost": 0.16,
                                    "Plan Rows": 1,
                                    "Plan Width": 18,
                                    "Actual Startup Time": 0.008,
                                    "Actual Total Time": 0.008,
                                    "Actual Rows": 1,
                                    "Actual Loops": 39,
                                    "Index Cond": "(cc_call_center_sk = catalog_sales.cs_call_center_sk)",
                                    "Rows Removed by Index Recheck": 0,
                                    "Filter": "((cc_class)::text = 'medium'::text)",
                                    "Rows Removed by Filter": 0,
                                    "Workers": []
                                  }
                                ]
                              }
                            ]
                          }
                        ]
                      }
                    ]
                  }
                ]
              }
            ]
          }
        ]
      },
      "Planning Time": 1.162,
      "Triggers": [],
      "Execution Time": 2820.393
    }
  ],
  "plan_text": "",
  "actual_rows": 0,
  "provenance": {
    "database": "postgres://jakc9:jakc9@127.0.0.1:5434/dsb_sf10",
    "scale_factor": 10,
    "engine": "postgresql",
    "engine_version": "14.3",
    "cached_at": "2026-02-09T21:26:58.091404"
  }
}