{
  "plan_json": [
    {
      "Plan": {
        "Node Type": "Limit",
        "Parallel Aware": false,
        "Async Capable": false,
        "Startup Cost": 18423.16,
        "Total Cost": 18425.37,
        "Plan Rows": 1,
        "Plan Width": 237,
        "Actual Startup Time": 1203.542,
        "Actual Total Time": 1203.611,
        "Actual Rows": 0,
        "Actual Loops": 1,
        "Plans": [
          {
            "Node Type": "Aggregate",
            "Strategy": "Sorted",
            "Partial Mode": "Simple",
            "Parent Relationship": "Outer",
            "Parallel Aware": false,
            "Async Capable": false,
            "Startup Cost": 18423.16,
            "Total Cost": 18425.37,
            "Plan Rows": 1,
            "Plan Width": 237,
            "Actual Startup Time": 1203.541,
            "Actual Total Time": 1203.609,
            "Actual Rows": 0,
            "Actual Loops": 1,
            "Group Key": [
              "item.i_item_id",
              "item.i_item_desc",
              "store.s_store_id",
              "store.s_store_name"
            ],
            "Plans": [
              {
                "Node Type": "Nested Loop",
                "Parent Relationship": "Outer",
                "Parallel Aware": false,
                "Async Capable": false,
                "Join Type": "Inner",
                "Startup Cost": 18423.16,
                "Total Cost": 18425.34,
                "Plan Rows": 1,
                "Plan Width": 159,
                "Actual Startup Time": 1203.539,
                "Actual Total Time": 1203.608,
                "Actual Rows": 0,
                "Actual Loops": 1,
                "Inner Unique": true,
                "Plans": [
                  {
                    "Node Type": "Gather Merge",
                    "Parent Relationship": "Outer",
                    "Parallel Aware": false,
                    "Async Capable": false,
                    "Startup Cost": 18422.87,
                    "Total Cost": 18422.99,
                    "Plan Rows": 1,
                    "Plan Width": 163,
                    "Actual Startup Time": 1203.5,
                    "Actual Total Time": 1203.573,
                    "Actual Rows": 16,
                    "Actual Loops": 1,
                    "Workers Planned": 2,
                    "Workers Launched": 2,
                    "Plans": [
                      {
                        "Node Type": "Sort",
                        "Parent Relationship": "Outer",
                        "Parallel Aware": false,
                        "Async Capable": false,
                        "Startup Cost": 17422.85,
                        "Total Cost": 17422.85,
                        "Plan Rows": 1,
                        "Plan Width": 163,
                        "Actual Startup Time": 675.501,
                        "Actual Total Time": 675.506,
                        "Actual Rows": 5,
                        "Actual Loops": 3,
                        "Sort Key": [
                          "item.i_item_id",
                          "item.i_item_desc",
                          "store.s_store_id",
                          "store.s_store_name"
                        ],
                        "Sort Method": "quicksort",
                        "Sort Space Used": 27,
                        "Sort Space Type": "Memory",
                        "Workers": [
                          {
                            "Worker Number": 0,
                            "Sort Method": "quicksort",
                            "Sort Space Used": 27,
                            "Sort Space Type": "Memory"
                          },
                          {
                            "Worker Number": 1,
                            "Sort Method": "quicksort",
                            "Sort Space Used": 25,
                            "Sort Space Type": "Memory"
                          }
                        ],
                        "Plans": [
                          {
                            "Node Type": "Nested Loop",
                            "Parent Relationship": "Outer",
                            "Parallel Aware": false,
                            "Async Capable": false,
                            "Join Type": "Inner",
                            "Startup Cost": 9.92,
                            "Total Cost": 17422.84,
                            "Plan Rows": 1,
                            "Plan Width": 163,
                            "Actual Startup Time": 50.9,
                            "Actual Total Time": 675.366,
                            "Actual Rows": 5,
                            "Actual Loops": 3,
                            "Inner Unique": true,
                            "Workers": [],
                            "Plans": [
                              {
                                "Node Type": "Nested Loop",
                                "Parent Relationship": "Outer",
                                "Parallel Aware": false,
                                "Async Capable": false,
                                "Join Type": "Inner",
                                "Startup Cost": 9.5,
                                "Total Cost": 17420.47,
                                "Plan Rows": 1,
                                "Plan Width": 55,
                                "Actual Startup Time": 50.803,
                                "Actual Total Time": 675.115,
                                "Actual Rows": 5,
                                "Actual Loops": 3,
                                "Inner Unique": true,
                                "Workers": [],
                                "Plans": [
                                  {
                                    "Node Type": "Nested Loop",
                                    "Parent Relationship": "Outer",
                                    "Parallel Aware": false,
                                    "Async Capable": false,
                                    "Join Type": "Inner",
                                    "Startup Cost": 9.36,
                                    "Total Cost": 17418.68,
                                    "Plan Rows": 1,
                                    "Plan Width": 38,
                                    "Actual Startup Time": 50.762,
                                    "Actual Total Time": 675.038,
                                    "Actual Rows": 5,
                                    "Actual Loops": 3,
                                    "Inner Unique": true,
                                    "Workers": [],
                                    "Plans": [
                                      {
                                        "Node Type": "Hash Join",
                                        "Parent Relationship": "Outer",
                                        "Parallel Aware": false,
                                        "Async Capable": false,
                                        "Join Type": "Inner",
                                        "Startup Cost": 8.92,
                                        "Total Cost": 17414.01,
                                        "Plan Rows": 1,
                                        "Plan Width": 32,
                                        "Actual Startup Time": 50.637,
                                        "Actual Total Time": 674.589,
                                        "Actual Rows": 5,
                                        "Actual Loops": 3,
                                        "Inner Unique": true,
                                        "Hash Cond": "(catalog_sales.cs_sold_date_sk = d3.d_date_sk)",
                                        "Workers": [],
                                        "Plans": [
                                          {
                                            "Node Type": "Nested Loop",
                                            "Parent Relationship": "Outer",
                                            "Parallel Aware": false,
                                            "Async Capable": false,
                                            "Join Type": "Inner",
                                            "Startup Cost": 1.29,
                                            "Total Cost": 17406.34,
                                            "Plan Rows": 13,
                                            "Plan Width": 36,
                                            "Actual Startup Time": 20.097,
                                            "Actual Total Time": 674.093,
                                            "Actual Rows": 113,
                                            "Actual Loops": 3,
                                            "Inner Unique": false,
                                            "Workers": [],
                                            "Plans": [
                                              {
                                                "Node Type": "Nested Loop",
                                                "Parent Relationship": "Outer",
                                                "Parallel Aware": false,
                                                "Async Capable": false,
                                                "Join Type": "Inner",
                                                "Startup Cost": 0.72,
                                                "Total Cost": 7704.8,
                                                "Plan Rows": 3649,
                                                "Plan Width": 18,
                                                "Actual Startup Time": 0.682,
                                                "Actual Total Time": 40.915,
                                                "Actual Rows": 109862,
                                                "Actual Loops": 3,
                                                "Inner Unique": false,
                                                "Workers": [],
                                                "Plans": [
                                                  {
                                                    "Node Type": "Index Only Scan",
                                                    "Parent Relationship": "Outer",
                                                    "Parallel Aware": true,
                                                    "Async Capable": false,
                                                    "Scan Direction": "Forward",
                                                    "Index Name": "_dta_index_date_dim_6_661577395__k1_k7_k9",
                                                    "Relation Name": "date_dim",
                                                    "Alias": "d2",
                                                    "Startup Cost": 0.29,
                                                    "Total Cost": 2041.79,
                                                    "Plan Rows": 38,
                                                    "Plan Width": 4,
                                                    "Actual Startup Time": 0.544,
                                                    "Actual Total Time": 0.594,
                                                    "Actual Rows": 31,
                                                    "Actual Loops": 3,
                                                    "Index Cond": "((d_year = 1999) AND (d_moy >= 3) AND (d_moy <= 5))",
                                                    "Rows Removed by Index Recheck": 0,
                                                    "Heap Fetches": 0,
                                                    "Workers": []
                                                  },
                                                  {
                                                    "Node Type": "Index Only Scan",
                                                    "Parent Relationship": "Inner",
                                                    "Parallel Aware": false,
                                                    "Async Capable": false,
                                                    "Scan Direction": "Forward",
                                                    "Index Name": "_dta_index_store_returns_6_1013578649__k1_3_4_10_20",
                                                    "Relation Name": "store_returns",
                                                    "Alias": "store_returns",
                                                    "Startup Cost": 0.43,
                                                    "Total Cost": 117.81,
                                                    "Plan Rows": 3122,
                                                    "Plan Width": 22,
                                                    "Actual Startup Time": 0.014,
                                                    "Actual Total Time": 0.97,
                                                    "Actual Rows": 3582,
                                                    "Actual Loops": 92,
                                                    "Index Cond": "(sr_returned_date_sk = d2.d_date_sk)",
                                                    "Rows Removed by Index Recheck": 0,
                                                    "Heap Fetches": 0,
                                                    "Workers": []
                                                  }
                                                ]
                                              },
                                              {
                                                "Node Type": "Index Only Scan",
                                                "Parent Relationship": "Inner",
                                                "Parallel Aware": false,
                                                "Async Capable": false,
                                                "Scan Direction": "Forward",
                                                "Index Name": "_dta_index_catalog_sales_6_1301579675__k16_k4_k1_34",
                                                "Relation Name": "catalog_sales",
                                                "Alias": "catalog_sales",
                                                "Startup Cost": 0.56,
                                                "Total Cost": 2.65,
                                                "Plan Rows": 1,
                                                "Plan Width": 18,
                                                "Actual Startup Time": 0.006,
                                                "Actual Total Time": 0.006,
                                                "Actual Rows": 0,
                                                "Actual Loops": 329585,
                                                "Index Cond": "((cs_item_sk = store_returns.sr_item_sk) AND (cs_bill_customer_sk = store_returns.sr_customer_sk))",
                                                "Rows Removed by Index Recheck": 0,
                                                "Heap Fetches": 0,
                                                "Workers": []
                                              }
                                            ]
                                          },
                                          {
                                            "Node Type": "Hash",
                                            "Parent Relationship": "Inner",
                                            "Parallel Aware": false,
                                            "Async Capable": false,
                                            "Startup Cost": 6.49,
                                            "Total Cost": 6.49,
                                            "Plan Rows": 92,
                                            "Plan Width": 4,
                                            "Actual Startup Time": 0.105,
                                            "Actual Total Time": 0.106,
                                            "Actual Rows": 92,
                                            "Actual Loops": 2,
                                            "Hash Buckets": 1024,
                                            "Original Hash Buckets": 1024,
                                            "Hash Batches": 1,
                                            "Original Hash Batches": 1,
                                            "Peak Memory Usage": 12,
                                            "Workers": [],
                                            "Plans": [
                                              {
                                                "Node Type": "Index Only Scan",
                                                "Parent Relationship": "Outer",
                                                "Parallel Aware": false,
                                                "Async Capable": false,
                                                "Scan Direction": "Forward",
                                                "Index Name": "_dta_index_date_dim_6_661577395__k7_k9_k1",
                                                "Relation Name": "date_dim",
                                                "Alias": "d3",
                                                "Startup Cost": 0.42,
                                                "Total Cost": 6.49,
                                                "Plan Rows": 92,
                                                "Plan Width": 4,
                                                "Actual Startup Time": 0.061,
                                                "Actual Total Time": 0.073,
                                                "Actual Rows": 92,
                                                "Actual Loops": 2,
                                                "Index Cond": "((d_year = 1999) AND (d_moy >= 3) AND (d_moy <= 5))",
                                                "Rows Removed by Index Recheck": 0,
                                                "Heap Fetches": 0,
                                                "Workers": []
                                              }
                                            ]
                                          }
                                        ]
                                      },
                                      {
                                        "Node Type": "Index Scan",
                                        "Parent Relationship": "Inner",
                                        "Parallel Aware": false,
                                        "Async Capable": false,
                                        "Scan Direction": "Forward",
                                        "Index Name": "_dta_index_store_sales_6_1333579789__k10_k3",
                                        "Relation Name": "store_sales",
                                        "Alias": "store_sales",
                                        "Startup Cost": 0.44,
                                        "Total Cost": 4.66,
                                        "Plan Rows": 1,
                                        "Plan Width": 26,
                                        "Actual Startup Time": 0.081,
                                        "Actual Total Time": 0.081,
                                        "Actual Rows": 1,
                                        "Actual Loops": 16,
                                        "Index Cond": "((ss_ticket_number = store_returns.sr_ticket_number) AND (ss_item_sk = store_returns.sr_item_sk))",
                                        "Rows Removed by Index Recheck": 0,
                                        "Filter": "(store_returns.sr_customer_sk = ss_customer_sk)",
                                        "Rows Removed by Filter": 0,
                                        "Workers": []
                                      }
                                    ]
                                  },
                                  {
                                    "Node Type": "Index Only Scan",
                                    "Parent Relationship": "Inner",
                                    "Parallel Aware": false,
                                    "Async Capable": false,
                                    "Scan Direction": "Forward",
                                    "Index Name": "_dta_index_store_6_885578193__k1_2_6",
                                    "Relation Name": "store",
                                    "Alias": "store",
                                    "Startup Cost": 0.14,
                                    "Total Cost": 1.76,
                                    "Plan Rows": 1,
                                    "Plan Width": 25,
                                    "Actual Startup Time": 0.012,
                                    "Actual Total Time": 0.012,
                                    "Actual Rows": 1,
                                    "Actual Loops": 16,
                                    "Index Cond": "(s_store_sk = store_sales.ss_store_sk)",
                                    "Rows Removed by Index Recheck": 0,
                                    "Heap Fetches": 16,
                                    "Workers": []
                                  }
                                ]
                              },
                              {
                                "Node Type": "Index Only Scan",
                                "Parent Relationship": "Inner",
                                "Parallel Aware": false,
                                "Async Capable": false,
                                "Scan Direction": "Forward",
                                "Index Name": "_dta_index_item_6_853578079__k1_2_5",
                                "Relation Name": "item",
                                "Alias": "item",
                                "Startup Cost": 0.42,
                                "Total Cost": 2.36,
                                "Plan Rows": 1,
                                "Plan Width": 124,
                                "Actual Startup Time": 0.045,
                                "Actual Total Time": 0.045,
                                "Actual Rows": 1,
                                "Actual Loops": 16,
                                "Index Cond": "(i_item_sk = store_sales.ss_item_sk)",
                                "Rows Removed by Index Recheck": 0,
                                "Heap Fetches": 0,
                                "Workers": []
                              }
                            ]
                          }
                        ]
                      }
                    ]
                  },
                  {
                    "Node Type": "Index Only Scan",
                    "Parent Relationship": "Inner",
                    "Parallel Aware": false,
                    "Async Capable": false,
                    "Scan Direction": "Forward",
                    "Index Name": "_dta_index_date_dim_6_661577395__k1_k7_k9",
                    "Relation Name": "date_dim",
                    "Alias": "d1",
                    "Startup Cost": 0.29,
                    "Total Cost": 2.23,
                    "Plan Rows": 1,
                    "Plan Width": 4,
                    "Actual Startup Time": 0.002,
                    "Actual Total Time": 0.002,
                    "Actual Rows": 0,
                    "Actual Loops": 16,
                    "Index Cond": "((d_date_sk = store_sales.ss_sold_date_sk) AND (d_year = 1999) AND (d_moy = 3))",
                    "Rows Removed by Index Recheck": 0,
                    "Heap Fetches": 0
                  }
                ]
              }
            ]
          }
        ]
      },
      "Planning Time": 59.537,
      "Triggers": [],
      "Execution Time": 1204.215
    }
  ],
  "plan_text": "",
  "actual_rows": 0,
  "provenance": {
    "database": "postgres://jakc9:jakc9@127.0.0.1:5434/dsb_sf10",
    "scale_factor": 10,
    "engine": "postgresql",
    "engine_version": "14.3",
    "cached_at": "2026-02-09T20:54:54.300583"
  }
}