{
  "plan_json": [
    {
      "Plan": {
        "Node Type": "Limit",
        "Parallel Aware": false,
        "Async Capable": false,
        "Startup Cost": 42604.57,
        "Total Cost": 42604.57,
        "Plan Rows": 1,
        "Plan Width": 246,
        "Actual Startup Time": 377.265,
        "Actual Total Time": 378.376,
        "Actual Rows": 0,
        "Actual Loops": 1,
        "Plans": [
          {
            "Node Type": "Aggregate",
            "Strategy": "Sorted",
            "Partial Mode": "Finalize",
            "Parent Relationship": "InitPlan",
            "Subplan Name": "CTE customer_total_return",
            "Parallel Aware": false,
            "Async Capable": false,
            "Startup Cost": 42594.5,
            "Total Cost": 42594.82,
            "Plan Rows": 3,
            "Plan Width": 43,
            "Actual Startup Time": 376.512,
            "Actual Total Time": 377.942,
            "Actual Rows": 252,
            "Actual Loops": 1,
            "Group Key": [
              "web_returns.wr_returning_customer_sk",
              "customer_address_1.ca_state",
              "web_returns.wr_reason_sk"
            ],
            "Plans": [
              {
                "Node Type": "Gather Merge",
                "Parent Relationship": "Outer",
                "Parallel Aware": false,
                "Async Capable": false,
                "Startup Cost": 42594.5,
                "Total Cost": 42594.75,
                "Plan Rows": 2,
                "Plan Width": 43,
                "Actual Startup Time": 376.499,
                "Actual Total Time": 377.731,
                "Actual Rows": 252,
                "Actual Loops": 1,
                "Workers Planned": 2,
                "Workers Launched": 2,
                "Plans": [
                  {
                    "Node Type": "Aggregate",
                    "Strategy": "Sorted",
                    "Partial Mode": "Partial",
                    "Parent Relationship": "Outer",
                    "Parallel Aware": false,
                    "Async Capable": false,
                    "Startup Cost": 41594.47,
                    "Total Cost": 41594.5,
                    "Plan Rows": 1,
                    "Plan Width": 43,
                    "Actual Startup Time": 372.271,
                    "Actual Total Time": 372.347,
                    "Actual Rows": 84,
                    "Actual Loops": 3,
                    "Group Key": [
                      "web_returns.wr_returning_customer_sk",
                      "customer_address_1.ca_state",
                      "web_returns.wr_reason_sk"
                    ],
                    "Workers": [],
                    "Plans": [
                      {
                        "Node Type": "Sort",
                        "Parent Relationship": "Outer",
                        "Parallel Aware": false,
                        "Async Capable": false,
                        "Startup Cost": 41594.47,
                        "Total Cost": 41594.48,
                        "Plan Rows": 1,
                        "Plan Width": 17,
                        "Actual Startup Time": 372.25,
                        "Actual Total Time": 372.261,
                        "Actual Rows": 84,
                        "Actual Loops": 3,
                        "Sort Key": [
                          "web_returns.wr_returning_customer_sk",
                          "customer_address_1.ca_state",
                          "web_returns.wr_reason_sk"
                        ],
                        "Sort Method": "quicksort",
                        "Sort Space Used": 32,
                        "Sort Space Type": "Memory",
                        "Workers": [
                          {
                            "Worker Number": 0,
                            "Sort Method": "quicksort",
                            "Sort Space Used": 31,
                            "Sort Space Type": "Memory"
                          },
                          {
                            "Worker Number": 1,
                            "Sort Method": "quicksort",
                            "Sort Space Used": 30,
                            "Sort Space Type": "Memory"
                          }
                        ],
                        "Plans": [
                          {
                            "Node Type": "Nested Loop",
                            "Parent Relationship": "Outer",
                            "Parallel Aware": false,
                            "Async Capable": false,
                            "Join Type": "Inner",
                            "Startup Cost": 19.87,
                            "Total Cost": 41594.46,
                            "Plan Rows": 1,
                            "Plan Width": 17,
                            "Actual Startup Time": 9.938,
                            "Actual Total Time": 372.092,
                            "Actual Rows": 84,
                            "Actual Loops": 3,
                            "Inner Unique": true,
                            "Workers": [],
                            "Plans": [
                              {
                                "Node Type": "Nested Loop",
                                "Parent Relationship": "Outer",
                                "Parallel Aware": false,
                                "Async Capable": false,
                                "Join Type": "Inner",
                                "Startup Cost": 19.45,
                                "Total Cost": 41591.24,
                                "Plan Rows": 1,
                                "Plan Width": 18,
                                "Actual Startup Time": 9.88,
                                "Actual Total Time": 370.863,
                                "Actual Rows": 85,
                                "Actual Loops": 3,
                                "Inner Unique": true,
                                "Workers": [],
                                "Plans": [
                                  {
                                    "Node Type": "Hash Join",
                                    "Parent Relationship": "Outer",
                                    "Parallel Aware": false,
                                    "Async Capable": false,
                                    "Join Type": "Inner",
                                    "Startup Cost": 19.15,
                                    "Total Cost": 41547.72,
                                    "Plan Rows": 14,
                                    "Plan Width": 22,
                                    "Actual Startup Time": 6.06,
                                    "Actual Total Time": 364.932,
                                    "Actual Rows": 902,
                                    "Actual Loops": 3,
                                    "Inner Unique": true,
                                    "Hash Cond": "(web_returns.wr_returned_date_sk = date_dim.d_date_sk)",
                                    "Workers": [],
                                    "Plans": [
                                      {
                                        "Node Type": "Seq Scan",
                                        "Parent Relationship": "Outer",
                                        "Parallel Aware": true,
                                        "Async Capable": false,
                                        "Relation Name": "web_returns",
                                        "Alias": "web_returns",
                                        "Startup Cost": 0.0,
                                        "Total Cost": 41520.69,
                                        "Plan Rows": 3001,
                                        "Plan Width": 26,
                                        "Actual Startup Time": 0.151,
                                        "Actual Total Time": 362.672,
                                        "Actual Rows": 6084,
                                        "Actual Loops": 3,
                                        "Filter": "(((wr_return_amt / (wr_return_quantity)::numeric) >= '193'::numeric) AND ((wr_return_amt / (wr_return_quantity)::numeric) <= '222'::numeric))",
                                        "Rows Removed by Filter": 474034,
                                        "Workers": []
                                      },
                                      {
                                        "Node Type": "Hash",
                                        "Parent Relationship": "Inner",
                                        "Parallel Aware": false,
                                        "Async Capable": false,
                                        "Startup Cost": 14.63,
                                        "Total Cost": 14.63,
                                        "Plan Rows": 362,
                                        "Plan Width": 4,
                                        "Actual Startup Time": 0.15,
                                        "Actual Total Time": 0.15,
                                        "Actual Rows": 365,
                                        "Actual Loops": 3,
                                        "Hash Buckets": 1024,
                                        "Original Hash Buckets": 1024,
                                        "Hash Batches": 1,
                                        "Original Hash Batches": 1,
                                        "Peak Memory Usage": 21,
                                        "Workers": [],
                                        "Plans": [
                                          {
                                            "Node Type": "Index Only Scan",
                                            "Parent Relationship": "Outer",
                                            "Parallel Aware": false,
                                            "Async Capable": false,
                                            "Scan Direction": "Forward",
                                            "Index Name": "_dta_index_date_dim_6_661577395__k7_k1",
                                            "Relation Name": "date_dim",
                                            "Alias": "date_dim",
                                            "Startup Cost": 0.29,
                                            "Total Cost": 14.63,
                                            "Plan Rows": 362,
                                            "Plan Width": 4,
                                            "Actual Startup Time": 0.045,
                                            "Actual Total Time": 0.087,
                                            "Actual Rows": 365,
                                            "Actual Loops": 3,
                                            "Index Cond": "(d_year = 1999)",
                                            "Rows Removed by Index Recheck": 0,
                                            "Heap Fetches": 0,
                                            "Workers": []
                                          }
                                        ]
                                      }
                                    ]
                                  },
                                  {
                                    "Node Type": "Index Scan",
                                    "Parent Relationship": "Inner",
                                    "Parallel Aware": false,
                                    "Async Capable": false,
                                    "Scan Direction": "Forward",
                                    "Index Name": "item_pkey",
                                    "Relation Name": "item",
                                    "Alias": "item",
                                    "Startup Cost": 0.29,
                                    "Total Cost": 3.11,
                                    "Plan Rows": 1,
                                    "Plan Width": 4,
                                    "Actual Startup Time": 0.006,
                                    "Actual Total Time": 0.006,
                                    "Actual Rows": 0,
                                    "Actual Loops": 2705,
                                    "Index Cond": "(i_item_sk = web_returns.wr_item_sk)",
                                    "Rows Removed by Index Recheck": 0,
                                    "Filter": "((i_manager_id >= 42) AND (i_manager_id <= 51))",
                                    "Rows Removed by Filter": 1,
                                    "Workers": []
                                  }
                                ]
                              },
                              {
                                "Node Type": "Index Scan",
                                "Parent Relationship": "Inner",
                                "Parallel Aware": false,
                                "Async Capable": false,
                                "Scan Direction": "Forward",
                                "Index Name": "customer_address_pkey",
                                "Relation Name": "customer_address",
                                "Alias": "customer_address_1",
                                "Startup Cost": 0.42,
                                "Total Cost": 3.22,
                                "Plan Rows": 1,
                                "Plan Width": 7,
                                "Actual Startup Time": 0.013,
                                "Actual Total Time": 0.013,
                                "Actual Rows": 1,
                                "Actual Loops": 254,
                                "Index Cond": "(ca_address_sk = web_returns.wr_returning_addr_sk)",
                                "Rows Removed by Index Recheck": 0,
                                "Workers": []
                              }
                            ]
                          }
                        ]
                      }
                    ]
                  }
                ]
              }
            ]
          },
          {
            "Node Type": "Sort",
            "Parent Relationship": "Outer",
            "Parallel Aware": false,
            "Async Capable": false,
            "Startup Cost": 9.75,
            "Total Cost": 9.75,
            "Plan Rows": 1,
            "Plan Width": 246,
            "Actual Startup Time": 377.264,
            "Actual Total Time": 377.268,
            "Actual Rows": 0,
            "Actual Loops": 1,
            "Sort Key": [
              "customer.c_customer_id",
              "customer.c_salutation",
              "customer.c_first_name",
              "customer.c_last_name",
              "customer.c_preferred_cust_flag",
              "customer.c_birth_day",
              "customer.c_birth_month",
              "customer.c_birth_year",
              "customer.c_birth_country",
              "customer.c_login",
              "customer.c_email_address",
              "customer.c_last_review_date_sk",
              "ctr1.ctr_total_return"
            ],
            "Sort Method": "quicksort",
            "Sort Space Used": 25,
            "Sort Space Type": "Memory",
            "Plans": [
              {
                "Node Type": "Nested Loop",
                "Parent Relationship": "Outer",
                "Parallel Aware": false,
                "Async Capable": false,
                "Join Type": "Inner",
                "Startup Cost": 0.84,
                "Total Cost": 9.74,
                "Plan Rows": 1,
                "Plan Width": 246,
                "Actual Startup Time": 377.258,
                "Actual Total Time": 377.262,
                "Actual Rows": 0,
                "Actual Loops": 1,
                "Inner Unique": true,
                "Plans": [
                  {
                    "Node Type": "Nested Loop",
                    "Parent Relationship": "Outer",
                    "Parallel Aware": false,
                    "Async Capable": false,
                    "Join Type": "Inner",
                    "Startup Cost": 0.42,
                    "Total Cost": 8.78,
                    "Plan Rows": 1,
                    "Plan Width": 250,
                    "Actual Startup Time": 377.258,
                    "Actual Total Time": 377.261,
                    "Actual Rows": 0,
                    "Actual Loops": 1,
                    "Inner Unique": true,
                    "Plans": [
                      {
                        "Node Type": "CTE Scan",
                        "Parent Relationship": "Outer",
                        "Parallel Aware": false,
                        "Async Capable": false,
                        "CTE Name": "customer_total_return",
                        "Alias": "ctr1",
                        "Startup Cost": 0.0,
                        "Total Cost": 0.33,
                        "Plan Rows": 1,
                        "Plan Width": 36,
                        "Actual Startup Time": 376.931,
                        "Actual Total Time": 377.224,
                        "Actual Rows": 1,
                        "Actual Loops": 1,
                        "Filter": "((ctr_reason_sk = ANY ('{22,23}'::integer[])) AND (ctr_total_return > (SubPlan 2)))",
                        "Rows Removed by Filter": 251,
                        "Plans": [
                          {
                            "Node Type": "Aggregate",
                            "Strategy": "Plain",
                            "Partial Mode": "Simple",
                            "Parent Relationship": "SubPlan",
                            "Subplan Name": "SubPlan 2",
                            "Parallel Aware": false,
                            "Async Capable": false,
                            "Startup Cost": 0.07,
                            "Total Cost": 0.09,
                            "Plan Rows": 1,
                            "Plan Width": 32,
                            "Actual Startup Time": 0.042,
                            "Actual Total Time": 0.042,
                            "Actual Rows": 1,
                            "Actual Loops": 15,
                            "Plans": [
                              {
                                "Node Type": "CTE Scan",
                                "Parent Relationship": "Outer",
                                "Parallel Aware": false,
                                "Async Capable": false,
                                "CTE Name": "customer_total_return",
                                "Alias": "ctr2",
                                "Startup Cost": 0.0,
                                "Total Cost": 0.07,
                                "Plan Rows": 1,
                                "Plan Width": 32,
                                "Actual Startup Time": 0.004,
                                "Actual Total Time": 0.04,
                                "Actual Rows": 7,
                                "Actual Loops": 15,
                                "Filter": "(ctr1.ctr_state = ctr_state)",
                                "Rows Removed by Filter": 245
                              }
                            ]
                          }
                        ]
                      },
                      {
                        "Node Type": "Index Scan",
                        "Parent Relationship": "Inner",
                        "Parallel Aware": false,
                        "Async Capable": false,
                        "Scan Direction": "Forward",
                        "Index Name": "_dta_index_customer_6_949578421__k1_k5",
                        "Relation Name": "customer",
                        "Alias": "customer",
                        "Startup Cost": 0.42,
                        "Total Cost": 8.45,
                        "Plan Rows": 1,
                        "Plan Width": 222,
                        "Actual Startup Time": 0.032,
                        "Actual Total Time": 0.032,
                        "Actual Rows": 0,
                        "Actual Loops": 1,
                        "Index Cond": "(c_customer_sk = ctr1.ctr_customer_sk)",
                        "Rows Removed by Index Recheck": 0,
                        "Filter": "((c_birth_year >= 1945) AND (c_birth_year <= 1951))",
                        "Rows Removed by Filter": 1
                      }
                    ]
                  },
                  {
                    "Node Type": "Index Scan",
                    "Parent Relationship": "Inner",
                    "Parallel Aware": false,
                    "Async Capable": false,
                    "Scan Direction": "Forward",
                    "Index Name": "customer_address_pkey",
                    "Relation Name": "customer_address",
                    "Alias": "customer_address",
                    "Startup Cost": 0.42,
                    "Total Cost": 0.96,
                    "Plan Rows": 1,
                    "Plan Width": 4,
                    "Actual Startup Time": 0.0,
                    "Actual Total Time": 0.0,
                    "Actual Rows": 0,
                    "Actual Loops": 0,
                    "Index Cond": "(ca_address_sk = customer.c_current_addr_sk)",
                    "Rows Removed by Index Recheck": 0,
                    "Filter": "(ca_state = ANY ('{CA,MI,SD,VA}'::bpchar[]))",
                    "Rows Removed by Filter": 0
                  }
                ]
              }
            ]
          }
        ]
      },
      "Planning Time": 1.403,
      "Triggers": [],
      "Execution Time": 378.474
    }
  ],
  "plan_text": "",
  "actual_rows": 0,
  "provenance": {
    "database": "postgres://jakc9:jakc9@127.0.0.1:5434/dsb_sf10",
    "scale_factor": 10,
    "engine": "postgresql",
    "engine_version": "14.3",
    "cached_at": "2026-02-09T20:54:56.024638"
  }
}