{
  "plan_json": [
    {
      "Plan": {
        "Node Type": "Limit",
        "Parallel Aware": false,
        "Async Capable": false,
        "Startup Cost": 56646.5,
        "Total Cost": 56646.5,
        "Plan Rows": 1,
        "Plan Width": 17,
        "Actual Startup Time": 10482.224,
        "Actual Total Time": 10482.303,
        "Actual Rows": 0,
        "Actual Loops": 1,
        "Plans": [
          {
            "Node Type": "Aggregate",
            "Strategy": "Sorted",
            "Partial Mode": "Finalize",
            "Parent Relationship": "InitPlan",
            "Subplan Name": "CTE customer_total_return",
            "Parallel Aware": false,
            "Async Capable": false,
            "Startup Cost": 55929.25,
            "Total Cost": 55951.62,
            "Plan Rows": 172,
            "Plan Width": 44,
            "Actual Startup Time": 957.595,
            "Actual Total Time": 1038.593,
            "Actual Rows": 95599,
            "Actual Loops": 1,
            "Group Key": [
              "store_returns.sr_customer_sk",
              "store_returns.sr_store_sk",
              "store_returns.sr_reason_sk"
            ],
            "Plans": [
              {
                "Node Type": "Gather Merge",
                "Parent Relationship": "Outer",
                "Parallel Aware": false,
                "Async Capable": false,
                "Startup Cost": 55929.25,
                "Total Cost": 55947.67,
                "Plan Rows": 144,
                "Plan Width": 44,
                "Actual Startup Time": 957.585,
                "Actual Total Time": 984.842,
                "Actual Rows": 95661,
                "Actual Loops": 1,
                "Workers Planned": 2,
                "Workers Launched": 2,
                "Plans": [
                  {
                    "Node Type": "Aggregate",
                    "Strategy": "Sorted",
                    "Partial Mode": "Partial",
                    "Parent Relationship": "Outer",
                    "Parallel Aware": false,
                    "Async Capable": false,
                    "Startup Cost": 54929.22,
                    "Total Cost": 54931.02,
                    "Plan Rows": 72,
                    "Plan Width": 44,
                    "Actual Startup Time": 520.335,
                    "Actual Total Time": 539.338,
                    "Actual Rows": 31887,
                    "Actual Loops": 3,
                    "Group Key": [
                      "store_returns.sr_customer_sk",
                      "store_returns.sr_store_sk",
                      "store_returns.sr_reason_sk"
                    ],
                    "Workers": [],
                    "Plans": [
                      {
                        "Node Type": "Sort",
                        "Parent Relationship": "Outer",
                        "Parallel Aware": false,
                        "Async Capable": false,
                        "Startup Cost": 54929.22,
                        "Total Cost": 54929.4,
                        "Plan Rows": 72,
                        "Plan Width": 18,
                        "Actual Startup Time": 520.308,
                        "Actual Total Time": 523.632,
                        "Actual Rows": 31974,
                        "Actual Loops": 3,
                        "Sort Key": [
                          "store_returns.sr_customer_sk",
                          "store_returns.sr_store_sk",
                          "store_returns.sr_reason_sk"
                        ],
                        "Sort Method": "quicksort",
                        "Sort Space Used": 1510,
                        "Sort Space Type": "Memory",
                        "Workers": [
                          {
                            "Worker Number": 0,
                            "Sort Method": "external merge",
                            "Sort Space Used": 1944,
                            "Sort Space Type": "Disk"
                          },
                          {
                            "Worker Number": 1,
                            "Sort Method": "quicksort",
                            "Sort Space Used": 1405,
                            "Sort Space Type": "Memory"
                          }
                        ],
                        "Plans": [
                          {
                            "Node Type": "Nested Loop",
                            "Parent Relationship": "Outer",
                            "Parallel Aware": false,
                            "Async Capable": false,
                            "Join Type": "Inner",
                            "Startup Cost": 0.72,
                            "Total Cost": 54927.0,
                            "Plan Rows": 72,
                            "Plan Width": 18,
                            "Actual Startup Time": 0.619,
                            "Actual Total Time": 507.465,
                            "Actual Rows": 31974,
                            "Actual Loops": 3,
                            "Inner Unique": false,
                            "Workers": [],
                            "Plans": [
                              {
                                "Node Type": "Index Only Scan",
                                "Parent Relationship": "Outer",
                                "Parallel Aware": true,
                                "Async Capable": false,
                                "Scan Direction": "Forward",
                                "Index Name": "_dta_index_date_dim_6_661577395__k1_k7_k9",
                                "Relation Name": "date_dim",
                                "Alias": "date_dim",
                                "Startup Cost": 0.29,
                                "Total Cost": 1677.67,
                                "Plan Rows": 151,
                                "Plan Width": 4,
                                "Actual Startup Time": 0.406,
                                "Actual Total Time": 0.833,
                                "Actual Rows": 122,
                                "Actual Loops": 3,
                                "Index Cond": "(d_year = 2002)",
                                "Rows Removed by Index Recheck": 0,
                                "Heap Fetches": 0,
                                "Workers": []
                              },
                              {
                                "Node Type": "Index Scan",
                                "Parent Relationship": "Inner",
                                "Parallel Aware": false,
                                "Async Capable": false,
                                "Scan Direction": "Forward",
                                "Index Name": "_dta_index_store_returns_6_1013578649__k1_3_4_10",
                                "Relation Name": "store_returns",
                                "Alias": "store_returns",
                                "Startup Cost": 0.43,
                                "Total Cost": 352.48,
                                "Plan Rows": 16,
                                "Plan Width": 22,
                                "Actual Startup Time": 0.024,
                                "Actual Total Time": 4.132,
                                "Actual Rows": 263,
                                "Actual Loops": 365,
                                "Index Cond": "(sr_returned_date_sk = date_dim.d_date_sk)",
                                "Rows Removed by Index Recheck": 0,
                                "Filter": "(((sr_return_amt / (sr_return_quantity)::numeric) >= '108'::numeric) AND ((sr_return_amt / (sr_return_quantity)::numeric) <= '167'::numeric))",
                                "Rows Removed by Filter": 2612,
                                "Workers": []
                              }
                            ]
                          }
                        ]
                      }
                    ]
                  }
                ]
              }
            ]
          },
          {
            "Node Type": "Sort",
            "Parent Relationship": "Outer",
            "Parallel Aware": false,
            "Async Capable": false,
            "Startup Cost": 694.88,
            "Total Cost": 694.89,
            "Plan Rows": 1,
            "Plan Width": 17,
            "Actual Startup Time": 10482.222,
            "Actual Total Time": 10482.225,
            "Actual Rows": 0,
            "Actual Loops": 1,
            "Sort Key": [
              "customer.c_customer_id"
            ],
            "Sort Method": "quicksort",
            "Sort Space Used": 25,
            "Sort Space Type": "Memory",
            "Plans": [
              {
                "Node Type": "Nested Loop",
                "Parent Relationship": "Outer",
                "Parallel Aware": false,
                "Async Capable": false,
                "Join Type": "Inner",
                "Startup Cost": 0.85,
                "Total Cost": 694.87,
                "Plan Rows": 1,
                "Plan Width": 17,
                "Actual Startup Time": 10482.203,
                "Actual Total Time": 10482.206,
                "Actual Rows": 0,
                "Actual Loops": 1,
                "Inner Unique": true,
                "Plans": [
                  {
                    "Node Type": "Nested Loop",
                    "Parent Relationship": "Outer",
                    "Parallel Aware": false,
                    "Async Capable": false,
                    "Join Type": "Inner",
                    "Startup Cost": 0.42,
                    "Total Cost": 688.35,
                    "Plan Rows": 1,
                    "Plan Width": 21,
                    "Actual Startup Time": 10482.203,
                    "Actual Total Time": 10482.205,
                    "Actual Rows": 0,
                    "Actual Loops": 1,
                    "Inner Unique": true,
                    "Plans": [
                      {
                        "Node Type": "Nested Loop",
                        "Parent Relationship": "Outer",
                        "Parallel Aware": false,
                        "Async Capable": false,
                        "Join Type": "Inner",
                        "Startup Cost": 0.0,
                        "Total Cost": 679.89,
                        "Plan Rows": 1,
                        "Plan Width": 4,
                        "Actual Startup Time": 1577.964,
                        "Actual Total Time": 10481.288,
                        "Actual Rows": 30,
                        "Actual Loops": 1,
                        "Inner Unique": true,
                        "Join Filter": "(ctr1.ctr_store_sk = store.s_store_sk)",
                        "Rows Removed by Join Filter": 5089,
                        "Plans": [
                          {
                            "Node Type": "CTE Scan",
                            "Parent Relationship": "Outer",
                            "Parallel Aware": false,
                            "Async Capable": false,
                            "CTE Name": "customer_total_return",
                            "Alias": "ctr1",
                            "Startup Cost": 0.0,
                            "Total Cost": 673.38,
                            "Plan Rows": 1,
                            "Plan Width": 8,
                            "Actual Startup Time": 1064.506,
                            "Actual Total Time": 10460.965,
                            "Actual Rows": 582,
                            "Actual Loops": 1,
                            "Filter": "((ctr_reason_sk >= 43) AND (ctr_reason_sk <= 46) AND (ctr_total_return > (SubPlan 2)))",
                            "Rows Removed by Filter": 95017,
                            "Plans": [
                              {
                                "Node Type": "Aggregate",
                                "Strategy": "Plain",
                                "Partial Mode": "Simple",
                                "Parent Relationship": "SubPlan",
                                "Subplan Name": "SubPlan 2",
                                "Parallel Aware": false,
                                "Async Capable": false,
                                "Startup Cost": 3.87,
                                "Total Cost": 3.89,
                                "Plan Rows": 1,
                                "Plan Width": 32,
                                "Actual Startup Time": 5.142,
                                "Actual Total Time": 5.142,
                                "Actual Rows": 1,
                                "Actual Loops": 1845,
                                "Plans": [
                                  {
                                    "Node Type": "CTE Scan",
                                    "Parent Relationship": "Outer",
                                    "Parallel Aware": false,
                                    "Async Capable": false,
                                    "CTE Name": "customer_total_return",
                                    "Alias": "ctr2",
                                    "Startup Cost": 0.0,
                                    "Total Cost": 3.87,
                                    "Plan Rows": 1,
                                    "Plan Width": 32,
                                    "Actual Startup Time": 0.024,
                                    "Actual Total Time": 4.939,
                                    "Actual Rows": 2450,
                                    "Actual Loops": 1845,
                                    "Filter": "(ctr1.ctr_store_sk = ctr_store_sk)",
                                    "Rows Removed by Filter": 93149
                                  }
                                ]
                              }
                            ]
                          },
                          {
                            "Node Type": "Seq Scan",
                            "Parent Relationship": "Inner",
                            "Parallel Aware": false,
                            "Async Capable": false,
                            "Relation Name": "store",
                            "Alias": "store",
                            "Startup Cost": 0.0,
                            "Total Cost": 6.4,
                            "Plan Rows": 9,
                            "Plan Width": 4,
                            "Actual Startup Time": 0.007,
                            "Actual Total Time": 0.029,
                            "Actual Rows": 9,
                            "Actual Loops": 582,
                            "Filter": "(s_state = ANY ('{IL,KY,TX}'::bpchar[]))",
                            "Rows Removed by Filter": 91
                          }
                        ]
                      },
                      {
                        "Node Type": "Index Scan",
                        "Parent Relationship": "Inner",
                        "Parallel Aware": false,
                        "Async Capable": false,
                        "Scan Direction": "Forward",
                        "Index Name": "_dta_index_customer_6_949578421__k1_k5",
                        "Relation Name": "customer",
                        "Alias": "customer",
                        "Startup Cost": 0.42,
                        "Total Cost": 8.45,
                        "Plan Rows": 1,
                        "Plan Width": 25,
                        "Actual Startup Time": 0.028,
                        "Actual Total Time": 0.028,
                        "Actual Rows": 0,
                        "Actual Loops": 30,
                        "Index Cond": "(c_customer_sk = ctr1.ctr_customer_sk)",
                        "Rows Removed by Index Recheck": 0,
                        "Filter": "((c_birth_year >= 1965) AND (c_birth_year <= 1971) AND (c_birth_month = 2))",
                        "Rows Removed by Filter": 1
                      }
                    ]
                  },
                  {
                    "Node Type": "Index Scan",
                    "Parent Relationship": "Inner",
                    "Parallel Aware": false,
                    "Async Capable": false,
                    "Scan Direction": "Forward",
                    "Index Name": "customer_demographics_pkey",
                    "Relation Name": "customer_demographics",
                    "Alias": "customer_demographics",
                    "Startup Cost": 0.43,
                    "Total Cost": 6.53,
                    "Plan Rows": 1,
                    "Plan Width": 4,
                    "Actual Startup Time": 0.0,
                    "Actual Total Time": 0.0,
                    "Actual Rows": 0,
                    "Actual Loops": 0,
                    "Index Cond": "(cd_demo_sk = customer.c_current_cdemo_sk)",
                    "Rows Removed by Index Recheck": 0,
                    "Filter": "((cd_marital_status = ANY ('{M,M}'::bpchar[])) AND (cd_education_status = ANY ('{\"Advanced Degree\",College}'::bpchar[])) AND (cd_gender = 'F'::bpchar))",
                    "Rows Removed by Filter": 0
                  }
                ]
              }
            ]
          }
        ]
      },
      "Planning Time": 2.173,
      "Triggers": [],
      "Execution Time": 10483.158
    }
  ],
  "plan_text": "",
  "actual_rows": 0,
  "provenance": {
    "database": "postgres://jakc9:jakc9@127.0.0.1:5434/dsb_sf10",
    "scale_factor": 10,
    "engine": "postgresql",
    "engine_version": "14.3",
    "cached_at": "2026-02-09T20:53:25.303983"
  }
}