{
  "plan_json": [
    {
      "Plan": {
        "Node Type": "Limit",
        "Parallel Aware": false,
        "Async Capable": false,
        "Startup Cost": 141781.72,
        "Total Cost": 141781.73,
        "Plan Rows": 1,
        "Plan Width": 148,
        "Actual Startup Time": 573.718,
        "Actual Total Time": 577.12,
        "Actual Rows": 0,
        "Actual Loops": 1,
        "Plans": [
          {
            "Node Type": "Sort",
            "Parent Relationship": "Outer",
            "Parallel Aware": false,
            "Async Capable": false,
            "Startup Cost": 141781.72,
            "Total Cost": 141781.73,
            "Plan Rows": 1,
            "Plan Width": 148,
            "Actual Startup Time": 573.716,
            "Actual Total Time": 577.119,
            "Actual Rows": 0,
            "Actual Loops": 1,
            "Sort Key": [
              "(count(*)) DESC",
              "item.i_item_desc",
              "warehouse.w_warehouse_name",
              "d1.d_week_seq"
            ],
            "Sort Method": "quicksort",
            "Sort Space Used": 25,
            "Sort Space Type": "Memory",
            "Plans": [
              {
                "Node Type": "Aggregate",
                "Strategy": "Sorted",
                "Partial Mode": "Simple",
                "Parent Relationship": "Outer",
                "Parallel Aware": false,
                "Async Capable": false,
                "Startup Cost": 141777.29,
                "Total Cost": 141781.71,
                "Plan Rows": 1,
                "Plan Width": 148,
                "Actual Startup Time": 573.711,
                "Actual Total Time": 577.113,
                "Actual Rows": 0,
                "Actual Loops": 1,
                "Group Key": [
                  "item.i_item_desc",
                  "warehouse.w_warehouse_name",
                  "d1.d_week_seq"
                ],
                "Plans": [
                  {
                    "Node Type": "Nested Loop",
                    "Parent Relationship": "Outer",
                    "Parallel Aware": false,
                    "Async Capable": false,
                    "Join Type": "Inner",
                    "Startup Cost": 141777.29,
                    "Total Cost": 141781.69,
                    "Plan Rows": 1,
                    "Plan Width": 128,
                    "Actual Startup Time": 573.71,
                    "Actual Total Time": 577.112,
                    "Actual Rows": 0,
                    "Actual Loops": 1,
                    "Inner Unique": true,
                    "Join Filter": "(d3.d_date > (d1.d_date + '3 days'::interval))",
                    "Rows Removed by Join Filter": 0,
                    "Plans": [
                      {
                        "Node Type": "Gather Merge",
                        "Parent Relationship": "Outer",
                        "Parallel Aware": false,
                        "Async Capable": false,
                        "Startup Cost": 141776.99,
                        "Total Cost": 141777.11,
                        "Plan Rows": 1,
                        "Plan Width": 136,
                        "Actual Startup Time": 573.709,
                        "Actual Total Time": 577.11,
                        "Actual Rows": 0,
                        "Actual Loops": 1,
                        "Workers Planned": 1,
                        "Workers Launched": 1,
                        "Plans": [
                          {
                            "Node Type": "Sort",
                            "Parent Relationship": "Outer",
                            "Parallel Aware": false,
                            "Async Capable": false,
                            "Startup Cost": 140776.98,
                            "Total Cost": 140776.99,
                            "Plan Rows": 1,
                            "Plan Width": 136,
                            "Actual Startup Time": 570.9,
                            "Actual Total Time": 570.909,
                            "Actual Rows": 0,
                            "Actual Loops": 2,
                            "Sort Key": [
                              "item.i_item_desc",
                              "warehouse.w_warehouse_name",
                              "d1.d_week_seq"
                            ],
                            "Sort Method": "quicksort",
                            "Sort Space Used": 25,
                            "Sort Space Type": "Memory",
                            "Workers": [
                              {
                                "Worker Number": 0,
                                "Sort Method": "quicksort",
                                "Sort Space Used": 25,
                                "Sort Space Type": "Memory"
                              }
                            ],
                            "Plans": [
                              {
                                "Node Type": "Nested Loop",
                                "Parent Relationship": "Outer",
                                "Parallel Aware": false,
                                "Async Capable": false,
                                "Join Type": "Left",
                                "Startup Cost": 138713.14,
                                "Total Cost": 140776.97,
                                "Plan Rows": 1,
                                "Plan Width": 136,
                                "Actual Startup Time": 570.876,
                                "Actual Total Time": 570.884,
                                "Actual Rows": 0,
                                "Actual Loops": 2,
                                "Inner Unique": true,
                                "Workers": [],
                                "Plans": [
                                  {
                                    "Node Type": "Nested Loop",
                                    "Parent Relationship": "Outer",
                                    "Parallel Aware": false,
                                    "Async Capable": false,
                                    "Join Type": "Inner",
                                    "Startup Cost": 138712.87,
                                    "Total Cost": 140772.82,
                                    "Plan Rows": 1,
                                    "Plan Width": 136,
                                    "Actual Startup Time": 570.875,
                                    "Actual Total Time": 570.884,
                                    "Actual Rows": 0,
                                    "Actual Loops": 2,
                                    "Inner Unique": true,
                                    "Workers": [],
                                    "Plans": [
                                      {
                                        "Node Type": "Nested Loop",
                                        "Parent Relationship": "Outer",
                                        "Parallel Aware": false,
                                        "Async Capable": false,
                                        "Join Type": "Inner",
                                        "Startup Cost": 138712.58,
                                        "Total Cost": 140768.26,
                                        "Plan Rows": 1,
                                        "Plan Width": 41,
                                        "Actual Startup Time": 570.875,
                                        "Actual Total Time": 570.883,
                                        "Actual Rows": 0,
                                        "Actual Loops": 2,
                                        "Inner Unique": true,
                                        "Join Filter": "(inventory.inv_warehouse_sk = warehouse.w_warehouse_sk)",
                                        "Rows Removed by Join Filter": 0,
                                        "Workers": [],
                                        "Plans": [
                                          {
                                            "Node Type": "Nested Loop",
                                            "Parent Relationship": "Outer",
                                            "Parallel Aware": false,
                                            "Async Capable": false,
                                            "Join Type": "Inner",
                                            "Startup Cost": 138712.58,
                                            "Total Cost": 140767.03,
                                            "Plan Rows": 1,
                                            "Plan Width": 28,
                                            "Actual Startup Time": 570.875,
                                            "Actual Total Time": 570.882,
                                            "Actual Rows": 0,
                                            "Actual Loops": 2,
                                            "Inner Unique": false,
                                            "Workers": [],
                                            "Plans": [
                                              {
                                                "Node Type": "Hash Join",
                                                "Parent Relationship": "Outer",
                                                "Parallel Aware": true,
                                                "Async Capable": false,
                                                "Join Type": "Inner",
                                                "Startup Cost": 138712.01,
                                                "Total Cost": 140707.89,
                                                "Plan Rows": 4,
                                                "Plan Width": 28,
                                                "Actual Startup Time": 570.874,
                                                "Actual Total Time": 570.88,
                                                "Actual Rows": 0,
                                                "Actual Loops": 2,
                                                "Inner Unique": false,
                                                "Hash Cond": "(d2.d_week_seq = d1.d_week_seq)",
                                                "Workers": [],
                                                "Plans": [
                                                  {
                                                    "Node Type": "Seq Scan",
                                                    "Parent Relationship": "Outer",
                                                    "Parallel Aware": true,
                                                    "Async Capable": false,
                                                    "Relation Name": "date_dim",
                                                    "Alias": "d2",
                                                    "Startup Cost": 0.0,
                                                    "Total Cost": 1834.7,
                                                    "Plan Rows": 42970,
                                                    "Plan Width": 8,
                                                    "Actual Startup Time": 0.0,
                                                    "Actual Total Time": 0.0,
                                                    "Actual Rows": 0,
                                                    "Actual Loops": 0,
                                                    "Workers": []
                                                  },
                                                  {
                                                    "Node Type": "Hash",
                                                    "Parent Relationship": "Inner",
                                                    "Parallel Aware": true,
                                                    "Async Capable": false,
                                                    "Startup Cost": 138712.0,
                                                    "Total Cost": 138712.0,
                                                    "Plan Rows": 1,
                                                    "Plan Width": 24,
                                                    "Actual Startup Time": 570.773,
                                                    "Actual Total Time": 570.777,
                                                    "Actual Rows": 0,
                                                    "Actual Loops": 2,
                                                    "Hash Buckets": 1024,
                                                    "Original Hash Buckets": 1024,
                                                    "Hash Batches": 1,
                                                    "Original Hash Batches": 1,
                                                    "Peak Memory Usage": 0,
                                                    "Workers": [],
                                                    "Plans": [
                                                      {
                                                        "Node Type": "Nested Loop",
                                                        "Parent Relationship": "Outer",
                                                        "Parallel Aware": false,
                                                        "Async Capable": false,
                                                        "Join Type": "Inner",
                                                        "Startup Cost": 159.16,
                                                        "Total Cost": 138712.0,
                                                        "Plan Rows": 1,
                                                        "Plan Width": 24,
                                                        "Actual Startup Time": 395.88,
                                                        "Actual Total Time": 395.884,
                                                        "Actual Rows": 0,
                                                        "Actual Loops": 2,
                                                        "Inner Unique": true,
                                                        "Workers": [],
                                                        "Plans": [
                                                          {
                                                            "Node Type": "Hash Join",
                                                            "Parent Relationship": "Outer",
                                                            "Parallel Aware": false,
                                                            "Async Capable": false,
                                                            "Join Type": "Inner",
                                                            "Startup Cost": 158.73,
                                                            "Total Cost": 134725.09,
                                                            "Plan Rows": 841,
                                                            "Plan Width": 28,
                                                            "Actual Startup Time": 4.358,
                                                            "Actual Total Time": 299.671,
                                                            "Actual Rows": 34474,
                                                            "Actual Loops": 2,
                                                            "Inner Unique": true,
                                                            "Hash Cond": "(catalog_sales.cs_bill_hdemo_sk = household_demographics.hd_demo_sk)",
                                                            "Workers": [],
                                                            "Plans": [
                                                              {
                                                                "Node Type": "Nested Loop",
                                                                "Parent Relationship": "Outer",
                                                                "Parallel Aware": false,
                                                                "Async Capable": false,
                                                                "Join Type": "Inner",
                                                                "Startup Cost": 0.73,
                                                                "Total Cost": 134553.76,
                                                                "Plan Rows": 5072,
                                                                "Plan Width": 32,
                                                                "Actual Startup Time": 3.746,
                                                                "Actual Total Time": 282.308,
                                                                "Actual Rows": 163368,
                                                                "Actual Loops": 2,
                                                                "Inner Unique": false,
                                                                "Workers": [],
                                                                "Plans": [
                                                                  {
                                                                    "Node Type": "Index Scan",
                                                                    "Parent Relationship": "Outer",
                                                                    "Parallel Aware": true,
                                                                    "Async Capable": false,
                                                                    "Scan Direction": "Forward",
                                                                    "Index Name": "date_dim_pkey",
                                                                    "Relation Name": "date_dim",
                                                                    "Alias": "d1",
                                                                    "Startup Cost": 0.29,
                                                                    "Total Cost": 2962.0,
                                                                    "Plan Rows": 151,
                                                                    "Plan Width": 12,
                                                                    "Actual Startup Time": 3.682,
                                                                    "Actual Total Time": 7.071,
                                                                    "Actual Rows": 182,
                                                                    "Actual Loops": 2,
                                                                    "Filter": "(d_year = 1998)",
                                                                    "Rows Removed by Filter": 36342,
                                                                    "Workers": []
                                                                  },
                                                                  {
                                                                    "Node Type": "Index Scan",
                                                                    "Parent Relationship": "Inner",
                                                                    "Parallel Aware": false,
                                                                    "Async Capable": false,
                                                                    "Scan Direction": "Forward",
                                                                    "Index Name": "_dta_index_catalog_sales_6_1301579675__k1_4",
                                                                    "Relation Name": "catalog_sales",
                                                                    "Alias": "catalog_sales",
                                                                    "Startup Cost": 0.43,
                                                                    "Total Cost": 859.91,
                                                                    "Plan Rows": 1156,
                                                                    "Plan Width": 32,
                                                                    "Actual Startup Time": 0.007,
                                                                    "Actual Total Time": 1.439,
                                                                    "Actual Rows": 895,
                                                                    "Actual Loops": 365,
                                                                    "Index Cond": "(cs_sold_date_sk = d1.d_date_sk)",
                                                                    "Rows Removed by Index Recheck": 0,
                                                                    "Filter": "((cs_wholesale_cost >= '35'::numeric) AND (cs_wholesale_cost <= '55'::numeric))",
                                                                    "Rows Removed by Filter": 4383,
                                                                    "Workers": []
                                                                  }
                                                                ]
                                                              },
                                                              {
                                                                "Node Type": "Hash",
                                                                "Parent Relationship": "Inner",
                                                                "Parallel Aware": false,
                                                                "Async Capable": false,
                                                                "Startup Cost": 143.0,
                                                                "Total Cost": 143.0,
                                                                "Plan Rows": 1200,
                                                                "Plan Width": 4,
                                                                "Actual Startup Time": 0.588,
                                                                "Actual Total Time": 0.588,
                                                                "Actual Rows": 1200,
                                                                "Actual Loops": 2,
                                                                "Hash Buckets": 2048,
                                                                "Original Hash Buckets": 2048,
                                                                "Hash Batches": 1,
                                                                "Original Hash Batches": 1,
                                                                "Peak Memory Usage": 59,
                                                                "Workers": [],
                                                                "Plans": [
                                                                  {
                                                                    "Node Type": "Seq Scan",
                                                                    "Parent Relationship": "Outer",
                                                                    "Parallel Aware": false,
                                                                    "Async Capable": false,
                                                                    "Relation Name": "household_demographics",
                                                                    "Alias": "household_demographics",
                                                                    "Startup Cost": 0.0,
                                                                    "Total Cost": 143.0,
                                                                    "Plan Rows": 1200,
                                                                    "Plan Width": 4,
                                                                    "Actual Startup Time": 0.011,
                                                                    "Actual Total Time": 0.497,
                                                                    "Actual Rows": 1200,
                                                                    "Actual Loops": 2,
                                                                    "Filter": "(hd_buy_potential = '>10000'::bpchar)",
                                                                    "Rows Removed by Filter": 6000,
                                                                    "Workers": []
                                                                  }
                                                                ]
                                                              }
                                                            ]
                                                          },
                                                          {
                                                            "Node Type": "Index Scan",
                                                            "Parent Relationship": "Inner",
                                                            "Parallel Aware": false,
                                                            "Async Capable": false,
                                                            "Scan Direction": "Forward",
                                                            "Index Name": "customer_demographics_pkey",
                                                            "Relation Name": "customer_demographics",
                                                            "Alias": "customer_demographics",
                                                            "Startup Cost": 0.43,
                                                            "Total Cost": 4.74,
                                                            "Plan Rows": 1,
                                                            "Plan Width": 4,
                                                            "Actual Startup Time": 0.003,
                                                            "Actual Total Time": 0.003,
                                                            "Actual Rows": 0,
                                                            "Actual Loops": 68949,
                                                            "Index Cond": "(cd_demo_sk = catalog_sales.cs_bill_cdemo_sk)",
                                                            "Rows Removed by Index Recheck": 0,
                                                            "Filter": "((cd_dep_count >= 9) AND (cd_dep_count <= 11) AND (cd_marital_status = 'U'::bpchar))",
                                                            "Rows Removed by Filter": 1,
                                                            "Workers": []
                                                          }
                                                        ]
                                                      }
                                                    ]
                                                  }
                                                ]
                                              },
                                              {
                                                "Node Type": "Index Scan",
                                                "Parent Relationship": "Inner",
                                                "Parallel Aware": false,
                                                "Async Capable": false,
                                                "Scan Direction": "Forward",
                                                "Index Name": "inventory_pkey",
                                                "Relation Name": "inventory",
                                                "Alias": "inventory",
                                                "Startup Cost": 0.57,
                                                "Total Cost": 14.77,
                                                "Plan Rows": 2,
                                                "Plan Width": 16,
                                                "Actual Startup Time": 0.0,
                                                "Actual Total Time": 0.0,
                                                "Actual Rows": 0,
                                                "Actual Loops": 0,
                                                "Index Cond": "((inv_date_sk = d2.d_date_sk) AND (inv_item_sk = catalog_sales.cs_item_sk))",
                                                "Rows Removed by Index Recheck": 0,
                                                "Filter": "(inv_quantity_on_hand < catalog_sales.cs_quantity)",
                                                "Rows Removed by Filter": 0,
                                                "Workers": []
                                              }
                                            ]
                                          },
                                          {
                                            "Node Type": "Seq Scan",
                                            "Parent Relationship": "Inner",
                                            "Parallel Aware": false,
                                            "Async Capable": false,
                                            "Relation Name": "warehouse",
                                            "Alias": "warehouse",
                                            "Startup Cost": 0.0,
                                            "Total Cost": 1.1,
                                            "Plan Rows": 10,
                                            "Plan Width": 21,
                                            "Actual Startup Time": 0.0,
                                            "Actual Total Time": 0.0,
                                            "Actual Rows": 0,
                                            "Actual Loops": 0,
                                            "Workers": []
                                          }
                                        ]
                                      },
                                      {
                                        "Node Type": "Index Scan",
                                        "Parent Relationship": "Inner",
                                        "Parallel Aware": false,
                                        "Async Capable": false,
                                        "Scan Direction": "Forward",
                                        "Index Name": "item_pkey",
                                        "Relation Name": "item",
                                        "Alias": "item",
                                        "Startup Cost": 0.29,
                                        "Total Cost": 4.57,
                                        "Plan Rows": 1,
                                        "Plan Width": 107,
                                        "Actual Startup Time": 0.0,
                                        "Actual Total Time": 0.0,
                                        "Actual Rows": 0,
                                        "Actual Loops": 0,
                                        "Index Cond": "(i_item_sk = catalog_sales.cs_item_sk)",
                                        "Rows Removed by Index Recheck": 0,
                                        "Filter": "(i_category = ANY ('{Children,Jewelry,Men}'::bpchar[]))",
                                        "Rows Removed by Filter": 0,
                                        "Workers": []
                                      }
                                    ]
                                  },
                                  {
                                    "Node Type": "Index Only Scan",
                                    "Parent Relationship": "Inner",
                                    "Parallel Aware": false,
                                    "Async Capable": false,
                                    "Scan Direction": "Forward",
                                    "Index Name": "promotion_pkey",
                                    "Relation Name": "promotion",
                                    "Alias": "promotion",
                                    "Startup Cost": 0.27,
                                    "Total Cost": 4.14,
                                    "Plan Rows": 1,
                                    "Plan Width": 4,
                                    "Actual Startup Time": 0.0,
                                    "Actual Total Time": 0.0,
                                    "Actual Rows": 0,
                                    "Actual Loops": 0,
                                    "Index Cond": "(p_promo_sk = catalog_sales.cs_promo_sk)",
                                    "Rows Removed by Index Recheck": 0,
                                    "Heap Fetches": 0,
                                    "Workers": []
                                  }
                                ]
                              }
                            ]
                          }
                        ]
                      },
                      {
                        "Node Type": "Index Scan",
                        "Parent Relationship": "Inner",
                        "Parallel Aware": false,
                        "Async Capable": false,
                        "Scan Direction": "Forward",
                        "Index Name": "date_dim_pkey",
                        "Relation Name": "date_dim",
                        "Alias": "d3",
                        "Startup Cost": 0.29,
                        "Total Cost": 4.56,
                        "Plan Rows": 1,
                        "Plan Width": 8,
                        "Actual Startup Time": 0.0,
                        "Actual Total Time": 0.0,
                        "Actual Rows": 0,
                        "Actual Loops": 0,
                        "Index Cond": "(d_date_sk = catalog_sales.cs_ship_date_sk)",
                        "Rows Removed by Index Recheck": 0
                      }
                    ]
                  }
                ]
              }
            ]
          }
        ]
      },
      "Planning Time": 21.565,
      "Triggers": [],
      "Execution Time": 577.25
    }
  ],
  "plan_text": "",
  "actual_rows": 0,
  "provenance": {
    "database": "postgres://jakc9:jakc9@127.0.0.1:5434/dsb_sf10",
    "scale_factor": 10,
    "engine": "postgresql",
    "engine_version": "14.3",
    "cached_at": "2026-02-09T21:06:45.327354"
  }
}