{
  "plan_json": [
    {
      "Plan": {
        "Node Type": "Limit",
        "Parallel Aware": false,
        "Async Capable": false,
        "Startup Cost": 85763.71,
        "Total Cost": 85771.54,
        "Plan Rows": 18,
        "Plan Width": 117,
        "Actual Startup Time": 235.485,
        "Actual Total Time": 235.715,
        "Actual Rows": 4,
        "Actual Loops": 1,
        "Plans": [
          {
            "Node Type": "Aggregate",
            "Strategy": "Sorted",
            "Partial Mode": "Finalize",
            "Parent Relationship": "Outer",
            "Parallel Aware": false,
            "Async Capable": false,
            "Startup Cost": 85763.71,
            "Total Cost": 85771.54,
            "Plan Rows": 18,
            "Plan Width": 117,
            "Actual Startup Time": 235.484,
            "Actual Total Time": 235.713,
            "Actual Rows": 4,
            "Actual Loops": 1,
            "Group Key": [
              "(\"substring\"((warehouse.w_warehouse_name)::text, 1, 20))",
              "ship_mode.sm_type",
              "call_center.cc_name"
            ],
            "Plans": [
              {
                "Node Type": "Gather Merge",
                "Parent Relationship": "Outer",
                "Parallel Aware": false,
                "Async Capable": false,
                "Startup Cost": 85763.71,
                "Total Cost": 85770.59,
                "Plan Rows": 36,
                "Plan Width": 117,
                "Actual Startup Time": 235.443,
                "Actual Total Time": 235.706,
                "Actual Rows": 10,
                "Actual Loops": 1,
                "Workers Planned": 2,
                "Workers Launched": 2,
                "Plans": [
                  {
                    "Node Type": "Aggregate",
                    "Strategy": "Sorted",
                    "Partial Mode": "Partial",
                    "Parent Relationship": "Outer",
                    "Parallel Aware": false,
                    "Async Capable": false,
                    "Startup Cost": 84763.69,
                    "Total Cost": 84766.41,
                    "Plan Rows": 18,
                    "Plan Width": 117,
                    "Actual Startup Time": 207.306,
                    "Actual Total Time": 207.478,
                    "Actual Rows": 3,
                    "Actual Loops": 3,
                    "Group Key": [
                      "(\"substring\"((warehouse.w_warehouse_name)::text, 1, 20))",
                      "ship_mode.sm_type",
                      "call_center.cc_name"
                    ],
                    "Workers": [],
                    "Plans": [
                      {
                        "Node Type": "Sort",
                        "Parent Relationship": "Outer",
                        "Parallel Aware": false,
                        "Async Capable": false,
                        "Startup Cost": 84763.69,
                        "Total Cost": 84763.79,
                        "Plan Rows": 40,
                        "Plan Width": 85,
                        "Actual Startup Time": 207.275,
                        "Actual Total Time": 207.3,
                        "Actual Rows": 767,
                        "Actual Loops": 3,
                        "Sort Key": [
                          "(\"substring\"((warehouse.w_warehouse_name)::text, 1, 20))",
                          "call_center.cc_name"
                        ],
                        "Sort Method": "quicksort",
                        "Sort Space Used": 193,
                        "Sort Space Type": "Memory",
                        "Workers": [
                          {
                            "Worker Number": 0,
                            "Sort Method": "quicksort",
                            "Sort Space Used": 110,
                            "Sort Space Type": "Memory"
                          },
                          {
                            "Worker Number": 1,
                            "Sort Method": "quicksort",
                            "Sort Space Used": 118,
                            "Sort Space Type": "Memory"
                          }
                        ],
                        "Plans": [
                          {
                            "Node Type": "Nested Loop",
                            "Parent Relationship": "Outer",
                            "Parallel Aware": false,
                            "Async Capable": false,
                            "Join Type": "Inner",
                            "Startup Cost": 0.98,
                            "Total Cost": 84762.62,
                            "Plan Rows": 40,
                            "Plan Width": 85,
                            "Actual Startup Time": 1.376,
                            "Actual Total Time": 206.646,
                            "Actual Rows": 767,
                            "Actual Loops": 3,
                            "Inner Unique": false,
                            "Workers": [],
                            "Plans": [
                              {
                                "Node Type": "Index Only Scan",
                                "Parent Relationship": "Outer",
                                "Parallel Aware": true,
                                "Async Capable": false,
                                "Scan Direction": "Forward",
                                "Index Name": "_dta_index_date_dim_6_661577395__k7_k4_k9_k1",
                                "Relation Name": "date_dim",
                                "Alias": "date_dim",
                                "Startup Cost": 0.42,
                                "Total Cost": 1870.06,
                                "Plan Rows": 315,
                                "Plan Width": 4,
                                "Actual Startup Time": 0.252,
                                "Actual Total Time": 0.739,
                                "Actual Rows": 244,
                                "Actual Loops": 3,
                                "Index Cond": "((d_month_seq >= 1192) AND (d_month_seq <= 1215))",
                                "Rows Removed by Index Recheck": 0,
                                "Heap Fetches": 0,
                                "Workers": []
                              },
                              {
                                "Node Type": "Nested Loop",
                                "Parent Relationship": "Inner",
                                "Parallel Aware": false,
                                "Async Capable": false,
                                "Join Type": "Inner",
                                "Startup Cost": 0.56,
                                "Total Cost": 262.91,
                                "Plan Rows": 24,
                                "Plan Width": 70,
                                "Actual Startup Time": 0.308,
                                "Actual Total Time": 0.842,
                                "Actual Rows": 3,
                                "Actual Loops": 731,
                                "Inner Unique": false,
                                "Workers": [],
                                "Plans": [
                                  {
                                    "Node Type": "Seq Scan",
                                    "Parent Relationship": "Outer",
                                    "Parallel Aware": false,
                                    "Async Capable": false,
                                    "Relation Name": "call_center",
                                    "Alias": "call_center",
                                    "Startup Cost": 0.0,
                                    "Total Cost": 2.3,
                                    "Plan Rows": 3,
                                    "Plan Width": 18,
                                    "Actual Startup Time": 0.001,
                                    "Actual Total Time": 0.004,
                                    "Actual Rows": 3,
                                    "Actual Loops": 731,
                                    "Filter": "((cc_class)::text = 'small'::text)",
                                    "Rows Removed by Filter": 21,
                                    "Workers": []
                                  },
                                  {
                                    "Node Type": "Nested Loop",
                                    "Parent Relationship": "Inner",
                                    "Parallel Aware": false,
                                    "Async Capable": false,
                                    "Join Type": "Inner",
                                    "Startup Cost": 0.56,
                                    "Total Cost": 86.79,
                                    "Plan Rows": 8,
                                    "Plan Width": 60,
                                    "Actual Startup Time": 0.19,
                                    "Actual Total Time": 0.279,
                                    "Actual Rows": 1,
                                    "Actual Loops": 2193,
                                    "Inner Unique": false,
                                    "Workers": [],
                                    "Plans": [
                                      {
                                        "Node Type": "Seq Scan",
                                        "Parent Relationship": "Outer",
                                        "Parallel Aware": false,
                                        "Async Capable": false,
                                        "Relation Name": "warehouse",
                                        "Alias": "warehouse",
                                        "Startup Cost": 0.0,
                                        "Total Cost": 1.12,
                                        "Plan Rows": 2,
                                        "Plan Width": 21,
                                        "Actual Startup Time": 0.0,
                                        "Actual Total Time": 0.002,
                                        "Actual Rows": 2,
                                        "Actual Loops": 2193,
                                        "Filter": "(w_gmt_offset = '-5'::numeric)",
                                        "Rows Removed by Filter": 8,
                                        "Workers": []
                                      },
                                      {
                                        "Node Type": "Nested Loop",
                                        "Parent Relationship": "Inner",
                                        "Parallel Aware": false,
                                        "Async Capable": false,
                                        "Join Type": "Inner",
                                        "Startup Cost": 0.56,
                                        "Total Cost": 42.79,
                                        "Plan Rows": 4,
                                        "Plan Width": 47,
                                        "Actual Startup Time": 0.097,
                                        "Actual Total Time": 0.138,
                                        "Actual Rows": 1,
                                        "Actual Loops": 4386,
                                        "Inner Unique": false,
                                        "Workers": [],
                                        "Plans": [
                                          {
                                            "Node Type": "Seq Scan",
                                            "Parent Relationship": "Outer",
                                            "Parallel Aware": false,
                                            "Async Capable": false,
                                            "Relation Name": "ship_mode",
                                            "Alias": "ship_mode",
                                            "Startup Cost": 0.0,
                                            "Total Cost": 1.25,
                                            "Plan Rows": 4,
                                            "Plan Width": 35,
                                            "Actual Startup Time": 0.001,
                                            "Actual Total Time": 0.003,
                                            "Actual Rows": 4,
                                            "Actual Loops": 4386,
                                            "Filter": "(sm_type = 'EXPRESS'::bpchar)",
                                            "Rows Removed by Filter": 16,
                                            "Workers": []
                                          },
                                          {
                                            "Node Type": "Index Scan",
                                            "Parent Relationship": "Inner",
                                            "Parallel Aware": false,
                                            "Async Capable": false,
                                            "Scan Direction": "Forward",
                                            "Index Name": "_dta_index_catalog_sales_6_1301579675__k3_k12_k14_k15_16_18",
                                            "Relation Name": "catalog_sales",
                                            "Alias": "catalog_sales",
                                            "Startup Cost": 0.56,
                                            "Total Cost": 10.38,
                                            "Plan Rows": 1,
                                            "Plan Width": 20,
                                            "Actual Startup Time": 0.032,
                                            "Actual Total Time": 0.033,
                                            "Actual Rows": 0,
                                            "Actual Loops": 17544,
                                            "Index Cond": "((cs_ship_date_sk = date_dim.d_date_sk) AND (cs_call_center_sk = call_center.cc_call_center_sk) AND (cs_ship_mode_sk = ship_mode.sm_ship_mode_sk) AND (cs_warehouse_sk = warehouse.w_warehouse_sk))",
                                            "Rows Removed by Index Recheck": 0,
                                            "Filter": "((cs_list_price >= '86'::numeric) AND (cs_list_price <= '115'::numeric))",
                                            "Rows Removed by Filter": 1,
                                            "Workers": []
                                          }
                                        ]
                                      }
                                    ]
                                  }
                                ]
                              }
                            ]
                          }
                        ]
                      }
                    ]
                  }
                ]
              }
            ]
          }
        ]
      },
      "Planning Time": 1.345,
      "Triggers": [],
      "Execution Time": 235.774
    }
  ],
  "plan_text": "",
  "actual_rows": 0,
  "provenance": {
    "database": "postgres://jakc9:jakc9@127.0.0.1:5434/dsb_sf10",
    "scale_factor": 10,
    "engine": "postgresql",
    "engine_version": "14.3",
    "cached_at": "2026-02-09T21:26:55.261881"
  }
}