{
  "plan_json": [
    {
      "Plan": {
        "Node Type": "Sort",
        "Parallel Aware": false,
        "Async Capable": false,
        "Startup Cost": 301209.85,
        "Total Cost": 301209.86,
        "Plan Rows": 1,
        "Plan Width": 37,
        "Actual Startup Time": 834.44,
        "Actual Total Time": 837.291,
        "Actual Rows": 0,
        "Actual Loops": 1,
        "Sort Key": [
          "(count(*))"
        ],
        "Sort Method": "quicksort",
        "Sort Space Used": 25,
        "Sort Space Type": "Memory",
        "Plans": [
          {
            "Node Type": "Aggregate",
            "Strategy": "Sorted",
            "Partial Mode": "Simple",
            "Parent Relationship": "Outer",
            "Parallel Aware": false,
            "Async Capable": false,
            "Startup Cost": 301209.7,
            "Total Cost": 301209.84,
            "Plan Rows": 1,
            "Plan Width": 37,
            "Actual Startup Time": 834.437,
            "Actual Total Time": 837.288,
            "Actual Rows": 0,
            "Actual Loops": 1,
            "Group Key": [
              "customer_demographics.cd_gender",
              "customer_demographics.cd_marital_status",
              "customer_demographics.cd_education_status",
              "household_demographics.hd_vehicle_count"
            ],
            "Plans": [
              {
                "Node Type": "Gather Merge",
                "Parent Relationship": "Outer",
                "Parallel Aware": false,
                "Async Capable": false,
                "Startup Cost": 301209.7,
                "Total Cost": 301209.82,
                "Plan Rows": 1,
                "Plan Width": 29,
                "Actual Startup Time": 834.436,
                "Actual Total Time": 837.285,
                "Actual Rows": 0,
                "Actual Loops": 1,
                "Workers Planned": 2,
                "Workers Launched": 2,
                "Plans": [
                  {
                    "Node Type": "Sort",
                    "Parent Relationship": "Outer",
                    "Parallel Aware": false,
                    "Async Capable": false,
                    "Startup Cost": 300209.67,
                    "Total Cost": 300209.68,
                    "Plan Rows": 1,
                    "Plan Width": 29,
                    "Actual Startup Time": 829.795,
                    "Actual Total Time": 829.804,
                    "Actual Rows": 0,
                    "Actual Loops": 3,
                    "Sort Key": [
                      "customer_demographics.cd_gender",
                      "customer_demographics.cd_marital_status",
                      "customer_demographics.cd_education_status",
                      "household_demographics.hd_vehicle_count"
                    ],
                    "Sort Method": "quicksort",
                    "Sort Space Used": 25,
                    "Sort Space Type": "Memory",
                    "Workers": [
                      {
                        "Worker Number": 0,
                        "Sort Method": "quicksort",
                        "Sort Space Used": 25,
                        "Sort Space Type": "Memory"
                      },
                      {
                        "Worker Number": 1,
                        "Sort Method": "quicksort",
                        "Sort Space Used": 25,
                        "Sort Space Type": "Memory"
                      }
                    ],
                    "Plans": [
                      {
                        "Node Type": "Nested Loop",
                        "Parent Relationship": "Outer",
                        "Parallel Aware": false,
                        "Async Capable": false,
                        "Join Type": "Inner",
                        "Startup Cost": 300169.66,
                        "Total Cost": 300209.66,
                        "Plan Rows": 1,
                        "Plan Width": 29,
                        "Actual Startup Time": 829.771,
                        "Actual Total Time": 829.779,
                        "Actual Rows": 0,
                        "Actual Loops": 3,
                        "Inner Unique": true,
                        "Join Filter": "(web_sales.ws_warehouse_sk = inventory.inv_warehouse_sk)",
                        "Rows Removed by Join Filter": 0,
                        "Workers": [],
                        "Plans": [
                          {
                            "Node Type": "Nested Loop",
                            "Parent Relationship": "Outer",
                            "Parallel Aware": false,
                            "Async Capable": false,
                            "Join Type": "Inner",
                            "Startup Cost": 300169.1,
                            "Total Cost": 300201.06,
                            "Plan Rows": 1,
                            "Plan Width": 61,
                            "Actual Startup Time": 829.77,
                            "Actual Total Time": 829.778,
                            "Actual Rows": 0,
                            "Actual Loops": 3,
                            "Inner Unique": true,
                            "Workers": [],
                            "Plans": [
                              {
                                "Node Type": "Nested Loop",
                                "Parent Relationship": "Outer",
                                "Parallel Aware": false,
                                "Async Capable": false,
                                "Join Type": "Inner",
                                "Startup Cost": 300168.67,
                                "Total Cost": 300195.45,
                                "Plan Rows": 1,
                                "Plan Width": 40,
                                "Actual Startup Time": 829.77,
                                "Actual Total Time": 829.778,
                                "Actual Rows": 0,
                                "Actual Loops": 3,
                                "Inner Unique": false,
                                "Workers": [],
                                "Plans": [
                                  {
                                    "Node Type": "Nested Loop",
                                    "Parent Relationship": "Outer",
                                    "Parallel Aware": false,
                                    "Async Capable": false,
                                    "Join Type": "Inner",
                                    "Startup Cost": 300166.1,
                                    "Total Cost": 300188.61,
                                    "Plan Rows": 1,
                                    "Plan Width": 43,
                                    "Actual Startup Time": 829.769,
                                    "Actual Total Time": 829.777,
                                    "Actual Rows": 0,
                                    "Actual Loops": 3,
                                    "Inner Unique": true,
                                    "Join Filter": "(web_sales.ws_warehouse_sk = warehouse.w_warehouse_sk)",
                                    "Rows Removed by Join Filter": 0,
                                    "Workers": [],
                                    "Plans": [
                                      {
                                        "Node Type": "Nested Loop",
                                        "Parent Relationship": "Outer",
                                        "Parallel Aware": false,
                                        "Async Capable": false,
                                        "Join Type": "Inner",
                                        "Startup Cost": 300166.1,
                                        "Total Cost": 300187.38,
                                        "Plan Rows": 1,
                                        "Plan Width": 36,
                                        "Actual Startup Time": 829.769,
                                        "Actual Total Time": 829.776,
                                        "Actual Rows": 0,
                                        "Actual Loops": 3,
                                        "Inner Unique": true,
                                        "Join Filter": "((d2.d_date >= d1.d_date) AND (d2.d_date <= (d1.d_date + '30 days'::interval)))",
                                        "Rows Removed by Join Filter": 0,
                                        "Workers": [],
                                        "Plans": [
                                          {
                                            "Node Type": "Merge Join",
                                            "Parent Relationship": "Outer",
                                            "Parallel Aware": false,
                                            "Async Capable": false,
                                            "Join Type": "Inner",
                                            "Startup Cost": 300165.81,
                                            "Total Cost": 300181.93,
                                            "Plan Rows": 1,
                                            "Plan Width": 44,
                                            "Actual Startup Time": 829.763,
                                            "Actual Total Time": 829.769,
                                            "Actual Rows": 0,
                                            "Actual Loops": 3,
                                            "Inner Unique": true,
                                            "Merge Cond": "(store_sales.ss_sold_date_sk = d1.d_date_sk)",
                                            "Workers": [],
                                            "Plans": [
                                              {
                                                "Node Type": "Sort",
                                                "Parent Relationship": "Outer",
                                                "Parallel Aware": false,
                                                "Async Capable": false,
                                                "Startup Cost": 299878.96,
                                                "Total Cost": 299878.96,
                                                "Plan Rows": 2,
                                                "Plan Width": 36,
                                                "Actual Startup Time": 829.718,
                                                "Actual Total Time": 829.725,
                                                "Actual Rows": 0,
                                                "Actual Loops": 3,
                                                "Sort Key": [
                                                  "store_sales.ss_sold_date_sk"
                                                ],
                                                "Sort Method": "quicksort",
                                                "Sort Space Used": 25,
                                                "Sort Space Type": "Memory",
                                                "Workers": [
                                                  {
                                                    "Worker Number": 0,
                                                    "Sort Method": "quicksort",
                                                    "Sort Space Used": 25,
                                                    "Sort Space Type": "Memory"
                                                  },
                                                  {
                                                    "Worker Number": 1,
                                                    "Sort Method": "quicksort",
                                                    "Sort Space Used": 25,
                                                    "Sort Space Type": "Memory"
                                                  }
                                                ],
                                                "Plans": [
                                                  {
                                                    "Node Type": "Nested Loop",
                                                    "Parent Relationship": "Outer",
                                                    "Parallel Aware": false,
                                                    "Async Capable": false,
                                                    "Join Type": "Inner",
                                                    "Startup Cost": 32934.76,
                                                    "Total Cost": 299878.95,
                                                    "Plan Rows": 2,
                                                    "Plan Width": 36,
                                                    "Actual Startup Time": 711.819,
                                                    "Actual Total Time": 829.719,
                                                    "Actual Rows": 0,
                                                    "Actual Loops": 3,
                                                    "Inner Unique": false,
                                                    "Join Filter": "((item.i_item_sk = store_sales.ss_item_sk) AND (customer.c_customer_sk = store_sales.ss_customer_sk))",
                                                    "Rows Removed by Join Filter": 0,
                                                    "Workers": [],
                                                    "Plans": [
                                                      {
                                                        "Node Type": "Hash Join",
                                                        "Parent Relationship": "Outer",
                                                        "Parallel Aware": true,
                                                        "Async Capable": false,
                                                        "Join Type": "Inner",
                                                        "Startup Cost": 32934.2,
                                                        "Total Cost": 266321.65,
                                                        "Plan Rows": 2787,
                                                        "Plan Width": 32,
                                                        "Actual Startup Time": 93.48,
                                                        "Actual Total Time": 549.913,
                                                        "Actual Rows": 1383,
                                                        "Actual Loops": 3,
                                                        "Inner Unique": true,
                                                        "Hash Cond": "(web_sales.ws_item_sk = item.i_item_sk)",
                                                        "Workers": [],
                                                        "Plans": [
                                                          {
                                                            "Node Type": "Hash Join",
                                                            "Parent Relationship": "Outer",
                                                            "Parallel Aware": true,
                                                            "Async Capable": false,
                                                            "Join Type": "Inner",
                                                            "Startup Cost": 24829.55,
                                                            "Total Cost": 258012.74,
                                                            "Plan Rows": 77809,
                                                            "Plan Width": 28,
                                                            "Actual Startup Time": 79.361,
                                                            "Actual Total Time": 528.287,
                                                            "Actual Rows": 43134,
                                                            "Actual Loops": 3,
                                                            "Inner Unique": false,
                                                            "Hash Cond": "(web_sales.ws_bill_customer_sk = customer.c_customer_sk)",
                                                            "Workers": [],
                                                            "Plans": [
                                                              {
                                                                "Node Type": "Seq Scan",
                                                                "Parent Relationship": "Outer",
                                                                "Parallel Aware": true,
                                                                "Async Capable": false,
                                                                "Relation Name": "web_sales",
                                                                "Alias": "web_sales",
                                                                "Startup Cost": 0.0,
                                                                "Total Cost": 230643.35,
                                                                "Plan Rows": 590834,
                                                                "Plan Width": 16,
                                                                "Actual Startup Time": 0.03,
                                                                "Actual Total Time": 381.798,
                                                                "Actual Rows": 482043,
                                                                "Actual Loops": 3,
                                                                "Filter": "((ws_wholesale_cost >= '76'::numeric) AND (ws_wholesale_cost <= '96'::numeric))",
                                                                "Rows Removed by Filter": 1917146,
                                                                "Workers": []
                                                              },
                                                              {
                                                                "Node Type": "Hash",
                                                                "Parent Relationship": "Inner",
                                                                "Parallel Aware": true,
                                                                "Async Capable": false,
                                                                "Startup Cost": 24486.53,
                                                                "Total Cost": 24486.53,
                                                                "Plan Rows": 27442,
                                                                "Plan Width": 12,
                                                                "Actual Startup Time": 78.949,
                                                                "Actual Total Time": 78.953,
                                                                "Actual Rows": 22417,
                                                                "Actual Loops": 3,
                                                                "Hash Buckets": 131072,
                                                                "Original Hash Buckets": 131072,
                                                                "Hash Batches": 1,
                                                                "Original Hash Batches": 1,
                                                                "Peak Memory Usage": 4224,
                                                                "Workers": [],
                                                                "Plans": [
                                                                  {
                                                                    "Node Type": "Hash Join",
                                                                    "Parent Relationship": "Outer",
                                                                    "Parallel Aware": true,
                                                                    "Async Capable": false,
                                                                    "Join Type": "Inner",
                                                                    "Startup Cost": 7501.53,
                                                                    "Total Cost": 24486.53,
                                                                    "Plan Rows": 27442,
                                                                    "Plan Width": 12,
                                                                    "Actual Startup Time": 17.196,
                                                                    "Actual Total Time": 73.88,
                                                                    "Actual Rows": 22417,
                                                                    "Actual Loops": 3,
                                                                    "Inner Unique": true,
                                                                    "Hash Cond": "(customer.c_current_addr_sk = customer_address.ca_address_sk)",
                                                                    "Workers": [],
                                                                    "Plans": [
                                                                      {
                                                                        "Node Type": "Hash Join",
                                                                        "Parent Relationship": "Outer",
                                                                        "Parallel Aware": false,
                                                                        "Async Capable": false,
                                                                        "Join Type": "Inner",
                                                                        "Startup Cost": 215.0,
                                                                        "Total Cost": 16672.52,
                                                                        "Plan Rows": 200938,
                                                                        "Plan Width": 16,
                                                                        "Actual Startup Time": 1.071,
                                                                        "Actual Total Time": 41.368,
                                                                        "Actual Rows": 160832,
                                                                        "Actual Loops": 3,
                                                                        "Inner Unique": true,
                                                                        "Hash Cond": "(customer.c_current_hdemo_sk = household_demographics.hd_demo_sk)",
                                                                        "Workers": [],
                                                                        "Plans": [
                                                                          {
                                                                            "Node Type": "Seq Scan",
                                                                            "Parent Relationship": "Outer",
                                                                            "Parallel Aware": true,
                                                                            "Async Capable": false,
                                                                            "Relation Name": "customer",
                                                                            "Alias": "customer",
                                                                            "Startup Cost": 0.0,
                                                                            "Total Cost": 15910.33,
                                                                            "Plan Rows": 208333,
                                                                            "Plan Width": 16,
                                                                            "Actual Startup Time": 0.017,
                                                                            "Actual Total Time": 15.68,
                                                                            "Actual Rows": 166667,
                                                                            "Actual Loops": 3,
                                                                            "Workers": []
                                                                          },
                                                                          {
                                                                            "Node Type": "Hash",
                                                                            "Parent Relationship": "Inner",
                                                                            "Parallel Aware": false,
                                                                            "Async Capable": false,
                                                                            "Startup Cost": 125.0,
                                                                            "Total Cost": 125.0,
                                                                            "Plan Rows": 7200,
                                                                            "Plan Width": 8,
                                                                            "Actual Startup Time": 1.026,
                                                                            "Actual Total Time": 1.027,
                                                                            "Actual Rows": 7200,
                                                                            "Actual Loops": 3,
                                                                            "Hash Buckets": 8192,
                                                                            "Original Hash Buckets": 8192,
                                                                            "Hash Batches": 1,
                                                                            "Original Hash Batches": 1,
                                                                            "Peak Memory Usage": 346,
                                                                            "Workers": [],
                                                                            "Plans": [
                                                                              {
                                                                                "Node Type": "Seq Scan",
                                                                                "Parent Relationship": "Outer",
                                                                                "Parallel Aware": false,
                                                                                "Async Capable": false,
                                                                                "Relation Name": "household_demographics",
                                                                                "Alias": "household_demographics",
                                                                                "Startup Cost": 0.0,
                                                                                "Total Cost": 125.0,
                                                                                "Plan Rows": 7200,
                                                                                "Plan Width": 8,
                                                                                "Actual Startup Time": 0.012,
                                                                                "Actual Total Time": 0.526,
                                                                                "Actual Rows": 7200,
                                                                                "Actual Loops": 3,
                                                                                "Workers": []
                                                                              }
                                                                            ]
                                                                          }
                                                                        ]
                                                                      },
                                                                      {
                                                                        "Node Type": "Hash",
                                                                        "Parent Relationship": "Inner",
                                                                        "Parallel Aware": true,
                                                                        "Async Capable": false,
                                                                        "Startup Cost": 7108.71,
                                                                        "Total Cost": 7108.71,
                                                                        "Plan Rows": 14226,
                                                                        "Plan Width": 4,
                                                                        "Actual Startup Time": 15.947,
                                                                        "Actual Total Time": 15.948,
                                                                        "Actual Rows": 11622,
                                                                        "Actual Loops": 3,
                                                                        "Hash Buckets": 65536,
                                                                        "Original Hash Buckets": 65536,
                                                                        "Hash Batches": 1,
                                                                        "Original Hash Batches": 1,
                                                                        "Peak Memory Usage": 1920,
                                                                        "Workers": [],
                                                                        "Plans": [
                                                                          {
                                                                            "Node Type": "Seq Scan",
                                                                            "Parent Relationship": "Outer",
                                                                            "Parallel Aware": true,
                                                                            "Async Capable": false,
                                                                            "Relation Name": "customer_address",
                                                                            "Alias": "customer_address",
                                                                            "Startup Cost": 0.0,
                                                                            "Total Cost": 7108.71,
                                                                            "Plan Rows": 14226,
                                                                            "Plan Width": 4,
                                                                            "Actual Startup Time": 0.027,
                                                                            "Actual Total Time": 14.172,
                                                                            "Actual Rows": 11622,
                                                                            "Actual Loops": 3,
                                                                            "Filter": "(ca_state = ANY ('{AR,CA,KS,NY,VA}'::bpchar[]))",
                                                                            "Rows Removed by Filter": 71711,
                                                                            "Workers": []
                                                                          }
                                                                        ]
                                                                      }
                                                                    ]
                                                                  }
                                                                ]
                                                              }
                                                            ]
                                                          },
                                                          {
                                                            "Node Type": "Hash",
                                                            "Parent Relationship": "Inner",
                                                            "Parallel Aware": true,
                                                            "Async Capable": false,
                                                            "Startup Cost": 8085.62,
                                                            "Total Cost": 8085.62,
                                                            "Plan Rows": 1522,
                                                            "Plan Width": 4,
                                                            "Actual Startup Time": 13.973,
                                                            "Actual Total Time": 13.974,
                                                            "Actual Rows": 1255,
                                                            "Actual Loops": 3,
                                                            "Hash Buckets": 4096,
                                                            "Original Hash Buckets": 4096,
                                                            "Hash Batches": 1,
                                                            "Original Hash Batches": 1,
                                                            "Peak Memory Usage": 224,
                                                            "Workers": [],
                                                            "Plans": [
                                                              {
                                                                "Node Type": "Seq Scan",
                                                                "Parent Relationship": "Outer",
                                                                "Parallel Aware": true,
                                                                "Async Capable": false,
                                                                "Relation Name": "item",
                                                                "Alias": "item",
                                                                "Startup Cost": 0.0,
                                                                "Total Cost": 8085.62,
                                                                "Plan Rows": 1522,
                                                                "Plan Width": 4,
                                                                "Actual Startup Time": 0.031,
                                                                "Actual Total Time": 13.677,
                                                                "Actual Rows": 1255,
                                                                "Actual Loops": 3,
                                                                "Filter": "((i_category = ANY ('{Men,Shoes,Sports}'::bpchar[])) AND (i_manager_id = ANY ('{6,11,16,17,19,28,47,82,88,98}'::integer[])))",
                                                                "Rows Removed by Filter": 32745,
                                                                "Workers": []
                                                              }
                                                            ]
                                                          }
                                                        ]
                                                      },
                                                      {
                                                        "Node Type": "Index Scan",
                                                        "Parent Relationship": "Inner",
                                                        "Parallel Aware": false,
                                                        "Async Capable": false,
                                                        "Scan Direction": "Forward",
                                                        "Index Name": "_dta_index_store_sales_5_1333579789__k4_k8_k3_k1_16",
                                                        "Relation Name": "store_sales",
                                                        "Alias": "store_sales",
                                                        "Startup Cost": 0.56,
                                                        "Total Cost": 12.03,
                                                        "Plan Rows": 1,
                                                        "Plan Width": 16,
                                                        "Actual Startup Time": 0.201,
                                                        "Actual Total Time": 0.201,
                                                        "Actual Rows": 0,
                                                        "Actual Loops": 4148,
                                                        "Index Cond": "((ss_customer_sk = web_sales.ws_bill_customer_sk) AND (ss_item_sk = web_sales.ws_item_sk))",
                                                        "Rows Removed by Index Recheck": 0,
                                                        "Workers": []
                                                      }
                                                    ]
                                                  }
                                                ]
                                              },
                                              {
                                                "Node Type": "Index Scan",
                                                "Parent Relationship": "Inner",
                                                "Parallel Aware": false,
                                                "Async Capable": false,
                                                "Scan Direction": "Forward",
                                                "Index Name": "_dta_index_date_dim_6_661577395__k7_k1",
                                                "Relation Name": "date_dim",
                                                "Alias": "d1",
                                                "Startup Cost": 0.29,
                                                "Total Cost": 583.77,
                                                "Plan Rows": 363,
                                                "Plan Width": 8,
                                                "Actual Startup Time": 0.076,
                                                "Actual Total Time": 0.116,
                                                "Actual Rows": 261,
                                                "Actual Loops": 1,
                                                "Index Cond": "(d_year = 1998)",
                                                "Rows Removed by Index Recheck": 0,
                                                "Workers": []
                                              }
                                            ]
                                          },
                                          {
                                            "Node Type": "Index Scan",
                                            "Parent Relationship": "Inner",
                                            "Parallel Aware": false,
                                            "Async Capable": false,
                                            "Scan Direction": "Forward",
                                            "Index Name": "date_dim_pkey",
                                            "Relation Name": "date_dim",
                                            "Alias": "d2",
                                            "Startup Cost": 0.29,
                                            "Total Cost": 5.44,
                                            "Plan Rows": 1,
                                            "Plan Width": 8,
                                            "Actual Startup Time": 0.011,
                                            "Actual Total Time": 0.012,
                                            "Actual Rows": 1,
                                            "Actual Loops": 1,
                                            "Index Cond": "(d_date_sk = web_sales.ws_sold_date_sk)",
                                            "Rows Removed by Index Recheck": 0,
                                            "Workers": []
                                          }
                                        ]
                                      },
                                      {
                                        "Node Type": "Seq Scan",
                                        "Parent Relationship": "Inner",
                                        "Parallel Aware": false,
                                        "Async Capable": false,
                                        "Relation Name": "warehouse",
                                        "Alias": "warehouse",
                                        "Startup Cost": 0.0,
                                        "Total Cost": 1.1,
                                        "Plan Rows": 10,
                                        "Plan Width": 7,
                                        "Actual Startup Time": 0.0,
                                        "Actual Total Time": 0.0,
                                        "Actual Rows": 0,
                                        "Actual Loops": 0,
                                        "Workers": []
                                      }
                                    ]
                                  },
                                  {
                                    "Node Type": "Bitmap Heap Scan",
                                    "Parent Relationship": "Inner",
                                    "Parallel Aware": false,
                                    "Async Capable": false,
                                    "Relation Name": "store",
                                    "Alias": "store",
                                    "Startup Cost": 2.57,
                                    "Total Cost": 6.81,
                                    "Plan Rows": 3,
                                    "Plan Width": 3,
                                    "Actual Startup Time": 0.0,
                                    "Actual Total Time": 0.0,
                                    "Actual Rows": 0,
                                    "Actual Loops": 0,
                                    "Recheck Cond": "(s_state = warehouse.w_state)",
                                    "Rows Removed by Index Recheck": 0,
                                    "Exact Heap Blocks": 0,
                                    "Lossy Heap Blocks": 0,
                                    "Workers": [],
                                    "Plans": [
                                      {
                                        "Node Type": "Bitmap Index Scan",
                                        "Parent Relationship": "Outer",
                                        "Parallel Aware": false,
                                        "Async Capable": false,
                                        "Index Name": "_dta_index_store_6_885578193__k25_k1",
                                        "Startup Cost": 0.0,
                                        "Total Cost": 2.56,
                                        "Plan Rows": 3,
                                        "Plan Width": 0,
                                        "Actual Startup Time": 0.0,
                                        "Actual Total Time": 0.0,
                                        "Actual Rows": 0,
                                        "Actual Loops": 0,
                                        "Index Cond": "(s_state = warehouse.w_state)",
                                        "Workers": []
                                      }
                                    ]
                                  }
                                ]
                              },
                              {
                                "Node Type": "Index Scan",
                                "Parent Relationship": "Inner",
                                "Parallel Aware": false,
                                "Async Capable": false,
                                "Scan Direction": "Forward",
                                "Index Name": "customer_demographics_pkey",
                                "Relation Name": "customer_demographics",
                                "Alias": "customer_demographics",
                                "Startup Cost": 0.43,
                                "Total Cost": 5.61,
                                "Plan Rows": 1,
                                "Plan Width": 29,
                                "Actual Startup Time": 0.0,
                                "Actual Total Time": 0.0,
                                "Actual Rows": 0,
                                "Actual Loops": 0,
                                "Index Cond": "(cd_demo_sk = customer.c_current_cdemo_sk)",
                                "Rows Removed by Index Recheck": 0,
                                "Workers": []
                              }
                            ]
                          },
                          {
                            "Node Type": "Index Scan",
                            "Parent Relationship": "Inner",
                            "Parallel Aware": false,
                            "Async Capable": false,
                            "Scan Direction": "Forward",
                            "Index Name": "inventory_pkey",
                            "Relation Name": "inventory",
                            "Alias": "inventory",
                            "Startup Cost": 0.57,
                            "Total Cost": 8.59,
                            "Plan Rows": 1,
                            "Plan Width": 16,
                            "Actual Startup Time": 0.0,
                            "Actual Total Time": 0.0,
                            "Actual Rows": 0,
                            "Actual Loops": 0,
                            "Index Cond": "((inv_date_sk = store_sales.ss_sold_date_sk) AND (inv_item_sk = store_sales.ss_item_sk) AND (inv_warehouse_sk = warehouse.w_warehouse_sk))",
                            "Rows Removed by Index Recheck": 0,
                            "Filter": "(inv_quantity_on_hand >= store_sales.ss_quantity)",
                            "Rows Removed by Filter": 0,
                            "Workers": []
                          }
                        ]
                      }
                    ]
                  }
                ]
              }
            ]
          }
        ]
      },
      "Planning Time": 135.621,
      "Triggers": [],
      "Execution Time": 837.396
    }
  ],
  "plan_text": "",
  "actual_rows": 0,
  "provenance": {
    "database": "postgres://jakc9:jakc9@127.0.0.1:5434/dsb_sf10",
    "scale_factor": 10,
    "engine": "postgresql",
    "engine_version": "14.3",
    "cached_at": "2026-02-09T21:27:07.891763"
  }
}