{
  "plan_json": [
    {
      "Plan": {
        "Node Type": "Limit",
        "Parallel Aware": false,
        "Async Capable": false,
        "Startup Cost": 978570.98,
        "Total Cost": 978571.02,
        "Plan Rows": 1,
        "Plan Width": 100,
        "Actual Startup Time": 1643.553,
        "Actual Total Time": 1643.651,
        "Actual Rows": 0,
        "Actual Loops": 1,
        "Plans": [
          {
            "Node Type": "Aggregate",
            "Strategy": "Sorted",
            "Partial Mode": "Simple",
            "Parent Relationship": "Outer",
            "Parallel Aware": false,
            "Async Capable": false,
            "Startup Cost": 978570.98,
            "Total Cost": 978571.02,
            "Plan Rows": 1,
            "Plan Width": 100,
            "Actual Startup Time": 1643.552,
            "Actual Total Time": 1643.65,
            "Actual Rows": 0,
            "Actual Loops": 1,
            "Group Key": [
              "customer_demographics.cd_gender",
              "customer_demographics.cd_marital_status",
              "customer_demographics.cd_education_status",
              "customer_demographics.cd_purchase_estimate",
              "customer_demographics.cd_credit_rating",
              "customer_demographics.cd_dep_count",
              "customer_demographics.cd_dep_employed_count",
              "customer_demographics.cd_dep_college_count"
            ],
            "Plans": [
              {
                "Node Type": "Sort",
                "Parent Relationship": "Outer",
                "Parallel Aware": false,
                "Async Capable": false,
                "Startup Cost": 978570.98,
                "Total Cost": 978570.99,
                "Plan Rows": 1,
                "Plan Width": 52,
                "Actual Startup Time": 1643.551,
                "Actual Total Time": 1643.649,
                "Actual Rows": 0,
                "Actual Loops": 1,
                "Sort Key": [
                  "customer_demographics.cd_marital_status",
                  "customer_demographics.cd_education_status",
                  "customer_demographics.cd_purchase_estimate",
                  "customer_demographics.cd_credit_rating",
                  "customer_demographics.cd_dep_count",
                  "customer_demographics.cd_dep_employed_count",
                  "customer_demographics.cd_dep_college_count"
                ],
                "Sort Method": "quicksort",
                "Sort Space Used": 25,
                "Sort Space Type": "Memory",
                "Plans": [
                  {
                    "Node Type": "Nested Loop",
                    "Parent Relationship": "Outer",
                    "Parallel Aware": false,
                    "Async Capable": false,
                    "Join Type": "Inner",
                    "Startup Cost": 56823.77,
                    "Total Cost": 978570.97,
                    "Plan Rows": 1,
                    "Plan Width": 52,
                    "Actual Startup Time": 1643.538,
                    "Actual Total Time": 1643.636,
                    "Actual Rows": 0,
                    "Actual Loops": 1,
                    "Inner Unique": true,
                    "Plans": [
                      {
                        "Node Type": "Nested Loop",
                        "Parent Relationship": "Outer",
                        "Parallel Aware": false,
                        "Async Capable": false,
                        "Join Type": "Inner",
                        "Startup Cost": 56823.34,
                        "Total Cost": 978567.88,
                        "Plan Rows": 1,
                        "Plan Width": 4,
                        "Actual Startup Time": 1643.537,
                        "Actual Total Time": 1643.635,
                        "Actual Rows": 0,
                        "Actual Loops": 1,
                        "Inner Unique": true,
                        "Plans": [
                          {
                            "Node Type": "Nested Loop",
                            "Parent Relationship": "Outer",
                            "Parallel Aware": false,
                            "Async Capable": false,
                            "Join Type": "Inner",
                            "Startup Cost": 56822.92,
                            "Total Cost": 978566.42,
                            "Plan Rows": 1,
                            "Plan Width": 8,
                            "Actual Startup Time": 1608.115,
                            "Actual Total Time": 1643.529,
                            "Actual Rows": 7,
                            "Actual Loops": 1,
                            "Inner Unique": true,
                            "Plans": [
                              {
                                "Node Type": "Aggregate",
                                "Strategy": "Hashed",
                                "Partial Mode": "Simple",
                                "Parent Relationship": "Outer",
                                "Parallel Aware": false,
                                "Async Capable": false,
                                "Startup Cost": 56822.5,
                                "Total Cost": 56822.58,
                                "Plan Rows": 8,
                                "Plan Width": 4,
                                "Actual Startup Time": 909.306,
                                "Actual Total Time": 909.838,
                                "Actual Rows": 1942,
                                "Actual Loops": 1,
                                "Group Key": [
                                  "store_sales.ss_customer_sk"
                                ],
                                "Planned Partitions": 0,
                                "HashAgg Batches": 1,
                                "Peak Memory Usage": 265,
                                "Disk Usage": 0,
                                "Plans": [
                                  {
                                    "Node Type": "Gather",
                                    "Parent Relationship": "Outer",
                                    "Parallel Aware": false,
                                    "Async Capable": false,
                                    "Startup Cost": 1001.15,
                                    "Total Cost": 56822.48,
                                    "Plan Rows": 8,
                                    "Plan Width": 4,
                                    "Actual Startup Time": 0.946,
                                    "Actual Total Time": 907.944,
                                    "Actual Rows": 2012,
                                    "Actual Loops": 1,
                                    "Workers Planned": 2,
                                    "Workers Launched": 2,
                                    "Single Copy": false,
                                    "Plans": [
                                      {
                                        "Node Type": "Nested Loop",
                                        "Parent Relationship": "Outer",
                                        "Parallel Aware": false,
                                        "Async Capable": false,
                                        "Join Type": "Inner",
                                        "Startup Cost": 1.15,
                                        "Total Cost": 55821.68,
                                        "Plan Rows": 3,
                                        "Plan Width": 4,
                                        "Actual Startup Time": 1.483,
                                        "Actual Total Time": 303.701,
                                        "Actual Rows": 671,
                                        "Actual Loops": 3,
                                        "Inner Unique": true,
                                        "Workers": [],
                                        "Plans": [
                                          {
                                            "Node Type": "Nested Loop",
                                            "Parent Relationship": "Outer",
                                            "Parallel Aware": false,
                                            "Async Capable": false,
                                            "Join Type": "Inner",
                                            "Startup Cost": 0.85,
                                            "Total Cost": 55727.03,
                                            "Plan Rows": 94,
                                            "Plan Width": 8,
                                            "Actual Startup Time": 1.472,
                                            "Actual Total Time": 230.581,
                                            "Actual Rows": 40552,
                                            "Actual Loops": 3,
                                            "Inner Unique": false,
                                            "Workers": [],
                                            "Plans": [
                                              {
                                                "Node Type": "Index Only Scan",
                                                "Parent Relationship": "Outer",
                                                "Parallel Aware": true,
                                                "Async Capable": false,
                                                "Scan Direction": "Forward",
                                                "Index Name": "_dta_index_date_dim_6_661577395__k1_k7_k9",
                                                "Relation Name": "date_dim",
                                                "Alias": "date_dim",
                                                "Startup Cost": 0.29,
                                                "Total Cost": 2041.91,
                                                "Plan Rows": 50,
                                                "Plan Width": 4,
                                                "Actual Startup Time": 1.451,
                                                "Actual Total Time": 1.483,
                                                "Actual Rows": 41,
                                                "Actual Loops": 3,
                                                "Index Cond": "((d_year = 1999) AND (d_moy >= 8) AND (d_moy <= 11))",
                                                "Rows Removed by Index Recheck": 0,
                                                "Heap Fetches": 0,
                                                "Workers": []
                                              },
                                              {
                                                "Node Type": "Index Only Scan",
                                                "Parent Relationship": "Inner",
                                                "Parallel Aware": false,
                                                "Async Capable": false,
                                                "Scan Direction": "Forward",
                                                "Index Name": "_dta_index_store_sales_6_1333579789__k1_k23_k14_k6_k8_k5_k7_3_4",
                                                "Relation Name": "store_sales",
                                                "Alias": "store_sales",
                                                "Startup Cost": 0.56,
                                                "Total Cost": 1073.03,
                                                "Plan Rows": 67,
                                                "Plan Width": 12,
                                                "Actual Startup Time": 0.014,
                                                "Actual Total Time": 5.567,
                                                "Actual Rows": 997,
                                                "Actual Loops": 122,
                                                "Index Cond": "(ss_sold_date_sk = date_dim.d_date_sk)",
                                                "Rows Removed by Index Recheck": 0,
                                                "Filter": "(((ss_sales_price / ss_list_price) >= 0.20) AND ((ss_sales_price / ss_list_price) <= 0.30))",
                                                "Rows Removed by Filter": 10125,
                                                "Heap Fetches": 0,
                                                "Workers": []
                                              }
                                            ]
                                          },
                                          {
                                            "Node Type": "Index Scan",
                                            "Parent Relationship": "Inner",
                                            "Parallel Aware": false,
                                            "Async Capable": false,
                                            "Scan Direction": "Forward",
                                            "Index Name": "item_pkey",
                                            "Relation Name": "item",
                                            "Alias": "item",
                                            "Startup Cost": 0.29,
                                            "Total Cost": 1.01,
                                            "Plan Rows": 1,
                                            "Plan Width": 4,
                                            "Actual Startup Time": 0.002,
                                            "Actual Total Time": 0.002,
                                            "Actual Rows": 0,
                                            "Actual Loops": 121657,
                                            "Index Cond": "(i_item_sk = store_sales.ss_item_sk)",
                                            "Rows Removed by Index Recheck": 0,
                                            "Filter": "((i_manager_id >= 66) AND (i_manager_id <= 75) AND (i_category = ANY ('{Children,Electronics,Music}'::bpchar[])))",
                                            "Rows Removed by Filter": 1,
                                            "Workers": []
                                          }
                                        ]
                                      }
                                    ]
                                  }
                                ]
                              },
                              {
                                "Node Type": "Index Scan",
                                "Parent Relationship": "Inner",
                                "Parallel Aware": false,
                                "Async Capable": false,
                                "Scan Direction": "Forward",
                                "Index Name": "_dta_index_customer_6_949578421__k1_k5",
                                "Relation Name": "customer",
                                "Alias": "c",
                                "Startup Cost": 0.42,
                                "Total Cost": 115212.53,
                                "Plan Rows": 1,
                                "Plan Width": 12,
                                "Actual Startup Time": 0.378,
                                "Actual Total Time": 0.378,
                                "Actual Rows": 0,
                                "Actual Loops": 1942,
                                "Index Cond": "(c_customer_sk = store_sales.ss_customer_sk)",
                                "Rows Removed by Index Recheck": 0,
                                "Filter": "((c_birth_month = ANY ('{1,5}'::integer[])) AND ((SubPlan 1) OR (hashed SubPlan 4)))",
                                "Rows Removed by Filter": 1,
                                "Plans": [
                                  {
                                    "Node Type": "Nested Loop",
                                    "Parent Relationship": "SubPlan",
                                    "Subplan Name": "SubPlan 1",
                                    "Parallel Aware": false,
                                    "Async Capable": false,
                                    "Join Type": "Inner",
                                    "Startup Cost": 1.14,
                                    "Total Cost": 1032.14,
                                    "Plan Rows": 1,
                                    "Plan Width": 0,
                                    "Actual Startup Time": 0.168,
                                    "Actual Total Time": 0.168,
                                    "Actual Rows": 0,
                                    "Actual Loops": 229,
                                    "Inner Unique": true,
                                    "Plans": [
                                      {
                                        "Node Type": "Nested Loop",
                                        "Parent Relationship": "Outer",
                                        "Parallel Aware": false,
                                        "Async Capable": false,
                                        "Join Type": "Inner",
                                        "Startup Cost": 0.85,
                                        "Total Cost": 1023.82,
                                        "Plan Rows": 1,
                                        "Plan Width": 4,
                                        "Actual Startup Time": 0.142,
                                        "Actual Total Time": 0.166,
                                        "Actual Rows": 1,
                                        "Actual Loops": 229,
                                        "Inner Unique": false,
                                        "Plans": [
                                          {
                                            "Node Type": "Index Only Scan",
                                            "Parent Relationship": "Outer",
                                            "Parallel Aware": false,
                                            "Async Capable": false,
                                            "Scan Direction": "Forward",
                                            "Index Name": "_dta_index_date_dim_6_661577395__k7_k9_k1",
                                            "Relation Name": "date_dim",
                                            "Alias": "date_dim_1",
                                            "Startup Cost": 0.42,
                                            "Total Cost": 7.12,
                                            "Plan Rows": 120,
                                            "Plan Width": 4,
                                            "Actual Startup Time": 0.004,
                                            "Actual Total Time": 0.011,
                                            "Actual Rows": 121,
                                            "Actual Loops": 229,
                                            "Index Cond": "((d_year = 1999) AND (d_moy >= 8) AND (d_moy <= 11))",
                                            "Rows Removed by Index Recheck": 0,
                                            "Heap Fetches": 0
                                          },
                                          {
                                            "Node Type": "Index Scan",
                                            "Parent Relationship": "Inner",
                                            "Parallel Aware": false,
                                            "Async Capable": false,
                                            "Scan Direction": "Forward",
                                            "Index Name": "_dta_index_web_sales_6_1269579561__k1_k5",
                                            "Relation Name": "web_sales",
                                            "Alias": "web_sales",
                                            "Startup Cost": 0.43,
                                            "Total Cost": 8.46,
                                            "Plan Rows": 1,
                                            "Plan Width": 8,
                                            "Actual Startup Time": 0.001,
                                            "Actual Total Time": 0.001,
                                            "Actual Rows": 0,
                                            "Actual Loops": 27711,
                                            "Index Cond": "((ws_sold_date_sk = date_dim_1.d_date_sk) AND (ws_bill_customer_sk = c.c_customer_sk))",
                                            "Rows Removed by Index Recheck": 0,
                                            "Filter": "(((ws_sales_price / ws_list_price) >= 0.20) AND ((ws_sales_price / ws_list_price) <= 0.30))",
                                            "Rows Removed by Filter": 0
                                          }
                                        ]
                                      },
                                      {
                                        "Node Type": "Index Scan",
                                        "Parent Relationship": "Inner",
                                        "Parallel Aware": false,
                                        "Async Capable": false,
                                        "Scan Direction": "Forward",
                                        "Index Name": "item_pkey",
                                        "Relation Name": "item",
                                        "Alias": "item_1",
                                        "Startup Cost": 0.29,
                                        "Total Cost": 8.32,
                                        "Plan Rows": 1,
                                        "Plan Width": 4,
                                        "Actual Startup Time": 0.002,
                                        "Actual Total Time": 0.002,
                                        "Actual Rows": 0,
                                        "Actual Loops": 200,
                                        "Index Cond": "(i_item_sk = web_sales.ws_item_sk)",
                                        "Rows Removed by Index Recheck": 0,
                                        "Filter": "((i_manager_id >= 66) AND (i_manager_id <= 75) AND (i_category = ANY ('{Children,Electronics,Music}'::bpchar[])))",
                                        "Rows Removed by Filter": 1
                                      }
                                    ]
                                  },
                                  {
                                    "Node Type": "Gather",
                                    "Parent Relationship": "SubPlan",
                                    "Subplan Name": "SubPlan 4",
                                    "Parallel Aware": false,
                                    "Async Capable": false,
                                    "Startup Cost": 1001.02,
                                    "Total Cost": 49733.63,
                                    "Plan Rows": 4,
                                    "Plan Width": 4,
                                    "Actual Startup Time": 1.375,
                                    "Actual Total Time": 682.188,
                                    "Actual Rows": 1630,
                                    "Actual Loops": 1,
                                    "Workers Planned": 2,
                                    "Workers Launched": 2,
                                    "Single Copy": false,
                                    "Plans": [
                                      {
                                        "Node Type": "Nested Loop",
                                        "Parent Relationship": "Outer",
                                        "Parallel Aware": false,
                                        "Async Capable": false,
                                        "Join Type": "Inner",
                                        "Startup Cost": 1.02,
                                        "Total Cost": 48733.23,
                                        "Plan Rows": 2,
                                        "Plan Width": 4,
                                        "Actual Startup Time": 1.474,
                                        "Actual Total Time": 228.31,
                                        "Actual Rows": 543,
                                        "Actual Loops": 3,
                                        "Inner Unique": true,
                                        "Workers": [],
                                        "Plans": [
                                          {
                                            "Node Type": "Nested Loop",
                                            "Parent Relationship": "Outer",
                                            "Parallel Aware": false,
                                            "Async Capable": false,
                                            "Join Type": "Inner",
                                            "Startup Cost": 0.73,
                                            "Total Cost": 48697.86,
                                            "Plan Rows": 49,
                                            "Plan Width": 8,
                                            "Actual Startup Time": 1.447,
                                            "Actual Total Time": 173.213,
                                            "Actual Rows": 33110,
                                            "Actual Loops": 3,
                                            "Inner Unique": false,
                                            "Workers": [],
                                            "Plans": [
                                              {
                                                "Node Type": "Index Only Scan",
                                                "Parent Relationship": "Outer",
                                                "Parallel Aware": true,
                                                "Async Capable": false,
                                                "Scan Direction": "Forward",
                                                "Index Name": "_dta_index_date_dim_6_661577395__k1_k7_k9",
                                                "Relation Name": "date_dim",
                                                "Alias": "date_dim_2",
                                                "Startup Cost": 0.29,
                                                "Total Cost": 2041.91,
                                                "Plan Rows": 50,
                                                "Plan Width": 4,
                                                "Actual Startup Time": 1.429,
                                                "Actual Total Time": 1.47,
                                                "Actual Rows": 41,
                                                "Actual Loops": 3,
                                                "Index Cond": "((d_year = 1999) AND (d_moy >= 8) AND (d_moy <= 11))",
                                                "Rows Removed by Index Recheck": 0,
                                                "Heap Fetches": 0,
                                                "Workers": []
                                              },
                                              {
                                                "Node Type": "Index Scan",
                                                "Parent Relationship": "Inner",
                                                "Parallel Aware": false,
                                                "Async Capable": false,
                                                "Scan Direction": "Forward",
                                                "Index Name": "_dta_index_catalog_sales_6_1301579675__k1_4",
                                                "Relation Name": "catalog_sales",
                                                "Alias": "catalog_sales",
                                                "Startup Cost": 0.43,
                                                "Total Cost": 932.78,
                                                "Plan Rows": 34,
                                                "Plan Width": 12,
                                                "Actual Startup Time": 0.011,
                                                "Actual Total Time": 4.164,
                                                "Actual Rows": 814,
                                                "Actual Loops": 122,
                                                "Index Cond": "(cs_sold_date_sk = date_dim_2.d_date_sk)",
                                                "Rows Removed by Index Recheck": 0,
                                                "Filter": "(((cs_sales_price / cs_list_price) >= 0.20) AND ((cs_sales_price / cs_list_price) <= 0.30))",
                                                "Rows Removed by Filter": 5824,
                                                "Workers": []
                                              }
                                            ]
                                          },
                                          {
                                            "Node Type": "Index Scan",
                                            "Parent Relationship": "Inner",
                                            "Parallel Aware": false,
                                            "Async Capable": false,
                                            "Scan Direction": "Forward",
                                            "Index Name": "item_pkey",
                                            "Relation Name": "item",
                                            "Alias": "item_2",
                                            "Startup Cost": 0.29,
                                            "Total Cost": 0.72,
                                            "Plan Rows": 1,
                                            "Plan Width": 4,
                                            "Actual Startup Time": 0.002,
                                            "Actual Total Time": 0.002,
                                            "Actual Rows": 0,
                                            "Actual Loops": 99331,
                                            "Index Cond": "(i_item_sk = catalog_sales.cs_item_sk)",
                                            "Rows Removed by Index Recheck": 0,
                                            "Filter": "((i_manager_id >= 66) AND (i_manager_id <= 75) AND (i_category = ANY ('{Children,Electronics,Music}'::bpchar[])))",
                                            "Rows Removed by Filter": 1,
                                            "Workers": []
                                          }
                                        ]
                                      }
                                    ]
                                  }
                                ]
                              }
                            ]
                          },
                          {
                            "Node Type": "Index Scan",
                            "Parent Relationship": "Inner",
                            "Parallel Aware": false,
                            "Async Capable": false,
                            "Scan Direction": "Forward",
                            "Index Name": "customer_address_pkey",
                            "Relation Name": "customer_address",
                            "Alias": "ca",
                            "Startup Cost": 0.42,
                            "Total Cost": 1.45,
                            "Plan Rows": 1,
                            "Plan Width": 4,
                            "Actual Startup Time": 0.014,
                            "Actual Total Time": 0.014,
                            "Actual Rows": 0,
                            "Actual Loops": 7,
                            "Index Cond": "(ca_address_sk = c.c_current_addr_sk)",
                            "Rows Removed by Index Recheck": 0,
                            "Filter": "((ca_county)::text = ANY ('{\"Grays Harbor County\",\"Kootenai County\",\"Pike County\",\"Thomas County\",\"Uinta County\"}'::text[]))",
                            "Rows Removed by Filter": 1
                          }
                        ]
                      },
                      {
                        "Node Type": "Index Scan",
                        "Parent Relationship": "Inner",
                        "Parallel Aware": false,
                        "Async Capable": false,
                        "Scan Direction": "Forward",
                        "Index Name": "customer_demographics_pkey",
                        "Relation Name": "customer_demographics",
                        "Alias": "customer_demographics",
                        "Startup Cost": 0.43,
                        "Total Cost": 3.1,
                        "Plan Rows": 1,
                        "Plan Width": 56,
                        "Actual Startup Time": 0.0,
                        "Actual Total Time": 0.0,
                        "Actual Rows": 0,
                        "Actual Loops": 0,
                        "Index Cond": "(cd_demo_sk = c.c_current_cdemo_sk)",
                        "Rows Removed by Index Recheck": 0,
                        "Filter": "((cd_gender = 'M'::bpchar) AND (cd_marital_status = ANY ('{U,U,M}'::bpchar[])) AND (cd_education_status = ANY ('{College,Primary,\"2 yr Degree\"}'::bpchar[])))",
                        "Rows Removed by Filter": 0
                      }
                    ]
                  }
                ]
              }
            ]
          }
        ]
      },
      "Planning Time": 4.19,
      "Triggers": [],
      "Execution Time": 1644.032
    }
  ],
  "plan_text": "",
  "actual_rows": 0,
  "provenance": {
    "database": "postgres://jakc9:jakc9@127.0.0.1:5434/dsb_sf10",
    "scale_factor": 10,
    "engine": "postgresql",
    "engine_version": "14.3",
    "cached_at": "2026-02-09T20:54:11.564384"
  }
}