{
  "plan_json": [
    {
      "Plan": {
        "Node Type": "Limit",
        "Parallel Aware": false,
        "Async Capable": false,
        "Startup Cost": 18213.67,
        "Total Cost": 18215.9,
        "Plan Rows": 1,
        "Plan Width": 237,
        "Actual Startup Time": 638.191,
        "Actual Total Time": 638.262,
        "Actual Rows": 2,
        "Actual Loops": 1,
        "Plans": [
          {
            "Node Type": "Aggregate",
            "Strategy": "Sorted",
            "Partial Mode": "Simple",
            "Parent Relationship": "Outer",
            "Parallel Aware": false,
            "Async Capable": false,
            "Startup Cost": 18213.67,
            "Total Cost": 18215.9,
            "Plan Rows": 1,
            "Plan Width": 237,
            "Actual Startup Time": 638.189,
            "Actual Total Time": 638.259,
            "Actual Rows": 2,
            "Actual Loops": 1,
            "Group Key": [
              "item.i_item_id",
              "item.i_item_desc",
              "store.s_store_id",
              "store.s_store_name"
            ],
            "Plans": [
              {
                "Node Type": "Nested Loop",
                "Parent Relationship": "Outer",
                "Parallel Aware": false,
                "Async Capable": false,
                "Join Type": "Inner",
                "Startup Cost": 18213.67,
                "Total Cost": 18215.86,
                "Plan Rows": 1,
                "Plan Width": 159,
                "Actual Startup Time": 638.175,
                "Actual Total Time": 638.248,
                "Actual Rows": 2,
                "Actual Loops": 1,
                "Inner Unique": true,
                "Plans": [
                  {
                    "Node Type": "Gather Merge",
                    "Parent Relationship": "Outer",
                    "Parallel Aware": false,
                    "Async Capable": false,
                    "Startup Cost": 18213.38,
                    "Total Cost": 18213.5,
                    "Plan Rows": 1,
                    "Plan Width": 163,
                    "Actual Startup Time": 638.161,
                    "Actual Total Time": 638.223,
                    "Actual Rows": 13,
                    "Actual Loops": 1,
                    "Workers Planned": 2,
                    "Workers Launched": 2,
                    "Plans": [
                      {
                        "Node Type": "Sort",
                        "Parent Relationship": "Outer",
                        "Parallel Aware": false,
                        "Async Capable": false,
                        "Startup Cost": 17213.35,
                        "Total Cost": 17213.36,
                        "Plan Rows": 1,
                        "Plan Width": 163,
                        "Actual Startup Time": 213.247,
                        "Actual Total Time": 213.25,
                        "Actual Rows": 4,
                        "Actual Loops": 3,
                        "Sort Key": [
                          "item.i_item_id",
                          "item.i_item_desc",
                          "store.s_store_id",
                          "store.s_store_name"
                        ],
                        "Sort Method": "quicksort",
                        "Sort Space Used": 29,
                        "Sort Space Type": "Memory",
                        "Workers": [
                          {
                            "Worker Number": 0,
                            "Sort Method": "quicksort",
                            "Sort Space Used": 25,
                            "Sort Space Type": "Memory"
                          },
                          {
                            "Worker Number": 1,
                            "Sort Method": "quicksort",
                            "Sort Space Used": 25,
                            "Sort Space Type": "Memory"
                          }
                        ],
                        "Plans": [
                          {
                            "Node Type": "Nested Loop",
                            "Parent Relationship": "Outer",
                            "Parallel Aware": false,
                            "Async Capable": false,
                            "Join Type": "Inner",
                            "Startup Cost": 9.85,
                            "Total Cost": 17213.34,
                            "Plan Rows": 1,
                            "Plan Width": 163,
                            "Actual Startup Time": 39.65,
                            "Actual Total Time": 213.121,
                            "Actual Rows": 4,
                            "Actual Loops": 3,
                            "Inner Unique": true,
                            "Workers": [],
                            "Plans": [
                              {
                                "Node Type": "Nested Loop",
                                "Parent Relationship": "Outer",
                                "Parallel Aware": false,
                                "Async Capable": false,
                                "Join Type": "Inner",
                                "Startup Cost": 9.43,
                                "Total Cost": 17210.98,
                                "Plan Rows": 1,
                                "Plan Width": 55,
                                "Actual Startup Time": 39.63,
                                "Actual Total Time": 213.008,
                                "Actual Rows": 4,
                                "Actual Loops": 3,
                                "Inner Unique": true,
                                "Workers": [],
                                "Plans": [
                                  {
                                    "Node Type": "Nested Loop",
                                    "Parent Relationship": "Outer",
                                    "Parallel Aware": false,
                                    "Async Capable": false,
                                    "Join Type": "Inner",
                                    "Startup Cost": 9.29,
                                    "Total Cost": 17209.19,
                                    "Plan Rows": 1,
                                    "Plan Width": 38,
                                    "Actual Startup Time": 39.623,
                                    "Actual Total Time": 212.971,
                                    "Actual Rows": 4,
                                    "Actual Loops": 3,
                                    "Inner Unique": true,
                                    "Workers": [],
                                    "Plans": [
                                      {
                                        "Node Type": "Hash Join",
                                        "Parent Relationship": "Outer",
                                        "Parallel Aware": false,
                                        "Async Capable": false,
                                        "Join Type": "Inner",
                                        "Startup Cost": 8.85,
                                        "Total Cost": 17204.52,
                                        "Plan Rows": 1,
                                        "Plan Width": 32,
                                        "Actual Startup Time": 39.578,
                                        "Actual Total Time": 212.548,
                                        "Actual Rows": 4,
                                        "Actual Loops": 3,
                                        "Inner Unique": true,
                                        "Hash Cond": "(catalog_sales.cs_sold_date_sk = d3.d_date_sk)",
                                        "Workers": [],
                                        "Plans": [
                                          {
                                            "Node Type": "Nested Loop",
                                            "Parent Relationship": "Outer",
                                            "Parallel Aware": false,
                                            "Async Capable": false,
                                            "Join Type": "Inner",
                                            "Startup Cost": 1.29,
                                            "Total Cost": 17196.92,
                                            "Plan Rows": 12,
                                            "Plan Width": 36,
                                            "Actual Startup Time": 0.903,
                                            "Actual Total Time": 212.394,
                                            "Actual Rows": 63,
                                            "Actual Loops": 3,
                                            "Inner Unique": false,
                                            "Workers": [],
                                            "Plans": [
                                              {
                                                "Node Type": "Nested Loop",
                                                "Parent Relationship": "Outer",
                                                "Parallel Aware": false,
                                                "Async Capable": false,
                                                "Join Type": "Inner",
                                                "Startup Cost": 0.72,
                                                "Total Cost": 7705.42,
                                                "Plan Rows": 3570,
                                                "Plan Width": 18,
                                                "Actual Startup Time": 0.843,
                                                "Actual Total Time": 25.792,
                                                "Actual Rows": 72770,
                                                "Actual Loops": 3,
                                                "Inner Unique": false,
                                                "Workers": [],
                                                "Plans": [
                                                  {
                                                    "Node Type": "Index Only Scan",
                                                    "Parent Relationship": "Outer",
                                                    "Parallel Aware": true,
                                                    "Async Capable": false,
                                                    "Scan Direction": "Forward",
                                                    "Index Name": "_dta_index_date_dim_6_661577395__k1_k7_k9",
                                                    "Relation Name": "date_dim",
                                                    "Alias": "d2",
                                                    "Startup Cost": 0.29,
                                                    "Total Cost": 2041.78,
                                                    "Plan Rows": 38,
                                                    "Plan Width": 4,
                                                    "Actual Startup Time": 0.783,
                                                    "Actual Total Time": 0.83,
                                                    "Actual Rows": 30,
                                                    "Actual Loops": 3,
                                                    "Index Cond": "((d_year = 2000) AND (d_moy >= 2) AND (d_moy <= 4))",
                                                    "Rows Removed by Index Recheck": 0,
                                                    "Heap Fetches": 0,
                                                    "Workers": []
                                                  },
                                                  {
                                                    "Node Type": "Index Only Scan",
                                                    "Parent Relationship": "Inner",
                                                    "Parallel Aware": false,
                                                    "Async Capable": false,
                                                    "Scan Direction": "Forward",
                                                    "Index Name": "_dta_index_store_returns_6_1013578649__k1_3_4_10_20",
                                                    "Relation Name": "store_returns",
                                                    "Alias": "store_returns",
                                                    "Startup Cost": 0.43,
                                                    "Total Cost": 117.82,
                                                    "Plan Rows": 3122,
                                                    "Plan Width": 22,
                                                    "Actual Startup Time": 0.01,
                                                    "Actual Total Time": 0.655,
                                                    "Actual Rows": 2426,
                                                    "Actual Loops": 90,
                                                    "Index Cond": "(sr_returned_date_sk = d2.d_date_sk)",
                                                    "Rows Removed by Index Recheck": 0,
                                                    "Heap Fetches": 0,
                                                    "Workers": []
                                                  }
                                                ]
                                              },
                                              {
                                                "Node Type": "Index Only Scan",
                                                "Parent Relationship": "Inner",
                                                "Parallel Aware": false,
                                                "Async Capable": false,
                                                "Scan Direction": "Forward",
                                                "Index Name": "_dta_index_catalog_sales_6_1301579675__k16_k4_k1_34",
                                                "Relation Name": "catalog_sales",
                                                "Alias": "catalog_sales",
                                                "Startup Cost": 0.56,
                                                "Total Cost": 2.65,
                                                "Plan Rows": 1,
                                                "Plan Width": 18,
                                                "Actual Startup Time": 0.002,
                                                "Actual Total Time": 0.002,
                                                "Actual Rows": 0,
                                                "Actual Loops": 218310,
                                                "Index Cond": "((cs_item_sk = store_returns.sr_item_sk) AND (cs_bill_customer_sk = store_returns.sr_customer_sk))",
                                                "Rows Removed by Index Recheck": 0,
                                                "Heap Fetches": 0,
                                                "Workers": []
                                              }
                                            ]
                                          },
                                          {
                                            "Node Type": "Hash",
                                            "Parent Relationship": "Inner",
                                            "Parallel Aware": false,
                                            "Async Capable": false,
                                            "Startup Cost": 6.44,
                                            "Total Cost": 6.44,
                                            "Plan Rows": 90,
                                            "Plan Width": 4,
                                            "Actual Startup Time": 0.069,
                                            "Actual Total Time": 0.07,
                                            "Actual Rows": 90,
                                            "Actual Loops": 1,
                                            "Hash Buckets": 1024,
                                            "Original Hash Buckets": 1024,
                                            "Hash Batches": 1,
                                            "Original Hash Batches": 1,
                                            "Peak Memory Usage": 12,
                                            "Workers": [],
                                            "Plans": [
                                              {
                                                "Node Type": "Index Only Scan",
                                                "Parent Relationship": "Outer",
                                                "Parallel Aware": false,
                                                "Async Capable": false,
                                                "Scan Direction": "Forward",
                                                "Index Name": "_dta_index_date_dim_6_661577395__k7_k9_k1",
                                                "Relation Name": "date_dim",
                                                "Alias": "d3",
                                                "Startup Cost": 0.42,
                                                "Total Cost": 6.44,
                                                "Plan Rows": 90,
                                                "Plan Width": 4,
                                                "Actual Startup Time": 0.05,
                                                "Actual Total Time": 0.057,
                                                "Actual Rows": 90,
                                                "Actual Loops": 1,
                                                "Index Cond": "((d_year = 2000) AND (d_moy >= 2) AND (d_moy <= 4))",
                                                "Rows Removed by Index Recheck": 0,
                                                "Heap Fetches": 0,
                                                "Workers": []
                                              }
                                            ]
                                          }
                                        ]
                                      },
                                      {
                                        "Node Type": "Index Scan",
                                        "Parent Relationship": "Inner",
                                        "Parallel Aware": false,
                                        "Async Capable": false,
                                        "Scan Direction": "Forward",
                                        "Index Name": "_dta_index_store_sales_6_1333579789__k10_k3",
                                        "Relation Name": "store_sales",
                                        "Alias": "store_sales",
                                        "Startup Cost": 0.44,
                                        "Total Cost": 4.66,
                                        "Plan Rows": 1,
                                        "Plan Width": 26,
                                        "Actual Startup Time": 0.095,
                                        "Actual Total Time": 0.095,
                                        "Actual Rows": 1,
                                        "Actual Loops": 13,
                                        "Index Cond": "((ss_ticket_number = store_returns.sr_ticket_number) AND (ss_item_sk = store_returns.sr_item_sk))",
                                        "Rows Removed by Index Recheck": 0,
                                        "Filter": "(store_returns.sr_customer_sk = ss_customer_sk)",
                                        "Rows Removed by Filter": 0,
                                        "Workers": []
                                      }
                                    ]
                                  },
                                  {
                                    "Node Type": "Index Only Scan",
                                    "Parent Relationship": "Inner",
                                    "Parallel Aware": false,
                                    "Async Capable": false,
                                    "Scan Direction": "Forward",
                                    "Index Name": "_dta_index_store_6_885578193__k1_2_6",
                                    "Relation Name": "store",
                                    "Alias": "store",
                                    "Startup Cost": 0.14,
                                    "Total Cost": 1.76,
                                    "Plan Rows": 1,
                                    "Plan Width": 25,
                                    "Actual Startup Time": 0.005,
                                    "Actual Total Time": 0.005,
                                    "Actual Rows": 1,
                                    "Actual Loops": 13,
                                    "Index Cond": "(s_store_sk = store_sales.ss_store_sk)",
                                    "Rows Removed by Index Recheck": 0,
                                    "Heap Fetches": 13,
                                    "Workers": []
                                  }
                                ]
                              },
                              {
                                "Node Type": "Index Only Scan",
                                "Parent Relationship": "Inner",
                                "Parallel Aware": false,
                                "Async Capable": false,
                                "Scan Direction": "Forward",
                                "Index Name": "_dta_index_item_6_853578079__k1_2_5",
                                "Relation Name": "item",
                                "Alias": "item",
                                "Startup Cost": 0.42,
                                "Total Cost": 2.36,
                                "Plan Rows": 1,
                                "Plan Width": 124,
                                "Actual Startup Time": 0.024,
                                "Actual Total Time": 0.024,
                                "Actual Rows": 1,
                                "Actual Loops": 13,
                                "Index Cond": "(i_item_sk = store_sales.ss_item_sk)",
                                "Rows Removed by Index Recheck": 0,
                                "Heap Fetches": 0,
                                "Workers": []
                              }
                            ]
                          }
                        ]
                      }
                    ]
                  },
                  {
                    "Node Type": "Index Only Scan",
                    "Parent Relationship": "Inner",
                    "Parallel Aware": false,
                    "Async Capable": false,
                    "Scan Direction": "Forward",
                    "Index Name": "_dta_index_date_dim_6_661577395__k1_k7_k9",
                    "Relation Name": "date_dim",
                    "Alias": "d1",
                    "Startup Cost": 0.29,
                    "Total Cost": 2.23,
                    "Plan Rows": 1,
                    "Plan Width": 4,
                    "Actual Startup Time": 0.001,
                    "Actual Total Time": 0.001,
                    "Actual Rows": 0,
                    "Actual Loops": 13,
                    "Index Cond": "((d_date_sk = store_sales.ss_sold_date_sk) AND (d_year = 2000) AND (d_moy = 2))",
                    "Rows Removed by Index Recheck": 0,
                    "Heap Fetches": 0
                  }
                ]
              }
            ]
          }
        ]
      },
      "Planning Time": 44.849,
      "Triggers": [],
      "Execution Time": 638.342
    }
  ],
  "plan_text": "",
  "actual_rows": 0,
  "provenance": {
    "database": "postgres://jakc9:jakc9@127.0.0.1:5434/dsb_sf10",
    "scale_factor": 10,
    "engine": "postgresql",
    "engine_version": "14.3",
    "cached_at": "2026-02-09T20:54:54.999614"
  }
}