{
  "plan_json": [
    {
      "Plan": {
        "Node Type": "Sort",
        "Parallel Aware": false,
        "Async Capable": false,
        "Startup Cost": 55636.41,
        "Total Cost": 55636.42,
        "Plan Rows": 1,
        "Plan Width": 99,
        "Actual Startup Time": 93.751,
        "Actual Total Time": 94.826,
        "Actual Rows": 0,
        "Actual Loops": 1,
        "Sort Key": [
          "(sum(catalog_returns.cr_net_loss)) DESC"
        ],
        "Sort Method": "quicksort",
        "Sort Space Used": 25,
        "Sort Space Type": "Memory",
        "Plans": [
          {
            "Node Type": "Aggregate",
            "Strategy": "Sorted",
            "Partial Mode": "Simple",
            "Parent Relationship": "Outer",
            "Parallel Aware": false,
            "Async Capable": false,
            "Startup Cost": 55636.37,
            "Total Cost": 55636.4,
            "Plan Rows": 1,
            "Plan Width": 99,
            "Actual Startup Time": 93.746,
            "Actual Total Time": 94.821,
            "Actual Rows": 0,
            "Actual Loops": 1,
            "Group Key": [
              "call_center.cc_call_center_id",
              "call_center.cc_name",
              "call_center.cc_manager",
              "customer_demographics.cd_marital_status",
              "customer_demographics.cd_education_status"
            ],
            "Plans": [
              {
                "Node Type": "Sort",
                "Parent Relationship": "Outer",
                "Parallel Aware": false,
                "Async Capable": false,
                "Startup Cost": 55636.37,
                "Total Cost": 55636.38,
                "Plan Rows": 1,
                "Plan Width": 73,
                "Actual Startup Time": 93.745,
                "Actual Total Time": 94.819,
                "Actual Rows": 0,
                "Actual Loops": 1,
                "Sort Key": [
                  "call_center.cc_call_center_id",
                  "call_center.cc_name",
                  "call_center.cc_manager",
                  "customer_demographics.cd_marital_status",
                  "customer_demographics.cd_education_status"
                ],
                "Sort Method": "quicksort",
                "Sort Space Used": 25,
                "Sort Space Type": "Memory",
                "Plans": [
                  {
                    "Node Type": "Gather",
                    "Parent Relationship": "Outer",
                    "Parallel Aware": false,
                    "Async Capable": false,
                    "Startup Cost": 1009.42,
                    "Total Cost": 55636.36,
                    "Plan Rows": 1,
                    "Plan Width": 73,
                    "Actual Startup Time": 93.723,
                    "Actual Total Time": 94.797,
                    "Actual Rows": 0,
                    "Actual Loops": 1,
                    "Workers Planned": 2,
                    "Workers Launched": 2,
                    "Single Copy": false,
                    "Plans": [
                      {
                        "Node Type": "Nested Loop",
                        "Parent Relationship": "Outer",
                        "Parallel Aware": false,
                        "Async Capable": false,
                        "Join Type": "Inner",
                        "Startup Cost": 9.42,
                        "Total Cost": 54636.26,
                        "Plan Rows": 1,
                        "Plan Width": 73,
                        "Actual Startup Time": 89.52,
                        "Actual Total Time": 89.527,
                        "Actual Rows": 0,
                        "Actual Loops": 3,
                        "Inner Unique": true,
                        "Workers": [],
                        "Plans": [
                          {
                            "Node Type": "Nested Loop",
                            "Parent Relationship": "Outer",
                            "Parallel Aware": false,
                            "Async Capable": false,
                            "Join Type": "Inner",
                            "Startup Cost": 8.99,
                            "Total Cost": 54632.9,
                            "Plan Rows": 5,
                            "Plan Width": 54,
                            "Actual Startup Time": 2.186,
                            "Actual Total Time": 89.47,
                            "Actual Rows": 3,
                            "Actual Loops": 3,
                            "Inner Unique": true,
                            "Workers": [],
                            "Plans": [
                              {
                                "Node Type": "Nested Loop",
                                "Parent Relationship": "Outer",
                                "Parallel Aware": false,
                                "Async Capable": false,
                                "Join Type": "Inner",
                                "Startup Cost": 8.57,
                                "Total Cost": 54606.99,
                                "Plan Rows": 53,
                                "Plan Width": 58,
                                "Actual Startup Time": 0.575,
                                "Actual Total Time": 89.134,
                                "Actual Rows": 40,
                                "Actual Loops": 3,
                                "Inner Unique": true,
                                "Workers": [],
                                "Plans": [
                                  {
                                    "Node Type": "Nested Loop",
                                    "Parent Relationship": "Outer",
                                    "Parallel Aware": false,
                                    "Async Capable": false,
                                    "Join Type": "Inner",
                                    "Startup Cost": 8.29,
                                    "Total Cost": 54506.97,
                                    "Plan Rows": 330,
                                    "Plan Width": 62,
                                    "Actual Startup Time": 0.375,
                                    "Actual Total Time": 88.581,
                                    "Actual Rows": 300,
                                    "Actual Loops": 3,
                                    "Inner Unique": true,
                                    "Workers": [],
                                    "Plans": [
                                      {
                                        "Node Type": "Hash Join",
                                        "Parent Relationship": "Outer",
                                        "Parallel Aware": false,
                                        "Async Capable": false,
                                        "Join Type": "Inner",
                                        "Startup Cost": 7.87,
                                        "Total Cost": 54348.73,
                                        "Plan Rows": 338,
                                        "Plan Width": 54,
                                        "Actual Startup Time": 0.341,
                                        "Actual Total Time": 86.812,
                                        "Actual Rows": 304,
                                        "Actual Loops": 3,
                                        "Inner Unique": true,
                                        "Hash Cond": "(catalog_returns.cr_call_center_sk = call_center.cc_call_center_sk)",
                                        "Workers": [],
                                        "Plans": [
                                          {
                                            "Node Type": "Hash Join",
                                            "Parent Relationship": "Outer",
                                            "Parallel Aware": false,
                                            "Async Capable": false,
                                            "Join Type": "Inner",
                                            "Startup Cost": 5.33,
                                            "Total Cost": 54345.13,
                                            "Plan Rows": 345,
                                            "Plan Width": 14,
                                            "Actual Startup Time": 0.245,
                                            "Actual Total Time": 86.663,
                                            "Actual Rows": 312,
                                            "Actual Loops": 3,
                                            "Inner Unique": true,
                                            "Hash Cond": "(catalog_returns.cr_returned_date_sk = date_dim.d_date_sk)",
                                            "Workers": [],
                                            "Plans": [
                                              {
                                                "Node Type": "Seq Scan",
                                                "Parent Relationship": "Outer",
                                                "Parallel Aware": true,
                                                "Async Capable": false,
                                                "Relation Name": "catalog_returns",
                                                "Alias": "catalog_returns",
                                                "Startup Cost": 0.0,
                                                "Total Cost": 51979.0,
                                                "Plan Rows": 899300,
                                                "Plan Width": 18,
                                                "Actual Startup Time": 0.011,
                                                "Actual Total Time": 50.959,
                                                "Actual Rows": 719420,
                                                "Actual Loops": 3,
                                                "Workers": []
                                              },
                                              {
                                                "Node Type": "Hash",
                                                "Parent Relationship": "Inner",
                                                "Parallel Aware": false,
                                                "Async Capable": false,
                                                "Startup Cost": 4.98,
                                                "Total Cost": 4.98,
                                                "Plan Rows": 28,
                                                "Plan Width": 4,
                                                "Actual Startup Time": 0.223,
                                                "Actual Total Time": 0.224,
                                                "Actual Rows": 28,
                                                "Actual Loops": 3,
                                                "Hash Buckets": 1024,
                                                "Original Hash Buckets": 1024,
                                                "Hash Batches": 1,
                                                "Original Hash Batches": 1,
                                                "Peak Memory Usage": 9,
                                                "Workers": [],
                                                "Plans": [
                                                  {
                                                    "Node Type": "Index Only Scan",
                                                    "Parent Relationship": "Outer",
                                                    "Parallel Aware": false,
                                                    "Async Capable": false,
                                                    "Scan Direction": "Forward",
                                                    "Index Name": "_dta_index_date_dim_6_661577395__k9_k7_k1",
                                                    "Relation Name": "date_dim",
                                                    "Alias": "date_dim",
                                                    "Startup Cost": 0.42,
                                                    "Total Cost": 4.98,
                                                    "Plan Rows": 28,
                                                    "Plan Width": 4,
                                                    "Actual Startup Time": 0.215,
                                                    "Actual Total Time": 0.218,
                                                    "Actual Rows": 28,
                                                    "Actual Loops": 3,
                                                    "Index Cond": "((d_moy = 2) AND (d_year = 1998))",
                                                    "Rows Removed by Index Recheck": 0,
                                                    "Heap Fetches": 0,
                                                    "Workers": []
                                                  }
                                                ]
                                              }
                                            ]
                                          },
                                          {
                                            "Node Type": "Hash",
                                            "Parent Relationship": "Inner",
                                            "Parallel Aware": false,
                                            "Async Capable": false,
                                            "Startup Cost": 2.24,
                                            "Total Cost": 2.24,
                                            "Plan Rows": 24,
                                            "Plan Width": 48,
                                            "Actual Startup Time": 0.026,
                                            "Actual Total Time": 0.027,
                                            "Actual Rows": 24,
                                            "Actual Loops": 3,
                                            "Hash Buckets": 1024,
                                            "Original Hash Buckets": 1024,
                                            "Hash Batches": 1,
                                            "Original Hash Batches": 1,
                                            "Peak Memory Usage": 10,
                                            "Workers": [],
                                            "Plans": [
                                              {
                                                "Node Type": "Seq Scan",
                                                "Parent Relationship": "Outer",
                                                "Parallel Aware": false,
                                                "Async Capable": false,
                                                "Relation Name": "call_center",
                                                "Alias": "call_center",
                                                "Startup Cost": 0.0,
                                                "Total Cost": 2.24,
                                                "Plan Rows": 24,
                                                "Plan Width": 48,
                                                "Actual Startup Time": 0.007,
                                                "Actual Total Time": 0.012,
                                                "Actual Rows": 24,
                                                "Actual Loops": 3,
                                                "Workers": []
                                              }
                                            ]
                                          }
                                        ]
                                      },
                                      {
                                        "Node Type": "Index Scan",
                                        "Parent Relationship": "Inner",
                                        "Parallel Aware": false,
                                        "Async Capable": false,
                                        "Scan Direction": "Forward",
                                        "Index Name": "_dta_index_customer_6_949578421__k1_k5",
                                        "Relation Name": "customer",
                                        "Alias": "customer",
                                        "Startup Cost": 0.42,
                                        "Total Cost": 0.47,
                                        "Plan Rows": 1,
                                        "Plan Width": 16,
                                        "Actual Startup Time": 0.006,
                                        "Actual Total Time": 0.006,
                                        "Actual Rows": 1,
                                        "Actual Loops": 912,
                                        "Index Cond": "(c_customer_sk = catalog_returns.cr_returning_customer_sk)",
                                        "Rows Removed by Index Recheck": 0,
                                        "Workers": []
                                      }
                                    ]
                                  },
                                  {
                                    "Node Type": "Index Scan",
                                    "Parent Relationship": "Inner",
                                    "Parallel Aware": false,
                                    "Async Capable": false,
                                    "Scan Direction": "Forward",
                                    "Index Name": "household_demographics_pkey",
                                    "Relation Name": "household_demographics",
                                    "Alias": "household_demographics",
                                    "Startup Cost": 0.28,
                                    "Total Cost": 0.3,
                                    "Plan Rows": 1,
                                    "Plan Width": 4,
                                    "Actual Startup Time": 0.002,
                                    "Actual Total Time": 0.002,
                                    "Actual Rows": 0,
                                    "Actual Loops": 900,
                                    "Index Cond": "(hd_demo_sk = customer.c_current_hdemo_sk)",
                                    "Rows Removed by Index Recheck": 0,
                                    "Filter": "(hd_buy_potential ~~ '1001-5000%'::text)",
                                    "Rows Removed by Filter": 1,
                                    "Workers": []
                                  }
                                ]
                              },
                              {
                                "Node Type": "Index Scan",
                                "Parent Relationship": "Inner",
                                "Parallel Aware": false,
                                "Async Capable": false,
                                "Scan Direction": "Forward",
                                "Index Name": "customer_address_pkey",
                                "Relation Name": "customer_address",
                                "Alias": "customer_address",
                                "Startup Cost": 0.42,
                                "Total Cost": 0.49,
                                "Plan Rows": 1,
                                "Plan Width": 4,
                                "Actual Startup Time": 0.008,
                                "Actual Total Time": 0.008,
                                "Actual Rows": 0,
                                "Actual Loops": 121,
                                "Index Cond": "(ca_address_sk = customer.c_current_addr_sk)",
                                "Rows Removed by Index Recheck": 0,
                                "Filter": "(ca_gmt_offset = '-7'::numeric)",
                                "Rows Removed by Filter": 1,
                                "Workers": []
                              }
                            ]
                          },
                          {
                            "Node Type": "Index Scan",
                            "Parent Relationship": "Inner",
                            "Parallel Aware": false,
                            "Async Capable": false,
                            "Scan Direction": "Forward",
                            "Index Name": "customer_demographics_pkey",
                            "Relation Name": "customer_demographics",
                            "Alias": "customer_demographics",
                            "Startup Cost": 0.43,
                            "Total Cost": 0.67,
                            "Plan Rows": 1,
                            "Plan Width": 27,
                            "Actual Startup Time": 0.018,
                            "Actual Total Time": 0.018,
                            "Actual Rows": 0,
                            "Actual Loops": 9,
                            "Index Cond": "(cd_demo_sk = customer.c_current_cdemo_sk)",
                            "Rows Removed by Index Recheck": 0,
                            "Filter": "(((cd_marital_status = 'M'::bpchar) AND (cd_education_status = 'Unknown'::bpchar)) OR ((cd_marital_status = 'W'::bpchar) AND (cd_education_status = 'Advanced Degree'::bpchar)))",
                            "Rows Removed by Filter": 1,
                            "Workers": []
                          }
                        ]
                      }
                    ]
                  }
                ]
              }
            ]
          }
        ]
      },
      "Planning Time": 1.326,
      "Triggers": [],
      "Execution Time": 94.902
    }
  ],
  "plan_text": "",
  "actual_rows": 0,
  "provenance": {
    "database": "postgres://jakc9:jakc9@127.0.0.1:5434/dsb_sf10",
    "scale_factor": 10,
    "engine": "postgresql",
    "engine_version": "14.3",
    "cached_at": "2026-02-09T21:16:54.012093"
  }
}