{
  "plan_json": [
    {
      "Plan": {
        "Node Type": "Nested Loop",
        "Parallel Aware": false,
        "Async Capable": false,
        "Join Type": "Inner",
        "Startup Cost": 939608.87,
        "Total Cost": 939631.01,
        "Plan Rows": 1,
        "Plan Width": 210,
        "Actual Startup Time": 1348.906,
        "Actual Total Time": 1351.276,
        "Actual Rows": 0,
        "Actual Loops": 1,
        "Inner Unique": false,
        "Join Filter": "(((ss1.ca_county)::text = (ws3.ca_county)::text) AND (CASE WHEN (ws2.web_sales > '0'::numeric) THEN (ws3.web_sales / ws2.web_sales) ELSE NULL::numeric END > CASE WHEN (ss2.store_sales > '0'::numeric) THEN (ss3.store_sales / ss2.store_sales) ELSE NULL::numeric END))",
        "Rows Removed by Join Filter": 0,
        "Plans": [
          {
            "Node Type": "Aggregate",
            "Strategy": "Sorted",
            "Partial Mode": "Finalize",
            "Parent Relationship": "InitPlan",
            "Subplan Name": "CTE ss",
            "Parallel Aware": false,
            "Async Capable": false,
            "Startup Cost": 701120.5,
            "Total Cost": 701150.96,
            "Plan Rows": 235,
            "Plan Width": 54,
            "Actual Startup Time": 1348.751,
            "Actual Total Time": 1351.2,
            "Actual Rows": 98,
            "Actual Loops": 1,
            "Group Key": [
              "customer_address.ca_county",
              "date_dim.d_qoy",
              "date_dim.d_year"
            ],
            "Plans": [
              {
                "Node Type": "Gather Merge",
                "Parent Relationship": "Outer",
                "Parallel Aware": false,
                "Async Capable": false,
                "Startup Cost": 701120.5,
                "Total Cost": 701145.57,
                "Plan Rows": 196,
                "Plan Width": 54,
                "Actual Startup Time": 1348.744,
                "Actual Total Time": 1351.149,
                "Actual Rows": 99,
                "Actual Loops": 1,
                "Workers Planned": 2,
                "Workers Launched": 2,
                "Plans": [
                  {
                    "Node Type": "Aggregate",
                    "Strategy": "Sorted",
                    "Partial Mode": "Partial",
                    "Parent Relationship": "Outer",
                    "Parallel Aware": false,
                    "Async Capable": false,
                    "Startup Cost": 700120.47,
                    "Total Cost": 700122.92,
                    "Plan Rows": 98,
                    "Plan Width": 54,
                    "Actual Startup Time": 1344.412,
                    "Actual Total Time": 1344.439,
                    "Actual Rows": 33,
                    "Actual Loops": 3,
                    "Group Key": [
                      "customer_address.ca_county",
                      "date_dim.d_qoy",
                      "date_dim.d_year"
                    ],
                    "Workers": [],
                    "Plans": [
                      {
                        "Node Type": "Sort",
                        "Parent Relationship": "Outer",
                        "Parallel Aware": false,
                        "Async Capable": false,
                        "Startup Cost": 700120.47,
                        "Total Cost": 700120.72,
                        "Plan Rows": 98,
                        "Plan Width": 28,
                        "Actual Startup Time": 1344.398,
                        "Actual Total Time": 1344.403,
                        "Actual Rows": 33,
                        "Actual Loops": 3,
                        "Sort Key": [
                          "customer_address.ca_county",
                          "date_dim.d_qoy",
                          "date_dim.d_year"
                        ],
                        "Sort Method": "quicksort",
                        "Sort Space Used": 28,
                        "Sort Space Type": "Memory",
                        "Workers": [
                          {
                            "Worker Number": 0,
                            "Sort Method": "quicksort",
                            "Sort Space Used": 27,
                            "Sort Space Type": "Memory"
                          },
                          {
                            "Worker Number": 1,
                            "Sort Method": "quicksort",
                            "Sort Space Used": 27,
                            "Sort Space Type": "Memory"
                          }
                        ],
                        "Plans": [
                          {
                            "Node Type": "Nested Loop",
                            "Parent Relationship": "Outer",
                            "Parallel Aware": false,
                            "Async Capable": false,
                            "Join Type": "Inner",
                            "Startup Cost": 6424.9,
                            "Total Cost": 700117.23,
                            "Plan Rows": 98,
                            "Plan Width": 28,
                            "Actual Startup Time": 39.987,
                            "Actual Total Time": 1344.253,
                            "Actual Rows": 33,
                            "Actual Loops": 3,
                            "Inner Unique": true,
                            "Workers": [],
                            "Plans": [
                              {
                                "Node Type": "Nested Loop",
                                "Parent Relationship": "Outer",
                                "Parallel Aware": false,
                                "Async Capable": false,
                                "Join Type": "Inner",
                                "Startup Cost": 6424.61,
                                "Total Cost": 700082.52,
                                "Plan Rows": 103,
                                "Plan Width": 24,
                                "Actual Startup Time": 39.933,
                                "Actual Total Time": 1343.871,
                                "Actual Rows": 34,
                                "Actual Loops": 3,
                                "Inner Unique": true,
                                "Workers": [],
                                "Plans": [
                                  {
                                    "Node Type": "Hash Join",
                                    "Parent Relationship": "Outer",
                                    "Parallel Aware": true,
                                    "Async Capable": false,
                                    "Join Type": "Inner",
                                    "Startup Cost": 6424.19,
                                    "Total Cost": 699177.12,
                                    "Plan Rows": 1730,
                                    "Plan Width": 14,
                                    "Actual Startup Time": 5.29,
                                    "Actual Total Time": 1332.32,
                                    "Actual Rows": 558,
                                    "Actual Loops": 3,
                                    "Inner Unique": true,
                                    "Hash Cond": "(store_sales.ss_item_sk = item.i_item_sk)",
                                    "Workers": [],
                                    "Plans": [
                                      {
                                        "Node Type": "Seq Scan",
                                        "Parent Relationship": "Outer",
                                        "Parallel Aware": true,
                                        "Async Capable": false,
                                        "Relation Name": "store_sales",
                                        "Alias": "store_sales",
                                        "Startup Cost": 0.0,
                                        "Total Cost": 692206.15,
                                        "Plan Rows": 208290,
                                        "Plan Width": 18,
                                        "Actual Startup Time": 0.042,
                                        "Actual Total Time": 1312.376,
                                        "Actual Rows": 138412,
                                        "Actual Loops": 3,
                                        "Filter": "((ss_list_price >= '244'::numeric) AND (ss_list_price <= '258'::numeric))",
                                        "Rows Removed by Filter": 9461918,
                                        "Workers": []
                                      },
                                      {
                                        "Node Type": "Hash",
                                        "Parent Relationship": "Inner",
                                        "Parallel Aware": true,
                                        "Async Capable": false,
                                        "Startup Cost": 6419.77,
                                        "Total Cost": 6419.77,
                                        "Plan Rows": 353,
                                        "Plan Width": 4,
                                        "Actual Startup Time": 4.121,
                                        "Actual Total Time": 4.122,
                                        "Actual Rows": 272,
                                        "Actual Loops": 3,
                                        "Hash Buckets": 1024,
                                        "Original Hash Buckets": 1024,
                                        "Hash Batches": 1,
                                        "Original Hash Batches": 1,
                                        "Peak Memory Usage": 104,
                                        "Workers": [],
                                        "Plans": [
                                          {
                                            "Node Type": "Bitmap Heap Scan",
                                            "Parent Relationship": "Outer",
                                            "Parallel Aware": true,
                                            "Async Capable": false,
                                            "Relation Name": "item",
                                            "Alias": "item",
                                            "Startup Cost": 48.55,
                                            "Total Cost": 6419.77,
                                            "Plan Rows": 353,
                                            "Plan Width": 4,
                                            "Actual Startup Time": 0.356,
                                            "Actual Total Time": 4.024,
                                            "Actual Rows": 272,
                                            "Actual Loops": 3,
                                            "Recheck Cond": "(i_color = ANY ('{dark,puff}'::bpchar[]))",
                                            "Rows Removed by Index Recheck": 0,
                                            "Filter": "((i_manager_id >= 15) AND (i_manager_id <= 34))",
                                            "Rows Removed by Filter": 1144,
                                            "Exact Heap Blocks": 2683,
                                            "Lossy Heap Blocks": 0,
                                            "Workers": [],
                                            "Plans": [
                                              {
                                                "Node Type": "Bitmap Index Scan",
                                                "Parent Relationship": "Outer",
                                                "Parallel Aware": false,
                                                "Async Capable": false,
                                                "Index Name": "_dta_index_item_6_853578079__k18",
                                                "Startup Cost": 0.0,
                                                "Total Cost": 48.34,
                                                "Plan Rows": 4233,
                                                "Plan Width": 0,
                                                "Actual Startup Time": 0.64,
                                                "Actual Total Time": 0.64,
                                                "Actual Rows": 4248,
                                                "Actual Loops": 1,
                                                "Index Cond": "(i_color = ANY ('{dark,puff}'::bpchar[]))",
                                                "Workers": []
                                              }
                                            ]
                                          }
                                        ]
                                      }
                                    ]
                                  },
                                  {
                                    "Node Type": "Index Scan",
                                    "Parent Relationship": "Inner",
                                    "Parallel Aware": false,
                                    "Async Capable": false,
                                    "Scan Direction": "Forward",
                                    "Index Name": "customer_address_pkey",
                                    "Relation Name": "customer_address",
                                    "Alias": "customer_address",
                                    "Startup Cost": 0.42,
                                    "Total Cost": 0.52,
                                    "Plan Rows": 1,
                                    "Plan Width": 18,
                                    "Actual Startup Time": 0.019,
                                    "Actual Total Time": 0.019,
                                    "Actual Rows": 0,
                                    "Actual Loops": 1674,
                                    "Index Cond": "(ca_address_sk = store_sales.ss_addr_sk)",
                                    "Rows Removed by Index Recheck": 0,
                                    "Filter": "(ca_state = ANY ('{KS,OH}'::bpchar[]))",
                                    "Rows Removed by Filter": 1,
                                    "Workers": []
                                  }
                                ]
                              },
                              {
                                "Node Type": "Index Scan",
                                "Parent Relationship": "Inner",
                                "Parallel Aware": false,
                                "Async Capable": false,
                                "Scan Direction": "Forward",
                                "Index Name": "date_dim_pkey",
                                "Relation Name": "date_dim",
                                "Alias": "date_dim",
                                "Startup Cost": 0.29,
                                "Total Cost": 0.34,
                                "Plan Rows": 1,
                                "Plan Width": 12,
                                "Actual Startup Time": 0.009,
                                "Actual Total Time": 0.009,
                                "Actual Rows": 1,
                                "Actual Loops": 102,
                                "Index Cond": "(d_date_sk = store_sales.ss_sold_date_sk)",
                                "Rows Removed by Index Recheck": 0,
                                "Workers": []
                              }
                            ]
                          }
                        ]
                      }
                    ]
                  }
                ]
              }
            ]
          },
          {
            "Node Type": "Aggregate",
            "Strategy": "Sorted",
            "Partial Mode": "Finalize",
            "Parent Relationship": "InitPlan",
            "Subplan Name": "CTE ws",
            "Parallel Aware": false,
            "Async Capable": false,
            "Startup Cost": 238450.15,
            "Total Cost": 238457.91,
            "Plan Rows": 59,
            "Plan Width": 54,
            "Actual Startup Time": 0.0,
            "Actual Total Time": 0.0,
            "Actual Rows": 0,
            "Actual Loops": 0,
            "Group Key": [
              "customer_address_1.ca_county",
              "date_dim_1.d_qoy",
              "date_dim_1.d_year"
            ],
            "Plans": [
              {
                "Node Type": "Gather Merge",
                "Parent Relationship": "Outer",
                "Parallel Aware": false,
                "Async Capable": false,
                "Startup Cost": 238450.15,
                "Total Cost": 238456.55,
                "Plan Rows": 50,
                "Plan Width": 54,
                "Actual Startup Time": 0.0,
                "Actual Total Time": 0.0,
                "Actual Rows": 0,
                "Actual Loops": 0,
                "Workers Planned": 2,
                "Workers Launched": 0,
                "Plans": [
                  {
                    "Node Type": "Aggregate",
                    "Strategy": "Sorted",
                    "Partial Mode": "Partial",
                    "Parent Relationship": "Outer",
                    "Parallel Aware": false,
                    "Async Capable": false,
                    "Startup Cost": 237450.13,
                    "Total Cost": 237450.75,
                    "Plan Rows": 25,
                    "Plan Width": 54,
                    "Actual Startup Time": 0.0,
                    "Actual Total Time": 0.0,
                    "Actual Rows": 0,
                    "Actual Loops": 0,
                    "Group Key": [
                      "customer_address_1.ca_county",
                      "date_dim_1.d_qoy",
                      "date_dim_1.d_year"
                    ],
                    "Plans": [
                      {
                        "Node Type": "Sort",
                        "Parent Relationship": "Outer",
                        "Parallel Aware": false,
                        "Async Capable": false,
                        "Startup Cost": 237450.13,
                        "Total Cost": 237450.19,
                        "Plan Rows": 25,
                        "Plan Width": 28,
                        "Actual Startup Time": 0.0,
                        "Actual Total Time": 0.0,
                        "Actual Rows": 0,
                        "Actual Loops": 0,
                        "Sort Key": [
                          "customer_address_1.ca_county",
                          "date_dim_1.d_qoy",
                          "date_dim_1.d_year"
                        ],
                        "Plans": [
                          {
                            "Node Type": "Nested Loop",
                            "Parent Relationship": "Outer",
                            "Parallel Aware": false,
                            "Async Capable": false,
                            "Join Type": "Inner",
                            "Startup Cost": 6424.9,
                            "Total Cost": 237449.55,
                            "Plan Rows": 25,
                            "Plan Width": 28,
                            "Actual Startup Time": 0.0,
                            "Actual Total Time": 0.0,
                            "Actual Rows": 0,
                            "Actual Loops": 0,
                            "Inner Unique": true,
                            "Plans": [
                              {
                                "Node Type": "Nested Loop",
                                "Parent Relationship": "Outer",
                                "Parallel Aware": false,
                                "Async Capable": false,
                                "Join Type": "Inner",
                                "Startup Cost": 6424.61,
                                "Total Cost": 237440.38,
                                "Plan Rows": 25,
                                "Plan Width": 24,
                                "Actual Startup Time": 0.0,
                                "Actual Total Time": 0.0,
                                "Actual Rows": 0,
                                "Actual Loops": 0,
                                "Inner Unique": true,
                                "Plans": [
                                  {
                                    "Node Type": "Hash Join",
                                    "Parent Relationship": "Outer",
                                    "Parallel Aware": true,
                                    "Async Capable": false,
                                    "Join Type": "Inner",
                                    "Startup Cost": 6424.19,
                                    "Total Cost": 237183.31,
                                    "Plan Rows": 392,
                                    "Plan Width": 14,
                                    "Actual Startup Time": 0.0,
                                    "Actual Total Time": 0.0,
                                    "Actual Rows": 0,
                                    "Actual Loops": 0,
                                    "Inner Unique": true,
                                    "Hash Cond": "(web_sales.ws_item_sk = item_1.i_item_sk)",
                                    "Plans": [
                                      {
                                        "Node Type": "Seq Scan",
                                        "Parent Relationship": "Outer",
                                        "Parallel Aware": true,
                                        "Async Capable": false,
                                        "Relation Name": "web_sales",
                                        "Alias": "web_sales",
                                        "Startup Cost": 0.0,
                                        "Total Cost": 230635.34,
                                        "Plan Rows": 47154,
                                        "Plan Width": 18,
                                        "Actual Startup Time": 0.0,
                                        "Actual Total Time": 0.0,
                                        "Actual Rows": 0,
                                        "Actual Loops": 0,
                                        "Filter": "((ws_list_price >= '244'::numeric) AND (ws_list_price <= '258'::numeric))",
                                        "Rows Removed by Filter": 0
                                      },
                                      {
                                        "Node Type": "Hash",
                                        "Parent Relationship": "Inner",
                                        "Parallel Aware": true,
                                        "Async Capable": false,
                                        "Startup Cost": 6419.77,
                                        "Total Cost": 6419.77,
                                        "Plan Rows": 353,
                                        "Plan Width": 4,
                                        "Actual Startup Time": 0.0,
                                        "Actual Total Time": 0.0,
                                        "Actual Rows": 0,
                                        "Actual Loops": 0,
                                        "Plans": [
                                          {
                                            "Node Type": "Bitmap Heap Scan",
                                            "Parent Relationship": "Outer",
                                            "Parallel Aware": true,
                                            "Async Capable": false,
                                            "Relation Name": "item",
                                            "Alias": "item_1",
                                            "Startup Cost": 48.55,
                                            "Total Cost": 6419.77,
                                            "Plan Rows": 353,
                                            "Plan Width": 4,
                                            "Actual Startup Time": 0.0,
                                            "Actual Total Time": 0.0,
                                            "Actual Rows": 0,
                                            "Actual Loops": 0,
                                            "Recheck Cond": "(i_color = ANY ('{dark,puff}'::bpchar[]))",
                                            "Rows Removed by Index Recheck": 0,
                                            "Filter": "((i_manager_id >= 15) AND (i_manager_id <= 34))",
                                            "Rows Removed by Filter": 0,
                                            "Exact Heap Blocks": 0,
                                            "Lossy Heap Blocks": 0,
                                            "Plans": [
                                              {
                                                "Node Type": "Bitmap Index Scan",
                                                "Parent Relationship": "Outer",
                                                "Parallel Aware": false,
                                                "Async Capable": false,
                                                "Index Name": "_dta_index_item_6_853578079__k18",
                                                "Startup Cost": 0.0,
                                                "Total Cost": 48.34,
                                                "Plan Rows": 4233,
                                                "Plan Width": 0,
                                                "Actual Startup Time": 0.0,
                                                "Actual Total Time": 0.0,
                                                "Actual Rows": 0,
                                                "Actual Loops": 0,
                                                "Index Cond": "(i_color = ANY ('{dark,puff}'::bpchar[]))"
                                              }
                                            ]
                                          }
                                        ]
                                      }
                                    ]
                                  },
                                  {
                                    "Node Type": "Index Scan",
                                    "Parent Relationship": "Inner",
                                    "Parallel Aware": false,
                                    "Async Capable": false,
                                    "Scan Direction": "Forward",
                                    "Index Name": "customer_address_pkey",
                                    "Relation Name": "customer_address",
                                    "Alias": "customer_address_1",
                                    "Startup Cost": 0.42,
                                    "Total Cost": 0.66,
                                    "Plan Rows": 1,
                                    "Plan Width": 18,
                                    "Actual Startup Time": 0.0,
                                    "Actual Total Time": 0.0,
                                    "Actual Rows": 0,
                                    "Actual Loops": 0,
                                    "Index Cond": "(ca_address_sk = web_sales.ws_bill_addr_sk)",
                                    "Rows Removed by Index Recheck": 0,
                                    "Filter": "(ca_state = ANY ('{KS,OH}'::bpchar[]))",
                                    "Rows Removed by Filter": 0
                                  }
                                ]
                              },
                              {
                                "Node Type": "Index Scan",
                                "Parent Relationship": "Inner",
                                "Parallel Aware": false,
                                "Async Capable": false,
                                "Scan Direction": "Forward",
                                "Index Name": "date_dim_pkey",
                                "Relation Name": "date_dim",
                                "Alias": "date_dim_1",
                                "Startup Cost": 0.29,
                                "Total Cost": 0.37,
                                "Plan Rows": 1,
                                "Plan Width": 12,
                                "Actual Startup Time": 0.0,
                                "Actual Total Time": 0.0,
                                "Actual Rows": 0,
                                "Actual Loops": 0,
                                "Index Cond": "(d_date_sk = web_sales.ws_sold_date_sk)",
                                "Rows Removed by Index Recheck": 0
                              }
                            ]
                          }
                        ]
                      }
                    ]
                  }
                ]
              }
            ]
          },
          {
            "Node Type": "Nested Loop",
            "Parent Relationship": "Outer",
            "Parallel Aware": false,
            "Async Capable": false,
            "Join Type": "Inner",
            "Startup Cost": 0.0,
            "Total Cost": 20.64,
            "Plan Rows": 1,
            "Plan Width": 554,
            "Actual Startup Time": 1348.906,
            "Actual Total Time": 1348.908,
            "Actual Rows": 0,
            "Actual Loops": 1,
            "Inner Unique": false,
            "Join Filter": "(((ss1.ca_county)::text = (ws2.ca_county)::text) AND (CASE WHEN (ws1.web_sales > '0'::numeric) THEN (ws2.web_sales / ws1.web_sales) ELSE NULL::numeric END > CASE WHEN (ss1.store_sales > '0'::numeric) THEN (ss2.store_sales / ss1.store_sales) ELSE NULL::numeric END))",
            "Rows Removed by Join Filter": 0,
            "Plans": [
              {
                "Node Type": "Nested Loop",
                "Parent Relationship": "Outer",
                "Parallel Aware": false,
                "Async Capable": false,
                "Join Type": "Inner",
                "Startup Cost": 0.0,
                "Total Cost": 19.14,
                "Plan Rows": 1,
                "Plan Width": 444,
                "Actual Startup Time": 1348.905,
                "Actual Total Time": 1348.907,
                "Actual Rows": 0,
                "Actual Loops": 1,
                "Inner Unique": false,
                "Join Filter": "((ss1.ca_county)::text = (ws1.ca_county)::text)",
                "Rows Removed by Join Filter": 0,
                "Plans": [
                  {
                    "Node Type": "Nested Loop",
                    "Parent Relationship": "Outer",
                    "Parallel Aware": false,
                    "Async Capable": false,
                    "Join Type": "Inner",
                    "Startup Cost": 0.0,
                    "Total Cost": 17.65,
                    "Plan Rows": 1,
                    "Plan Width": 334,
                    "Actual Startup Time": 1348.905,
                    "Actual Total Time": 1348.906,
                    "Actual Rows": 0,
                    "Actual Loops": 1,
                    "Inner Unique": false,
                    "Join Filter": "((ss1.ca_county)::text = (ss3.ca_county)::text)",
                    "Rows Removed by Join Filter": 0,
                    "Plans": [
                      {
                        "Node Type": "Nested Loop",
                        "Parent Relationship": "Outer",
                        "Parallel Aware": false,
                        "Async Capable": false,
                        "Join Type": "Inner",
                        "Startup Cost": 0.0,
                        "Total Cost": 11.76,
                        "Plan Rows": 1,
                        "Plan Width": 224,
                        "Actual Startup Time": 1348.904,
                        "Actual Total Time": 1348.905,
                        "Actual Rows": 0,
                        "Actual Loops": 1,
                        "Inner Unique": false,
                        "Join Filter": "((ss1.ca_county)::text = (ss2.ca_county)::text)",
                        "Rows Removed by Join Filter": 32,
                        "Plans": [
                          {
                            "Node Type": "CTE Scan",
                            "Parent Relationship": "Outer",
                            "Parallel Aware": false,
                            "Async Capable": false,
                            "CTE Name": "ss",
                            "Alias": "ss1",
                            "Startup Cost": 0.0,
                            "Total Cost": 5.88,
                            "Plan Rows": 1,
                            "Plan Width": 114,
                            "Actual Startup Time": 1348.76,
                            "Actual Total Time": 1348.764,
                            "Actual Rows": 8,
                            "Actual Loops": 1,
                            "Filter": "((d_qoy = 1) AND (d_year = 1999))",
                            "Rows Removed by Filter": 90
                          },
                          {
                            "Node Type": "CTE Scan",
                            "Parent Relationship": "Inner",
                            "Parallel Aware": false,
                            "Async Capable": false,
                            "CTE Name": "ss",
                            "Alias": "ss2",
                            "Startup Cost": 0.0,
                            "Total Cost": 5.88,
                            "Plan Rows": 1,
                            "Plan Width": 110,
                            "Actual Startup Time": 0.001,
                            "Actual Total Time": 0.017,
                            "Actual Rows": 4,
                            "Actual Loops": 8,
                            "Filter": "((d_year = 1999) AND (d_qoy = 2))",
                            "Rows Removed by Filter": 94
                          }
                        ]
                      },
                      {
                        "Node Type": "CTE Scan",
                        "Parent Relationship": "Inner",
                        "Parallel Aware": false,
                        "Async Capable": false,
                        "CTE Name": "ss",
                        "Alias": "ss3",
                        "Startup Cost": 0.0,
                        "Total Cost": 5.88,
                        "Plan Rows": 1,
                        "Plan Width": 110,
                        "Actual Startup Time": 0.0,
                        "Actual Total Time": 0.0,
                        "Actual Rows": 0,
                        "Actual Loops": 0,
                        "Filter": "((d_year = 1999) AND (d_qoy = 3))",
                        "Rows Removed by Filter": 0
                      }
                    ]
                  },
                  {
                    "Node Type": "CTE Scan",
                    "Parent Relationship": "Inner",
                    "Parallel Aware": false,
                    "Async Capable": false,
                    "CTE Name": "ws",
                    "Alias": "ws1",
                    "Startup Cost": 0.0,
                    "Total Cost": 1.48,
                    "Plan Rows": 1,
                    "Plan Width": 110,
                    "Actual Startup Time": 0.0,
                    "Actual Total Time": 0.0,
                    "Actual Rows": 0,
                    "Actual Loops": 0,
                    "Filter": "((d_qoy = 1) AND (d_year = 1999))",
                    "Rows Removed by Filter": 0
                  }
                ]
              },
              {
                "Node Type": "CTE Scan",
                "Parent Relationship": "Inner",
                "Parallel Aware": false,
                "Async Capable": false,
                "CTE Name": "ws",
                "Alias": "ws2",
                "Startup Cost": 0.0,
                "Total Cost": 1.48,
                "Plan Rows": 1,
                "Plan Width": 110,
                "Actual Startup Time": 0.0,
                "Actual Total Time": 0.0,
                "Actual Rows": 0,
                "Actual Loops": 0,
                "Filter": "((d_year = 1999) AND (d_qoy = 2))",
                "Rows Removed by Filter": 0
              }
            ]
          },
          {
            "Node Type": "CTE Scan",
            "Parent Relationship": "Inner",
            "Parallel Aware": false,
            "Async Capable": false,
            "CTE Name": "ws",
            "Alias": "ws3",
            "Startup Cost": 0.0,
            "Total Cost": 1.48,
            "Plan Rows": 1,
            "Plan Width": 110,
            "Actual Startup Time": 0.0,
            "Actual Total Time": 0.0,
            "Actual Rows": 0,
            "Actual Loops": 0,
            "Filter": "((d_year = 1999) AND (d_qoy = 3))",
            "Rows Removed by Filter": 0
          }
        ]
      },
      "Planning Time": 2.136,
      "Triggers": [],
      "Execution Time": 1351.417
    }
  ],
  "plan_text": "",
  "actual_rows": 0,
  "provenance": {
    "database": "postgres://jakc9:jakc9@127.0.0.1:5434/dsb_sf10",
    "scale_factor": 10,
    "engine": "postgresql",
    "engine_version": "14.3",
    "cached_at": "2026-02-09T20:54:57.655455"
  }
}