{
  "plan_json": [
    {
      "Plan": {
        "Node Type": "Sort",
        "Parallel Aware": false,
        "Async Capable": false,
        "Startup Cost": 48396.59,
        "Total Cost": 48396.59,
        "Plan Rows": 1,
        "Plan Width": 64,
        "Actual Startup Time": 2213.209,
        "Actual Total Time": 2213.509,
        "Actual Rows": 0,
        "Actual Loops": 1,
        "Sort Key": [
          "(count(*))"
        ],
        "Sort Method": "quicksort",
        "Sort Space Used": 25,
        "Sort Space Type": "Memory",
        "Plans": [
          {
            "Node Type": "Aggregate",
            "Strategy": "Sorted",
            "Partial Mode": "Simple",
            "Parent Relationship": "Outer",
            "Parallel Aware": false,
            "Async Capable": false,
            "Startup Cost": 47906.27,
            "Total Cost": 48396.58,
            "Plan Rows": 1,
            "Plan Width": 64,
            "Actual Startup Time": 2213.205,
            "Actual Total Time": 2213.505,
            "Actual Rows": 0,
            "Actual Loops": 1,
            "Group Key": [
              "customer.c_customer_sk"
            ],
            "Plans": [
              {
                "Node Type": "Nested Loop",
                "Parent Relationship": "Outer",
                "Parallel Aware": false,
                "Async Capable": false,
                "Join Type": "Inner",
                "Startup Cost": 47906.27,
                "Total Cost": 48396.56,
                "Plan Rows": 1,
                "Plan Width": 56,
                "Actual Startup Time": 2213.203,
                "Actual Total Time": 2213.504,
                "Actual Rows": 0,
                "Actual Loops": 1,
                "Inner Unique": true,
                "Join Filter": "((d2.d_date >= d1.d_date) AND (d2.d_date <= (d1.d_date + '90 days'::interval)))",
                "Rows Removed by Join Filter": 0,
                "Plans": [
                  {
                    "Node Type": "Nested Loop",
                    "Parent Relationship": "Outer",
                    "Parallel Aware": false,
                    "Async Capable": false,
                    "Join Type": "Inner",
                    "Startup Cost": 47905.98,
                    "Total Cost": 48393.21,
                    "Plan Rows": 1,
                    "Plan Width": 64,
                    "Actual Startup Time": 2213.203,
                    "Actual Total Time": 2213.502,
                    "Actual Rows": 0,
                    "Actual Loops": 1,
                    "Inner Unique": false,
                    "Join Filter": "((store_sales.ss_customer_sk = web_sales.ws_bill_customer_sk) AND (store_sales.ss_item_sk = web_sales.ws_item_sk))",
                    "Rows Removed by Join Filter": 8847,
                    "Plans": [
                      {
                        "Node Type": "Gather Merge",
                        "Parent Relationship": "Outer",
                        "Parallel Aware": false,
                        "Async Capable": false,
                        "Startup Cost": 47901.57,
                        "Total Cost": 47901.69,
                        "Plan Rows": 1,
                        "Plan Width": 76,
                        "Actual Startup Time": 2180.688,
                        "Actual Total Time": 2181.083,
                        "Actual Rows": 231,
                        "Actual Loops": 1,
                        "Workers Planned": 2,
                        "Workers Launched": 2,
                        "Plans": [
                          {
                            "Node Type": "Sort",
                            "Parent Relationship": "Outer",
                            "Parallel Aware": false,
                            "Async Capable": false,
                            "Startup Cost": 46901.54,
                            "Total Cost": 46901.55,
                            "Plan Rows": 1,
                            "Plan Width": 76,
                            "Actual Startup Time": 794.617,
                            "Actual Total Time": 794.633,
                            "Actual Rows": 77,
                            "Actual Loops": 3,
                            "Sort Key": [
                              "store_sales.ss_customer_sk"
                            ],
                            "Sort Method": "quicksort",
                            "Sort Space Used": 27,
                            "Sort Space Type": "Memory",
                            "Workers": [
                              {
                                "Worker Number": 0,
                                "Sort Method": "quicksort",
                                "Sort Space Used": 55,
                                "Sort Space Type": "Memory"
                              },
                              {
                                "Worker Number": 1,
                                "Sort Method": "quicksort",
                                "Sort Space Used": 25,
                                "Sort Space Type": "Memory"
                              }
                            ],
                            "Plans": [
                              {
                                "Node Type": "Nested Loop",
                                "Parent Relationship": "Outer",
                                "Parallel Aware": false,
                                "Async Capable": false,
                                "Join Type": "Inner",
                                "Startup Cost": 2792.91,
                                "Total Cost": 46901.53,
                                "Plan Rows": 1,
                                "Plan Width": 76,
                                "Actual Startup Time": 25.6,
                                "Actual Total Time": 794.409,
                                "Actual Rows": 77,
                                "Actual Loops": 3,
                                "Inner Unique": true,
                                "Workers": [],
                                "Plans": [
                                  {
                                    "Node Type": "Nested Loop",
                                    "Parent Relationship": "Outer",
                                    "Parallel Aware": false,
                                    "Async Capable": false,
                                    "Join Type": "Inner",
                                    "Startup Cost": 2792.49,
                                    "Total Cost": 46898.03,
                                    "Plan Rows": 1,
                                    "Plan Width": 80,
                                    "Actual Startup Time": 15.161,
                                    "Actual Total Time": 788.127,
                                    "Actual Rows": 868,
                                    "Actual Loops": 3,
                                    "Inner Unique": true,
                                    "Workers": [],
                                    "Plans": [
                                      {
                                        "Node Type": "Nested Loop",
                                        "Parent Relationship": "Outer",
                                        "Parallel Aware": false,
                                        "Async Capable": false,
                                        "Join Type": "Inner",
                                        "Startup Cost": 2792.2,
                                        "Total Cost": 46848.94,
                                        "Plan Rows": 15,
                                        "Plan Width": 84,
                                        "Actual Startup Time": 13.945,
                                        "Actual Total Time": 762.048,
                                        "Actual Rows": 15896,
                                        "Actual Loops": 3,
                                        "Inner Unique": true,
                                        "Workers": [],
                                        "Plans": [
                                          {
                                            "Node Type": "Nested Loop",
                                            "Parent Relationship": "Outer",
                                            "Parallel Aware": false,
                                            "Async Capable": false,
                                            "Join Type": "Inner",
                                            "Startup Cost": 2791.78,
                                            "Total Cost": 46791.28,
                                            "Plan Rows": 16,
                                            "Plan Width": 20,
                                            "Actual Startup Time": 13.931,
                                            "Actual Total Time": 684.208,
                                            "Actual Rows": 16099,
                                            "Actual Loops": 3,
                                            "Inner Unique": true,
                                            "Workers": [],
                                            "Plans": [
                                              {
                                                "Node Type": "Hash Join",
                                                "Parent Relationship": "Outer",
                                                "Parallel Aware": true,
                                                "Async Capable": false,
                                                "Join Type": "Inner",
                                                "Startup Cost": 2791.34,
                                                "Total Cost": 26017.07,
                                                "Plan Rows": 5186,
                                                "Plan Width": 16,
                                                "Actual Startup Time": 13.687,
                                                "Actual Total Time": 121.855,
                                                "Actual Rows": 117487,
                                                "Actual Loops": 3,
                                                "Inner Unique": true,
                                                "Hash Cond": "(store_returns.sr_item_sk = item.i_item_sk)",
                                                "Workers": [],
                                                "Plans": [
                                                  {
                                                    "Node Type": "Nested Loop",
                                                    "Parent Relationship": "Outer",
                                                    "Parallel Aware": false,
                                                    "Async Capable": false,
                                                    "Join Type": "Inner",
                                                    "Startup Cost": 0.72,
                                                    "Total Cost": 23188.74,
                                                    "Plan Rows": 14366,
                                                    "Plan Width": 12,
                                                    "Actual Startup Time": 4.7,
                                                    "Actual Total Time": 52.939,
                                                    "Actual Rows": 296787,
                                                    "Actual Loops": 3,
                                                    "Inner Unique": false,
                                                    "Workers": [],
                                                    "Plans": [
                                                      {
                                                        "Node Type": "Index Scan",
                                                        "Parent Relationship": "Outer",
                                                        "Parallel Aware": true,
                                                        "Async Capable": false,
                                                        "Scan Direction": "Forward",
                                                        "Index Name": "date_dim_pkey",
                                                        "Relation Name": "date_dim",
                                                        "Alias": "d1",
                                                        "Startup Cost": 0.29,
                                                        "Total Cost": 2962.0,
                                                        "Plan Rows": 151,
                                                        "Plan Width": 8,
                                                        "Actual Startup Time": 4.332,
                                                        "Actual Total Time": 4.501,
                                                        "Actual Rows": 122,
                                                        "Actual Loops": 3,
                                                        "Filter": "(d_year = 1998)",
                                                        "Rows Removed by Filter": 24228,
                                                        "Workers": []
                                                      },
                                                      {
                                                        "Node Type": "Index Only Scan",
                                                        "Parent Relationship": "Inner",
                                                        "Parallel Aware": false,
                                                        "Async Capable": false,
                                                        "Scan Direction": "Forward",
                                                        "Index Name": "_dta_index_store_returns_6_1013578649__k1_3_4_10",
                                                        "Relation Name": "store_returns",
                                                        "Alias": "store_returns",
                                                        "Startup Cost": 0.43,
                                                        "Total Cost": 102.84,
                                                        "Plan Rows": 3111,
                                                        "Plan Width": 12,
                                                        "Actual Startup Time": 0.009,
                                                        "Actual Total Time": 0.242,
                                                        "Actual Rows": 2439,
                                                        "Actual Loops": 365,
                                                        "Index Cond": "(sr_returned_date_sk = d1.d_date_sk)",
                                                        "Rows Removed by Index Recheck": 0,
                                                        "Heap Fetches": 0,
                                                        "Workers": []
                                                      }
                                                    ]
                                                  },
                                                  {
                                                    "Node Type": "Hash",
                                                    "Parent Relationship": "Inner",
                                                    "Parallel Aware": true,
                                                    "Async Capable": false,
                                                    "Startup Cost": 2598.84,
                                                    "Total Cost": 2598.84,
                                                    "Plan Rows": 15342,
                                                    "Plan Width": 4,
                                                    "Actual Startup Time": 8.824,
                                                    "Actual Total Time": 8.825,
                                                    "Actual Rows": 12059,
                                                    "Actual Loops": 3,
                                                    "Hash Buckets": 65536,
                                                    "Original Hash Buckets": 65536,
                                                    "Hash Batches": 1,
                                                    "Original Hash Batches": 1,
                                                    "Peak Memory Usage": 1952,
                                                    "Workers": [],
                                                    "Plans": [
                                                      {
                                                        "Node Type": "Index Only Scan",
                                                        "Parent Relationship": "Outer",
                                                        "Parallel Aware": true,
                                                        "Async Capable": false,
                                                        "Scan Direction": "Forward",
                                                        "Index Name": "_dta_index_item_6_853578079__k13_k11_k1",
                                                        "Relation Name": "item",
                                                        "Alias": "item",
                                                        "Startup Cost": 0.42,
                                                        "Total Cost": 2598.84,
                                                        "Plan Rows": 15342,
                                                        "Plan Width": 4,
                                                        "Actual Startup Time": 0.27,
                                                        "Actual Total Time": 7.14,
                                                        "Actual Rows": 12059,
                                                        "Actual Loops": 3,
                                                        "Index Cond": "(i_category = ANY ('{Children,Electronics,Music}'::bpchar[]))",
                                                        "Rows Removed by Index Recheck": 0,
                                                        "Heap Fetches": 0,
                                                        "Workers": []
                                                      }
                                                    ]
                                                  }
                                                ]
                                              },
                                              {
                                                "Node Type": "Index Scan",
                                                "Parent Relationship": "Inner",
                                                "Parallel Aware": false,
                                                "Async Capable": false,
                                                "Scan Direction": "Forward",
                                                "Index Name": "_dta_index_store_sales_6_1333579789__k10_k3",
                                                "Relation Name": "store_sales",
                                                "Alias": "store_sales",
                                                "Startup Cost": 0.44,
                                                "Total Cost": 4.01,
                                                "Plan Rows": 1,
                                                "Plan Width": 12,
                                                "Actual Startup Time": 0.005,
                                                "Actual Total Time": 0.005,
                                                "Actual Rows": 0,
                                                "Actual Loops": 352461,
                                                "Index Cond": "((ss_ticket_number = store_returns.sr_ticket_number) AND (ss_item_sk = store_returns.sr_item_sk))",
                                                "Rows Removed by Index Recheck": 0,
                                                "Filter": "(((ss_sales_price / ss_list_price) >= 0.35) AND ((ss_sales_price / ss_list_price) <= 0.55))",
                                                "Rows Removed by Filter": 1,
                                                "Workers": []
                                              }
                                            ]
                                          },
                                          {
                                            "Node Type": "Index Scan",
                                            "Parent Relationship": "Inner",
                                            "Parallel Aware": false,
                                            "Async Capable": false,
                                            "Scan Direction": "Forward",
                                            "Index Name": "_dta_index_customer_6_949578421__k1_k5",
                                            "Relation Name": "customer",
                                            "Alias": "customer",
                                            "Startup Cost": 0.42,
                                            "Total Cost": 3.6,
                                            "Plan Rows": 1,
                                            "Plan Width": 64,
                                            "Actual Startup Time": 0.004,
                                            "Actual Total Time": 0.004,
                                            "Actual Rows": 1,
                                            "Actual Loops": 48298,
                                            "Index Cond": "(c_customer_sk = store_sales.ss_customer_sk)",
                                            "Rows Removed by Index Recheck": 0,
                                            "Workers": []
                                          }
                                        ]
                                      },
                                      {
                                        "Node Type": "Index Scan",
                                        "Parent Relationship": "Inner",
                                        "Parallel Aware": false,
                                        "Async Capable": false,
                                        "Scan Direction": "Forward",
                                        "Index Name": "household_demographics_pkey",
                                        "Relation Name": "household_demographics",
                                        "Alias": "household_demographics",
                                        "Startup Cost": 0.28,
                                        "Total Cost": 3.27,
                                        "Plan Rows": 1,
                                        "Plan Width": 4,
                                        "Actual Startup Time": 0.001,
                                        "Actual Total Time": 0.001,
                                        "Actual Rows": 0,
                                        "Actual Loops": 47688,
                                        "Index Cond": "(hd_demo_sk = customer.c_current_hdemo_sk)",
                                        "Rows Removed by Index Recheck": 0,
                                        "Filter": "((hd_income_band_sk >= 7) AND (hd_income_band_sk <= 13) AND (hd_buy_potential = '0-500'::bpchar))",
                                        "Rows Removed by Filter": 1,
                                        "Workers": []
                                      }
                                    ]
                                  },
                                  {
                                    "Node Type": "Index Scan",
                                    "Parent Relationship": "Inner",
                                    "Parallel Aware": false,
                                    "Async Capable": false,
                                    "Scan Direction": "Forward",
                                    "Index Name": "customer_address_pkey",
                                    "Relation Name": "customer_address",
                                    "Alias": "customer_address",
                                    "Startup Cost": 0.42,
                                    "Total Cost": 3.5,
                                    "Plan Rows": 1,
                                    "Plan Width": 4,
                                    "Actual Startup Time": 0.007,
                                    "Actual Total Time": 0.007,
                                    "Actual Rows": 0,
                                    "Actual Loops": 2605,
                                    "Index Cond": "(ca_address_sk = customer.c_current_addr_sk)",
                                    "Rows Removed by Index Recheck": 0,
                                    "Filter": "(ca_state = ANY ('{AR,CO,NC,NY,TX}'::bpchar[]))",
                                    "Rows Removed by Filter": 1,
                                    "Workers": []
                                  }
                                ]
                              }
                            ]
                          }
                        ]
                      },
                      {
                        "Node Type": "Bitmap Heap Scan",
                        "Parent Relationship": "Inner",
                        "Parallel Aware": false,
                        "Async Capable": false,
                        "Relation Name": "web_sales",
                        "Alias": "web_sales",
                        "Startup Cost": 4.41,
                        "Total Cost": 486.89,
                        "Plan Rows": 309,
                        "Plan Width": 12,
                        "Actual Startup Time": 0.021,
                        "Actual Total Time": 0.137,
                        "Actual Rows": 38,
                        "Actual Loops": 231,
                        "Recheck Cond": "(ws_item_sk = store_returns.sr_item_sk)",
                        "Rows Removed by Index Recheck": 0,
                        "Exact Heap Blocks": 8846,
                        "Lossy Heap Blocks": 0,
                        "Plans": [
                          {
                            "Node Type": "Bitmap Index Scan",
                            "Parent Relationship": "Outer",
                            "Parallel Aware": false,
                            "Async Capable": false,
                            "Index Name": "web_sales_pkey",
                            "Startup Cost": 0.0,
                            "Total Cost": 4.33,
                            "Plan Rows": 309,
                            "Plan Width": 0,
                            "Actual Startup Time": 0.015,
                            "Actual Total Time": 0.015,
                            "Actual Rows": 38,
                            "Actual Loops": 231,
                            "Index Cond": "(ws_item_sk = store_returns.sr_item_sk)"
                          }
                        ]
                      }
                    ]
                  },
                  {
                    "Node Type": "Index Scan",
                    "Parent Relationship": "Inner",
                    "Parallel Aware": false,
                    "Async Capable": false,
                    "Scan Direction": "Forward",
                    "Index Name": "date_dim_pkey",
                    "Relation Name": "date_dim",
                    "Alias": "d2",
                    "Startup Cost": 0.29,
                    "Total Cost": 3.34,
                    "Plan Rows": 1,
                    "Plan Width": 8,
                    "Actual Startup Time": 0.0,
                    "Actual Total Time": 0.0,
                    "Actual Rows": 0,
                    "Actual Loops": 0,
                    "Index Cond": "(d_date_sk = web_sales.ws_sold_date_sk)",
                    "Rows Removed by Index Recheck": 0
                  }
                ]
              }
            ]
          }
        ]
      },
      "Planning Time": 21.85,
      "Triggers": [],
      "Execution Time": 2213.628
    }
  ],
  "plan_text": "",
  "actual_rows": 0,
  "provenance": {
    "database": "postgres://jakc9:jakc9@127.0.0.1:5434/dsb_sf10",
    "scale_factor": 10,
    "engine": "postgresql",
    "engine_version": "14.3",
    "cached_at": "2026-02-09T21:27:04.481136"
  }
}