{
  "plan_json": [
    {
      "Plan": {
        "Node Type": "Limit",
        "Parallel Aware": false,
        "Async Capable": false,
        "Startup Cost": 233987.11,
        "Total Cost": 233987.11,
        "Plan Rows": 1,
        "Plan Width": 202,
        "Actual Startup Time": 2573.844,
        "Actual Total Time": 2579.349,
        "Actual Rows": 2,
        "Actual Loops": 1,
        "Plans": [
          {
            "Node Type": "Sort",
            "Parent Relationship": "Outer",
            "Parallel Aware": false,
            "Async Capable": false,
            "Startup Cost": 233987.11,
            "Total Cost": 233987.11,
            "Plan Rows": 1,
            "Plan Width": 202,
            "Actual Startup Time": 2573.843,
            "Actual Total Time": 2579.348,
            "Actual Rows": 2,
            "Actual Loops": 1,
            "Sort Key": [
              "store.s_store_name",
              "item.i_item_desc"
            ],
            "Sort Method": "quicksort",
            "Sort Space Used": 25,
            "Sort Space Type": "Memory",
            "Plans": [
              {
                "Node Type": "Nested Loop",
                "Parent Relationship": "Outer",
                "Parallel Aware": false,
                "Async Capable": false,
                "Join Type": "Inner",
                "Startup Cost": 233737.62,
                "Total Cost": 233987.1,
                "Plan Rows": 1,
                "Plan Width": 202,
                "Actual Startup Time": 2573.698,
                "Actual Total Time": 2579.34,
                "Actual Rows": 2,
                "Actual Loops": 1,
                "Inner Unique": true,
                "Plans": [
                  {
                    "Node Type": "Merge Join",
                    "Parent Relationship": "Outer",
                    "Parallel Aware": false,
                    "Async Capable": false,
                    "Join Type": "Inner",
                    "Startup Cost": 233737.32,
                    "Total Cost": 233941.43,
                    "Plan Rows": 8,
                    "Plan Width": 40,
                    "Actual Startup Time": 2573.066,
                    "Actual Total Time": 2578.998,
                    "Actual Rows": 53,
                    "Actual Loops": 1,
                    "Inner Unique": false,
                    "Merge Cond": "(store_sales.ss_store_sk = store_sales_1.ss_store_sk)",
                    "Join Filter": "((sum(store_sales.ss_sales_price)) <= (0.1 * (avg((sum(store_sales_1.ss_sales_price))))))",
                    "Rows Removed by Join Filter": 316,
                    "Plans": [
                      {
                        "Node Type": "Aggregate",
                        "Strategy": "Sorted",
                        "Partial Mode": "Finalize",
                        "Parent Relationship": "Outer",
                        "Parallel Aware": false,
                        "Async Capable": false,
                        "Startup Cost": 116865.41,
                        "Total Cost": 116954.91,
                        "Plan Rows": 709,
                        "Plan Width": 40,
                        "Actual Startup Time": 1576.164,
                        "Actual Total Time": 1584.364,
                        "Actual Rows": 6666,
                        "Actual Loops": 1,
                        "Group Key": [
                          "store_sales.ss_store_sk",
                          "store_sales.ss_item_sk"
                        ],
                        "Plans": [
                          {
                            "Node Type": "Gather Merge",
                            "Parent Relationship": "Outer",
                            "Parallel Aware": false,
                            "Async Capable": false,
                            "Startup Cost": 116865.41,
                            "Total Cost": 116940.15,
                            "Plan Rows": 590,
                            "Plan Width": 40,
                            "Actual Startup Time": 1576.149,
                            "Actual Total Time": 1581.744,
                            "Actual Rows": 6863,
                            "Actual Loops": 1,
                            "Workers Planned": 2,
                            "Workers Launched": 2,
                            "Plans": [
                              {
                                "Node Type": "Aggregate",
                                "Strategy": "Sorted",
                                "Partial Mode": "Partial",
                                "Parent Relationship": "Outer",
                                "Parallel Aware": false,
                                "Async Capable": false,
                                "Startup Cost": 115865.39,
                                "Total Cost": 115872.03,
                                "Plan Rows": 295,
                                "Plan Width": 40,
                                "Actual Startup Time": 834.463,
                                "Actual Total Time": 836.121,
                                "Actual Rows": 2716,
                                "Actual Loops": 3,
                                "Group Key": [
                                  "store_sales.ss_store_sk",
                                  "store_sales.ss_item_sk"
                                ],
                                "Workers": [],
                                "Plans": [
                                  {
                                    "Node Type": "Sort",
                                    "Parent Relationship": "Outer",
                                    "Parallel Aware": false,
                                    "Async Capable": false,
                                    "Startup Cost": 115865.39,
                                    "Total Cost": 115866.13,
                                    "Plan Rows": 295,
                                    "Plan Width": 14,
                                    "Actual Startup Time": 834.449,
                                    "Actual Total Time": 834.843,
                                    "Actual Rows": 5132,
                                    "Actual Loops": 3,
                                    "Sort Key": [
                                      "store_sales.ss_store_sk",
                                      "store_sales.ss_item_sk"
                                    ],
                                    "Sort Method": "quicksort",
                                    "Sort Space Used": 3072,
                                    "Sort Space Type": "Memory",
                                    "Workers": [
                                      {
                                        "Worker Number": 0,
                                        "Sort Method": "external merge",
                                        "Sort Space Used": 1704,
                                        "Sort Space Type": "Disk"
                                      },
                                      {
                                        "Worker Number": 1,
                                        "Sort Method": "quicksort",
                                        "Sort Space Used": 391,
                                        "Sort Space Type": "Memory"
                                      }
                                    ],
                                    "Plans": [
                                      {
                                        "Node Type": "Nested Loop",
                                        "Parent Relationship": "Outer",
                                        "Parallel Aware": false,
                                        "Async Capable": false,
                                        "Join Type": "Inner",
                                        "Startup Cost": 0.98,
                                        "Total Cost": 115853.29,
                                        "Plan Rows": 295,
                                        "Plan Width": 14,
                                        "Actual Startup Time": 0.582,
                                        "Actual Total Time": 821.341,
                                        "Actual Rows": 36809,
                                        "Actual Loops": 3,
                                        "Inner Unique": false,
                                        "Workers": [],
                                        "Plans": [
                                          {
                                            "Node Type": "Index Only Scan",
                                            "Parent Relationship": "Outer",
                                            "Parallel Aware": true,
                                            "Async Capable": false,
                                            "Scan Direction": "Forward",
                                            "Index Name": "_dta_index_date_dim_6_661577395__k7_k4_k9_k1",
                                            "Relation Name": "date_dim",
                                            "Alias": "date_dim",
                                            "Startup Cost": 0.42,
                                            "Total Cost": 1868.48,
                                            "Plan Rows": 157,
                                            "Plan Width": 4,
                                            "Actual Startup Time": 0.264,
                                            "Actual Total Time": 0.639,
                                            "Actual Rows": 122,
                                            "Actual Loops": 3,
                                            "Index Cond": "((d_month_seq >= 1215) AND (d_month_seq <= 1226))",
                                            "Rows Removed by Index Recheck": 0,
                                            "Heap Fetches": 0,
                                            "Workers": []
                                          },
                                          {
                                            "Node Type": "Index Only Scan",
                                            "Parent Relationship": "Inner",
                                            "Parallel Aware": false,
                                            "Async Capable": false,
                                            "Scan Direction": "Forward",
                                            "Index Name": "_dta_index_store_sales_6_1333579789__k1_k5_k8_k3_11_13_14_20",
                                            "Relation Name": "store_sales",
                                            "Alias": "store_sales",
                                            "Startup Cost": 0.56,
                                            "Total Cost": 725.35,
                                            "Plan Rows": 67,
                                            "Plan Width": 18,
                                            "Actual Startup Time": 0.044,
                                            "Actual Total Time": 6.706,
                                            "Actual Rows": 303,
                                            "Actual Loops": 365,
                                            "Index Cond": "(ss_sold_date_sk = date_dim.d_date_sk)",
                                            "Rows Removed by Index Recheck": 0,
                                            "Filter": "(((ss_sales_price / ss_list_price) >= 0.79) AND ((ss_sales_price / ss_list_price) <= 0.89))",
                                            "Rows Removed by Filter": 12857,
                                            "Heap Fetches": 0,
                                            "Workers": []
                                          }
                                        ]
                                      }
                                    ]
                                  }
                                ]
                              }
                            ]
                          }
                        ]
                      },
                      {
                        "Node Type": "Materialize",
                        "Parent Relationship": "Inner",
                        "Parallel Aware": false,
                        "Async Capable": false,
                        "Startup Cost": 116871.91,
                        "Total Cost": 116977.17,
                        "Plan Rows": 7,
                        "Plan Width": 44,
                        "Actual Startup Time": 977.175,
                        "Actual Total Time": 994.35,
                        "Actual Rows": 1,
                        "Actual Loops": 1,
                        "Plans": [
                          {
                            "Node Type": "Merge Join",
                            "Parent Relationship": "Outer",
                            "Parallel Aware": false,
                            "Async Capable": false,
                            "Join Type": "Inner",
                            "Startup Cost": 116871.91,
                            "Total Cost": 116977.15,
                            "Plan Rows": 7,
                            "Plan Width": 44,
                            "Actual Startup Time": 977.171,
                            "Actual Total Time": 994.336,
                            "Actual Rows": 1,
                            "Actual Loops": 1,
                            "Inner Unique": true,
                            "Merge Cond": "(store.s_store_sk = store_sales_1.ss_store_sk)",
                            "Plans": [
                              {
                                "Node Type": "Sort",
                                "Parent Relationship": "Outer",
                                "Parallel Aware": false,
                                "Async Capable": false,
                                "Startup Cost": 6.5,
                                "Total Cost": 6.52,
                                "Plan Rows": 7,
                                "Plan Width": 8,
                                "Actual Startup Time": 0.055,
                                "Actual Total Time": 0.059,
                                "Actual Rows": 7,
                                "Actual Loops": 1,
                                "Sort Key": [
                                  "store.s_store_sk"
                                ],
                                "Sort Method": "quicksort",
                                "Sort Space Used": 25,
                                "Sort Space Type": "Memory",
                                "Plans": [
                                  {
                                    "Node Type": "Seq Scan",
                                    "Parent Relationship": "Outer",
                                    "Parallel Aware": false,
                                    "Async Capable": false,
                                    "Relation Name": "store",
                                    "Alias": "store",
                                    "Startup Cost": 0.0,
                                    "Total Cost": 6.4,
                                    "Plan Rows": 7,
                                    "Plan Width": 8,
                                    "Actual Startup Time": 0.023,
                                    "Actual Total Time": 0.048,
                                    "Actual Rows": 7,
                                    "Actual Loops": 1,
                                    "Filter": "(s_state = ANY ('{KS,OH,SD}'::bpchar[]))",
                                    "Rows Removed by Filter": 95
                                  }
                                ]
                              },
                              {
                                "Node Type": "Aggregate",
                                "Strategy": "Sorted",
                                "Partial Mode": "Simple",
                                "Parent Relationship": "Inner",
                                "Parallel Aware": false,
                                "Async Capable": false,
                                "Startup Cost": 116865.41,
                                "Total Cost": 116968.05,
                                "Plan Rows": 200,
                                "Plan Width": 36,
                                "Actual Startup Time": 973.058,
                                "Actual Total Time": 994.261,
                                "Actual Rows": 22,
                                "Actual Loops": 1,
                                "Group Key": [
                                  "store_sales_1.ss_store_sk"
                                ],
                                "Plans": [
                                  {
                                    "Node Type": "Aggregate",
                                    "Strategy": "Sorted",
                                    "Partial Mode": "Finalize",
                                    "Parent Relationship": "Outer",
                                    "Parallel Aware": false,
                                    "Async Capable": false,
                                    "Startup Cost": 116865.41,
                                    "Total Cost": 116954.91,
                                    "Plan Rows": 709,
                                    "Plan Width": 40,
                                    "Actual Startup Time": 971.453,
                                    "Actual Total Time": 992.892,
                                    "Actual Rows": 23814,
                                    "Actual Loops": 1,
                                    "Group Key": [
                                      "store_sales_1.ss_store_sk",
                                      "store_sales_1.ss_item_sk"
                                    ],
                                    "Plans": [
                                      {
                                        "Node Type": "Gather Merge",
                                        "Parent Relationship": "Outer",
                                        "Parallel Aware": false,
                                        "Async Capable": false,
                                        "Startup Cost": 116865.41,
                                        "Total Cost": 116940.15,
                                        "Plan Rows": 590,
                                        "Plan Width": 40,
                                        "Actual Startup Time": 971.438,
                                        "Actual Total Time": 983.045,
                                        "Actual Rows": 24593,
                                        "Actual Loops": 1,
                                        "Workers Planned": 2,
                                        "Workers Launched": 2,
                                        "Plans": [
                                          {
                                            "Node Type": "Aggregate",
                                            "Strategy": "Sorted",
                                            "Partial Mode": "Partial",
                                            "Parent Relationship": "Outer",
                                            "Parallel Aware": false,
                                            "Async Capable": false,
                                            "Startup Cost": 115865.39,
                                            "Total Cost": 115872.03,
                                            "Plan Rows": 295,
                                            "Plan Width": 40,
                                            "Actual Startup Time": 513.621,
                                            "Actual Total Time": 519.07,
                                            "Actual Rows": 8603,
                                            "Actual Loops": 3,
                                            "Group Key": [
                                              "store_sales_1.ss_store_sk",
                                              "store_sales_1.ss_item_sk"
                                            ],
                                            "Workers": [],
                                            "Plans": [
                                              {
                                                "Node Type": "Sort",
                                                "Parent Relationship": "Outer",
                                                "Parallel Aware": false,
                                                "Async Capable": false,
                                                "Startup Cost": 115865.39,
                                                "Total Cost": 115866.13,
                                                "Plan Rows": 295,
                                                "Plan Width": 14,
                                                "Actual Startup Time": 513.608,
                                                "Actual Total Time": 514.917,
                                                "Actual Rows": 16560,
                                                "Actual Loops": 3,
                                                "Sort Key": [
                                                  "store_sales_1.ss_store_sk",
                                                  "store_sales_1.ss_item_sk"
                                                ],
                                                "Sort Method": "quicksort",
                                                "Sort Space Used": 3072,
                                                "Sort Space Type": "Memory",
                                                "Workers": [
                                                  {
                                                    "Worker Number": 0,
                                                    "Sort Method": "quicksort",
                                                    "Sort Space Used": 391,
                                                    "Sort Space Type": "Memory"
                                                  },
                                                  {
                                                    "Worker Number": 1,
                                                    "Sort Method": "external merge",
                                                    "Sort Space Used": 1704,
                                                    "Sort Space Type": "Disk"
                                                  }
                                                ],
                                                "Plans": [
                                                  {
                                                    "Node Type": "Nested Loop",
                                                    "Parent Relationship": "Outer",
                                                    "Parallel Aware": false,
                                                    "Async Capable": false,
                                                    "Join Type": "Inner",
                                                    "Startup Cost": 0.98,
                                                    "Total Cost": 115853.29,
                                                    "Plan Rows": 295,
                                                    "Plan Width": 14,
                                                    "Actual Startup Time": 0.264,
                                                    "Actual Total Time": 502.444,
                                                    "Actual Rows": 36809,
                                                    "Actual Loops": 3,
                                                    "Inner Unique": false,
                                                    "Workers": [],
                                                    "Plans": [
                                                      {
                                                        "Node Type": "Index Only Scan",
                                                        "Parent Relationship": "Outer",
                                                        "Parallel Aware": true,
                                                        "Async Capable": false,
                                                        "Scan Direction": "Forward",
                                                        "Index Name": "_dta_index_date_dim_6_661577395__k7_k4_k9_k1",
                                                        "Relation Name": "date_dim",
                                                        "Alias": "date_dim_1",
                                                        "Startup Cost": 0.42,
                                                        "Total Cost": 1868.48,
                                                        "Plan Rows": 157,
                                                        "Plan Width": 4,
                                                        "Actual Startup Time": 0.223,
                                                        "Actual Total Time": 0.607,
                                                        "Actual Rows": 122,
                                                        "Actual Loops": 3,
                                                        "Index Cond": "((d_month_seq >= 1215) AND (d_month_seq <= 1226))",
                                                        "Rows Removed by Index Recheck": 0,
                                                        "Heap Fetches": 0,
                                                        "Workers": []
                                                      },
                                                      {
                                                        "Node Type": "Index Only Scan",
                                                        "Parent Relationship": "Inner",
                                                        "Parallel Aware": false,
                                                        "Async Capable": false,
                                                        "Scan Direction": "Forward",
                                                        "Index Name": "_dta_index_store_sales_6_1333579789__k1_k5_k8_k3_11_13_14_20",
                                                        "Relation Name": "store_sales",
                                                        "Alias": "store_sales_1",
                                                        "Startup Cost": 0.56,
                                                        "Total Cost": 725.35,
                                                        "Plan Rows": 67,
                                                        "Plan Width": 18,
                                                        "Actual Startup Time": 0.021,
                                                        "Actual Total Time": 4.102,
                                                        "Actual Rows": 303,
                                                        "Actual Loops": 365,
                                                        "Index Cond": "(ss_sold_date_sk = date_dim_1.d_date_sk)",
                                                        "Rows Removed by Index Recheck": 0,
                                                        "Filter": "(((ss_sales_price / ss_list_price) >= 0.79) AND ((ss_sales_price / ss_list_price) <= 0.89))",
                                                        "Rows Removed by Filter": 12857,
                                                        "Heap Fetches": 0,
                                                        "Workers": []
                                                      }
                                                    ]
                                                  }
                                                ]
                                              }
                                            ]
                                          }
                                        ]
                                      }
                                    ]
                                  }
                                ]
                              }
                            ]
                          }
                        ]
                      }
                    ]
                  },
                  {
                    "Node Type": "Index Scan",
                    "Parent Relationship": "Inner",
                    "Parallel Aware": false,
                    "Async Capable": false,
                    "Scan Direction": "Forward",
                    "Index Name": "item_pkey",
                    "Relation Name": "item",
                    "Alias": "item",
                    "Startup Cost": 0.29,
                    "Total Cost": 5.71,
                    "Plan Rows": 1,
                    "Plan Width": 170,
                    "Actual Startup Time": 0.006,
                    "Actual Total Time": 0.006,
                    "Actual Rows": 0,
                    "Actual Loops": 53,
                    "Index Cond": "(i_item_sk = store_sales.ss_item_sk)",
                    "Rows Removed by Index Recheck": 0,
                    "Filter": "((i_manager_id >= 10) AND (i_manager_id <= 14))",
                    "Rows Removed by Filter": 1
                  }
                ]
              }
            ]
          }
        ]
      },
      "Planning Time": 0.583,
      "Triggers": [],
      "Execution Time": 2579.424
    }
  ],
  "plan_text": "",
  "actual_rows": 0,
  "provenance": {
    "database": "postgres://jakc9:jakc9@127.0.0.1:5434/dsb_sf10",
    "scale_factor": 10,
    "engine": "postgresql",
    "engine_version": "14.3",
    "cached_at": "2026-02-09T21:05:48.972804"
  }
}