{
  "plan_json": [
    {
      "Plan": {
        "Node Type": "Sort",
        "Parallel Aware": false,
        "Async Capable": false,
        "Startup Cost": 585791.99,
        "Total Cost": 585791.99,
        "Plan Rows": 1,
        "Plan Width": 1310,
        "Actual Startup Time": 3179.135,
        "Actual Total Time": 3199.795,
        "Actual Rows": 0,
        "Actual Loops": 1,
        "Sort Key": [
          "cs1.product_name",
          "cs1.store_name",
          "cs2.cnt",
          "cs1.s1",
          "cs2.s1"
        ],
        "Sort Method": "quicksort",
        "Sort Space Used": 25,
        "Sort Space Type": "Memory",
        "Plans": [
          {
            "Node Type": "Aggregate",
            "Strategy": "Sorted",
            "Partial Mode": "Simple",
            "Parent Relationship": "InitPlan",
            "Subplan Name": "CTE cross_sales",
            "Parallel Aware": false,
            "Async Capable": false,
            "Startup Cost": 566904.6,
            "Total Cost": 585791.91,
            "Plan Rows": 1,
            "Plan Width": 266,
            "Actual Startup Time": 3179.122,
            "Actual Total Time": 3199.781,
            "Actual Rows": 0,
            "Actual Loops": 1,
            "Group Key": [
              "item.i_item_sk",
              "store.s_store_name",
              "store.s_zip",
              "ad1.ca_street_number",
              "ad1.ca_street_name",
              "ad1.ca_city",
              "ad1.ca_zip",
              "ad2.ca_street_number",
              "ad2.ca_street_name",
              "ad2.ca_city",
              "ad2.ca_zip",
              "d1.d_year",
              "d2.d_year",
              "d3.d_year"
            ],
            "Plans": [
              {
                "Node Type": "Incremental Sort",
                "Parent Relationship": "Outer",
                "Parallel Aware": false,
                "Async Capable": false,
                "Startup Cost": 566904.6,
                "Total Cost": 585791.8,
                "Plan Rows": 2,
                "Plan Width": 177,
                "Actual Startup Time": 3179.121,
                "Actual Total Time": 3199.779,
                "Actual Rows": 0,
                "Actual Loops": 1,
                "Sort Key": [
                  "item.i_item_sk",
                  "store.s_store_name",
                  "store.s_zip",
                  "ad1.ca_street_number",
                  "ad1.ca_street_name",
                  "ad1.ca_city",
                  "ad1.ca_zip",
                  "ad2.ca_street_number",
                  "ad2.ca_street_name",
                  "ad2.ca_city",
                  "ad2.ca_zip",
                  "d1.d_year",
                  "d2.d_year",
                  "d3.d_year"
                ],
                "Presorted Key": [
                  "item.i_item_sk"
                ],
                "Full-sort Groups": {
                  "Group Count": 1,
                  "Sort Methods Used": [
                    "quicksort"
                  ],
                  "Sort Space Memory": {
                    "Average Sort Space Used": 25,
                    "Peak Sort Space Used": 25
                  }
                },
                "Plans": [
                  {
                    "Node Type": "Nested Loop",
                    "Parent Relationship": "Outer",
                    "Parallel Aware": false,
                    "Async Capable": false,
                    "Join Type": "Inner",
                    "Startup Cost": 548017.47,
                    "Total Cost": 585791.71,
                    "Plan Rows": 1,
                    "Plan Width": 177,
                    "Actual Startup Time": 3179.113,
                    "Actual Total Time": 3199.771,
                    "Actual Rows": 0,
                    "Actual Loops": 1,
                    "Inner Unique": true,
                    "Plans": [
                      {
                        "Node Type": "Nested Loop",
                        "Parent Relationship": "Outer",
                        "Parallel Aware": false,
                        "Async Capable": false,
                        "Join Type": "Inner",
                        "Startup Cost": 548017.33,
                        "Total Cost": 585791.56,
                        "Plan Rows": 1,
                        "Plan Width": 181,
                        "Actual Startup Time": 3179.113,
                        "Actual Total Time": 3199.77,
                        "Actual Rows": 0,
                        "Actual Loops": 1,
                        "Inner Unique": true,
                        "Plans": [
                          {
                            "Node Type": "Nested Loop",
                            "Parent Relationship": "Outer",
                            "Parallel Aware": false,
                            "Async Capable": false,
                            "Join Type": "Inner",
                            "Startup Cost": 548017.05,
                            "Total Cost": 585789.36,
                            "Plan Rows": 1,
                            "Plan Width": 181,
                            "Actual Startup Time": 3179.112,
                            "Actual Total Time": 3199.769,
                            "Actual Rows": 0,
                            "Actual Loops": 1,
                            "Inner Unique": true,
                            "Join Filter": "(cd1.cd_marital_status <> cd2.cd_marital_status)",
                            "Rows Removed by Join Filter": 2,
                            "Plans": [
                              {
                                "Node Type": "Nested Loop",
                                "Parent Relationship": "Outer",
                                "Parallel Aware": false,
                                "Async Capable": false,
                                "Join Type": "Inner",
                                "Startup Cost": 548016.62,
                                "Total Cost": 585786.67,
                                "Plan Rows": 1,
                                "Plan Width": 187,
                                "Actual Startup Time": 1722.575,
                                "Actual Total Time": 3199.65,
                                "Actual Rows": 10,
                                "Actual Loops": 1,
                                "Inner Unique": true,
                                "Plans": [
                                  {
                                    "Node Type": "Nested Loop",
                                    "Parent Relationship": "Outer",
                                    "Parallel Aware": false,
                                    "Async Capable": false,
                                    "Join Type": "Inner",
                                    "Startup Cost": 548016.35,
                                    "Total Cost": 585784.39,
                                    "Plan Rows": 1,
                                    "Plan Width": 191,
                                    "Actual Startup Time": 1322.931,
                                    "Actual Total Time": 3199.055,
                                    "Actual Rows": 74,
                                    "Actual Loops": 1,
                                    "Inner Unique": true,
                                    "Plans": [
                                      {
                                        "Node Type": "Nested Loop",
                                        "Parent Relationship": "Outer",
                                        "Parallel Aware": false,
                                        "Async Capable": false,
                                        "Join Type": "Inner",
                                        "Startup Cost": 548015.93,
                                        "Total Cost": 585781.83,
                                        "Plan Rows": 1,
                                        "Plan Width": 155,
                                        "Actual Startup Time": 1209.196,
                                        "Actual Total Time": 3192.932,
                                        "Actual Rows": 1156,
                                        "Actual Loops": 1,
                                        "Inner Unique": true,
                                        "Plans": [
                                          {
                                            "Node Type": "Nested Loop",
                                            "Parent Relationship": "Outer",
                                            "Parallel Aware": false,
                                            "Async Capable": false,
                                            "Join Type": "Inner",
                                            "Startup Cost": 548015.64,
                                            "Total Cost": 585780.46,
                                            "Plan Rows": 1,
                                            "Plan Width": 155,
                                            "Actual Startup Time": 1209.192,
                                            "Actual Total Time": 3190.834,
                                            "Actual Rows": 1168,
                                            "Actual Loops": 1,
                                            "Inner Unique": true,
                                            "Plans": [
                                              {
                                                "Node Type": "Nested Loop",
                                                "Parent Relationship": "Outer",
                                                "Parallel Aware": false,
                                                "Async Capable": false,
                                                "Join Type": "Inner",
                                                "Startup Cost": 548015.35,
                                                "Total Cost": 585779.1,
                                                "Plan Rows": 1,
                                                "Plan Width": 155,
                                                "Actual Startup Time": 1209.186,
                                                "Actual Total Time": 3187.637,
                                                "Actual Rows": 1210,
                                                "Actual Loops": 1,
                                                "Inner Unique": true,
                                                "Plans": [
                                                  {
                                                    "Node Type": "Nested Loop",
                                                    "Parent Relationship": "Outer",
                                                    "Parallel Aware": false,
                                                    "Async Capable": false,
                                                    "Join Type": "Inner",
                                                    "Startup Cost": 548014.92,
                                                    "Total Cost": 585776.55,
                                                    "Plan Rows": 1,
                                                    "Plan Width": 139,
                                                    "Actual Startup Time": 1209.174,
                                                    "Actual Total Time": 3177.252,
                                                    "Actual Rows": 1211,
                                                    "Actual Loops": 1,
                                                    "Inner Unique": true,
                                                    "Plans": [
                                                      {
                                                        "Node Type": "Nested Loop",
                                                        "Parent Relationship": "Outer",
                                                        "Parallel Aware": false,
                                                        "Async Capable": false,
                                                        "Join Type": "Inner",
                                                        "Startup Cost": 548014.79,
                                                        "Total Cost": 585776.39,
                                                        "Plan Rows": 1,
                                                        "Plan Width": 143,
                                                        "Actual Startup Time": 1209.168,
                                                        "Actual Total Time": 3174.59,
                                                        "Actual Rows": 1211,
                                                        "Actual Loops": 1,
                                                        "Inner Unique": true,
                                                        "Plans": [
                                                          {
                                                            "Node Type": "Nested Loop",
                                                            "Parent Relationship": "Outer",
                                                            "Parallel Aware": false,
                                                            "Async Capable": false,
                                                            "Join Type": "Inner",
                                                            "Startup Cost": 548014.36,
                                                            "Total Cost": 585773.79,
                                                            "Plan Rows": 1,
                                                            "Plan Width": 145,
                                                            "Actual Startup Time": 1209.152,
                                                            "Actual Total Time": 3028.173,
                                                            "Actual Rows": 22483,
                                                            "Actual Loops": 1,
                                                            "Inner Unique": true,
                                                            "Plans": [
                                                              {
                                                                "Node Type": "Nested Loop",
                                                                "Parent Relationship": "Outer",
                                                                "Parallel Aware": false,
                                                                "Async Capable": false,
                                                                "Join Type": "Inner",
                                                                "Startup Cost": 548013.94,
                                                                "Total Cost": 585771.24,
                                                                "Plan Rows": 1,
                                                                "Plan Width": 109,
                                                                "Actual Startup Time": 1209.139,
                                                                "Actual Total Time": 2918.848,
                                                                "Actual Rows": 22550,
                                                                "Actual Loops": 1,
                                                                "Inner Unique": true,
                                                                "Plans": [
                                                                  {
                                                                    "Node Type": "Nested Loop",
                                                                    "Parent Relationship": "Outer",
                                                                    "Parallel Aware": false,
                                                                    "Async Capable": false,
                                                                    "Join Type": "Inner",
                                                                    "Startup Cost": 548013.66,
                                                                    "Total Cost": 585769.05,
                                                                    "Plan Rows": 1,
                                                                    "Plan Width": 109,
                                                                    "Actual Startup Time": 1209.132,
                                                                    "Actual Total Time": 2872.945,
                                                                    "Actual Rows": 22712,
                                                                    "Actual Loops": 1,
                                                                    "Inner Unique": true,
                                                                    "Plans": [
                                                                      {
                                                                        "Node Type": "Nested Loop",
                                                                        "Parent Relationship": "Outer",
                                                                        "Parallel Aware": false,
                                                                        "Async Capable": false,
                                                                        "Join Type": "Inner",
                                                                        "Startup Cost": 548013.51,
                                                                        "Total Cost": 585768.08,
                                                                        "Plan Rows": 1,
                                                                        "Plan Width": 98,
                                                                        "Actual Startup Time": 1209.125,
                                                                        "Actual Total Time": 2842.882,
                                                                        "Actual Rows": 22981,
                                                                        "Actual Loops": 1,
                                                                        "Inner Unique": true,
                                                                        "Plans": [
                                                                          {
                                                                            "Node Type": "Nested Loop",
                                                                            "Parent Relationship": "Outer",
                                                                            "Parallel Aware": false,
                                                                            "Async Capable": false,
                                                                            "Join Type": "Inner",
                                                                            "Startup Cost": 548013.22,
                                                                            "Total Cost": 585766.72,
                                                                            "Plan Rows": 1,
                                                                            "Plan Width": 98,
                                                                            "Actual Startup Time": 1209.116,
                                                                            "Actual Total Time": 2812.314,
                                                                            "Actual Rows": 23565,
                                                                            "Actual Loops": 1,
                                                                            "Inner Unique": true,
                                                                            "Join Filter": "(item.i_item_sk = store_sales.ss_item_sk)",
                                                                            "Rows Removed by Join Filter": 0,
                                                                            "Plans": [
                                                                              {
                                                                                "Node Type": "Nested Loop",
                                                                                "Parent Relationship": "Outer",
                                                                                "Parallel Aware": false,
                                                                                "Async Capable": false,
                                                                                "Join Type": "Inner",
                                                                                "Startup Cost": 548012.78,
                                                                                "Total Cost": 566601.83,
                                                                                "Plan Rows": 5857,
                                                                                "Plan Width": 67,
                                                                                "Actual Startup Time": 1208.777,
                                                                                "Actual Total Time": 1468.076,
                                                                                "Actual Rows": 157863,
                                                                                "Actual Loops": 1,
                                                                                "Inner Unique": false,
                                                                                "Plans": [
                                                                                  {
                                                                                    "Node Type": "Merge Join",
                                                                                    "Parent Relationship": "Outer",
                                                                                    "Parallel Aware": false,
                                                                                    "Async Capable": false,
                                                                                    "Join Type": "Inner",
                                                                                    "Startup Cost": 548012.35,
                                                                                    "Total Cost": 565532.69,
                                                                                    "Plan Rows": 83,
                                                                                    "Plan Width": 59,
                                                                                    "Actual Startup Time": 1208.721,
                                                                                    "Actual Total Time": 1397.212,
                                                                                    "Actual Rows": 604,
                                                                                    "Actual Loops": 1,
                                                                                    "Inner Unique": true,
                                                                                    "Merge Cond": "(catalog_sales.cs_item_sk = item.i_item_sk)",
                                                                                    "Plans": [
                                                                                      {
                                                                                        "Node Type": "Aggregate",
                                                                                        "Strategy": "Sorted",
                                                                                        "Partial Mode": "Finalize",
                                                                                        "Parent Relationship": "Outer",
                                                                                        "Parallel Aware": false,
                                                                                        "Async Capable": false,
                                                                                        "Startup Cost": 548012.06,
                                                                                        "Total Cost": 555209.13,
                                                                                        "Plan Rows": 7806,
                                                                                        "Plan Width": 68,
                                                                                        "Actual Startup Time": 1208.648,
                                                                                        "Actual Total Time": 1365.819,
                                                                                        "Actual Rows": 58700,
                                                                                        "Actual Loops": 1,
                                                                                        "Group Key": [
                                                                                          "catalog_sales.cs_item_sk"
                                                                                        ],
                                                                                        "Filter": "(sum(catalog_sales.cs_ext_list_price) > ('2'::numeric * sum(((catalog_returns.cr_refunded_cash + catalog_returns.cr_reversed_charge) + catalog_returns.cr_store_credit))))",
                                                                                        "Rows Removed by Filter": 9430,
                                                                                        "Plans": [
                                                                                          {
                                                                                            "Node Type": "Gather Merge",
                                                                                            "Parent Relationship": "Outer",
                                                                                            "Parallel Aware": false,
                                                                                            "Async Capable": false,
                                                                                            "Startup Cost": 548012.06,
                                                                                            "Total Cost": 554155.32,
                                                                                            "Plan Rows": 46836,
                                                                                            "Plan Width": 68,
                                                                                            "Actual Startup Time": 1208.633,
                                                                                            "Actual Total Time": 1293.841,
                                                                                            "Actual Rows": 100754,
                                                                                            "Actual Loops": 1,
                                                                                            "Workers Planned": 2,
                                                                                            "Workers Launched": 2,
                                                                                            "Plans": [
                                                                                              {
                                                                                                "Node Type": "Aggregate",
                                                                                                "Strategy": "Sorted",
                                                                                                "Partial Mode": "Partial",
                                                                                                "Parent Relationship": "Outer",
                                                                                                "Parallel Aware": false,
                                                                                                "Async Capable": false,
                                                                                                "Startup Cost": 547012.04,
                                                                                                "Total Cost": 547749.26,
                                                                                                "Plan Rows": 23418,
                                                                                                "Plan Width": 68,
                                                                                                "Actual Startup Time": 1203.918,
                                                                                                "Actual Total Time": 1249.943,
                                                                                                "Actual Rows": 33612,
                                                                                                "Actual Loops": 3,
                                                                                                "Group Key": [
                                                                                                  "catalog_sales.cs_item_sk"
                                                                                                ],
                                                                                                "Workers": [],
                                                                                                "Plans": [
                                                                                                  {
                                                                                                    "Node Type": "Sort",
                                                                                                    "Parent Relationship": "Outer",
                                                                                                    "Parallel Aware": false,
                                                                                                    "Async Capable": false,
                                                                                                    "Startup Cost": 547012.04,
                                                                                                    "Total Cost": 547076.36,
                                                                                                    "Plan Rows": 25730,
                                                                                                    "Plan Width": 28,
                                                                                                    "Actual Startup Time": 1203.904,
                                                                                                    "Actual Total Time": 1210.402,
                                                                                                    "Actual Rows": 85942,
                                                                                                    "Actual Loops": 3,
                                                                                                    "Sort Key": [
                                                                                                      "catalog_sales.cs_item_sk"
                                                                                                    ],
                                                                                                    "Sort Method": "external merge",
                                                                                                    "Sort Space Used": 3568,
                                                                                                    "Sort Space Type": "Disk",
                                                                                                    "Workers": [
                                                                                                      {
                                                                                                        "Worker Number": 0,
                                                                                                        "Sort Method": "external merge",
                                                                                                        "Sort Space Used": 3680,
                                                                                                        "Sort Space Type": "Disk"
                                                                                                      },
                                                                                                      {
                                                                                                        "Worker Number": 1,
                                                                                                        "Sort Method": "external merge",
                                                                                                        "Sort Space Used": 3288,
                                                                                                        "Sort Space Type": "Disk"
                                                                                                      }
                                                                                                    ],
                                                                                                    "Plans": [
                                                                                                      {
                                                                                                        "Node Type": "Hash Join",
                                                                                                        "Parent Relationship": "Outer",
                                                                                                        "Parallel Aware": true,
                                                                                                        "Async Capable": false,
                                                                                                        "Join Type": "Inner",
                                                                                                        "Startup Cost": 472738.44,
                                                                                                        "Total Cost": 545127.16,
                                                                                                        "Plan Rows": 25730,
                                                                                                        "Plan Width": 28,
                                                                                                        "Actual Startup Time": 1074.854,
                                                                                                        "Actual Total Time": 1179.979,
                                                                                                        "Actual Rows": 85957,
                                                                                                        "Actual Loops": 3,
                                                                                                        "Inner Unique": true,
                                                                                                        "Hash Cond": "((catalog_returns.cr_item_sk = catalog_sales.cs_item_sk) AND (catalog_returns.cr_order_number = catalog_sales.cs_order_number))",
                                                                                                        "Workers": [],
                                                                                                        "Plans": [
                                                                                                          {
                                                                                                            "Node Type": "Seq Scan",
                                                                                                            "Parent Relationship": "Outer",
                                                                                                            "Parallel Aware": true,
                                                                                                            "Async Capable": false,
                                                                                                            "Relation Name": "catalog_returns",
                                                                                                            "Alias": "catalog_returns",
                                                                                                            "Startup Cost": 0.0,
                                                                                                            "Total Cost": 51978.6,
                                                                                                            "Plan Rows": 899260,
                                                                                                            "Plan Width": 26,
                                                                                                            "Actual Startup Time": 0.029,
                                                                                                            "Actual Total Time": 110.279,
                                                                                                            "Actual Rows": 719420,
                                                                                                            "Actual Loops": 3,
                                                                                                            "Workers": []
                                                                                                          },
                                                                                                          {
                                                                                                            "Node Type": "Hash",
                                                                                                            "Parent Relationship": "Inner",
                                                                                                            "Parallel Aware": true,
                                                                                                            "Async Capable": false,
                                                                                                            "Startup Cost": 458922.47,
                                                                                                            "Total Cost": 458922.47,
                                                                                                            "Plan Rows": 694865,
                                                                                                            "Plan Width": 14,
                                                                                                            "Actual Startup Time": 834.359,
                                                                                                            "Actual Total Time": 834.36,
                                                                                                            "Actual Rows": 573293,
                                                                                                            "Actual Loops": 3,
                                                                                                            "Hash Buckets": 131072,
                                                                                                            "Original Hash Buckets": 131072,
                                                                                                            "Hash Batches": 32,
                                                                                                            "Original Hash Batches": 32,
                                                                                                            "Peak Memory Usage": 3744,
                                                                                                            "Workers": [],
                                                                                                            "Plans": [
                                                                                                              {
                                                                                                                "Node Type": "Seq Scan",
                                                                                                                "Parent Relationship": "Outer",
                                                                                                                "Parallel Aware": true,
                                                                                                                "Async Capable": false,
                                                                                                                "Relation Name": "catalog_sales",
                                                                                                                "Alias": "catalog_sales",
                                                                                                                "Startup Cost": 0.0,
                                                                                                                "Total Cost": 458922.47,
                                                                                                                "Plan Rows": 694865,
                                                                                                                "Plan Width": 14,
                                                                                                                "Actual Startup Time": 0.015,
                                                                                                                "Actual Total Time": 732.346,
                                                                                                                "Actual Rows": 573293,
                                                                                                                "Actual Loops": 3,
                                                                                                                "Filter": "((cs_wholesale_cost >= '76'::numeric) AND (cs_wholesale_cost <= '96'::numeric))",
                                                                                                                "Rows Removed by Filter": 4225871,
                                                                                                                "Workers": []
                                                                                                              }
                                                                                                            ]
                                                                                                          }
                                                                                                        ]
                                                                                                      }
                                                                                                    ]
                                                                                                  }
                                                                                                ]
                                                                                              }
                                                                                            ]
                                                                                          }
                                                                                        ]
                                                                                      },
                                                                                      {
                                                                                        "Node Type": "Index Scan",
                                                                                        "Parent Relationship": "Inner",
                                                                                        "Parallel Aware": false,
                                                                                        "Async Capable": false,
                                                                                        "Scan Direction": "Forward",
                                                                                        "Index Name": "item_pkey",
                                                                                        "Relation Name": "item",
                                                                                        "Alias": "item",
                                                                                        "Startup Cost": 0.29,
                                                                                        "Total Cost": 10222.46,
                                                                                        "Plan Rows": 1079,
                                                                                        "Plan Width": 55,
                                                                                        "Actual Startup Time": 0.038,
                                                                                        "Actual Total Time": 28.139,
                                                                                        "Actual Rows": 1071,
                                                                                        "Actual Loops": 1,
                                                                                        "Filter": "((i_current_price >= '77'::numeric) AND (i_current_price <= '87'::numeric))",
                                                                                        "Rows Removed by Filter": 100929
                                                                                      }
                                                                                    ]
                                                                                  },
                                                                                  {
                                                                                    "Node Type": "Index Only Scan",
                                                                                    "Parent Relationship": "Inner",
                                                                                    "Parallel Aware": false,
                                                                                    "Async Capable": false,
                                                                                    "Scan Direction": "Forward",
                                                                                    "Index Name": "store_returns_pkey",
                                                                                    "Relation Name": "store_returns",
                                                                                    "Alias": "store_returns",
                                                                                    "Startup Cost": 0.43,
                                                                                    "Total Cost": 9.77,
                                                                                    "Plan Rows": 311,
                                                                                    "Plan Width": 8,
                                                                                    "Actual Startup Time": 0.037,
                                                                                    "Actual Total Time": 0.086,
                                                                                    "Actual Rows": 261,
                                                                                    "Actual Loops": 604,
                                                                                    "Index Cond": "(sr_item_sk = item.i_item_sk)",
                                                                                    "Rows Removed by Index Recheck": 0,
                                                                                    "Heap Fetches": 0
                                                                                  }
                                                                                ]
                                                                              },
                                                                              {
                                                                                "Node Type": "Index Scan",
                                                                                "Parent Relationship": "Inner",
                                                                                "Parallel Aware": false,
                                                                                "Async Capable": false,
                                                                                "Scan Direction": "Forward",
                                                                                "Index Name": "_dta_index_store_sales_6_1333579789__k10_k3",
                                                                                "Relation Name": "store_sales",
                                                                                "Alias": "store_sales",
                                                                                "Startup Cost": 0.44,
                                                                                "Total Cost": 3.26,
                                                                                "Plan Rows": 1,
                                                                                "Plan Width": 51,
                                                                                "Actual Startup Time": 0.008,
                                                                                "Actual Total Time": 0.008,
                                                                                "Actual Rows": 0,
                                                                                "Actual Loops": 157863,
                                                                                "Index Cond": "((ss_ticket_number = store_returns.sr_ticket_number) AND (ss_item_sk = store_returns.sr_item_sk))",
                                                                                "Rows Removed by Index Recheck": 0,
                                                                                "Filter": "((ss_wholesale_cost >= '76'::numeric) AND (ss_wholesale_cost <= '96'::numeric))",
                                                                                "Rows Removed by Filter": 1
                                                                              }
                                                                            ]
                                                                          },
                                                                          {
                                                                            "Node Type": "Index Only Scan",
                                                                            "Parent Relationship": "Inner",
                                                                            "Parallel Aware": false,
                                                                            "Async Capable": false,
                                                                            "Scan Direction": "Forward",
                                                                            "Index Name": "_dta_index_date_dim_6_661577395__k1_k7_k9",
                                                                            "Relation Name": "date_dim",
                                                                            "Alias": "d1",
                                                                            "Startup Cost": 0.29,
                                                                            "Total Cost": 1.36,
                                                                            "Plan Rows": 1,
                                                                            "Plan Width": 8,
                                                                            "Actual Startup Time": 0.001,
                                                                            "Actual Total Time": 0.001,
                                                                            "Actual Rows": 1,
                                                                            "Actual Loops": 23565,
                                                                            "Index Cond": "(d_date_sk = store_sales.ss_sold_date_sk)",
                                                                            "Rows Removed by Index Recheck": 0,
                                                                            "Heap Fetches": 0
                                                                          }
                                                                        ]
                                                                      },
                                                                      {
                                                                        "Node Type": "Index Scan",
                                                                        "Parent Relationship": "Inner",
                                                                        "Parallel Aware": false,
                                                                        "Async Capable": false,
                                                                        "Scan Direction": "Forward",
                                                                        "Index Name": "_dta_index_store_6_885578193__k1_2_6",
                                                                        "Relation Name": "store",
                                                                        "Alias": "store",
                                                                        "Startup Cost": 0.14,
                                                                        "Total Cost": 0.96,
                                                                        "Plan Rows": 1,
                                                                        "Plan Width": 19,
                                                                        "Actual Startup Time": 0.001,
                                                                        "Actual Total Time": 0.001,
                                                                        "Actual Rows": 1,
                                                                        "Actual Loops": 22981,
                                                                        "Index Cond": "(s_store_sk = store_sales.ss_store_sk)",
                                                                        "Rows Removed by Index Recheck": 0
                                                                      }
                                                                    ]
                                                                  },
                                                                  {
                                                                    "Node Type": "Index Scan",
                                                                    "Parent Relationship": "Inner",
                                                                    "Parallel Aware": false,
                                                                    "Async Capable": false,
                                                                    "Scan Direction": "Forward",
                                                                    "Index Name": "household_demographics_pkey",
                                                                    "Relation Name": "household_demographics",
                                                                    "Alias": "hd1",
                                                                    "Startup Cost": 0.28,
                                                                    "Total Cost": 2.19,
                                                                    "Plan Rows": 1,
                                                                    "Plan Width": 8,
                                                                    "Actual Startup Time": 0.002,
                                                                    "Actual Total Time": 0.002,
                                                                    "Actual Rows": 1,
                                                                    "Actual Loops": 22712,
                                                                    "Index Cond": "(hd_demo_sk = store_sales.ss_hdemo_sk)",
                                                                    "Rows Removed by Index Recheck": 0
                                                                  }
                                                                ]
                                                              },
                                                              {
                                                                "Node Type": "Index Scan",
                                                                "Parent Relationship": "Inner",
                                                                "Parallel Aware": false,
                                                                "Async Capable": false,
                                                                "Scan Direction": "Forward",
                                                                "Index Name": "customer_address_pkey",
                                                                "Relation Name": "customer_address",
                                                                "Alias": "ad1",
                                                                "Startup Cost": 0.42,
                                                                "Total Cost": 2.54,
                                                                "Plan Rows": 1,
                                                                "Plan Width": 44,
                                                                "Actual Startup Time": 0.004,
                                                                "Actual Total Time": 0.004,
                                                                "Actual Rows": 1,
                                                                "Actual Loops": 22550,
                                                                "Index Cond": "(ca_address_sk = store_sales.ss_addr_sk)",
                                                                "Rows Removed by Index Recheck": 0
                                                              }
                                                            ]
                                                          },
                                                          {
                                                            "Node Type": "Index Scan",
                                                            "Parent Relationship": "Inner",
                                                            "Parallel Aware": false,
                                                            "Async Capable": false,
                                                            "Scan Direction": "Forward",
                                                            "Index Name": "customer_demographics_pkey",
                                                            "Relation Name": "customer_demographics",
                                                            "Alias": "cd1",
                                                            "Startup Cost": 0.43,
                                                            "Total Cost": 2.61,
                                                            "Plan Rows": 1,
                                                            "Plan Width": 6,
                                                            "Actual Startup Time": 0.006,
                                                            "Actual Total Time": 0.006,
                                                            "Actual Rows": 0,
                                                            "Actual Loops": 22483,
                                                            "Index Cond": "(cd_demo_sk = store_sales.ss_cdemo_sk)",
                                                            "Rows Removed by Index Recheck": 0,
                                                            "Filter": "((cd_marital_status = ANY ('{S,S,S}'::bpchar[])) AND (cd_education_status = ANY ('{\"Advanced Degree\",\"4 yr Degree\",\"4 yr Degree\"}'::bpchar[])))",
                                                            "Rows Removed by Filter": 1
                                                          }
                                                        ]
                                                      },
                                                      {
                                                        "Node Type": "Index Only Scan",
                                                        "Parent Relationship": "Inner",
                                                        "Parallel Aware": false,
                                                        "Async Capable": false,
                                                        "Scan Direction": "Forward",
                                                        "Index Name": "income_band_pkey",
                                                        "Relation Name": "income_band",
                                                        "Alias": "ib1",
                                                        "Startup Cost": 0.14,
                                                        "Total Cost": 0.16,
                                                        "Plan Rows": 1,
                                                        "Plan Width": 4,
                                                        "Actual Startup Time": 0.001,
                                                        "Actual Total Time": 0.001,
                                                        "Actual Rows": 1,
                                                        "Actual Loops": 1211,
                                                        "Index Cond": "(ib_income_band_sk = hd1.hd_income_band_sk)",
                                                        "Rows Removed by Index Recheck": 0,
                                                        "Heap Fetches": 1211
                                                      }
                                                    ]
                                                  },
                                                  {
                                                    "Node Type": "Index Scan",
                                                    "Parent Relationship": "Inner",
                                                    "Parallel Aware": false,
                                                    "Async Capable": false,
                                                    "Scan Direction": "Forward",
                                                    "Index Name": "_dta_index_customer_6_949578421__k1_k5",
                                                    "Relation Name": "customer",
                                                    "Alias": "customer",
                                                    "Startup Cost": 0.42,
                                                    "Total Cost": 2.55,
                                                    "Plan Rows": 1,
                                                    "Plan Width": 24,
                                                    "Actual Startup Time": 0.007,
                                                    "Actual Total Time": 0.007,
                                                    "Actual Rows": 1,
                                                    "Actual Loops": 1211,
                                                    "Index Cond": "(c_customer_sk = store_sales.ss_customer_sk)",
                                                    "Rows Removed by Index Recheck": 0
                                                  }
                                                ]
                                              },
                                              {
                                                "Node Type": "Index Only Scan",
                                                "Parent Relationship": "Inner",
                                                "Parallel Aware": false,
                                                "Async Capable": false,
                                                "Scan Direction": "Forward",
                                                "Index Name": "_dta_index_date_dim_6_661577395__k1_k7_k9",
                                                "Relation Name": "date_dim",
                                                "Alias": "d2",
                                                "Startup Cost": 0.29,
                                                "Total Cost": 1.36,
                                                "Plan Rows": 1,
                                                "Plan Width": 8,
                                                "Actual Startup Time": 0.002,
                                                "Actual Total Time": 0.002,
                                                "Actual Rows": 1,
                                                "Actual Loops": 1210,
                                                "Index Cond": "(d_date_sk = customer.c_first_sales_date_sk)",
                                                "Rows Removed by Index Recheck": 0,
                                                "Heap Fetches": 0
                                              }
                                            ]
                                          },
                                          {
                                            "Node Type": "Index Only Scan",
                                            "Parent Relationship": "Inner",
                                            "Parallel Aware": false,
                                            "Async Capable": false,
                                            "Scan Direction": "Forward",
                                            "Index Name": "_dta_index_date_dim_6_661577395__k1_k7_k9",
                                            "Relation Name": "date_dim",
                                            "Alias": "d3",
                                            "Startup Cost": 0.29,
                                            "Total Cost": 1.36,
                                            "Plan Rows": 1,
                                            "Plan Width": 8,
                                            "Actual Startup Time": 0.001,
                                            "Actual Total Time": 0.001,
                                            "Actual Rows": 1,
                                            "Actual Loops": 1168,
                                            "Index Cond": "(d_date_sk = customer.c_first_shipto_date_sk)",
                                            "Rows Removed by Index Recheck": 0,
                                            "Heap Fetches": 0
                                          }
                                        ]
                                      },
                                      {
                                        "Node Type": "Index Scan",
                                        "Parent Relationship": "Inner",
                                        "Parallel Aware": false,
                                        "Async Capable": false,
                                        "Scan Direction": "Forward",
                                        "Index Name": "customer_address_pkey",
                                        "Relation Name": "customer_address",
                                        "Alias": "ad2",
                                        "Startup Cost": 0.42,
                                        "Total Cost": 2.56,
                                        "Plan Rows": 1,
                                        "Plan Width": 44,
                                        "Actual Startup Time": 0.005,
                                        "Actual Total Time": 0.005,
                                        "Actual Rows": 0,
                                        "Actual Loops": 1156,
                                        "Index Cond": "(ca_address_sk = customer.c_current_addr_sk)",
                                        "Rows Removed by Index Recheck": 0,
                                        "Filter": "(ca_state = ANY ('{KS,OH,VA}'::bpchar[]))",
                                        "Rows Removed by Filter": 1
                                      }
                                    ]
                                  },
                                  {
                                    "Node Type": "Index Scan",
                                    "Parent Relationship": "Inner",
                                    "Parallel Aware": false,
                                    "Async Capable": false,
                                    "Scan Direction": "Forward",
                                    "Index Name": "promotion_pkey",
                                    "Relation Name": "promotion",
                                    "Alias": "promotion",
                                    "Startup Cost": 0.27,
                                    "Total Cost": 2.22,
                                    "Plan Rows": 1,
                                    "Plan Width": 4,
                                    "Actual Startup Time": 0.007,
                                    "Actual Total Time": 0.007,
                                    "Actual Rows": 0,
                                    "Actual Loops": 74,
                                    "Index Cond": "(p_promo_sk = store_sales.ss_promo_sk)",
                                    "Rows Removed by Index Recheck": 0,
                                    "Filter": "((p_channel_email = 'Y'::bpchar) AND (p_channel_tv = 'Y'::bpchar) AND (p_channel_radio = 'Y'::bpchar))",
                                    "Rows Removed by Filter": 1
                                  }
                                ]
                              },
                              {
                                "Node Type": "Index Scan",
                                "Parent Relationship": "Inner",
                                "Parallel Aware": false,
                                "Async Capable": false,
                                "Scan Direction": "Forward",
                                "Index Name": "customer_demographics_pkey",
                                "Relation Name": "customer_demographics",
                                "Alias": "cd2",
                                "Startup Cost": 0.43,
                                "Total Cost": 2.69,
                                "Plan Rows": 1,
                                "Plan Width": 6,
                                "Actual Startup Time": 0.01,
                                "Actual Total Time": 0.01,
                                "Actual Rows": 0,
                                "Actual Loops": 10,
                                "Index Cond": "(cd_demo_sk = customer.c_current_cdemo_sk)",
                                "Rows Removed by Index Recheck": 0,
                                "Filter": "((cd_marital_status = ANY ('{S,S,S}'::bpchar[])) AND (cd_education_status = ANY ('{\"Advanced Degree\",\"4 yr Degree\",\"4 yr Degree\"}'::bpchar[])))",
                                "Rows Removed by Filter": 1
                              }
                            ]
                          },
                          {
                            "Node Type": "Index Scan",
                            "Parent Relationship": "Inner",
                            "Parallel Aware": false,
                            "Async Capable": false,
                            "Scan Direction": "Forward",
                            "Index Name": "household_demographics_pkey",
                            "Relation Name": "household_demographics",
                            "Alias": "hd2",
                            "Startup Cost": 0.28,
                            "Total Cost": 2.19,
                            "Plan Rows": 1,
                            "Plan Width": 8,
                            "Actual Startup Time": 0.0,
                            "Actual Total Time": 0.0,
                            "Actual Rows": 0,
                            "Actual Loops": 0,
                            "Index Cond": "(hd_demo_sk = customer.c_current_hdemo_sk)",
                            "Rows Removed by Index Recheck": 0
                          }
                        ]
                      },
                      {
                        "Node Type": "Index Only Scan",
                        "Parent Relationship": "Inner",
                        "Parallel Aware": false,
                        "Async Capable": false,
                        "Scan Direction": "Forward",
                        "Index Name": "income_band_pkey",
                        "Relation Name": "income_band",
                        "Alias": "ib2",
                        "Startup Cost": 0.14,
                        "Total Cost": 0.16,
                        "Plan Rows": 1,
                        "Plan Width": 4,
                        "Actual Startup Time": 0.0,
                        "Actual Total Time": 0.0,
                        "Actual Rows": 0,
                        "Actual Loops": 0,
                        "Index Cond": "(ib_income_band_sk = hd2.hd_income_band_sk)",
                        "Rows Removed by Index Recheck": 0,
                        "Heap Fetches": 0
                      }
                    ]
                  }
                ]
              }
            ]
          },
          {
            "Node Type": "Nested Loop",
            "Parent Relationship": "Outer",
            "Parallel Aware": false,
            "Async Capable": false,
            "Join Type": "Inner",
            "Startup Cost": 0.0,
            "Total Cost": 0.07,
            "Plan Rows": 1,
            "Plan Width": 1310,
            "Actual Startup Time": 3179.125,
            "Actual Total Time": 3179.125,
            "Actual Rows": 0,
            "Actual Loops": 1,
            "Inner Unique": false,
            "Join Filter": "((cs2.cnt <= cs1.cnt) AND (cs1.item_sk = cs2.item_sk) AND ((cs1.store_name)::text = (cs2.store_name)::text) AND (cs1.store_zip = cs2.store_zip))",
            "Rows Removed by Join Filter": 0,
            "Plans": [
              {
                "Node Type": "CTE Scan",
                "Parent Relationship": "Outer",
                "Parallel Aware": false,
                "Async Capable": false,
                "CTE Name": "cross_sales",
                "Alias": "cs1",
                "Startup Cost": 0.0,
                "Total Cost": 0.02,
                "Plan Rows": 1,
                "Plan Width": 1206,
                "Actual Startup Time": 3179.124,
                "Actual Total Time": 3179.124,
                "Actual Rows": 0,
                "Actual Loops": 1,
                "Filter": "(syear = 2000)",
                "Rows Removed by Filter": 0
              },
              {
                "Node Type": "CTE Scan",
                "Parent Relationship": "Inner",
                "Parallel Aware": false,
                "Async Capable": false,
                "CTE Name": "cross_sales",
                "Alias": "cs2",
                "Startup Cost": 0.0,
                "Total Cost": 0.02,
                "Plan Rows": 1,
                "Plan Width": 274,
                "Actual Startup Time": 0.0,
                "Actual Total Time": 0.0,
                "Actual Rows": 0,
                "Actual Loops": 0,
                "Filter": "(syear = 2001)",
                "Rows Removed by Filter": 0
              }
            ]
          }
        ]
      },
      "Planning Time": 96.464,
      "Triggers": [],
      "Execution Time": 3200.352
    }
  ],
  "plan_text": "",
  "actual_rows": 0,
  "provenance": {
    "database": "postgres://jakc9:jakc9@127.0.0.1:5434/dsb_sf10",
    "scale_factor": 10,
    "engine": "postgresql",
    "engine_version": "14.3",
    "cached_at": "2026-02-09T21:05:43.879675"
  }
}