{
  "execution_time_ms": 40060.25,
  "plan_text": "Limit  (cost=40060.24..40060.25 rows=1 width=32)\n  ->  Sort  (cost=40060.24..40060.25 rows=1 width=32)\n        Sort Key: (sum(web_sales.ws_ext_discount_amt))\n        ->  Aggregate  (cost=40060.22..40060.23 rows=1 width=32)\n              ->  Hash Join  (cost=10384.82..40059.66 rows=222 width=6)\n                    Hash Cond: (web_sales.ws_item_sk = item.i_item_sk)\n                    Join Filter: (web_sales.ws_ext_discount_amt > (SubPlan 1))\n                    ->  Gather  (cost=1000.43..30670.84 rows=1691 width=10)\n                          Workers Planned: 1\n                          ->  Nested Loop  (cost=0.43..29501.74 rows=995 width=10)\n                                ->  Parallel Seq Scan on date_dim  (cost=0.00..2049.55 rows=57 width=4)\n                                      Filter: ((d_date >= '2002-03-06'::date) AND (d_date <= '2002-06-04 00:00:00'::timestamp without time zone))\n                                ->  Index Scan using _dta_index_web_sales_6_1269579561__k1_8_24 on web_sales  (cost=0.43..475.61 rows=601 width=14)\n                                      Index Cond: (ws_sold_date_sk = date_dim.d_date_sk)\n                                      Filter: ((ws_wholesale_cost >= '16'::numeric) AND (ws_wholesale_cost <= '36'::numeric))\n                    ->  Hash  (cost=8882.50..8882.50 rows=40151 width=4)\n                          ->  Seq Scan on item  (cost=0.00..8882.50 rows=40151 width=4)\n                                Filter: (((i_manufact_id >= 566) AND (i_manufact_id <= 765)) OR (i_category = ANY ('{Children,Jewelry,Men}'::bpchar[])))\n                    SubPlan 1\n                      ->  Aggregate  (cost=1221.91..1221.93 rows=1 width=32)\n                            ->  Nested Loop  (cost=7.04..1221.91 rows=1 width=6)\n                                  ->  Bitmap Heap Scan on web_sales web_sales_1  (cost=6.75..1213.43 rows=1 width=10)\n                                        Recheck Cond: (ws_item_sk = item.i_item_sk)\n                                        Filter: ((ws_wholesale_cost >= '16'::numeric) AND (ws_wholesale_cost <= '36'::numeric) AND ((ws_sales_price / ws_list_price) >= 0.35) AND ((ws_sales_price / ws_list_price) <= 0.50))\n                                        ->  Bitmap Index Scan on web_sales_pkey  (cost=0.00..6.75 rows=309 width=0)\n                                              Index Cond: (ws_item_sk = item.i_item_sk)\n                                  ->  Index Scan using _dta_index_date_dim_6_661577395__k1_k7_k9 on date_dim date_dim_1  (cost=0.29..8.32 rows=1 width=4)\n                                        Index Cond: (d_date_sk = web_sales_1.ws_sold_date_sk)\n                                        Filter: ((d_date >= '2002-03-06'::date) AND (d_date <= '2002-06-04 00:00:00'::timestamp without time zone))",
  "plan_json": {
    "Node Type": "Limit",
    "Parallel Aware": false,
    "Async Capable": false,
    "Startup Cost": 40060.24,
    "Total Cost": 40060.25,
    "Plan Rows": 1,
    "Plan Width": 32,
    "Plans": [
      {
        "Node Type": "Sort",
        "Parent Relationship": "Outer",
        "Parallel Aware": false,
        "Async Capable": false,
        "Startup Cost": 40060.24,
        "Total Cost": 40060.25,
        "Plan Rows": 1,
        "Plan Width": 32,
        "Sort Key": [
          "(sum(web_sales.ws_ext_discount_amt))"
        ],
        "Plans": [
          {
            "Node Type": "Aggregate",
            "Strategy": "Plain",
            "Partial Mode": "Simple",
            "Parent Relationship": "Outer",
            "Parallel Aware": false,
            "Async Capable": false,
            "Startup Cost": 40060.22,
            "Total Cost": 40060.23,
            "Plan Rows": 1,
            "Plan Width": 32,
            "Plans": [
              {
                "Node Type": "Hash Join",
                "Parent Relationship": "Outer",
                "Parallel Aware": false,
                "Async Capable": false,
                "Join Type": "Inner",
                "Startup Cost": 10384.82,
                "Total Cost": 40059.66,
                "Plan Rows": 222,
                "Plan Width": 6,
                "Inner Unique": true,
                "Hash Cond": "(web_sales.ws_item_sk = item.i_item_sk)",
                "Join Filter": "(web_sales.ws_ext_discount_amt > (SubPlan 1))",
                "Plans": [
                  {
                    "Node Type": "Gather",
                    "Parent Relationship": "Outer",
                    "Parallel Aware": false,
                    "Async Capable": false,
                    "Startup Cost": 1000.43,
                    "Total Cost": 30670.84,
                    "Plan Rows": 1691,
                    "Plan Width": 10,
                    "Workers Planned": 1,
                    "Single Copy": false,
                    "Plans": [
                      {
                        "Node Type": "Nested Loop",
                        "Parent Relationship": "Outer",
                        "Parallel Aware": false,
                        "Async Capable": false,
                        "Join Type": "Inner",
                        "Startup Cost": 0.43,
                        "Total Cost": 29501.74,
                        "Plan Rows": 995,
                        "Plan Width": 10,
                        "Inner Unique": false,
                        "Plans": [
                          {
                            "Node Type": "Seq Scan",
                            "Parent Relationship": "Outer",
                            "Parallel Aware": true,
                            "Async Capable": false,
                            "Relation Name": "date_dim",
                            "Alias": "date_dim",
                            "Startup Cost": 0.0,
                            "Total Cost": 2049.55,
                            "Plan Rows": 57,
                            "Plan Width": 4,
                            "Filter": "((d_date >= '2002-03-06'::date) AND (d_date <= '2002-06-04 00:00:00'::timestamp without time zone))"
                          },
                          {
                            "Node Type": "Index Scan",
                            "Parent Relationship": "Inner",
                            "Parallel Aware": false,
                            "Async Capable": false,
                            "Scan Direction": "Forward",
                            "Index Name": "_dta_index_web_sales_6_1269579561__k1_8_24",
                            "Relation Name": "web_sales",
                            "Alias": "web_sales",
                            "Startup Cost": 0.43,
                            "Total Cost": 475.61,
                            "Plan Rows": 601,
                            "Plan Width": 14,
                            "Index Cond": "(ws_sold_date_sk = date_dim.d_date_sk)",
                            "Filter": "((ws_wholesale_cost >= '16'::numeric) AND (ws_wholesale_cost <= '36'::numeric))"
                          }
                        ]
                      }
                    ]
                  },
                  {
                    "Node Type": "Hash",
                    "Parent Relationship": "Inner",
                    "Parallel Aware": false,
                    "Async Capable": false,
                    "Startup Cost": 8882.5,
                    "Total Cost": 8882.5,
                    "Plan Rows": 40151,
                    "Plan Width": 4,
                    "Plans": [
                      {
                        "Node Type": "Seq Scan",
                        "Parent Relationship": "Outer",
                        "Parallel Aware": false,
                        "Async Capable": false,
                        "Relation Name": "item",
                        "Alias": "item",
                        "Startup Cost": 0.0,
                        "Total Cost": 8882.5,
                        "Plan Rows": 40151,
                        "Plan Width": 4,
                        "Filter": "(((i_manufact_id >= 566) AND (i_manufact_id <= 765)) OR (i_category = ANY ('{Children,Jewelry,Men}'::bpchar[])))"
                      }
                    ]
                  },
                  {
                    "Node Type": "Aggregate",
                    "Strategy": "Plain",
                    "Partial Mode": "Simple",
                    "Parent Relationship": "SubPlan",
                    "Subplan Name": "SubPlan 1",
                    "Parallel Aware": false,
                    "Async Capable": false,
                    "Startup Cost": 1221.91,
                    "Total Cost": 1221.93,
                    "Plan Rows": 1,
                    "Plan Width": 32,
                    "Plans": [
                      {
                        "Node Type": "Nested Loop",
                        "Parent Relationship": "Outer",
                        "Parallel Aware": false,
                        "Async Capable": false,
                        "Join Type": "Inner",
                        "Startup Cost": 7.04,
                        "Total Cost": 1221.91,
                        "Plan Rows": 1,
                        "Plan Width": 6,
                        "Inner Unique": true,
                        "Plans": [
                          {
                            "Node Type": "Bitmap Heap Scan",
                            "Parent Relationship": "Outer",
                            "Parallel Aware": false,
                            "Async Capable": false,
                            "Relation Name": "web_sales",
                            "Alias": "web_sales_1",
                            "Startup Cost": 6.75,
                            "Total Cost": 1213.43,
                            "Plan Rows": 1,
                            "Plan Width": 10,
                            "Recheck Cond": "(ws_item_sk = item.i_item_sk)",
                            "Filter": "((ws_wholesale_cost >= '16'::numeric) AND (ws_wholesale_cost <= '36'::numeric) AND ((ws_sales_price / ws_list_price) >= 0.35) AND ((ws_sales_price / ws_list_price) <= 0.50))",
                            "Plans": [
                              {
                                "Node Type": "Bitmap Index Scan",
                                "Parent Relationship": "Outer",
                                "Parallel Aware": false,
                                "Async Capable": false,
                                "Index Name": "web_sales_pkey",
                                "Startup Cost": 0.0,
                                "Total Cost": 6.75,
                                "Plan Rows": 309,
                                "Plan Width": 0,
                                "Index Cond": "(ws_item_sk = item.i_item_sk)"
                              }
                            ]
                          },
                          {
                            "Node Type": "Index Scan",
                            "Parent Relationship": "Inner",
                            "Parallel Aware": false,
                            "Async Capable": false,
                            "Scan Direction": "Forward",
                            "Index Name": "_dta_index_date_dim_6_661577395__k1_k7_k9",
                            "Relation Name": "date_dim",
                            "Alias": "date_dim_1",
                            "Startup Cost": 0.29,
                            "Total Cost": 8.32,
                            "Plan Rows": 1,
                            "Plan Width": 4,
                            "Index Cond": "(d_date_sk = web_sales_1.ws_sold_date_sk)",
                            "Filter": "((d_date >= '2002-03-06'::date) AND (d_date <= '2002-06-04 00:00:00'::timestamp without time zone))"
                          }
                        ]
                      }
                    ]
                  }
                ]
              }
            ]
          }
        ]
      }
    ]
  },
  "actual_rows": null,
  "note": "estimate-only (no ANALYZE) - query too slow for analyzed plan"
}