{
  "plan_json": [
    {
      "Plan": {
        "Node Type": "Aggregate",
        "Strategy": "Plain",
        "Partial Mode": "Finalize",
        "Parallel Aware": false,
        "Async Capable": false,
        "Startup Cost": 200863.18,
        "Total Cost": 200863.19,
        "Plan Rows": 1,
        "Plan Width": 100,
        "Actual Startup Time": 758.461,
        "Actual Total Time": 761.438,
        "Actual Rows": 1,
        "Actual Loops": 1,
        "Plans": [
          {
            "Node Type": "Gather",
            "Parent Relationship": "Outer",
            "Parallel Aware": false,
            "Async Capable": false,
            "Startup Cost": 200862.95,
            "Total Cost": 200863.16,
            "Plan Rows": 2,
            "Plan Width": 68,
            "Actual Startup Time": 743.727,
            "Actual Total Time": 761.422,
            "Actual Rows": 3,
            "Actual Loops": 1,
            "Workers Planned": 2,
            "Workers Launched": 2,
            "Single Copy": false,
            "Plans": [
              {
                "Node Type": "Aggregate",
                "Strategy": "Plain",
                "Partial Mode": "Partial",
                "Parent Relationship": "Outer",
                "Parallel Aware": false,
                "Async Capable": false,
                "Startup Cost": 199862.95,
                "Total Cost": 199862.96,
                "Plan Rows": 1,
                "Plan Width": 68,
                "Actual Startup Time": 498.406,
                "Actual Total Time": 498.411,
                "Actual Rows": 1,
                "Actual Loops": 3,
                "Workers": [],
                "Plans": [
                  {
                    "Node Type": "Nested Loop",
                    "Parent Relationship": "Outer",
                    "Parallel Aware": false,
                    "Async Capable": false,
                    "Join Type": "Inner",
                    "Startup Cost": 212.39,
                    "Total Cost": 199862.94,
                    "Plan Rows": 1,
                    "Plan Width": 16,
                    "Actual Startup Time": 40.534,
                    "Actual Total Time": 498.358,
                    "Actual Rows": 22,
                    "Actual Loops": 3,
                    "Inner Unique": true,
                    "Join Filter": "(((customer_demographics.cd_marital_status = 'M'::bpchar) AND (customer_demographics.cd_education_status = '2 yr Degree'::bpchar) AND (store_sales.ss_sales_price >= 100.00) AND (store_sales.ss_sales_price <= 150.00) AND (household_demographics.hd_dep_count = 3)) OR ((customer_demographics.cd_marital_status = 'S'::bpchar) AND (customer_demographics.cd_education_status = 'Primary'::bpchar) AND (store_sales.ss_sales_price >= 50.00) AND (store_sales.ss_sales_price <= 100.00) AND (household_demographics.hd_dep_count = 1)) OR ((customer_demographics.cd_marital_status = 'W'::bpchar) AND (customer_demographics.cd_education_status = 'Primary'::bpchar) AND (store_sales.ss_sales_price >= 150.00) AND (store_sales.ss_sales_price <= 200.00) AND (household_demographics.hd_dep_count = 1)))",
                    "Rows Removed by Join Filter": 100,
                    "Workers": [],
                    "Plans": [
                      {
                        "Node Type": "Nested Loop",
                        "Parent Relationship": "Outer",
                        "Parallel Aware": false,
                        "Async Capable": false,
                        "Join Type": "Inner",
                        "Startup Cost": 211.96,
                        "Total Cost": 199825.72,
                        "Plan Rows": 40,
                        "Plan Width": 30,
                        "Actual Startup Time": 4.754,
                        "Actual Total Time": 491.247,
                        "Actual Rows": 980,
                        "Actual Loops": 3,
                        "Inner Unique": true,
                        "Workers": [],
                        "Plans": [
                          {
                            "Node Type": "Hash Join",
                            "Parent Relationship": "Outer",
                            "Parallel Aware": false,
                            "Async Capable": false,
                            "Join Type": "Inner",
                            "Startup Cost": 211.54,
                            "Total Cost": 199477.97,
                            "Plan Rows": 454,
                            "Plan Width": 40,
                            "Actual Startup Time": 4.514,
                            "Actual Total Time": 462.757,
                            "Actual Rows": 6247,
                            "Actual Loops": 3,
                            "Inner Unique": true,
                            "Hash Cond": "(store_sales.ss_store_sk = store.s_store_sk)",
                            "Workers": [],
                            "Plans": [
                              {
                                "Node Type": "Hash Join",
                                "Parent Relationship": "Outer",
                                "Parallel Aware": false,
                                "Async Capable": false,
                                "Join Type": "Inner",
                                "Startup Cost": 204.24,
                                "Total Cost": 199469.38,
                                "Plan Rows": 476,
                                "Plan Width": 44,
                                "Actual Startup Time": 4.375,
                                "Actual Total Time": 461.427,
                                "Actual Rows": 6265,
                                "Actual Loops": 3,
                                "Inner Unique": true,
                                "Hash Cond": "(store_sales.ss_hdemo_sk = household_demographics.hd_demo_sk)",
                                "Workers": [],
                                "Plans": [
                                  {
                                    "Node Type": "Nested Loop",
                                    "Parent Relationship": "Outer",
                                    "Parallel Aware": false,
                                    "Async Capable": false,
                                    "Join Type": "Inner",
                                    "Startup Cost": 0.85,
                                    "Total Cost": 199261.16,
                                    "Plan Rows": 1842,
                                    "Plan Width": 44,
                                    "Actual Startup Time": 3.894,
                                    "Actual Total Time": 453.901,
                                    "Actual Rows": 56045,
                                    "Actual Loops": 3,
                                    "Inner Unique": false,
                                    "Workers": [],
                                    "Plans": [
                                      {
                                        "Node Type": "Index Only Scan",
                                        "Parent Relationship": "Outer",
                                        "Parallel Aware": true,
                                        "Async Capable": false,
                                        "Scan Direction": "Forward",
                                        "Index Name": "_dta_index_date_dim_6_661577395__k1_k7_k9",
                                        "Relation Name": "date_dim",
                                        "Alias": "date_dim",
                                        "Startup Cost": 0.29,
                                        "Total Cost": 1677.67,
                                        "Plan Rows": 151,
                                        "Plan Width": 4,
                                        "Actual Startup Time": 0.575,
                                        "Actual Total Time": 0.669,
                                        "Actual Rows": 122,
                                        "Actual Loops": 3,
                                        "Index Cond": "(d_year = 2001)",
                                        "Rows Removed by Index Recheck": 0,
                                        "Heap Fetches": 0,
                                        "Workers": []
                                      },
                                      {
                                        "Node Type": "Index Only Scan",
                                        "Parent Relationship": "Inner",
                                        "Parallel Aware": false,
                                        "Async Capable": false,
                                        "Scan Direction": "Forward",
                                        "Index Name": "_dta_index_store_sales_6_1333579789__k1_k23_k14_k6_k8_k5_k7_3_4",
                                        "Relation Name": "store_sales",
                                        "Alias": "store_sales",
                                        "Startup Cost": 0.56,
                                        "Total Cost": 1304.15,
                                        "Plan Rows": 435,
                                        "Plan Width": 48,
                                        "Actual Startup Time": 2.24,
                                        "Actual Total Time": 3.691,
                                        "Actual Rows": 461,
                                        "Actual Loops": 365,
                                        "Index Cond": "(ss_sold_date_sk = date_dim.d_date_sk)",
                                        "Rows Removed by Index Recheck": 0,
                                        "Filter": "((((ss_sales_price >= 100.00) AND (ss_sales_price <= 150.00)) OR ((ss_sales_price >= 50.00) AND (ss_sales_price <= 100.00)) OR ((ss_sales_price >= 150.00) AND (ss_sales_price <= 200.00))) AND (((ss_net_profit >= '100'::numeric) AND (ss_net_profit <= '200'::numeric)) OR ((ss_net_profit >= '150'::numeric) AND (ss_net_profit <= '300'::numeric)) OR ((ss_net_profit >= '50'::numeric) AND (ss_net_profit <= '250'::numeric))))",
                                        "Rows Removed by Filter": 13310,
                                        "Heap Fetches": 0,
                                        "Workers": []
                                      }
                                    ]
                                  },
                                  {
                                    "Node Type": "Hash",
                                    "Parent Relationship": "Inner",
                                    "Parallel Aware": false,
                                    "Async Capable": false,
                                    "Startup Cost": 179.0,
                                    "Total Cost": 179.0,
                                    "Plan Rows": 1951,
                                    "Plan Width": 8,
                                    "Actual Startup Time": 0.687,
                                    "Actual Total Time": 0.687,
                                    "Actual Rows": 1440,
                                    "Actual Loops": 2,
                                    "Hash Buckets": 2048,
                                    "Original Hash Buckets": 2048,
                                    "Hash Batches": 1,
                                    "Original Hash Batches": 1,
                                    "Peak Memory Usage": 73,
                                    "Workers": [],
                                    "Plans": [
                                      {
                                        "Node Type": "Seq Scan",
                                        "Parent Relationship": "Outer",
                                        "Parallel Aware": false,
                                        "Async Capable": false,
                                        "Relation Name": "household_demographics",
                                        "Alias": "household_demographics",
                                        "Startup Cost": 0.0,
                                        "Total Cost": 179.0,
                                        "Plan Rows": 1951,
                                        "Plan Width": 8,
                                        "Actual Startup Time": 0.019,
                                        "Actual Total Time": 0.544,
                                        "Actual Rows": 1440,
                                        "Actual Loops": 2,
                                        "Filter": "((hd_dep_count = 3) OR (hd_dep_count = 1) OR (hd_dep_count = 1))",
                                        "Rows Removed by Filter": 5760,
                                        "Workers": []
                                      }
                                    ]
                                  }
                                ]
                              },
                              {
                                "Node Type": "Hash",
                                "Parent Relationship": "Inner",
                                "Parallel Aware": false,
                                "Async Capable": false,
                                "Startup Cost": 6.02,
                                "Total Cost": 6.02,
                                "Plan Rows": 102,
                                "Plan Width": 4,
                                "Actual Startup Time": 0.046,
                                "Actual Total Time": 0.046,
                                "Actual Rows": 102,
                                "Actual Loops": 3,
                                "Hash Buckets": 1024,
                                "Original Hash Buckets": 1024,
                                "Hash Batches": 1,
                                "Original Hash Batches": 1,
                                "Peak Memory Usage": 12,
                                "Workers": [],
                                "Plans": [
                                  {
                                    "Node Type": "Seq Scan",
                                    "Parent Relationship": "Outer",
                                    "Parallel Aware": false,
                                    "Async Capable": false,
                                    "Relation Name": "store",
                                    "Alias": "store",
                                    "Startup Cost": 0.0,
                                    "Total Cost": 6.02,
                                    "Plan Rows": 102,
                                    "Plan Width": 4,
                                    "Actual Startup Time": 0.014,
                                    "Actual Total Time": 0.033,
                                    "Actual Rows": 102,
                                    "Actual Loops": 3,
                                    "Workers": []
                                  }
                                ]
                              }
                            ]
                          },
                          {
                            "Node Type": "Index Scan",
                            "Parent Relationship": "Inner",
                            "Parallel Aware": false,
                            "Async Capable": false,
                            "Scan Direction": "Forward",
                            "Index Name": "customer_address_pkey",
                            "Relation Name": "customer_address",
                            "Alias": "customer_address",
                            "Startup Cost": 0.42,
                            "Total Cost": 0.76,
                            "Plan Rows": 1,
                            "Plan Width": 7,
                            "Actual Startup Time": 0.004,
                            "Actual Total Time": 0.004,
                            "Actual Rows": 0,
                            "Actual Loops": 18741,
                            "Index Cond": "(ca_address_sk = store_sales.ss_addr_sk)",
                            "Rows Removed by Index Recheck": 0,
                            "Filter": "(((ca_country)::text = 'United States'::text) AND ((ca_state = ANY ('{GA,KY,SD}'::bpchar[])) OR (ca_state = ANY ('{AR,IN,VA}'::bpchar[])) OR (ca_state = ANY ('{KS,OH,SD}'::bpchar[]))) AND (((ca_state = ANY ('{GA,KY,SD}'::bpchar[])) AND (store_sales.ss_net_profit >= '100'::numeric) AND (store_sales.ss_net_profit <= '200'::numeric)) OR ((ca_state = ANY ('{AR,IN,VA}'::bpchar[])) AND (store_sales.ss_net_profit >= '150'::numeric) AND (store_sales.ss_net_profit <= '300'::numeric)) OR ((ca_state = ANY ('{KS,OH,SD}'::bpchar[])) AND (store_sales.ss_net_profit >= '50'::numeric) AND (store_sales.ss_net_profit <= '250'::numeric))))",
                            "Rows Removed by Filter": 1,
                            "Workers": []
                          }
                        ]
                      },
                      {
                        "Node Type": "Index Scan",
                        "Parent Relationship": "Inner",
                        "Parallel Aware": false,
                        "Async Capable": false,
                        "Scan Direction": "Forward",
                        "Index Name": "customer_demographics_pkey",
                        "Relation Name": "customer_demographics",
                        "Alias": "customer_demographics",
                        "Startup Cost": 0.43,
                        "Total Cost": 0.88,
                        "Plan Rows": 1,
                        "Plan Width": 27,
                        "Actual Startup Time": 0.007,
                        "Actual Total Time": 0.007,
                        "Actual Rows": 0,
                        "Actual Loops": 2940,
                        "Index Cond": "(cd_demo_sk = store_sales.ss_cdemo_sk)",
                        "Rows Removed by Index Recheck": 0,
                        "Filter": "(((cd_marital_status = 'M'::bpchar) AND (cd_education_status = '2 yr Degree'::bpchar)) OR ((cd_marital_status = 'S'::bpchar) AND (cd_education_status = 'Primary'::bpchar)) OR ((cd_marital_status = 'W'::bpchar) AND (cd_education_status = 'Primary'::bpchar)))",
                        "Rows Removed by Filter": 1,
                        "Workers": []
                      }
                    ]
                  }
                ]
              }
            ]
          }
        ]
      },
      "Planning Time": 2.457,
      "Triggers": [],
      "Execution Time": 761.506
    }
  ],
  "plan_text": "",
  "actual_rows": 0,
  "provenance": {
    "database": "postgres://jakc9:jakc9@127.0.0.1:5434/dsb_sf10",
    "scale_factor": 10,
    "engine": "postgresql",
    "engine_version": "14.3",
    "cached_at": "2026-02-09T20:54:16.285266"
  }
}