{
  "plan_json": [
    {
      "Plan": {
        "Node Type": "Limit",
        "Parallel Aware": false,
        "Async Capable": false,
        "Startup Cost": 670417.23,
        "Total Cost": 670417.24,
        "Plan Rows": 1,
        "Plan Width": 32,
        "Actual Startup Time": 6162.369,
        "Actual Total Time": 6162.678,
        "Actual Rows": 1,
        "Actual Loops": 1,
        "Plans": [
          {
            "Node Type": "Aggregate",
            "Strategy": "Sorted",
            "Partial Mode": "Finalize",
            "Parent Relationship": "InitPlan",
            "Subplan Name": "CTE frequent_ss_items",
            "Parallel Aware": false,
            "Async Capable": false,
            "Startup Cost": 131418.49,
            "Total Cost": 132273.75,
            "Plan Rows": 2848,
            "Plan Width": 48,
            "Actual Startup Time": 940.316,
            "Actual Total Time": 1000.424,
            "Actual Rows": 3,
            "Actual Loops": 1,
            "Group Key": [
              "(\"substring\"((item.i_item_desc)::text, 1, 30))",
              "item.i_item_sk",
              "date_dim_2.d_date"
            ],
            "Filter": "(count(*) > 4)",
            "Rows Removed by Filter": 139927,
            "Plans": [
              {
                "Node Type": "Gather Merge",
                "Parent Relationship": "Outer",
                "Parallel Aware": false,
                "Async Capable": false,
                "Startup Cost": 131418.49,
                "Total Cost": 132109.57,
                "Plan Rows": 5026,
                "Plan Width": 48,
                "Actual Startup Time": 927.63,
                "Actual Total Time": 973.765,
                "Actual Rows": 139930,
                "Actual Loops": 1,
                "Workers Planned": 1,
                "Workers Launched": 1,
                "Plans": [
                  {
                    "Node Type": "Aggregate",
                    "Strategy": "Sorted",
                    "Partial Mode": "Partial",
                    "Parent Relationship": "Outer",
                    "Parallel Aware": false,
                    "Async Capable": false,
                    "Startup Cost": 130418.48,
                    "Total Cost": 130544.13,
                    "Plan Rows": 5026,
                    "Plan Width": 48,
                    "Actual Startup Time": 852.548,
                    "Actual Total Time": 881.3,
                    "Actual Rows": 69965,
                    "Actual Loops": 2,
                    "Group Key": [
                      "(\"substring\"((item.i_item_desc)::text, 1, 30))",
                      "item.i_item_sk",
                      "date_dim_2.d_date"
                    ],
                    "Workers": [],
                    "Plans": [
                      {
                        "Node Type": "Sort",
                        "Parent Relationship": "Outer",
                        "Parallel Aware": false,
                        "Async Capable": false,
                        "Startup Cost": 130418.48,
                        "Total Cost": 130431.05,
                        "Plan Rows": 5026,
                        "Plan Width": 40,
                        "Actual Startup Time": 852.539,
                        "Actual Total Time": 863.805,
                        "Actual Rows": 75786,
                        "Actual Loops": 2,
                        "Sort Key": [
                          "(\"substring\"((item.i_item_desc)::text, 1, 30))",
                          "item.i_item_sk",
                          "date_dim_2.d_date"
                        ],
                        "Sort Method": "external merge",
                        "Sort Space Used": 3304,
                        "Sort Space Type": "Disk",
                        "Workers": [
                          {
                            "Worker Number": 0,
                            "Sort Method": "external merge",
                            "Sort Space Used": 3824,
                            "Sort Space Type": "Disk"
                          }
                        ],
                        "Plans": [
                          {
                            "Node Type": "Hash Join",
                            "Parent Relationship": "Outer",
                            "Parallel Aware": true,
                            "Async Capable": false,
                            "Join Type": "Inner",
                            "Startup Cost": 7800.8,
                            "Total Cost": 130109.5,
                            "Plan Rows": 5026,
                            "Plan Width": 40,
                            "Actual Startup Time": 20.762,
                            "Actual Total Time": 779.317,
                            "Actual Rows": 75786,
                            "Actual Loops": 2,
                            "Inner Unique": true,
                            "Hash Cond": "(store_sales.ss_item_sk = item.i_item_sk)",
                            "Workers": [],
                            "Plans": [
                              {
                                "Node Type": "Nested Loop",
                                "Parent Relationship": "Outer",
                                "Parallel Aware": false,
                                "Async Capable": false,
                                "Join Type": "Inner",
                                "Startup Cost": 0.56,
                                "Total Cost": 122086.58,
                                "Plan Rows": 80042,
                                "Plan Width": 8,
                                "Actual Startup Time": 2.442,
                                "Actual Total Time": 557.28,
                                "Actual Rows": 2260378,
                                "Actual Loops": 2,
                                "Inner Unique": false,
                                "Workers": [],
                                "Plans": [
                                  {
                                    "Node Type": "Seq Scan",
                                    "Parent Relationship": "Outer",
                                    "Parallel Aware": true,
                                    "Async Capable": false,
                                    "Relation Name": "date_dim",
                                    "Alias": "date_dim_2",
                                    "Startup Cost": 0.0,
                                    "Total Cost": 1942.12,
                                    "Plan Rows": 213,
                                    "Plan Width": 8,
                                    "Actual Startup Time": 2.024,
                                    "Actual Total Time": 3.808,
                                    "Actual Rows": 182,
                                    "Actual Loops": 2,
                                    "Filter": "(d_year = 1998)",
                                    "Rows Removed by Filter": 36342,
                                    "Workers": []
                                  },
                                  {
                                    "Node Type": "Index Only Scan",
                                    "Parent Relationship": "Inner",
                                    "Parallel Aware": false,
                                    "Async Capable": false,
                                    "Scan Direction": "Forward",
                                    "Index Name": "_dta_index_store_sales_6_1333579789__k1_k4_k3_k10",
                                    "Relation Name": "store_sales",
                                    "Alias": "store_sales",
                                    "Startup Cost": 0.56,
                                    "Total Cost": 430.18,
                                    "Plan Rows": 13388,
                                    "Plan Width": 8,
                                    "Actual Startup Time": 0.016,
                                    "Actual Total Time": 2.31,
                                    "Actual Rows": 12386,
                                    "Actual Loops": 365,
                                    "Index Cond": "(ss_sold_date_sk = date_dim_2.d_date_sk)",
                                    "Rows Removed by Index Recheck": 0,
                                    "Heap Fetches": 0,
                                    "Workers": []
                                  }
                                ]
                              },
                              {
                                "Node Type": "Hash",
                                "Parent Relationship": "Inner",
                                "Parallel Aware": true,
                                "Async Capable": false,
                                "Startup Cost": 7766.88,
                                "Total Cost": 7766.88,
                                "Plan Rows": 2669,
                                "Plan Width": 107,
                                "Actual Startup Time": 18.057,
                                "Actual Total Time": 18.058,
                                "Actual Rows": 3436,
                                "Actual Loops": 2,
                                "Hash Buckets": 8192,
                                "Original Hash Buckets": 8192,
                                "Hash Batches": 1,
                                "Original Hash Batches": 1,
                                "Peak Memory Usage": 1056,
                                "Workers": [],
                                "Plans": [
                                  {
                                    "Node Type": "Seq Scan",
                                    "Parent Relationship": "Outer",
                                    "Parallel Aware": true,
                                    "Async Capable": false,
                                    "Relation Name": "item",
                                    "Alias": "item",
                                    "Startup Cost": 0.0,
                                    "Total Cost": 7766.88,
                                    "Plan Rows": 2669,
                                    "Plan Width": 107,
                                    "Actual Startup Time": 0.017,
                                    "Actual Total Time": 16.591,
                                    "Actual Rows": 3436,
                                    "Actual Loops": 2,
                                    "Filter": "((i_manager_id >= 81) AND (i_manager_id <= 100) AND (i_category = ANY ('{Children,Men,Sports}'::bpchar[])))",
                                    "Rows Removed by Filter": 47564,
                                    "Workers": []
                                  }
                                ]
                              }
                            ]
                          }
                        ]
                      }
                    ]
                  }
                ]
              }
            ]
          },
          {
            "Node Type": "Aggregate",
            "Strategy": "Sorted",
            "Partial Mode": "Finalize",
            "Parent Relationship": "InitPlan",
            "Subplan Name": "CTE best_ss_customer",
            "Parallel Aware": false,
            "Async Capable": false,
            "Startup Cost": 153943.03,
            "Total Cost": 513213.18,
            "Plan Rows": 15833,
            "Plan Width": 36,
            "Actual Startup Time": 2632.636,
            "Actual Total Time": 5049.435,
            "Actual Rows": 24387,
            "Actual Loops": 1,
            "Group Key": [
              "customer_1.c_customer_sk"
            ],
            "Filter": "(sum(((store_sales_2.ss_quantity)::numeric * store_sales_2.ss_sales_price)) > (0.95000000000000000000 * $6))",
            "Rows Removed by Filter": 20147,
            "Plans": [
              {
                "Node Type": "Aggregate",
                "Strategy": "Plain",
                "Partial Mode": "Simple",
                "Parent Relationship": "InitPlan",
                "Subplan Name": "InitPlan 2 (returns $6)",
                "Parallel Aware": false,
                "Async Capable": false,
                "Startup Cost": 152942.0,
                "Total Cost": 152942.01,
                "Plan Rows": 1,
                "Plan Width": 32,
                "Actual Startup Time": 2626.171,
                "Actual Total Time": 2626.201,
                "Actual Rows": 1,
                "Actual Loops": 1,
                "Plans": [
                  {
                    "Node Type": "Aggregate",
                    "Strategy": "Sorted",
                    "Partial Mode": "Finalize",
                    "Parent Relationship": "Outer",
                    "Parallel Aware": false,
                    "Async Capable": false,
                    "Startup Cost": 151924.32,
                    "Total Cost": 152849.73,
                    "Plan Rows": 7382,
                    "Plan Width": 36,
                    "Actual Startup Time": 2462.829,
                    "Actual Total Time": 2619.789,
                    "Actual Rows": 135776,
                    "Actual Loops": 1,
                    "Group Key": [
                      "customer.c_customer_sk"
                    ],
                    "Plans": [
                      {
                        "Node Type": "Gather Merge",
                        "Parent Relationship": "Outer",
                        "Parallel Aware": false,
                        "Async Capable": false,
                        "Startup Cost": 151924.32,
                        "Total Cost": 152711.31,
                        "Plan Rows": 6152,
                        "Plan Width": 36,
                        "Actual Startup Time": 2462.824,
                        "Actual Total Time": 2557.83,
                        "Actual Rows": 151333,
                        "Actual Loops": 1,
                        "Workers Planned": 2,
                        "Workers Launched": 2,
                        "Plans": [
                          {
                            "Node Type": "Aggregate",
                            "Strategy": "Sorted",
                            "Partial Mode": "Partial",
                            "Parent Relationship": "Outer",
                            "Parallel Aware": false,
                            "Async Capable": false,
                            "Startup Cost": 150924.3,
                            "Total Cost": 151001.2,
                            "Plan Rows": 3076,
                            "Plan Width": 36,
                            "Actual Startup Time": 1191.666,
                            "Actual Total Time": 1229.766,
                            "Actual Rows": 50444,
                            "Actual Loops": 3,
                            "Group Key": [
                              "customer.c_customer_sk"
                            ],
                            "Workers": [],
                            "Plans": [
                              {
                                "Node Type": "Sort",
                                "Parent Relationship": "Outer",
                                "Parallel Aware": false,
                                "Async Capable": false,
                                "Startup Cost": 150924.3,
                                "Total Cost": 150931.99,
                                "Plan Rows": 3076,
                                "Plan Width": 14,
                                "Actual Startup Time": 1191.655,
                                "Actual Total Time": 1197.86,
                                "Actual Rows": 85420,
                                "Actual Loops": 3,
                                "Sort Key": [
                                  "customer.c_customer_sk"
                                ],
                                "Sort Method": "external merge",
                                "Sort Space Used": 4408,
                                "Sort Space Type": "Disk",
                                "Workers": [
                                  {
                                    "Worker Number": 0,
                                    "Sort Method": "quicksort",
                                    "Sort Space Used": 25,
                                    "Sort Space Type": "Memory"
                                  },
                                  {
                                    "Worker Number": 1,
                                    "Sort Method": "external merge",
                                    "Sort Space Used": 1800,
                                    "Sort Space Type": "Disk"
                                  }
                                ],
                                "Plans": [
                                  {
                                    "Node Type": "Nested Loop",
                                    "Parent Relationship": "Outer",
                                    "Parallel Aware": false,
                                    "Async Capable": false,
                                    "Join Type": "Inner",
                                    "Startup Cost": 1.28,
                                    "Total Cost": 150746.09,
                                    "Plan Rows": 3076,
                                    "Plan Width": 14,
                                    "Actual Startup Time": 2.759,
                                    "Actual Total Time": 1162.239,
                                    "Actual Rows": 85420,
                                    "Actual Loops": 3,
                                    "Inner Unique": true,
                                    "Workers": [],
                                    "Plans": [
                                      {
                                        "Node Type": "Nested Loop",
                                        "Parent Relationship": "Outer",
                                        "Parallel Aware": false,
                                        "Async Capable": false,
                                        "Join Type": "Inner",
                                        "Startup Cost": 0.85,
                                        "Total Cost": 149213.72,
                                        "Plan Rows": 3224,
                                        "Plan Width": 14,
                                        "Actual Startup Time": 2.736,
                                        "Actual Total Time": 953.004,
                                        "Actual Rows": 86490,
                                        "Actual Loops": 3,
                                        "Inner Unique": false,
                                        "Workers": [],
                                        "Plans": [
                                          {
                                            "Node Type": "Index Only Scan",
                                            "Parent Relationship": "Outer",
                                            "Parallel Aware": true,
                                            "Async Capable": false,
                                            "Scan Direction": "Forward",
                                            "Index Name": "_dta_index_date_dim_6_661577395__k1_k7_k9",
                                            "Relation Name": "date_dim",
                                            "Alias": "date_dim_3",
                                            "Startup Cost": 0.29,
                                            "Total Cost": 1677.67,
                                            "Plan Rows": 151,
                                            "Plan Width": 4,
                                            "Actual Startup Time": 0.588,
                                            "Actual Total Time": 0.768,
                                            "Actual Rows": 122,
                                            "Actual Loops": 3,
                                            "Index Cond": "(d_year = 1998)",
                                            "Rows Removed by Index Recheck": 0,
                                            "Heap Fetches": 0,
                                            "Workers": []
                                          },
                                          {
                                            "Node Type": "Index Only Scan",
                                            "Parent Relationship": "Inner",
                                            "Parallel Aware": false,
                                            "Async Capable": false,
                                            "Scan Direction": "Forward",
                                            "Index Name": "_dta_index_store_sales_6_1333579789__k1_k23_k14_k6_k8_k5_k7_3_4",
                                            "Relation Name": "store_sales",
                                            "Alias": "store_sales_1",
                                            "Startup Cost": 0.56,
                                            "Total Cost": 969.45,
                                            "Plan Rows": 761,
                                            "Plan Width": 18,
                                            "Actual Startup Time": 1.708,
                                            "Actual Total Time": 7.744,
                                            "Actual Rows": 711,
                                            "Actual Loops": 365,
                                            "Index Cond": "(ss_sold_date_sk = date_dim_3.d_date_sk)",
                                            "Rows Removed by Index Recheck": 0,
                                            "Filter": "((ss_wholesale_cost >= '11'::numeric) AND (ss_wholesale_cost <= '21'::numeric))",
                                            "Rows Removed by Filter": 11675,
                                            "Heap Fetches": 0,
                                            "Workers": []
                                          }
                                        ]
                                      },
                                      {
                                        "Node Type": "Index Only Scan",
                                        "Parent Relationship": "Inner",
                                        "Parallel Aware": false,
                                        "Async Capable": false,
                                        "Scan Direction": "Forward",
                                        "Index Name": "_dta_index_customer_6_949578421__k1_k5",
                                        "Relation Name": "customer",
                                        "Alias": "customer",
                                        "Startup Cost": 0.42,
                                        "Total Cost": 0.48,
                                        "Plan Rows": 1,
                                        "Plan Width": 4,
                                        "Actual Startup Time": 0.002,
                                        "Actual Total Time": 0.002,
                                        "Actual Rows": 1,
                                        "Actual Loops": 259471,
                                        "Index Cond": "(c_customer_sk = store_sales_1.ss_customer_sk)",
                                        "Rows Removed by Index Recheck": 0,
                                        "Heap Fetches": 0,
                                        "Workers": []
                                      }
                                    ]
                                  }
                                ]
                              }
                            ]
                          }
                        ]
                      }
                    ]
                  }
                ]
              },
              {
                "Node Type": "Gather Merge",
                "Parent Relationship": "Outer",
                "Parallel Aware": false,
                "Async Capable": false,
                "Startup Cost": 1001.01,
                "Total Cost": 358727.41,
                "Plan Rows": 95000,
                "Plan Width": 36,
                "Actual Startup Time": 6.385,
                "Actual Total Time": 2365.112,
                "Actual Rows": 44534,
                "Actual Loops": 1,
                "Workers Planned": 2,
                "Workers Launched": 2,
                "Plans": [
                  {
                    "Node Type": "Aggregate",
                    "Strategy": "Sorted",
                    "Partial Mode": "Partial",
                    "Parent Relationship": "Outer",
                    "Parallel Aware": false,
                    "Async Capable": false,
                    "Startup Cost": 0.98,
                    "Total Cost": 346762.03,
                    "Plan Rows": 47500,
                    "Plan Width": 36,
                    "Actual Startup Time": 2.226,
                    "Actual Total Time": 2122.311,
                    "Actual Rows": 14845,
                    "Actual Loops": 3,
                    "Group Key": [
                      "customer_1.c_customer_sk"
                    ],
                    "Workers": [],
                    "Plans": [
                      {
                        "Node Type": "Nested Loop",
                        "Parent Relationship": "Outer",
                        "Parallel Aware": false,
                        "Async Capable": false,
                        "Join Type": "Inner",
                        "Startup Cost": 0.98,
                        "Total Cost": 335291.08,
                        "Plan Rows": 1087720,
                        "Plan Width": 14,
                        "Actual Startup Time": 1.839,
                        "Actual Total Time": 1909.369,
                        "Actual Rows": 878663,
                        "Actual Loops": 3,
                        "Inner Unique": false,
                        "Workers": [],
                        "Plans": [
                          {
                            "Node Type": "Index Scan",
                            "Parent Relationship": "Outer",
                            "Parallel Aware": true,
                            "Async Capable": false,
                            "Scan Direction": "Forward",
                            "Index Name": "customer_pkey",
                            "Relation Name": "customer",
                            "Alias": "customer_1",
                            "Startup Cost": 0.42,
                            "Total Cost": 24952.83,
                            "Plan Rows": 19792,
                            "Plan Width": 4,
                            "Actual Startup Time": 0.142,
                            "Actual Total Time": 83.648,
                            "Actual Rows": 16003,
                            "Actual Loops": 3,
                            "Filter": "((c_birth_year >= 1934) AND (c_birth_year <= 1940))",
                            "Rows Removed by Filter": 150664,
                            "Workers": []
                          },
                          {
                            "Node Type": "Index Only Scan",
                            "Parent Relationship": "Inner",
                            "Parallel Aware": false,
                            "Async Capable": false,
                            "Scan Direction": "Forward",
                            "Index Name": "_dta_index_store_sales_6_1333579789__k4_1_3_10_11_14",
                            "Relation Name": "store_sales",
                            "Alias": "store_sales_2",
                            "Startup Cost": 0.56,
                            "Total Cost": 12.46,
                            "Plan Rows": 322,
                            "Plan Width": 14,
                            "Actual Startup Time": 0.079,
                            "Actual Total Time": 0.109,
                            "Actual Rows": 55,
                            "Actual Loops": 48009,
                            "Index Cond": "(ss_customer_sk = customer_1.c_customer_sk)",
                            "Rows Removed by Index Recheck": 0,
                            "Heap Fetches": 0,
                            "Workers": []
                          }
                        ]
                      }
                    ]
                  }
                ]
              }
            ]
          },
          {
            "Node Type": "Aggregate",
            "Strategy": "Plain",
            "Partial Mode": "Simple",
            "Parent Relationship": "Outer",
            "Parallel Aware": false,
            "Async Capable": false,
            "Startup Cost": 24930.3,
            "Total Cost": 24930.31,
            "Plan Rows": 1,
            "Plan Width": 32,
            "Actual Startup Time": 6162.368,
            "Actual Total Time": 6162.409,
            "Actual Rows": 1,
            "Actual Loops": 1,
            "Plans": [
              {
                "Node Type": "Append",
                "Parent Relationship": "Outer",
                "Parallel Aware": false,
                "Async Capable": false,
                "Startup Cost": 1430.05,
                "Total Cost": 24930.25,
                "Plan Rows": 19,
                "Plan Width": 32,
                "Actual Startup Time": 6162.364,
                "Actual Total Time": 6162.405,
                "Actual Rows": 0,
                "Actual Loops": 1,
                "Subplans Removed": 0,
                "Plans": [
                  {
                    "Node Type": "Hash Join",
                    "Parent Relationship": "Member",
                    "Parallel Aware": false,
                    "Async Capable": false,
                    "Join Type": "Inner",
                    "Startup Cost": 1430.05,
                    "Total Cost": 15258.35,
                    "Plan Rows": 7,
                    "Plan Width": 32,
                    "Actual Startup Time": 6125.404,
                    "Actual Total Time": 6125.425,
                    "Actual Rows": 0,
                    "Actual Loops": 1,
                    "Inner Unique": true,
                    "Hash Cond": "(catalog_sales.cs_bill_customer_sk = best_ss_customer.c_customer_sk)",
                    "Plans": [
                      {
                        "Node Type": "Hash Join",
                        "Parent Relationship": "Outer",
                        "Parallel Aware": false,
                        "Async Capable": false,
                        "Join Type": "Inner",
                        "Startup Cost": 1069.31,
                        "Total Cost": 14897.4,
                        "Plan Rows": 39,
                        "Plan Width": 14,
                        "Actual Startup Time": 1046.045,
                        "Actual Total Time": 1046.064,
                        "Actual Rows": 0,
                        "Actual Loops": 1,
                        "Inner Unique": true,
                        "Hash Cond": "(catalog_sales.cs_item_sk = frequent_ss_items.item_sk)",
                        "Plans": [
                          {
                            "Node Type": "Gather",
                            "Parent Relationship": "Outer",
                            "Parallel Aware": false,
                            "Async Capable": false,
                            "Startup Cost": 1000.73,
                            "Total Cost": 14827.55,
                            "Plan Rows": 318,
                            "Plan Width": 18,
                            "Actual Startup Time": 1.283,
                            "Actual Total Time": 45.169,
                            "Actual Rows": 8790,
                            "Actual Loops": 1,
                            "Workers Planned": 2,
                            "Workers Launched": 2,
                            "Single Copy": false,
                            "Plans": [
                              {
                                "Node Type": "Nested Loop",
                                "Parent Relationship": "Outer",
                                "Parallel Aware": false,
                                "Async Capable": false,
                                "Join Type": "Inner",
                                "Startup Cost": 0.73,
                                "Total Cost": 13795.75,
                                "Plan Rows": 132,
                                "Plan Width": 18,
                                "Actual Startup Time": 1.563,
                                "Actual Total Time": 15.972,
                                "Actual Rows": 2930,
                                "Actual Loops": 3,
                                "Inner Unique": false,
                                "Workers": [],
                                "Plans": [
                                  {
                                    "Node Type": "Index Only Scan",
                                    "Parent Relationship": "Outer",
                                    "Parallel Aware": true,
                                    "Async Capable": false,
                                    "Scan Direction": "Forward",
                                    "Index Name": "_dta_index_date_dim_6_661577395__k1_k7_k9",
                                    "Relation Name": "date_dim",
                                    "Alias": "date_dim",
                                    "Startup Cost": 0.29,
                                    "Total Cost": 1858.91,
                                    "Plan Rows": 13,
                                    "Plan Width": 4,
                                    "Actual Startup Time": 1.539,
                                    "Actual Total Time": 1.55,
                                    "Actual Rows": 10,
                                    "Actual Loops": 3,
                                    "Index Cond": "((d_year = 1998) AND (d_moy = 10))",
                                    "Rows Removed by Index Recheck": 0,
                                    "Heap Fetches": 0,
                                    "Workers": []
                                  },
                                  {
                                    "Node Type": "Index Scan",
                                    "Parent Relationship": "Inner",
                                    "Parallel Aware": false,
                                    "Async Capable": false,
                                    "Scan Direction": "Forward",
                                    "Index Name": "_dta_index_catalog_sales_6_1301579675__k1_4",
                                    "Relation Name": "catalog_sales",
                                    "Alias": "catalog_sales",
                                    "Startup Cost": 0.43,
                                    "Total Cost": 914.69,
                                    "Plan Rows": 353,
                                    "Plan Width": 22,
                                    "Actual Startup Time": 0.013,
                                    "Actual Total Time": 1.371,
                                    "Actual Rows": 284,
                                    "Actual Loops": 31,
                                    "Index Cond": "(cs_sold_date_sk = date_dim.d_date_sk)",
                                    "Rows Removed by Index Recheck": 0,
                                    "Filter": "((cs_wholesale_cost >= '11'::numeric) AND (cs_wholesale_cost <= '21'::numeric))",
                                    "Rows Removed by Filter": 5086,
                                    "Workers": []
                                  }
                                ]
                              }
                            ]
                          },
                          {
                            "Node Type": "Hash",
                            "Parent Relationship": "Inner",
                            "Parallel Aware": false,
                            "Async Capable": false,
                            "Startup Cost": 66.08,
                            "Total Cost": 66.08,
                            "Plan Rows": 200,
                            "Plan Width": 4,
                            "Actual Startup Time": 1000.245,
                            "Actual Total Time": 1000.247,
                            "Actual Rows": 3,
                            "Actual Loops": 1,
                            "Hash Buckets": 1024,
                            "Original Hash Buckets": 1024,
                            "Hash Batches": 1,
                            "Original Hash Batches": 1,
                            "Peak Memory Usage": 9,
                            "Plans": [
                              {
                                "Node Type": "Aggregate",
                                "Strategy": "Hashed",
                                "Partial Mode": "Simple",
                                "Parent Relationship": "Outer",
                                "Parallel Aware": false,
                                "Async Capable": false,
                                "Startup Cost": 64.08,
                                "Total Cost": 66.08,
                                "Plan Rows": 200,
                                "Plan Width": 4,
                                "Actual Startup Time": 1000.237,
                                "Actual Total Time": 1000.239,
                                "Actual Rows": 3,
                                "Actual Loops": 1,
                                "Group Key": [
                                  "frequent_ss_items.item_sk"
                                ],
                                "Planned Partitions": 0,
                                "HashAgg Batches": 1,
                                "Peak Memory Usage": 40,
                                "Disk Usage": 0,
                                "Plans": [
                                  {
                                    "Node Type": "CTE Scan",
                                    "Parent Relationship": "Outer",
                                    "Parallel Aware": false,
                                    "Async Capable": false,
                                    "CTE Name": "frequent_ss_items",
                                    "Alias": "frequent_ss_items",
                                    "Startup Cost": 0.0,
                                    "Total Cost": 56.96,
                                    "Plan Rows": 2848,
                                    "Plan Width": 4,
                                    "Actual Startup Time": 940.319,
                                    "Actual Total Time": 1000.222,
                                    "Actual Rows": 3,
                                    "Actual Loops": 1
                                  }
                                ]
                              }
                            ]
                          }
                        ]
                      },
                      {
                        "Node Type": "Hash",
                        "Parent Relationship": "Inner",
                        "Parallel Aware": false,
                        "Async Capable": false,
                        "Startup Cost": 358.24,
                        "Total Cost": 358.24,
                        "Plan Rows": 200,
                        "Plan Width": 4,
                        "Actual Startup Time": 5079.354,
                        "Actual Total Time": 5079.355,
                        "Actual Rows": 24387,
                        "Actual Loops": 1,
                        "Hash Buckets": 32768,
                        "Original Hash Buckets": 1024,
                        "Hash Batches": 1,
                        "Original Hash Batches": 1,
                        "Peak Memory Usage": 1114,
                        "Plans": [
                          {
                            "Node Type": "Aggregate",
                            "Strategy": "Hashed",
                            "Partial Mode": "Simple",
                            "Parent Relationship": "Outer",
                            "Parallel Aware": false,
                            "Async Capable": false,
                            "Startup Cost": 356.24,
                            "Total Cost": 358.24,
                            "Plan Rows": 200,
                            "Plan Width": 4,
                            "Actual Startup Time": 5076.079,
                            "Actual Total Time": 5077.963,
                            "Actual Rows": 24387,
                            "Actual Loops": 1,
                            "Group Key": [
                              "best_ss_customer.c_customer_sk"
                            ],
                            "Planned Partitions": 0,
                            "HashAgg Batches": 1,
                            "Peak Memory Usage": 2081,
                            "Disk Usage": 0,
                            "Plans": [
                              {
                                "Node Type": "CTE Scan",
                                "Parent Relationship": "Outer",
                                "Parallel Aware": false,
                                "Async Capable": false,
                                "CTE Name": "best_ss_customer",
                                "Alias": "best_ss_customer",
                                "Startup Cost": 0.0,
                                "Total Cost": 316.66,
                                "Plan Rows": 15833,
                                "Plan Width": 4,
                                "Actual Startup Time": 2632.639,
                                "Actual Total Time": 5060.326,
                                "Actual Rows": 24387,
                                "Actual Loops": 1
                              }
                            ]
                          }
                        ]
                      }
                    ]
                  },
                  {
                    "Node Type": "Hash Join",
                    "Parent Relationship": "Member",
                    "Parallel Aware": false,
                    "Async Capable": false,
                    "Join Type": "Inner",
                    "Startup Cost": 1430.05,
                    "Total Cost": 9671.62,
                    "Plan Rows": 12,
                    "Plan Width": 32,
                    "Actual Startup Time": 36.957,
                    "Actual Total Time": 36.975,
                    "Actual Rows": 0,
                    "Actual Loops": 1,
                    "Inner Unique": true,
                    "Hash Cond": "(web_sales.ws_bill_customer_sk = best_ss_customer_1.c_customer_sk)",
                    "Plans": [
                      {
                        "Node Type": "Hash Join",
                        "Parent Relationship": "Outer",
                        "Parallel Aware": false,
                        "Async Capable": false,
                        "Join Type": "Inner",
                        "Startup Cost": 1069.31,
                        "Total Cost": 9310.53,
                        "Plan Rows": 57,
                        "Plan Width": 14,
                        "Actual Startup Time": 29.951,
                        "Actual Total Time": 29.968,
                        "Actual Rows": 0,
                        "Actual Loops": 1,
                        "Inner Unique": true,
                        "Hash Cond": "(web_sales.ws_item_sk = frequent_ss_items_1.item_sk)",
                        "Plans": [
                          {
                            "Node Type": "Gather",
                            "Parent Relationship": "Outer",
                            "Parallel Aware": false,
                            "Async Capable": false,
                            "Startup Cost": 1000.73,
                            "Total Cost": 9240.06,
                            "Plan Rows": 477,
                            "Plan Width": 18,
                            "Actual Startup Time": 1.102,
                            "Actual Total Time": 29.22,
                            "Actual Rows": 11612,
                            "Actual Loops": 1,
                            "Workers Planned": 2,
                            "Workers Launched": 2,
                            "Single Copy": false,
                            "Plans": [
                              {
                                "Node Type": "Nested Loop",
                                "Parent Relationship": "Outer",
                                "Parallel Aware": false,
                                "Async Capable": false,
                                "Join Type": "Inner",
                                "Startup Cost": 0.72,
                                "Total Cost": 8192.36,
                                "Plan Rows": 199,
                                "Plan Width": 18,
                                "Actual Startup Time": 1.666,
                                "Actual Total Time": 10.778,
                                "Actual Rows": 3871,
                                "Actual Loops": 3,
                                "Inner Unique": false,
                                "Workers": [],
                                "Plans": [
                                  {
                                    "Node Type": "Index Only Scan",
                                    "Parent Relationship": "Outer",
                                    "Parallel Aware": true,
                                    "Async Capable": false,
                                    "Scan Direction": "Forward",
                                    "Index Name": "_dta_index_date_dim_6_661577395__k1_k7_k9",
                                    "Relation Name": "date_dim",
                                    "Alias": "date_dim_1",
                                    "Startup Cost": 0.29,
                                    "Total Cost": 1858.91,
                                    "Plan Rows": 13,
                                    "Plan Width": 4,
                                    "Actual Startup Time": 1.603,
                                    "Actual Total Time": 1.613,
                                    "Actual Rows": 10,
                                    "Actual Loops": 3,
                                    "Index Cond": "((d_year = 1998) AND (d_moy = 10))",
                                    "Rows Removed by Index Recheck": 0,
                                    "Heap Fetches": 0,
                                    "Workers": []
                                  },
                                  {
                                    "Node Type": "Index Scan",
                                    "Parent Relationship": "Inner",
                                    "Parallel Aware": false,
                                    "Async Capable": false,
                                    "Scan Direction": "Forward",
                                    "Index Name": "_dta_index_web_sales_6_1269579561__k1_8_24",
                                    "Relation Name": "web_sales",
                                    "Alias": "web_sales",
                                    "Startup Cost": 0.43,
                                    "Total Cost": 481.9,
                                    "Plan Rows": 529,
                                    "Plan Width": 22,
                                    "Actual Startup Time": 0.017,
                                    "Actual Total Time": 0.855,
                                    "Actual Rows": 375,
                                    "Actual Loops": 31,
                                    "Index Cond": "(ws_sold_date_sk = date_dim_1.d_date_sk)",
                                    "Rows Removed by Index Recheck": 0,
                                    "Filter": "((ws_wholesale_cost >= '11'::numeric) AND (ws_wholesale_cost <= '21'::numeric))",
                                    "Rows Removed by Filter": 2010,
                                    "Workers": []
                                  }
                                ]
                              }
                            ]
                          },
                          {
                            "Node Type": "Hash",
                            "Parent Relationship": "Inner",
                            "Parallel Aware": false,
                            "Async Capable": false,
                            "Startup Cost": 66.08,
                            "Total Cost": 66.08,
                            "Plan Rows": 200,
                            "Plan Width": 4,
                            "Actual Startup Time": 0.008,
                            "Actual Total Time": 0.01,
                            "Actual Rows": 3,
                            "Actual Loops": 1,
                            "Hash Buckets": 1024,
                            "Original Hash Buckets": 1024,
                            "Hash Batches": 1,
                            "Original Hash Batches": 1,
                            "Peak Memory Usage": 9,
                            "Plans": [
                              {
                                "Node Type": "Aggregate",
                                "Strategy": "Hashed",
                                "Partial Mode": "Simple",
                                "Parent Relationship": "Outer",
                                "Parallel Aware": false,
                                "Async Capable": false,
                                "Startup Cost": 64.08,
                                "Total Cost": 66.08,
                                "Plan Rows": 200,
                                "Plan Width": 4,
                                "Actual Startup Time": 0.006,
                                "Actual Total Time": 0.008,
                                "Actual Rows": 3,
                                "Actual Loops": 1,
                                "Group Key": [
                                  "frequent_ss_items_1.item_sk"
                                ],
                                "Planned Partitions": 0,
                                "HashAgg Batches": 1,
                                "Peak Memory Usage": 40,
                                "Disk Usage": 0,
                                "Plans": [
                                  {
                                    "Node Type": "CTE Scan",
                                    "Parent Relationship": "Outer",
                                    "Parallel Aware": false,
                                    "Async Capable": false,
                                    "CTE Name": "frequent_ss_items",
                                    "Alias": "frequent_ss_items_1",
                                    "Startup Cost": 0.0,
                                    "Total Cost": 56.96,
                                    "Plan Rows": 2848,
                                    "Plan Width": 4,
                                    "Actual Startup Time": 0.002,
                                    "Actual Total Time": 0.002,
                                    "Actual Rows": 3,
                                    "Actual Loops": 1
                                  }
                                ]
                              }
                            ]
                          }
                        ]
                      },
                      {
                        "Node Type": "Hash",
                        "Parent Relationship": "Inner",
                        "Parallel Aware": false,
                        "Async Capable": false,
                        "Startup Cost": 358.24,
                        "Total Cost": 358.24,
                        "Plan Rows": 200,
                        "Plan Width": 4,
                        "Actual Startup Time": 6.993,
                        "Actual Total Time": 6.994,
                        "Actual Rows": 24387,
                        "Actual Loops": 1,
                        "Hash Buckets": 32768,
                        "Original Hash Buckets": 1024,
                        "Hash Batches": 1,
                        "Original Hash Batches": 1,
                        "Peak Memory Usage": 1114,
                        "Plans": [
                          {
                            "Node Type": "Aggregate",
                            "Strategy": "Hashed",
                            "Partial Mode": "Simple",
                            "Parent Relationship": "Outer",
                            "Parallel Aware": false,
                            "Async Capable": false,
                            "Startup Cost": 356.24,
                            "Total Cost": 358.24,
                            "Plan Rows": 200,
                            "Plan Width": 4,
                            "Actual Startup Time": 3.962,
                            "Actual Total Time": 5.63,
                            "Actual Rows": 24387,
                            "Actual Loops": 1,
                            "Group Key": [
                              "best_ss_customer_1.c_customer_sk"
                            ],
                            "Planned Partitions": 0,
                            "HashAgg Batches": 1,
                            "Peak Memory Usage": 2081,
                            "Disk Usage": 0,
                            "Plans": [
                              {
                                "Node Type": "CTE Scan",
                                "Parent Relationship": "Outer",
                                "Parallel Aware": false,
                                "Async Capable": false,
                                "CTE Name": "best_ss_customer",
                                "Alias": "best_ss_customer_1",
                                "Startup Cost": 0.0,
                                "Total Cost": 316.66,
                                "Plan Rows": 15833,
                                "Plan Width": 4,
                                "Actual Startup Time": 0.002,
                                "Actual Total Time": 1.189,
                                "Actual Rows": 24387,
                                "Actual Loops": 1
                              }
                            ]
                          }
                        ]
                      }
                    ]
                  }
                ]
              }
            ]
          }
        ]
      },
      "Planning Time": 1.816,
      "Triggers": [],
      "Execution Time": 6163.896
    }
  ],
  "plan_text": "",
  "actual_rows": 0,
  "provenance": {
    "database": "postgres://jakc9:jakc9@127.0.0.1:5434/dsb_sf10",
    "scale_factor": 10,
    "engine": "postgresql",
    "engine_version": "14.3",
    "cached_at": "2026-02-09T20:54:50.077833"
  }
}