{
  "plan_json": [
    {
      "Plan": {
        "Node Type": "Limit",
        "Parallel Aware": false,
        "Async Capable": false,
        "Startup Cost": 133941.89,
        "Total Cost": 133941.9,
        "Plan Rows": 5,
        "Plan Width": 240,
        "Actual Startup Time": 525.329,
        "Actual Total Time": 528.817,
        "Actual Rows": 1,
        "Actual Loops": 1,
        "Plans": [
          {
            "Node Type": "Sort",
            "Parent Relationship": "Outer",
            "Parallel Aware": false,
            "Async Capable": false,
            "Startup Cost": 133941.89,
            "Total Cost": 133941.9,
            "Plan Rows": 5,
            "Plan Width": 240,
            "Actual Startup Time": 525.327,
            "Actual Total Time": 528.814,
            "Actual Rows": 1,
            "Actual Loops": 1,
            "Sort Key": [
              "customer_address.ca_country",
              "customer_address.ca_state",
              "customer_address.ca_county",
              "item.i_item_id"
            ],
            "Sort Method": "quicksort",
            "Sort Space Used": 25,
            "Sort Space Type": "Memory",
            "Plans": [
              {
                "Node Type": "Aggregate",
                "Strategy": "Sorted",
                "Partial Mode": "Simple",
                "Parent Relationship": "Outer",
                "Parallel Aware": false,
                "Async Capable": false,
                "Startup Cost": 133941.67,
                "Total Cost": 133941.83,
                "Plan Rows": 5,
                "Plan Width": 240,
                "Actual Startup Time": 525.317,
                "Actual Total Time": 528.804,
                "Actual Rows": 1,
                "Actual Loops": 1,
                "Grouping Sets": [
                  {
                    "Group Keys": [
                      [
                        "item.i_item_id",
                        "customer_address.ca_country",
                        "customer_address.ca_state",
                        "customer_address.ca_county"
                      ],
                      [
                        "item.i_item_id",
                        "customer_address.ca_country",
                        "customer_address.ca_state"
                      ],
                      [
                        "item.i_item_id",
                        "customer_address.ca_country"
                      ],
                      [
                        "item.i_item_id"
                      ],
                      []
                    ]
                  }
                ],
                "Plans": [
                  {
                    "Node Type": "Sort",
                    "Parent Relationship": "Outer",
                    "Parallel Aware": false,
                    "Async Capable": false,
                    "Startup Cost": 133941.67,
                    "Total Cost": 133941.67,
                    "Plan Rows": 1,
                    "Plan Width": 77,
                    "Actual Startup Time": 525.309,
                    "Actual Total Time": 528.795,
                    "Actual Rows": 0,
                    "Actual Loops": 1,
                    "Sort Key": [
                      "item.i_item_id",
                      "customer_address.ca_country",
                      "customer_address.ca_state",
                      "customer_address.ca_county"
                    ],
                    "Sort Method": "quicksort",
                    "Sort Space Used": 25,
                    "Sort Space Type": "Memory",
                    "Plans": [
                      {
                        "Node Type": "Nested Loop",
                        "Parent Relationship": "Outer",
                        "Parallel Aware": false,
                        "Async Capable": false,
                        "Join Type": "Inner",
                        "Startup Cost": 1002.29,
                        "Total Cost": 133941.66,
                        "Plan Rows": 1,
                        "Plan Width": 77,
                        "Actual Startup Time": 525.306,
                        "Actual Total Time": 528.791,
                        "Actual Rows": 0,
                        "Actual Loops": 1,
                        "Inner Unique": true,
                        "Plans": [
                          {
                            "Node Type": "Gather",
                            "Parent Relationship": "Outer",
                            "Parallel Aware": false,
                            "Async Capable": false,
                            "Startup Cost": 1001.87,
                            "Total Cost": 133940.52,
                            "Plan Rows": 1,
                            "Plan Width": 50,
                            "Actual Startup Time": 150.833,
                            "Actual Total Time": 528.743,
                            "Actual Rows": 2,
                            "Actual Loops": 1,
                            "Workers Planned": 2,
                            "Workers Launched": 2,
                            "Single Copy": false,
                            "Plans": [
                              {
                                "Node Type": "Nested Loop",
                                "Parent Relationship": "Outer",
                                "Parallel Aware": false,
                                "Async Capable": false,
                                "Join Type": "Inner",
                                "Startup Cost": 1.87,
                                "Total Cost": 132940.42,
                                "Plan Rows": 1,
                                "Plan Width": 50,
                                "Actual Startup Time": 223.113,
                                "Actual Total Time": 284.422,
                                "Actual Rows": 1,
                                "Actual Loops": 3,
                                "Inner Unique": true,
                                "Workers": [],
                                "Plans": [
                                  {
                                    "Node Type": "Nested Loop",
                                    "Parent Relationship": "Outer",
                                    "Parallel Aware": false,
                                    "Async Capable": false,
                                    "Join Type": "Inner",
                                    "Startup Cost": 1.44,
                                    "Total Cost": 132939.3,
                                    "Plan Rows": 2,
                                    "Plan Width": 54,
                                    "Actual Startup Time": 11.721,
                                    "Actual Total Time": 284.035,
                                    "Actual Rows": 26,
                                    "Actual Loops": 3,
                                    "Inner Unique": true,
                                    "Workers": [],
                                    "Plans": [
                                      {
                                        "Node Type": "Nested Loop",
                                        "Parent Relationship": "Outer",
                                        "Parallel Aware": false,
                                        "Async Capable": false,
                                        "Join Type": "Inner",
                                        "Startup Cost": 1.02,
                                        "Total Cost": 132920.66,
                                        "Plan Rows": 37,
                                        "Plan Width": 50,
                                        "Actual Startup Time": 1.248,
                                        "Actual Total Time": 280.001,
                                        "Actual Rows": 390,
                                        "Actual Loops": 3,
                                        "Inner Unique": true,
                                        "Workers": [],
                                        "Plans": [
                                          {
                                            "Node Type": "Nested Loop",
                                            "Parent Relationship": "Outer",
                                            "Parallel Aware": false,
                                            "Async Capable": false,
                                            "Join Type": "Inner",
                                            "Startup Cost": 0.73,
                                            "Total Cost": 132224.51,
                                            "Plan Rows": 2037,
                                            "Plan Width": 37,
                                            "Actual Startup Time": 0.612,
                                            "Actual Total Time": 165.3,
                                            "Actual Rows": 45193,
                                            "Actual Loops": 3,
                                            "Inner Unique": false,
                                            "Workers": [],
                                            "Plans": [
                                              {
                                                "Node Type": "Index Only Scan",
                                                "Parent Relationship": "Outer",
                                                "Parallel Aware": true,
                                                "Async Capable": false,
                                                "Scan Direction": "Forward",
                                                "Index Name": "_dta_index_date_dim_6_661577395__k1_k7_k9",
                                                "Relation Name": "date_dim",
                                                "Alias": "date_dim",
                                                "Startup Cost": 0.29,
                                                "Total Cost": 1677.67,
                                                "Plan Rows": 151,
                                                "Plan Width": 4,
                                                "Actual Startup Time": 0.579,
                                                "Actual Total Time": 0.702,
                                                "Actual Rows": 122,
                                                "Actual Loops": 3,
                                                "Index Cond": "(d_year = 1999)",
                                                "Rows Removed by Index Recheck": 0,
                                                "Heap Fetches": 0,
                                                "Workers": []
                                              },
                                              {
                                                "Node Type": "Index Scan",
                                                "Parent Relationship": "Inner",
                                                "Parallel Aware": false,
                                                "Async Capable": false,
                                                "Scan Direction": "Forward",
                                                "Index Name": "_dta_index_catalog_sales_6_1301579675__k1_4",
                                                "Relation Name": "catalog_sales",
                                                "Alias": "catalog_sales",
                                                "Startup Cost": 0.43,
                                                "Total Cost": 859.91,
                                                "Plan Rows": 464,
                                                "Plan Width": 41,
                                                "Actual Startup Time": 0.009,
                                                "Actual Total Time": 1.3,
                                                "Actual Rows": 371,
                                                "Actual Loops": 365,
                                                "Index Cond": "(cs_sold_date_sk = date_dim.d_date_sk)",
                                                "Rows Removed by Index Recheck": 0,
                                                "Filter": "((cs_wholesale_cost >= '5'::numeric) AND (cs_wholesale_cost <= '10'::numeric))",
                                                "Rows Removed by Filter": 4816,
                                                "Workers": []
                                              }
                                            ]
                                          },
                                          {
                                            "Node Type": "Index Scan",
                                            "Parent Relationship": "Inner",
                                            "Parallel Aware": false,
                                            "Async Capable": false,
                                            "Scan Direction": "Forward",
                                            "Index Name": "item_pkey",
                                            "Relation Name": "item",
                                            "Alias": "item",
                                            "Startup Cost": 0.29,
                                            "Total Cost": 0.34,
                                            "Plan Rows": 1,
                                            "Plan Width": 21,
                                            "Actual Startup Time": 0.002,
                                            "Actual Total Time": 0.002,
                                            "Actual Rows": 0,
                                            "Actual Loops": 135580,
                                            "Index Cond": "(i_item_sk = catalog_sales.cs_item_sk)",
                                            "Rows Removed by Index Recheck": 0,
                                            "Filter": "(i_category = 'Music'::bpchar)",
                                            "Rows Removed by Filter": 1,
                                            "Workers": []
                                          }
                                        ]
                                      },
                                      {
                                        "Node Type": "Index Scan",
                                        "Parent Relationship": "Inner",
                                        "Parallel Aware": false,
                                        "Async Capable": false,
                                        "Scan Direction": "Forward",
                                        "Index Name": "_dta_index_customer_6_949578421__k1_k5",
                                        "Relation Name": "customer",
                                        "Alias": "customer",
                                        "Startup Cost": 0.42,
                                        "Total Cost": 0.5,
                                        "Plan Rows": 1,
                                        "Plan Width": 12,
                                        "Actual Startup Time": 0.01,
                                        "Actual Total Time": 0.01,
                                        "Actual Rows": 0,
                                        "Actual Loops": 1170,
                                        "Index Cond": "(c_customer_sk = catalog_sales.cs_bill_customer_sk)",
                                        "Rows Removed by Index Recheck": 0,
                                        "Filter": "(c_birth_month = 12)",
                                        "Rows Removed by Filter": 1,
                                        "Workers": []
                                      }
                                    ]
                                  },
                                  {
                                    "Node Type": "Index Scan",
                                    "Parent Relationship": "Inner",
                                    "Parallel Aware": false,
                                    "Async Capable": false,
                                    "Scan Direction": "Forward",
                                    "Index Name": "customer_demographics_pkey",
                                    "Relation Name": "customer_demographics",
                                    "Alias": "customer_demographics",
                                    "Startup Cost": 0.43,
                                    "Total Cost": 0.56,
                                    "Plan Rows": 1,
                                    "Plan Width": 4,
                                    "Actual Startup Time": 0.014,
                                    "Actual Total Time": 0.014,
                                    "Actual Rows": 0,
                                    "Actual Loops": 78,
                                    "Index Cond": "(cd_demo_sk = catalog_sales.cs_bill_cdemo_sk)",
                                    "Rows Removed by Index Recheck": 0,
                                    "Filter": "((cd_gender = 'F'::bpchar) AND (cd_education_status = '4 yr Degree'::bpchar))",
                                    "Rows Removed by Filter": 1,
                                    "Workers": []
                                  }
                                ]
                              }
                            ]
                          },
                          {
                            "Node Type": "Index Scan",
                            "Parent Relationship": "Inner",
                            "Parallel Aware": false,
                            "Async Capable": false,
                            "Scan Direction": "Forward",
                            "Index Name": "customer_address_pkey",
                            "Relation Name": "customer_address",
                            "Alias": "customer_address",
                            "Startup Cost": 0.42,
                            "Total Cost": 1.14,
                            "Plan Rows": 1,
                            "Plan Width": 35,
                            "Actual Startup Time": 0.021,
                            "Actual Total Time": 0.021,
                            "Actual Rows": 0,
                            "Actual Loops": 2,
                            "Index Cond": "(ca_address_sk = customer.c_current_addr_sk)",
                            "Rows Removed by Index Recheck": 0,
                            "Filter": "(ca_state = ANY ('{AR,IN,VA}'::bpchar[]))",
                            "Rows Removed by Filter": 1
                          }
                        ]
                      }
                    ]
                  }
                ]
              }
            ]
          }
        ]
      },
      "Planning Time": 1.713,
      "Triggers": [],
      "Execution Time": 528.897
    }
  ],
  "plan_text": "",
  "actual_rows": 0,
  "provenance": {
    "database": "postgres://jakc9:jakc9@127.0.0.1:5434/dsb_sf10",
    "scale_factor": 10,
    "engine": "postgresql",
    "engine_version": "14.3",
    "cached_at": "2026-02-09T20:54:43.000442"
  }
}