{
  "plan_json": [
    {
      "Plan": {
        "Node Type": "Limit",
        "Parallel Aware": false,
        "Async Capable": false,
        "Startup Cost": 586531.47,
        "Total Cost": 586531.48,
        "Plan Rows": 1,
        "Plan Width": 32,
        "Actual Startup Time": 2931.195,
        "Actual Total Time": 2931.431,
        "Actual Rows": 1,
        "Actual Loops": 1,
        "Plans": [
          {
            "Node Type": "Aggregate",
            "Strategy": "Sorted",
            "Partial Mode": "Finalize",
            "Parent Relationship": "InitPlan",
            "Subplan Name": "CTE frequent_ss_items",
            "Parallel Aware": false,
            "Async Capable": false,
            "Startup Cost": 108516.1,
            "Total Cost": 109189.98,
            "Plan Rows": 1751,
            "Plan Width": 48,
            "Actual Startup Time": 347.468,
            "Actual Total Time": 382.6,
            "Actual Rows": 2,
            "Actual Loops": 1,
            "Group Key": [
              "(\"substring\"((item.i_item_desc)::text, 1, 30))",
              "item.i_item_sk",
              "date_dim_2.d_date"
            ],
            "Filter": "(count(*) > 4)",
            "Rows Removed by Filter": 83568,
            "Plans": [
              {
                "Node Type": "Gather Merge",
                "Parent Relationship": "Outer",
                "Parallel Aware": false,
                "Async Capable": false,
                "Startup Cost": 108516.1,
                "Total Cost": 109076.16,
                "Plan Rows": 4378,
                "Plan Width": 48,
                "Actual Startup Time": 342.559,
                "Actual Total Time": 366.652,
                "Actual Rows": 83570,
                "Actual Loops": 1,
                "Workers Planned": 2,
                "Workers Launched": 2,
                "Plans": [
                  {
                    "Node Type": "Aggregate",
                    "Strategy": "Sorted",
                    "Partial Mode": "Partial",
                    "Parent Relationship": "Outer",
                    "Parallel Aware": false,
                    "Async Capable": false,
                    "Startup Cost": 107516.08,
                    "Total Cost": 107570.8,
                    "Plan Rows": 2189,
                    "Plan Width": 48,
                    "Actual Startup Time": 337.137,
                    "Actual Total Time": 345.263,
                    "Actual Rows": 27857,
                    "Actual Loops": 3,
                    "Group Key": [
                      "(\"substring\"((item.i_item_desc)::text, 1, 30))",
                      "item.i_item_sk",
                      "date_dim_2.d_date"
                    ],
                    "Workers": [],
                    "Plans": [
                      {
                        "Node Type": "Sort",
                        "Parent Relationship": "Outer",
                        "Parallel Aware": false,
                        "Async Capable": false,
                        "Startup Cost": 107516.08,
                        "Total Cost": 107521.55,
                        "Plan Rows": 2189,
                        "Plan Width": 40,
                        "Actual Startup Time": 337.128,
                        "Actual Total Time": 338.435,
                        "Actual Rows": 30562,
                        "Actual Loops": 3,
                        "Sort Key": [
                          "(\"substring\"((item.i_item_desc)::text, 1, 30))",
                          "item.i_item_sk",
                          "date_dim_2.d_date"
                        ],
                        "Sort Method": "quicksort",
                        "Sort Space Used": 3236,
                        "Sort Space Type": "Memory",
                        "Workers": [
                          {
                            "Worker Number": 0,
                            "Sort Method": "quicksort",
                            "Sort Space Used": 3133,
                            "Sort Space Type": "Memory"
                          },
                          {
                            "Worker Number": 1,
                            "Sort Method": "quicksort",
                            "Sort Space Used": 3004,
                            "Sort Space Type": "Memory"
                          }
                        ],
                        "Plans": [
                          {
                            "Node Type": "Hash Join",
                            "Parent Relationship": "Outer",
                            "Parallel Aware": false,
                            "Async Capable": false,
                            "Join Type": "Inner",
                            "Startup Cost": 587.09,
                            "Total Cost": 107394.63,
                            "Plan Rows": 2189,
                            "Plan Width": 40,
                            "Actual Startup Time": 0.497,
                            "Actual Total Time": 306.249,
                            "Actual Rows": 30562,
                            "Actual Loops": 3,
                            "Inner Unique": true,
                            "Hash Cond": "(store_sales.ss_sold_date_sk = date_dim_2.d_date_sk)",
                            "Workers": [],
                            "Plans": [
                              {
                                "Node Type": "Nested Loop",
                                "Parent Relationship": "Outer",
                                "Parallel Aware": false,
                                "Async Capable": false,
                                "Join Type": "Inner",
                                "Startup Cost": 0.56,
                                "Total Cost": 105586.28,
                                "Plan Rows": 463346,
                                "Plan Width": 111,
                                "Actual Startup Time": 0.307,
                                "Actual Total Time": 282.044,
                                "Actual Rows": 208254,
                                "Actual Loops": 3,
                                "Inner Unique": false,
                                "Workers": [],
                                "Plans": [
                                  {
                                    "Node Type": "Seq Scan",
                                    "Parent Relationship": "Outer",
                                    "Parallel Aware": true,
                                    "Async Capable": false,
                                    "Relation Name": "item",
                                    "Alias": "item",
                                    "Startup Cost": 0.0,
                                    "Total Cost": 7766.88,
                                    "Plan Rows": 1641,
                                    "Plan Width": 107,
                                    "Actual Startup Time": 0.021,
                                    "Actual Total Time": 15.556,
                                    "Actual Rows": 1389,
                                    "Actual Loops": 3,
                                    "Filter": "((i_manager_id >= 44) AND (i_manager_id <= 63) AND (i_category = ANY ('{Men,Music,Sports}'::bpchar[])))",
                                    "Rows Removed by Filter": 32611,
                                    "Workers": []
                                  },
                                  {
                                    "Node Type": "Index Only Scan",
                                    "Parent Relationship": "Inner",
                                    "Parallel Aware": false,
                                    "Async Capable": false,
                                    "Scan Direction": "Forward",
                                    "Index Name": "_dta_index_store_sales_6_1333579789__k3_k10_k4_k1_k8",
                                    "Relation Name": "store_sales",
                                    "Alias": "store_sales",
                                    "Startup Cost": 0.56,
                                    "Total Cost": 47.42,
                                    "Plan Rows": 1219,
                                    "Plan Width": 8,
                                    "Actual Startup Time": 0.106,
                                    "Actual Total Time": 0.181,
                                    "Actual Rows": 150,
                                    "Actual Loops": 4168,
                                    "Index Cond": "(ss_item_sk = item.i_item_sk)",
                                    "Rows Removed by Index Recheck": 0,
                                    "Heap Fetches": 0,
                                    "Workers": []
                                  }
                                ]
                              },
                              {
                                "Node Type": "Hash",
                                "Parent Relationship": "Inner",
                                "Parallel Aware": false,
                                "Async Capable": false,
                                "Startup Cost": 582.0,
                                "Total Cost": 582.0,
                                "Plan Rows": 362,
                                "Plan Width": 8,
                                "Actual Startup Time": 0.126,
                                "Actual Total Time": 0.128,
                                "Actual Rows": 365,
                                "Actual Loops": 3,
                                "Hash Buckets": 1024,
                                "Original Hash Buckets": 1024,
                                "Hash Batches": 1,
                                "Original Hash Batches": 1,
                                "Peak Memory Usage": 23,
                                "Workers": [],
                                "Plans": [
                                  {
                                    "Node Type": "Index Scan",
                                    "Parent Relationship": "Outer",
                                    "Parallel Aware": false,
                                    "Async Capable": false,
                                    "Scan Direction": "Forward",
                                    "Index Name": "_dta_index_date_dim_6_661577395__k7_k1",
                                    "Relation Name": "date_dim",
                                    "Alias": "date_dim_2",
                                    "Startup Cost": 0.29,
                                    "Total Cost": 582.0,
                                    "Plan Rows": 362,
                                    "Plan Width": 8,
                                    "Actual Startup Time": 0.017,
                                    "Actual Total Time": 0.081,
                                    "Actual Rows": 365,
                                    "Actual Loops": 3,
                                    "Index Cond": "(d_year = 1999)",
                                    "Rows Removed by Index Recheck": 0,
                                    "Workers": []
                                  }
                                ]
                              }
                            ]
                          }
                        ]
                      }
                    ]
                  }
                ]
              }
            ]
          },
          {
            "Node Type": "Aggregate",
            "Strategy": "Sorted",
            "Partial Mode": "Finalize",
            "Parent Relationship": "InitPlan",
            "Subplan Name": "CTE best_ss_customer",
            "Parallel Aware": false,
            "Async Capable": false,
            "Startup Cost": 154468.06,
            "Total Cost": 453923.59,
            "Plan Rows": 12794,
            "Plan Width": 36,
            "Actual Startup Time": 1284.914,
            "Actual Total Time": 2472.071,
            "Actual Rows": 5504,
            "Actual Loops": 1,
            "Group Key": [
              "customer_1.c_customer_sk"
            ],
            "Filter": "(sum(((store_sales_2.ss_quantity)::numeric * store_sales_2.ss_sales_price)) > (0.95000000000000000000 * $6))",
            "Rows Removed by Filter": 30813,
            "Plans": [
              {
                "Node Type": "Aggregate",
                "Strategy": "Plain",
                "Partial Mode": "Simple",
                "Parent Relationship": "InitPlan",
                "Subplan Name": "InitPlan 2 (returns $6)",
                "Parallel Aware": false,
                "Async Capable": false,
                "Startup Cost": 153467.04,
                "Total Cost": 153467.05,
                "Plan Rows": 1,
                "Plan Width": 32,
                "Actual Startup Time": 1269.977,
                "Actual Total Time": 1270.023,
                "Actual Rows": 1,
                "Actual Loops": 1,
                "Plans": [
                  {
                    "Node Type": "Aggregate",
                    "Strategy": "Sorted",
                    "Partial Mode": "Finalize",
                    "Parent Relationship": "Outer",
                    "Parallel Aware": false,
                    "Async Capable": false,
                    "Startup Cost": 152312.35,
                    "Total Cost": 153362.32,
                    "Plan Rows": 8377,
                    "Plan Width": 36,
                    "Actual Startup Time": 1104.542,
                    "Actual Total Time": 1262.273,
                    "Actual Rows": 147865,
                    "Actual Loops": 1,
                    "Group Key": [
                      "customer.c_customer_sk"
                    ],
                    "Plans": [
                      {
                        "Node Type": "Gather Merge",
                        "Parent Relationship": "Outer",
                        "Parallel Aware": false,
                        "Async Capable": false,
                        "Startup Cost": 152312.35,
                        "Total Cost": 153205.26,
                        "Plan Rows": 6980,
                        "Plan Width": 36,
                        "Actual Startup Time": 1104.532,
                        "Actual Total Time": 1184.246,
                        "Actual Rows": 168783,
                        "Actual Loops": 1,
                        "Workers Planned": 2,
                        "Workers Launched": 2,
                        "Plans": [
                          {
                            "Node Type": "Aggregate",
                            "Strategy": "Sorted",
                            "Partial Mode": "Partial",
                            "Parent Relationship": "Outer",
                            "Parallel Aware": false,
                            "Async Capable": false,
                            "Startup Cost": 151312.32,
                            "Total Cost": 151399.57,
                            "Plan Rows": 3490,
                            "Plan Width": 36,
                            "Actual Startup Time": 597.837,
                            "Actual Total Time": 653.352,
                            "Actual Rows": 56261,
                            "Actual Loops": 3,
                            "Group Key": [
                              "customer.c_customer_sk"
                            ],
                            "Workers": [],
                            "Plans": [
                              {
                                "Node Type": "Sort",
                                "Parent Relationship": "Outer",
                                "Parallel Aware": false,
                                "Async Capable": false,
                                "Startup Cost": 151312.32,
                                "Total Cost": 151321.05,
                                "Plan Rows": 3490,
                                "Plan Width": 14,
                                "Actual Startup Time": 597.823,
                                "Actual Total Time": 606.868,
                                "Actual Rows": 100405,
                                "Actual Loops": 3,
                                "Sort Key": [
                                  "customer.c_customer_sk"
                                ],
                                "Sort Method": "external merge",
                                "Sort Space Used": 2696,
                                "Sort Space Type": "Disk",
                                "Workers": [
                                  {
                                    "Worker Number": 0,
                                    "Sort Method": "external merge",
                                    "Sort Space Used": 4616,
                                    "Sort Space Type": "Disk"
                                  },
                                  {
                                    "Worker Number": 1,
                                    "Sort Method": "quicksort",
                                    "Sort Space Used": 25,
                                    "Sort Space Type": "Memory"
                                  }
                                ],
                                "Plans": [
                                  {
                                    "Node Type": "Nested Loop",
                                    "Parent Relationship": "Outer",
                                    "Parallel Aware": false,
                                    "Async Capable": false,
                                    "Join Type": "Inner",
                                    "Startup Cost": 1.28,
                                    "Total Cost": 151106.95,
                                    "Plan Rows": 3490,
                                    "Plan Width": 14,
                                    "Actual Startup Time": 0.833,
                                    "Actual Total Time": 564.715,
                                    "Actual Rows": 100405,
                                    "Actual Loops": 3,
                                    "Inner Unique": true,
                                    "Workers": [],
                                    "Plans": [
                                      {
                                        "Node Type": "Nested Loop",
                                        "Parent Relationship": "Outer",
                                        "Parallel Aware": false,
                                        "Async Capable": false,
                                        "Join Type": "Inner",
                                        "Startup Cost": 0.85,
                                        "Total Cost": 149369.25,
                                        "Plan Rows": 3659,
                                        "Plan Width": 14,
                                        "Actual Startup Time": 0.812,
                                        "Actual Total Time": 360.46,
                                        "Actual Rows": 101613,
                                        "Actual Loops": 3,
                                        "Inner Unique": false,
                                        "Workers": [],
                                        "Plans": [
                                          {
                                            "Node Type": "Index Only Scan",
                                            "Parent Relationship": "Outer",
                                            "Parallel Aware": true,
                                            "Async Capable": false,
                                            "Scan Direction": "Forward",
                                            "Index Name": "_dta_index_date_dim_6_661577395__k1_k7_k9",
                                            "Relation Name": "date_dim",
                                            "Alias": "date_dim_3",
                                            "Startup Cost": 0.29,
                                            "Total Cost": 1677.67,
                                            "Plan Rows": 151,
                                            "Plan Width": 4,
                                            "Actual Startup Time": 0.605,
                                            "Actual Total Time": 0.727,
                                            "Actual Rows": 122,
                                            "Actual Loops": 3,
                                            "Index Cond": "(d_year = 1999)",
                                            "Rows Removed by Index Recheck": 0,
                                            "Heap Fetches": 0,
                                            "Workers": []
                                          },
                                          {
                                            "Node Type": "Index Only Scan",
                                            "Parent Relationship": "Inner",
                                            "Parallel Aware": false,
                                            "Async Capable": false,
                                            "Scan Direction": "Forward",
                                            "Index Name": "_dta_index_store_sales_6_1333579789__k1_k23_k14_k6_k8_k5_k7_3_4",
                                            "Relation Name": "store_sales",
                                            "Alias": "store_sales_1",
                                            "Startup Cost": 0.56,
                                            "Total Cost": 969.45,
                                            "Plan Rows": 864,
                                            "Plan Width": 18,
                                            "Actual Startup Time": 0.286,
                                            "Actual Total Time": 2.892,
                                            "Actual Rows": 835,
                                            "Actual Loops": 365,
                                            "Index Cond": "(ss_sold_date_sk = date_dim_3.d_date_sk)",
                                            "Rows Removed by Index Recheck": 0,
                                            "Filter": "((ss_wholesale_cost >= '26'::numeric) AND (ss_wholesale_cost <= '36'::numeric))",
                                            "Rows Removed by Filter": 11782,
                                            "Heap Fetches": 0,
                                            "Workers": []
                                          }
                                        ]
                                      },
                                      {
                                        "Node Type": "Index Only Scan",
                                        "Parent Relationship": "Inner",
                                        "Parallel Aware": false,
                                        "Async Capable": false,
                                        "Scan Direction": "Forward",
                                        "Index Name": "_dta_index_customer_6_949578421__k1_k5",
                                        "Relation Name": "customer",
                                        "Alias": "customer",
                                        "Startup Cost": 0.42,
                                        "Total Cost": 0.47,
                                        "Plan Rows": 1,
                                        "Plan Width": 4,
                                        "Actual Startup Time": 0.002,
                                        "Actual Total Time": 0.002,
                                        "Actual Rows": 1,
                                        "Actual Loops": 304839,
                                        "Index Cond": "(c_customer_sk = store_sales_1.ss_customer_sk)",
                                        "Rows Removed by Index Recheck": 0,
                                        "Heap Fetches": 0,
                                        "Workers": []
                                      }
                                    ]
                                  }
                                ]
                              }
                            ]
                          }
                        ]
                      }
                    ]
                  }
                ]
              },
              {
                "Node Type": "Gather Merge",
                "Parent Relationship": "Outer",
                "Parallel Aware": false,
                "Async Capable": false,
                "Startup Cost": 1001.01,
                "Total Cost": 299209.09,
                "Plan Rows": 76766,
                "Plan Width": 36,
                "Actual Startup Time": 10.37,
                "Actual Total Time": 1162.949,
                "Actual Rows": 36317,
                "Actual Loops": 1,
                "Workers Planned": 2,
                "Workers Launched": 2,
                "Plans": [
                  {
                    "Node Type": "Aggregate",
                    "Strategy": "Sorted",
                    "Partial Mode": "Partial",
                    "Parent Relationship": "Outer",
                    "Parallel Aware": false,
                    "Async Capable": false,
                    "Startup Cost": 0.98,
                    "Total Cost": 289348.37,
                    "Plan Rows": 38383,
                    "Plan Width": 36,
                    "Actual Startup Time": 1.546,
                    "Actual Total Time": 1033.507,
                    "Actual Rows": 12106,
                    "Actual Loops": 3,
                    "Group Key": [
                      "customer_1.c_customer_sk"
                    ],
                    "Workers": [],
                    "Plans": [
                      {
                        "Node Type": "Nested Loop",
                        "Parent Relationship": "Outer",
                        "Parallel Aware": false,
                        "Async Capable": false,
                        "Join Type": "Inner",
                        "Startup Cost": 0.98,
                        "Total Cost": 280079.12,
                        "Plan Rows": 878946,
                        "Plan Width": 14,
                        "Actual Startup Time": 1.47,
                        "Actual Total Time": 869.027,
                        "Actual Rows": 714638,
                        "Actual Loops": 3,
                        "Inner Unique": false,
                        "Workers": [],
                        "Plans": [
                          {
                            "Node Type": "Index Scan",
                            "Parent Relationship": "Outer",
                            "Parallel Aware": true,
                            "Async Capable": false,
                            "Scan Direction": "Forward",
                            "Index Name": "customer_pkey",
                            "Relation Name": "customer",
                            "Alias": "customer_1",
                            "Startup Cost": 0.42,
                            "Total Cost": 24952.83,
                            "Plan Rows": 15993,
                            "Plan Width": 4,
                            "Actual Startup Time": 0.033,
                            "Actual Total Time": 49.995,
                            "Actual Rows": 13078,
                            "Actual Loops": 3,
                            "Filter": "((c_birth_year >= 1987) AND (c_birth_year <= 1993))",
                            "Rows Removed by Filter": 153589,
                            "Workers": []
                          },
                          {
                            "Node Type": "Index Only Scan",
                            "Parent Relationship": "Inner",
                            "Parallel Aware": false,
                            "Async Capable": false,
                            "Scan Direction": "Forward",
                            "Index Name": "_dta_index_store_sales_6_1333579789__k4_1_3_10_11_14",
                            "Relation Name": "store_sales",
                            "Alias": "store_sales_2",
                            "Startup Cost": 0.56,
                            "Total Cost": 12.73,
                            "Plan Rows": 322,
                            "Plan Width": 14,
                            "Actual Startup Time": 0.041,
                            "Actual Total Time": 0.058,
                            "Actual Rows": 55,
                            "Actual Loops": 39234,
                            "Index Cond": "(ss_customer_sk = customer_1.c_customer_sk)",
                            "Rows Removed by Index Recheck": 0,
                            "Heap Fetches": 0,
                            "Workers": []
                          }
                        ]
                      }
                    ]
                  }
                ]
              }
            ]
          },
          {
            "Node Type": "Aggregate",
            "Strategy": "Plain",
            "Partial Mode": "Simple",
            "Parent Relationship": "Outer",
            "Parallel Aware": false,
            "Async Capable": false,
            "Startup Cost": 23417.9,
            "Total Cost": 23417.91,
            "Plan Rows": 1,
            "Plan Width": 32,
            "Actual Startup Time": 2931.194,
            "Actual Total Time": 2931.259,
            "Actual Rows": 1,
            "Actual Loops": 1,
            "Plans": [
              {
                "Node Type": "Append",
                "Parent Relationship": "Outer",
                "Parallel Aware": false,
                "Async Capable": false,
                "Startup Cost": 1336.99,
                "Total Cost": 23417.86,
                "Plan Rows": 13,
                "Plan Width": 32,
                "Actual Startup Time": 2931.189,
                "Actual Total Time": 2931.254,
                "Actual Rows": 0,
                "Actual Loops": 1,
                "Subplans Removed": 0,
                "Plans": [
                  {
                    "Node Type": "Hash Join",
                    "Parent Relationship": "Member",
                    "Parallel Aware": false,
                    "Async Capable": false,
                    "Join Type": "Inner",
                    "Startup Cost": 1336.99,
                    "Total Cost": 14397.41,
                    "Plan Rows": 11,
                    "Plan Width": 32,
                    "Actual Startup Time": 2882.883,
                    "Actual Total Time": 2882.915,
                    "Actual Rows": 0,
                    "Actual Loops": 1,
                    "Inner Unique": true,
                    "Hash Cond": "(catalog_sales.cs_bill_customer_sk = best_ss_customer.c_customer_sk)",
                    "Plans": [
                      {
                        "Node Type": "Hash Join",
                        "Parent Relationship": "Outer",
                        "Parallel Aware": false,
                        "Async Capable": false,
                        "Join Type": "Inner",
                        "Startup Cost": 1044.62,
                        "Total Cost": 14104.68,
                        "Plan Rows": 70,
                        "Plan Width": 14,
                        "Actual Startup Time": 403.105,
                        "Actual Total Time": 403.135,
                        "Actual Rows": 0,
                        "Actual Loops": 1,
                        "Inner Unique": true,
                        "Hash Cond": "(catalog_sales.cs_item_sk = frequent_ss_items.item_sk)",
                        "Plans": [
                          {
                            "Node Type": "Gather",
                            "Parent Relationship": "Outer",
                            "Parallel Aware": false,
                            "Async Capable": false,
                            "Startup Cost": 1000.73,
                            "Total Cost": 14057.56,
                            "Plan Rows": 932,
                            "Plan Width": 18,
                            "Actual Startup Time": 1.335,
                            "Actual Total Time": 19.951,
                            "Actual Rows": 10889,
                            "Actual Loops": 1,
                            "Workers Planned": 2,
                            "Workers Launched": 2,
                            "Single Copy": false,
                            "Plans": [
                              {
                                "Node Type": "Nested Loop",
                                "Parent Relationship": "Outer",
                                "Parallel Aware": false,
                                "Async Capable": false,
                                "Join Type": "Inner",
                                "Startup Cost": 0.73,
                                "Total Cost": 12964.36,
                                "Plan Rows": 388,
                                "Plan Width": 18,
                                "Actual Startup Time": 2.097,
                                "Actual Total Time": 8.045,
                                "Actual Rows": 3630,
                                "Actual Loops": 3,
                                "Inner Unique": false,
                                "Workers": [],
                                "Plans": [
                                  {
                                    "Node Type": "Index Only Scan",
                                    "Parent Relationship": "Outer",
                                    "Parallel Aware": true,
                                    "Async Capable": false,
                                    "Scan Direction": "Forward",
                                    "Index Name": "_dta_index_date_dim_6_661577395__k1_k7_k9",
                                    "Relation Name": "date_dim",
                                    "Alias": "date_dim",
                                    "Startup Cost": 0.29,
                                    "Total Cost": 1858.91,
                                    "Plan Rows": 12,
                                    "Plan Width": 4,
                                    "Actual Startup Time": 2.076,
                                    "Actual Total Time": 2.089,
                                    "Actual Rows": 10,
                                    "Actual Loops": 3,
                                    "Index Cond": "((d_year = 1999) AND (d_moy = 5))",
                                    "Rows Removed by Index Recheck": 0,
                                    "Heap Fetches": 0,
                                    "Workers": []
                                  },
                                  {
                                    "Node Type": "Index Scan",
                                    "Parent Relationship": "Inner",
                                    "Parallel Aware": false,
                                    "Async Capable": false,
                                    "Scan Direction": "Forward",
                                    "Index Name": "_dta_index_catalog_sales_6_1301579675__k1_4",
                                    "Relation Name": "catalog_sales",
                                    "Alias": "catalog_sales",
                                    "Startup Cost": 0.43,
                                    "Total Cost": 914.77,
                                    "Plan Rows": 1068,
                                    "Plan Width": 22,
                                    "Actual Startup Time": 0.008,
                                    "Actual Total Time": 0.549,
                                    "Actual Rows": 351,
                                    "Actual Loops": 31,
                                    "Index Cond": "(cs_sold_date_sk = date_dim.d_date_sk)",
                                    "Rows Removed by Index Recheck": 0,
                                    "Filter": "((cs_wholesale_cost >= '26'::numeric) AND (cs_wholesale_cost <= '36'::numeric))",
                                    "Rows Removed by Filter": 1887,
                                    "Workers": []
                                  }
                                ]
                              }
                            ]
                          },
                          {
                            "Node Type": "Hash",
                            "Parent Relationship": "Inner",
                            "Parallel Aware": false,
                            "Async Capable": false,
                            "Startup Cost": 41.4,
                            "Total Cost": 41.4,
                            "Plan Rows": 200,
                            "Plan Width": 4,
                            "Actual Startup Time": 382.545,
                            "Actual Total Time": 382.546,
                            "Actual Rows": 2,
                            "Actual Loops": 1,
                            "Hash Buckets": 1024,
                            "Original Hash Buckets": 1024,
                            "Hash Batches": 1,
                            "Original Hash Batches": 1,
                            "Peak Memory Usage": 9,
                            "Plans": [
                              {
                                "Node Type": "Aggregate",
                                "Strategy": "Hashed",
                                "Partial Mode": "Simple",
                                "Parent Relationship": "Outer",
                                "Parallel Aware": false,
                                "Async Capable": false,
                                "Startup Cost": 39.4,
                                "Total Cost": 41.4,
                                "Plan Rows": 200,
                                "Plan Width": 4,
                                "Actual Startup Time": 382.538,
                                "Actual Total Time": 382.54,
                                "Actual Rows": 2,
                                "Actual Loops": 1,
                                "Group Key": [
                                  "frequent_ss_items.item_sk"
                                ],
                                "Planned Partitions": 0,
                                "HashAgg Batches": 1,
                                "Peak Memory Usage": 40,
                                "Disk Usage": 0,
                                "Plans": [
                                  {
                                    "Node Type": "CTE Scan",
                                    "Parent Relationship": "Outer",
                                    "Parallel Aware": false,
                                    "Async Capable": false,
                                    "CTE Name": "frequent_ss_items",
                                    "Alias": "frequent_ss_items",
                                    "Startup Cost": 0.0,
                                    "Total Cost": 35.02,
                                    "Plan Rows": 1751,
                                    "Plan Width": 4,
                                    "Actual Startup Time": 347.471,
                                    "Actual Total Time": 382.529,
                                    "Actual Rows": 2,
                                    "Actual Loops": 1
                                  }
                                ]
                              }
                            ]
                          }
                        ]
                      },
                      {
                        "Node Type": "Hash",
                        "Parent Relationship": "Inner",
                        "Parallel Aware": false,
                        "Async Capable": false,
                        "Startup Cost": 289.87,
                        "Total Cost": 289.87,
                        "Plan Rows": 200,
                        "Plan Width": 4,
                        "Actual Startup Time": 2479.773,
                        "Actual Total Time": 2479.775,
                        "Actual Rows": 5504,
                        "Actual Loops": 1,
                        "Hash Buckets": 8192,
                        "Original Hash Buckets": 1024,
                        "Hash Batches": 1,
                        "Original Hash Batches": 1,
                        "Peak Memory Usage": 258,
                        "Plans": [
                          {
                            "Node Type": "Aggregate",
                            "Strategy": "Hashed",
                            "Partial Mode": "Simple",
                            "Parent Relationship": "Outer",
                            "Parallel Aware": false,
                            "Async Capable": false,
                            "Startup Cost": 287.87,
                            "Total Cost": 289.87,
                            "Plan Rows": 200,
                            "Plan Width": 4,
                            "Actual Startup Time": 2478.644,
                            "Actual Total Time": 2479.291,
                            "Actual Rows": 5504,
                            "Actual Loops": 1,
                            "Group Key": [
                              "best_ss_customer.c_customer_sk"
                            ],
                            "Planned Partitions": 0,
                            "HashAgg Batches": 1,
                            "Peak Memory Usage": 737,
                            "Disk Usage": 0,
                            "Plans": [
                              {
                                "Node Type": "CTE Scan",
                                "Parent Relationship": "Outer",
                                "Parallel Aware": false,
                                "Async Capable": false,
                                "CTE Name": "best_ss_customer",
                                "Alias": "best_ss_customer",
                                "Startup Cost": 0.0,
                                "Total Cost": 255.88,
                                "Plan Rows": 12794,
                                "Plan Width": 4,
                                "Actual Startup Time": 1284.917,
                                "Actual Total Time": 2474.875,
                                "Actual Rows": 5504,
                                "Actual Loops": 1
                              }
                            ]
                          }
                        ]
                      }
                    ]
                  },
                  {
                    "Node Type": "Hash Join",
                    "Parent Relationship": "Member",
                    "Parallel Aware": false,
                    "Async Capable": false,
                    "Join Type": "Inner",
                    "Startup Cost": 1336.99,
                    "Total Cost": 9020.26,
                    "Plan Rows": 2,
                    "Plan Width": 32,
                    "Actual Startup Time": 48.303,
                    "Actual Total Time": 48.334,
                    "Actual Rows": 0,
                    "Actual Loops": 1,
                    "Inner Unique": true,
                    "Hash Cond": "(web_sales.ws_bill_customer_sk = best_ss_customer_1.c_customer_sk)",
                    "Plans": [
                      {
                        "Node Type": "Hash Join",
                        "Parent Relationship": "Outer",
                        "Parallel Aware": false,
                        "Async Capable": false,
                        "Join Type": "Inner",
                        "Startup Cost": 1044.62,
                        "Total Cost": 8727.83,
                        "Plan Rows": 13,
                        "Plan Width": 14,
                        "Actual Startup Time": 46.813,
                        "Actual Total Time": 46.842,
                        "Actual Rows": 0,
                        "Actual Loops": 1,
                        "Inner Unique": true,
                        "Hash Cond": "(web_sales.ws_item_sk = frequent_ss_items_1.item_sk)",
                        "Plans": [
                          {
                            "Node Type": "Gather",
                            "Parent Relationship": "Outer",
                            "Parallel Aware": false,
                            "Async Capable": false,
                            "Startup Cost": 1000.73,
                            "Total Cost": 8683.34,
                            "Plan Rows": 173,
                            "Plan Width": 18,
                            "Actual Startup Time": 0.618,
                            "Actual Total Time": 46.144,
                            "Actual Rows": 9780,
                            "Actual Loops": 1,
                            "Workers Planned": 2,
                            "Workers Launched": 2,
                            "Single Copy": false,
                            "Plans": [
                              {
                                "Node Type": "Nested Loop",
                                "Parent Relationship": "Outer",
                                "Parallel Aware": false,
                                "Async Capable": false,
                                "Join Type": "Inner",
                                "Startup Cost": 0.72,
                                "Total Cost": 7666.04,
                                "Plan Rows": 72,
                                "Plan Width": 18,
                                "Actual Startup Time": 0.863,
                                "Actual Total Time": 15.798,
                                "Actual Rows": 3260,
                                "Actual Loops": 3,
                                "Inner Unique": false,
                                "Workers": [],
                                "Plans": [
                                  {
                                    "Node Type": "Index Only Scan",
                                    "Parent Relationship": "Outer",
                                    "Parallel Aware": true,
                                    "Async Capable": false,
                                    "Scan Direction": "Forward",
                                    "Index Name": "_dta_index_date_dim_6_661577395__k1_k7_k9",
                                    "Relation Name": "date_dim",
                                    "Alias": "date_dim_1",
                                    "Startup Cost": 0.29,
                                    "Total Cost": 1858.91,
                                    "Plan Rows": 12,
                                    "Plan Width": 4,
                                    "Actual Startup Time": 0.84,
                                    "Actual Total Time": 0.856,
                                    "Actual Rows": 10,
                                    "Actual Loops": 3,
                                    "Index Cond": "((d_year = 1999) AND (d_moy = 5))",
                                    "Rows Removed by Index Recheck": 0,
                                    "Heap Fetches": 0,
                                    "Workers": []
                                  },
                                  {
                                    "Node Type": "Index Scan",
                                    "Parent Relationship": "Inner",
                                    "Parallel Aware": false,
                                    "Async Capable": false,
                                    "Scan Direction": "Forward",
                                    "Index Name": "_dta_index_web_sales_6_1269579561__k1_8_24",
                                    "Relation Name": "web_sales",
                                    "Alias": "web_sales",
                                    "Startup Cost": 0.43,
                                    "Total Cost": 481.94,
                                    "Plan Rows": 199,
                                    "Plan Width": 22,
                                    "Actual Startup Time": 0.019,
                                    "Actual Total Time": 1.418,
                                    "Actual Rows": 315,
                                    "Actual Loops": 31,
                                    "Index Cond": "(ws_sold_date_sk = date_dim_1.d_date_sk)",
                                    "Rows Removed by Index Recheck": 0,
                                    "Filter": "((ws_wholesale_cost >= '26'::numeric) AND (ws_wholesale_cost <= '36'::numeric))",
                                    "Rows Removed by Filter": 5016,
                                    "Workers": []
                                  }
                                ]
                              }
                            ]
                          },
                          {
                            "Node Type": "Hash",
                            "Parent Relationship": "Inner",
                            "Parallel Aware": false,
                            "Async Capable": false,
                            "Startup Cost": 41.4,
                            "Total Cost": 41.4,
                            "Plan Rows": 200,
                            "Plan Width": 4,
                            "Actual Startup Time": 0.007,
                            "Actual Total Time": 0.008,
                            "Actual Rows": 2,
                            "Actual Loops": 1,
                            "Hash Buckets": 1024,
                            "Original Hash Buckets": 1024,
                            "Hash Batches": 1,
                            "Original Hash Batches": 1,
                            "Peak Memory Usage": 9,
                            "Plans": [
                              {
                                "Node Type": "Aggregate",
                                "Strategy": "Hashed",
                                "Partial Mode": "Simple",
                                "Parent Relationship": "Outer",
                                "Parallel Aware": false,
                                "Async Capable": false,
                                "Startup Cost": 39.4,
                                "Total Cost": 41.4,
                                "Plan Rows": 200,
                                "Plan Width": 4,
                                "Actual Startup Time": 0.005,
                                "Actual Total Time": 0.006,
                                "Actual Rows": 2,
                                "Actual Loops": 1,
                                "Group Key": [
                                  "frequent_ss_items_1.item_sk"
                                ],
                                "Planned Partitions": 0,
                                "HashAgg Batches": 1,
                                "Peak Memory Usage": 40,
                                "Disk Usage": 0,
                                "Plans": [
                                  {
                                    "Node Type": "CTE Scan",
                                    "Parent Relationship": "Outer",
                                    "Parallel Aware": false,
                                    "Async Capable": false,
                                    "CTE Name": "frequent_ss_items",
                                    "Alias": "frequent_ss_items_1",
                                    "Startup Cost": 0.0,
                                    "Total Cost": 35.02,
                                    "Plan Rows": 1751,
                                    "Plan Width": 4,
                                    "Actual Startup Time": 0.002,
                                    "Actual Total Time": 0.002,
                                    "Actual Rows": 2,
                                    "Actual Loops": 1
                                  }
                                ]
                              }
                            ]
                          }
                        ]
                      },
                      {
                        "Node Type": "Hash",
                        "Parent Relationship": "Inner",
                        "Parallel Aware": false,
                        "Async Capable": false,
                        "Startup Cost": 289.87,
                        "Total Cost": 289.87,
                        "Plan Rows": 200,
                        "Plan Width": 4,
                        "Actual Startup Time": 1.479,
                        "Actual Total Time": 1.481,
                        "Actual Rows": 5504,
                        "Actual Loops": 1,
                        "Hash Buckets": 8192,
                        "Original Hash Buckets": 1024,
                        "Hash Batches": 1,
                        "Original Hash Batches": 1,
                        "Peak Memory Usage": 258,
                        "Plans": [
                          {
                            "Node Type": "Aggregate",
                            "Strategy": "Hashed",
                            "Partial Mode": "Simple",
                            "Parent Relationship": "Outer",
                            "Parallel Aware": false,
                            "Async Capable": false,
                            "Startup Cost": 287.87,
                            "Total Cost": 289.87,
                            "Plan Rows": 200,
                            "Plan Width": 4,
                            "Actual Startup Time": 0.889,
                            "Actual Total Time": 1.182,
                            "Actual Rows": 5504,
                            "Actual Loops": 1,
                            "Group Key": [
                              "best_ss_customer_1.c_customer_sk"
                            ],
                            "Planned Partitions": 0,
                            "HashAgg Batches": 1,
                            "Peak Memory Usage": 737,
                            "Disk Usage": 0,
                            "Plans": [
                              {
                                "Node Type": "CTE Scan",
                                "Parent Relationship": "Outer",
                                "Parallel Aware": false,
                                "Async Capable": false,
                                "CTE Name": "best_ss_customer",
                                "Alias": "best_ss_customer_1",
                                "Startup Cost": 0.0,
                                "Total Cost": 255.88,
                                "Plan Rows": 12794,
                                "Plan Width": 4,
                                "Actual Startup Time": 0.002,
                                "Actual Total Time": 0.278,
                                "Actual Rows": 5504,
                                "Actual Loops": 1
                              }
                            ]
                          }
                        ]
                      }
                    ]
                  }
                ]
              }
            ]
          }
        ]
      },
      "Planning Time": 1.666,
      "Triggers": [],
      "Execution Time": 2932.021
    }
  ],
  "plan_text": "",
  "actual_rows": 0,
  "provenance": {
    "database": "postgres://jakc9:jakc9@127.0.0.1:5434/dsb_sf10",
    "scale_factor": 10,
    "engine": "postgresql",
    "engine_version": "14.3",
    "cached_at": "2026-02-09T20:54:53.024257"
  }
}