{
  "plan_json": [
    {
      "Plan": {
        "Node Type": "Limit",
        "Parallel Aware": false,
        "Async Capable": false,
        "Startup Cost": 95307.33,
        "Total Cost": 95307.34,
        "Plan Rows": 1,
        "Plan Width": 229,
        "Actual Startup Time": 372.471,
        "Actual Total Time": 375.3,
        "Actual Rows": 16,
        "Actual Loops": 1,
        "Plans": [
          {
            "Node Type": "Sort",
            "Parent Relationship": "Outer",
            "Parallel Aware": false,
            "Async Capable": false,
            "Startup Cost": 95307.33,
            "Total Cost": 95307.34,
            "Plan Rows": 1,
            "Plan Width": 229,
            "Actual Startup Time": 372.469,
            "Actual Total Time": 375.297,
            "Actual Rows": 16,
            "Actual Loops": 1,
            "Sort Key": [
              "(\"substring\"((reason.r_reason_desc)::text, 1, 20))",
              "(avg(web_sales.ws_quantity))",
              "(avg(web_returns.wr_refunded_cash))",
              "(avg(web_returns.wr_fee))"
            ],
            "Sort Method": "quicksort",
            "Sort Space Used": 29,
            "Sort Space Type": "Memory",
            "Plans": [
              {
                "Node Type": "Aggregate",
                "Strategy": "Sorted",
                "Partial Mode": "Finalize",
                "Parent Relationship": "Outer",
                "Parallel Aware": false,
                "Async Capable": false,
                "Startup Cost": 95307.01,
                "Total Cost": 95307.32,
                "Plan Rows": 1,
                "Plan Width": 229,
                "Actual Startup Time": 372.401,
                "Actual Total Time": 375.264,
                "Actual Rows": 16,
                "Actual Loops": 1,
                "Group Key": [
                  "reason.r_reason_desc"
                ],
                "Plans": [
                  {
                    "Node Type": "Gather Merge",
                    "Parent Relationship": "Outer",
                    "Parallel Aware": false,
                    "Async Capable": false,
                    "Startup Cost": 95307.01,
                    "Total Cost": 95307.27,
                    "Plan Rows": 2,
                    "Plan Width": 197,
                    "Actual Startup Time": 372.372,
                    "Actual Total Time": 375.213,
                    "Actual Rows": 20,
                    "Actual Loops": 1,
                    "Workers Planned": 2,
                    "Workers Launched": 2,
                    "Plans": [
                      {
                        "Node Type": "Aggregate",
                        "Strategy": "Sorted",
                        "Partial Mode": "Partial",
                        "Parent Relationship": "Outer",
                        "Parallel Aware": false,
                        "Async Capable": false,
                        "Startup Cost": 94306.98,
                        "Total Cost": 94307.01,
                        "Plan Rows": 1,
                        "Plan Width": 197,
                        "Actual Startup Time": 196.944,
                        "Actual Total Time": 196.956,
                        "Actual Rows": 7,
                        "Actual Loops": 3,
                        "Group Key": [
                          "reason.r_reason_desc"
                        ],
                        "Workers": [],
                        "Plans": [
                          {
                            "Node Type": "Sort",
                            "Parent Relationship": "Outer",
                            "Parallel Aware": false,
                            "Async Capable": false,
                            "Startup Cost": 94306.98,
                            "Total Cost": 94306.99,
                            "Plan Rows": 1,
                            "Plan Width": 117,
                            "Actual Startup Time": 196.925,
                            "Actual Total Time": 196.931,
                            "Actual Rows": 7,
                            "Actual Loops": 3,
                            "Sort Key": [
                              "reason.r_reason_desc"
                            ],
                            "Sort Method": "quicksort",
                            "Sort Space Used": 26,
                            "Sort Space Type": "Memory",
                            "Workers": [
                              {
                                "Worker Number": 0,
                                "Sort Method": "quicksort",
                                "Sort Space Used": 28,
                                "Sort Space Type": "Memory"
                              },
                              {
                                "Worker Number": 1,
                                "Sort Method": "quicksort",
                                "Sort Space Used": 25,
                                "Sort Space Type": "Memory"
                              }
                            ],
                            "Plans": [
                              {
                                "Node Type": "Nested Loop",
                                "Parent Relationship": "Outer",
                                "Parallel Aware": false,
                                "Async Capable": false,
                                "Join Type": "Inner",
                                "Startup Cost": 2.71,
                                "Total Cost": 94306.97,
                                "Plan Rows": 1,
                                "Plan Width": 117,
                                "Actual Startup Time": 21.352,
                                "Actual Total Time": 196.885,
                                "Actual Rows": 7,
                                "Actual Loops": 3,
                                "Inner Unique": true,
                                "Workers": [],
                                "Plans": [
                                  {
                                    "Node Type": "Nested Loop",
                                    "Parent Relationship": "Outer",
                                    "Parallel Aware": false,
                                    "Async Capable": false,
                                    "Join Type": "Inner",
                                    "Startup Cost": 2.57,
                                    "Total Cost": 94306.82,
                                    "Plan Rows": 1,
                                    "Plan Width": 20,
                                    "Actual Startup Time": 21.337,
                                    "Actual Total Time": 196.846,
                                    "Actual Rows": 7,
                                    "Actual Loops": 3,
                                    "Inner Unique": true,
                                    "Join Filter": "((cd1.cd_marital_status = cd2.cd_marital_status) AND (cd1.cd_education_status = cd2.cd_education_status))",
                                    "Rows Removed by Join Filter": 0,
                                    "Workers": [],
                                    "Plans": [
                                      {
                                        "Node Type": "Nested Loop",
                                        "Parent Relationship": "Outer",
                                        "Parallel Aware": false,
                                        "Async Capable": false,
                                        "Join Type": "Inner",
                                        "Startup Cost": 2.14,
                                        "Total Cost": 94306.28,
                                        "Plan Rows": 1,
                                        "Plan Width": 47,
                                        "Actual Startup Time": 21.33,
                                        "Actual Total Time": 196.816,
                                        "Actual Rows": 7,
                                        "Actual Loops": 3,
                                        "Inner Unique": true,
                                        "Workers": [],
                                        "Plans": [
                                          {
                                            "Node Type": "Nested Loop",
                                            "Parent Relationship": "Outer",
                                            "Parallel Aware": false,
                                            "Async Capable": false,
                                            "Join Type": "Inner",
                                            "Startup Cost": 2.0,
                                            "Total Cost": 94306.12,
                                            "Plan Rows": 1,
                                            "Plan Width": 51,
                                            "Actual Startup Time": 21.302,
                                            "Actual Total Time": 196.746,
                                            "Actual Rows": 7,
                                            "Actual Loops": 3,
                                            "Inner Unique": true,
                                            "Join Filter": "(((cd1.cd_marital_status = 'S'::bpchar) AND (cd1.cd_education_status = 'Primary'::bpchar) AND (web_sales.ws_sales_price >= 100.00) AND (web_sales.ws_sales_price <= 150.00)) OR ((cd1.cd_marital_status = 'M'::bpchar) AND (cd1.cd_education_status = 'Secondary'::bpchar) AND (web_sales.ws_sales_price >= 50.00) AND (web_sales.ws_sales_price <= 100.00)) OR ((cd1.cd_marital_status = 'U'::bpchar) AND (cd1.cd_education_status = '2 yr Degree'::bpchar) AND (web_sales.ws_sales_price >= 150.00) AND (web_sales.ws_sales_price <= 200.00)))",
                                            "Rows Removed by Join Filter": 26,
                                            "Workers": [],
                                            "Plans": [
                                              {
                                                "Node Type": "Nested Loop",
                                                "Parent Relationship": "Outer",
                                                "Parallel Aware": false,
                                                "Async Capable": false,
                                                "Join Type": "Inner",
                                                "Startup Cost": 1.57,
                                                "Total Cost": 94303.82,
                                                "Plan Rows": 4,
                                                "Plan Width": 38,
                                                "Actual Startup Time": 1.718,
                                                "Actual Total Time": 193.476,
                                                "Actual Rows": 348,
                                                "Actual Loops": 3,
                                                "Inner Unique": true,
                                                "Join Filter": "(((customer_address.ca_state = ANY ('{KY,NC,SD}'::bpchar[])) AND (web_sales.ws_net_profit >= '100'::numeric) AND (web_sales.ws_net_profit <= '200'::numeric)) OR ((customer_address.ca_state = ANY ('{AR,GA,IN}'::bpchar[])) AND (web_sales.ws_net_profit >= '150'::numeric) AND (web_sales.ws_net_profit <= '300'::numeric)) OR ((customer_address.ca_state = ANY ('{KS,OH,VA}'::bpchar[])) AND (web_sales.ws_net_profit >= '50'::numeric) AND (web_sales.ws_net_profit <= '250'::numeric)))",
                                                "Rows Removed by Join Filter": 215,
                                                "Workers": [],
                                                "Plans": [
                                                  {
                                                    "Node Type": "Nested Loop",
                                                    "Parent Relationship": "Outer",
                                                    "Parallel Aware": false,
                                                    "Async Capable": false,
                                                    "Join Type": "Inner",
                                                    "Startup Cost": 1.15,
                                                    "Total Cost": 94285.15,
                                                    "Plan Rows": 37,
                                                    "Plan Width": 48,
                                                    "Actual Startup Time": 1.328,
                                                    "Actual Total Time": 182.082,
                                                    "Actual Rows": 2031,
                                                    "Actual Loops": 3,
                                                    "Inner Unique": true,
                                                    "Workers": [],
                                                    "Plans": [
                                                      {
                                                        "Node Type": "Nested Loop",
                                                        "Parent Relationship": "Outer",
                                                        "Parallel Aware": false,
                                                        "Async Capable": false,
                                                        "Join Type": "Inner",
                                                        "Startup Cost": 0.72,
                                                        "Total Cost": 93629.56,
                                                        "Plan Rows": 822,
                                                        "Plan Width": 28,
                                                        "Actual Startup Time": 0.559,
                                                        "Actual Total Time": 151.793,
                                                        "Actual Rows": 10294,
                                                        "Actual Loops": 3,
                                                        "Inner Unique": false,
                                                        "Workers": [],
                                                        "Plans": [
                                                          {
                                                            "Node Type": "Index Only Scan",
                                                            "Parent Relationship": "Outer",
                                                            "Parallel Aware": true,
                                                            "Async Capable": false,
                                                            "Scan Direction": "Forward",
                                                            "Index Name": "_dta_index_date_dim_6_661577395__k1_k7_k9",
                                                            "Relation Name": "date_dim",
                                                            "Alias": "date_dim",
                                                            "Startup Cost": 0.29,
                                                            "Total Cost": 1677.88,
                                                            "Plan Rows": 172,
                                                            "Plan Width": 4,
                                                            "Actual Startup Time": 0.4,
                                                            "Actual Total Time": 0.722,
                                                            "Actual Rows": 122,
                                                            "Actual Loops": 3,
                                                            "Index Cond": "(d_year = 2002)",
                                                            "Rows Removed by Index Recheck": 0,
                                                            "Heap Fetches": 0,
                                                            "Workers": []
                                                          },
                                                          {
                                                            "Node Type": "Index Scan",
                                                            "Parent Relationship": "Inner",
                                                            "Parallel Aware": false,
                                                            "Async Capable": false,
                                                            "Scan Direction": "Forward",
                                                            "Index Name": "_dta_index_web_sales_6_1269579561__k1_8_24",
                                                            "Relation Name": "web_sales",
                                                            "Alias": "web_sales",
                                                            "Startup Cost": 0.43,
                                                            "Total Cost": 532.96,
                                                            "Plan Rows": 164,
                                                            "Plan Width": 32,
                                                            "Actual Startup Time": 0.025,
                                                            "Actual Total Time": 1.23,
                                                            "Actual Rows": 85,
                                                            "Actual Loops": 365,
                                                            "Index Cond": "(ws_sold_date_sk = date_dim.d_date_sk)",
                                                            "Rows Removed by Index Recheck": 0,
                                                            "Filter": "((((ws_sales_price >= 100.00) AND (ws_sales_price <= 150.00)) OR ((ws_sales_price >= 50.00) AND (ws_sales_price <= 100.00)) OR ((ws_sales_price >= 150.00) AND (ws_sales_price <= 200.00))) AND (((ws_net_profit >= '100'::numeric) AND (ws_net_profit <= '200'::numeric)) OR ((ws_net_profit >= '150'::numeric) AND (ws_net_profit <= '300'::numeric)) OR ((ws_net_profit >= '50'::numeric) AND (ws_net_profit <= '250'::numeric))))",
                                                            "Rows Removed by Filter": 2571,
                                                            "Workers": []
                                                          }
                                                        ]
                                                      },
                                                      {
                                                        "Node Type": "Index Scan",
                                                        "Parent Relationship": "Inner",
                                                        "Parallel Aware": false,
                                                        "Async Capable": false,
                                                        "Scan Direction": "Forward",
                                                        "Index Name": "web_returns_pkey",
                                                        "Relation Name": "web_returns",
                                                        "Alias": "web_returns",
                                                        "Startup Cost": 0.43,
                                                        "Total Cost": 0.8,
                                                        "Plan Rows": 1,
                                                        "Plan Width": 36,
                                                        "Actual Startup Time": 0.003,
                                                        "Actual Total Time": 0.003,
                                                        "Actual Rows": 0,
                                                        "Actual Loops": 30883,
                                                        "Index Cond": "((wr_item_sk = web_sales.ws_item_sk) AND (wr_order_number = web_sales.ws_order_number))",
                                                        "Rows Removed by Index Recheck": 0,
                                                        "Workers": []
                                                      }
                                                    ]
                                                  },
                                                  {
                                                    "Node Type": "Index Scan",
                                                    "Parent Relationship": "Inner",
                                                    "Parallel Aware": false,
                                                    "Async Capable": false,
                                                    "Scan Direction": "Forward",
                                                    "Index Name": "customer_address_pkey",
                                                    "Relation Name": "customer_address",
                                                    "Alias": "customer_address",
                                                    "Startup Cost": 0.42,
                                                    "Total Cost": 0.47,
                                                    "Plan Rows": 1,
                                                    "Plan Width": 7,
                                                    "Actual Startup Time": 0.005,
                                                    "Actual Total Time": 0.005,
                                                    "Actual Rows": 0,
                                                    "Actual Loops": 6092,
                                                    "Index Cond": "(ca_address_sk = web_returns.wr_refunded_addr_sk)",
                                                    "Rows Removed by Index Recheck": 0,
                                                    "Filter": "(((ca_country)::text = 'United States'::text) AND ((ca_state = ANY ('{KY,NC,SD}'::bpchar[])) OR (ca_state = ANY ('{AR,GA,IN}'::bpchar[])) OR (ca_state = ANY ('{KS,OH,VA}'::bpchar[]))))",
                                                    "Rows Removed by Filter": 1,
                                                    "Workers": []
                                                  }
                                                ]
                                              },
                                              {
                                                "Node Type": "Index Scan",
                                                "Parent Relationship": "Inner",
                                                "Parallel Aware": false,
                                                "Async Capable": false,
                                                "Scan Direction": "Forward",
                                                "Index Name": "customer_demographics_pkey",
                                                "Relation Name": "customer_demographics",
                                                "Alias": "cd1",
                                                "Startup Cost": 0.43,
                                                "Total Cost": 0.54,
                                                "Plan Rows": 1,
                                                "Plan Width": 27,
                                                "Actual Startup Time": 0.009,
                                                "Actual Total Time": 0.009,
                                                "Actual Rows": 0,
                                                "Actual Loops": 1045,
                                                "Index Cond": "(cd_demo_sk = web_returns.wr_refunded_cdemo_sk)",
                                                "Rows Removed by Index Recheck": 0,
                                                "Filter": "(((cd_marital_status = 'S'::bpchar) AND (cd_education_status = 'Primary'::bpchar)) OR ((cd_marital_status = 'M'::bpchar) AND (cd_education_status = 'Secondary'::bpchar)) OR ((cd_marital_status = 'U'::bpchar) AND (cd_education_status = '2 yr Degree'::bpchar)))",
                                                "Rows Removed by Filter": 1,
                                                "Workers": []
                                              }
                                            ]
                                          },
                                          {
                                            "Node Type": "Index Only Scan",
                                            "Parent Relationship": "Inner",
                                            "Parallel Aware": false,
                                            "Async Capable": false,
                                            "Scan Direction": "Forward",
                                            "Index Name": "web_page_pkey",
                                            "Relation Name": "web_page",
                                            "Alias": "web_page",
                                            "Startup Cost": 0.14,
                                            "Total Cost": 0.16,
                                            "Plan Rows": 1,
                                            "Plan Width": 4,
                                            "Actual Startup Time": 0.007,
                                            "Actual Total Time": 0.007,
                                            "Actual Rows": 1,
                                            "Actual Loops": 21,
                                            "Index Cond": "(wp_web_page_sk = web_sales.ws_web_page_sk)",
                                            "Rows Removed by Index Recheck": 0,
                                            "Heap Fetches": 21,
                                            "Workers": []
                                          }
                                        ]
                                      },
                                      {
                                        "Node Type": "Index Scan",
                                        "Parent Relationship": "Inner",
                                        "Parallel Aware": false,
                                        "Async Capable": false,
                                        "Scan Direction": "Forward",
                                        "Index Name": "customer_demographics_pkey",
                                        "Relation Name": "customer_demographics",
                                        "Alias": "cd2",
                                        "Startup Cost": 0.43,
                                        "Total Cost": 0.52,
                                        "Plan Rows": 1,
                                        "Plan Width": 27,
                                        "Actual Startup Time": 0.002,
                                        "Actual Total Time": 0.002,
                                        "Actual Rows": 1,
                                        "Actual Loops": 21,
                                        "Index Cond": "(cd_demo_sk = web_returns.wr_returning_cdemo_sk)",
                                        "Rows Removed by Index Recheck": 0,
                                        "Workers": []
                                      }
                                    ]
                                  },
                                  {
                                    "Node Type": "Index Scan",
                                    "Parent Relationship": "Inner",
                                    "Parallel Aware": false,
                                    "Async Capable": false,
                                    "Scan Direction": "Forward",
                                    "Index Name": "reason_pkey",
                                    "Relation Name": "reason",
                                    "Alias": "reason",
                                    "Startup Cost": 0.14,
                                    "Total Cost": 0.16,
                                    "Plan Rows": 1,
                                    "Plan Width": 105,
                                    "Actual Startup Time": 0.004,
                                    "Actual Total Time": 0.004,
                                    "Actual Rows": 1,
                                    "Actual Loops": 21,
                                    "Index Cond": "(r_reason_sk = web_returns.wr_reason_sk)",
                                    "Rows Removed by Index Recheck": 0,
                                    "Workers": []
                                  }
                                ]
                              }
                            ]
                          }
                        ]
                      }
                    ]
                  }
                ]
              }
            ]
          }
        ]
      },
      "Planning Time": 6.963,
      "Triggers": [],
      "Execution Time": 375.552
    }
  ],
  "plan_text": "",
  "actual_rows": 0,
  "provenance": {
    "database": "postgres://jakc9:jakc9@127.0.0.1:5434/dsb_sf10",
    "scale_factor": 10,
    "engine": "postgresql",
    "engine_version": "14.3",
    "cached_at": "2026-02-09T21:16:51.386748"
  }
}