{
  "plan_json": [
    {
      "Plan": {
        "Node Type": "Limit",
        "Parallel Aware": false,
        "Async Capable": false,
        "Startup Cost": 18653.16,
        "Total Cost": 18653.17,
        "Plan Rows": 1,
        "Plan Width": 16,
        "Actual Startup Time": 94.92,
        "Actual Total Time": 94.973,
        "Actual Rows": 0,
        "Actual Loops": 1,
        "Plans": [
          {
            "Node Type": "Sort",
            "Parent Relationship": "Outer",
            "Parallel Aware": false,
            "Async Capable": false,
            "Startup Cost": 18653.16,
            "Total Cost": 18653.17,
            "Plan Rows": 1,
            "Plan Width": 16,
            "Actual Startup Time": 94.919,
            "Actual Total Time": 94.972,
            "Actual Rows": 0,
            "Actual Loops": 1,
            "Sort Key": [
              "(((my_revenue.revenue / '50'::numeric))::integer)",
              "(count(*))"
            ],
            "Sort Method": "quicksort",
            "Sort Space Used": 25,
            "Sort Space Type": "Memory",
            "Plans": [
              {
                "Node Type": "Aggregate",
                "Strategy": "Sorted",
                "Partial Mode": "Simple",
                "Parent Relationship": "Outer",
                "Parallel Aware": false,
                "Async Capable": false,
                "Startup Cost": 18653.12,
                "Total Cost": 18653.15,
                "Plan Rows": 1,
                "Plan Width": 16,
                "Actual Startup Time": 94.916,
                "Actual Total Time": 94.968,
                "Actual Rows": 0,
                "Actual Loops": 1,
                "Group Key": [
                  "(((my_revenue.revenue / '50'::numeric))::integer)"
                ],
                "Plans": [
                  {
                    "Node Type": "Sort",
                    "Parent Relationship": "Outer",
                    "Parallel Aware": false,
                    "Async Capable": false,
                    "Startup Cost": 18653.12,
                    "Total Cost": 18653.12,
                    "Plan Rows": 1,
                    "Plan Width": 36,
                    "Actual Startup Time": 94.915,
                    "Actual Total Time": 94.967,
                    "Actual Rows": 0,
                    "Actual Loops": 1,
                    "Sort Key": [
                      "(((my_revenue.revenue / '50'::numeric))::integer)"
                    ],
                    "Sort Method": "quicksort",
                    "Sort Space Used": 25,
                    "Sort Space Type": "Memory",
                    "Plans": [
                      {
                        "Node Type": "Subquery Scan",
                        "Parent Relationship": "Outer",
                        "Parallel Aware": false,
                        "Async Capable": false,
                        "Alias": "my_revenue",
                        "Startup Cost": 17373.31,
                        "Total Cost": 18653.11,
                        "Plan Rows": 1,
                        "Plan Width": 36,
                        "Actual Startup Time": 94.914,
                        "Actual Total Time": 94.966,
                        "Actual Rows": 0,
                        "Actual Loops": 1,
                        "Plans": [
                          {
                            "Node Type": "Aggregate",
                            "Strategy": "Sorted",
                            "Partial Mode": "Simple",
                            "Parent Relationship": "Subquery",
                            "Parallel Aware": false,
                            "Async Capable": false,
                            "Startup Cost": 17373.31,
                            "Total Cost": 18653.09,
                            "Plan Rows": 1,
                            "Plan Width": 36,
                            "Actual Startup Time": 94.913,
                            "Actual Total Time": 94.965,
                            "Actual Rows": 0,
                            "Actual Loops": 1,
                            "Group Key": [
                              "customer.c_customer_sk"
                            ],
                            "Plans": [
                              {
                                "Node Type": "Aggregate",
                                "Strategy": "Hashed",
                                "Partial Mode": "Simple",
                                "Parent Relationship": "InitPlan",
                                "Subplan Name": "InitPlan 1 (returns $0)",
                                "Parallel Aware": false,
                                "Async Capable": false,
                                "Startup Cost": 12.49,
                                "Total Cost": 12.86,
                                "Plan Rows": 30,
                                "Plan Width": 4,
                                "Actual Startup Time": 0.0,
                                "Actual Total Time": 0.0,
                                "Actual Rows": 0,
                                "Actual Loops": 0,
                                "Group Key": [
                                  "(date_dim_2.d_month_seq + 1)"
                                ],
                                "Planned Partitions": 0,
                                "Plans": [
                                  {
                                    "Node Type": "Index Only Scan",
                                    "Parent Relationship": "Outer",
                                    "Parallel Aware": false,
                                    "Async Capable": false,
                                    "Scan Direction": "Forward",
                                    "Index Name": "_dta_index_date_dim_6_661577395__k7_k4_k9_k1",
                                    "Relation Name": "date_dim",
                                    "Alias": "date_dim_2",
                                    "Startup Cost": 0.42,
                                    "Total Cost": 12.41,
                                    "Plan Rows": 30,
                                    "Plan Width": 4,
                                    "Actual Startup Time": 0.0,
                                    "Actual Total Time": 0.0,
                                    "Actual Rows": 0,
                                    "Actual Loops": 0,
                                    "Index Cond": "((d_year = 1998) AND (d_moy = 5))",
                                    "Rows Removed by Index Recheck": 0,
                                    "Heap Fetches": 0
                                  }
                                ]
                              },
                              {
                                "Node Type": "Aggregate",
                                "Strategy": "Hashed",
                                "Partial Mode": "Simple",
                                "Parent Relationship": "InitPlan",
                                "Subplan Name": "InitPlan 2 (returns $1)",
                                "Parallel Aware": false,
                                "Async Capable": false,
                                "Startup Cost": 12.49,
                                "Total Cost": 12.86,
                                "Plan Rows": 30,
                                "Plan Width": 4,
                                "Actual Startup Time": 0.0,
                                "Actual Total Time": 0.0,
                                "Actual Rows": 0,
                                "Actual Loops": 0,
                                "Group Key": [
                                  "(date_dim_3.d_month_seq + 3)"
                                ],
                                "Planned Partitions": 0,
                                "Plans": [
                                  {
                                    "Node Type": "Index Only Scan",
                                    "Parent Relationship": "Outer",
                                    "Parallel Aware": false,
                                    "Async Capable": false,
                                    "Scan Direction": "Forward",
                                    "Index Name": "_dta_index_date_dim_6_661577395__k7_k4_k9_k1",
                                    "Relation Name": "date_dim",
                                    "Alias": "date_dim_3",
                                    "Startup Cost": 0.42,
                                    "Total Cost": 12.41,
                                    "Plan Rows": 30,
                                    "Plan Width": 4,
                                    "Actual Startup Time": 0.0,
                                    "Actual Total Time": 0.0,
                                    "Actual Rows": 0,
                                    "Actual Loops": 0,
                                    "Index Cond": "((d_year = 1998) AND (d_moy = 5))",
                                    "Rows Removed by Index Recheck": 0,
                                    "Heap Fetches": 0
                                  }
                                ]
                              },
                              {
                                "Node Type": "Nested Loop",
                                "Parent Relationship": "Outer",
                                "Parallel Aware": false,
                                "Async Capable": false,
                                "Join Type": "Inner",
                                "Startup Cost": 17347.58,
                                "Total Cost": 18627.35,
                                "Plan Rows": 1,
                                "Plan Width": 10,
                                "Actual Startup Time": 94.912,
                                "Actual Total Time": 94.961,
                                "Actual Rows": 0,
                                "Actual Loops": 1,
                                "Inner Unique": true,
                                "Plans": [
                                  {
                                    "Node Type": "Nested Loop",
                                    "Parent Relationship": "Outer",
                                    "Parallel Aware": false,
                                    "Async Capable": false,
                                    "Join Type": "Inner",
                                    "Startup Cost": 17347.29,
                                    "Total Cost": 18627.04,
                                    "Plan Rows": 1,
                                    "Plan Width": 14,
                                    "Actual Startup Time": 94.911,
                                    "Actual Total Time": 94.96,
                                    "Actual Rows": 0,
                                    "Actual Loops": 1,
                                    "Inner Unique": false,
                                    "Plans": [
                                      {
                                        "Node Type": "Nested Loop",
                                        "Parent Relationship": "Outer",
                                        "Parallel Aware": false,
                                        "Async Capable": false,
                                        "Join Type": "Inner",
                                        "Startup Cost": 17336.29,
                                        "Total Cost": 17345.73,
                                        "Plan Rows": 1,
                                        "Plan Width": 4,
                                        "Actual Startup Time": 94.911,
                                        "Actual Total Time": 94.959,
                                        "Actual Rows": 0,
                                        "Actual Loops": 1,
                                        "Inner Unique": false,
                                        "Plans": [
                                          {
                                            "Node Type": "Nested Loop",
                                            "Parent Relationship": "Outer",
                                            "Parallel Aware": false,
                                            "Async Capable": false,
                                            "Join Type": "Inner",
                                            "Startup Cost": 17336.15,
                                            "Total Cost": 17344.18,
                                            "Plan Rows": 1,
                                            "Plan Width": 21,
                                            "Actual Startup Time": 92.863,
                                            "Actual Total Time": 94.656,
                                            "Actual Rows": 131,
                                            "Actual Loops": 1,
                                            "Inner Unique": true,
                                            "Plans": [
                                              {
                                                "Node Type": "Unique",
                                                "Parent Relationship": "Outer",
                                                "Parallel Aware": false,
                                                "Async Capable": false,
                                                "Startup Cost": 17335.73,
                                                "Total Cost": 17335.74,
                                                "Plan Rows": 1,
                                                "Plan Width": 8,
                                                "Actual Startup Time": 92.835,
                                                "Actual Total Time": 92.926,
                                                "Actual Rows": 131,
                                                "Actual Loops": 1,
                                                "Plans": [
                                                  {
                                                    "Node Type": "Sort",
                                                    "Parent Relationship": "Outer",
                                                    "Parallel Aware": false,
                                                    "Async Capable": false,
                                                    "Startup Cost": 17335.73,
                                                    "Total Cost": 17335.73,
                                                    "Plan Rows": 1,
                                                    "Plan Width": 8,
                                                    "Actual Startup Time": 92.834,
                                                    "Actual Total Time": 92.894,
                                                    "Actual Rows": 132,
                                                    "Actual Loops": 1,
                                                    "Sort Key": [
                                                      "customer.c_customer_sk",
                                                      "customer.c_current_addr_sk"
                                                    ],
                                                    "Sort Method": "quicksort",
                                                    "Sort Space Used": 31,
                                                    "Sort Space Type": "Memory",
                                                    "Plans": [
                                                      {
                                                        "Node Type": "Nested Loop",
                                                        "Parent Relationship": "Outer",
                                                        "Parallel Aware": false,
                                                        "Async Capable": false,
                                                        "Join Type": "Inner",
                                                        "Startup Cost": 1001.69,
                                                        "Total Cost": 17335.72,
                                                        "Plan Rows": 1,
                                                        "Plan Width": 8,
                                                        "Actual Startup Time": 7.355,
                                                        "Actual Total Time": 92.808,
                                                        "Actual Rows": 132,
                                                        "Actual Loops": 1,
                                                        "Inner Unique": true,
                                                        "Plans": [
                                                          {
                                                            "Node Type": "Gather",
                                                            "Parent Relationship": "Outer",
                                                            "Parallel Aware": false,
                                                            "Async Capable": false,
                                                            "Startup Cost": 1001.27,
                                                            "Total Cost": 17334.52,
                                                            "Plan Rows": 1,
                                                            "Plan Width": 4,
                                                            "Actual Startup Time": 6.817,
                                                            "Actual Total Time": 88.104,
                                                            "Actual Rows": 707,
                                                            "Actual Loops": 1,
                                                            "Workers Planned": 2,
                                                            "Workers Launched": 2,
                                                            "Single Copy": false,
                                                            "Plans": [
                                                              {
                                                                "Node Type": "Nested Loop",
                                                                "Parent Relationship": "Outer",
                                                                "Parallel Aware": false,
                                                                "Async Capable": false,
                                                                "Join Type": "Inner",
                                                                "Startup Cost": 1.27,
                                                                "Total Cost": 16334.42,
                                                                "Plan Rows": 1,
                                                                "Plan Width": 4,
                                                                "Actual Startup Time": 2.865,
                                                                "Actual Total Time": 29.918,
                                                                "Actual Rows": 236,
                                                                "Actual Loops": 3,
                                                                "Inner Unique": false,
                                                                "Workers": [],
                                                                "Plans": [
                                                                  {
                                                                    "Node Type": "Index Only Scan",
                                                                    "Parent Relationship": "Outer",
                                                                    "Parallel Aware": true,
                                                                    "Async Capable": false,
                                                                    "Scan Direction": "Forward",
                                                                    "Index Name": "_dta_index_date_dim_6_661577395__k1_k7_k9",
                                                                    "Relation Name": "date_dim",
                                                                    "Alias": "date_dim_1",
                                                                    "Startup Cost": 0.29,
                                                                    "Total Cost": 1858.91,
                                                                    "Plan Rows": 12,
                                                                    "Plan Width": 4,
                                                                    "Actual Startup Time": 0.766,
                                                                    "Actual Total Time": 0.772,
                                                                    "Actual Rows": 10,
                                                                    "Actual Loops": 3,
                                                                    "Index Cond": "((d_year = 1998) AND (d_moy = 5))",
                                                                    "Rows Removed by Index Recheck": 0,
                                                                    "Heap Fetches": 0,
                                                                    "Workers": []
                                                                  },
                                                                  {
                                                                    "Node Type": "Nested Loop",
                                                                    "Parent Relationship": "Inner",
                                                                    "Parallel Aware": false,
                                                                    "Async Capable": false,
                                                                    "Join Type": "Inner",
                                                                    "Startup Cost": 0.98,
                                                                    "Total Cost": 1204.89,
                                                                    "Plan Rows": 140,
                                                                    "Plan Width": 8,
                                                                    "Actual Startup Time": 0.418,
                                                                    "Actual Total Time": 2.817,
                                                                    "Actual Rows": 23,
                                                                    "Actual Loops": 31,
                                                                    "Inner Unique": false,
                                                                    "Workers": [],
                                                                    "Plans": [
                                                                      {
                                                                        "Node Type": "Index Only Scan",
                                                                        "Parent Relationship": "Outer",
                                                                        "Parallel Aware": false,
                                                                        "Async Capable": false,
                                                                        "Scan Direction": "Forward",
                                                                        "Index Name": "_dta_index_item_6_853578079__k13_k11_k1",
                                                                        "Relation Name": "item",
                                                                        "Alias": "item",
                                                                        "Startup Cost": 0.42,
                                                                        "Total Cost": 9.82,
                                                                        "Plan Rows": 70,
                                                                        "Plan Width": 4,
                                                                        "Actual Startup Time": 0.145,
                                                                        "Actual Total Time": 0.272,
                                                                        "Actual Rows": 833,
                                                                        "Actual Loops": 31,
                                                                        "Index Cond": "((i_category = 'Home'::bpchar) AND (i_class = 'curtains/drapes'::bpchar))",
                                                                        "Rows Removed by Index Recheck": 0,
                                                                        "Heap Fetches": 0,
                                                                        "Workers": []
                                                                      },
                                                                      {
                                                                        "Node Type": "Append",
                                                                        "Parent Relationship": "Inner",
                                                                        "Parallel Aware": false,
                                                                        "Async Capable": false,
                                                                        "Startup Cost": 0.56,
                                                                        "Total Cost": 17.05,
                                                                        "Plan Rows": 2,
                                                                        "Plan Width": 12,
                                                                        "Actual Startup Time": 0.002,
                                                                        "Actual Total Time": 0.003,
                                                                        "Actual Rows": 0,
                                                                        "Actual Loops": 25823,
                                                                        "Workers": [],
                                                                        "Subplans Removed": 0,
                                                                        "Plans": [
                                                                          {
                                                                            "Node Type": "Index Scan",
                                                                            "Parent Relationship": "Member",
                                                                            "Parallel Aware": false,
                                                                            "Async Capable": false,
                                                                            "Scan Direction": "Forward",
                                                                            "Index Name": "_dta_index_catalog_sales_6_1301579675__k1_k16_k5_k4_3_6_18_19_2",
                                                                            "Relation Name": "catalog_sales",
                                                                            "Alias": "catalog_sales",
                                                                            "Startup Cost": 0.56,
                                                                            "Total Cost": 8.59,
                                                                            "Plan Rows": 1,
                                                                            "Plan Width": 12,
                                                                            "Actual Startup Time": 0.001,
                                                                            "Actual Total Time": 0.002,
                                                                            "Actual Rows": 0,
                                                                            "Actual Loops": 25823,
                                                                            "Index Cond": "((cs_sold_date_sk = date_dim_1.d_date_sk) AND (cs_item_sk = item.i_item_sk))",
                                                                            "Rows Removed by Index Recheck": 0,
                                                                            "Filter": "((cs_wholesale_cost >= '70'::numeric) AND (cs_wholesale_cost <= '100'::numeric))",
                                                                            "Rows Removed by Filter": 0,
                                                                            "Workers": []
                                                                          },
                                                                          {
                                                                            "Node Type": "Index Scan",
                                                                            "Parent Relationship": "Member",
                                                                            "Parallel Aware": false,
                                                                            "Async Capable": false,
                                                                            "Scan Direction": "Forward",
                                                                            "Index Name": "_dta_index_web_sales_6_1269579561__k1_k4_k5_18",
                                                                            "Relation Name": "web_sales",
                                                                            "Alias": "web_sales",
                                                                            "Startup Cost": 0.43,
                                                                            "Total Cost": 8.46,
                                                                            "Plan Rows": 1,
                                                                            "Plan Width": 12,
                                                                            "Actual Startup Time": 0.001,
                                                                            "Actual Total Time": 0.001,
                                                                            "Actual Rows": 0,
                                                                            "Actual Loops": 25823,
                                                                            "Index Cond": "((ws_sold_date_sk = date_dim_1.d_date_sk) AND (ws_item_sk = item.i_item_sk))",
                                                                            "Rows Removed by Index Recheck": 0,
                                                                            "Filter": "((ws_wholesale_cost >= '70'::numeric) AND (ws_wholesale_cost <= '100'::numeric))",
                                                                            "Rows Removed by Filter": 0,
                                                                            "Workers": []
                                                                          }
                                                                        ]
                                                                      }
                                                                    ]
                                                                  }
                                                                ]
                                                              }
                                                            ]
                                                          },
                                                          {
                                                            "Node Type": "Index Scan",
                                                            "Parent Relationship": "Inner",
                                                            "Parallel Aware": false,
                                                            "Async Capable": false,
                                                            "Scan Direction": "Forward",
                                                            "Index Name": "_dta_index_customer_6_949578421__k1_k5",
                                                            "Relation Name": "customer",
                                                            "Alias": "customer",
                                                            "Startup Cost": 0.42,
                                                            "Total Cost": 1.2,
                                                            "Plan Rows": 1,
                                                            "Plan Width": 8,
                                                            "Actual Startup Time": 0.006,
                                                            "Actual Total Time": 0.006,
                                                            "Actual Rows": 0,
                                                            "Actual Loops": 707,
                                                            "Index Cond": "(c_customer_sk = catalog_sales.cs_bill_customer_sk)",
                                                            "Rows Removed by Index Recheck": 0,
                                                            "Filter": "((c_birth_year >= 1942) AND (c_birth_year <= 1955))",
                                                            "Rows Removed by Filter": 1
                                                          }
                                                        ]
                                                      }
                                                    ]
                                                  }
                                                ]
                                              },
                                              {
                                                "Node Type": "Index Scan",
                                                "Parent Relationship": "Inner",
                                                "Parallel Aware": false,
                                                "Async Capable": false,
                                                "Scan Direction": "Forward",
                                                "Index Name": "customer_address_pkey",
                                                "Relation Name": "customer_address",
                                                "Alias": "customer_address",
                                                "Startup Cost": 0.42,
                                                "Total Cost": 8.44,
                                                "Plan Rows": 1,
                                                "Plan Width": 21,
                                                "Actual Startup Time": 0.013,
                                                "Actual Total Time": 0.013,
                                                "Actual Rows": 1,
                                                "Actual Loops": 131,
                                                "Index Cond": "(ca_address_sk = customer.c_current_addr_sk)",
                                                "Rows Removed by Index Recheck": 0
                                              }
                                            ]
                                          },
                                          {
                                            "Node Type": "Index Scan",
                                            "Parent Relationship": "Inner",
                                            "Parallel Aware": false,
                                            "Async Capable": false,
                                            "Scan Direction": "Forward",
                                            "Index Name": "_dta_index_store_6_885578193__k25_k1",
                                            "Relation Name": "store",
                                            "Alias": "store",
                                            "Startup Cost": 0.14,
                                            "Total Cost": 1.54,
                                            "Plan Rows": 1,
                                            "Plan Width": 17,
                                            "Actual Startup Time": 0.001,
                                            "Actual Total Time": 0.001,
                                            "Actual Rows": 0,
                                            "Actual Loops": 131,
                                            "Index Cond": "((s_state = customer_address.ca_state) AND (s_state = ANY ('{AR,GA,IN,KS,KY,NC,OH,PA,SD,VA}'::bpchar[])))",
                                            "Rows Removed by Index Recheck": 0,
                                            "Filter": "((customer_address.ca_county)::text = (s_county)::text)",
                                            "Rows Removed by Filter": 0
                                          }
                                        ]
                                      },
                                      {
                                        "Node Type": "Bitmap Heap Scan",
                                        "Parent Relationship": "Inner",
                                        "Parallel Aware": false,
                                        "Async Capable": false,
                                        "Relation Name": "store_sales",
                                        "Alias": "store_sales",
                                        "Startup Cost": 11.0,
                                        "Total Cost": 1280.41,
                                        "Plan Rows": 89,
                                        "Plan Width": 14,
                                        "Actual Startup Time": 0.0,
                                        "Actual Total Time": 0.0,
                                        "Actual Rows": 0,
                                        "Actual Loops": 0,
                                        "Recheck Cond": "(ss_customer_sk = customer.c_customer_sk)",
                                        "Rows Removed by Index Recheck": 0,
                                        "Filter": "((ss_wholesale_cost >= '70'::numeric) AND (ss_wholesale_cost <= '100'::numeric))",
                                        "Rows Removed by Filter": 0,
                                        "Exact Heap Blocks": 0,
                                        "Lossy Heap Blocks": 0,
                                        "Plans": [
                                          {
                                            "Node Type": "Bitmap Index Scan",
                                            "Parent Relationship": "Outer",
                                            "Parallel Aware": false,
                                            "Async Capable": false,
                                            "Index Name": "_dta_index_store_sales_6_1333579789__k4_k1_16",
                                            "Startup Cost": 0.0,
                                            "Total Cost": 10.98,
                                            "Plan Rows": 322,
                                            "Plan Width": 0,
                                            "Actual Startup Time": 0.0,
                                            "Actual Total Time": 0.0,
                                            "Actual Rows": 0,
                                            "Actual Loops": 0,
                                            "Index Cond": "(ss_customer_sk = customer.c_customer_sk)"
                                          }
                                        ]
                                      }
                                    ]
                                  },
                                  {
                                    "Node Type": "Index Scan",
                                    "Parent Relationship": "Inner",
                                    "Parallel Aware": false,
                                    "Async Capable": false,
                                    "Scan Direction": "Forward",
                                    "Index Name": "date_dim_pkey",
                                    "Relation Name": "date_dim",
                                    "Alias": "date_dim",
                                    "Startup Cost": 0.29,
                                    "Total Cost": 0.32,
                                    "Plan Rows": 1,
                                    "Plan Width": 4,
                                    "Actual Startup Time": 0.0,
                                    "Actual Total Time": 0.0,
                                    "Actual Rows": 0,
                                    "Actual Loops": 0,
                                    "Index Cond": "(d_date_sk = store_sales.ss_sold_date_sk)",
                                    "Rows Removed by Index Recheck": 0,
                                    "Filter": "((d_month_seq >= $0) AND (d_month_seq <= $1))",
                                    "Rows Removed by Filter": 0
                                  }
                                ]
                              }
                            ]
                          }
                        ]
                      }
                    ]
                  }
                ]
              }
            ]
          }
        ]
      },
      "Planning Time": 1.117,
      "Triggers": [],
      "Execution Time": 95.055
    }
  ],
  "plan_text": "",
  "actual_rows": 0,
  "provenance": {
    "database": "postgres://jakc9:jakc9@127.0.0.1:5434/dsb_sf10",
    "scale_factor": 10,
    "engine": "postgresql",
    "engine_version": "14.3",
    "cached_at": "2026-02-09T21:05:23.145067"
  }
}