{
  "plan_json": [
    {
      "Plan": {
        "Node Type": "Limit",
        "Parallel Aware": false,
        "Async Capable": false,
        "Startup Cost": 542063.41,
        "Total Cost": 542063.42,
        "Plan Rows": 1,
        "Plan Width": 8,
        "Actual Startup Time": 1701.565,
        "Actual Total Time": 1703.642,
        "Actual Rows": 1,
        "Actual Loops": 1,
        "Plans": [
          {
            "Node Type": "Aggregate",
            "Strategy": "Plain",
            "Partial Mode": "Simple",
            "Parent Relationship": "Outer",
            "Parallel Aware": false,
            "Async Capable": false,
            "Startup Cost": 542063.41,
            "Total Cost": 542063.42,
            "Plan Rows": 1,
            "Plan Width": 8,
            "Actual Startup Time": 1701.564,
            "Actual Total Time": 1703.64,
            "Actual Rows": 1,
            "Actual Loops": 1,
            "Plans": [
              {
                "Node Type": "Subquery Scan",
                "Parent Relationship": "Outer",
                "Parallel Aware": false,
                "Async Capable": false,
                "Alias": "hot_cust",
                "Startup Cost": 201284.71,
                "Total Cost": 542062.98,
                "Plan Rows": 171,
                "Plan Width": 0,
                "Actual Startup Time": 1701.552,
                "Actual Total Time": 1703.635,
                "Actual Rows": 45,
                "Actual Loops": 1,
                "Plans": [
                  {
                    "Node Type": "SetOp",
                    "Strategy": "Hashed",
                    "Parent Relationship": "Subquery",
                    "Parallel Aware": false,
                    "Async Capable": false,
                    "Command": "Intersect",
                    "Startup Cost": 201284.71,
                    "Total Cost": 542061.27,
                    "Plan Rows": 171,
                    "Plan Width": 216,
                    "Actual Startup Time": 1701.551,
                    "Actual Total Time": 1703.631,
                    "Actual Rows": 45,
                    "Actual Loops": 1,
                    "Plans": [
                      {
                        "Node Type": "Append",
                        "Parent Relationship": "Outer",
                        "Parallel Aware": false,
                        "Async Capable": false,
                        "Startup Cost": 201284.71,
                        "Total Cost": 542058.53,
                        "Plan Rows": 366,
                        "Plan Width": 216,
                        "Actual Startup Time": 1377.357,
                        "Actual Total Time": 1701.425,
                        "Actual Rows": 21988,
                        "Actual Loops": 1,
                        "Subplans Removed": 0,
                        "Plans": [
                          {
                            "Node Type": "Result",
                            "Parent Relationship": "Member",
                            "Parallel Aware": false,
                            "Async Capable": false,
                            "Startup Cost": 201284.71,
                            "Total Cost": 434700.86,
                            "Plan Rows": 171,
                            "Plan Width": 216,
                            "Actual Startup Time": 1377.356,
                            "Actual Total Time": 1377.831,
                            "Actual Rows": 215,
                            "Actual Loops": 1,
                            "Plans": [
                              {
                                "Node Type": "SetOp",
                                "Strategy": "Hashed",
                                "Parent Relationship": "Outer",
                                "Parallel Aware": false,
                                "Async Capable": false,
                                "Command": "Intersect",
                                "Startup Cost": 201284.71,
                                "Total Cost": 434699.15,
                                "Plan Rows": 171,
                                "Plan Width": 216,
                                "Actual Startup Time": 1377.354,
                                "Actual Total Time": 1377.813,
                                "Actual Rows": 215,
                                "Actual Loops": 1,
                                "Plans": [
                                  {
                                    "Node Type": "Append",
                                    "Parent Relationship": "Outer",
                                    "Parallel Aware": false,
                                    "Async Capable": false,
                                    "Startup Cost": 201284.71,
                                    "Total Cost": 434694.63,
                                    "Plan Rows": 602,
                                    "Plan Width": 216,
                                    "Actual Startup Time": 363.636,
                                    "Actual Total Time": 1365.469,
                                    "Actual Rows": 82642,
                                    "Actual Loops": 1,
                                    "Subplans Removed": 0,
                                    "Plans": [
                                      {
                                        "Node Type": "Subquery Scan",
                                        "Parent Relationship": "Member",
                                        "Parallel Aware": false,
                                        "Async Capable": false,
                                        "Alias": "*SELECT* 2",
                                        "Startup Cost": 201284.71,
                                        "Total Cost": 201307.19,
                                        "Plan Rows": 171,
                                        "Plan Width": 60,
                                        "Actual Startup Time": 363.636,
                                        "Actual Total Time": 371.62,
                                        "Actual Rows": 20799,
                                        "Actual Loops": 1,
                                        "Plans": [
                                          {
                                            "Node Type": "Unique",
                                            "Parent Relationship": "Subquery",
                                            "Parallel Aware": false,
                                            "Async Capable": false,
                                            "Startup Cost": 201284.71,
                                            "Total Cost": 201305.48,
                                            "Plan Rows": 171,
                                            "Plan Width": 56,
                                            "Actual Startup Time": 363.634,
                                            "Actual Total Time": 370.298,
                                            "Actual Rows": 20799,
                                            "Actual Loops": 1,
                                            "Plans": [
                                              {
                                                "Node Type": "Gather Merge",
                                                "Parent Relationship": "Outer",
                                                "Parallel Aware": false,
                                                "Async Capable": false,
                                                "Startup Cost": 201284.71,
                                                "Total Cost": 201304.2,
                                                "Plan Rows": 171,
                                                "Plan Width": 56,
                                                "Actual Startup Time": 363.633,
                                                "Actual Total Time": 368.418,
                                                "Actual Rows": 22867,
                                                "Actual Loops": 1,
                                                "Workers Planned": 1,
                                                "Workers Launched": 1,
                                                "Plans": [
                                                  {
                                                    "Node Type": "Sort",
                                                    "Parent Relationship": "Outer",
                                                    "Parallel Aware": false,
                                                    "Async Capable": false,
                                                    "Startup Cost": 200284.7,
                                                    "Total Cost": 200284.95,
                                                    "Plan Rows": 101,
                                                    "Plan Width": 56,
                                                    "Actual Startup Time": 354.373,
                                                    "Actual Total Time": 354.953,
                                                    "Actual Rows": 11434,
                                                    "Actual Loops": 2,
                                                    "Sort Key": [
                                                      "customer.c_last_name",
                                                      "customer.c_first_name",
                                                      "date_dim.d_date"
                                                    ],
                                                    "Sort Method": "quicksort",
                                                    "Sort Space Used": 1982,
                                                    "Sort Space Type": "Memory",
                                                    "Workers": [
                                                      {
                                                        "Worker Number": 0,
                                                        "Sort Method": "quicksort",
                                                        "Sort Space Used": 1957,
                                                        "Sort Space Type": "Memory"
                                                      }
                                                    ],
                                                    "Plans": [
                                                      {
                                                        "Node Type": "Nested Loop",
                                                        "Parent Relationship": "Outer",
                                                        "Parallel Aware": false,
                                                        "Async Capable": false,
                                                        "Join Type": "Inner",
                                                        "Startup Cost": 0.86,
                                                        "Total Cost": 200281.34,
                                                        "Plan Rows": 101,
                                                        "Plan Width": 56,
                                                        "Actual Startup Time": 1.312,
                                                        "Actual Total Time": 340.858,
                                                        "Actual Rows": 11434,
                                                        "Actual Loops": 2,
                                                        "Inner Unique": true,
                                                        "Workers": [],
                                                        "Plans": [
                                                          {
                                                            "Node Type": "Nested Loop",
                                                            "Parent Relationship": "Outer",
                                                            "Parallel Aware": false,
                                                            "Async Capable": false,
                                                            "Join Type": "Inner",
                                                            "Startup Cost": 0.43,
                                                            "Total Cost": 200000.23,
                                                            "Plan Rows": 218,
                                                            "Plan Width": 8,
                                                            "Actual Startup Time": 1.289,
                                                            "Actual Total Time": 247.747,
                                                            "Actual Rows": 24561,
                                                            "Actual Loops": 2,
                                                            "Inner Unique": false,
                                                            "Workers": [],
                                                            "Plans": [
                                                              {
                                                                "Node Type": "Seq Scan",
                                                                "Parent Relationship": "Outer",
                                                                "Parallel Aware": true,
                                                                "Async Capable": false,
                                                                "Relation Name": "date_dim",
                                                                "Alias": "date_dim",
                                                                "Startup Cost": 0.0,
                                                                "Total Cost": 2049.55,
                                                                "Plan Rows": 222,
                                                                "Plan Width": 8,
                                                                "Actual Startup Time": 1.237,
                                                                "Actual Total Time": 2.635,
                                                                "Actual Rows": 182,
                                                                "Actual Loops": 2,
                                                                "Filter": "((d_month_seq >= 1207) AND (d_month_seq <= 1218))",
                                                                "Rows Removed by Filter": 36342,
                                                                "Workers": []
                                                              },
                                                              {
                                                                "Node Type": "Index Scan",
                                                                "Parent Relationship": "Inner",
                                                                "Parallel Aware": false,
                                                                "Async Capable": false,
                                                                "Scan Direction": "Forward",
                                                                "Index Name": "_dta_index_catalog_sales_6_1301579675__k1_4",
                                                                "Relation Name": "catalog_sales",
                                                                "Alias": "catalog_sales",
                                                                "Startup Cost": 0.43,
                                                                "Total Cost": 891.33,
                                                                "Plan Rows": 34,
                                                                "Plan Width": 8,
                                                                "Actual Startup Time": 0.014,
                                                                "Actual Total Time": 1.332,
                                                                "Actual Rows": 135,
                                                                "Actual Loops": 365,
                                                                "Index Cond": "(cs_sold_date_sk = date_dim.d_date_sk)",
                                                                "Rows Removed by Index Recheck": 0,
                                                                "Filter": "((cs_list_price >= '241'::numeric) AND (cs_list_price <= '300'::numeric) AND (cs_wholesale_cost >= '76'::numeric) AND (cs_wholesale_cost <= '96'::numeric))",
                                                                "Rows Removed by Filter": 6429,
                                                                "Workers": []
                                                              }
                                                            ]
                                                          },
                                                          {
                                                            "Node Type": "Index Scan",
                                                            "Parent Relationship": "Inner",
                                                            "Parallel Aware": false,
                                                            "Async Capable": false,
                                                            "Scan Direction": "Forward",
                                                            "Index Name": "_dta_index_customer_6_949578421__k1_k5",
                                                            "Relation Name": "customer",
                                                            "Alias": "customer",
                                                            "Startup Cost": 0.42,
                                                            "Total Cost": 1.29,
                                                            "Plan Rows": 1,
                                                            "Plan Width": 56,
                                                            "Actual Startup Time": 0.004,
                                                            "Actual Total Time": 0.004,
                                                            "Actual Rows": 0,
                                                            "Actual Loops": 49122,
                                                            "Index Cond": "(c_customer_sk = catalog_sales.cs_bill_customer_sk)",
                                                            "Rows Removed by Index Recheck": 0,
                                                            "Filter": "(c_birth_month = ANY ('{2,3,4,10}'::integer[]))",
                                                            "Rows Removed by Filter": 1,
                                                            "Workers": []
                                                          }
                                                        ]
                                                      }
                                                    ]
                                                  }
                                                ]
                                              }
                                            ]
                                          }
                                        ]
                                      },
                                      {
                                        "Node Type": "Subquery Scan",
                                        "Parent Relationship": "Member",
                                        "Parallel Aware": false,
                                        "Async Capable": false,
                                        "Alias": "*SELECT* 1",
                                        "Startup Cost": 233327.76,
                                        "Total Cost": 233384.43,
                                        "Plan Rows": 431,
                                        "Plan Width": 60,
                                        "Actual Startup Time": 965.289,
                                        "Actual Total Time": 990.385,
                                        "Actual Rows": 61843,
                                        "Actual Loops": 1,
                                        "Plans": [
                                          {
                                            "Node Type": "Unique",
                                            "Parent Relationship": "Subquery",
                                            "Parallel Aware": false,
                                            "Async Capable": false,
                                            "Startup Cost": 233327.76,
                                            "Total Cost": 233380.12,
                                            "Plan Rows": 431,
                                            "Plan Width": 56,
                                            "Actual Startup Time": 965.286,
                                            "Actual Total Time": 986.531,
                                            "Actual Rows": 61843,
                                            "Actual Loops": 1,
                                            "Plans": [
                                              {
                                                "Node Type": "Gather Merge",
                                                "Parent Relationship": "Outer",
                                                "Parallel Aware": false,
                                                "Async Capable": false,
                                                "Startup Cost": 233327.76,
                                                "Total Cost": 233376.89,
                                                "Plan Rows": 431,
                                                "Plan Width": 56,
                                                "Actual Startup Time": 965.285,
                                                "Actual Total Time": 981.207,
                                                "Actual Rows": 69808,
                                                "Actual Loops": 1,
                                                "Workers Planned": 1,
                                                "Workers Launched": 1,
                                                "Plans": [
                                                  {
                                                    "Node Type": "Sort",
                                                    "Parent Relationship": "Outer",
                                                    "Parallel Aware": false,
                                                    "Async Capable": false,
                                                    "Startup Cost": 232327.75,
                                                    "Total Cost": 232328.39,
                                                    "Plan Rows": 254,
                                                    "Plan Width": 56,
                                                    "Actual Startup Time": 916.368,
                                                    "Actual Total Time": 921.315,
                                                    "Actual Rows": 34904,
                                                    "Actual Loops": 2,
                                                    "Sort Key": [
                                                      "customer_1.c_last_name",
                                                      "customer_1.c_first_name",
                                                      "date_dim_1.d_date"
                                                    ],
                                                    "Sort Method": "external merge",
                                                    "Sort Space Used": 2144,
                                                    "Sort Space Type": "Disk",
                                                    "Workers": [
                                                      {
                                                        "Worker Number": 0,
                                                        "Sort Method": "external merge",
                                                        "Sort Space Used": 2328,
                                                        "Sort Space Type": "Disk"
                                                      }
                                                    ],
                                                    "Plans": [
                                                      {
                                                        "Node Type": "Nested Loop",
                                                        "Parent Relationship": "Outer",
                                                        "Parallel Aware": false,
                                                        "Async Capable": false,
                                                        "Join Type": "Inner",
                                                        "Startup Cost": 0.98,
                                                        "Total Cost": 232317.61,
                                                        "Plan Rows": 254,
                                                        "Plan Width": 56,
                                                        "Actual Startup Time": 1.56,
                                                        "Actual Total Time": 868.516,
                                                        "Actual Rows": 34904,
                                                        "Actual Loops": 2,
                                                        "Inner Unique": true,
                                                        "Workers": [],
                                                        "Plans": [
                                                          {
                                                            "Node Type": "Nested Loop",
                                                            "Parent Relationship": "Outer",
                                                            "Parallel Aware": false,
                                                            "Async Capable": false,
                                                            "Join Type": "Inner",
                                                            "Startup Cost": 0.56,
                                                            "Total Cost": 231854.88,
                                                            "Plan Rows": 570,
                                                            "Plan Width": 8,
                                                            "Actual Startup Time": 1.514,
                                                            "Actual Total Time": 629.354,
                                                            "Actual Rows": 75280,
                                                            "Actual Loops": 2,
                                                            "Inner Unique": false,
                                                            "Workers": [],
                                                            "Plans": [
                                                              {
                                                                "Node Type": "Seq Scan",
                                                                "Parent Relationship": "Outer",
                                                                "Parallel Aware": true,
                                                                "Async Capable": false,
                                                                "Relation Name": "date_dim",
                                                                "Alias": "date_dim_1",
                                                                "Startup Cost": 0.0,
                                                                "Total Cost": 2049.55,
                                                                "Plan Rows": 222,
                                                                "Plan Width": 8,
                                                                "Actual Startup Time": 1.469,
                                                                "Actual Total Time": 2.89,
                                                                "Actual Rows": 182,
                                                                "Actual Loops": 2,
                                                                "Filter": "((d_month_seq >= 1207) AND (d_month_seq <= 1218))",
                                                                "Rows Removed by Filter": 36342,
                                                                "Workers": []
                                                              },
                                                              {
                                                                "Node Type": "Index Only Scan",
                                                                "Parent Relationship": "Inner",
                                                                "Parallel Aware": false,
                                                                "Async Capable": false,
                                                                "Scan Direction": "Forward",
                                                                "Index Name": "_dta_index_store_sales_6_1333579789__k1_k23_k14_k6_k8_k5_k7_3_4",
                                                                "Relation Name": "store_sales",
                                                                "Alias": "store_sales",
                                                                "Startup Cost": 0.56,
                                                                "Total Cost": 1034.24,
                                                                "Plan Rows": 92,
                                                                "Plan Width": 8,
                                                                "Actual Startup Time": 0.011,
                                                                "Actual Total Time": 3.401,
                                                                "Actual Rows": 412,
                                                                "Actual Loops": 365,
                                                                "Index Cond": "(ss_sold_date_sk = date_dim_1.d_date_sk)",
                                                                "Rows Removed by Index Recheck": 0,
                                                                "Filter": "((ss_list_price >= '241'::numeric) AND (ss_list_price <= '300'::numeric) AND (ss_wholesale_cost >= '76'::numeric) AND (ss_wholesale_cost <= '96'::numeric))",
                                                                "Rows Removed by Filter": 19295,
                                                                "Heap Fetches": 0,
                                                                "Workers": []
                                                              }
                                                            ]
                                                          },
                                                          {
                                                            "Node Type": "Index Scan",
                                                            "Parent Relationship": "Inner",
                                                            "Parallel Aware": false,
                                                            "Async Capable": false,
                                                            "Scan Direction": "Forward",
                                                            "Index Name": "_dta_index_customer_6_949578421__k1_k5",
                                                            "Relation Name": "customer",
                                                            "Alias": "customer_1",
                                                            "Startup Cost": 0.42,
                                                            "Total Cost": 0.81,
                                                            "Plan Rows": 1,
                                                            "Plan Width": 56,
                                                            "Actual Startup Time": 0.003,
                                                            "Actual Total Time": 0.003,
                                                            "Actual Rows": 0,
                                                            "Actual Loops": 150559,
                                                            "Index Cond": "(c_customer_sk = store_sales.ss_customer_sk)",
                                                            "Rows Removed by Index Recheck": 0,
                                                            "Filter": "(c_birth_month = ANY ('{2,3,4,10}'::integer[]))",
                                                            "Rows Removed by Filter": 1,
                                                            "Workers": []
                                                          }
                                                        ]
                                                      }
                                                    ]
                                                  }
                                                ]
                                              }
                                            ]
                                          }
                                        ]
                                      }
                                    ]
                                  }
                                ]
                              }
                            ]
                          },
                          {
                            "Node Type": "Subquery Scan",
                            "Parent Relationship": "Member",
                            "Parallel Aware": false,
                            "Async Capable": false,
                            "Alias": "*SELECT* 3",
                            "Startup Cost": 107330.2,
                            "Total Cost": 107355.84,
                            "Plan Rows": 195,
                            "Plan Width": 60,
                            "Actual Startup Time": 312.304,
                            "Actual Total Time": 322.611,
                            "Actual Rows": 21773,
                            "Actual Loops": 1,
                            "Plans": [
                              {
                                "Node Type": "Unique",
                                "Parent Relationship": "Subquery",
                                "Parallel Aware": false,
                                "Async Capable": false,
                                "Startup Cost": 107330.2,
                                "Total Cost": 107353.89,
                                "Plan Rows": 195,
                                "Plan Width": 56,
                                "Actual Startup Time": 312.302,
                                "Actual Total Time": 321.334,
                                "Actual Rows": 21773,
                                "Actual Loops": 1,
                                "Plans": [
                                  {
                                    "Node Type": "Gather Merge",
                                    "Parent Relationship": "Outer",
                                    "Parallel Aware": false,
                                    "Async Capable": false,
                                    "Startup Cost": 107330.2,
                                    "Total Cost": 107352.43,
                                    "Plan Rows": 195,
                                    "Plan Width": 56,
                                    "Actual Startup Time": 312.3,
                                    "Actual Total Time": 319.234,
                                    "Actual Rows": 27322,
                                    "Actual Loops": 1,
                                    "Workers Planned": 1,
                                    "Workers Launched": 1,
                                    "Plans": [
                                      {
                                        "Node Type": "Sort",
                                        "Parent Relationship": "Outer",
                                        "Parallel Aware": false,
                                        "Async Capable": false,
                                        "Startup Cost": 106330.19,
                                        "Total Cost": 106330.48,
                                        "Plan Rows": 115,
                                        "Plan Width": 56,
                                        "Actual Startup Time": 288.188,
                                        "Actual Total Time": 289.0,
                                        "Actual Rows": 13661,
                                        "Actual Loops": 2,
                                        "Sort Key": [
                                          "customer_2.c_last_name",
                                          "customer_2.c_first_name",
                                          "date_dim_2.d_date"
                                        ],
                                        "Sort Method": "quicksort",
                                        "Sort Space Used": 2504,
                                        "Sort Space Type": "Memory",
                                        "Workers": [
                                          {
                                            "Worker Number": 0,
                                            "Sort Method": "quicksort",
                                            "Sort Space Used": 2052,
                                            "Sort Space Type": "Memory"
                                          }
                                        ],
                                        "Plans": [
                                          {
                                            "Node Type": "Nested Loop",
                                            "Parent Relationship": "Outer",
                                            "Parallel Aware": false,
                                            "Async Capable": false,
                                            "Join Type": "Inner",
                                            "Startup Cost": 0.85,
                                            "Total Cost": 106326.26,
                                            "Plan Rows": 115,
                                            "Plan Width": 56,
                                            "Actual Startup Time": 1.668,
                                            "Actual Total Time": 271.187,
                                            "Actual Rows": 13661,
                                            "Actual Loops": 2,
                                            "Inner Unique": true,
                                            "Workers": [],
                                            "Plans": [
                                              {
                                                "Node Type": "Nested Loop",
                                                "Parent Relationship": "Outer",
                                                "Parallel Aware": false,
                                                "Async Capable": false,
                                                "Join Type": "Inner",
                                                "Startup Cost": 0.43,
                                                "Total Cost": 106032.08,
                                                "Plan Rows": 246,
                                                "Plan Width": 8,
                                                "Actual Startup Time": 1.643,
                                                "Actual Total Time": 175.391,
                                                "Actual Rows": 29521,
                                                "Actual Loops": 2,
                                                "Inner Unique": false,
                                                "Workers": [],
                                                "Plans": [
                                                  {
                                                    "Node Type": "Seq Scan",
                                                    "Parent Relationship": "Outer",
                                                    "Parallel Aware": true,
                                                    "Async Capable": false,
                                                    "Relation Name": "date_dim",
                                                    "Alias": "date_dim_2",
                                                    "Startup Cost": 0.0,
                                                    "Total Cost": 2049.55,
                                                    "Plan Rows": 222,
                                                    "Plan Width": 8,
                                                    "Actual Startup Time": 1.595,
                                                    "Actual Total Time": 3.004,
                                                    "Actual Rows": 182,
                                                    "Actual Loops": 2,
                                                    "Filter": "((d_month_seq >= 1207) AND (d_month_seq <= 1218))",
                                                    "Rows Removed by Filter": 36342,
                                                    "Workers": []
                                                  },
                                                  {
                                                    "Node Type": "Index Scan",
                                                    "Parent Relationship": "Inner",
                                                    "Parallel Aware": false,
                                                    "Async Capable": false,
                                                    "Scan Direction": "Forward",
                                                    "Index Name": "_dta_index_web_sales_6_1269579561__k1_8_24",
                                                    "Relation Name": "web_sales",
                                                    "Alias": "web_sales",
                                                    "Startup Cost": 0.43,
                                                    "Total Cost": 468.01,
                                                    "Plan Rows": 38,
                                                    "Plan Width": 8,
                                                    "Actual Startup Time": 0.014,
                                                    "Actual Total Time": 0.931,
                                                    "Actual Rows": 162,
                                                    "Actual Loops": 365,
                                                    "Index Cond": "(ws_sold_date_sk = date_dim_2.d_date_sk)",
                                                    "Rows Removed by Index Recheck": 0,
                                                    "Filter": "((ws_list_price >= '241'::numeric) AND (ws_list_price <= '300'::numeric) AND (ws_wholesale_cost >= '76'::numeric) AND (ws_wholesale_cost <= '96'::numeric))",
                                                    "Rows Removed by Filter": 3776,
                                                    "Workers": []
                                                  }
                                                ]
                                              },
                                              {
                                                "Node Type": "Index Scan",
                                                "Parent Relationship": "Inner",
                                                "Parallel Aware": false,
                                                "Async Capable": false,
                                                "Scan Direction": "Forward",
                                                "Index Name": "_dta_index_customer_6_949578421__k1_k5",
                                                "Relation Name": "customer",
                                                "Alias": "customer_2",
                                                "Startup Cost": 0.42,
                                                "Total Cost": 1.2,
                                                "Plan Rows": 1,
                                                "Plan Width": 56,
                                                "Actual Startup Time": 0.003,
                                                "Actual Total Time": 0.003,
                                                "Actual Rows": 0,
                                                "Actual Loops": 59042,
                                                "Index Cond": "(c_customer_sk = web_sales.ws_bill_customer_sk)",
                                                "Rows Removed by Index Recheck": 0,
                                                "Filter": "(c_birth_month = ANY ('{2,3,4,10}'::integer[]))",
                                                "Rows Removed by Filter": 1,
                                                "Workers": []
                                              }
                                            ]
                                          }
                                        ]
                                      }
                                    ]
                                  }
                                ]
                              }
                            ]
                          }
                        ]
                      }
                    ]
                  }
                ]
              }
            ]
          }
        ]
      },
      "Planning Time": 0.989,
      "Triggers": [],
      "Execution Time": 1704.34
    }
  ],
  "plan_text": "",
  "actual_rows": 0,
  "provenance": {
    "database": "postgres://jakc9:jakc9@127.0.0.1:5434/dsb_sf10",
    "scale_factor": 10,
    "engine": "postgresql",
    "engine_version": "14.3",
    "cached_at": "2026-02-09T21:05:00.392343"
  }
}