{
  "plan_json": [
    {
      "Plan": {
        "Node Type": "Limit",
        "Parallel Aware": false,
        "Async Capable": false,
        "Startup Cost": 133053.33,
        "Total Cost": 133053.35,
        "Plan Rows": 5,
        "Plan Width": 240,
        "Actual Startup Time": 462.149,
        "Actual Total Time": 462.214,
        "Actual Rows": 5,
        "Actual Loops": 1,
        "Plans": [
          {
            "Node Type": "Sort",
            "Parent Relationship": "Outer",
            "Parallel Aware": false,
            "Async Capable": false,
            "Startup Cost": 133053.33,
            "Total Cost": 133053.35,
            "Plan Rows": 5,
            "Plan Width": 240,
            "Actual Startup Time": 462.148,
            "Actual Total Time": 462.212,
            "Actual Rows": 5,
            "Actual Loops": 1,
            "Sort Key": [
              "customer_address.ca_country",
              "customer_address.ca_state",
              "customer_address.ca_county",
              "item.i_item_id"
            ],
            "Sort Method": "quicksort",
            "Sort Space Used": 25,
            "Sort Space Type": "Memory",
            "Plans": [
              {
                "Node Type": "Aggregate",
                "Strategy": "Sorted",
                "Partial Mode": "Simple",
                "Parent Relationship": "Outer",
                "Parallel Aware": false,
                "Async Capable": false,
                "Startup Cost": 133053.11,
                "Total Cost": 133053.28,
                "Plan Rows": 5,
                "Plan Width": 240,
                "Actual Startup Time": 462.134,
                "Actual Total Time": 462.203,
                "Actual Rows": 5,
                "Actual Loops": 1,
                "Grouping Sets": [
                  {
                    "Group Keys": [
                      [
                        "item.i_item_id",
                        "customer_address.ca_country",
                        "customer_address.ca_state",
                        "customer_address.ca_county"
                      ],
                      [
                        "item.i_item_id",
                        "customer_address.ca_country",
                        "customer_address.ca_state"
                      ],
                      [
                        "item.i_item_id",
                        "customer_address.ca_country"
                      ],
                      [
                        "item.i_item_id"
                      ],
                      []
                    ]
                  }
                ],
                "Plans": [
                  {
                    "Node Type": "Sort",
                    "Parent Relationship": "Outer",
                    "Parallel Aware": false,
                    "Async Capable": false,
                    "Startup Cost": 133053.11,
                    "Total Cost": 133053.12,
                    "Plan Rows": 1,
                    "Plan Width": 77,
                    "Actual Startup Time": 462.107,
                    "Actual Total Time": 462.171,
                    "Actual Rows": 1,
                    "Actual Loops": 1,
                    "Sort Key": [
                      "item.i_item_id",
                      "customer_address.ca_country",
                      "customer_address.ca_state",
                      "customer_address.ca_county"
                    ],
                    "Sort Method": "quicksort",
                    "Sort Space Used": 25,
                    "Sort Space Type": "Memory",
                    "Plans": [
                      {
                        "Node Type": "Nested Loop",
                        "Parent Relationship": "Outer",
                        "Parallel Aware": false,
                        "Async Capable": false,
                        "Join Type": "Inner",
                        "Startup Cost": 1002.29,
                        "Total Cost": 133053.1,
                        "Plan Rows": 1,
                        "Plan Width": 77,
                        "Actual Startup Time": 241.401,
                        "Actual Total Time": 462.165,
                        "Actual Rows": 1,
                        "Actual Loops": 1,
                        "Inner Unique": true,
                        "Plans": [
                          {
                            "Node Type": "Gather",
                            "Parent Relationship": "Outer",
                            "Parallel Aware": false,
                            "Async Capable": false,
                            "Startup Cost": 1001.87,
                            "Total Cost": 133052.17,
                            "Plan Rows": 1,
                            "Plan Width": 50,
                            "Actual Startup Time": 49.265,
                            "Actual Total Time": 461.928,
                            "Actual Rows": 22,
                            "Actual Loops": 1,
                            "Workers Planned": 2,
                            "Workers Launched": 2,
                            "Single Copy": false,
                            "Plans": [
                              {
                                "Node Type": "Nested Loop",
                                "Parent Relationship": "Outer",
                                "Parallel Aware": false,
                                "Async Capable": false,
                                "Join Type": "Inner",
                                "Startup Cost": 1.87,
                                "Total Cost": 132052.07,
                                "Plan Rows": 1,
                                "Plan Width": 50,
                                "Actual Startup Time": 22.471,
                                "Actual Total Time": 264.774,
                                "Actual Rows": 7,
                                "Actual Loops": 3,
                                "Inner Unique": true,
                                "Workers": [],
                                "Plans": [
                                  {
                                    "Node Type": "Nested Loop",
                                    "Parent Relationship": "Outer",
                                    "Parallel Aware": false,
                                    "Async Capable": false,
                                    "Join Type": "Inner",
                                    "Startup Cost": 1.44,
                                    "Total Cost": 132046.47,
                                    "Plan Rows": 7,
                                    "Plan Width": 54,
                                    "Actual Startup Time": 1.807,
                                    "Actual Total Time": 262.981,
                                    "Actual Rows": 158,
                                    "Actual Loops": 3,
                                    "Inner Unique": true,
                                    "Workers": [],
                                    "Plans": [
                                      {
                                        "Node Type": "Nested Loop",
                                        "Parent Relationship": "Outer",
                                        "Parallel Aware": false,
                                        "Async Capable": false,
                                        "Join Type": "Inner",
                                        "Startup Cost": 1.02,
                                        "Total Cost": 132001.79,
                                        "Plan Rows": 70,
                                        "Plan Width": 50,
                                        "Actual Startup Time": 0.729,
                                        "Actual Total Time": 250.922,
                                        "Actual Rows": 1466,
                                        "Actual Loops": 3,
                                        "Inner Unique": true,
                                        "Workers": [],
                                        "Plans": [
                                          {
                                            "Node Type": "Nested Loop",
                                            "Parent Relationship": "Outer",
                                            "Parallel Aware": false,
                                            "Async Capable": false,
                                            "Join Type": "Inner",
                                            "Startup Cost": 0.73,
                                            "Total Cost": 131742.82,
                                            "Plan Rows": 638,
                                            "Plan Width": 37,
                                            "Actual Startup Time": 0.662,
                                            "Actual Total Time": 213.894,
                                            "Actual Rows": 12994,
                                            "Actual Loops": 3,
                                            "Inner Unique": false,
                                            "Workers": [],
                                            "Plans": [
                                              {
                                                "Node Type": "Index Only Scan",
                                                "Parent Relationship": "Outer",
                                                "Parallel Aware": true,
                                                "Async Capable": false,
                                                "Scan Direction": "Forward",
                                                "Index Name": "_dta_index_date_dim_6_661577395__k1_k7_k9",
                                                "Relation Name": "date_dim",
                                                "Alias": "date_dim",
                                                "Startup Cost": 0.29,
                                                "Total Cost": 1677.67,
                                                "Plan Rows": 151,
                                                "Plan Width": 4,
                                                "Actual Startup Time": 0.552,
                                                "Actual Total Time": 0.646,
                                                "Actual Rows": 122,
                                                "Actual Loops": 3,
                                                "Index Cond": "(d_year = 1998)",
                                                "Rows Removed by Index Recheck": 0,
                                                "Heap Fetches": 0,
                                                "Workers": []
                                              },
                                              {
                                                "Node Type": "Index Scan",
                                                "Parent Relationship": "Inner",
                                                "Parallel Aware": false,
                                                "Async Capable": false,
                                                "Scan Direction": "Forward",
                                                "Index Name": "_dta_index_catalog_sales_6_1301579675__k1_4",
                                                "Relation Name": "catalog_sales",
                                                "Alias": "catalog_sales",
                                                "Startup Cost": 0.43,
                                                "Total Cost": 859.91,
                                                "Plan Rows": 145,
                                                "Plan Width": 41,
                                                "Actual Startup Time": 0.022,
                                                "Actual Total Time": 1.73,
                                                "Actual Rows": 107,
                                                "Actual Loops": 365,
                                                "Index Cond": "(cs_sold_date_sk = date_dim.d_date_sk)",
                                                "Rows Removed by Index Recheck": 0,
                                                "Filter": "((cs_wholesale_cost >= '41'::numeric) AND (cs_wholesale_cost <= '46'::numeric))",
                                                "Rows Removed by Filter": 5171,
                                                "Workers": []
                                              }
                                            ]
                                          },
                                          {
                                            "Node Type": "Index Scan",
                                            "Parent Relationship": "Inner",
                                            "Parallel Aware": false,
                                            "Async Capable": false,
                                            "Scan Direction": "Forward",
                                            "Index Name": "item_pkey",
                                            "Relation Name": "item",
                                            "Alias": "item",
                                            "Startup Cost": 0.29,
                                            "Total Cost": 0.41,
                                            "Plan Rows": 1,
                                            "Plan Width": 21,
                                            "Actual Startup Time": 0.003,
                                            "Actual Total Time": 0.003,
                                            "Actual Rows": 0,
                                            "Actual Loops": 38982,
                                            "Index Cond": "(i_item_sk = catalog_sales.cs_item_sk)",
                                            "Rows Removed by Index Recheck": 0,
                                            "Filter": "(i_category = 'Sports'::bpchar)",
                                            "Rows Removed by Filter": 1,
                                            "Workers": []
                                          }
                                        ]
                                      },
                                      {
                                        "Node Type": "Index Scan",
                                        "Parent Relationship": "Inner",
                                        "Parallel Aware": false,
                                        "Async Capable": false,
                                        "Scan Direction": "Forward",
                                        "Index Name": "_dta_index_customer_6_949578421__k1_k5",
                                        "Relation Name": "customer",
                                        "Alias": "customer",
                                        "Startup Cost": 0.42,
                                        "Total Cost": 0.64,
                                        "Plan Rows": 1,
                                        "Plan Width": 12,
                                        "Actual Startup Time": 0.008,
                                        "Actual Total Time": 0.008,
                                        "Actual Rows": 0,
                                        "Actual Loops": 4397,
                                        "Index Cond": "(c_customer_sk = catalog_sales.cs_bill_customer_sk)",
                                        "Rows Removed by Index Recheck": 0,
                                        "Filter": "(c_birth_month = 2)",
                                        "Rows Removed by Filter": 1,
                                        "Workers": []
                                      }
                                    ]
                                  },
                                  {
                                    "Node Type": "Index Scan",
                                    "Parent Relationship": "Inner",
                                    "Parallel Aware": false,
                                    "Async Capable": false,
                                    "Scan Direction": "Forward",
                                    "Index Name": "customer_demographics_pkey",
                                    "Relation Name": "customer_demographics",
                                    "Alias": "customer_demographics",
                                    "Startup Cost": 0.43,
                                    "Total Cost": 0.8,
                                    "Plan Rows": 1,
                                    "Plan Width": 4,
                                    "Actual Startup Time": 0.011,
                                    "Actual Total Time": 0.011,
                                    "Actual Rows": 0,
                                    "Actual Loops": 475,
                                    "Index Cond": "(cd_demo_sk = catalog_sales.cs_bill_cdemo_sk)",
                                    "Rows Removed by Index Recheck": 0,
                                    "Filter": "((cd_gender = 'F'::bpchar) AND (cd_education_status = 'College'::bpchar))",
                                    "Rows Removed by Filter": 1,
                                    "Workers": []
                                  }
                                ]
                              }
                            ]
                          },
                          {
                            "Node Type": "Index Scan",
                            "Parent Relationship": "Inner",
                            "Parallel Aware": false,
                            "Async Capable": false,
                            "Scan Direction": "Forward",
                            "Index Name": "customer_address_pkey",
                            "Relation Name": "customer_address",
                            "Alias": "customer_address",
                            "Startup Cost": 0.42,
                            "Total Cost": 0.94,
                            "Plan Rows": 1,
                            "Plan Width": 35,
                            "Actual Startup Time": 0.01,
                            "Actual Total Time": 0.01,
                            "Actual Rows": 0,
                            "Actual Loops": 22,
                            "Index Cond": "(ca_address_sk = customer.c_current_addr_sk)",
                            "Rows Removed by Index Recheck": 0,
                            "Filter": "(ca_state = ANY ('{AR,NY,TX}'::bpchar[]))",
                            "Rows Removed by Filter": 1
                          }
                        ]
                      }
                    ]
                  }
                ]
              }
            ]
          }
        ]
      },
      "Planning Time": 2.188,
      "Triggers": [],
      "Execution Time": 462.278
    }
  ],
  "plan_text": "",
  "actual_rows": 0,
  "provenance": {
    "database": "postgres://jakc9:jakc9@127.0.0.1:5434/dsb_sf10",
    "scale_factor": 10,
    "engine": "postgresql",
    "engine_version": "14.3",
    "cached_at": "2026-02-09T20:54:42.458354"
  }
}