{
  "plan_json": [
    {
      "Plan": {
        "Node Type": "Limit",
        "Parallel Aware": false,
        "Async Capable": false,
        "Startup Cost": 22900.45,
        "Total Cost": 22900.45,
        "Plan Rows": 1,
        "Plan Width": 16,
        "Actual Startup Time": 115.903,
        "Actual Total Time": 115.963,
        "Actual Rows": 0,
        "Actual Loops": 1,
        "Plans": [
          {
            "Node Type": "Sort",
            "Parent Relationship": "Outer",
            "Parallel Aware": false,
            "Async Capable": false,
            "Startup Cost": 22900.45,
            "Total Cost": 22900.45,
            "Plan Rows": 1,
            "Plan Width": 16,
            "Actual Startup Time": 115.902,
            "Actual Total Time": 115.962,
            "Actual Rows": 0,
            "Actual Loops": 1,
            "Sort Key": [
              "(((my_revenue.revenue / '50'::numeric))::integer)",
              "(count(*))"
            ],
            "Sort Method": "quicksort",
            "Sort Space Used": 25,
            "Sort Space Type": "Memory",
            "Plans": [
              {
                "Node Type": "Aggregate",
                "Strategy": "Sorted",
                "Partial Mode": "Simple",
                "Parent Relationship": "Outer",
                "Parallel Aware": false,
                "Async Capable": false,
                "Startup Cost": 22900.4,
                "Total Cost": 22900.44,
                "Plan Rows": 1,
                "Plan Width": 16,
                "Actual Startup Time": 115.847,
                "Actual Total Time": 115.907,
                "Actual Rows": 0,
                "Actual Loops": 1,
                "Group Key": [
                  "(((my_revenue.revenue / '50'::numeric))::integer)"
                ],
                "Plans": [
                  {
                    "Node Type": "Sort",
                    "Parent Relationship": "Outer",
                    "Parallel Aware": false,
                    "Async Capable": false,
                    "Startup Cost": 22900.4,
                    "Total Cost": 22900.41,
                    "Plan Rows": 1,
                    "Plan Width": 36,
                    "Actual Startup Time": 115.846,
                    "Actual Total Time": 115.906,
                    "Actual Rows": 0,
                    "Actual Loops": 1,
                    "Sort Key": [
                      "(((my_revenue.revenue / '50'::numeric))::integer)"
                    ],
                    "Sort Method": "quicksort",
                    "Sort Space Used": 25,
                    "Sort Space Type": "Memory",
                    "Plans": [
                      {
                        "Node Type": "Subquery Scan",
                        "Parent Relationship": "Outer",
                        "Parallel Aware": false,
                        "Async Capable": false,
                        "Alias": "my_revenue",
                        "Startup Cost": 21620.27,
                        "Total Cost": 22900.39,
                        "Plan Rows": 1,
                        "Plan Width": 36,
                        "Actual Startup Time": 115.845,
                        "Actual Total Time": 115.905,
                        "Actual Rows": 0,
                        "Actual Loops": 1,
                        "Plans": [
                          {
                            "Node Type": "Aggregate",
                            "Strategy": "Sorted",
                            "Partial Mode": "Simple",
                            "Parent Relationship": "Subquery",
                            "Parallel Aware": false,
                            "Async Capable": false,
                            "Startup Cost": 21620.27,
                            "Total Cost": 22900.38,
                            "Plan Rows": 1,
                            "Plan Width": 36,
                            "Actual Startup Time": 115.844,
                            "Actual Total Time": 115.903,
                            "Actual Rows": 0,
                            "Actual Loops": 1,
                            "Group Key": [
                              "customer.c_customer_sk"
                            ],
                            "Plans": [
                              {
                                "Node Type": "Aggregate",
                                "Strategy": "Hashed",
                                "Partial Mode": "Simple",
                                "Parent Relationship": "InitPlan",
                                "Subplan Name": "InitPlan 1 (returns $0)",
                                "Parallel Aware": false,
                                "Async Capable": false,
                                "Startup Cost": 12.5,
                                "Total Cost": 12.89,
                                "Plan Rows": 31,
                                "Plan Width": 4,
                                "Actual Startup Time": 0.0,
                                "Actual Total Time": 0.0,
                                "Actual Rows": 0,
                                "Actual Loops": 0,
                                "Group Key": [
                                  "(date_dim_2.d_month_seq + 1)"
                                ],
                                "Planned Partitions": 0,
                                "Plans": [
                                  {
                                    "Node Type": "Index Only Scan",
                                    "Parent Relationship": "Outer",
                                    "Parallel Aware": false,
                                    "Async Capable": false,
                                    "Scan Direction": "Forward",
                                    "Index Name": "_dta_index_date_dim_6_661577395__k7_k4_k9_k1",
                                    "Relation Name": "date_dim",
                                    "Alias": "date_dim_2",
                                    "Startup Cost": 0.42,
                                    "Total Cost": 12.43,
                                    "Plan Rows": 31,
                                    "Plan Width": 4,
                                    "Actual Startup Time": 0.0,
                                    "Actual Total Time": 0.0,
                                    "Actual Rows": 0,
                                    "Actual Loops": 0,
                                    "Index Cond": "((d_year = 1998) AND (d_moy = 1))",
                                    "Rows Removed by Index Recheck": 0,
                                    "Heap Fetches": 0
                                  }
                                ]
                              },
                              {
                                "Node Type": "Aggregate",
                                "Strategy": "Hashed",
                                "Partial Mode": "Simple",
                                "Parent Relationship": "InitPlan",
                                "Subplan Name": "InitPlan 2 (returns $1)",
                                "Parallel Aware": false,
                                "Async Capable": false,
                                "Startup Cost": 12.5,
                                "Total Cost": 12.89,
                                "Plan Rows": 31,
                                "Plan Width": 4,
                                "Actual Startup Time": 0.0,
                                "Actual Total Time": 0.0,
                                "Actual Rows": 0,
                                "Actual Loops": 0,
                                "Group Key": [
                                  "(date_dim_3.d_month_seq + 3)"
                                ],
                                "Planned Partitions": 0,
                                "Plans": [
                                  {
                                    "Node Type": "Index Only Scan",
                                    "Parent Relationship": "Outer",
                                    "Parallel Aware": false,
                                    "Async Capable": false,
                                    "Scan Direction": "Forward",
                                    "Index Name": "_dta_index_date_dim_6_661577395__k7_k4_k9_k1",
                                    "Relation Name": "date_dim",
                                    "Alias": "date_dim_3",
                                    "Startup Cost": 0.42,
                                    "Total Cost": 12.43,
                                    "Plan Rows": 31,
                                    "Plan Width": 4,
                                    "Actual Startup Time": 0.0,
                                    "Actual Total Time": 0.0,
                                    "Actual Rows": 0,
                                    "Actual Loops": 0,
                                    "Index Cond": "((d_year = 1998) AND (d_moy = 1))",
                                    "Rows Removed by Index Recheck": 0,
                                    "Heap Fetches": 0
                                  }
                                ]
                              },
                              {
                                "Node Type": "Nested Loop",
                                "Parent Relationship": "Outer",
                                "Parallel Aware": false,
                                "Async Capable": false,
                                "Join Type": "Inner",
                                "Startup Cost": 21594.49,
                                "Total Cost": 22874.58,
                                "Plan Rows": 1,
                                "Plan Width": 10,
                                "Actual Startup Time": 115.843,
                                "Actual Total Time": 115.9,
                                "Actual Rows": 0,
                                "Actual Loops": 1,
                                "Inner Unique": true,
                                "Plans": [
                                  {
                                    "Node Type": "Nested Loop",
                                    "Parent Relationship": "Outer",
                                    "Parallel Aware": false,
                                    "Async Capable": false,
                                    "Join Type": "Inner",
                                    "Startup Cost": 21594.2,
                                    "Total Cost": 22874.27,
                                    "Plan Rows": 1,
                                    "Plan Width": 14,
                                    "Actual Startup Time": 115.843,
                                    "Actual Total Time": 115.899,
                                    "Actual Rows": 0,
                                    "Actual Loops": 1,
                                    "Inner Unique": false,
                                    "Plans": [
                                      {
                                        "Node Type": "Nested Loop",
                                        "Parent Relationship": "Outer",
                                        "Parallel Aware": false,
                                        "Async Capable": false,
                                        "Join Type": "Inner",
                                        "Startup Cost": 21583.19,
                                        "Total Cost": 21592.63,
                                        "Plan Rows": 1,
                                        "Plan Width": 4,
                                        "Actual Startup Time": 115.842,
                                        "Actual Total Time": 115.898,
                                        "Actual Rows": 0,
                                        "Actual Loops": 1,
                                        "Inner Unique": false,
                                        "Plans": [
                                          {
                                            "Node Type": "Nested Loop",
                                            "Parent Relationship": "Outer",
                                            "Parallel Aware": false,
                                            "Async Capable": false,
                                            "Join Type": "Inner",
                                            "Startup Cost": 21583.05,
                                            "Total Cost": 21591.09,
                                            "Plan Rows": 1,
                                            "Plan Width": 21,
                                            "Actual Startup Time": 114.637,
                                            "Actual Total Time": 115.704,
                                            "Actual Rows": 69,
                                            "Actual Loops": 1,
                                            "Inner Unique": true,
                                            "Plans": [
                                              {
                                                "Node Type": "Unique",
                                                "Parent Relationship": "Outer",
                                                "Parallel Aware": false,
                                                "Async Capable": false,
                                                "Startup Cost": 21582.63,
                                                "Total Cost": 21582.64,
                                                "Plan Rows": 1,
                                                "Plan Width": 8,
                                                "Actual Startup Time": 114.601,
                                                "Actual Total Time": 114.679,
                                                "Actual Rows": 69,
                                                "Actual Loops": 1,
                                                "Plans": [
                                                  {
                                                    "Node Type": "Sort",
                                                    "Parent Relationship": "Outer",
                                                    "Parallel Aware": false,
                                                    "Async Capable": false,
                                                    "Startup Cost": 21582.63,
                                                    "Total Cost": 21582.63,
                                                    "Plan Rows": 1,
                                                    "Plan Width": 8,
                                                    "Actual Startup Time": 114.6,
                                                    "Actual Total Time": 114.661,
                                                    "Actual Rows": 70,
                                                    "Actual Loops": 1,
                                                    "Sort Key": [
                                                      "customer.c_customer_sk",
                                                      "customer.c_current_addr_sk"
                                                    ],
                                                    "Sort Method": "quicksort",
                                                    "Sort Space Used": 28,
                                                    "Sort Space Type": "Memory",
                                                    "Plans": [
                                                      {
                                                        "Node Type": "Gather",
                                                        "Parent Relationship": "Outer",
                                                        "Parallel Aware": false,
                                                        "Async Capable": false,
                                                        "Startup Cost": 1034.99,
                                                        "Total Cost": 21582.62,
                                                        "Plan Rows": 1,
                                                        "Plan Width": 8,
                                                        "Actual Startup Time": 3.675,
                                                        "Actual Total Time": 114.588,
                                                        "Actual Rows": 70,
                                                        "Actual Loops": 1,
                                                        "Workers Planned": 2,
                                                        "Workers Launched": 2,
                                                        "Single Copy": false,
                                                        "Plans": [
                                                          {
                                                            "Node Type": "Nested Loop",
                                                            "Parent Relationship": "Outer",
                                                            "Parallel Aware": false,
                                                            "Async Capable": false,
                                                            "Join Type": "Inner",
                                                            "Startup Cost": 34.99,
                                                            "Total Cost": 20582.52,
                                                            "Plan Rows": 1,
                                                            "Plan Width": 8,
                                                            "Actual Startup Time": 2.727,
                                                            "Actual Total Time": 39.673,
                                                            "Actual Rows": 23,
                                                            "Actual Loops": 3,
                                                            "Inner Unique": true,
                                                            "Workers": [],
                                                            "Plans": [
                                                              {
                                                                "Node Type": "Hash Join",
                                                                "Parent Relationship": "Outer",
                                                                "Parallel Aware": false,
                                                                "Async Capable": false,
                                                                "Join Type": "Inner",
                                                                "Startup Cost": 34.57,
                                                                "Total Cost": 20578.92,
                                                                "Plan Rows": 3,
                                                                "Plan Width": 4,
                                                                "Actual Startup Time": 2.007,
                                                                "Actual Total Time": 38.506,
                                                                "Actual Rows": 134,
                                                                "Actual Loops": 3,
                                                                "Inner Unique": true,
                                                                "Hash Cond": "(catalog_sales.cs_item_sk = item.i_item_sk)",
                                                                "Workers": [],
                                                                "Plans": [
                                                                  {
                                                                    "Node Type": "Nested Loop",
                                                                    "Parent Relationship": "Outer",
                                                                    "Parallel Aware": false,
                                                                    "Async Capable": false,
                                                                    "Join Type": "Inner",
                                                                    "Startup Cost": 0.73,
                                                                    "Total Cost": 20542.4,
                                                                    "Plan Rows": 1020,
                                                                    "Plan Width": 8,
                                                                    "Actual Startup Time": 1.834,
                                                                    "Actual Total Time": 36.78,
                                                                    "Actual Rows": 18519,
                                                                    "Actual Loops": 3,
                                                                    "Inner Unique": false,
                                                                    "Workers": [],
                                                                    "Plans": [
                                                                      {
                                                                        "Node Type": "Index Only Scan",
                                                                        "Parent Relationship": "Outer",
                                                                        "Parallel Aware": true,
                                                                        "Async Capable": false,
                                                                        "Scan Direction": "Forward",
                                                                        "Index Name": "_dta_index_date_dim_6_661577395__k1_k7_k9",
                                                                        "Relation Name": "date_dim",
                                                                        "Alias": "date_dim_1",
                                                                        "Startup Cost": 0.29,
                                                                        "Total Cost": 1858.91,
                                                                        "Plan Rows": 13,
                                                                        "Plan Width": 4,
                                                                        "Actual Startup Time": 1.81,
                                                                        "Actual Total Time": 1.82,
                                                                        "Actual Rows": 10,
                                                                        "Actual Loops": 3,
                                                                        "Index Cond": "((d_year = 1998) AND (d_moy = 1))",
                                                                        "Rows Removed by Index Recheck": 0,
                                                                        "Heap Fetches": 0,
                                                                        "Workers": []
                                                                      },
                                                                      {
                                                                        "Node Type": "Append",
                                                                        "Parent Relationship": "Inner",
                                                                        "Parallel Aware": false,
                                                                        "Async Capable": false,
                                                                        "Startup Cost": 0.43,
                                                                        "Total Cost": 1410.12,
                                                                        "Plan Rows": 2707,
                                                                        "Plan Width": 12,
                                                                        "Actual Startup Time": 0.011,
                                                                        "Actual Total Time": 3.249,
                                                                        "Actual Rows": 1792,
                                                                        "Actual Loops": 31,
                                                                        "Workers": [],
                                                                        "Subplans Removed": 0,
                                                                        "Plans": [
                                                                          {
                                                                            "Node Type": "Index Scan",
                                                                            "Parent Relationship": "Member",
                                                                            "Parallel Aware": false,
                                                                            "Async Capable": false,
                                                                            "Scan Direction": "Forward",
                                                                            "Index Name": "_dta_index_catalog_sales_6_1301579675__k1_4",
                                                                            "Relation Name": "catalog_sales",
                                                                            "Alias": "catalog_sales",
                                                                            "Startup Cost": 0.43,
                                                                            "Total Cost": 914.69,
                                                                            "Plan Rows": 1856,
                                                                            "Plan Width": 12,
                                                                            "Actual Startup Time": 0.01,
                                                                            "Actual Total Time": 1.498,
                                                                            "Actual Rows": 1031,
                                                                            "Actual Loops": 31,
                                                                            "Index Cond": "(cs_sold_date_sk = date_dim_1.d_date_sk)",
                                                                            "Rows Removed by Index Recheck": 0,
                                                                            "Filter": "((cs_wholesale_cost >= '35'::numeric) AND (cs_wholesale_cost <= '65'::numeric))",
                                                                            "Rows Removed by Filter": 2814,
                                                                            "Workers": []
                                                                          },
                                                                          {
                                                                            "Node Type": "Index Scan",
                                                                            "Parent Relationship": "Member",
                                                                            "Parallel Aware": false,
                                                                            "Async Capable": false,
                                                                            "Scan Direction": "Forward",
                                                                            "Index Name": "_dta_index_web_sales_6_1269579561__k1_8_24",
                                                                            "Relation Name": "web_sales",
                                                                            "Alias": "web_sales",
                                                                            "Startup Cost": 0.43,
                                                                            "Total Cost": 481.9,
                                                                            "Plan Rows": 851,
                                                                            "Plan Width": 12,
                                                                            "Actual Startup Time": 0.017,
                                                                            "Actual Total Time": 1.648,
                                                                            "Actual Rows": 761,
                                                                            "Actual Loops": 31,
                                                                            "Index Cond": "(ws_sold_date_sk = date_dim_1.d_date_sk)",
                                                                            "Rows Removed by Index Recheck": 0,
                                                                            "Filter": "((ws_wholesale_cost >= '35'::numeric) AND (ws_wholesale_cost <= '65'::numeric))",
                                                                            "Rows Removed by Filter": 2295,
                                                                            "Workers": []
                                                                          }
                                                                        ]
                                                                      }
                                                                    ]
                                                                  },
                                                                  {
                                                                    "Node Type": "Hash",
                                                                    "Parent Relationship": "Inner",
                                                                    "Parallel Aware": false,
                                                                    "Async Capable": false,
                                                                    "Startup Cost": 30.22,
                                                                    "Total Cost": 30.22,
                                                                    "Plan Rows": 290,
                                                                    "Plan Width": 4,
                                                                    "Actual Startup Time": 0.423,
                                                                    "Actual Total Time": 0.424,
                                                                    "Actual Rows": 1454,
                                                                    "Actual Loops": 1,
                                                                    "Hash Buckets": 2048,
                                                                    "Original Hash Buckets": 1024,
                                                                    "Hash Batches": 1,
                                                                    "Original Hash Batches": 1,
                                                                    "Peak Memory Usage": 68,
                                                                    "Workers": [],
                                                                    "Plans": [
                                                                      {
                                                                        "Node Type": "Index Only Scan",
                                                                        "Parent Relationship": "Outer",
                                                                        "Parallel Aware": false,
                                                                        "Async Capable": false,
                                                                        "Scan Direction": "Forward",
                                                                        "Index Name": "_dta_index_item_6_853578079__k13_k11_k1",
                                                                        "Relation Name": "item",
                                                                        "Alias": "item",
                                                                        "Startup Cost": 0.42,
                                                                        "Total Cost": 30.22,
                                                                        "Plan Rows": 290,
                                                                        "Plan Width": 4,
                                                                        "Actual Startup Time": 0.076,
                                                                        "Actual Total Time": 0.337,
                                                                        "Actual Rows": 1454,
                                                                        "Actual Loops": 1,
                                                                        "Index Cond": "((i_category = 'Electronics'::bpchar) AND (i_class = 'personal'::bpchar))",
                                                                        "Rows Removed by Index Recheck": 0,
                                                                        "Heap Fetches": 0,
                                                                        "Workers": []
                                                                      }
                                                                    ]
                                                                  }
                                                                ]
                                                              },
                                                              {
                                                                "Node Type": "Index Scan",
                                                                "Parent Relationship": "Inner",
                                                                "Parallel Aware": false,
                                                                "Async Capable": false,
                                                                "Scan Direction": "Forward",
                                                                "Index Name": "_dta_index_customer_6_949578421__k1_k5",
                                                                "Relation Name": "customer",
                                                                "Alias": "customer",
                                                                "Startup Cost": 0.42,
                                                                "Total Cost": 1.2,
                                                                "Plan Rows": 1,
                                                                "Plan Width": 8,
                                                                "Actual Startup Time": 0.008,
                                                                "Actual Total Time": 0.008,
                                                                "Actual Rows": 0,
                                                                "Actual Loops": 403,
                                                                "Index Cond": "(c_customer_sk = catalog_sales.cs_bill_customer_sk)",
                                                                "Rows Removed by Index Recheck": 0,
                                                                "Filter": "((c_birth_year >= 1928) AND (c_birth_year <= 1941))",
                                                                "Rows Removed by Filter": 1,
                                                                "Workers": []
                                                              }
                                                            ]
                                                          }
                                                        ]
                                                      }
                                                    ]
                                                  }
                                                ]
                                              },
                                              {
                                                "Node Type": "Index Scan",
                                                "Parent Relationship": "Inner",
                                                "Parallel Aware": false,
                                                "Async Capable": false,
                                                "Scan Direction": "Forward",
                                                "Index Name": "customer_address_pkey",
                                                "Relation Name": "customer_address",
                                                "Alias": "customer_address",
                                                "Startup Cost": 0.42,
                                                "Total Cost": 8.44,
                                                "Plan Rows": 1,
                                                "Plan Width": 21,
                                                "Actual Startup Time": 0.014,
                                                "Actual Total Time": 0.014,
                                                "Actual Rows": 1,
                                                "Actual Loops": 69,
                                                "Index Cond": "(ca_address_sk = customer.c_current_addr_sk)",
                                                "Rows Removed by Index Recheck": 0
                                              }
                                            ]
                                          },
                                          {
                                            "Node Type": "Index Scan",
                                            "Parent Relationship": "Inner",
                                            "Parallel Aware": false,
                                            "Async Capable": false,
                                            "Scan Direction": "Forward",
                                            "Index Name": "_dta_index_store_6_885578193__k25_k1",
                                            "Relation Name": "store",
                                            "Alias": "store",
                                            "Startup Cost": 0.14,
                                            "Total Cost": 1.54,
                                            "Plan Rows": 1,
                                            "Plan Width": 17,
                                            "Actual Startup Time": 0.001,
                                            "Actual Total Time": 0.001,
                                            "Actual Rows": 0,
                                            "Actual Loops": 69,
                                            "Index Cond": "((s_state = customer_address.ca_state) AND (s_state = ANY ('{AR,CO,IA,IL,KY,NC,NM,NY,PA,TX}'::bpchar[])))",
                                            "Rows Removed by Index Recheck": 0,
                                            "Filter": "((customer_address.ca_county)::text = (s_county)::text)",
                                            "Rows Removed by Filter": 0
                                          }
                                        ]
                                      },
                                      {
                                        "Node Type": "Bitmap Heap Scan",
                                        "Parent Relationship": "Inner",
                                        "Parallel Aware": false,
                                        "Async Capable": false,
                                        "Relation Name": "store_sales",
                                        "Alias": "store_sales",
                                        "Startup Cost": 11.01,
                                        "Total Cost": 1280.42,
                                        "Plan Rows": 121,
                                        "Plan Width": 14,
                                        "Actual Startup Time": 0.0,
                                        "Actual Total Time": 0.0,
                                        "Actual Rows": 0,
                                        "Actual Loops": 0,
                                        "Recheck Cond": "(ss_customer_sk = customer.c_customer_sk)",
                                        "Rows Removed by Index Recheck": 0,
                                        "Filter": "((ss_wholesale_cost >= '35'::numeric) AND (ss_wholesale_cost <= '65'::numeric))",
                                        "Rows Removed by Filter": 0,
                                        "Exact Heap Blocks": 0,
                                        "Lossy Heap Blocks": 0,
                                        "Plans": [
                                          {
                                            "Node Type": "Bitmap Index Scan",
                                            "Parent Relationship": "Outer",
                                            "Parallel Aware": false,
                                            "Async Capable": false,
                                            "Index Name": "_dta_index_store_sales_6_1333579789__k4_k1_16",
                                            "Startup Cost": 0.0,
                                            "Total Cost": 10.98,
                                            "Plan Rows": 322,
                                            "Plan Width": 0,
                                            "Actual Startup Time": 0.0,
                                            "Actual Total Time": 0.0,
                                            "Actual Rows": 0,
                                            "Actual Loops": 0,
                                            "Index Cond": "(ss_customer_sk = customer.c_customer_sk)"
                                          }
                                        ]
                                      }
                                    ]
                                  },
                                  {
                                    "Node Type": "Index Scan",
                                    "Parent Relationship": "Inner",
                                    "Parallel Aware": false,
                                    "Async Capable": false,
                                    "Scan Direction": "Forward",
                                    "Index Name": "date_dim_pkey",
                                    "Relation Name": "date_dim",
                                    "Alias": "date_dim",
                                    "Startup Cost": 0.29,
                                    "Total Cost": 0.32,
                                    "Plan Rows": 1,
                                    "Plan Width": 4,
                                    "Actual Startup Time": 0.0,
                                    "Actual Total Time": 0.0,
                                    "Actual Rows": 0,
                                    "Actual Loops": 0,
                                    "Index Cond": "(d_date_sk = store_sales.ss_sold_date_sk)",
                                    "Rows Removed by Index Recheck": 0,
                                    "Filter": "((d_month_seq >= $0) AND (d_month_seq <= $1))",
                                    "Rows Removed by Filter": 0
                                  }
                                ]
                              }
                            ]
                          }
                        ]
                      }
                    ]
                  }
                ]
              }
            ]
          }
        ]
      },
      "Planning Time": 1.731,
      "Triggers": [],
      "Execution Time": 116.575
    }
  ],
  "plan_text": "",
  "actual_rows": 0,
  "provenance": {
    "database": "postgres://jakc9:jakc9@127.0.0.1:5434/dsb_sf10",
    "scale_factor": 10,
    "engine": "postgresql",
    "engine_version": "14.3",
    "cached_at": "2026-02-09T21:05:23.039035"
  }
}