{
  "plan_json": [
    {
      "Plan": {
        "Node Type": "Limit",
        "Parallel Aware": false,
        "Async Capable": false,
        "Startup Cost": 1899738.3,
        "Total Cost": 1899738.31,
        "Plan Rows": 1,
        "Plan Width": 168,
        "Actual Startup Time": 11482.859,
        "Actual Total Time": 11483.145,
        "Actual Rows": 55,
        "Actual Loops": 1,
        "Plans": [
          {
            "Node Type": "Hash Join",
            "Parent Relationship": "InitPlan",
            "Subplan Name": "CTE cross_items",
            "Parallel Aware": false,
            "Async Capable": false,
            "Join Type": "Inner",
            "Startup Cost": 950880.69,
            "Total Cost": 959801.09,
            "Plan Rows": 1,
            "Plan Width": 4,
            "Actual Startup Time": 4758.671,
            "Actual Total Time": 4785.191,
            "Actual Rows": 4735,
            "Actual Loops": 1,
            "Inner Unique": true,
            "Hash Cond": "((item_2.i_brand_id = x.brand_id) AND (item_2.i_class_id = x.class_id) AND (item_2.i_category_id = x.category_id))",
            "Plans": [
              {
                "Node Type": "Seq Scan",
                "Parent Relationship": "Outer",
                "Parallel Aware": false,
                "Async Capable": false,
                "Relation Name": "item",
                "Alias": "item_2",
                "Startup Cost": 0.0,
                "Total Cost": 8882.5,
                "Plan Rows": 4812,
                "Plan Width": 16,
                "Actual Startup Time": 0.015,
                "Actual Total Time": 25.486,
                "Actual Rows": 4750,
                "Actual Loops": 1,
                "Filter": "((i_manager_id >= 42) AND (i_manager_id <= 51) AND (i_category = ANY ('{Electronics,Shoes,Sports}'::bpchar[])))",
                "Rows Removed by Filter": 97250
              },
              {
                "Node Type": "Hash",
                "Parent Relationship": "Inner",
                "Parallel Aware": false,
                "Async Capable": false,
                "Startup Cost": 950860.6,
                "Total Cost": 950860.6,
                "Plan Rows": 1148,
                "Plan Width": 12,
                "Actual Startup Time": 4758.65,
                "Actual Total Time": 4758.832,
                "Actual Rows": 432,
                "Actual Loops": 1,
                "Hash Buckets": 2048,
                "Original Hash Buckets": 2048,
                "Hash Batches": 1,
                "Original Hash Batches": 1,
                "Peak Memory Usage": 35,
                "Plans": [
                  {
                    "Node Type": "Subquery Scan",
                    "Parent Relationship": "Outer",
                    "Parallel Aware": false,
                    "Async Capable": false,
                    "Alias": "x",
                    "Startup Cost": 1001.02,
                    "Total Cost": 950860.6,
                    "Plan Rows": 1148,
                    "Plan Width": 12,
                    "Actual Startup Time": 4758.564,
                    "Actual Total Time": 4758.791,
                    "Actual Rows": 435,
                    "Actual Loops": 1,
                    "Plans": [
                      {
                        "Node Type": "SetOp",
                        "Strategy": "Hashed",
                        "Parent Relationship": "Subquery",
                        "Parallel Aware": false,
                        "Async Capable": false,
                        "Command": "Intersect",
                        "Startup Cost": 1001.02,
                        "Total Cost": 950849.12,
                        "Plan Rows": 1148,
                        "Plan Width": 16,
                        "Actual Startup Time": 4758.563,
                        "Actual Total Time": 4758.761,
                        "Actual Rows": 435,
                        "Actual Loops": 1,
                        "Plans": [
                          {
                            "Node Type": "Append",
                            "Parent Relationship": "Outer",
                            "Parallel Aware": false,
                            "Async Capable": false,
                            "Startup Cost": 1001.02,
                            "Total Cost": 950679.96,
                            "Plan Rows": 22555,
                            "Plan Width": 16,
                            "Actual Startup Time": 3445.296,
                            "Actual Total Time": 4667.728,
                            "Actual Rows": 840725,
                            "Actual Loops": 1,
                            "Subplans Removed": 0,
                            "Plans": [
                              {
                                "Node Type": "Result",
                                "Parent Relationship": "Member",
                                "Parallel Aware": false,
                                "Async Capable": false,
                                "Startup Cost": 1001.02,
                                "Total Cost": 760192.87,
                                "Plan Rows": 1148,
                                "Plan Width": 16,
                                "Actual Startup Time": 3445.295,
                                "Actual Total Time": 3445.486,
                                "Actual Rows": 436,
                                "Actual Loops": 1,
                                "Plans": [
                                  {
                                    "Node Type": "SetOp",
                                    "Strategy": "Hashed",
                                    "Parent Relationship": "Outer",
                                    "Parallel Aware": false,
                                    "Async Capable": false,
                                    "Command": "Intersect",
                                    "Startup Cost": 1001.02,
                                    "Total Cost": 760181.39,
                                    "Plan Rows": 1148,
                                    "Plan Width": 16,
                                    "Actual Startup Time": 3445.293,
                                    "Actual Total Time": 3445.458,
                                    "Actual Rows": 436,
                                    "Actual Loops": 1,
                                    "Plans": [
                                      {
                                        "Node Type": "Append",
                                        "Parent Relationship": "Outer",
                                        "Parallel Aware": false,
                                        "Async Capable": false,
                                        "Startup Cost": 1001.02,
                                        "Total Cost": 760151.84,
                                        "Plan Rows": 3939,
                                        "Plan Width": 16,
                                        "Actual Startup Time": 1.336,
                                        "Actual Total Time": 3416.827,
                                        "Actual Rows": 116507,
                                        "Actual Loops": 1,
                                        "Subplans Removed": 0,
                                        "Plans": [
                                          {
                                            "Node Type": "Subquery Scan",
                                            "Parent Relationship": "Member",
                                            "Parallel Aware": false,
                                            "Async Capable": false,
                                            "Alias": "*SELECT* 2",
                                            "Startup Cost": 1001.02,
                                            "Total Cost": 351381.8,
                                            "Plan Rows": 1148,
                                            "Plan Width": 16,
                                            "Actual Startup Time": 1.335,
                                            "Actual Total Time": 1278.123,
                                            "Actual Rows": 59725,
                                            "Actual Loops": 1,
                                            "Plans": [
                                              {
                                                "Node Type": "Gather",
                                                "Parent Relationship": "Subquery",
                                                "Parallel Aware": false,
                                                "Async Capable": false,
                                                "Startup Cost": 1001.02,
                                                "Total Cost": 351370.32,
                                                "Plan Rows": 1148,
                                                "Plan Width": 12,
                                                "Actual Startup Time": 1.334,
                                                "Actual Total Time": 1271.833,
                                                "Actual Rows": 59725,
                                                "Actual Loops": 1,
                                                "Workers Planned": 2,
                                                "Workers Launched": 2,
                                                "Single Copy": false,
                                                "Plans": [
                                                  {
                                                    "Node Type": "Nested Loop",
                                                    "Parent Relationship": "Outer",
                                                    "Parallel Aware": false,
                                                    "Async Capable": false,
                                                    "Join Type": "Inner",
                                                    "Startup Cost": 1.02,
                                                    "Total Cost": 350255.52,
                                                    "Plan Rows": 478,
                                                    "Plan Width": 12,
                                                    "Actual Startup Time": 0.796,
                                                    "Actual Total Time": 1063.036,
                                                    "Actual Rows": 19908,
                                                    "Actual Loops": 3,
                                                    "Inner Unique": true,
                                                    "Workers": [],
                                                    "Plans": [
                                                      {
                                                        "Node Type": "Nested Loop",
                                                        "Parent Relationship": "Outer",
                                                        "Parallel Aware": false,
                                                        "Async Capable": false,
                                                        "Join Type": "Inner",
                                                        "Startup Cost": 0.73,
                                                        "Total Cost": 346848.05,
                                                        "Plan Rows": 10137,
                                                        "Plan Width": 4,
                                                        "Actual Startup Time": 0.311,
                                                        "Actual Total Time": 567.328,
                                                        "Actual Rows": 262544,
                                                        "Actual Loops": 3,
                                                        "Inner Unique": false,
                                                        "Workers": [],
                                                        "Plans": [
                                                          {
                                                            "Node Type": "Index Only Scan",
                                                            "Parent Relationship": "Outer",
                                                            "Parallel Aware": true,
                                                            "Async Capable": false,
                                                            "Scan Direction": "Forward",
                                                            "Index Name": "_dta_index_date_dim_6_661577395__k1_k7_k9",
                                                            "Relation Name": "date_dim",
                                                            "Alias": "d2",
                                                            "Startup Cost": 0.29,
                                                            "Total Cost": 1863.25,
                                                            "Plan Rows": 446,
                                                            "Plan Width": 4,
                                                            "Actual Startup Time": 0.271,
                                                            "Actual Total Time": 0.9,
                                                            "Actual Rows": 365,
                                                            "Actual Loops": 3,
                                                            "Index Cond": "((d_year >= 1999) AND (d_year <= 2001))",
                                                            "Rows Removed by Index Recheck": 0,
                                                            "Heap Fetches": 0,
                                                            "Workers": []
                                                          },
                                                          {
                                                            "Node Type": "Index Scan",
                                                            "Parent Relationship": "Inner",
                                                            "Parallel Aware": false,
                                                            "Async Capable": false,
                                                            "Scan Direction": "Forward",
                                                            "Index Name": "_dta_index_catalog_sales_6_1301579675__k1_4",
                                                            "Relation Name": "catalog_sales",
                                                            "Alias": "catalog_sales",
                                                            "Startup Cost": 0.43,
                                                            "Total Cost": 765.7,
                                                            "Plan Rows": 781,
                                                            "Plan Width": 8,
                                                            "Actual Startup Time": 0.008,
                                                            "Actual Total Time": 1.499,
                                                            "Actual Rows": 719,
                                                            "Actual Loops": 1096,
                                                            "Index Cond": "(cs_sold_date_sk = d2.d_date_sk)",
                                                            "Rows Removed by Index Recheck": 0,
                                                            "Filter": "((cs_wholesale_cost >= '76'::numeric) AND (cs_wholesale_cost <= '96'::numeric))",
                                                            "Rows Removed by Filter": 5291,
                                                            "Workers": []
                                                          }
                                                        ]
                                                      },
                                                      {
                                                        "Node Type": "Index Scan",
                                                        "Parent Relationship": "Inner",
                                                        "Parallel Aware": false,
                                                        "Async Capable": false,
                                                        "Scan Direction": "Forward",
                                                        "Index Name": "item_pkey",
                                                        "Relation Name": "item",
                                                        "Alias": "ics",
                                                        "Startup Cost": 0.29,
                                                        "Total Cost": 0.34,
                                                        "Plan Rows": 1,
                                                        "Plan Width": 16,
                                                        "Actual Startup Time": 0.002,
                                                        "Actual Total Time": 0.002,
                                                        "Actual Rows": 0,
                                                        "Actual Loops": 787633,
                                                        "Index Cond": "(i_item_sk = catalog_sales.cs_item_sk)",
                                                        "Rows Removed by Index Recheck": 0,
                                                        "Filter": "((i_manager_id >= 42) AND (i_manager_id <= 51) AND (i_category = ANY ('{Electronics,Shoes,Sports}'::bpchar[])))",
                                                        "Rows Removed by Filter": 1,
                                                        "Workers": []
                                                      }
                                                    ]
                                                  }
                                                ]
                                              }
                                            ]
                                          },
                                          {
                                            "Node Type": "Subquery Scan",
                                            "Parent Relationship": "Member",
                                            "Parallel Aware": false,
                                            "Async Capable": false,
                                            "Alias": "*SELECT* 1",
                                            "Startup Cost": 1001.16,
                                            "Total Cost": 408750.35,
                                            "Plan Rows": 2791,
                                            "Plan Width": 16,
                                            "Actual Startup Time": 1.22,
                                            "Actual Total Time": 2131.577,
                                            "Actual Rows": 56782,
                                            "Actual Loops": 1,
                                            "Plans": [
                                              {
                                                "Node Type": "Gather",
                                                "Parent Relationship": "Subquery",
                                                "Parallel Aware": false,
                                                "Async Capable": false,
                                                "Startup Cost": 1001.16,
                                                "Total Cost": 408722.44,
                                                "Plan Rows": 2791,
                                                "Plan Width": 12,
                                                "Actual Startup Time": 1.218,
                                                "Actual Total Time": 2125.959,
                                                "Actual Rows": 56782,
                                                "Actual Loops": 1,
                                                "Workers Planned": 2,
                                                "Workers Launched": 2,
                                                "Single Copy": false,
                                                "Plans": [
                                                  {
                                                    "Node Type": "Nested Loop",
                                                    "Parent Relationship": "Outer",
                                                    "Parallel Aware": false,
                                                    "Async Capable": false,
                                                    "Join Type": "Inner",
                                                    "Startup Cost": 1.16,
                                                    "Total Cost": 407443.34,
                                                    "Plan Rows": 1163,
                                                    "Plan Width": 12,
                                                    "Actual Startup Time": 0.805,
                                                    "Actual Total Time": 1721.705,
                                                    "Actual Rows": 18927,
                                                    "Actual Loops": 3,
                                                    "Inner Unique": true,
                                                    "Workers": [],
                                                    "Plans": [
                                                      {
                                                        "Node Type": "Nested Loop",
                                                        "Parent Relationship": "Outer",
                                                        "Parallel Aware": false,
                                                        "Async Capable": false,
                                                        "Join Type": "Inner",
                                                        "Startup Cost": 0.85,
                                                        "Total Cost": 403620.69,
                                                        "Plan Rows": 24647,
                                                        "Plan Width": 4,
                                                        "Actual Startup Time": 0.346,
                                                        "Actual Total Time": 1113.327,
                                                        "Actual Rows": 798538,
                                                        "Actual Loops": 3,
                                                        "Inner Unique": false,
                                                        "Workers": [],
                                                        "Plans": [
                                                          {
                                                            "Node Type": "Index Only Scan",
                                                            "Parent Relationship": "Outer",
                                                            "Parallel Aware": true,
                                                            "Async Capable": false,
                                                            "Scan Direction": "Forward",
                                                            "Index Name": "_dta_index_date_dim_6_661577395__k1_k7_k9",
                                                            "Relation Name": "date_dim",
                                                            "Alias": "d1",
                                                            "Startup Cost": 0.29,
                                                            "Total Cost": 1863.25,
                                                            "Plan Rows": 446,
                                                            "Plan Width": 4,
                                                            "Actual Startup Time": 0.295,
                                                            "Actual Total Time": 0.926,
                                                            "Actual Rows": 365,
                                                            "Actual Loops": 3,
                                                            "Index Cond": "((d_year >= 1999) AND (d_year <= 2001))",
                                                            "Rows Removed by Index Recheck": 0,
                                                            "Heap Fetches": 0,
                                                            "Workers": []
                                                          },
                                                          {
                                                            "Node Type": "Index Only Scan",
                                                            "Parent Relationship": "Inner",
                                                            "Parallel Aware": false,
                                                            "Async Capable": false,
                                                            "Scan Direction": "Forward",
                                                            "Index Name": "_dta_index_store_sales_6_1333579789__k1_k23_k14_k6_k8_k5_k7_3_4",
                                                            "Relation Name": "store_sales",
                                                            "Alias": "store_sales_2",
                                                            "Startup Cost": 0.56,
                                                            "Total Cost": 881.13,
                                                            "Plan Rows": 1967,
                                                            "Plan Width": 8,
                                                            "Actual Startup Time": 0.008,
                                                            "Actual Total Time": 2.913,
                                                            "Actual Rows": 2186,
                                                            "Actual Loops": 1096,
                                                            "Index Cond": "(ss_sold_date_sk = d1.d_date_sk)",
                                                            "Rows Removed by Index Recheck": 0,
                                                            "Filter": "((ss_wholesale_cost >= '76'::numeric) AND (ss_wholesale_cost <= '96'::numeric))",
                                                            "Rows Removed by Filter": 12085,
                                                            "Heap Fetches": 0,
                                                            "Workers": []
                                                          }
                                                        ]
                                                      },
                                                      {
                                                        "Node Type": "Memoize",
                                                        "Parent Relationship": "Inner",
                                                        "Parallel Aware": false,
                                                        "Async Capable": false,
                                                        "Startup Cost": 0.3,
                                                        "Total Cost": 0.34,
                                                        "Plan Rows": 1,
                                                        "Plan Width": 16,
                                                        "Actual Startup Time": 0.001,
                                                        "Actual Total Time": 0.001,
                                                        "Actual Rows": 0,
                                                        "Actual Loops": 2395613,
                                                        "Cache Key": "store_sales_2.ss_item_sk",
                                                        "Cache Mode": "logical",
                                                        "Cache Hits": 912156,
                                                        "Cache Misses": 86383,
                                                        "Cache Evictions": 26673,
                                                        "Cache Overflows": 0,
                                                        "Peak Memory Usage": 4097,
                                                        "Workers": [
                                                          {
                                                            "Worker Number": 0,
                                                            "Cache Hits": 497301,
                                                            "Cache Misses": 50431,
                                                            "Cache Evictions": 0,
                                                            "Cache Overflows": 0,
                                                            "Peak Memory Usage": 3463
                                                          },
                                                          {
                                                            "Worker Number": 1,
                                                            "Cache Hits": 762830,
                                                            "Cache Misses": 86512,
                                                            "Cache Evictions": 26802,
                                                            "Cache Overflows": 0,
                                                            "Peak Memory Usage": 4097
                                                          }
                                                        ],
                                                        "Plans": [
                                                          {
                                                            "Node Type": "Index Scan",
                                                            "Parent Relationship": "Outer",
                                                            "Parallel Aware": false,
                                                            "Async Capable": false,
                                                            "Scan Direction": "Forward",
                                                            "Index Name": "item_pkey",
                                                            "Relation Name": "item",
                                                            "Alias": "iss",
                                                            "Startup Cost": 0.29,
                                                            "Total Cost": 0.33,
                                                            "Plan Rows": 1,
                                                            "Plan Width": 16,
                                                            "Actual Startup Time": 0.004,
                                                            "Actual Total Time": 0.004,
                                                            "Actual Rows": 0,
                                                            "Actual Loops": 223326,
                                                            "Index Cond": "(i_item_sk = store_sales_2.ss_item_sk)",
                                                            "Rows Removed by Index Recheck": 0,
                                                            "Filter": "((i_manager_id >= 42) AND (i_manager_id <= 51) AND (i_category = ANY ('{Electronics,Shoes,Sports}'::bpchar[])))",
                                                            "Rows Removed by Filter": 1,
                                                            "Workers": []
                                                          }
                                                        ]
                                                      }
                                                    ]
                                                  }
                                                ]
                                              }
                                            ]
                                          }
                                        ]
                                      }
                                    ]
                                  }
                                ]
                              },
                              {
                                "Node Type": "Subquery Scan",
                                "Parent Relationship": "Member",
                                "Parallel Aware": false,
                                "Async Capable": false,
                                "Alias": "*SELECT* 3",
                                "Startup Cost": 1001.02,
                                "Total Cost": 190374.32,
                                "Plan Rows": 21407,
                                "Plan Width": 16,
                                "Actual Startup Time": 0.884,
                                "Actual Total Time": 1176.455,
                                "Actual Rows": 840289,
                                "Actual Loops": 1,
                                "Plans": [
                                  {
                                    "Node Type": "Gather",
                                    "Parent Relationship": "Subquery",
                                    "Parallel Aware": false,
                                    "Async Capable": false,
                                    "Startup Cost": 1001.02,
                                    "Total Cost": 190160.25,
                                    "Plan Rows": 21407,
                                    "Plan Width": 12,
                                    "Actual Startup Time": 0.883,
                                    "Actual Total Time": 1101.152,
                                    "Actual Rows": 840289,
                                    "Actual Loops": 1,
                                    "Workers Planned": 2,
                                    "Workers Launched": 2,
                                    "Single Copy": false,
                                    "Plans": [
                                      {
                                        "Node Type": "Nested Loop",
                                        "Parent Relationship": "Outer",
                                        "Parallel Aware": false,
                                        "Async Capable": false,
                                        "Join Type": "Inner",
                                        "Startup Cost": 1.02,
                                        "Total Cost": 187019.55,
                                        "Plan Rows": 8920,
                                        "Plan Width": 12,
                                        "Actual Startup Time": 0.276,
                                        "Actual Total Time": 943.362,
                                        "Actual Rows": 280096,
                                        "Actual Loops": 3,
                                        "Inner Unique": true,
                                        "Workers": [],
                                        "Plans": [
                                          {
                                            "Node Type": "Nested Loop",
                                            "Parent Relationship": "Outer",
                                            "Parallel Aware": false,
                                            "Async Capable": false,
                                            "Join Type": "Inner",
                                            "Startup Cost": 0.72,
                                            "Total Cost": 184077.2,
                                            "Plan Rows": 8920,
                                            "Plan Width": 4,
                                            "Actual Startup Time": 0.258,
                                            "Actual Total Time": 425.315,
                                            "Actual Rows": 280096,
                                            "Actual Loops": 3,
                                            "Inner Unique": false,
                                            "Workers": [],
                                            "Plans": [
                                              {
                                                "Node Type": "Index Only Scan",
                                                "Parent Relationship": "Outer",
                                                "Parallel Aware": true,
                                                "Async Capable": false,
                                                "Scan Direction": "Forward",
                                                "Index Name": "_dta_index_date_dim_6_661577395__k1_k7_k9",
                                                "Relation Name": "date_dim",
                                                "Alias": "d3",
                                                "Startup Cost": 0.29,
                                                "Total Cost": 1863.25,
                                                "Plan Rows": 446,
                                                "Plan Width": 4,
                                                "Actual Startup Time": 0.206,
                                                "Actual Total Time": 0.779,
                                                "Actual Rows": 365,
                                                "Actual Loops": 3,
                                                "Index Cond": "((d_year >= 1999) AND (d_year <= 2001))",
                                                "Rows Removed by Index Recheck": 0,
                                                "Heap Fetches": 0,
                                                "Workers": []
                                              },
                                              {
                                                "Node Type": "Index Scan",
                                                "Parent Relationship": "Inner",
                                                "Parallel Aware": false,
                                                "Async Capable": false,
                                                "Scan Direction": "Forward",
                                                "Index Name": "_dta_index_web_sales_6_1269579561__k1_8_24",
                                                "Relation Name": "web_sales",
                                                "Alias": "web_sales",
                                                "Startup Cost": 0.43,
                                                "Total Cost": 401.67,
                                                "Plan Rows": 688,
                                                "Plan Width": 8,
                                                "Actual Startup Time": 0.013,
                                                "Actual Total Time": 1.107,
                                                "Actual Rows": 767,
                                                "Actual Loops": 1096,
                                                "Index Cond": "(ws_sold_date_sk = d3.d_date_sk)",
                                                "Rows Removed by Index Recheck": 0,
                                                "Filter": "((ws_wholesale_cost >= '76'::numeric) AND (ws_wholesale_cost <= '96'::numeric))",
                                                "Rows Removed by Filter": 3045,
                                                "Workers": []
                                              }
                                            ]
                                          },
                                          {
                                            "Node Type": "Index Scan",
                                            "Parent Relationship": "Inner",
                                            "Parallel Aware": false,
                                            "Async Capable": false,
                                            "Scan Direction": "Forward",
                                            "Index Name": "item_pkey",
                                            "Relation Name": "item",
                                            "Alias": "iws",
                                            "Startup Cost": 0.29,
                                            "Total Cost": 0.33,
                                            "Plan Rows": 1,
                                            "Plan Width": 16,
                                            "Actual Startup Time": 0.002,
                                            "Actual Total Time": 0.002,
                                            "Actual Rows": 1,
                                            "Actual Loops": 840289,
                                            "Index Cond": "(i_item_sk = web_sales.ws_item_sk)",
                                            "Rows Removed by Index Recheck": 0,
                                            "Workers": []
                                          }
                                        ]
                                      }
                                    ]
                                  }
                                ]
                              }
                            ]
                          }
                        ]
                      }
                    ]
                  }
                ]
              }
            ]
          },
          {
            "Node Type": "Aggregate",
            "Strategy": "Plain",
            "Partial Mode": "Finalize",
            "Parent Relationship": "InitPlan",
            "Subplan Name": "CTE avg_sales",
            "Parallel Aware": false,
            "Async Capable": false,
            "Startup Cost": 937906.12,
            "Total Cost": 937906.13,
            "Plan Rows": 1,
            "Plan Width": 32,
            "Actual Startup Time": 2726.831,
            "Actual Total Time": 2726.913,
            "Actual Rows": 1,
            "Actual Loops": 1,
            "Plans": [
              {
                "Node Type": "Gather",
                "Parent Relationship": "Outer",
                "Parallel Aware": false,
                "Async Capable": false,
                "Startup Cost": 937905.9,
                "Total Cost": 937906.11,
                "Plan Rows": 2,
                "Plan Width": 32,
                "Actual Startup Time": 2432.335,
                "Actual Total Time": 2726.893,
                "Actual Rows": 3,
                "Actual Loops": 1,
                "Workers Planned": 2,
                "Workers Launched": 2,
                "Single Copy": false,
                "Plans": [
                  {
                    "Node Type": "Aggregate",
                    "Strategy": "Plain",
                    "Partial Mode": "Partial",
                    "Parent Relationship": "Outer",
                    "Parallel Aware": false,
                    "Async Capable": false,
                    "Startup Cost": 936905.9,
                    "Total Cost": 936905.91,
                    "Plan Rows": 1,
                    "Plan Width": 32,
                    "Actual Startup Time": 2453.529,
                    "Actual Total Time": 2453.54,
                    "Actual Rows": 1,
                    "Actual Loops": 3,
                    "Workers": [],
                    "Plans": [
                      {
                        "Node Type": "Append",
                        "Parent Relationship": "Outer",
                        "Parallel Aware": true,
                        "Async Capable": false,
                        "Startup Cost": 0.73,
                        "Total Cost": 936119.24,
                        "Plan Rows": 104887,
                        "Plan Width": 10,
                        "Actual Startup Time": 0.742,
                        "Actual Total Time": 2177.047,
                        "Actual Rows": 1341178,
                        "Actual Loops": 3,
                        "Workers": [],
                        "Subplans Removed": 0,
                        "Plans": [
                          {
                            "Node Type": "Nested Loop",
                            "Parent Relationship": "Member",
                            "Parallel Aware": false,
                            "Async Capable": false,
                            "Join Type": "Inner",
                            "Startup Cost": 0.85,
                            "Total Cost": 403620.69,
                            "Plan Rows": 24647,
                            "Plan Width": 10,
                            "Actual Startup Time": 0.239,
                            "Actual Total Time": 1150.348,
                            "Actual Rows": 798538,
                            "Actual Loops": 3,
                            "Inner Unique": false,
                            "Workers": [],
                            "Plans": [
                              {
                                "Node Type": "Index Only Scan",
                                "Parent Relationship": "Outer",
                                "Parallel Aware": true,
                                "Async Capable": false,
                                "Scan Direction": "Forward",
                                "Index Name": "_dta_index_date_dim_6_661577395__k1_k7_k9",
                                "Relation Name": "date_dim",
                                "Alias": "date_dim_2",
                                "Startup Cost": 0.29,
                                "Total Cost": 1863.25,
                                "Plan Rows": 446,
                                "Plan Width": 4,
                                "Actual Startup Time": 0.193,
                                "Actual Total Time": 0.808,
                                "Actual Rows": 365,
                                "Actual Loops": 3,
                                "Index Cond": "((d_year >= 1999) AND (d_year <= 2001))",
                                "Rows Removed by Index Recheck": 0,
                                "Heap Fetches": 0,
                                "Workers": []
                              },
                              {
                                "Node Type": "Index Only Scan",
                                "Parent Relationship": "Inner",
                                "Parallel Aware": false,
                                "Async Capable": false,
                                "Scan Direction": "Forward",
                                "Index Name": "_dta_index_store_sales_6_1333579789__k1_k23_k14_k6_k8_k5_k7_3_4",
                                "Relation Name": "store_sales",
                                "Alias": "store_sales_3",
                                "Startup Cost": 0.56,
                                "Total Cost": 881.13,
                                "Plan Rows": 1967,
                                "Plan Width": 14,
                                "Actual Startup Time": 0.009,
                                "Actual Total Time": 3.004,
                                "Actual Rows": 2186,
                                "Actual Loops": 1096,
                                "Index Cond": "(ss_sold_date_sk = date_dim_2.d_date_sk)",
                                "Rows Removed by Index Recheck": 0,
                                "Filter": "((ss_wholesale_cost >= '76'::numeric) AND (ss_wholesale_cost <= '96'::numeric))",
                                "Rows Removed by Filter": 12085,
                                "Heap Fetches": 0,
                                "Workers": []
                              }
                            ]
                          },
                          {
                            "Node Type": "Nested Loop",
                            "Parent Relationship": "Member",
                            "Parallel Aware": false,
                            "Async Capable": false,
                            "Join Type": "Inner",
                            "Startup Cost": 0.73,
                            "Total Cost": 346848.05,
                            "Plan Rows": 10137,
                            "Plan Width": 10,
                            "Actual Startup Time": 0.301,
                            "Actual Total Time": 855.383,
                            "Actual Rows": 393816,
                            "Actual Loops": 2,
                            "Inner Unique": false,
                            "Workers": [],
                            "Plans": [
                              {
                                "Node Type": "Index Only Scan",
                                "Parent Relationship": "Outer",
                                "Parallel Aware": true,
                                "Async Capable": false,
                                "Scan Direction": "Forward",
                                "Index Name": "_dta_index_date_dim_6_661577395__k1_k7_k9",
                                "Relation Name": "date_dim",
                                "Alias": "date_dim_3",
                                "Startup Cost": 0.29,
                                "Total Cost": 1863.25,
                                "Plan Rows": 446,
                                "Plan Width": 4,
                                "Actual Startup Time": 0.264,
                                "Actual Total Time": 1.141,
                                "Actual Rows": 548,
                                "Actual Loops": 2,
                                "Index Cond": "((d_year >= 1999) AND (d_year <= 2001))",
                                "Rows Removed by Index Recheck": 0,
                                "Heap Fetches": 0,
                                "Workers": []
                              },
                              {
                                "Node Type": "Index Scan",
                                "Parent Relationship": "Inner",
                                "Parallel Aware": false,
                                "Async Capable": false,
                                "Scan Direction": "Forward",
                                "Index Name": "_dta_index_catalog_sales_6_1301579675__k1_4",
                                "Relation Name": "catalog_sales",
                                "Alias": "catalog_sales_1",
                                "Startup Cost": 0.43,
                                "Total Cost": 765.7,
                                "Plan Rows": 781,
                                "Plan Width": 14,
                                "Actual Startup Time": 0.008,
                                "Actual Total Time": 1.501,
                                "Actual Rows": 719,
                                "Actual Loops": 1096,
                                "Index Cond": "(cs_sold_date_sk = date_dim_3.d_date_sk)",
                                "Rows Removed by Index Recheck": 0,
                                "Filter": "((cs_wholesale_cost >= '76'::numeric) AND (cs_wholesale_cost <= '96'::numeric))",
                                "Rows Removed by Filter": 5291,
                                "Workers": []
                              }
                            ]
                          },
                          {
                            "Node Type": "Nested Loop",
                            "Parent Relationship": "Member",
                            "Parallel Aware": false,
                            "Async Capable": false,
                            "Join Type": "Inner",
                            "Startup Cost": 0.72,
                            "Total Cost": 184077.2,
                            "Plan Rows": 8920,
                            "Plan Width": 10,
                            "Actual Startup Time": 1.028,
                            "Actual Total Time": 1156.45,
                            "Actual Rows": 840289,
                            "Actual Loops": 1,
                            "Inner Unique": false,
                            "Workers": [],
                            "Plans": [
                              {
                                "Node Type": "Index Only Scan",
                                "Parent Relationship": "Outer",
                                "Parallel Aware": true,
                                "Async Capable": false,
                                "Scan Direction": "Forward",
                                "Index Name": "_dta_index_date_dim_6_661577395__k1_k7_k9",
                                "Relation Name": "date_dim",
                                "Alias": "date_dim_4",
                                "Startup Cost": 0.29,
                                "Total Cost": 1863.25,
                                "Plan Rows": 446,
                                "Plan Width": 4,
                                "Actual Startup Time": 0.997,
                                "Actual Total Time": 2.481,
                                "Actual Rows": 1096,
                                "Actual Loops": 1,
                                "Index Cond": "((d_year >= 1999) AND (d_year <= 2001))",
                                "Rows Removed by Index Recheck": 0,
                                "Heap Fetches": 0,
                                "Workers": []
                              },
                              {
                                "Node Type": "Index Scan",
                                "Parent Relationship": "Inner",
                                "Parallel Aware": false,
                                "Async Capable": false,
                                "Scan Direction": "Forward",
                                "Index Name": "_dta_index_web_sales_6_1269579561__k1_8_24",
                                "Relation Name": "web_sales",
                                "Alias": "web_sales_1",
                                "Startup Cost": 0.43,
                                "Total Cost": 401.67,
                                "Plan Rows": 688,
                                "Plan Width": 14,
                                "Actual Startup Time": 0.009,
                                "Actual Total Time": 0.994,
                                "Actual Rows": 767,
                                "Actual Loops": 1096,
                                "Index Cond": "(ws_sold_date_sk = date_dim_4.d_date_sk)",
                                "Rows Removed by Index Recheck": 0,
                                "Filter": "((ws_wholesale_cost >= '76'::numeric) AND (ws_wholesale_cost <= '96'::numeric))",
                                "Rows Removed by Filter": 3045,
                                "Workers": []
                              }
                            ]
                          }
                        ]
                      }
                    ]
                  }
                ]
              }
            ]
          },
          {
            "Node Type": "Sort",
            "Parent Relationship": "Outer",
            "Parallel Aware": false,
            "Async Capable": false,
            "Startup Cost": 2031.08,
            "Total Cost": 2031.09,
            "Plan Rows": 1,
            "Plan Width": 168,
            "Actual Startup Time": 11482.857,
            "Actual Total Time": 11482.872,
            "Actual Rows": 55,
            "Actual Loops": 1,
            "Sort Key": [
              "('store'::text)",
              "item.i_brand_id",
              "item.i_class_id",
              "item.i_category_id"
            ],
            "Sort Method": "quicksort",
            "Sort Space Used": 32,
            "Sort Space Type": "Memory",
            "Plans": [
              {
                "Node Type": "Nested Loop",
                "Parent Relationship": "Outer",
                "Parallel Aware": false,
                "Async Capable": false,
                "Join Type": "Inner",
                "Startup Cost": 2030.96,
                "Total Cost": 2031.07,
                "Plan Rows": 1,
                "Plan Width": 168,
                "Actual Startup Time": 11463.449,
                "Actual Total Time": 11482.845,
                "Actual Rows": 55,
                "Actual Loops": 1,
                "Inner Unique": true,
                "Join Filter": "((item.i_brand_id = item_1.i_brand_id) AND (item.i_class_id = item_1.i_class_id) AND (item.i_category_id = item_1.i_category_id))",
                "Rows Removed by Join Filter": 15021,
                "Plans": [
                  {
                    "Node Type": "Aggregate",
                    "Strategy": "Sorted",
                    "Partial Mode": "Simple",
                    "Parent Relationship": "Outer",
                    "Parallel Aware": false,
                    "Async Capable": false,
                    "Startup Cost": 1015.48,
                    "Total Cost": 1015.52,
                    "Plan Rows": 1,
                    "Plan Width": 84,
                    "Actual Startup Time": 9434.235,
                    "Actual Total Time": 9434.583,
                    "Actual Rows": 194,
                    "Actual Loops": 1,
                    "Group Key": [
                      "item.i_brand_id",
                      "item.i_class_id",
                      "item.i_category_id"
                    ],
                    "Filter": "(sum(((store_sales.ss_quantity)::numeric * store_sales.ss_list_price)) > $16)",
                    "Rows Removed by Filter": 80,
                    "Plans": [
                      {
                        "Node Type": "Index Scan",
                        "Parent Relationship": "InitPlan",
                        "Subplan Name": "InitPlan 3 (returns $15)",
                        "Parallel Aware": false,
                        "Async Capable": false,
                        "Scan Direction": "Forward",
                        "Index Name": "_dta_index_date_dim_6_661577395__k7_k9",
                        "Relation Name": "date_dim",
                        "Alias": "date_dim_5",
                        "Startup Cost": 0.29,
                        "Total Cost": 59.72,
                        "Plan Rows": 1,
                        "Plan Width": 4,
                        "Actual Startup Time": 0.015,
                        "Actual Total Time": 0.017,
                        "Actual Rows": 1,
                        "Actual Loops": 1,
                        "Index Cond": "((d_year = 2000) AND (d_moy = 12))",
                        "Rows Removed by Index Recheck": 0,
                        "Filter": "(d_dom = 12)",
                        "Rows Removed by Filter": 30
                      },
                      {
                        "Node Type": "CTE Scan",
                        "Parent Relationship": "InitPlan",
                        "Subplan Name": "InitPlan 4 (returns $16)",
                        "Parallel Aware": false,
                        "Async Capable": false,
                        "CTE Name": "avg_sales",
                        "Alias": "avg_sales",
                        "Startup Cost": 0.0,
                        "Total Cost": 0.02,
                        "Plan Rows": 1,
                        "Plan Width": 32,
                        "Actual Startup Time": 2726.836,
                        "Actual Total Time": 2726.837,
                        "Actual Rows": 1,
                        "Actual Loops": 1
                      },
                      {
                        "Node Type": "Sort",
                        "Parent Relationship": "Outer",
                        "Parallel Aware": false,
                        "Async Capable": false,
                        "Startup Cost": 955.74,
                        "Total Cost": 955.75,
                        "Plan Rows": 1,
                        "Plan Width": 22,
                        "Actual Startup Time": 6707.375,
                        "Actual Total Time": 6707.436,
                        "Actual Rows": 751,
                        "Actual Loops": 1,
                        "Sort Key": [
                          "item.i_brand_id",
                          "item.i_class_id",
                          "item.i_category_id"
                        ],
                        "Sort Method": "quicksort",
                        "Sort Space Used": 83,
                        "Sort Space Type": "Memory",
                        "Plans": [
                          {
                            "Node Type": "Nested Loop",
                            "Parent Relationship": "Outer",
                            "Parallel Aware": false,
                            "Async Capable": false,
                            "Join Type": "Inner",
                            "Startup Cost": 1.04,
                            "Total Cost": 955.73,
                            "Plan Rows": 1,
                            "Plan Width": 22,
                            "Actual Startup Time": 4787.937,
                            "Actual Total Time": 6706.039,
                            "Actual Rows": 751,
                            "Actual Loops": 1,
                            "Inner Unique": true,
                            "Plans": [
                              {
                                "Node Type": "Nested Loop",
                                "Parent Relationship": "Outer",
                                "Parallel Aware": false,
                                "Async Capable": false,
                                "Join Type": "Inner",
                                "Startup Cost": 0.75,
                                "Total Cost": 953.21,
                                "Plan Rows": 8,
                                "Plan Width": 26,
                                "Actual Startup Time": 4786.84,
                                "Actual Total Time": 6581.553,
                                "Actual Rows": 100842,
                                "Actual Loops": 1,
                                "Inner Unique": false,
                                "Plans": [
                                  {
                                    "Node Type": "Nested Loop",
                                    "Parent Relationship": "Outer",
                                    "Parallel Aware": false,
                                    "Async Capable": false,
                                    "Join Type": "Inner",
                                    "Startup Cost": 0.32,
                                    "Total Cost": 8.35,
                                    "Plan Rows": 1,
                                    "Plan Width": 20,
                                    "Actual Startup Time": 4786.782,
                                    "Actual Total Time": 4825.326,
                                    "Actual Rows": 4735,
                                    "Actual Loops": 1,
                                    "Inner Unique": true,
                                    "Plans": [
                                      {
                                        "Node Type": "Aggregate",
                                        "Strategy": "Hashed",
                                        "Partial Mode": "Simple",
                                        "Parent Relationship": "Outer",
                                        "Parallel Aware": false,
                                        "Async Capable": false,
                                        "Startup Cost": 0.02,
                                        "Total Cost": 0.03,
                                        "Plan Rows": 1,
                                        "Plan Width": 4,
                                        "Actual Startup Time": 4786.762,
                                        "Actual Total Time": 4790.287,
                                        "Actual Rows": 4735,
                                        "Actual Loops": 1,
                                        "Group Key": [
                                          "cross_items.ss_item_sk"
                                        ],
                                        "Planned Partitions": 0,
                                        "HashAgg Batches": 1,
                                        "Peak Memory Usage": 489,
                                        "Disk Usage": 0,
                                        "Plans": [
                                          {
                                            "Node Type": "CTE Scan",
                                            "Parent Relationship": "Outer",
                                            "Parallel Aware": false,
                                            "Async Capable": false,
                                            "CTE Name": "cross_items",
                                            "Alias": "cross_items",
                                            "Startup Cost": 0.0,
                                            "Total Cost": 0.02,
                                            "Plan Rows": 1,
                                            "Plan Width": 4,
                                            "Actual Startup Time": 4758.673,
                                            "Actual Total Time": 4785.656,
                                            "Actual Rows": 4735,
                                            "Actual Loops": 1
                                          }
                                        ]
                                      },
                                      {
                                        "Node Type": "Index Scan",
                                        "Parent Relationship": "Inner",
                                        "Parallel Aware": false,
                                        "Async Capable": false,
                                        "Scan Direction": "Forward",
                                        "Index Name": "item_pkey",
                                        "Relation Name": "item",
                                        "Alias": "item",
                                        "Startup Cost": 0.29,
                                        "Total Cost": 8.32,
                                        "Plan Rows": 1,
                                        "Plan Width": 16,
                                        "Actual Startup Time": 0.007,
                                        "Actual Total Time": 0.007,
                                        "Actual Rows": 1,
                                        "Actual Loops": 4735,
                                        "Index Cond": "(i_item_sk = cross_items.ss_item_sk)",
                                        "Rows Removed by Index Recheck": 0,
                                        "Filter": "((i_manager_id >= 42) AND (i_manager_id <= 51) AND (i_category = ANY ('{Electronics,Shoes,Sports}'::bpchar[])))",
                                        "Rows Removed by Filter": 0
                                      }
                                    ]
                                  },
                                  {
                                    "Node Type": "Index Scan",
                                    "Parent Relationship": "Inner",
                                    "Parallel Aware": false,
                                    "Async Capable": false,
                                    "Scan Direction": "Forward",
                                    "Index Name": "store_sales_pkey",
                                    "Relation Name": "store_sales",
                                    "Alias": "store_sales",
                                    "Startup Cost": 0.44,
                                    "Total Cost": 943.07,
                                    "Plan Rows": 179,
                                    "Plan Width": 18,
                                    "Actual Startup Time": 0.024,
                                    "Actual Total Time": 0.368,
                                    "Actual Rows": 21,
                                    "Actual Loops": 4735,
                                    "Index Cond": "(ss_item_sk = item.i_item_sk)",
                                    "Rows Removed by Index Recheck": 0,
                                    "Filter": "((ss_wholesale_cost >= '76'::numeric) AND (ss_wholesale_cost <= '96'::numeric))",
                                    "Rows Removed by Filter": 121
                                  }
                                ]
                              },
                              {
                                "Node Type": "Index Scan",
                                "Parent Relationship": "Inner",
                                "Parallel Aware": false,
                                "Async Capable": false,
                                "Scan Direction": "Forward",
                                "Index Name": "date_dim_pkey",
                                "Relation Name": "date_dim",
                                "Alias": "date_dim",
                                "Startup Cost": 0.29,
                                "Total Cost": 0.31,
                                "Plan Rows": 1,
                                "Plan Width": 4,
                                "Actual Startup Time": 0.001,
                                "Actual Total Time": 0.001,
                                "Actual Rows": 0,
                                "Actual Loops": 100842,
                                "Index Cond": "(d_date_sk = store_sales.ss_sold_date_sk)",
                                "Rows Removed by Index Recheck": 0,
                                "Filter": "(d_week_seq = $15)",
                                "Rows Removed by Filter": 1
                              }
                            ]
                          }
                        ]
                      }
                    ]
                  },
                  {
                    "Node Type": "Aggregate",
                    "Strategy": "Sorted",
                    "Partial Mode": "Simple",
                    "Parent Relationship": "Inner",
                    "Parallel Aware": false,
                    "Async Capable": false,
                    "Startup Cost": 1015.48,
                    "Total Cost": 1015.52,
                    "Plan Rows": 1,
                    "Plan Width": 84,
                    "Actual Startup Time": 10.464,
                    "Actual Total Time": 10.555,
                    "Actual Rows": 78,
                    "Actual Loops": 194,
                    "Group Key": [
                      "item_1.i_brand_id",
                      "item_1.i_class_id",
                      "item_1.i_category_id"
                    ],
                    "Filter": "(sum(((store_sales_1.ss_quantity)::numeric * store_sales_1.ss_list_price)) > $18)",
                    "Rows Removed by Filter": 53,
                    "Plans": [
                      {
                        "Node Type": "Index Scan",
                        "Parent Relationship": "InitPlan",
                        "Subplan Name": "InitPlan 5 (returns $17)",
                        "Parallel Aware": false,
                        "Async Capable": false,
                        "Scan Direction": "Forward",
                        "Index Name": "_dta_index_date_dim_6_661577395__k7_k9",
                        "Relation Name": "date_dim",
                        "Alias": "date_dim_6",
                        "Startup Cost": 0.29,
                        "Total Cost": 59.72,
                        "Plan Rows": 1,
                        "Plan Width": 4,
                        "Actual Startup Time": 0.014,
                        "Actual Total Time": 0.017,
                        "Actual Rows": 1,
                        "Actual Loops": 1,
                        "Index Cond": "((d_year = 1999) AND (d_moy = 12))",
                        "Rows Removed by Index Recheck": 0,
                        "Filter": "(d_dom = 12)",
                        "Rows Removed by Filter": 30
                      },
                      {
                        "Node Type": "CTE Scan",
                        "Parent Relationship": "InitPlan",
                        "Subplan Name": "InitPlan 6 (returns $18)",
                        "Parallel Aware": false,
                        "Async Capable": false,
                        "CTE Name": "avg_sales",
                        "Alias": "avg_sales_1",
                        "Startup Cost": 0.0,
                        "Total Cost": 0.02,
                        "Plan Rows": 1,
                        "Plan Width": 32,
                        "Actual Startup Time": 0.001,
                        "Actual Total Time": 0.002,
                        "Actual Rows": 1,
                        "Actual Loops": 1
                      },
                      {
                        "Node Type": "Sort",
                        "Parent Relationship": "Outer",
                        "Parallel Aware": false,
                        "Async Capable": false,
                        "Startup Cost": 955.74,
                        "Total Cost": 955.75,
                        "Plan Rows": 1,
                        "Plan Width": 22,
                        "Actual Startup Time": 10.46,
                        "Actual Total Time": 10.467,
                        "Actual Rows": 244,
                        "Actual Loops": 194,
                        "Sort Key": [
                          "item_1.i_brand_id",
                          "item_1.i_class_id",
                          "item_1.i_category_id"
                        ],
                        "Sort Method": "quicksort",
                        "Sort Space Used": 46,
                        "Sort Space Type": "Memory",
                        "Plans": [
                          {
                            "Node Type": "Nested Loop",
                            "Parent Relationship": "Outer",
                            "Parallel Aware": false,
                            "Async Capable": false,
                            "Join Type": "Inner",
                            "Startup Cost": 1.04,
                            "Total Cost": 955.73,
                            "Plan Rows": 1,
                            "Plan Width": 22,
                            "Actual Startup Time": 2.125,
                            "Actual Total Time": 2028.497,
                            "Actual Rows": 274,
                            "Actual Loops": 1,
                            "Inner Unique": true,
                            "Plans": [
                              {
                                "Node Type": "Nested Loop",
                                "Parent Relationship": "Outer",
                                "Parallel Aware": false,
                                "Async Capable": false,
                                "Join Type": "Inner",
                                "Startup Cost": 0.75,
                                "Total Cost": 953.21,
                                "Plan Rows": 8,
                                "Plan Width": 26,
                                "Actual Startup Time": 1.17,
                                "Actual Total Time": 1881.102,
                                "Actual Rows": 100842,
                                "Actual Loops": 1,
                                "Inner Unique": false,
                                "Plans": [
                                  {
                                    "Node Type": "Nested Loop",
                                    "Parent Relationship": "Outer",
                                    "Parallel Aware": false,
                                    "Async Capable": false,
                                    "Join Type": "Inner",
                                    "Startup Cost": 0.32,
                                    "Total Cost": 8.35,
                                    "Plan Rows": 1,
                                    "Plan Width": 20,
                                    "Actual Startup Time": 1.115,
                                    "Actual Total Time": 29.12,
                                    "Actual Rows": 4735,
                                    "Actual Loops": 1,
                                    "Inner Unique": true,
                                    "Plans": [
                                      {
                                        "Node Type": "Aggregate",
                                        "Strategy": "Hashed",
                                        "Partial Mode": "Simple",
                                        "Parent Relationship": "Outer",
                                        "Parallel Aware": false,
                                        "Async Capable": false,
                                        "Startup Cost": 0.02,
                                        "Total Cost": 0.03,
                                        "Plan Rows": 1,
                                        "Plan Width": 4,
                                        "Actual Startup Time": 1.089,
                                        "Actual Total Time": 4.494,
                                        "Actual Rows": 4735,
                                        "Actual Loops": 1,
                                        "Group Key": [
                                          "cross_items_1.ss_item_sk"
                                        ],
                                        "Planned Partitions": 0,
                                        "HashAgg Batches": 1,
                                        "Peak Memory Usage": 489,
                                        "Disk Usage": 0,
                                        "Plans": [
                                          {
                                            "Node Type": "CTE Scan",
                                            "Parent Relationship": "Outer",
                                            "Parallel Aware": false,
                                            "Async Capable": false,
                                            "CTE Name": "cross_items",
                                            "Alias": "cross_items_1",
                                            "Startup Cost": 0.0,
                                            "Total Cost": 0.02,
                                            "Plan Rows": 1,
                                            "Plan Width": 4,
                                            "Actual Startup Time": 0.002,
                                            "Actual Total Time": 0.305,
                                            "Actual Rows": 4735,
                                            "Actual Loops": 1
                                          }
                                        ]
                                      },
                                      {
                                        "Node Type": "Index Scan",
                                        "Parent Relationship": "Inner",
                                        "Parallel Aware": false,
                                        "Async Capable": false,
                                        "Scan Direction": "Forward",
                                        "Index Name": "item_pkey",
                                        "Relation Name": "item",
                                        "Alias": "item_1",
                                        "Startup Cost": 0.29,
                                        "Total Cost": 8.32,
                                        "Plan Rows": 1,
                                        "Plan Width": 16,
                                        "Actual Startup Time": 0.004,
                                        "Actual Total Time": 0.004,
                                        "Actual Rows": 1,
                                        "Actual Loops": 4735,
                                        "Index Cond": "(i_item_sk = cross_items_1.ss_item_sk)",
                                        "Rows Removed by Index Recheck": 0,
                                        "Filter": "((i_manager_id >= 42) AND (i_manager_id <= 51) AND (i_category = ANY ('{Electronics,Shoes,Sports}'::bpchar[])))",
                                        "Rows Removed by Filter": 0
                                      }
                                    ]
                                  },
                                  {
                                    "Node Type": "Index Scan",
                                    "Parent Relationship": "Inner",
                                    "Parallel Aware": false,
                                    "Async Capable": false,
                                    "Scan Direction": "Forward",
                                    "Index Name": "store_sales_pkey",
                                    "Relation Name": "store_sales",
                                    "Alias": "store_sales_1",
                                    "Startup Cost": 0.44,
                                    "Total Cost": 943.07,
                                    "Plan Rows": 179,
                                    "Plan Width": 18,
                                    "Actual Startup Time": 0.026,
                                    "Actual Total Time": 0.388,
                                    "Actual Rows": 21,
                                    "Actual Loops": 4735,
                                    "Index Cond": "(ss_item_sk = item_1.i_item_sk)",
                                    "Rows Removed by Index Recheck": 0,
                                    "Filter": "((ss_wholesale_cost >= '76'::numeric) AND (ss_wholesale_cost <= '96'::numeric))",
                                    "Rows Removed by Filter": 121
                                  }
                                ]
                              },
                              {
                                "Node Type": "Index Scan",
                                "Parent Relationship": "Inner",
                                "Parallel Aware": false,
                                "Async Capable": false,
                                "Scan Direction": "Forward",
                                "Index Name": "date_dim_pkey",
                                "Relation Name": "date_dim",
                                "Alias": "date_dim_1",
                                "Startup Cost": 0.29,
                                "Total Cost": 0.31,
                                "Plan Rows": 1,
                                "Plan Width": 4,
                                "Actual Startup Time": 0.001,
                                "Actual Total Time": 0.001,
                                "Actual Rows": 0,
                                "Actual Loops": 100842,
                                "Index Cond": "(d_date_sk = store_sales_1.ss_sold_date_sk)",
                                "Rows Removed by Index Recheck": 0,
                                "Filter": "(d_week_seq = $17)",
                                "Rows Removed by Filter": 1
                              }
                            ]
                          }
                        ]
                      }
                    ]
                  }
                ]
              }
            ]
          }
        ]
      },
      "Planning Time": 2.481,
      "Triggers": [],
      "Execution Time": 11483.426
    }
  ],
  "plan_text": "",
  "actual_rows": 0,
  "provenance": {
    "database": "postgres://jakc9:jakc9@127.0.0.1:5434/dsb_sf10",
    "scale_factor": 10,
    "engine": "postgresql",
    "engine_version": "14.3",
    "cached_at": "2026-02-09T20:54:41.983055"
  }
}