{
  "execution_time_ms": 2145.686,
  "plan_text": "Sort  (cost=1584454.43..1584454.44 rows=1 width=152) (actual time=2101.285..2101.398 rows=13 loops=1)\n  Sort Key: inv1.w_warehouse_sk, inv1.i_item_sk, inv1.mean, inv1.cov, inv2.mean, inv2.cov\n  Sort Method: quicksort  Memory: 26kB\n  CTE inv\n    ->  Subquery Scan on foo  (cost=166298.94..1584414.04 rows=894 width=125) (actual time=1981.351..2099.347 rows=5767 loops=1)\n          ->  GroupAggregate  (cost=166298.94..1584400.63 rows=894 width=93) (actual time=1981.349..2098.256 rows=5767 loops=1)\n                Group Key: warehouse.w_warehouse_sk, item.i_item_sk, date_dim.d_moy\n                Filter: (CASE avg(inventory.inv_quantity_on_hand) WHEN '0'::numeric THEN '0'::numeric ELSE (stddev_samp(inventory.inv_quantity_on_hand) / avg(inventory.inv_quantity_on_hand)) END > '1'::numeric)\n                Rows Removed by Filter: 69661\n                ->  Incremental Sort  (cost=166298.94..1584306.76 rows=2682 width=33) (actual time=1981.323..2057.939 rows=98710 loops=1)\n                      Sort Key: warehouse.w_warehouse_sk, item.i_item_sk, date_dim.d_moy\n                      Presorted Key: warehouse.w_warehouse_sk\n                      Full-sort Groups: 10  Sort Method: quicksort  Average Memory: 30kB  Peak Memory: 30kB\n                      Pre-sorted Groups: 10  Sort Method: quicksort  Average Memory: 1168kB  Peak Memory: 1170kB\n                      ->  Nested Loop  (cost=8746.64..1584095.65 rows=2682 width=33) (actual time=1480.513..2035.880 rows=98710 loops=1)\n                            Join Filter: (inventory.inv_warehouse_sk = warehouse.w_warehouse_sk)\n                            Rows Removed by Join Filter: 888390\n                            ->  Index Scan using warehouse_pkey on warehouse  (cost=0.14..12.29 rows=10 width=21) (actual time=0.004..0.039 rows=10 loops=1)\n                            ->  Materialize  (cost=8746.50..1583687.77 rows=2682 width=16) (actual time=148.025..200.244 rows=98710 loops=10)\n                                  ->  Gather  (cost=8746.50..1583674.36 rows=2682 width=16) (actual time=1480.235..1960.258 rows=98710 loops=1)\n                                        Workers Planned: 2\n                                        Workers Launched: 2\n                                        ->  Parallel Hash Join  (cost=7746.50..1582406.16 rows=1118 width=16) (actual time=1474.597..1960.967 rows=32903 loops=3)\n                                              Hash Cond: (inventory.inv_item_sk = item.i_item_sk)\n                                              ->  Hash Join  (cost=20.84..1574549.72 rows=49820 width=16) (actual time=1467.137..1891.108 rows=1392619 loops=3)\n                                                    Hash Cond: (inventory.inv_date_sk = date_dim.d_date_sk)\n                                                    ->  Parallel Seq Scan on inventory  (cost=0.00..1551452.05 rows=8790665 width=16) (actual time=0.017..1622.334 rows=6993448 loops=3)\n                                                          Filter: ((inv_quantity_on_hand >= 0) AND (inv_quantity_on_hand <= 200))\n                                                          Rows Removed by Filter: 37376552\n                                                    ->  Hash  (cost=15.66..15.66 rows=414 width=8) (actual time=0.062..0.063 rows=365 loops=3)\n                                                          Buckets: 1024  Batches: 1  Memory Usage: 23kB\n                                                          ->  Index Only Scan using _dta_index_date_dim_6_661577395__k7_k9_k1 on date_dim  (cost=0.42..15.66 rows=414 width=8) (actual time=0.017..0.039 rows=365 loops=3)\n                                                                Index Cond: (d_year = 2002)\n                                                                Heap Fetches: 0\n                                              ->  Parallel Hash  (cost=7713.75..7713.75 rows=953 width=4) (actual time=7.353..7.354 rows=789 loops=3)\n                                                    Buckets: 4096  Batches: 1  Memory Usage: 160kB\n                                                    ->  Parallel Seq Scan on item  (cost=0.00..7713.75 rows=953 width=4) (actual time=0.032..7.198 rows=789 loops=3)\n                                                          Filter: ((i_category = ANY ('{Jewelry,Men}'::bpchar[])) AND (i_manager_id >= 81) AND (i_manager_id <= 100))\n                                                          Rows Removed by Filter: 33211\n  ->  Merge Join  (cost=40.31..40.38 rows=1 width=152) (actual time=2101.222..2101.269 rows=13 loops=1)\n        Merge Cond: ((inv1.w_warehouse_sk = inv2.w_warehouse_sk) AND (inv1.i_item_sk = inv2.i_item_sk))\n        ->  Sort  (cost=20.15..20.16 rows=4 width=76) (actual time=2100.978..2100.988 rows=415 loops=1)\n              Sort Key: inv1.w_warehouse_sk, inv1.i_item_sk\n              Sort Method: quicksort  Memory: 57kB\n              ->  CTE Scan on inv inv1  (cost=0.00..20.11 rows=4 width=76) (actual time=1981.354..2100.896 rows=415 loops=1)\n                    Filter: (d_moy = 2)\n                    Rows Removed by Filter: 5352\n        ->  Sort  (cost=20.15..20.16 rows=4 width=76) (actual time=0.234..0.243 rows=407 loops=1)\n              Sort Key: inv2.w_warehouse_sk, inv2.i_item_sk\n              Sort Method: quicksort  Memory: 56kB\n              ->  CTE Scan on inv inv2  (cost=0.00..20.11 rows=4 width=76) (actual time=0.001..0.193 rows=407 loops=1)\n                    Filter: (d_moy = 3)\n                    Rows Removed by Filter: 5360\nPlanning Time: 0.850 ms\nExecution Time: 2102.138 ms",
  "plan_json": {
    "Node Type": "Sort",
    "Parallel Aware": false,
    "Async Capable": false,
    "Startup Cost": 1584454.43,
    "Total Cost": 1584454.44,
    "Plan Rows": 1,
    "Plan Width": 152,
    "Actual Startup Time": 2145.528,
    "Actual Total Time": 2145.686,
    "Actual Rows": 13,
    "Actual Loops": 1,
    "Sort Key": [
      "inv1.w_warehouse_sk",
      "inv1.i_item_sk",
      "inv1.mean",
      "inv1.cov",
      "inv2.mean",
      "inv2.cov"
    ],
    "Sort Method": "quicksort",
    "Sort Space Used": 26,
    "Sort Space Type": "Memory",
    "Plans": [
      {
        "Node Type": "Subquery Scan",
        "Parent Relationship": "InitPlan",
        "Subplan Name": "CTE inv",
        "Parallel Aware": false,
        "Async Capable": false,
        "Alias": "foo",
        "Startup Cost": 166298.94,
        "Total Cost": 1584414.04,
        "Plan Rows": 894,
        "Plan Width": 125,
        "Actual Startup Time": 2025.545,
        "Actual Total Time": 2143.853,
        "Actual Rows": 5767,
        "Actual Loops": 1,
        "Plans": [
          {
            "Node Type": "Aggregate",
            "Strategy": "Sorted",
            "Partial Mode": "Simple",
            "Parent Relationship": "Subquery",
            "Parallel Aware": false,
            "Async Capable": false,
            "Startup Cost": 166298.94,
            "Total Cost": 1584400.63,
            "Plan Rows": 894,
            "Plan Width": 93,
            "Actual Startup Time": 2025.543,
            "Actual Total Time": 2142.756,
            "Actual Rows": 5767,
            "Actual Loops": 1,
            "Group Key": [
              "warehouse.w_warehouse_sk",
              "item.i_item_sk",
              "date_dim.d_moy"
            ],
            "Filter": "(CASE avg(inventory.inv_quantity_on_hand) WHEN '0'::numeric THEN '0'::numeric ELSE (stddev_samp(inventory.inv_quantity_on_hand) / avg(inventory.inv_quantity_on_hand)) END > '1'::numeric)",
            "Rows Removed by Filter": 69661,
            "Plans": [
              {
                "Node Type": "Incremental Sort",
                "Parent Relationship": "Outer",
                "Parallel Aware": false,
                "Async Capable": false,
                "Startup Cost": 166298.94,
                "Total Cost": 1584306.76,
                "Plan Rows": 2682,
                "Plan Width": 33,
                "Actual Startup Time": 2025.517,
                "Actual Total Time": 2102.435,
                "Actual Rows": 98710,
                "Actual Loops": 1,
                "Sort Key": [
                  "warehouse.w_warehouse_sk",
                  "item.i_item_sk",
                  "date_dim.d_moy"
                ],
                "Presorted Key": [
                  "warehouse.w_warehouse_sk"
                ],
                "Full-sort Groups": {
                  "Group Count": 10,
                  "Sort Methods Used": [
                    "quicksort"
                  ],
                  "Sort Space Memory": {
                    "Average Sort Space Used": 30,
                    "Peak Sort Space Used": 30
                  }
                },
                "Pre-sorted Groups": {
                  "Group Count": 10,
                  "Sort Methods Used": [
                    "quicksort"
                  ],
                  "Sort Space Memory": {
                    "Average Sort Space Used": 1168,
                    "Peak Sort Space Used": 1170
                  }
                },
                "Plans": [
                  {
                    "Node Type": "Nested Loop",
                    "Parent Relationship": "Outer",
                    "Parallel Aware": false,
                    "Async Capable": false,
                    "Join Type": "Inner",
                    "Startup Cost": 8746.64,
                    "Total Cost": 1584095.65,
                    "Plan Rows": 2682,
                    "Plan Width": 33,
                    "Actual Startup Time": 1516.022,
                    "Actual Total Time": 2080.059,
                    "Actual Rows": 98710,
                    "Actual Loops": 1,
                    "Inner Unique": false,
                    "Join Filter": "(inventory.inv_warehouse_sk = warehouse.w_warehouse_sk)",
                    "Rows Removed by Join Filter": 888390,
                    "Plans": [
                      {
                        "Node Type": "Index Scan",
                        "Parent Relationship": "Outer",
                        "Parallel Aware": false,
                        "Async Capable": false,
                        "Scan Direction": "Forward",
                        "Index Name": "warehouse_pkey",
                        "Relation Name": "warehouse",
                        "Alias": "warehouse",
                        "Startup Cost": 0.14,
                        "Total Cost": 12.29,
                        "Plan Rows": 10,
                        "Plan Width": 21,
                        "Actual Startup Time": 0.005,
                        "Actual Total Time": 0.043,
                        "Actual Rows": 10,
                        "Actual Loops": 1
                      },
                      {
                        "Node Type": "Materialize",
                        "Parent Relationship": "Inner",
                        "Parallel Aware": false,
                        "Async Capable": false,
                        "Startup Cost": 8746.5,
                        "Total Cost": 1583687.77,
                        "Plan Rows": 2682,
                        "Plan Width": 16,
                        "Actual Startup Time": 151.603,
                        "Actual Total Time": 204.719,
                        "Actual Rows": 98710,
                        "Actual Loops": 10,
                        "Plans": [
                          {
                            "Node Type": "Gather",
                            "Parent Relationship": "Outer",
                            "Parallel Aware": false,
                            "Async Capable": false,
                            "Startup Cost": 8746.5,
                            "Total Cost": 1583674.36,
                            "Plan Rows": 2682,
                            "Plan Width": 16,
                            "Actual Startup Time": 1516.011,
                            "Actual Total Time": 2004.814,
                            "Actual Rows": 98710,
                            "Actual Loops": 1,
                            "Workers Planned": 2,
                            "Workers Launched": 2,
                            "Single Copy": false,
                            "Plans": [
                              {
                                "Node Type": "Hash Join",
                                "Parent Relationship": "Outer",
                                "Parallel Aware": true,
                                "Async Capable": false,
                                "Join Type": "Inner",
                                "Startup Cost": 7746.5,
                                "Total Cost": 1582406.16,
                                "Plan Rows": 1118,
                                "Plan Width": 16,
                                "Actual Startup Time": 1513.324,
                                "Actual Total Time": 2008.404,
                                "Actual Rows": 32903,
                                "Actual Loops": 3,
                                "Inner Unique": true,
                                "Hash Cond": "(inventory.inv_item_sk = item.i_item_sk)",
                                "Workers": [],
                                "Plans": [
                                  {
                                    "Node Type": "Hash Join",
                                    "Parent Relationship": "Outer",
                                    "Parallel Aware": false,
                                    "Async Capable": false,
                                    "Join Type": "Inner",
                                    "Startup Cost": 20.84,
                                    "Total Cost": 1574549.72,
                                    "Plan Rows": 49820,
                                    "Plan Width": 16,
                                    "Actual Startup Time": 1506.129,
                                    "Actual Total Time": 1938.455,
                                    "Actual Rows": 1392619,
                                    "Actual Loops": 3,
                                    "Inner Unique": true,
                                    "Hash Cond": "(inventory.inv_date_sk = date_dim.d_date_sk)",
                                    "Workers": [],
                                    "Plans": [
                                      {
                                        "Node Type": "Seq Scan",
                                        "Parent Relationship": "Outer",
                                        "Parallel Aware": true,
                                        "Async Capable": false,
                                        "Relation Name": "inventory",
                                        "Alias": "inventory",
                                        "Startup Cost": 0.0,
                                        "Total Cost": 1551452.05,
                                        "Plan Rows": 8790665,
                                        "Plan Width": 16,
                                        "Actual Startup Time": 0.014,
                                        "Actual Total Time": 1669.533,
                                        "Actual Rows": 6993448,
                                        "Actual Loops": 3,
                                        "Filter": "((inv_quantity_on_hand >= 0) AND (inv_quantity_on_hand <= 200))",
                                        "Rows Removed by Filter": 37376552,
                                        "Workers": []
                                      },
                                      {
                                        "Node Type": "Hash",
                                        "Parent Relationship": "Inner",
                                        "Parallel Aware": false,
                                        "Async Capable": false,
                                        "Startup Cost": 15.66,
                                        "Total Cost": 15.66,
                                        "Plan Rows": 414,
                                        "Plan Width": 8,
                                        "Actual Startup Time": 0.059,
                                        "Actual Total Time": 0.06,
                                        "Actual Rows": 365,
                                        "Actual Loops": 3,
                                        "Hash Buckets": 1024,
                                        "Original Hash Buckets": 1024,
                                        "Hash Batches": 1,
                                        "Original Hash Batches": 1,
                                        "Peak Memory Usage": 23,
                                        "Workers": [],
                                        "Plans": [
                                          {
                                            "Node Type": "Index Only Scan",
                                            "Parent Relationship": "Outer",
                                            "Parallel Aware": false,
                                            "Async Capable": false,
                                            "Scan Direction": "Forward",
                                            "Index Name": "_dta_index_date_dim_6_661577395__k7_k9_k1",
                                            "Relation Name": "date_dim",
                                            "Alias": "date_dim",
                                            "Startup Cost": 0.42,
                                            "Total Cost": 15.66,
                                            "Plan Rows": 414,
                                            "Plan Width": 8,
                                            "Actual Startup Time": 0.014,
                                            "Actual Total Time": 0.035,
                                            "Actual Rows": 365,
                                            "Actual Loops": 3,
                                            "Index Cond": "(d_year = 2002)",
                                            "Rows Removed by Index Recheck": 0,
                                            "Heap Fetches": 0,
                                            "Workers": []
                                          }
                                        ]
                                      }
                                    ]
                                  },
                                  {
                                    "Node Type": "Hash",
                                    "Parent Relationship": "Inner",
                                    "Parallel Aware": true,
                                    "Async Capable": false,
                                    "Startup Cost": 7713.75,
                                    "Total Cost": 7713.75,
                                    "Plan Rows": 953,
                                    "Plan Width": 4,
                                    "Actual Startup Time": 7.103,
                                    "Actual Total Time": 7.104,
                                    "Actual Rows": 789,
                                    "Actual Loops": 3,
                                    "Hash Buckets": 4096,
                                    "Original Hash Buckets": 4096,
                                    "Hash Batches": 1,
                                    "Original Hash Batches": 1,
                                    "Peak Memory Usage": 160,
                                    "Workers": [],
                                    "Plans": [
                                      {
                                        "Node Type": "Seq Scan",
                                        "Parent Relationship": "Outer",
                                        "Parallel Aware": true,
                                        "Async Capable": false,
                                        "Relation Name": "item",
                                        "Alias": "item",
                                        "Startup Cost": 0.0,
                                        "Total Cost": 7713.75,
                                        "Plan Rows": 953,
                                        "Plan Width": 4,
                                        "Actual Startup Time": 0.033,
                                        "Actual Total Time": 6.989,
                                        "Actual Rows": 789,
                                        "Actual Loops": 3,
                                        "Filter": "((i_category = ANY ('{Jewelry,Men}'::bpchar[])) AND (i_manager_id >= 81) AND (i_manager_id <= 100))",
                                        "Rows Removed by Filter": 33211,
                                        "Workers": []
                                      }
                                    ]
                                  }
                                ]
                              }
                            ]
                          }
                        ]
                      }
                    ]
                  }
                ]
              }
            ]
          }
        ]
      },
      {
        "Node Type": "Merge Join",
        "Parent Relationship": "Outer",
        "Parallel Aware": false,
        "Async Capable": false,
        "Join Type": "Inner",
        "Startup Cost": 40.31,
        "Total Cost": 40.38,
        "Plan Rows": 1,
        "Plan Width": 152,
        "Actual Startup Time": 2145.466,
        "Actual Total Time": 2145.515,
        "Actual Rows": 13,
        "Actual Loops": 1,
        "Inner Unique": false,
        "Merge Cond": "((inv1.w_warehouse_sk = inv2.w_warehouse_sk) AND (inv1.i_item_sk = inv2.i_item_sk))",
        "Plans": [
          {
            "Node Type": "Sort",
            "Parent Relationship": "Outer",
            "Parallel Aware": false,
            "Async Capable": false,
            "Startup Cost": 20.15,
            "Total Cost": 20.16,
            "Plan Rows": 4,
            "Plan Width": 76,
            "Actual Startup Time": 2145.222,
            "Actual Total Time": 2145.232,
            "Actual Rows": 415,
            "Actual Loops": 1,
            "Sort Key": [
              "inv1.w_warehouse_sk",
              "inv1.i_item_sk"
            ],
            "Sort Method": "quicksort",
            "Sort Space Used": 57,
            "Sort Space Type": "Memory",
            "Plans": [
              {
                "Node Type": "CTE Scan",
                "Parent Relationship": "Outer",
                "Parallel Aware": false,
                "Async Capable": false,
                "CTE Name": "inv",
                "Alias": "inv1",
                "Startup Cost": 0.0,
                "Total Cost": 20.11,
                "Plan Rows": 4,
                "Plan Width": 76,
                "Actual Startup Time": 2025.564,
                "Actual Total Time": 2145.147,
                "Actual Rows": 415,
                "Actual Loops": 1,
                "Filter": "(d_moy = 2)",
                "Rows Removed by Filter": 5352
              }
            ]
          },
          {
            "Node Type": "Sort",
            "Parent Relationship": "Inner",
            "Parallel Aware": false,
            "Async Capable": false,
            "Startup Cost": 20.15,
            "Total Cost": 20.16,
            "Plan Rows": 4,
            "Plan Width": 76,
            "Actual Startup Time": 0.235,
            "Actual Total Time": 0.244,
            "Actual Rows": 407,
            "Actual Loops": 1,
            "Sort Key": [
              "inv2.w_warehouse_sk",
              "inv2.i_item_sk"
            ],
            "Sort Method": "quicksort",
            "Sort Space Used": 56,
            "Sort Space Type": "Memory",
            "Plans": [
              {
                "Node Type": "CTE Scan",
                "Parent Relationship": "Outer",
                "Parallel Aware": false,
                "Async Capable": false,
                "CTE Name": "inv",
                "Alias": "inv2",
                "Startup Cost": 0.0,
                "Total Cost": 20.11,
                "Plan Rows": 4,
                "Plan Width": 76,
                "Actual Startup Time": 0.001,
                "Actual Total Time": 0.195,
                "Actual Rows": 407,
                "Actual Loops": 1,
                "Filter": "(d_moy = 3)",
                "Rows Removed by Filter": 5360
              }
            ]
          }
        ]
      }
    ]
  },
  "actual_rows": 13
}