{
  "plan_json": [
    {
      "Plan": {
        "Node Type": "Limit",
        "Parallel Aware": false,
        "Async Capable": false,
        "Startup Cost": 140128.32,
        "Total Cost": 140128.32,
        "Plan Rows": 1,
        "Plan Width": 169,
        "Actual Startup Time": 300.291,
        "Actual Total Time": 301.26,
        "Actual Rows": 0,
        "Actual Loops": 1,
        "Plans": [
          {
            "Node Type": "Sort",
            "Parent Relationship": "Outer",
            "Parallel Aware": false,
            "Async Capable": false,
            "Startup Cost": 140128.32,
            "Total Cost": 140128.32,
            "Plan Rows": 1,
            "Plan Width": 169,
            "Actual Startup Time": 300.29,
            "Actual Total Time": 301.259,
            "Actual Rows": 0,
            "Actual Loops": 1,
            "Sort Key": [
              "item.i_item_id",
              "(sum(store_returns.sr_return_quantity))"
            ],
            "Sort Method": "quicksort",
            "Sort Space Used": 25,
            "Sort Space Type": "Memory",
            "Plans": [
              {
                "Node Type": "Nested Loop",
                "Parent Relationship": "Outer",
                "Parallel Aware": false,
                "Async Capable": false,
                "Join Type": "Inner",
                "Startup Cost": 140128.14,
                "Total Cost": 140128.31,
                "Plan Rows": 1,
                "Plan Width": 169,
                "Actual Startup Time": 300.27,
                "Actual Total Time": 301.239,
                "Actual Rows": 0,
                "Actual Loops": 1,
                "Inner Unique": true,
                "Join Filter": "(item.i_item_id = item_2.i_item_id)",
                "Rows Removed by Join Filter": 0,
                "Plans": [
                  {
                    "Node Type": "Nested Loop",
                    "Parent Relationship": "Outer",
                    "Parallel Aware": false,
                    "Async Capable": false,
                    "Join Type": "Inner",
                    "Startup Cost": 90362.27,
                    "Total Cost": 90362.34,
                    "Plan Rows": 1,
                    "Plan Width": 50,
                    "Actual Startup Time": 300.269,
                    "Actual Total Time": 301.236,
                    "Actual Rows": 0,
                    "Actual Loops": 1,
                    "Inner Unique": true,
                    "Join Filter": "(item.i_item_id = item_1.i_item_id)",
                    "Rows Removed by Join Filter": 2,
                    "Plans": [
                      {
                        "Node Type": "Aggregate",
                        "Strategy": "Sorted",
                        "Partial Mode": "Simple",
                        "Parent Relationship": "Outer",
                        "Parallel Aware": false,
                        "Async Capable": false,
                        "Startup Cost": 14546.44,
                        "Total Cost": 14546.46,
                        "Plan Rows": 1,
                        "Plan Width": 25,
                        "Actual Startup Time": 182.984,
                        "Actual Total Time": 183.056,
                        "Actual Rows": 2,
                        "Actual Loops": 1,
                        "Group Key": [
                          "item.i_item_id"
                        ],
                        "Plans": [
                          {
                            "Node Type": "Sort",
                            "Parent Relationship": "Outer",
                            "Parallel Aware": false,
                            "Async Capable": false,
                            "Startup Cost": 14546.44,
                            "Total Cost": 14546.45,
                            "Plan Rows": 1,
                            "Plan Width": 21,
                            "Actual Startup Time": 182.976,
                            "Actual Total Time": 183.047,
                            "Actual Rows": 2,
                            "Actual Loops": 1,
                            "Sort Key": [
                              "item.i_item_id"
                            ],
                            "Sort Method": "quicksort",
                            "Sort Space Used": 25,
                            "Sort Space Type": "Memory",
                            "Plans": [
                              {
                                "Node Type": "Gather",
                                "Parent Relationship": "Outer",
                                "Parallel Aware": false,
                                "Async Capable": false,
                                "Startup Cost": 3292.04,
                                "Total Cost": 14546.43,
                                "Plan Rows": 1,
                                "Plan Width": 21,
                                "Actual Startup Time": 61.196,
                                "Actual Total Time": 183.031,
                                "Actual Rows": 2,
                                "Actual Loops": 1,
                                "Workers Planned": 1,
                                "Workers Launched": 1,
                                "Single Copy": false,
                                "Plans": [
                                  {
                                    "Node Type": "Nested Loop",
                                    "Parent Relationship": "Outer",
                                    "Parallel Aware": false,
                                    "Async Capable": false,
                                    "Join Type": "Inner",
                                    "Startup Cost": 2292.04,
                                    "Total Cost": 13546.33,
                                    "Plan Rows": 1,
                                    "Plan Width": 21,
                                    "Actual Startup Time": 73.01,
                                    "Actual Total Time": 153.494,
                                    "Actual Rows": 1,
                                    "Actual Loops": 2,
                                    "Inner Unique": true,
                                    "Workers": [],
                                    "Plans": [
                                      {
                                        "Node Type": "Nested Loop",
                                        "Parent Relationship": "Outer",
                                        "Parallel Aware": false,
                                        "Async Capable": false,
                                        "Join Type": "Inner",
                                        "Startup Cost": 2291.75,
                                        "Total Cost": 13531.05,
                                        "Plan Rows": 4,
                                        "Plan Width": 8,
                                        "Actual Startup Time": 18.079,
                                        "Actual Total Time": 152.919,
                                        "Actual Rows": 50,
                                        "Actual Loops": 2,
                                        "Inner Unique": false,
                                        "Workers": [],
                                        "Plans": [
                                          {
                                            "Node Type": "Hash Join",
                                            "Parent Relationship": "Outer",
                                            "Parallel Aware": false,
                                            "Async Capable": false,
                                            "Join Type": "Semi",
                                            "Startup Cost": 2291.32,
                                            "Total Cost": 4239.61,
                                            "Plan Rows": 72,
                                            "Plan Width": 4,
                                            "Actual Startup Time": 8.121,
                                            "Actual Total Time": 10.753,
                                            "Actual Rows": 60,
                                            "Actual Loops": 2,
                                            "Inner Unique": false,
                                            "Hash Cond": "(date_dim.d_date = date_dim_1.d_date)",
                                            "Workers": [],
                                            "Plans": [
                                              {
                                                "Node Type": "Seq Scan",
                                                "Parent Relationship": "Outer",
                                                "Parallel Aware": true,
                                                "Async Capable": false,
                                                "Relation Name": "date_dim",
                                                "Alias": "date_dim",
                                                "Startup Cost": 0.0,
                                                "Total Cost": 1834.7,
                                                "Plan Rows": 42970,
                                                "Plan Width": 8,
                                                "Actual Startup Time": 0.005,
                                                "Actual Total Time": 3.17,
                                                "Actual Rows": 36524,
                                                "Actual Loops": 2,
                                                "Workers": []
                                              },
                                              {
                                                "Node Type": "Hash",
                                                "Parent Relationship": "Inner",
                                                "Parallel Aware": false,
                                                "Async Capable": false,
                                                "Startup Cost": 2289.79,
                                                "Total Cost": 2289.79,
                                                "Plan Rows": 122,
                                                "Plan Width": 4,
                                                "Actual Startup Time": 5.302,
                                                "Actual Total Time": 5.304,
                                                "Actual Rows": 120,
                                                "Actual Loops": 2,
                                                "Hash Buckets": 1024,
                                                "Original Hash Buckets": 1024,
                                                "Hash Batches": 1,
                                                "Original Hash Batches": 1,
                                                "Peak Memory Usage": 13,
                                                "Workers": [],
                                                "Plans": [
                                                  {
                                                    "Node Type": "Nested Loop",
                                                    "Parent Relationship": "Outer",
                                                    "Parallel Aware": false,
                                                    "Async Capable": false,
                                                    "Join Type": "Inner",
                                                    "Startup Cost": 2269.57,
                                                    "Total Cost": 2289.79,
                                                    "Plan Rows": 122,
                                                    "Plan Width": 4,
                                                    "Actual Startup Time": 5.266,
                                                    "Actual Total Time": 5.288,
                                                    "Actual Rows": 120,
                                                    "Actual Loops": 2,
                                                    "Inner Unique": false,
                                                    "Workers": [],
                                                    "Plans": [
                                                      {
                                                        "Node Type": "Aggregate",
                                                        "Strategy": "Hashed",
                                                        "Partial Mode": "Simple",
                                                        "Parent Relationship": "Outer",
                                                        "Parallel Aware": false,
                                                        "Async Capable": false,
                                                        "Startup Cost": 2269.28,
                                                        "Total Cost": 2269.32,
                                                        "Plan Rows": 4,
                                                        "Plan Width": 4,
                                                        "Actual Startup Time": 5.246,
                                                        "Actual Total Time": 5.247,
                                                        "Actual Rows": 4,
                                                        "Actual Loops": 2,
                                                        "Group Key": [
                                                          "date_dim_2.d_month_seq"
                                                        ],
                                                        "Planned Partitions": 0,
                                                        "HashAgg Batches": 1,
                                                        "Peak Memory Usage": 24,
                                                        "Disk Usage": 0,
                                                        "Workers": [
                                                          {
                                                            "Worker Number": 0,
                                                            "HashAgg Batches": 1,
                                                            "Peak Memory Usage": 24,
                                                            "Disk Usage": 0
                                                          }
                                                        ],
                                                        "Plans": [
                                                          {
                                                            "Node Type": "Index Only Scan",
                                                            "Parent Relationship": "Outer",
                                                            "Parallel Aware": false,
                                                            "Async Capable": false,
                                                            "Scan Direction": "Forward",
                                                            "Index Name": "_dta_index_date_dim_6_661577395__k4_k3",
                                                            "Relation Name": "date_dim",
                                                            "Alias": "date_dim_2",
                                                            "Startup Cost": 0.29,
                                                            "Total Cost": 2269.27,
                                                            "Plan Rows": 4,
                                                            "Plan Width": 4,
                                                            "Actual Startup Time": 2.604,
                                                            "Actual Total Time": 5.238,
                                                            "Actual Rows": 4,
                                                            "Actual Loops": 2,
                                                            "Filter": "(d_date = ANY ('{2002-02-26,2002-05-03,2002-08-19,2002-11-18}'::date[]))",
                                                            "Rows Removed by Filter": 73045,
                                                            "Heap Fetches": 0,
                                                            "Workers": []
                                                          }
                                                        ]
                                                      },
                                                      {
                                                        "Node Type": "Index Only Scan",
                                                        "Parent Relationship": "Inner",
                                                        "Parallel Aware": false,
                                                        "Async Capable": false,
                                                        "Scan Direction": "Forward",
                                                        "Index Name": "_dta_index_date_dim_6_661577395__k4_k3",
                                                        "Relation Name": "date_dim",
                                                        "Alias": "date_dim_1",
                                                        "Startup Cost": 0.29,
                                                        "Total Cost": 4.82,
                                                        "Plan Rows": 30,
                                                        "Plan Width": 8,
                                                        "Actual Startup Time": 0.006,
                                                        "Actual Total Time": 0.007,
                                                        "Actual Rows": 30,
                                                        "Actual Loops": 8,
                                                        "Index Cond": "(d_month_seq = date_dim_2.d_month_seq)",
                                                        "Rows Removed by Index Recheck": 0,
                                                        "Heap Fetches": 0,
                                                        "Workers": []
                                                      }
                                                    ]
                                                  }
                                                ]
                                              }
                                            ]
                                          },
                                          {
                                            "Node Type": "Index Scan",
                                            "Parent Relationship": "Inner",
                                            "Parallel Aware": false,
                                            "Async Capable": false,
                                            "Scan Direction": "Forward",
                                            "Index Name": "_dta_index_store_returns_6_1013578649__k1_3_4_10",
                                            "Relation Name": "store_returns",
                                            "Alias": "store_returns",
                                            "Startup Cost": 0.43,
                                            "Total Cost": 129.03,
                                            "Plan Rows": 2,
                                            "Plan Width": 12,
                                            "Actual Startup Time": 1.568,
                                            "Actual Total Time": 2.368,
                                            "Actual Rows": 1,
                                            "Actual Loops": 120,
                                            "Index Cond": "(sr_returned_date_sk = date_dim.d_date_sk)",
                                            "Rows Removed by Index Recheck": 0,
                                            "Filter": "((sr_reason_sk = ANY ('{6,7,25,45,51}'::integer[])) AND ((sr_return_amt / (sr_return_quantity)::numeric) >= '237'::numeric) AND ((sr_return_amt / (sr_return_quantity)::numeric) <= '266'::numeric))",
                                            "Rows Removed by Filter": 2830,
                                            "Workers": []
                                          }
                                        ]
                                      },
                                      {
                                        "Node Type": "Index Scan",
                                        "Parent Relationship": "Inner",
                                        "Parallel Aware": false,
                                        "Async Capable": false,
                                        "Scan Direction": "Forward",
                                        "Index Name": "item_pkey",
                                        "Relation Name": "item",
                                        "Alias": "item",
                                        "Startup Cost": 0.29,
                                        "Total Cost": 3.82,
                                        "Plan Rows": 1,
                                        "Plan Width": 21,
                                        "Actual Startup Time": 0.01,
                                        "Actual Total Time": 0.01,
                                        "Actual Rows": 0,
                                        "Actual Loops": 101,
                                        "Index Cond": "(i_item_sk = store_returns.sr_item_sk)",
                                        "Rows Removed by Index Recheck": 0,
                                        "Filter": "((i_category = ANY ('{Home,Men}'::bpchar[])) AND (i_manager_id >= 8) AND (i_manager_id <= 17))",
                                        "Rows Removed by Filter": 1,
                                        "Workers": []
                                      }
                                    ]
                                  }
                                ]
                              }
                            ]
                          }
                        ]
                      },
                      {
                        "Node Type": "Aggregate",
                        "Strategy": "Sorted",
                        "Partial Mode": "Simple",
                        "Parent Relationship": "Inner",
                        "Parallel Aware": false,
                        "Async Capable": false,
                        "Startup Cost": 75815.83,
                        "Total Cost": 75815.85,
                        "Plan Rows": 1,
                        "Plan Width": 25,
                        "Actual Startup Time": 58.639,
                        "Actual Total Time": 59.087,
                        "Actual Rows": 1,
                        "Actual Loops": 2,
                        "Group Key": [
                          "item_1.i_item_id"
                        ],
                        "Plans": [
                          {
                            "Node Type": "Sort",
                            "Parent Relationship": "Outer",
                            "Parallel Aware": false,
                            "Async Capable": false,
                            "Startup Cost": 75815.83,
                            "Total Cost": 75815.84,
                            "Plan Rows": 1,
                            "Plan Width": 21,
                            "Actual Startup Time": 58.635,
                            "Actual Total Time": 59.083,
                            "Actual Rows": 2,
                            "Actual Loops": 2,
                            "Sort Key": [
                              "item_1.i_item_id"
                            ],
                            "Sort Method": "quicksort",
                            "Sort Space Used": 25,
                            "Sort Space Type": "Memory",
                            "Plans": [
                              {
                                "Node Type": "Gather",
                                "Parent Relationship": "Outer",
                                "Parallel Aware": false,
                                "Async Capable": false,
                                "Startup Cost": 3291.91,
                                "Total Cost": 75815.82,
                                "Plan Rows": 1,
                                "Plan Width": 21,
                                "Actual Startup Time": 117.122,
                                "Actual Total Time": 118.141,
                                "Actual Rows": 2,
                                "Actual Loops": 1,
                                "Workers Planned": 2,
                                "Workers Launched": 2,
                                "Single Copy": false,
                                "Plans": [
                                  {
                                    "Node Type": "Nested Loop",
                                    "Parent Relationship": "Outer",
                                    "Parallel Aware": false,
                                    "Async Capable": false,
                                    "Join Type": "Inner",
                                    "Startup Cost": 2291.91,
                                    "Total Cost": 74815.72,
                                    "Plan Rows": 1,
                                    "Plan Width": 21,
                                    "Actual Startup Time": 96.439,
                                    "Actual Total Time": 112.909,
                                    "Actual Rows": 1,
                                    "Actual Loops": 3,
                                    "Inner Unique": true,
                                    "Workers": [],
                                    "Plans": [
                                      {
                                        "Node Type": "Hash Join",
                                        "Parent Relationship": "Outer",
                                        "Parallel Aware": false,
                                        "Async Capable": false,
                                        "Join Type": "Semi",
                                        "Startup Cost": 2291.62,
                                        "Total Cost": 74810.63,
                                        "Plan Rows": 1,
                                        "Plan Width": 8,
                                        "Actual Startup Time": 64.073,
                                        "Actual Total Time": 112.735,
                                        "Actual Rows": 9,
                                        "Actual Loops": 3,
                                        "Inner Unique": false,
                                        "Hash Cond": "(date_dim_3.d_date = date_dim_4.d_date)",
                                        "Workers": [],
                                        "Plans": [
                                          {
                                            "Node Type": "Nested Loop",
                                            "Parent Relationship": "Outer",
                                            "Parallel Aware": false,
                                            "Async Capable": false,
                                            "Join Type": "Inner",
                                            "Startup Cost": 0.3,
                                            "Total Cost": 72518.13,
                                            "Plan Rows": 446,
                                            "Plan Width": 12,
                                            "Actual Startup Time": 1.059,
                                            "Actual Total Time": 107.142,
                                            "Actual Rows": 176,
                                            "Actual Loops": 3,
                                            "Inner Unique": true,
                                            "Workers": [],
                                            "Plans": [
                                              {
                                                "Node Type": "Seq Scan",
                                                "Parent Relationship": "Outer",
                                                "Parallel Aware": true,
                                                "Async Capable": false,
                                                "Relation Name": "catalog_returns",
                                                "Alias": "catalog_returns",
                                                "Startup Cost": 0.0,
                                                "Total Cost": 71089.14,
                                                "Plan Rows": 446,
                                                "Plan Width": 12,
                                                "Actual Startup Time": 1.016,
                                                "Actual Total Time": 106.218,
                                                "Actual Rows": 176,
                                                "Actual Loops": 3,
                                                "Filter": "((cr_reason_sk = ANY ('{6,7,25,45,51}'::integer[])) AND ((cr_return_amount / (cr_return_quantity)::numeric) >= '237'::numeric) AND ((cr_return_amount / (cr_return_quantity)::numeric) <= '266'::numeric))",
                                                "Rows Removed by Filter": 719244,
                                                "Workers": []
                                              },
                                              {
                                                "Node Type": "Memoize",
                                                "Parent Relationship": "Inner",
                                                "Parallel Aware": false,
                                                "Async Capable": false,
                                                "Startup Cost": 0.3,
                                                "Total Cost": 3.97,
                                                "Plan Rows": 1,
                                                "Plan Width": 8,
                                                "Actual Startup Time": 0.005,
                                                "Actual Total Time": 0.005,
                                                "Actual Rows": 1,
                                                "Actual Loops": 528,
                                                "Cache Key": "catalog_returns.cr_returned_date_sk",
                                                "Cache Mode": "logical",
                                                "Cache Hits": 9,
                                                "Cache Misses": 174,
                                                "Cache Evictions": 0,
                                                "Cache Overflows": 0,
                                                "Peak Memory Usage": 19,
                                                "Workers": [
                                                  {
                                                    "Worker Number": 0,
                                                    "Cache Hits": 6,
                                                    "Cache Misses": 156,
                                                    "Cache Evictions": 0,
                                                    "Cache Overflows": 0,
                                                    "Peak Memory Usage": 17
                                                  },
                                                  {
                                                    "Worker Number": 1,
                                                    "Cache Hits": 5,
                                                    "Cache Misses": 178,
                                                    "Cache Evictions": 0,
                                                    "Cache Overflows": 0,
                                                    "Peak Memory Usage": 19
                                                  }
                                                ],
                                                "Plans": [
                                                  {
                                                    "Node Type": "Index Scan",
                                                    "Parent Relationship": "Outer",
                                                    "Parallel Aware": false,
                                                    "Async Capable": false,
                                                    "Scan Direction": "Forward",
                                                    "Index Name": "date_dim_pkey",
                                                    "Relation Name": "date_dim",
                                                    "Alias": "date_dim_3",
                                                    "Startup Cost": 0.29,
                                                    "Total Cost": 3.96,
                                                    "Plan Rows": 1,
                                                    "Plan Width": 8,
                                                    "Actual Startup Time": 0.003,
                                                    "Actual Total Time": 0.003,
                                                    "Actual Rows": 1,
                                                    "Actual Loops": 508,
                                                    "Index Cond": "(d_date_sk = catalog_returns.cr_returned_date_sk)",
                                                    "Rows Removed by Index Recheck": 0,
                                                    "Workers": []
                                                  }
                                                ]
                                              }
                                            ]
                                          },
                                          {
                                            "Node Type": "Hash",
                                            "Parent Relationship": "Inner",
                                            "Parallel Aware": false,
                                            "Async Capable": false,
                                            "Startup Cost": 2289.79,
                                            "Total Cost": 2289.79,
                                            "Plan Rows": 122,
                                            "Plan Width": 4,
                                            "Actual Startup Time": 5.437,
                                            "Actual Total Time": 5.439,
                                            "Actual Rows": 120,
                                            "Actual Loops": 3,
                                            "Hash Buckets": 1024,
                                            "Original Hash Buckets": 1024,
                                            "Hash Batches": 1,
                                            "Original Hash Batches": 1,
                                            "Peak Memory Usage": 13,
                                            "Workers": [],
                                            "Plans": [
                                              {
                                                "Node Type": "Nested Loop",
                                                "Parent Relationship": "Outer",
                                                "Parallel Aware": false,
                                                "Async Capable": false,
                                                "Join Type": "Inner",
                                                "Startup Cost": 2269.57,
                                                "Total Cost": 2289.79,
                                                "Plan Rows": 122,
                                                "Plan Width": 4,
                                                "Actual Startup Time": 5.402,
                                                "Actual Total Time": 5.422,
                                                "Actual Rows": 120,
                                                "Actual Loops": 3,
                                                "Inner Unique": false,
                                                "Workers": [],
                                                "Plans": [
                                                  {
                                                    "Node Type": "Aggregate",
                                                    "Strategy": "Hashed",
                                                    "Partial Mode": "Simple",
                                                    "Parent Relationship": "Outer",
                                                    "Parallel Aware": false,
                                                    "Async Capable": false,
                                                    "Startup Cost": 2269.28,
                                                    "Total Cost": 2269.32,
                                                    "Plan Rows": 4,
                                                    "Plan Width": 4,
                                                    "Actual Startup Time": 5.384,
                                                    "Actual Total Time": 5.385,
                                                    "Actual Rows": 4,
                                                    "Actual Loops": 3,
                                                    "Group Key": [
                                                      "date_dim_5.d_month_seq"
                                                    ],
                                                    "Planned Partitions": 0,
                                                    "HashAgg Batches": 1,
                                                    "Peak Memory Usage": 24,
                                                    "Disk Usage": 0,
                                                    "Workers": [
                                                      {
                                                        "Worker Number": 0,
                                                        "HashAgg Batches": 1,
                                                        "Peak Memory Usage": 24,
                                                        "Disk Usage": 0
                                                      },
                                                      {
                                                        "Worker Number": 1,
                                                        "HashAgg Batches": 1,
                                                        "Peak Memory Usage": 24,
                                                        "Disk Usage": 0
                                                      }
                                                    ],
                                                    "Plans": [
                                                      {
                                                        "Node Type": "Index Only Scan",
                                                        "Parent Relationship": "Outer",
                                                        "Parallel Aware": false,
                                                        "Async Capable": false,
                                                        "Scan Direction": "Forward",
                                                        "Index Name": "_dta_index_date_dim_6_661577395__k4_k3",
                                                        "Relation Name": "date_dim",
                                                        "Alias": "date_dim_5",
                                                        "Startup Cost": 0.29,
                                                        "Total Cost": 2269.27,
                                                        "Plan Rows": 4,
                                                        "Plan Width": 4,
                                                        "Actual Startup Time": 2.783,
                                                        "Actual Total Time": 5.377,
                                                        "Actual Rows": 4,
                                                        "Actual Loops": 3,
                                                        "Filter": "(d_date = ANY ('{2002-02-26,2002-05-03,2002-08-19,2002-11-18}'::date[]))",
                                                        "Rows Removed by Filter": 73045,
                                                        "Heap Fetches": 0,
                                                        "Workers": []
                                                      }
                                                    ]
                                                  },
                                                  {
                                                    "Node Type": "Index Only Scan",
                                                    "Parent Relationship": "Inner",
                                                    "Parallel Aware": false,
                                                    "Async Capable": false,
                                                    "Scan Direction": "Forward",
                                                    "Index Name": "_dta_index_date_dim_6_661577395__k4_k3",
                                                    "Relation Name": "date_dim",
                                                    "Alias": "date_dim_4",
                                                    "Startup Cost": 0.29,
                                                    "Total Cost": 4.82,
                                                    "Plan Rows": 30,
                                                    "Plan Width": 8,
                                                    "Actual Startup Time": 0.005,
                                                    "Actual Total Time": 0.006,
                                                    "Actual Rows": 30,
                                                    "Actual Loops": 12,
                                                    "Index Cond": "(d_month_seq = date_dim_5.d_month_seq)",
                                                    "Rows Removed by Index Recheck": 0,
                                                    "Heap Fetches": 0,
                                                    "Workers": []
                                                  }
                                                ]
                                              }
                                            ]
                                          }
                                        ]
                                      },
                                      {
                                        "Node Type": "Index Scan",
                                        "Parent Relationship": "Inner",
                                        "Parallel Aware": false,
                                        "Async Capable": false,
                                        "Scan Direction": "Forward",
                                        "Index Name": "item_pkey",
                                        "Relation Name": "item",
                                        "Alias": "item_1",
                                        "Startup Cost": 0.29,
                                        "Total Cost": 5.08,
                                        "Plan Rows": 1,
                                        "Plan Width": 21,
                                        "Actual Startup Time": 0.017,
                                        "Actual Total Time": 0.017,
                                        "Actual Rows": 0,
                                        "Actual Loops": 28,
                                        "Index Cond": "(i_item_sk = catalog_returns.cr_item_sk)",
                                        "Rows Removed by Index Recheck": 0,
                                        "Filter": "((i_category = ANY ('{Home,Men}'::bpchar[])) AND (i_manager_id >= 8) AND (i_manager_id <= 17))",
                                        "Rows Removed by Filter": 1,
                                        "Workers": []
                                      }
                                    ]
                                  }
                                ]
                              }
                            ]
                          }
                        ]
                      }
                    ]
                  },
                  {
                    "Node Type": "Aggregate",
                    "Strategy": "Sorted",
                    "Partial Mode": "Simple",
                    "Parent Relationship": "Inner",
                    "Parallel Aware": false,
                    "Async Capable": false,
                    "Startup Cost": 49765.86,
                    "Total Cost": 49765.88,
                    "Plan Rows": 1,
                    "Plan Width": 25,
                    "Actual Startup Time": 0.0,
                    "Actual Total Time": 0.0,
                    "Actual Rows": 0,
                    "Actual Loops": 0,
                    "Group Key": [
                      "item_2.i_item_id"
                    ],
                    "Plans": [
                      {
                        "Node Type": "Sort",
                        "Parent Relationship": "Outer",
                        "Parallel Aware": false,
                        "Async Capable": false,
                        "Startup Cost": 49765.86,
                        "Total Cost": 49765.87,
                        "Plan Rows": 1,
                        "Plan Width": 21,
                        "Actual Startup Time": 0.0,
                        "Actual Total Time": 0.0,
                        "Actual Rows": 0,
                        "Actual Loops": 0,
                        "Sort Key": [
                          "item_2.i_item_id"
                        ],
                        "Plans": [
                          {
                            "Node Type": "Nested Loop",
                            "Parent Relationship": "Outer",
                            "Parallel Aware": false,
                            "Async Capable": false,
                            "Join Type": "Inner",
                            "Startup Cost": 3291.91,
                            "Total Cost": 49765.85,
                            "Plan Rows": 1,
                            "Plan Width": 21,
                            "Actual Startup Time": 0.0,
                            "Actual Total Time": 0.0,
                            "Actual Rows": 0,
                            "Actual Loops": 0,
                            "Inner Unique": true,
                            "Plans": [
                              {
                                "Node Type": "Gather",
                                "Parent Relationship": "Outer",
                                "Parallel Aware": false,
                                "Async Capable": false,
                                "Startup Cost": 3291.62,
                                "Total Cost": 49760.14,
                                "Plan Rows": 1,
                                "Plan Width": 8,
                                "Actual Startup Time": 0.0,
                                "Actual Total Time": 0.0,
                                "Actual Rows": 0,
                                "Actual Loops": 0,
                                "Workers Planned": 2,
                                "Workers Launched": 0,
                                "Single Copy": false,
                                "Plans": [
                                  {
                                    "Node Type": "Hash Join",
                                    "Parent Relationship": "Outer",
                                    "Parallel Aware": false,
                                    "Async Capable": false,
                                    "Join Type": "Semi",
                                    "Startup Cost": 2291.62,
                                    "Total Cost": 48760.04,
                                    "Plan Rows": 1,
                                    "Plan Width": 8,
                                    "Actual Startup Time": 0.0,
                                    "Actual Total Time": 0.0,
                                    "Actual Rows": 0,
                                    "Actual Loops": 0,
                                    "Inner Unique": false,
                                    "Hash Cond": "(date_dim_6.d_date = date_dim_7.d_date)",
                                    "Plans": [
                                      {
                                        "Node Type": "Nested Loop",
                                        "Parent Relationship": "Outer",
                                        "Parallel Aware": false,
                                        "Async Capable": false,
                                        "Join Type": "Inner",
                                        "Startup Cost": 0.3,
                                        "Total Cost": 46467.98,
                                        "Plan Rows": 282,
                                        "Plan Width": 12,
                                        "Actual Startup Time": 0.0,
                                        "Actual Total Time": 0.0,
                                        "Actual Rows": 0,
                                        "Actual Loops": 0,
                                        "Inner Unique": true,
                                        "Plans": [
                                          {
                                            "Node Type": "Seq Scan",
                                            "Parent Relationship": "Outer",
                                            "Parallel Aware": true,
                                            "Async Capable": false,
                                            "Relation Name": "web_returns",
                                            "Alias": "web_returns",
                                            "Startup Cost": 0.0,
                                            "Total Cost": 45271.61,
                                            "Plan Rows": 296,
                                            "Plan Width": 12,
                                            "Actual Startup Time": 0.0,
                                            "Actual Total Time": 0.0,
                                            "Actual Rows": 0,
                                            "Actual Loops": 0,
                                            "Filter": "((wr_reason_sk = ANY ('{6,7,25,45,51}'::integer[])) AND ((wr_return_amt / (wr_return_quantity)::numeric) >= '237'::numeric) AND ((wr_return_amt / (wr_return_quantity)::numeric) <= '266'::numeric))",
                                            "Rows Removed by Filter": 0
                                          },
                                          {
                                            "Node Type": "Memoize",
                                            "Parent Relationship": "Inner",
                                            "Parallel Aware": false,
                                            "Async Capable": false,
                                            "Startup Cost": 0.3,
                                            "Total Cost": 4.65,
                                            "Plan Rows": 1,
                                            "Plan Width": 8,
                                            "Actual Startup Time": 0.0,
                                            "Actual Total Time": 0.0,
                                            "Actual Rows": 0,
                                            "Actual Loops": 0,
                                            "Cache Key": "web_returns.wr_returned_date_sk",
                                            "Cache Mode": "logical",
                                            "Plans": [
                                              {
                                                "Node Type": "Index Scan",
                                                "Parent Relationship": "Outer",
                                                "Parallel Aware": false,
                                                "Async Capable": false,
                                                "Scan Direction": "Forward",
                                                "Index Name": "date_dim_pkey",
                                                "Relation Name": "date_dim",
                                                "Alias": "date_dim_6",
                                                "Startup Cost": 0.29,
                                                "Total Cost": 4.64,
                                                "Plan Rows": 1,
                                                "Plan Width": 8,
                                                "Actual Startup Time": 0.0,
                                                "Actual Total Time": 0.0,
                                                "Actual Rows": 0,
                                                "Actual Loops": 0,
                                                "Index Cond": "(d_date_sk = web_returns.wr_returned_date_sk)",
                                                "Rows Removed by Index Recheck": 0
                                              }
                                            ]
                                          }
                                        ]
                                      },
                                      {
                                        "Node Type": "Hash",
                                        "Parent Relationship": "Inner",
                                        "Parallel Aware": false,
                                        "Async Capable": false,
                                        "Startup Cost": 2289.79,
                                        "Total Cost": 2289.79,
                                        "Plan Rows": 122,
                                        "Plan Width": 4,
                                        "Actual Startup Time": 0.0,
                                        "Actual Total Time": 0.0,
                                        "Actual Rows": 0,
                                        "Actual Loops": 0,
                                        "Plans": [
                                          {
                                            "Node Type": "Nested Loop",
                                            "Parent Relationship": "Outer",
                                            "Parallel Aware": false,
                                            "Async Capable": false,
                                            "Join Type": "Inner",
                                            "Startup Cost": 2269.57,
                                            "Total Cost": 2289.79,
                                            "Plan Rows": 122,
                                            "Plan Width": 4,
                                            "Actual Startup Time": 0.0,
                                            "Actual Total Time": 0.0,
                                            "Actual Rows": 0,
                                            "Actual Loops": 0,
                                            "Inner Unique": false,
                                            "Plans": [
                                              {
                                                "Node Type": "Aggregate",
                                                "Strategy": "Hashed",
                                                "Partial Mode": "Simple",
                                                "Parent Relationship": "Outer",
                                                "Parallel Aware": false,
                                                "Async Capable": false,
                                                "Startup Cost": 2269.28,
                                                "Total Cost": 2269.32,
                                                "Plan Rows": 4,
                                                "Plan Width": 4,
                                                "Actual Startup Time": 0.0,
                                                "Actual Total Time": 0.0,
                                                "Actual Rows": 0,
                                                "Actual Loops": 0,
                                                "Group Key": [
                                                  "date_dim_8.d_month_seq"
                                                ],
                                                "Planned Partitions": 0,
                                                "Plans": [
                                                  {
                                                    "Node Type": "Index Only Scan",
                                                    "Parent Relationship": "Outer",
                                                    "Parallel Aware": false,
                                                    "Async Capable": false,
                                                    "Scan Direction": "Forward",
                                                    "Index Name": "_dta_index_date_dim_6_661577395__k4_k3",
                                                    "Relation Name": "date_dim",
                                                    "Alias": "date_dim_8",
                                                    "Startup Cost": 0.29,
                                                    "Total Cost": 2269.27,
                                                    "Plan Rows": 4,
                                                    "Plan Width": 4,
                                                    "Actual Startup Time": 0.0,
                                                    "Actual Total Time": 0.0,
                                                    "Actual Rows": 0,
                                                    "Actual Loops": 0,
                                                    "Filter": "(d_date = ANY ('{2002-02-26,2002-05-03,2002-08-19,2002-11-18}'::date[]))",
                                                    "Rows Removed by Filter": 0,
                                                    "Heap Fetches": 0
                                                  }
                                                ]
                                              },
                                              {
                                                "Node Type": "Index Only Scan",
                                                "Parent Relationship": "Inner",
                                                "Parallel Aware": false,
                                                "Async Capable": false,
                                                "Scan Direction": "Forward",
                                                "Index Name": "_dta_index_date_dim_6_661577395__k4_k3",
                                                "Relation Name": "date_dim",
                                                "Alias": "date_dim_7",
                                                "Startup Cost": 0.29,
                                                "Total Cost": 4.82,
                                                "Plan Rows": 30,
                                                "Plan Width": 8,
                                                "Actual Startup Time": 0.0,
                                                "Actual Total Time": 0.0,
                                                "Actual Rows": 0,
                                                "Actual Loops": 0,
                                                "Index Cond": "(d_month_seq = date_dim_8.d_month_seq)",
                                                "Rows Removed by Index Recheck": 0,
                                                "Heap Fetches": 0
                                              }
                                            ]
                                          }
                                        ]
                                      }
                                    ]
                                  }
                                ]
                              },
                              {
                                "Node Type": "Index Scan",
                                "Parent Relationship": "Inner",
                                "Parallel Aware": false,
                                "Async Capable": false,
                                "Scan Direction": "Forward",
                                "Index Name": "item_pkey",
                                "Relation Name": "item",
                                "Alias": "item_2",
                                "Startup Cost": 0.29,
                                "Total Cost": 5.71,
                                "Plan Rows": 1,
                                "Plan Width": 21,
                                "Actual Startup Time": 0.0,
                                "Actual Total Time": 0.0,
                                "Actual Rows": 0,
                                "Actual Loops": 0,
                                "Index Cond": "(i_item_sk = web_returns.wr_item_sk)",
                                "Rows Removed by Index Recheck": 0,
                                "Filter": "((i_category = ANY ('{Home,Men}'::bpchar[])) AND (i_manager_id >= 8) AND (i_manager_id <= 17))",
                                "Rows Removed by Filter": 0
                              }
                            ]
                          }
                        ]
                      }
                    ]
                  }
                ]
              }
            ]
          }
        ]
      },
      "Planning Time": 3.403,
      "Triggers": [],
      "Execution Time": 301.812
    }
  ],
  "plan_text": "",
  "actual_rows": 0,
  "provenance": {
    "database": "postgres://jakc9:jakc9@127.0.0.1:5434/dsb_sf10",
    "scale_factor": 10,
    "engine": "postgresql",
    "engine_version": "14.3",
    "cached_at": "2026-02-09T21:16:49.855506"
  }
}